1.39110035e+02 8.28512201e+01 6.21803612e+01
1.38499417e+02 8.55718612e+01 6.25100942e+01
1.37523809e+02 8.80939018e+01 6.27019388e+01
1.35815788e+02 9.01508411e+01 6.25880311e+01
1.34330414e+02 9.23495666e+01 6.25880311e+01
1.55923394e+02 1.10974601e+02 7.31095105e+01
1.54486889e+02 1.13785462e+02 7.32893648e+01
9.81210678e+01 7.47636488e+01 4.78819405e+01
9.77291508e+01 7.70112123e+01 4.82776200e+01
9.42193708e+01 7.67640241e+01 4.72044891e+01
9.42309654e+01 7.93600362e+01 4.78219890e+01
9.17805485e+01 7.98856718e+01 4.72584454e+01
8.94464635e+01 8.04501209e+01 4.67488581e+01
8.99132153e+01 8.35570615e+01 4.76541250e+01
8.68037692e+01 8.33413315e+01 4.67608484e+01
8.56767460e+01 8.49822589e+01 4.68867464e+01
8.48692401e+01 8.69671681e+01 4.71984939e+01
8.18772611e+01 8.66800751e+01 4.63531785e+01
8.09572834e+01 8.85501216e+01 4.66289552e+01
7.99765650e+01 9.03888267e+01 4.68927415e+01
7.76325948e+01 9.06717074e+01 4.64011397e+01
7.60742634e+01 9.18361751e+01 4.63591736e+01
7.50950072e+01 9.37182585e+01 4.66709212e+01
7.28169818e+01 9.39698049e+01 4.62212853e+01
7.15394871e+01 9.54919095e+01 4.63831542e+01
6.98998470e+01 9.65389556e+01 4.63351931e+01
1.48349411e+01 2.12068936e+01 1.17312163e+01
1.30037025e+01 1.92487287e+01 1.07480126e+01
1.11080822e+01 1.70340389e+01 9.67488162e+00
1.05108330e+01 1.67063276e+01 9.45306126e+00
1.02039735e+01 1.68199147e+01 9.42908068e+00
9.89621024e+00 1.69279534e+01 9.40510010e+00
9.66495068e+00 1.65323726e+01 8.92854127e+00
1.05478912e+01 1.73868179e+01 9.35002768e+00
1.18070980e+01 1.87666617e+01 1.00024655e+01
1.34332237e+01 2.05996005e+01 1.08627597e+01
1.36303282e+01 2.01762914e+01 1.07761529e+01
1.26345940e+01 1.80614462e+01 9.95627525e+00
1.49181909e+01 2.06035726e+01 1.11629966e+01
1.51054691e+01 2.01629918e+01 1.10763898e+01
1.61680301e+01 2.08647296e+01 1.15036500e+01
1.65969304e+01 2.07129005e+01 1.15556141e+01
1.71495117e+01 2.07027382e+01 1.16768636e+01
1.82660961e+01 2.13340559e+01 1.21041238e+01
1.85463375e+01 2.09609113e+01 1.20694811e+01
1.91152627e+01 2.09080488e+01 1.21907306e+01
2.01447045e+01 2.13263667e+01 1.25487054e+01
1.92070126e+01 1.96818010e+01 1.18962675e+01
1.88327747e+01 1.86801181e+01 1.15498403e+01
1.90523029e+01 1.82923427e+01 1.15094238e+01
1.87167961e+01 1.73936665e+01 1.12034131e+01
1.85505119e+01 1.66847393e+01 1.09897830e+01
1.81824144e+01 1.58259502e+01 1.06895461e+01
1.84376040e+01 1.55278991e+01 1.06895461e+01
1.85871497e+01 1.51436418e+01 1.06433558e+01
1.85887358e+01 1.46480458e+01 1.05336539e+01
1.74420250e+01 1.32900045e+01 9.91585875e+00
1.78522463e+01 1.31488576e+01 1.00024655e+01
2.04198816e+01 1.45333433e+01 1.10301995e+01
2.35588021e+01 1.61962217e+01 1.22831112e+01
2.19920222e+01 1.45977086e+01 1.15036500e+01
2.32663863e+01 1.49037956e+01 1.19424578e+01
2.44180592e+01 1.50866972e+01 1.23235277e+01
2.66424070e+01 1.58676973e+01 1.31434054e+01
2.76299044e+01 1.58523442e+01 1.34436423e+01
2.81122407e+01 1.61290792e+01 1.31349792e+01
2.78459840e+01 1.65845243e+01 1.31349792e+01
2.85999508e+01 1.76704788e+01 1.35457791e+01
2.98479818e+01 1.91197814e+01 1.41675304e+01
2.90296201e+01 1.92690754e+01 1.39621304e+01
2.92098245e+01 2.00811906e+01 1.41675304e+01
2.92248639e+01 2.08000706e+01 1.43118655e+01
2.94212939e+01 2.16699006e+01 1.45394709e+01
3.14926295e+01 2.39959057e+01 1.55775735e+01
2.98670647e+01 2.35354430e+01 1.50446438e+01
3.05177173e+01 2.48639188e+01 1.54998546e+01
3.07582018e+01 2.59041389e+01 1.57885248e+01
3.01354861e+01 2.62298885e+01 1.56997032e+01
3.07725580e+01 2.76775170e+01 1.61882220e+01
3.06049472e+01 2.84414193e+01 1.63214545e+01
3.09504077e+01 2.97158547e+01 1.67044977e+01
3.04394453e+01 3.01927062e+01 1.66933950e+01
3.11752207e+01 3.19458576e+01 1.72929408e+01
3.18840806e+01 3.37543595e+01 1.79035894e+01
3.00858336e+01 3.29075299e+01 1.72762868e+01
3.08333944e+01 3.48476375e+01 1.79368975e+01
2.91049267e+01 3.39933685e+01 1.73318003e+01
2.68920948e+01 3.24638980e+01 1.64491355e+01
2.61968063e+01 3.26935059e+01 1.63603139e+01
2.65710319e+01 3.42897305e+01 1.68654868e+01
2.67434024e+01 3.56974682e+01 1.72818381e+01
2.68767913e+01 3.71196429e+01 1.76981894e+01
2.80748537e+01 4.01336568e+01 1.87696001e+01
2.85326698e+01 4.22354804e+01 1.94468649e+01
2.77433458e+01 4.25439084e+01 1.93858000e+01
2.45263561e+01 3.89831464e+01 1.77759083e+01
2.28726026e+01 3.77024914e+01 1.71097463e+01
2.25030363e+01 3.84925482e+01 1.72762868e+01
2.19414229e+01 3.75318810e+01 1.62287802e+01
2.22347357e+01 3.66510513e+01 1.60316487e+01
2.27585012e+01 3.61732489e+01 1.59890257e+01
2.20007519e+01 3.37377468e+01 1.51898438e+01
4.46780669e+01 6.61347021e+01 2.80353606e+01
7.24516344e+01 1.03571298e+02 4.31718654e+01
7.47144760e+01 1.03188459e+02 4.34968661e+01
7.63153520e+01 1.01866801e+02 4.34595709e+01
7.77423597e+01 1.00325971e+02 4.33423576e+01
7.92010071e+01 9.88425294e+01 4.32571115e+01
8.11864057e+01 9.80075080e+01 4.34542430e+01
8.25362947e+01 9.63990291e+01 4.33370297e+01
8.41813709e+01 9.51410623e+01 4.33796527e+01
8.57852123e+01 9.38308533e+01 4.34116200e+01
9.00935727e+01 9.53783448e+01 4.47329340e+01
9.06148444e+01 9.28548011e+01 4.42587528e+01
9.16718422e+01 9.09287595e+01 4.40562934e+01
9.31397418e+01 8.94245742e+01 4.40562934e+01
9.51595195e+01 8.84324935e+01 4.43120316e+01
9.60864662e+01 8.64222856e+01 4.40935885e+01
9.71959523e+01 8.45992324e+01 4.39710473e+01
9.89865276e+01 8.33651060e+01 4.41521952e+01
1.00813417e+02 8.21364385e+01 4.43546546e+01
1.52353462e+02 1.20055528e+02 6.51280557e+01
1.03433507e+02 7.88114783e+01 4.43546546e+01
1.11053183e+02 8.17948877e+01 4.69173645e+01
1.58058909e+02 1.12494500e+02 6.51387114e+01
1.37452015e+02 9.44956072e+01 5.62997598e+01
1.15623916e+02 7.67480230e+01 4.71944142e+01
1.16540248e+02 7.46524201e+01 4.70718730e+01
1.11629948e+02 6.89705604e+01 4.47382619e+01
1.19119726e+02 7.09453827e+01 4.71517912e+01
1.43185979e+02 8.21513307e+01 5.57403325e+01
1.44275815e+02 8.27766121e+01 5.36385789e+01
1.41324621e+02 8.41701845e+01 5.30669965e+01
1.41084710e+02 8.71691842e+01 5.34854764e+01
1.17153971e+02 7.50455538e+01 4.52077394e+01
1.15848331e+02 7.68969841e+01 4.51822223e+01
1.37245035e+02 9.43533122e+01 5.37049232e+01
1.08574465e+02 7.72751771e+01 4.33909241e+01
1.09384128e+02 8.05655654e+01 4.41921600e+01
1.08058274e+02 8.23353336e+01 4.41921600e+01
1.06897819e+02 8.42361828e+01 4.42687112e+01
1.01260920e+02 8.25010360e+01 4.25692744e+01
9.98164623e+01 8.40640657e+01 4.25335505e+01
9.83852418e+01 8.56343885e+01 4.25131369e+01
9.68803828e+01 8.71363518e+01 4.24723096e+01
9.50993836e+01 8.83766087e+01 4.23243106e+01
9.36364024e+01 8.99014240e+01 4.23192072e+01
9.23477550e+01 9.15991933e+01 4.24008618e+01
9.08445642e+01 9.30901994e+01 4.24008618e+01
8.88762612e+01 9.40896275e+01 4.22018287e+01
8.72663192e+01 9.54508705e+01 4.21712082e+01
8.56028901e+01 9.67476511e+01 4.21252774e+01
8.36954649e+01 9.77528927e+01 4.19721750e+01
8.23453972e+01 9.94066321e+01 4.20946570e+01
8.04075094e+01 1.00348239e+02 4.19415546e+01
7.90055917e+01 1.01956163e+02 4.20640365e+01
7.73158400e+01 1.03202266e+02 4.20538297e+01
7.53360258e+01 1.04046884e+02 4.19007272e+01
7.36513581e+01 1.05286331e+02 4.19109341e+01
7.21214601e+01 1.06757781e+02 4.20181058e+01
4.39986815e+01 6.74711655e+01 2.70548967e+01
4.23596558e+01 6.73280880e+01 2.67435884e+01
4.14631544e+01 6.83465825e+01 2.68660703e+01
4.05280429e+01 6.93252069e+01 2.69783454e+01
4.09606168e+01 7.00651459e+01 2.60253418e+01
4.20355970e+01 6.92901792e+01 2.59911958e+01
4.29641228e+01 6.82888515e+01 2.58838799e+01
4.35912180e+01 6.68463278e+01 2.56253461e+01
4.44790960e+01 6.58401754e+01 2.55229081e+01
4.61041468e+01 6.59069510e+01 2.58107099e+01
4.77333100e+01 6.59246634e+01 2.60936337e+01
4.82943688e+01 6.44640000e+01 2.58448559e+01
4.96411257e+01 6.40615250e+01 2.59911958e+01
8.11511700e+01 1.01276325e+02 4.03666504e+01
8.24724102e+01 9.95599611e+01 4.02203105e+01
8.48026183e+01 9.90460027e+01 4.05471363e+01
8.58227638e+01 9.69961504e+01 4.02886025e+01
8.74906225e+01 9.56962109e+01 4.03325044e+01
8.92864985e+01 9.45239287e+01 4.04398204e+01
9.09864788e+01 9.32356222e+01 4.05129903e+01
9.31729883e+01 9.24177374e+01 4.07959141e+01
9.44024898e+01 9.06369536e+01 4.06885982e+01
9.66890102e+01 8.98538613e+01 4.10203019e+01
9.72043030e+01 8.74276928e+01 4.06495742e+01
1.01433543e+02 8.82876255e+01 4.17520013e+01
1.07967268e+02 9.09285630e+01 4.37227118e+01
1.06356085e+02 8.66522565e+01 4.25519927e+01
1.05011790e+02 8.27499797e+01 4.15227355e+01
1.06555256e+02 8.11901041e+01 4.16007834e+01
1.06983872e+02 7.87976855e+01 4.12788357e+01
1.12172916e+02 7.98362853e+01 4.26983326e+01
1.10909252e+02 7.62479697e+01 4.17861473e+01
1.63003791e+02 1.08197500e+02 5.97957091e+01
1.64757248e+02 1.05538880e+02 5.98005871e+01
1.42832569e+02 8.82490988e+01 5.16104315e+01
1.14058213e+02 6.79308444e+01 4.12446897e+01
1.43936792e+02 8.25821014e+01 5.10348280e+01
1.44441586e+02 8.28717210e+01 4.87355744e+01
1.43116342e+02 8.52372985e+01 4.87495294e+01
1.41724101e+02 8.75642321e+01 4.87541810e+01
1.41104853e+02 9.03878179e+01 4.90286295e+01
1.13195488e+02 7.51360984e+01 4.01439427e+01
1.14721043e+02 7.88685029e+01 4.10835797e+01
1.37836504e+02 9.81017063e+01 4.94798413e+01
1.11611886e+02 8.22063937e+01 4.09161197e+01
1.09823249e+02 8.36801615e+01 4.07626146e+01
1.08185842e+02 8.52511535e+01 4.06695812e+01
1.03887914e+02 8.46413457e+01 3.96229558e+01
6.79309528e+01 5.72105237e+01 2.69611143e+01
1.48113489e+02 1.28917791e+02 5.70946226e+01
6.64894953e+01 5.98021176e+01 2.71332260e+01
9.89389424e+01 9.19447410e+01 3.99206626e+01
9.22077970e+01 8.85298029e+01 3.78925352e+01
8.94344323e+01 8.87094858e+01 3.73715483e+01
9.31733188e+01 9.54765198e+01 3.94554958e+01
6.62526913e+01 7.01389882e+01 2.91101851e+01
8.47511339e+01 9.26997905e+01 3.72692116e+01
8.32420365e+01 9.40794346e+01 3.72738633e+01
8.20991908e+01 9.58885095e+01 3.74459750e+01
8.02945418e+01 9.69308578e+01 3.73436383e+01
7.84777749e+01 9.79399385e+01 3.72413016e+01
5.09827121e+01 6.57928328e+01 2.53981537e+01
4.90091781e+01 6.54181375e+01 2.49795035e+01
4.71492165e+01 6.51179696e+01 2.46027184e+01
4.60735310e+01 6.58631851e+01 2.45980667e+01
4.54135906e+01 6.72234609e+01 2.48073918e+01
4.37692684e+01 6.71193647e+01 2.45282917e+01
4.24145820e+01 6.74153899e+01 2.43933933e+01
4.15010890e+01 6.84091127e+01 2.44957300e+01
4.06334654e+01 6.95055373e+01 2.46352800e+01
4.09929304e+01 7.01204199e+01 2.36350648e+01
4.20597014e+01 6.93299122e+01 2.35996690e+01
4.29873821e+01 6.83258206e+01 2.35023306e+01
4.36296020e+01 6.69051889e+01 2.32766825e+01
4.44796256e+01 6.58409593e+01 2.31660707e+01
4.61376423e+01 6.59548336e+01 2.34403880e+01
4.69802977e+01 6.48846753e+01 2.33386251e+01
4.78103907e+01 6.38179792e+01 2.32412867e+01
4.94450361e+01 6.38084727e+01 2.35023306e+01
5.13211226e+01 6.40485488e+01 2.38607129e+01
5.30052938e+01 6.39875199e+01 2.41306058e+01
9.31753418e+01 1.08825003e+02 4.01073776e+01
9.54312498e+01 1.07855579e+02 4.03064788e+01
5.74036235e+01 6.27874063e+01 2.46571181e+01
7.82942241e+01 8.28868618e+01 3.23424276e+01
6.63534623e+01 6.79936889e+01 2.72941039e+01
6.74514026e+01 6.69046483e+01 2.72941039e+01
9.02285332e+01 8.66294882e+01 3.52802776e+01
6.62487205e+01 6.15654595e+01 2.60817983e+01
6.56561457e+01 5.90525847e+01 2.55154658e+01
6.66840618e+01 5.80417220e+01 2.55420126e+01
6.73395591e+01 5.67124599e+01 2.54446742e+01
6.73106566e+01 5.48404943e+01 2.51216877e+01
6.89535165e+01 5.43358237e+01 2.53783071e+01
7.02264470e+01 5.35092569e+01 2.55110413e+01
7.12088684e+01 5.24480366e+01 2.55508616e+01
1.15878022e+02 8.24733023e+01 3.98330602e+01
1.18111395e+02 8.11993045e+01 4.01250754e+01
1.19014796e+02 7.89987973e+01 3.99967657e+01
1.26164286e+02 8.08173091e+01 4.18506199e+01
1.28313617e+02 7.92785651e+01 4.21160883e+01
1.28527567e+02 7.65485090e+01 4.17886773e+01
1.29106087e+02 7.40731525e+01 4.15895760e+01
1.28876016e+02 7.39411521e+01 3.93470275e+01
1.43689753e+02 8.55788113e+01 4.40302679e+01
1.42277755e+02 8.79063068e+01 4.40302679e+01
1.20578787e+02 7.72393950e+01 3.79957700e+01
1.18873672e+02 7.89051229e+01 3.78656800e+01
1.16746759e+02 8.02611431e+01 3.76138928e+01
1.15302264e+02 8.20635211e+01 3.75761248e+01
1.13951244e+02 8.39294202e+01 3.75761248e+01
7.05901666e+01 5.37863941e+01 2.43321225e+01
6.89435131e+01 5.43279409e+01 2.40887282e+01
6.83482729e+01 5.56858789e+01 2.41852466e+01
6.66525695e+01 5.61338866e+01 2.39292631e+01
6.55912965e+01 5.70905804e+01 2.38831021e+01
6.46036114e+01 5.81059121e+01 2.38663163e+01
6.35635155e+01 5.90700773e+01 2.38369411e+01
6.28951883e+01 6.03864186e+01 2.39418524e+01
6.15240161e+01 6.10253086e+01 2.38075660e+01
6.06860736e+01 6.21862050e+01 2.38663163e+01
5.87127198e+01 6.21567318e+01 2.35180108e+01
5.76142316e+01 6.30177669e+01 2.34886356e+01
5.65365351e+01 6.38971064e+01 2.34718498e+01
7.34564149e+01 8.57940995e+01 3.04043884e+01
7.22955791e+01 8.72745810e+01 3.05009068e+01
7.03112193e+01 8.77481110e+01 3.02784948e+01
5.12452196e+01 6.61315969e+01 2.30564011e+01
4.93398275e+01 6.58594929e+01 2.27122920e+01
2.14772041e+01 2.96622516e+01 1.12517818e+01
4.55883486e+01 6.51696054e+01 2.20198774e+01
4.52236469e+01 6.69422967e+01 2.23346113e+01
4.37809253e+01 6.71372404e+01 2.21751462e+01
4.24151746e+01 6.74163317e+01 2.20492526e+01
4.15117190e+01 6.84266350e+01 2.21457710e+01
4.08397565e+01 6.98584084e+01 2.23681829e+01
4.11849050e+01 7.04488018e+01 2.13520893e+01
4.23174387e+01 6.97547584e+01 2.13481216e+01
4.29736714e+01 6.83040283e+01 2.11378363e+01
4.36031799e+01 6.68646711e+01 2.09315186e+01
4.46763646e+01 6.61321822e+01 2.09275509e+01
4.63239342e+01 6.62211423e+01 2.11656098e+01
4.71890337e+01 6.51729613e+01 2.10822892e+01
4.74890973e+01 6.33891124e+01 2.07847156e+01
4.93676021e+01 6.37085447e+01 2.11140304e+01
5.18773860e+01 6.47427633e+01 2.16734688e+01
5.35558370e+01 6.46521308e+01 2.19075600e+01
7.46362968e+01 8.71721535e+01 2.91921618e+01
5.63100853e+01 6.36411747e+01 2.21495865e+01
5.67724356e+01 6.20970204e+01 2.19512041e+01
5.81328338e+01 6.15428304e+01 2.20742012e+01
5.95135757e+01 6.09847235e+01 2.22051336e+01
6.08437993e+01 6.03506056e+01 2.23201954e+01
6.25442569e+01 6.00494852e+01 2.25582543e+01
6.36117206e+01 5.91148746e+01 2.25899955e+01
6.43035279e+01 5.78360104e+01 2.25066749e+01
6.56160847e+01 5.71121561e+01 2.26257043e+01
6.63316659e+01 5.58636260e+01 2.25622219e+01
6.69459950e+01 5.45433910e+01 2.24749337e+01
6.82071083e+01 5.37476490e+01 2.25899955e+01
6.95934131e+01 5.30269147e+01 2.27447337e+01
7.01365873e+01 5.16582609e+01 2.26534778e+01
7.25128318e+01 5.16092059e+01 2.31018221e+01
7.67307423e+01 5.27509043e+01 2.40738958e+01
1.21572118e+02 8.06962789e+01 3.65600841e+01
1.21838122e+02 7.80460898e+01 3.62704458e+01
1.21722036e+02 7.52059569e+01 3.58895516e+01
1.23694062e+02 7.36697680e+01 3.60998370e+01
1.46357672e+02 8.39710537e+01 4.19560855e+01
1.25365825e+02 7.19272200e+01 3.41487162e+01
1.24178460e+02 7.39582662e+01 3.41487162e+01
1.22099071e+02 7.54389075e+01 3.39244300e+01
1.20869152e+02 7.74253943e+01 3.39281681e+01
1.19803236e+02 7.95221428e+01 3.39842396e+01
1.24997922e+02 8.59336586e+01 3.57374103e+01
1.38556954e+02 9.86144688e+01 3.98194198e+01
7.33199802e+01 5.40029507e+01 2.22727602e+01
7.06239076e+01 5.38121032e+01 2.17681162e+01
6.82447935e+01 5.37773453e+01 2.13457105e+01
6.79867576e+01 5.53913389e+01 2.15251395e+01
6.66641828e+01 5.61436672e+01 2.14055201e+01
6.49797590e+01 5.65582990e+01 2.11812339e+01
6.43383794e+01 5.78673566e+01 2.12672103e+01
6.35605616e+01 5.90673321e+01 2.13195437e+01
6.22386099e+01 5.97560298e+01 2.12111387e+01
6.11621192e+01 6.06663452e+01 2.11812339e+01
6.04134145e+01 6.19068060e+01 2.12597341e+01
5.87274097e+01 6.21722834e+01 2.10429241e+01
5.70148761e+01 6.23621989e+01 2.08148997e+01
5.60034089e+01 6.32945717e+01 2.08186378e+01
5.48891197e+01 6.41082552e+01 2.07924711e+01
5.43322669e+01 6.55894300e+01 2.09644239e+01
5.32469476e+01 6.64519704e+01 2.09606858e+01
5.15396866e+01 6.65116045e+01 2.07363995e+01
4.98346648e+01 6.65200086e+01 2.05083752e+01
4.74324766e+01 6.55091812e+01 2.00112074e+01
4.55687838e+01 6.51416371e+01 1.97046829e+01
4.54069528e+01 6.72136353e+01 2.00635408e+01
4.42425472e+01 6.78451291e+01 2.00373741e+01
4.26752572e+01 6.78297172e+01 1.98467308e+01
4.17488716e+01 6.88175499e+01 1.99252310e+01
4.12602952e+01 7.05777604e+01 2.02055888e+01
4.13786926e+01 7.07802851e+01 1.90800440e+01
4.24727650e+01 7.00107935e+01 1.90589969e+01
4.29414848e+01 6.82528697e+01 1.87994150e+01
4.37977841e+01 6.71630931e+01 1.87047028e+01
4.49229919e+01 6.64972523e+01 1.87187342e+01
4.68605915e+01 6.69883064e+01 1.90309340e+01
4.74398488e+01 6.55193630e+01 1.88520330e+01
4.77308044e+01 6.37117463e+01 1.85854354e+01
5.04675855e+01 6.51280656e+01 1.91642327e+01
5.32521123e+01 6.64584160e+01 1.97395221e+01
5.40898881e+01 6.52968325e+01 1.96623492e+01
5.55627523e+01 6.48950307e+01 1.97956479e+01
5.57727279e+01 6.30338579e+01 1.95325583e+01
5.67913390e+01 6.21176967e+01 1.95325583e+01
5.81310616e+01 6.15409542e+01 1.96342863e+01
5.92193794e+01 6.06832549e+01 1.96623492e+01
6.08944018e+01 6.04007979e+01 1.98658052e+01
6.22469597e+01 5.97640465e+01 1.99745489e+01
6.29394479e+01 5.84901263e+01 1.98973759e+01
6.43475376e+01 5.78755937e+01 2.00271669e+01
6.56375775e+01 5.71308633e+01 2.01253870e+01
6.56291517e+01 5.52719781e+01 1.98728209e+01
6.62191150e+01 5.39511747e+01 1.97921401e+01
6.82818022e+01 5.38065084e+01 2.01078477e+01
6.92291260e+01 5.27493451e+01 2.01288949e+01
7.04863116e+01 5.19158461e+01 2.02341307e+01
7.32886958e+01 5.21614079e+01 2.07357550e+01
7.42393006e+01 5.10380862e+01 2.07638179e+01
7.69448398e+01 5.10739002e+01 2.12338715e+01
1.27701473e+02 8.18019881e+01 3.35569917e+01
1.44123620e+02 8.90467745e+01 3.72472629e+01
1.45902018e+02 8.68963925e+01 3.73314515e+01
1.46755344e+02 8.41992134e+01 3.72016606e+01
1.16041436e+02 6.65774571e+01 2.79367781e+01
1.45759310e+02 8.68113990e+01 3.48806696e+01
1.45075787e+02 8.96350709e+01 3.50510718e+01
1.11384653e+02 7.13498899e+01 2.76451281e+01
1.41432589e+02 9.38791211e+01 3.49003314e+01
1.22742754e+02 8.43832741e+01 3.08729398e+01
7.39263311e+01 5.26152289e+01 1.96034528e+01
7.30464921e+01 5.38015163e+01 1.96001759e+01
7.16494562e+01 5.45935231e+01 1.94756511e+01
6.89564862e+01 5.43381638e+01 1.90332607e+01
6.75773404e+01 5.50577715e+01 1.89120129e+01
6.65686369e+01 5.60631998e+01 1.88857972e+01
6.46258385e+01 5.62502470e+01 1.86236399e+01
6.33115454e+01 5.69437995e+01 1.85220540e+01
6.35914381e+01 5.90960260e+01 1.88431966e+01
6.18884911e+01 5.94198766e+01 1.86465787e+01
6.08169741e+01 6.03239978e+01 1.86203629e+01
6.03590270e+01 6.18510740e+01 1.87678264e+01
5.89955781e+01 6.24561822e+01 1.86695174e+01
5.72972871e+01 6.26710967e+01 1.84761764e+01
5.59330970e+01 6.32151058e+01 1.83778674e+01
5.40050100e+01 6.30756512e+01 1.81124332e+01
5.32087365e+01 6.42331142e+01 1.81845264e+01
5.32675524e+01 6.64776852e+01 1.85286079e+01
5.17844490e+01 6.68274686e+01 1.84040832e+01
5.12175907e+01 6.83659575e+01 1.85744854e+01
4.81721396e+01 6.65307328e+01 1.79387540e+01
4.52684320e+01 6.47122772e+01 1.73259613e+01
4.54125247e+01 6.72218832e+01 1.77421360e+01
4.49688136e+01 6.89588452e+01 1.79748006e+01
4.33356266e+01 6.88793340e+01 1.77912905e+01
4.21385016e+01 6.94598040e+01 1.77650747e+01
4.18993357e+01 7.16708707e+01 1.81091562e+01
3.92110210e+01 6.70723764e+01 1.59746176e+01
4.02975610e+01 6.64252544e+01 1.59746176e+01
4.42652908e+01 7.03569786e+01 1.69491645e+01
4.45054649e+01 6.82483085e+01 1.66537549e+01
4.61139353e+01 6.82601461e+01 1.68151643e+01
5.05456872e+01 7.22562364e+01 1.78567112e+01
4.74255678e+01 6.54996396e+01 1.65441184e+01
4.81903471e+01 6.43251504e+01 1.64558001e+01
5.12371492e+01 6.61211822e+01 1.70435737e+01
5.29326990e+01 6.60597895e+01 1.72232557e+01
5.34379991e+01 6.45098779e+01 1.70648919e+01
5.45692411e+01 6.37346501e+01 1.70892556e+01
5.44861217e+01 6.15797467e+01 1.67877551e+01
5.60995781e+01 6.13610568e+01 1.69522099e+01
5.74405124e+01 6.08098983e+01 1.70435737e+01
5.94775678e+01 6.09478256e+01 1.73146195e+01
6.11003060e+01 6.06050331e+01 1.74760288e+01
6.25193700e+01 6.00255909e+01 1.75856654e+01
6.28417024e+01 5.83992906e+01 1.74273015e+01
6.42507891e+01 5.77885759e+01 1.75399835e+01
6.55797178e+01 5.70805023e+01 1.76343927e+01
6.48386568e+01 5.46062340e+01 1.72445740e+01
6.65082779e+01 5.41867666e+01 1.74273015e+01
6.85810896e+01 5.40423488e+01 1.77013928e+01
6.87497335e+01 5.23840705e+01 1.75430289e+01
7.11509758e+01 5.24053966e+01 1.78902112e+01
7.31421092e+01 5.20570785e+01 1.81429843e+01
7.26792064e+01 4.99655516e+01 1.78597567e+01
7.61268547e+01 5.05309439e+01 1.84292575e+01
1.43744391e+02 9.20786321e+01 3.26667777e+01
1.43996966e+02 8.89685216e+01 3.24079137e+01
1.15361562e+02 6.87070938e+01 2.61281775e+01
1.47876372e+02 8.48423905e+01 3.26271867e+01
1.47817493e+02 8.48086095e+01 3.26150049e+01
1.78903655e+01 3.17784994e+01 1.50833976e+01
1.69606079e+01 3.13084113e+01 1.47773869e+01
1.63887170e+01 3.14650622e+01 1.47311966e+01
1.58235054e+01 3.16259505e+01 1.46907801e+01
1.52503803e+01 3.17621577e+01 1.46445898e+01
1.46906136e+01 3.19176333e+01 1.46099471e+01
1.41232856e+01 3.20484592e+01 1.45695306e+01
1.35492947e+01 3.21543296e+01 1.45233403e+01
1.29756128e+01 3.22500376e+01 1.44771500e+01
1.24547790e+01 3.24721371e+01 1.44829238e+01
1.18744492e+01 3.25332113e+01 1.44309597e+01
1.13007656e+01 3.25993834e+01 1.43847694e+01
1.08852717e+01 3.31339962e+01 1.45175665e+01
1.03107783e+01 3.31981822e+01 1.44771500e+01
9.73708857e+00 3.32524740e+01 1.44367335e+01
9.16437179e+00 3.32969149e+01 1.43963170e+01
8.61307394e+00 3.34102089e+01 1.43847694e+01
8.04532243e+00 3.34512047e+01 1.43501267e+01
7.47144178e+00 3.34508849e+01 1.43039364e+01
6.83077183e+00 3.31066542e+01 1.41364966e+01
6.29099111e+00 3.32134525e+01 1.41364966e+01
5.72743813e+00 3.31833774e+01 1.40903063e+01
5.18655475e+00 3.32722066e+01 1.40903063e+01
4.57707857e+00 3.28695014e+01 1.39170927e+01
4.02760762e+00 3.28267731e+01 1.38766762e+01
3.49275387e+00 3.28879814e+01 1.38766762e+01
2.91339948e+00 3.24550515e+01 1.37034626e+01
2.37879914e+00 3.24171616e+01 1.36745937e+01
1.84805588e+00 3.24029281e+01 1.36572723e+01
1.32038978e+00 3.24287161e+01 1.36572723e+01
7.92770460e-01 3.24621530e+01 1.36630461e+01
2.63090170e-01 3.23245483e+01 1.36110821e+01
-2.63222392e-01 3.23407936e+01 1.36168558e+01
-7.89597432e-01 3.23322247e+01 1.36168558e+01
-1.31510233e+00 3.22988567e+01 1.36110821e+01
-1.84158047e+00 3.22893915e+01 1.36168558e+01
-2.35739823e+00 3.21255200e+01 1.35706656e+01
-2.88144434e+00 3.20990735e+01 1.35764393e+01
-3.40353805e+00 3.20479199e+01 1.35764393e+01
-3.91483789e+00 3.19076502e+01 1.35475704e+01
-4.44264139e+00 3.19040639e+01 1.35706656e+01
-4.96135411e+00 3.18275246e+01 1.35706656e+01
-5.47875229e+00 3.17425524e+01 1.35706656e+01
-6.06121343e+00 3.20003353e+01 1.36976889e+01
-6.58456153e+00 3.19133485e+01 1.37034626e+01
-7.09960028e+00 3.17860888e+01 1.36976889e+01
-7.61983969e+00 3.16821133e+01 1.37034626e+01
-8.16290768e+00 3.16640090e+01 1.37438791e+01
-8.67722018e+00 3.15269469e+01 1.37438791e+01
-9.18923360e+00 3.13815314e+01 1.37438791e+01
-9.69881225e+00 3.12278012e+01 1.37438791e+01
-1.02108917e+01 3.10812313e+01 1.37496529e+01
-1.07526946e+01 3.10183596e+01 1.37900694e+01
-1.12561548e+01 3.08392291e+01 1.37900694e+01
-1.12972987e+01 3.09519539e+01 1.33181737e+01
-1.08133839e+01 3.11934304e+01 1.33403791e+01
-1.02991223e+01 3.13497992e+01 1.33348278e+01
-9.75358739e+00 3.14041637e+01 1.32959683e+01
-9.24571802e+00 3.15744276e+01 1.33015197e+01
-8.73055736e+00 3.17207369e+01 1.33015197e+01
-8.18048460e+00 3.17321901e+01 1.32571089e+01
-7.65908013e+00 3.18452690e+01 1.32515575e+01
-7.14327940e+00 3.19816475e+01 1.32571089e+01
-6.62176896e+00 3.20936815e+01 1.32571089e+01
-6.09850404e+00 3.21972120e+01 1.32571089e+01
-5.57362328e+00 3.22922117e+01 1.32571089e+01
-5.04726575e+00 3.23786554e+01 1.32571089e+01
-4.51957091e+00 3.24565200e+01 1.32571089e+01
-3.99067858e+00 3.25257851e+01 1.32571089e+01
-3.46072889e+00 3.25864323e+01 1.32571089e+01
-2.92986225e+00 3.26384455e+01 1.32571089e+01
-2.40180313e+00 3.27306492e+01 1.32737629e+01
-1.86594098e+00 3.27165169e+01 1.32571089e+01
-1.33781678e+00 3.28567225e+01 1.32959683e+01
-8.03230395e-01 3.28904637e+01 1.33015197e+01
-2.64180146e-01 3.24584681e+01 1.31516332e+01
2.68032815e-01 3.29318259e+01 1.33126224e+01
8.02831879e-01 3.28741453e+01 1.32959683e+01
1.34379347e+00 3.30035099e+01 1.33459305e+01
1.87988291e+00 3.29609680e+01 1.33403791e+01
2.41494373e+00 3.29097232e+01 1.33348278e+01
2.95175358e+00 3.28823132e+01 1.33403791e+01
3.50037760e+00 3.29597670e+01 1.33847900e+01
4.03441096e+00 3.28822233e+01 1.33792386e+01
4.58710953e+00 3.29415370e+01 1.34236494e+01
5.12017588e+00 3.28463803e+01 1.34180981e+01
5.65691323e+00 3.27747733e+01 1.34236494e+01
6.28077114e+00 3.31594959e+01 1.35901899e+01
6.83946557e+00 3.31487901e+01 1.36234980e+01
7.40658679e+00 3.31605184e+01 1.36679088e+01
7.94535812e+00 3.30355686e+01 1.36679088e+01
8.51462315e+00 3.30283172e+01 1.37123196e+01
9.18104389e+00 3.33574897e+01 1.38788602e+01
9.72278624e+00 3.32036310e+01 1.38788602e+01
1.02958435e+01 3.31500956e+01 1.39177196e+01
1.07219797e+01 3.26369471e+01 1.37955899e+01
1.12945610e+01 3.25814847e+01 1.38400007e+01
1.18625695e+01 3.25006635e+01 1.38788602e+01
1.24309292e+01 3.24099557e+01 1.39177196e+01
1.29568180e+01 3.22033243e+01 1.39177196e+01
1.33841953e+01 3.17625262e+01 1.38344494e+01
1.40968967e+01 3.19885778e+01 1.40009899e+01
1.46634799e+01 3.18586812e+01 1.40398493e+01
1.52366221e+01 3.17335033e+01 1.40842601e+01
1.58022556e+01 3.15834793e+01 1.41231196e+01
1.63670288e+01 3.14234226e+01 1.41619790e+01
1.69463147e+01 3.12820268e+01 1.42119412e+01
1.75093002e+01 3.11016165e+01 1.42508007e+01
1.85075121e+01 3.16580081e+01 1.45838817e+01
1.86063185e+01 3.18270212e+01 1.40816449e+01
1.76594647e+01 3.13683523e+01 1.37992673e+01
1.70918699e+01 3.15507142e+01 1.37619722e+01
1.63563859e+01 3.14029891e+01 1.36074637e+01
1.61292208e+01 3.22369743e+01 1.38152510e+01
1.53752459e+01 3.20222168e+01 1.36447588e+01
1.48039933e+01 3.21639684e+01 1.36074637e+01
1.42189876e+01 3.22656255e+01 1.35595128e+01
1.36473456e+01 3.23870177e+01 1.35222176e+01
1.29408774e+01 3.21637050e+01 1.33677091e+01
1.25389516e+01 3.26915923e+01 1.34795946e+01
1.19714374e+01 3.27989360e+01 1.34476273e+01
1.13930183e+01 3.28655053e+01 1.34050043e+01
1.08207334e+01 3.29375463e+01 1.33677091e+01
1.02442678e+01 3.29840344e+01 1.33250861e+01
9.81201641e+00 3.35083550e+01 1.34476273e+01
9.26530226e+00 3.36636256e+01 1.34476273e+01
8.68338594e+00 3.36829499e+01 1.34050043e+01
8.01894700e+00 3.33415397e+01 1.32451679e+01
7.45016481e+00 3.33556244e+01 1.32078727e+01
6.90624954e+00 3.34724715e+01 1.32078727e+01
6.33609152e+00 3.34515614e+01 1.31652497e+01
5.79076229e+00 3.35502621e+01 1.31652497e+01
5.22874523e+00 3.35428623e+01 1.31332824e+01
4.61196902e+00 3.31200611e+01 1.29681182e+01
4.07026713e+00 3.31744668e+01 1.29627903e+01
3.51935810e+00 3.31384885e+01 1.29308230e+01
2.97803183e+00 3.31750510e+01 1.29254951e+01
2.42804792e+00 3.30883009e+01 1.28828721e+01
1.89008289e+00 3.31398096e+01 1.28882000e+01
1.34974993e+00 3.31498001e+01 1.28828721e+01
8.07190716e-01 3.30526298e+01 1.28455769e+01
2.69087338e-01 3.30613897e+01 1.28455769e+01
-2.68553516e-01 3.29958017e+01 1.28242654e+01
-8.07190716e-01 3.30526298e+01 1.28455769e+01
-1.34107762e+00 3.29368087e+01 1.28136097e+01
-1.87514380e+00 3.28778748e+01 1.28029539e+01
-2.41124739e+00 3.28593511e+01 1.28082818e+01
-2.94577840e+00 3.28157502e+01 1.28082818e+01
-3.47779721e+00 3.27471486e+01 1.28029539e+01
-4.01435438e+00 3.27187533e+01 1.28136097e+01
-4.59387674e+00 3.29901346e+01 1.29254951e+01
-5.13024736e+00 3.29109897e+01 1.29254951e+01
-5.66525868e+00 3.28231249e+01 1.29254951e+01
-6.20182057e+00 3.27426744e+01 1.29308230e+01
-6.73395027e+00 3.26373899e+01 1.29308230e+01
-7.26072136e+00 3.25074546e+01 1.29254951e+01
-7.78888212e+00 3.23849656e+01 1.29254951e+01
-8.22083076e+00 3.18886933e+01 1.28029539e+01
-8.74314408e+00 3.17664682e+01 1.28082818e+01
-9.25443937e+00 3.16042112e+01 1.28029539e+01
-9.77249755e+00 3.14650498e+01 1.28082818e+01
-1.03243012e+01 3.14264420e+01 1.28509048e+01
-1.08344605e+01 3.12542304e+01 1.28509048e+01
-1.13417491e+01 3.10737377e+01 1.28509048e+01
-1.14008738e+01 3.12357255e+01 1.23978924e+01
-1.08855466e+01 3.14015987e+01 1.23927890e+01
-1.03781219e+01 3.15902684e+01 1.23978924e+01
-9.82347547e+00 3.16291863e+01 1.23570651e+01
-9.30734697e+00 3.17848924e+01 1.23570651e+01
-8.78875242e+00 3.19321770e+01 1.23570651e+01
-8.36238667e+00 3.24377902e+01 1.24744436e+01
-7.82943904e+00 3.25535950e+01 1.24693402e+01
-7.38109662e+00 3.30463946e+01 1.25867187e+01
-6.84222383e+00 3.31621585e+01 1.25867187e+01
-6.39348427e+00 3.37545679e+01 1.27398211e+01
-5.84321541e+00 3.38541626e+01 1.27398211e+01
-5.29139834e+00 3.39447875e+01 1.27398211e+01
-4.73817928e+00 3.40264184e+01 1.27398211e+01
-4.18370481e+00 3.40990338e+01 1.27398211e+01
-3.62812184e+00 3.41626144e+01 1.27398211e+01
-3.07157757e+00 3.42171434e+01 1.27398211e+01
-2.48408817e+00 3.38519912e+01 1.26122357e+01
-1.93462696e+00 3.39208240e+01 1.26224426e+01
-1.38291265e+00 3.39642752e+01 1.26275460e+01
-8.29894183e-01 3.39822853e+01 1.26275460e+01
-2.73573019e-01 3.36125224e+01 1.25101675e+01
2.73573019e-01 3.36125224e+01 1.25101675e+01
8.20646571e-01 3.36036166e+01 1.25101675e+01
1.36750269e+00 3.35858072e+01 1.25101675e+01
1.92056072e+00 3.36741933e+01 1.25458914e+01
2.46962515e+00 3.36548959e+01 1.25509948e+01
3.01562505e+00 3.35938366e+01 1.25458914e+01
3.56377041e+00 3.35566775e+01 1.25509948e+01
4.12554358e+00 3.36249942e+01 1.25918221e+01
4.62006854e+00 3.31782265e+01 1.24744436e+01
5.15696069e+00 3.30823581e+01 1.24693402e+01
5.69755892e+00 3.30102646e+01 1.24744436e+01
6.31992737e+00 3.33662223e+01 1.26173392e+01
6.89546932e+00 3.34202231e+01 1.26683733e+01
7.46007517e+00 3.33999947e+01 1.26989938e+01
8.00273736e+00 3.32741426e+01 1.26989938e+01
8.54327917e+00 3.31394742e+01 1.26989938e+01
9.11651916e+00 3.31230520e+01 1.27398211e+01
9.68685079e+00 3.30809103e+01 1.27755450e+01
1.03705665e+01 3.33906854e+01 1.29286474e+01
1.09486722e+01 3.33269831e+01 1.29643713e+01
1.13764081e+01 3.28175897e+01 1.28571996e+01
1.19485982e+01 3.27363620e+01 1.28929235e+01
1.25211478e+01 3.26451739e+01 1.29286474e+01
1.30447061e+01 3.24217644e+01 1.29235440e+01
1.36282615e+01 3.23417286e+01 1.29694747e+01
1.40001322e+01 3.17690004e+01 1.28520962e+01
1.45773515e+01 3.16715539e+01 1.28980269e+01
1.53475549e+01 3.19645443e+01 1.30817498e+01
1.59247592e+01 3.18283233e+01 1.31225771e+01
1.64863644e+01 3.16525376e+01 1.31531976e+01
1.72582550e+01 3.18578525e+01 1.33216103e+01
1.76371725e+01 3.13287550e+01 1.32348522e+01
1.79619167e+01 3.07247403e+01 1.31225771e+01
1.82927361e+01 3.12906232e+01 1.27767042e+01
1.77728838e+01 3.15698177e+01 1.27718262e+01
1.72015299e+01 3.17531410e+01 1.27376802e+01
1.68275517e+01 3.23075906e+01 1.28303622e+01
1.60552700e+01 3.20891712e+01 1.26693883e+01
1.54735665e+01 3.22269903e+01 1.26303643e+01
1.48985598e+01 3.23694287e+01 1.25962184e+01
1.43163600e+01 3.24865823e+01 1.25571944e+01
1.35994554e+01 3.22733678e+01 1.24157325e+01
1.31587585e+01 3.27052344e+01 1.24840244e+01
1.25832186e+01 3.28070051e+01 1.24498785e+01
1.20418831e+01 3.29919409e+01 1.24450005e+01
1.14707807e+01 3.30898270e+01 1.24157325e+01
1.08893683e+01 3.31464660e+01 1.23767085e+01
1.04563110e+01 3.36667617e+01 1.24840244e+01
9.87440233e+00 3.37214049e+01 1.24498785e+01
9.29349392e+00 3.37660544e+01 1.24157325e+01
8.72201285e+00 3.38327841e+01 1.23913425e+01
8.17016238e+00 3.39702699e+01 1.23913425e+01
7.60533279e+00 3.40503372e+01 1.23767085e+01
7.02335621e+00 3.40400516e+01 1.23376846e+01
6.37603038e+00 3.36624196e+01 1.21913447e+01
5.81038764e+00 3.36639665e+01 1.21620767e+01
5.25912368e+00 3.37377427e+01 1.21571987e+01
4.71155972e+00 3.38352546e+01 1.21620767e+01
4.14408945e+00 3.37761512e+01 1.21230527e+01
3.59376727e+00 3.38391298e+01 1.21230527e+01
3.07502055e+00 3.42554980e+01 1.22303686e+01
2.51703769e+00 3.43010119e+01 1.22303686e+01
1.95085488e+00 3.42053566e+01 1.21913447e+01
1.39383710e+00 3.42325791e+01 1.21913447e+01
8.36450008e-01 3.42507315e+01 1.21913447e+01
2.78437526e-01 3.42101997e+01 1.21767107e+01
-2.77899166e-01 3.41440541e+01 1.21571987e+01
-8.33623868e-01 3.41350074e+01 1.21571987e+01
-1.38912769e+00 3.41169164e+01 1.21571987e+01
-1.94426346e+00 3.40897859e+01 1.21571987e+01
-2.52550938e+00 3.44164601e+01 1.22645146e+01
-3.09128438e+00 3.44366758e+01 1.22840266e+01
-3.64616008e+00 3.43324636e+01 1.22693926e+01
-4.20249143e+00 3.42521530e+01 1.22645146e+01
-4.81191326e+00 3.45559263e+01 1.23767085e+01
-5.37374133e+00 3.44730250e+01 1.23767085e+01
-6.01571333e+00 3.48535735e+01 1.25181704e+01
-6.65608809e+00 3.51409917e+01 1.26352423e+01
-7.22385332e+00 3.50117995e+01 1.26303643e+01
-7.90453071e+00 3.53898959e+01 1.27815822e+01
-8.47565655e+00 3.52404673e+01 1.27767042e+01
-8.83347454e+00 3.42651453e+01 1.25230484e+01
-9.12673803e+00 3.31601802e+01 1.22303686e+01
-9.56303641e+00 3.26580802e+01 1.21230527e+01
-9.97562483e+00 3.21190699e+01 1.20059808e+01
-1.03525859e+01 3.15125384e+01 1.18693969e+01
-1.09020577e+01 3.14492282e+01 1.19035429e+01
-1.14125113e+01 3.12676095e+01 1.19035429e+01
-1.14728851e+01 3.14330195e+01 1.14524516e+01
-1.09162292e+01 3.14901090e+01 1.14152382e+01
-1.03970380e+01 3.16478477e+01 1.14105866e+01
-9.88052979e+00 3.18128872e+01 1.14105866e+01
-9.46871112e+00 3.23359562e+01 1.15175750e+01
-9.17021592e+00 3.33181484e+01 1.17594617e+01
-0.00000000e+00 0.00000000e+00 0.00000000e+00
-9.90551401e+00 4.11855932e+01 1.39457459e+01
-8.13003598e+00 3.63995205e+01 1.25269870e+01
-7.35868245e+00 3.56652750e+01 1.22804486e+01
-1.40471779e+01 7.41624442e+01 2.32258245e+01
-5.90022224e+00 3.41844463e+01 1.17966751e+01
-5.26630911e+00 3.37838378e+01 1.16571250e+01
-4.71571314e+00 3.38650817e+01 1.16571250e+01
-4.11736661e+00 3.35583483e+01 1.15501366e+01
-3.51974743e+00 3.31421545e+01 1.14152382e+01
-2.97982751e+00 3.31950547e+01 1.14152382e+01
-2.43911806e+00 3.32391596e+01 1.14152382e+01
-1.89776235e+00 3.32744576e+01 1.14152382e+01
-1.35590381e+00 3.33009392e+01 1.14152382e+01
-8.16117955e-01 3.34181800e+01 1.14431483e+01
-2.72198466e-01 3.34436382e+01 1.14477999e+01
2.75306220e-01 3.38254721e+01 1.15547883e+01
8.28682980e-01 3.39326893e+01 1.15873500e+01
1.38021892e+00 3.38981172e+01 1.15826983e+01
1.93557582e+00 3.39374610e+01 1.16013050e+01
2.52052331e+00 3.43485123e+01 1.17269000e+01
3.07927887e+00 3.43029354e+01 1.17269000e+01
3.63721856e+00 3.42482697e+01 1.17269000e+01
4.20834704e+00 3.42998788e+01 1.17594617e+01
4.76608740e+00 3.42268357e+01 1.17594617e+01
5.26630911e+00 3.37838378e+01 1.16571250e+01
5.81550972e+00 3.36936427e+01 1.16571250e+01
6.38788684e+00 3.37250161e+01 1.16943384e+01
6.93262666e+00 3.36003133e+01 1.16896867e+01
7.50757115e+00 3.36126421e+01 1.17269000e+01
8.16627310e+00 3.39540988e+01 1.18617984e+01
8.72200532e+00 3.38327549e+01 1.18664501e+01
9.30238344e+00 3.37983527e+01 1.18990118e+01
9.88860996e+00 3.37699244e+01 1.19362251e+01
1.04320475e+01 3.35886392e+01 1.19315734e+01
1.10240217e+01 3.35563414e+01 1.19734385e+01
1.16013829e+01 3.34665758e+01 1.20013485e+01
1.20250412e+01 3.29457981e+01 1.19036634e+01
1.26013237e+01 3.28542089e+01 1.19362251e+01
1.31282241e+01 3.26293431e+01 1.19315734e+01
1.37091662e+01 3.25337264e+01 1.19687868e+01
1.42837652e+01 3.24126184e+01 1.20013485e+01
1.46497999e+01 3.18289593e+01 1.18943601e+01
1.52234255e+01 3.17060186e+01 1.19315734e+01
1.60197734e+01 3.20182253e+01 1.21083369e+01
1.65924956e+01 3.18563014e+01 1.21408985e+01
1.71720849e+01 3.16987869e+01 1.21781119e+01
1.79545385e+01 3.18924893e+01 1.23316169e+01
1.83120736e+01 3.13237009e+01 1.22432352e+01
1.85881974e+01 3.17960242e+01 1.18482689e+01
1.80681922e+01 3.20943713e+01 1.18482689e+01
1.73132130e+01 3.19593022e+01 1.17199592e+01
1.67291356e+01 3.21186395e+01 1.16845634e+01
1.61444747e+01 3.22674619e+01 1.16491676e+01
1.55666301e+01 3.24208151e+01 1.16181963e+01
1.49741497e+01 3.25336595e+01 1.15783761e+01
1.42477369e+01 3.23308632e+01 1.14500663e+01
1.36743048e+01 3.24509957e+01 1.14190950e+01
1.32375909e+01 3.29011670e+01 1.14854621e+01
1.25272450e+01 3.26610706e+01 1.13571524e+01
1.19482536e+01 3.27354181e+01 1.13217566e+01
1.15339142e+01 3.32719485e+01 1.14190950e+01
1.09544127e+01 3.33444568e+01 1.13881237e+01
1.03904444e+01 3.34546874e+01 1.13704258e+01
9.82579533e+00 3.35554104e+01 1.13527279e+01
9.24735920e+00 3.35984331e+01 1.13217566e+01
8.69509373e+00 3.37283646e+01 1.13173322e+01
8.20339740e+00 3.41084560e+01 1.13836993e+01
7.54178623e+00 3.37658287e+01 1.12553895e+01
6.99118195e+00 3.38841128e+01 1.12553895e+01
6.41701686e+00 3.38788088e+01 1.12244182e+01
5.86472262e+00 3.39787702e+01 1.12244182e+01
5.29034143e+00 3.39380073e+01 1.11890224e+01
4.73723287e+00 3.40196219e+01 1.11890224e+01
4.16866380e+00 3.39764429e+01 1.11580511e+01
3.61507822e+00 3.40397950e+01 1.11580511e+01
3.06053481e+00 3.40941279e+01 1.11580511e+01
2.49542416e+00 3.40064728e+01 1.11226553e+01
1.92069640e+00 3.36765722e+01 1.10253169e+01
1.36754402e+00 3.35868224e+01 1.09943456e+01
8.10907296e-01 3.32048153e+01 1.08881583e+01
2.70326307e-01 3.32136155e+01 1.08881583e+01
-2.62324478e-01 3.22304715e+01 1.06271144e+01
-7.86903928e-01 3.22219318e+01 1.06271144e+01
-1.31127488e+00 3.22048547e+01 1.06271144e+01
-1.83529841e+00 3.21792447e+01 1.06271144e+01
-2.35029887e+00 3.20287733e+01 1.05961431e+01
-2.94879300e+00 3.28493326e+01 1.08262157e+01
-3.48308973e+00 3.27969833e+01 1.08262157e+01
-4.01443425e+00 3.27194043e+01 1.08217912e+01
-4.54877326e+00 3.26662317e+01 1.08262157e+01
-5.07987770e+00 3.25878639e+01 1.08262157e+01
-5.60963619e+00 3.25008617e+01 1.08262157e+01
-6.23094453e+00 3.28964351e+01 1.09589498e+01
-6.76220584e+00 3.27743359e+01 1.09545254e+01
-7.37832401e+00 3.30339812e+01 1.10562883e+01
-8.11766936e+00 3.37520120e+01 1.12863608e+01
-9.00708866e+00 3.49385963e+01 1.16491676e+01
-0.00000000e+00 0.00000000e+00 0.00000000e+00
-1.10480485e+01 3.77294448e+01 1.25075154e+01
-1.15124262e+01 3.70671940e+01 1.23747812e+01
-1.19634125e+01 3.64157807e+01 1.22464715e+01
-1.12064324e+01 3.23272598e+01 1.11536267e+01
-1.16111521e+01 3.18118388e+01 1.10607127e+01
-1.16504004e+01 3.19193698e+01 1.05887423e+01
-1.11347839e+01 3.21205748e+01 1.05929388e+01
-1.05635087e+01 3.21545725e+01 1.05551707e+01
-1.01924940e+01 3.28173355e+01 1.06852607e+01
-1.10621301e+01 3.77775340e+01 1.19399999e+01
-9.97980710e+00 3.62596363e+01 1.14993724e+01
-8.73704588e+00 3.38910974e+01 1.08447259e+01
-7.94961442e+00 3.30532656e+01 1.05929388e+01
-7.33400258e+00 3.28355468e+01 1.05048133e+01
-6.76815525e+00 3.28031709e+01 1.04670452e+01
-6.16485503e+00 3.25475138e+01 1.03747233e+01
-5.63426363e+00 3.26435471e+01 1.03747233e+01
-5.10217939e+00 3.27309312e+01 1.03747233e+01
-4.56874329e+00 3.28096430e+01 1.03747233e+01
-4.03409668e+00 3.28796617e+01 1.03747233e+01
-3.35356390e+00 3.15773603e+01 1.00306142e+01
-2.83764094e+00 3.16111069e+01 1.00264178e+01
-2.36067151e+00 3.21701267e+01 1.01565078e+01
-1.83577458e+00 3.21875936e+01 1.01523113e+01
-1.31433644e+00 3.22800465e+01 1.01690972e+01
-7.78126059e-01 3.18624980e+01 1.00599894e+01
-2.62528641e-01 3.22555561e+01 1.01565078e+01
2.63345262e-01 3.23558901e+01 1.01816865e+01
7.78126059e-01 3.18624980e+01 1.00599894e+01
1.29664769e+00 3.18456114e+01 1.00599894e+01
1.84339233e+00 3.23211597e+01 1.01858830e+01
2.44266940e+00 3.32875556e+01 1.04376701e+01
2.98267097e+00 3.32267306e+01 1.04334736e+01
3.52487217e+00 3.31904093e+01 1.04376701e+01
4.12370295e+00 3.36099923e+01 1.05593672e+01
4.67022526e+00 3.35384183e+01 1.05593672e+01
5.23354006e+00 3.35736215e+01 1.05887423e+01
5.78216764e+00 3.35004668e+01 1.05929388e+01
6.32357533e+00 3.33854818e+01 1.05887423e+01
6.89656459e+00 3.34255316e+01 1.06265104e+01
7.46158907e+00 3.34067727e+01 1.06516891e+01
8.00827188e+00 3.32971542e+01 1.06558856e+01
8.57840993e+00 3.32757468e+01 1.06852607e+01
9.25203130e+00 3.36154083e+01 1.08111543e+01
9.79796237e+00 3.34603600e+01 1.08111543e+01
1.03760182e+01 3.34082386e+01 1.08405295e+01
1.09601835e+01 3.33620227e+01 1.08741011e+01
1.15181959e+01 3.32266057e+01 1.08866904e+01
1.20804333e+01 3.30975595e+01 1.09034762e+01
1.26415155e+01 3.29589971e+01 1.09202621e+01
1.30639561e+01 3.24696090e+01 1.08447259e+01
1.36361883e+01 3.23605400e+01 1.08741011e+01
1.42083193e+01 3.22414171e+01 1.09034762e+01
1.47591971e+01 3.20666417e+01 1.09202621e+01
1.53588103e+01 3.19879861e+01 1.09664230e+01
1.58849255e+01 3.17487090e+01 1.09706195e+01
1.66931484e+01 3.20495468e+01 1.11300846e+01
1.72603993e+01 3.18618107e+01 1.11552634e+01
1.78423565e+01 3.16932215e+01 1.11888350e+01
1.86343789e+01 3.18750199e+01 1.13273179e+01
1.87107245e+01 3.20056129e+01 1.08219514e+01
1.81872916e+01 3.23059266e+01 1.08219514e+01
1.76590398e+01 3.25976806e+01 1.08219514e+01
1.68160739e+01 3.22855542e+01 1.06632455e+01
1.62507971e+01 3.24799652e+01 1.06434073e+01
3.64686455e+01 7.59537037e+01 2.19789777e+01
1.49043662e+01 3.23820441e+01 1.04847014e+01
1.42941157e+01 3.24361056e+01 1.04370896e+01
1.37447145e+01 3.26180874e+01 1.04251866e+01
1.31681301e+01 3.27285267e+01 1.03974131e+01
1.25855951e+01 3.28132012e+01 1.03656719e+01
1.20268170e+01 3.29506632e+01 1.03498013e+01
1.14669046e+01 3.30786455e+01 1.03339307e+01
1.08903079e+01 3.31493263e+01 1.03061572e+01
1.03094816e+01 3.31940071e+01 1.02744160e+01
9.76781820e+00 3.33574166e+01 1.02744160e+01
9.19239955e+00 3.33987482e+01 1.02466425e+01
8.61823171e+00 3.34302159e+01 1.02188689e+01
8.06902404e+00 3.35497523e+01 1.02149013e+01
7.38654013e+00 3.30707661e+01 1.00680983e+01
6.83370808e+00 3.31208853e+01 1.00522277e+01
6.28432771e+00 3.31782729e+01 1.00403248e+01
5.74345364e+00 3.32761673e+01 1.00403248e+01
5.18038350e+00 3.32326175e+01 1.00085836e+01
4.64108521e+00 3.33291541e+01 1.00125512e+01
4.09592965e+00 3.33836277e+01 1.00085836e+01
3.53959927e+00 3.33290806e+01 9.98081006e+00
2.99663413e+00 3.33822792e+01 9.98081006e+00
2.45287501e+00 3.34266328e+01 9.98081006e+00
1.85114233e+00 3.24570445e+01 9.74275118e+00
1.32259497e+00 3.24828757e+01 9.74275118e+00
7.94106818e-01 3.25168739e+01 9.74671883e+00
2.63496638e-01 3.23744889e+01 9.71101000e+00
-2.63633195e-01 3.23912670e+01 9.71497765e+00
-7.90420099e-01 3.23659111e+01 9.71101000e+00
-1.31781674e+00 3.23655224e+01 9.71497765e+00
-1.84445458e+00 3.23397846e+01 9.71497765e+00
-2.36078027e+00 3.21716089e+01 9.68323646e+00
-2.88412362e+00 3.21289205e+01 9.68323646e+00
-3.40493084e+00 3.20610346e+01 9.67926882e+00
-3.92837934e+00 3.20180190e+01 9.68323646e+00
-4.37959209e+00 3.14512862e+01 9.56420702e+00
-4.97105622e+00 3.18897645e+01 9.68720411e+00
-5.63500956e+00 3.26478688e+01 9.88955416e+00
-6.16567120e+00 3.25518228e+01 9.88955416e+00
-6.69469921e+00 3.24471520e+01 9.88955416e+00
-7.22195341e+00 3.23338841e+01 9.88955416e+00
-7.86500018e+00 3.27014527e+01 1.00085836e+01
-8.39623858e+00 3.25691021e+01 1.00085836e+01
-8.96087197e+00 3.25575390e+01 1.00403248e+01
-9.48962271e+00 3.24073700e+01 1.00403248e+01
-1.00108825e+01 3.22325909e+01 1.00363571e+01
-1.05342049e+01 3.20653740e+01 1.00363571e+01
-1.11151876e+01 3.20640455e+01 1.00800013e+01
-1.16183617e+01 3.18315915e+01 1.00680983e+01
-1.15259259e+01 3.15783389e+01 9.51461174e+00
-1.09938610e+01 3.17140539e+01 9.50339743e+00
-1.04604364e+01 3.18408278e+01 9.49218312e+00
-9.94577088e+00 3.20229475e+01 9.49592122e+00
-9.38537720e+00 3.20513682e+01 9.46601639e+00
-8.85796848e+00 3.21836597e+01 9.46227829e+00
-8.33714442e+00 3.23398753e+01 9.46601639e+00
-7.89623350e+00 3.28313160e+01 9.54825468e+00
-7.25072465e+00 3.24626977e+01 9.43611156e+00
-6.72136995e+00 3.25764169e+01 9.43611156e+00
-6.19023437e+00 3.26815047e+01 9.43611156e+00
-5.65745864e+00 3.27779333e+01 9.43611156e+00
-5.12318393e+00 3.28656772e+01 9.43611156e+00
-4.58755180e+00 3.29447131e+01 9.43611156e+00
-3.92977154e+00 3.20293660e+01 9.21556343e+00
-3.40791011e+00 3.20890875e+01 9.21556343e+00
-2.89718450e+00 3.22744178e+01 9.24546827e+00
-2.37023939e+00 3.23005133e+01 9.24173016e+00
-1.84417111e+00 3.23348145e+01 9.24173016e+00
-1.31761421e+00 3.23605483e+01 9.24173016e+00
-7.90708197e-01 3.23777080e+01 9.24173016e+00
-2.63729665e-01 3.24031197e+01 9.24546827e+00
2.64414593e-01 3.24872733e+01 9.26415879e+00
7.81667950e-01 3.20075304e+01 9.15949188e+00
1.32309218e+00 3.24950871e+01 9.27163499e+00
1.85087985e+00 3.24524423e+01 9.26789689e+00
2.38994789e+00 3.25690916e+01 9.30153982e+00
2.91825234e+00 3.25091119e+01 9.29780172e+00
3.44701535e+00 3.24573048e+01 9.29780172e+00
4.09784738e+00 3.33992580e+01 9.52208795e+00
4.63862165e+00 3.33114624e+01 9.51834985e+00
5.17762419e+00 3.32149162e+01 9.51461174e+00
5.74334092e+00 3.32755143e+01 9.54825468e+00
6.28420438e+00 3.31776218e+01 9.54825468e+00
6.85061155e+00 3.32028112e+01 9.57815951e+00
7.38647597e+00 3.30704789e+01 9.57442141e+00
7.95527113e+00 3.30767854e+01 9.60432624e+00
8.49260685e+00 3.29429157e+01 9.60432624e+00
9.05895733e+00 3.29139126e+01 9.63049296e+00
9.63133550e+00 3.28913238e+01 9.66039779e+00
1.01604382e+01 3.27141236e+01 9.65665969e+00
1.07388578e+01 3.26883229e+01 9.69030263e+00
1.14293734e+01 3.29703790e+01 9.79870764e+00
1.20106844e+01 3.29064638e+01 9.82861247e+00
1.25808757e+01 3.28008968e+01 9.85104109e+00
1.31193905e+01 3.26073877e+01 9.85477920e+00
1.37006885e+01 3.25136078e+01 9.88468403e+00
1.42823958e+01 3.24095110e+01 9.91458886e+00
1.48572929e+01 3.22797699e+01 9.94075558e+00
1.54317375e+01 3.21398725e+01 9.96692231e+00
1.60055509e+01 3.19897992e+01 9.99308904e+00
1.65863288e+01 3.18444616e+01 1.00229939e+01
1.73269426e+01 3.19846462e+01 1.01276608e+01
1.79195727e+01 3.18303799e+01 1.01613037e+01
1.87156225e+01 3.20139912e+01 1.02846611e+01
1.87762536e+01 3.21177035e+01 9.77368537e+00
1.82592687e+01 3.24337789e+01 9.77719323e+00
1.77289263e+01 3.27266875e+01 9.77719323e+00
1.68819644e+01 3.24120589e+01 9.63687874e+00
1.62992847e+01 3.25768759e+01 9.61232370e+00
1.55695946e+01 3.24269893e+01 9.51761142e+00
1.49620818e+01 3.25074401e+01 9.47902493e+00
1.43697106e+01 3.26076450e+01 9.44745417e+00
1.37977231e+01 3.27438841e+01 9.42640700e+00
1.32125163e+01 3.28388456e+01 9.39834410e+00
1.26339325e+01 3.29392265e+01 9.37378906e+00
1.20961082e+01 3.31405048e+01 9.37378906e+00
1.15163757e+01 3.32213551e+01 9.34923403e+00
1.08107782e+01 3.29072434e+01 9.24049030e+00
1.02436744e+01 3.29821238e+01 9.21944312e+00
9.68174910e+00 3.30634879e+01 9.20190381e+00
9.12885464e+00 3.31678705e+01 9.19138023e+00
8.55827476e+00 3.31976423e+01 9.16682519e+00
7.98520485e+00 3.32012451e+01 9.13876229e+00
7.33333927e+00 3.28325771e+01 9.03352642e+00
6.79795311e+00 3.29475920e+01 9.03352642e+00
6.32673819e+00 3.34021802e+01 9.10719153e+00
5.76498702e+00 3.34009264e+01 9.08614436e+00
5.22055762e+00 3.34903380e+01 9.08614436e+00
4.65844773e+00 3.34538400e+01 9.06158932e+00
4.11124793e+00 3.35084784e+01 9.05808146e+00
3.55280784e+00 3.34534533e+01 9.03352642e+00
3.00630727e+00 3.34900372e+01 9.03001856e+00
2.46202829e+00 3.35513696e+01 9.03352642e+00
1.91462651e+00 3.35701457e+01 9.03001856e+00
1.36383227e+00 3.34956620e+01 9.00897139e+00
8.18031805e-01 3.34965478e+01 9.00546352e+00
2.72838741e-01 3.35223055e+01 9.00897139e+00
-2.72838741e-01 3.35223055e+01 9.00897139e+00
-8.15146906e-01 3.33784177e+01 8.98090849e+00
-1.36039848e+00 3.34113281e+01 8.99143207e+00
-1.90116959e+00 3.33341985e+01 8.98090849e+00
-2.44349725e+00 3.32988372e+01 8.98090849e+00
-2.98517749e+00 3.32546531e+01 8.98090849e+00
-3.51358763e+00 3.30841534e+01 8.95635345e+00
-4.00640560e+00 3.26539673e+01 8.87918048e+00
-4.53738226e+00 3.25844292e+01 8.87918048e+00
-5.06715672e+00 3.25062577e+01 8.87918048e+00
-5.59271743e+00 3.24028386e+01 8.87567262e+00
-6.11939633e+00 3.23075134e+01 8.87567262e+00
-6.72290903e+00 3.25838763e+01 8.95635345e+00
-7.27446340e+00 3.25689800e+01 8.97740063e+00
-7.80757120e+00 3.24626719e+01 8.98090849e+00
-8.33071654e+00 3.23149414e+01 8.97740063e+00
-8.86008157e+00 3.21913372e+01 8.98090849e+00
-9.38288501e+00 3.20428573e+01 8.98090849e+00
-9.94325792e+00 3.20148564e+01 9.00897139e+00
-1.04525079e+01 3.18166941e+01 9.00195566e+00
-1.10187636e+01 3.17858905e+01 9.03352642e+00
-1.10658615e+01 3.03178702e+01 8.74938958e+00
-1.12741138e+01 3.08884328e+01 8.40278211e+00
-1.07310410e+01 3.09558953e+01 8.37984335e+00
-1.02204682e+01 3.11103816e+01 8.37656638e+00
-9.97882796e+00 3.21293832e+01 8.55024559e+00
-9.44502340e+00 3.22550619e+01 8.54369166e+00
-8.89629844e+00 3.23229239e+01 8.52730683e+00
-8.36477521e+00 3.24470554e+01 8.52402986e+00
-7.80781977e+00 3.24637054e+01 8.50109110e+00
-7.19350847e+00 3.22065314e+01 8.42572087e+00
-6.67175142e+00 3.23359311e+01 8.42899784e+00
-6.05003178e+00 3.19413015e+01 8.33068885e+00
-5.59266179e+00 3.24025162e+01 8.40278211e+00
-5.20268540e+00 3.33756861e+01 8.57646132e+00
-4.65640676e+00 3.34391831e+01 8.57318436e+00
-4.11150153e+00 3.35105453e+01 8.57318436e+00
-3.56550693e+00 3.35730287e+01 8.57318436e+00
-2.93987014e+00 3.27499326e+01 8.40278211e+00
-2.40641122e+00 3.27934461e+01 8.40278211e+00
-1.87231470e+00 3.28282707e+01 8.40278211e+00
-1.37904079e+00 3.38691824e+01 8.59940009e+00
-8.27157393e-01 3.38702200e+01 8.59612312e+00
-2.68579681e-01 3.29990165e+01 8.42572087e+00
2.72712645e-01 3.35068127e+01 8.52402986e+00
8.18478937e-01 3.35148569e+01 8.52730683e+00
1.36389060e+00 3.34970945e+01 8.52730683e+00
1.91568782e+00 3.35887543e+01 8.55024559e+00
2.46091816e+00 3.35362412e+01 8.54696863e+00
3.00797373e+00 3.35086014e+01 8.55024559e+00
3.55120588e+00 3.34383691e+01 8.54696863e+00
4.11150153e+00 3.35105453e+01 8.57318436e+00
4.65640676e+00 3.34391831e+01 8.57318436e+00
5.22093546e+00 3.34927619e+01 8.59940009e+00
5.76252522e+00 3.33866634e+01 8.59612312e+00
6.30834547e+00 3.33050754e+01 8.59940009e+00
6.87355845e+00 3.33140278e+01 8.62233885e+00
7.41858890e+00 3.32142538e+01 8.62561582e+00
7.86719353e+00 3.27105723e+01 8.55024559e+00
8.42815934e+00 3.26929231e+01 8.57318436e+00
8.99511908e+00 3.26819690e+01 8.59940009e+00
9.66859753e+00 3.30185748e+01 8.69770907e+00
1.02399036e+01 3.29699828e+01 8.72064784e+00
1.07751982e+01 3.27989404e+01 8.72064784e+00
1.13519915e+01 3.27471549e+01 8.74686357e+00
1.19241384e+01 3.26693478e+01 8.76980233e+00
1.24543164e+01 3.24709311e+01 8.76980233e+00
1.30317410e+01 3.23895405e+01 8.79601806e+00
1.36032293e+01 3.22823237e+01 8.81895683e+00
1.41746680e+01 3.21650557e+01 8.84189559e+00
1.49157362e+01 3.24067471e+01 8.94348155e+00
1.54852035e+01 3.22512269e+01 8.96314334e+00
1.60686966e+01 3.21160066e+01 8.98935907e+00
1.66518746e+01 3.19703043e+01 9.01557480e+00
1.74119316e+01 3.21415316e+01 9.11388379e+00
1.80573510e+01 3.20751143e+01 9.16303829e+00
1.88247902e+01 3.22007278e+01 9.25807031e+00
1.88868539e+01 3.23068908e+01 8.74774371e+00
1.83584937e+01 3.26100314e+01 8.74774371e+00
1.78252693e+01 3.29045318e+01 8.74774371e+00
1.71697309e+01 3.29645482e+01 8.70206183e+00
1.64106855e+01 3.27995292e+01 8.61374352e+00
1.55955116e+01 3.24809668e+01 8.49801608e+00
1.50150865e+01 3.26226009e+01 8.47669787e+00
1.44752569e+01 3.28471499e+01 8.47365241e+00
1.38925586e+01 3.29689417e+01 8.45233420e+00
1.31260453e+01 3.26239277e+01 8.34269768e+00
1.25385921e+01 3.26906550e+01 8.31528855e+00
1.20106451e+01 3.29063560e+01 8.31833401e+00
1.14289716e+01 3.29692199e+01 8.29397034e+00
1.08484458e+01 3.30219008e+01 8.26960667e+00
1.02692444e+01 3.30644530e+01 8.24524300e+00
9.73446406e+00 3.32435112e+01 8.24828846e+00
9.02544872e+00 3.27921657e+01 8.13560648e+00
8.47355061e+00 3.28689964e+01 8.12342464e+00
7.92154721e+00 3.29365665e+01 8.11124281e+00
7.38069123e+00 3.30445797e+01 8.10819735e+00
6.89671497e+00 3.34262604e+01 8.15692469e+00
6.35172329e+00 3.35340897e+01 8.15692469e+00
5.78484398e+00 3.35159729e+01 8.13560648e+00
5.23592555e+00 3.35889246e+01 8.13256102e+00
4.67914409e+00 3.36024674e+01 8.12037918e+00
4.12537818e+00 3.36236461e+01 8.11124281e+00
3.61696900e+00 3.40575986e+01 8.17824290e+00
3.06061827e+00 3.40950577e+01 8.17519744e+00
2.49779708e+00 3.40388098e+01 8.15692469e+00
1.97240689e+00 3.45832393e+01 8.24828846e+00
1.40371226e+00 3.44751127e+01 8.22392479e+00
8.42376152e-01 3.44933937e+01 8.22392479e+00
2.80954969e-01 3.45195051e+01 8.22697025e+00
-2.80954969e-01 3.45195051e+01 8.22697025e+00
-8.40718896e-01 3.44255328e+01 8.21174295e+00
-1.41959149e+00 3.48651059e+01 8.29397034e+00
-2.01202543e+00 3.52778918e+01 8.37315227e+00
-2.61826664e+00 3.56805126e+01 8.45233420e+00
-3.23358746e+00 3.60219215e+01 8.52237976e+00
-3.87325231e+00 3.64707777e+01 8.61374352e+00
-1.69385055e+01 1.38056268e+02 2.69930878e+01
-6.33155711e+00 4.54689869e+01 1.02704731e+01
-5.56787855e+00 3.57184324e+01 8.51933430e+00
-5.91473132e+00 3.42685084e+01 8.27265213e+00
-6.38014712e+00 3.36841540e+01 8.18433382e+00
-6.84527722e+00 3.31769574e+01 8.11124281e+00
-7.38439049e+00 3.30611418e+01 8.11124281e+00
-7.71916148e+00 3.20950780e+01 7.95592441e+00
-8.23631288e+00 3.19487486e+01 7.95287895e+00
-8.65167431e+00 3.14341310e+01 7.88283339e+00
-9.30525128e+00 3.17777356e+01 7.97419716e+00
-9.67025880e+00 3.11358661e+01 7.88283339e+00
-1.02181480e+01 3.11033191e+01 7.90719706e+00
-1.07175036e+01 3.09168440e+01 7.90415161e+00
-1.12716834e+01 3.08817740e+01 7.93156073e+00
-1.12611181e+01 3.08528275e+01 7.45929128e+00
-1.07741502e+01 3.10802530e+01 7.46773143e+00
-1.02509034e+01 3.12030243e+01 7.45929128e+00
-9.74165493e+00 3.13657441e+01 7.45929128e+00
-9.19636337e+00 3.14058798e+01 7.43959760e+00
-8.68395270e+00 3.15514081e+01 7.43959760e+00
-8.26266144e+00 3.20509549e+01 7.50149203e+00
-7.73987460e+00 3.21811999e+01 7.50149203e+00
-7.21503702e+00 3.23029183e+01 7.50149203e+00
-6.86702576e+00 3.32823659e+01 7.64778796e+00
-6.39402447e+00 3.37574199e+01 7.70968239e+00
-5.99704824e+00 3.47454325e+01 7.85879171e+00
-2.17897724e+01 1.39783313e+02 2.54255569e+01
-5.31805324e+00 3.81906834e+01 8.40458806e+00
-4.69572036e+00 3.82721857e+01 8.40458806e+00
-3.97872965e+00 3.74639587e+01 8.25829213e+00
-3.36840307e+00 3.75237572e+01 8.25829213e+00
-2.76091865e+00 3.76245075e+01 8.26673228e+00
-2.09486803e+00 3.67304143e+01 8.11199620e+00
-1.48012219e+00 3.63517374e+01 8.04447500e+00
-8.89060794e-01 3.64050239e+01 8.05010177e+00
-2.96379774e-01 3.64146722e+01 8.05010177e+00
2.96241332e-01 3.63976625e+01 8.04728839e+00
8.88645503e-01 3.63880187e+01 8.04728839e+00
1.48081422e+00 3.63687336e+01 8.04728839e+00
2.08033926e+00 3.64756739e+01 8.06979545e+00
2.67253199e+00 3.64200154e+01 8.06698207e+00
3.31061072e+00 3.68799548e+01 8.15138357e+00
3.91046581e+00 3.68211823e+01 8.15138357e+00
4.50928479e+00 3.67526538e+01 8.15138357e+00
4.98491456e+00 3.57983053e+01 8.00508764e+00
5.35210464e+00 3.43342238e+01 7.77439021e+00
5.84370911e+00 3.38570230e+01 7.70968239e+00
6.32438018e+00 3.33897310e+01 7.64778796e+00
6.89108664e+00 3.33989816e+01 7.66748164e+00
7.46347154e+00 3.34152009e+01 7.68998871e+00
8.00638079e+00 3.32892914e+01 7.68998871e+00
8.57689333e+00 3.32698639e+01 7.70968239e+00
8.57689333e+00 3.32698639e+01 7.70968239e+00
9.01346917e+00 3.27486404e+01 7.64497458e+00
9.55010378e+00 3.26139148e+01 7.64778796e+00
1.01200570e+01 3.25841061e+01 7.67029503e+00
1.08083598e+01 3.28998821e+01 7.75469653e+00
1.13814383e+01 3.28321003e+01 7.77439021e+00
1.19551636e+01 3.27543497e+01 7.79408389e+00
1.25354542e+01 3.26824737e+01 7.81659096e+00
1.30594156e+01 3.24583240e+01 7.81377757e+00
1.36322460e+01 3.23511844e+01 7.83347126e+00
1.43696679e+01 3.26075481e+01 7.92068614e+00
1.49554128e+01 3.24929507e+01 7.94319321e+00
1.55264941e+01 3.23372233e+01 7.96007351e+00
1.61192905e+01 3.22171271e+01 7.98539396e+00
1.68930045e+01 3.24332551e+01 8.07542222e+00
1.75159104e+01 3.23334712e+01 8.10918282e+00
1.82818795e+01 3.24739422e+01 8.19077093e+00
1.88852993e+01 3.23042315e+01 8.21609138e+00
1.89401745e+01 3.23980983e+01 7.70422441e+00
1.84103227e+01 3.27020948e+01 7.70422441e+00
1.78755929e+01 3.29974266e+01 7.70422441e+00
1.72652527e+01 3.31479426e+01 7.68099736e+00
1.64488179e+01 3.28757431e+01 7.58808918e+00
1.58598712e+01 3.30315519e+01 7.57002370e+00
1.52630968e+01 3.31614418e+01 7.54937744e+00
1.44875744e+01 3.28751007e+01 7.46163082e+00
1.39240696e+01 3.30437216e+01 7.45130769e+00
1.33398319e+01 3.31552803e+01 7.43324221e+00
1.26213573e+01 3.29064406e+01 7.35839951e+00
1.20431537e+01 3.29954221e+01 7.34033403e+00
1.14598249e+01 3.30582224e+01 7.31968777e+00
1.08776543e+01 3.31108097e+01 7.29904151e+00
1.03372699e+01 3.32834784e+01 7.29904151e+00
9.62647443e+00 3.28747231e+01 7.20871411e+00
9.07652736e+00 3.29777498e+01 7.20097176e+00
8.51301385e+00 3.30220747e+01 7.18548706e+00
7.94249641e+00 3.30236700e+01 7.16484080e+00
7.48567132e+00 3.35145929e+01 7.22161802e+00
6.91505084e+00 3.35151287e+01 7.20355254e+00
6.36861022e+00 3.36232447e+01 7.20355254e+00
5.79728654e+00 3.35880620e+01 7.18290628e+00
5.23142739e+00 3.35600685e+01 7.16484080e+00
5.33338967e+00 3.83008193e+01 7.87713686e+00
4.66151424e+00 3.79933908e+01 7.81777885e+00
3.61400652e+00 3.40297037e+01 7.20355254e+00
3.04743434e+00 3.39481897e+01 7.18290628e+00
2.49570476e+00 3.40102967e+01 7.18548706e+00
1.94081910e+00 3.40293941e+01 7.18290628e+00
1.38111856e+00 3.39202124e+01 7.16226002e+00
8.29233728e-01 3.39552412e+01 7.16484080e+00
2.76435657e-01 3.39642402e+01 7.16484080e+00
-2.76435657e-01 3.39642402e+01 7.16484080e+00
-8.25488015e-01 3.38018627e+01 7.14161376e+00
-1.37626386e+00 3.38009813e+01 7.14419454e+00
-1.87481272e+00 3.28720698e+01 7.00741305e+00
-2.41086941e+00 3.28542002e+01 7.00999383e+00
-2.94531663e+00 3.28106060e+01 7.00999383e+00
-3.47898347e+00 3.27583185e+01 7.00999383e+00
-3.94944875e+00 3.21897439e+01 6.93257035e+00
-4.66802043e+00 3.35225847e+01 7.14677532e+00
-5.21304790e+00 3.34421625e+01 7.14677532e+00
-6.43516710e+00 3.72837861e+01 7.75067850e+00
-7.78672020e+00 4.11101935e+01 8.35716246e+00
-1.28744051e+01 6.23982893e+01 1.16683068e+01
-7.59343557e+00 3.39970714e+01 7.29646072e+00
-7.94249641e+00 3.30236700e+01 7.16484080e+00
-8.25342386e+00 3.20151223e+01 7.02805931e+00
-8.80962904e+00 3.20080280e+01 7.04870557e+00
-9.32945545e+00 3.18603936e+01 7.04870557e+00
-9.86197882e+00 3.17531576e+01 7.05644792e+00
-1.00848839e+01 3.06976726e+01 6.91450487e+00
-1.07507183e+01 3.10126586e+01 6.99192835e+00
-1.12950006e+01 3.09456576e+01 7.00999383e+00
-1.13267757e+01 3.10327141e+01 6.55938854e+00
-1.07754005e+01 3.10838596e+01 6.54060694e+00
-1.02733533e+01 3.12713600e+01 6.54295464e+00
-9.88964628e+00 3.18422401e+01 6.60164716e+00
-9.37004114e+00 3.19989951e+01 6.60164716e+00
-8.83435545e+00 3.20978665e+01 6.59460406e+00
-8.27661748e+00 3.21050906e+01 6.57582245e+00
-7.96863390e+00 3.31323456e+01 6.70259829e+00
-7.42456090e+00 3.32409914e+01 6.70025059e+00
-6.88251491e+00 3.33574370e+01 6.70025059e+00
-6.40857828e+00 3.38342571e+01 6.75190001e+00
-5.84538959e+00 3.38667593e+01 6.74250921e+00
-5.22496576e+00 3.35186166e+01 6.68146899e+00
-4.68340381e+00 3.36330578e+01 6.68616439e+00
-4.00845371e+00 3.26706603e+01 6.54295464e+00
-3.47614354e+00 3.27315776e+01 6.54295464e+00
-2.95512957e+00 3.29199215e+01 6.56173624e+00
-2.41890172e+00 3.29636608e+01 6.56173624e+00
-1.88008778e+00 3.29645601e+01 6.55704084e+00
-1.34397067e+00 3.30078618e+01 6.55938854e+00
-8.06524864e-01 3.30253647e+01 6.55938854e+00
-2.68865367e-01 3.30341173e+01 6.55938854e+00
2.69421433e-01 3.31024382e+01 6.56877935e+00
8.07775901e-01 3.30765918e+01 6.56643165e+00
1.34605536e+00 3.30590617e+01 6.56643165e+00
1.89078636e+00 3.31521440e+01 6.58286555e+00
2.43015210e+00 3.31169757e+01 6.58286555e+00
2.96887396e+00 3.30730330e+01 6.58286555e+00
3.52124009e+00 3.31562094e+01 6.60164716e+00
4.00845371e+00 3.26706603e+01 6.54295464e+00
4.53970182e+00 3.26010867e+01 6.54295464e+00
5.22496576e+00 3.35186166e+01 6.68146899e+00
5.77276003e+00 3.34459614e+01 6.68381669e+00
6.33864534e+00 3.34650443e+01 6.70025059e+00
6.69958461e+00 3.24708300e+01 6.57582245e+00
7.25701033e+00 3.24908398e+01 6.59460406e+00
8.02055837e+00 3.33482396e+01 6.73311841e+00
8.59641570e+00 3.33455914e+01 6.75190001e+00
9.03832391e+00 3.28389451e+01 6.70025059e+00
9.60524545e+00 3.28022254e+01 6.71668450e+00
1.01378936e+01 3.26415356e+01 6.71668450e+00
1.07105045e+01 3.26020174e+01 6.73546611e+00
1.14075837e+01 3.29075220e+01 6.80589713e+00
1.19827023e+01 3.28297995e+01 6.82233104e+00
1.25583025e+01 3.27420439e+01 6.83876494e+00
1.31405851e+01 3.26600654e+01 6.85754655e+00
1.36638182e+01 3.24261095e+01 6.85519885e+00
1.44584413e+01 3.28089921e+01 6.94675918e+00
1.50405476e+01 3.26779192e+01 6.96319309e+00
1.56222046e+01 3.25365607e+01 6.97962699e+00
1.63866592e+01 3.27515085e+01 7.05240572e+00
1.69728166e+01 3.25864880e+01 7.06883963e+00
1.77938729e+01 3.28465756e+01 7.15335686e+00
1.86194361e+01 3.30735411e+01 7.23552639e+00
1.94656454e+01 3.32969420e+01 7.32004362e+00
1.97474593e+01 3.37789985e+01 6.84963697e+00
1.92034180e+01 3.41108630e+01 6.85175115e+00
1.85722981e+01 3.42835086e+01 6.83272352e+00
1.75691523e+01 3.37314063e+01 6.71432939e+00
1.67115213e+01 3.34008003e+01 6.62976216e+00
1.59360463e+01 3.31902027e+01 6.56422255e+00
1.53507735e+01 3.33519331e+01 6.55153746e+00
1.45436581e+01 3.30023655e+01 6.47119859e+00
1.40045531e+01 3.32347200e+01 6.47119859e+00
1.34170283e+01 3.33471469e+01 6.45639933e+00
1.26396043e+01 3.29540142e+01 6.37606045e+00
1.20604700e+01 3.30428647e+01 6.36126119e+00
1.15210348e+01 3.32347950e+01 6.36126119e+00
1.09358219e+01 3.32878677e+01 6.34434774e+00
1.03519453e+01 3.33307298e+01 6.32743429e+00
9.66379128e+00 3.30021613e+01 6.26400887e+00
9.08901032e+00 3.30231041e+01 6.24709542e+00
8.55029036e+00 3.31666707e+01 6.24709542e+00
7.98529705e+00 3.32016285e+01 6.23441033e+00
7.41397758e+00 3.31936081e+01 6.21749689e+00
6.76897406e+00 3.28071394e+01 6.15407146e+00
6.11625240e+00 3.22909150e+01 6.07584677e+00
5.65678249e+00 3.27740158e+01 6.12447293e+00
5.11993611e+00 3.28448421e+01 6.12235875e+00
4.56812373e+00 3.28051937e+01 6.10755948e+00
4.03354961e+00 3.28752029e+01 6.10755948e+00
3.48525722e+00 3.28173926e+01 6.09276021e+00
2.95062800e+00 3.28697744e+01 6.09276021e+00
2.43775790e+00 3.32206239e+01 6.13081547e+00
1.89572974e+00 3.32388187e+01 6.12870129e+00
1.35514770e+00 3.32823691e+01 6.13081547e+00
8.13232267e-01 3.33000176e+01 6.13081547e+00
2.69987251e-01 3.31719574e+01 6.11390202e+00
-2.69987251e-01 3.31719574e+01 6.11390202e+00
-8.09890218e-01 3.31631683e+01 6.11390202e+00
-1.34679405e+00 3.30772039e+01 6.10544530e+00
-1.88598640e+00 3.30679837e+01 6.10755948e+00
-2.42398290e+00 3.30329048e+01 6.10755948e+00
-2.96133716e+00 3.29890735e+01 6.10755948e+00
-3.48525722e+00 3.28173926e+01 6.09276021e+00
-4.01687919e+00 3.27393317e+01 6.09064603e+00
-4.55160391e+00 3.26865595e+01 6.09276021e+00
-5.08040334e+00 3.25912359e+01 6.09064603e+00
-5.61021664e+00 3.25042247e+01 6.09064603e+00
-6.13854348e+00 3.24086013e+01 6.09064603e+00
-6.87270424e+00 3.33098877e+01 6.21749689e+00
-7.41770756e+00 3.32103079e+01 6.21961107e+00
-7.95728784e+00 3.30851705e+01 6.21961107e+00
-8.51611770e+00 3.30341146e+01 6.23018197e+00
-8.82110789e+00 3.20497341e+01 6.12235875e+00
-9.34161163e+00 3.19019074e+01 6.12235875e+00
-9.89516741e+00 3.18600168e+01 6.13715801e+00
-1.02575628e+01 3.12232948e+01 6.07584677e+00
-1.09325599e+01 3.15372183e+01 6.13927219e+00
-1.14855103e+01 3.14676097e+01 6.15407146e+00
-1.14662490e+01 3.14148382e+01 5.68091467e+00
-1.09590053e+01 3.16135053e+01 5.68279494e+00
-1.04429816e+01 3.17876965e+01 5.68279494e+00
-9.88352370e+00 3.18225269e+01 5.66775281e+00
-9.36424024e+00 3.19791848e+01 5.66775281e+00
-8.84247566e+00 3.21273696e+01 5.66775281e+00
-8.32264660e+00 3.22836380e+01 5.66963307e+00
-7.76400287e+00 3.22815215e+01 5.65459094e+00
-7.23752917e+00 3.24036193e+01 5.65459094e+00
-6.70567464e+00 3.25003465e+01 5.65271068e+00
-6.15345271e+00 3.24873150e+01 5.63954881e+00
-5.62675768e+00 3.26000594e+01 5.64142908e+00
-5.09274256e+00 3.26703931e+01 5.63954881e+00
-4.56265683e+00 3.27659341e+01 5.64142908e+00
-4.02663534e+00 3.28188486e+01 5.63954881e+00
-3.49191070e+00 3.28800422e+01 5.63954881e+00
-2.95472854e+00 3.29154541e+01 5.63766854e+00
-2.42484481e+00 3.30446504e+01 5.64706988e+00
-1.88177757e+00 3.29941881e+01 5.63766854e+00
-1.34587758e+00 3.30546955e+01 5.64142908e+00
-8.07669214e-01 3.30722232e+01 5.64142908e+00
-2.70223256e-01 3.32009541e+01 5.65459094e+00
2.70223256e-01 3.32009541e+01 5.65459094e+00
8.10179747e-01 3.31750238e+01 5.65271068e+00
1.35075831e+00 3.31745660e+01 5.65459094e+00
1.89348822e+00 3.31995170e+01 5.66023174e+00
2.44240457e+00 3.32839467e+01 5.67339361e+00
2.98384259e+00 3.32397823e+01 5.67339361e+00
3.53172985e+00 3.32549817e+01 5.68091467e+00
4.08090059e+00 3.32611342e+01 5.68843574e+00
4.56265683e+00 3.27659341e+01 5.64142908e+00
5.09274256e+00 3.26703931e+01 5.63954881e+00
5.65007772e+00 3.27351701e+01 5.65647121e+00
6.17896885e+00 3.26220281e+01 5.65459094e+00
6.73338012e+00 3.26346265e+01 5.66775281e+00
7.17775420e+00 3.21359969e+01 5.62450668e+00
7.82812600e+00 3.25481356e+01 5.68467521e+00
8.47666877e+00 3.28810918e+01 5.73732267e+00
9.04713379e+00 3.28709541e+01 5.75236480e+00
9.61468878e+00 3.28344747e+01 5.76552666e+00
1.01885278e+01 3.28045654e+01 5.78056880e+00
1.07585807e+01 3.27483580e+01 5.79373066e+00
1.14586030e+01 3.30546977e+01 5.85013866e+00
1.20421254e+01 3.29926046e+01 5.86518079e+00
1.26205124e+01 3.29042377e+01 5.87834265e+00
1.31544215e+01 3.26944550e+01 5.87834265e+00
1.37380866e+01 3.26023586e+01 5.89338478e+00
1.45157429e+01 3.29390205e+01 5.96107438e+00
1.51144586e+01 3.28385023e+01 5.97799678e+00
1.56395492e+01 3.25726845e+01 5.97611651e+00
1.64590712e+01 3.28962362e+01 6.04756663e+00
1.72852756e+01 3.31863851e+01 6.11713649e+00
1.78803038e+01 3.30061226e+01 6.13029836e+00
1.87010364e+01 3.32184871e+01 6.19422742e+00
1.92738538e+01 3.29688731e+01 6.20174848e+00
1.95573384e+01 3.34537875e+01 5.72564184e+00
1.92712265e+01 3.42313107e+01 5.77666788e+00
1.82373433e+01 3.36651992e+01 5.68119981e+00
1.75838926e+01 3.37597064e+01 5.65980179e+00
1.67786358e+01 3.35349400e+01 5.60548375e+00
1.61785658e+01 3.36953011e+01 5.59396174e+00
1.53839885e+01 3.34240978e+01 5.53799770e+00
1.46095124e+01 3.31518015e+01 5.48367966e+00
1.40146501e+01 3.32586815e+01 5.47051165e+00
1.34458183e+01 3.34187026e+01 5.46392764e+00
1.26972578e+01 3.31043285e+01 5.40960960e+00
1.21096614e+01 3.31776374e+01 5.39644159e+00
1.15286765e+01 3.32568391e+01 5.38491958e+00
1.09483322e+01 3.33259482e+01 5.37339757e+00
1.02466297e+01 3.29916393e+01 5.32237153e+00
9.67450694e+00 3.30387557e+01 5.31084952e+00
9.09446552e+00 3.30429245e+01 5.29603551e+00
8.55970663e+00 3.32031965e+01 5.29768151e+00
7.99003215e+00 3.32213163e+01 5.28615950e+00
7.30606646e+00 3.27104722e+01 5.22361146e+00
6.77613946e+00 3.28418679e+01 5.22525746e+00
6.21512389e+00 3.28129096e+01 5.21208945e+00
5.66269139e+00 3.28082506e+01 5.20221344e+00
5.12263565e+00 3.28621599e+01 5.19892144e+00
4.57049144e+00 3.28221971e+01 5.18739943e+00
4.03773031e+00 3.29092774e+01 5.18904543e+00
3.48703226e+00 3.28341064e+01 5.17587742e+00
2.95213075e+00 3.28865149e+01 5.17587742e+00
2.41519103e+00 3.29130933e+01 5.17423142e+00
1.90064555e+00 3.33250102e+01 5.21044345e+00
1.35517088e+00 3.32829384e+01 5.20385944e+00
8.12408157e-01 3.32662722e+01 5.20056744e+00
2.70686956e-01 3.32579266e+01 5.19892144e+00
-2.70826638e-01 3.32750886e+01 5.20056744e+00
-8.09056076e-01 3.31290121e+01 5.18739943e+00
-1.34888683e+00 3.31286026e+01 5.18904543e+00
-1.88598667e+00 3.30679884e+01 5.18575343e+00
-2.42649531e+00 3.30671427e+01 5.18904543e+00
-2.96287205e+00 3.30061722e+01 5.18739943e+00
-3.50153229e+00 3.29706397e+01 5.18904543e+00
-4.03564025e+00 3.28922425e+01 5.18739943e+00
-4.56812438e+00 3.28051984e+01 5.18575343e+00
-5.10413165e+00 3.27434551e+01 5.18739943e+00
-5.63641948e+00 3.26560375e+01 5.18739943e+00
-6.17040790e+00 3.25768303e+01 5.18904543e+00
-6.69984232e+00 3.24720791e+01 5.18904543e+00
-7.22376039e+00 3.23419742e+01 5.18739943e+00
-7.75324585e+00 3.22367955e+01 5.18904543e+00
-8.27265145e+00 3.20897063e+01 5.18739943e+00
-8.82575892e+00 3.20666327e+01 5.19892144e+00
-9.34171401e+00 3.19022570e+01 5.19727544e+00
-9.88520102e+00 3.18279274e+01 5.20550544e+00
-1.04233801e+01 3.17280310e+01 5.21208945e+00
-1.09384352e+01 3.15541667e+01 5.21208945e+00
-1.13211321e+01 3.10172518e+01 5.17587742e+00
-1.14739329e+01 3.14358903e+01 4.75545368e+00
-1.12477695e+01 3.24465051e+01 4.82743656e+00
-1.07235120e+01 3.26416112e+01 4.82884798e+00
-9.89007748e+00 3.18436284e+01 4.74557368e+00
-9.36562073e+00 3.19838992e+01 4.74416225e+00
-8.84833912e+00 3.21486733e+01 4.74557368e+00
-8.28956718e+00 3.21553226e+01 4.73428224e+00
-7.76507799e+00 3.22859917e+01 4.73428224e+00
-7.23478564e+00 3.23913361e+01 4.73287081e+00
-6.70659460e+00 3.25048053e+01 4.73287081e+00
-6.16063716e+00 3.25252455e+01 4.72581367e+00
-5.62748613e+00 3.26042799e+01 4.72440224e+00
-5.09604194e+00 3.26915589e+01 4.72440224e+00
-4.56087758e+00 3.27531568e+01 4.72299081e+00
-4.02924403e+00 3.28401106e+01 4.72440224e+00
-3.49598768e+00 3.29184312e+01 4.72581367e+00
-2.95817610e+00 3.29538596e+01 4.72440224e+00
-2.42013788e+00 3.29805066e+01 4.72299081e+00
-1.88299477e+00 3.30155299e+01 4.72299081e+00
-1.35164443e+00 3.31963291e+01 4.73569367e+00
-7.98544339e-01 3.26985803e+01 4.69335080e+00
-2.66204957e-01 3.27072463e+01 4.69335080e+00
2.66204957e-01 3.27072463e+01 4.69335080e+00
8.10710416e-01 3.31967535e+01 4.73428224e+00
1.33556567e+00 3.28014355e+01 4.70323081e+00
1.86929650e+00 3.27753511e+01 4.70323081e+00
2.40253205e+00 3.27405826e+01 4.70323081e+00
2.94588539e+00 3.28169421e+01 4.71311081e+00
3.48147000e+00 3.27817319e+01 4.71452224e+00
4.08155905e+00 3.32665010e+01 4.75968797e+00
4.56324752e+00 3.27701761e+01 4.72440224e+00
5.09868859e+00 3.27085374e+01 4.72581367e+00
5.64794470e+00 3.27228119e+01 4.73428224e+00
6.20540757e+00 3.27616120e+01 4.74557368e+00
6.73090050e+00 3.26226085e+01 4.74275082e+00
7.27598875e+00 3.25758093e+01 4.74839653e+00
7.82535114e+00 3.25365981e+01 4.75545368e+00
8.38822841e+00 3.25380306e+01 4.76674511e+00
8.94865671e+00 3.25131573e+01 4.77662511e+00
9.62155529e+00 3.28579241e+01 4.81896798e+00
1.01958818e+01 3.28282434e+01 4.83025941e+00
1.07664174e+01 3.27722122e+01 4.84013942e+00
1.13434486e+01 3.27225112e+01 4.85143085e+00
1.20218616e+01 3.29370867e+01 4.88671657e+00
1.26302287e+01 3.29295702e+01 4.90365372e+00
1.32094469e+01 3.28312169e+01 4.91353372e+00
1.37420894e+01 3.26118578e+01 4.91353372e+00
1.45344116e+01 3.29813833e+01 4.96716802e+00
1.51196144e+01 3.28497042e+01 4.97704803e+00
1.57043683e+01 3.27076842e+01 4.98692803e+00
1.63038687e+01 3.25860378e+01 4.99963089e+00
1.70543720e+01 3.27430680e+01 5.03915090e+00
1.77242140e+01 3.27179889e+01 5.06314519e+00
1.84904488e+01 3.28444221e+01 5.10266520e+00
1.93521568e+01 3.31028143e+01 5.15629950e+00
1.93772148e+01 3.31456772e+01 4.63090661e+00
1.88435752e+01 3.34716775e+01 4.63208320e+00
1.82962616e+01 3.37739594e+01 4.63208320e+00
1.74103652e+01 3.34265473e+01 4.58266628e+00
1.66099848e+01 3.31978626e+01 4.54383870e+00
1.60153069e+01 3.33552799e+01 4.53560255e+00
1.52616973e+01 3.31584012e+01 4.50148134e+00
1.46644644e+01 3.32764983e+01 4.49206859e+00
1.40674454e+01 3.33839720e+01 4.48265585e+00
1.32782095e+01 3.30021219e+01 4.43794530e+00
1.26961561e+01 3.31014562e+01 4.42970915e+00
1.21320919e+01 3.32390918e+01 4.42500277e+00
1.15669173e+01 3.33671526e+01 4.42029640e+00
1.08451023e+01 3.30117234e+01 4.38146882e+00
1.02502131e+01 3.30031770e+01 4.36852629e+00
9.70682976e+00 3.31491391e+01 4.36734970e+00
9.13402442e+00 3.31866538e+01 4.35911355e+00
8.56257820e+00 3.32143354e+01 4.35087739e+00
7.90014503e+00 3.28475795e+01 4.31557959e+00
7.33444286e+00 3.28375180e+01 4.30616685e+00
6.77464523e+00 3.28346258e+01 4.29793069e+00
6.23929973e+00 3.29405466e+01 4.29793069e+00
5.67889582e+00 3.29021351e+01 4.28851795e+00
5.12405106e+00 3.28712399e+01 4.28028179e+00
4.59070064e+00 3.29673260e+01 4.28145839e+00
4.03672649e+00 3.29010959e+01 4.27204564e+00
3.50066178e+00 3.29624429e+01 4.27204564e+00
2.95136620e+00 3.28779978e+01 4.26263289e+00
2.41582124e+00 3.29216815e+01 4.26263289e+00
1.87963619e+00 3.29566423e+01 4.26263289e+00
1.33805456e+00 3.28625624e+01 4.25439674e+00
8.02974572e-01 3.28799883e+01 4.25439674e+00
2.67681832e-01 3.28887024e+01 4.25439674e+00
-2.67121847e-01 3.28198999e+01 4.24969037e+00
-7.99195009e-01 3.27252237e+01 4.24380740e+00
-1.33245619e+00 3.27250668e+01 4.24498399e+00
-1.86494439e+00 3.26990431e+01 4.24498399e+00
-2.42463321e+00 3.30417669e+01 4.27086905e+00
-2.96213163e+00 3.29979239e+01 4.27086905e+00
-3.49884521e+00 3.29453379e+01 4.27086905e+00
-4.03672649e+00 3.29010959e+01 4.27204564e+00
-4.57172164e+00 3.28310316e+01 4.27204564e+00
-5.10550549e+00 3.27522684e+01 4.27204564e+00
-5.63501093e+00 3.26478767e+01 4.27086905e+00
-6.17207505e+00 3.25856321e+01 4.27322223e+00
-6.69817668e+00 3.24640062e+01 4.27204564e+00
-7.22570475e+00 3.23506795e+01 4.27204564e+00
-7.78349707e+00 3.23625754e+01 4.28145839e+00
-8.30493635e+00 3.22149398e+01 4.28028179e+00
-8.83276210e+00 3.20920773e+01 4.28145839e+00
-9.34911959e+00 3.19275473e+01 4.28028179e+00
-9.88797247e+00 3.18368508e+01 4.28498817e+00
-1.04263445e+01 3.17370546e+01 4.28969454e+00
-1.08119647e+01 3.11893366e+01 4.26263289e+00
-1.18077147e+01 3.23503743e+01 4.36029014e+00
-1.17798113e+01 3.22739255e+01 3.88197507e+00
-1.12585679e+01 3.24776555e+01 3.88291661e+00
-1.04436590e+01 3.17897586e+01 3.83301508e+00
-9.92483472e+00 3.19555382e+01 3.83301508e+00
-9.36951487e+00 3.19971978e+01 3.82642432e+00
-8.84288797e+00 3.21288677e+01 3.82548278e+00
-8.31875608e+00 3.22685467e+01 3.82548278e+00
-7.79242007e+00 3.23996759e+01 3.82548278e+00
-7.23775020e+00 3.24046090e+01 3.81889201e+00
-6.70934273e+00 3.25181246e+01 3.81889201e+00
-6.17915756e+00 3.26230244e+01 3.81889201e+00
-5.64733518e+00 3.27192805e+01 3.81889201e+00
-5.10341012e+00 3.27388264e+01 3.81512586e+00
-4.58171720e+00 3.29028129e+01 3.81983355e+00
-4.04345583e+00 3.29559429e+01 3.81889201e+00
-3.50467938e+00 3.30002728e+01 3.81795047e+00
-2.96707085e+00 3.30529465e+01 3.81795047e+00
-2.42993609e+00 3.31140321e+01 3.81889201e+00
-1.89061829e+00 3.31491972e+01 3.81889201e+00
-1.35079956e+00 3.31755791e+01 3.81889201e+00
-8.00955919e-01 3.27973290e+01 3.79723663e+00
-2.66868775e-01 3.27888061e+01 3.79629509e+00
2.67008888e-01 3.28060212e+01 3.79723663e+00
8.00955919e-01 3.27973290e+01 3.79723663e+00
1.33469073e+00 3.27799469e+01 3.79723663e+00
1.87591413e+00 3.28913814e+01 3.80476894e+00
2.40977751e+00 3.28393203e+01 3.80382740e+00
2.94552189e+00 3.28128926e+01 3.80476894e+00
3.49195265e+00 3.28804371e+01 3.81135970e+00
4.02878022e+00 3.28363303e+01 3.81230124e+00
4.57696846e+00 3.28687107e+01 3.81795047e+00
5.11136491e+00 3.27898571e+01 3.81795047e+00
5.67076014e+00 3.28549990e+01 3.82642432e+00
6.20158463e+00 3.27414287e+01 3.82548278e+00
6.65368247e+00 3.22483564e+01 3.80382740e+00
7.21148100e+00 3.22869974e+01 3.81230124e+00
7.85280596e+00 3.26507510e+01 3.83960585e+00
8.29297023e+00 3.21685231e+01 3.81983355e+00
8.94796162e+00 3.25106318e+01 3.84713816e+00
9.65495607e+00 3.29719888e+01 3.88197507e+00
1.02312110e+01 3.29419949e+01 3.88950737e+00
1.07660512e+01 3.27710978e+01 3.88950737e+00
1.13375099e+01 3.27053798e+01 3.89609814e+00
1.19096713e+01 3.26297115e+01 3.90268891e+00
1.24885276e+01 3.25601264e+01 3.91022122e+00
1.32096329e+01 3.28316793e+01 3.93846736e+00
1.37957638e+01 3.27392345e+01 3.94599967e+00
1.43754287e+01 3.26206204e+01 3.95259043e+00
1.51132296e+01 3.28358321e+01 3.97989504e+00
1.56978559e+01 3.26941206e+01 3.98648581e+00
1.62972658e+01 3.25728408e+01 3.99495965e+00
1.71274984e+01 3.28834651e+01 4.03073810e+00
1.77096738e+01 3.26911483e+01 4.03638733e+00
1.85603704e+01 3.29686232e+01 4.07216578e+00
1.93725756e+01 3.31377417e+01 4.10229501e+00
1.94425187e+01 3.32573827e+01 3.58115596e+00
1.86450822e+01 3.31190961e+01 3.55996674e+00
1.82922624e+01 3.37665771e+01 3.57621181e+00
1.75014831e+01 3.36014866e+01 3.55502259e+00
1.66593224e+01 3.32964720e+01 3.52818291e+00
1.60704114e+01 3.34700466e+01 3.52394506e+00
1.52497906e+01 3.31325320e+01 3.49710538e+00
1.46528974e+01 3.32502504e+01 3.49145492e+00
1.40629167e+01 3.33732248e+01 3.48651077e+00
1.33185029e+01 3.31022685e+01 3.46461524e+00
1.27347496e+01 3.32020773e+01 3.45967109e+00
1.21512874e+01 3.32916831e+01 3.45472694e+00
1.15626509e+01 3.33548455e+01 3.44907648e+00
1.08622788e+01 3.30640075e+01 3.42859356e+00
1.02817812e+01 3.31048186e+01 3.42294310e+00
9.70768516e+00 3.31520604e+01 3.41799895e+00
9.14392720e+00 3.32226336e+01 3.41446742e+00
8.59335134e+00 3.33337047e+01 3.41305480e+00
7.89656382e+00 3.28326894e+01 3.38621512e+00
7.33105964e+00 3.28223708e+01 3.38056466e+00
6.79583991e+00 3.29373499e+01 3.38056466e+00
6.23958380e+00 3.29420463e+01 3.37632682e+00
5.67912044e+00 3.29034365e+01 3.37067636e+00
5.14280005e+00 3.29915163e+01 3.37067636e+00
4.58610966e+00 3.29343566e+01 3.36502590e+00
4.04943078e+00 3.30046414e+01 3.36502590e+00
3.49712464e+00 3.29291369e+01 3.35937544e+00
2.96067499e+00 3.29816971e+01 3.35937544e+00
2.41461574e+00 3.29052535e+01 3.35443129e+00
1.87869826e+00 3.29401969e+01 3.35443129e+00
1.34228299e+00 3.29664125e+01 3.35443129e+00
7.92894699e-01 3.24672403e+01 3.33324207e+00
2.67265893e-01 3.28375981e+01 3.34807452e+00
-2.67546304e-01 3.28720508e+01 3.34948714e+00
-7.99203390e-01 3.27255669e+01 3.34383668e+00
-1.33177036e+00 3.27082229e+01 3.34383668e+00
-1.86790815e+00 3.27510084e+01 3.34666191e+00
-2.39570471e+00 3.26475429e+01 3.34383668e+00
-2.96221521e+00 3.29988550e+01 3.36008175e+00
-3.49712464e+00 3.29291369e+01 3.35937544e+00
-4.03264770e+00 3.28678519e+01 3.35937544e+00
-4.56947820e+00 3.28149207e+01 3.36008175e+00
-5.09769345e+00 3.27021535e+01 3.35866913e+00
-5.63223990e+00 3.26318221e+01 3.35937544e+00
-6.17546456e+00 3.26035271e+01 3.36220067e+00
-6.72273806e+00 3.25830477e+01 3.36573221e+00
-7.24469013e+00 3.24356801e+01 3.36431959e+00
-7.76765638e+00 3.22967123e+01 3.36361328e+00
-8.30092063e+00 3.21993628e+01 3.36502590e+00
-8.82392879e+00 3.20599833e+01 3.36502590e+00
-9.38332817e+00 3.20443707e+01 3.37067636e+00
-9.90367013e+00 3.18873934e+01 3.37067636e+00
-1.04213880e+01 3.17219673e+01 3.37067636e+00
-9.37340036e+00 2.70395018e+01 3.17502921e+00
-8.75500076e+00 2.39866527e+01 3.04860019e+00
-1.18176817e+01 3.23776815e+01 2.94255623e+00
-1.09842741e+01 3.16863983e+01 2.91712521e+00
-7.90116983e+00 2.40506016e+01 2.69248453e+00
-9.91640172e+00 3.19283860e+01 2.91429954e+00
-9.39054744e+00 3.20690247e+01 2.91382859e+00
-8.83530227e+00 3.21013066e+01 2.91053198e+00
-8.31162000e+00 3.22408657e+01 2.91053198e+00
-7.78573550e+00 3.23718824e+01 2.91053198e+00
-7.25778811e+00 3.24943220e+01 2.91053198e+00
-6.70353907e+00 3.24899961e+01 2.90723537e+00
-6.17381252e+00 3.25948051e+01 2.90723537e+00
-5.63951877e+00 3.26739941e+01 2.90676442e+00
-5.10693825e+00 3.27614597e+01 2.90676442e+00
-4.57300461e+00 3.28402450e+01 2.90676442e+00
-4.03785933e+00 3.29103290e+01 2.90676442e+00
-3.50164418e+00 3.29716932e+01 2.90676442e+00
-2.96450125e+00 3.30243213e+01 2.90676442e+00
-2.38999446e+00 3.25697262e+01 2.89310702e+00
-1.86641123e+00 3.27247621e+01 2.89640363e+00
-1.33350422e+00 3.27508063e+01 2.89640363e+00
-8.00243887e-01 3.27681729e+01 2.89640363e+00
-2.66631252e-01 3.27596230e+01 2.89593269e+00
2.66771523e-01 3.27768574e+01 2.89640363e+00
8.03610092e-01 3.29060114e+01 2.90017119e+00
1.31737734e+00 3.23547307e+01 2.88557190e+00
1.84383958e+00 3.23290015e+01 2.88557190e+00
2.37990387e+00 3.24322163e+01 2.88933946e+00
2.90748658e+00 3.23891821e+01 2.88933946e+00
3.43429893e+00 3.23375662e+01 2.88933946e+00
3.97489339e+00 3.23971289e+01 2.89263608e+00
4.57538165e+00 3.28573152e+01 2.90723537e+00
5.12552023e+00 3.28806647e+01 2.91006103e+00
5.66590138e+00 3.28268485e+01 2.91100292e+00
6.19626472e+00 3.27133421e+01 2.91053198e+00
6.75229638e+00 3.27263078e+01 2.91382859e+00
7.29535760e+00 3.26625268e+01 2.91524143e+00
7.84618906e+00 3.26232390e+01 2.91759615e+00
8.40627409e+00 3.26080300e+01 2.92089277e+00
9.21033252e+00 3.34639041e+01 2.94914945e+00
9.78770694e+00 3.34253374e+01 2.95244607e+00
1.03713692e+01 3.33932700e+01 2.95621363e+00
1.09511909e+01 3.33346496e+01 2.95951024e+00
1.13681362e+01 3.27937277e+01 2.94914945e+00
1.20717834e+01 3.30738608e+01 2.96280685e+00
1.26579029e+01 3.30017223e+01 2.96657441e+00
1.30518635e+01 3.24395537e+01 2.95621363e+00
1.38257781e+01 3.28104624e+01 2.97363858e+00
1.43649514e+01 3.25968454e+01 2.97410953e+00
8.15599479e+00 1.77201619e+01 2.53377613e+00
1.59181679e+01 3.31529673e+01 3.00566283e+00
1.63322998e+01 3.26428622e+01 2.99812771e+00
1.71082746e+01 3.28465568e+01 3.01272700e+00
1.77555822e+01 3.27758929e+01 3.01932023e+00
1.87348367e+01 3.32785262e+01 3.04428031e+00
2.27707577e+01 3.89504988e+01 3.23360012e+00
2.27996248e+01 3.89998776e+01 2.61727968e+00
2.21618048e+01 3.93658196e+01 2.61727968e+00
2.16987706e+01 4.00548163e+01 2.62246056e+00
1.89016369e+01 3.62896730e+01 2.55911257e+00
1.68659354e+01 3.37094231e+01 2.51507513e+00
1.33675272e+01 2.78407160e+01 2.42205485e+00
1.52840392e+01 3.32069423e+01 2.49953250e+00
1.46928409e+01 3.33408900e+01 2.49788404e+00
1.40879557e+01 3.34326458e+01 2.49576459e+00
1.33038125e+01 3.30657565e+01 2.48705129e+00
1.27206232e+01 3.31652470e+01 2.48540283e+00
1.21791085e+01 3.33679064e+01 2.48540283e+00
1.15891940e+01 3.34314143e+01 2.48351888e+00
1.10058316e+01 3.35009722e+01 2.48187042e+00
1.04181721e+01 3.35439638e+01 2.47998646e+00
9.84172944e+00 3.36098259e+01 2.47857350e+00
9.39400576e+00 3.41312441e+01 2.48375437e+00
8.70379469e+00 3.37621157e+01 2.47645405e+00
8.12487734e+00 3.37819817e+01 2.47480559e+00
7.54762689e+00 3.37919783e+01 2.47315713e+00
6.79106144e+00 3.29141902e+01 2.45926296e+00
6.22875186e+00 3.28848588e+01 2.45737900e+00
5.69266104e+00 3.29818874e+01 2.45737900e+00
5.13116412e+00 3.29168708e+01 2.45525955e+00
4.59469765e+00 3.29960298e+01 2.45525955e+00
4.04231762e+00 3.29466660e+01 2.45361109e+00
3.45089088e+00 3.24937970e+01 2.44654626e+00
2.92307474e+00 3.25628331e+01 2.44678176e+00
2.38257004e+00 3.24685496e+01 2.44489780e+00
1.85376501e+00 3.25030292e+01 2.44489780e+00
1.32517017e+00 3.25461225e+01 2.44513330e+00
7.91875428e-01 3.24255035e+01 2.44324934e+00
2.63981791e-01 3.24340971e+01 2.44324934e+00
-2.63981791e-01 3.24340971e+01 2.44324934e+00
-8.01135084e-01 3.28046654e+01 2.44843022e+00
-1.33498929e+00 3.27872794e+01 2.44843022e+00
-1.86947142e+00 3.27784180e+01 2.44866571e+00
-2.39266345e+00 3.26060980e+01 2.44678176e+00
-2.92307474e+00 3.25628331e+01 2.44678176e+00
-3.45271153e+00 3.25109404e+01 2.44678176e+00
-3.97933405e+00 3.24333223e+01 2.44654626e+00
-4.50672287e+00 3.23642541e+01 2.44654626e+00
-5.11257694e+00 3.27976324e+01 2.45361109e+00
-5.64867771e+00 3.27270588e+01 2.45384659e+00
-6.18383488e+00 3.26477184e+01 2.45408208e+00
-6.71093773e+00 3.25258551e+01 2.45384659e+00
-7.23947082e+00 3.24123124e+01 2.45384659e+00
-7.76608577e+00 3.22901819e+01 2.45384659e+00
-8.32076868e+00 3.22763535e+01 2.45549505e+00
-8.84502738e+00 3.21366408e+01 2.45549505e+00
-9.36209776e+00 3.19718681e+01 2.45525955e+00
-9.92728324e+00 3.19634218e+01 2.45737900e+00
-1.04462355e+01 3.17976014e+01 2.45737900e+00
-1.09624200e+01 3.16233559e+01 2.45737900e+00
-1.15111659e+01 3.15379000e+01 2.45879197e+00
-1.15170769e+01 3.15540948e+01 2.45902746e+00
