2.35208119e+01 1.40085362e+01 8.01971916e+00
2.39175524e+01 1.47774591e+01 8.29343205e+00
2.37850984e+01 1.52360681e+01 8.34242785e+00
2.32743445e+01 1.54488794e+01 8.22687088e+00
2.31023051e+01 1.58823888e+01 8.26400185e+00
2.27964910e+01 1.62248360e+01 8.24386542e+00
2.27162522e+01 1.67313827e+01 8.32993829e+00
2.24744481e+01 1.71244747e+01 8.34557693e+00
2.19955078e+01 1.73326045e+01 8.25245209e+00
2.16687846e+01 1.76543644e+01 8.23251041e+00
2.13669233e+01 1.79949319e+01 8.22687088e+00
2.10941812e+01 1.83603483e+01 8.23817495e+00
2.07306616e+01 1.86456140e+01 8.20731215e+00
2.03538744e+01 1.89150164e+01 8.17159588e+00
2.00168838e+01 1.92184483e+01 8.15801524e+00
1.96548763e+01 1.94955558e+01 8.13370606e+00
1.93450966e+01 1.98232983e+01 8.13909706e+00
1.89899467e+01 2.01038723e+01 8.12293581e+00
1.86748956e+01 2.04263805e+01 8.13101229e+00
1.85314205e+01 2.09440522e+01 8.23817495e+00
1.81097015e+01 2.11513935e+01 8.19349306e+00
1.76740938e+01 2.13360090e+01 8.14179435e+00
1.73701261e+01 2.16778456e+01 8.16887420e+00
1.69657949e+01 2.18942395e+01 8.13909706e+00
1.66071756e+01 2.21674906e+01 8.13909706e+00
1.62143433e+01 2.23936937e+01 8.12024457e+00
1.65853077e+01 2.37090834e+01 8.59747581e+00
1.42024611e+01 2.10231910e+01 7.27596964e+00
0.00000000e+00 0.00000000e+00 0.00000000e+00
0.00000000e+00 0.00000000e+00 0.00000000e+00
0.00000000e+00 0.00000000e+00 0.00000000e+00
0.00000000e+00 0.00000000e+00 0.00000000e+00
0.00000000e+00 0.00000000e+00 0.00000000e+00
0.00000000e+00 0.00000000e+00 0.00000000e+00
1.22873605e+01 1.95300097e+01 6.07787818e+00
1.32064579e+01 2.02518592e+01 6.47010790e+00
1.35186352e+01 2.00109578e+01 6.46013281e+00
1.37496075e+01 1.96553840e+01 6.40249907e+00
1.39653784e+01 1.92876394e+01 6.34048236e+00
1.49115017e+01 1.99040814e+01 6.71630611e+00
1.59925404e+01 2.06382614e+01 7.15671787e+00
1.63791432e+01 2.04411030e+01 7.18672350e+00
1.71444694e+01 2.06966511e+01 7.42894577e+00
1.77799505e+01 2.07662577e+01 7.59335925e+00
1.81000257e+01 2.04564936e+01 7.58500276e+00
1.82764377e+01 1.99905520e+01 7.50380548e+00
1.81292084e+01 1.91926442e+01 7.26045074e+00
1.92677367e+01 1.97440262e+01 7.68205899e+00
1.96645989e+01 1.95051996e+01 7.72112512e+00
2.15991576e+01 2.07376082e+01 8.51912368e+00
2.28763775e+01 2.12591984e+01 8.97641546e+00
2.38522962e+01 2.14532810e+01 9.27895128e+00
1.84150412e+01 1.60284283e+01 6.55404403e+00
1.68587144e+01 1.41981798e+01 5.71080992e+00
1.71768146e+01 1.39945894e+01 5.75171529e+00
1.84141689e+01 1.45104860e+01 6.20955658e+00
2.13748820e+01 1.62866569e+01 7.42799740e+00
2.09988416e+01 1.54664445e+01 7.14625163e+00
1.94691880e+01 1.38567107e+01 6.37037534e+00
2.03437729e+01 1.39859512e+01 6.65140881e+00
2.13639266e+01 1.41807957e+01 6.99061579e+00
2.31614048e+01 1.48365474e+01 7.65304021e+00
2.60644660e+01 1.61039296e+01 8.76622765e+00
2.72756556e+01 1.62448478e+01 9.16024520e+00
2.63983815e+01 1.51457719e+01 8.69392890e+00
2.75143207e+01 1.57860294e+01 8.67554829e+00
2.86829024e+01 1.70829765e+01 9.24126935e+00
2.85384115e+01 1.76324568e+01 9.29618440e+00
2.83723921e+01 1.81745599e+01 9.34657425e+00
2.80615668e+01 1.86265079e+01 9.34198624e+00
2.77769050e+01 1.90960861e+01 9.35116427e+00
2.77287447e+01 1.97352450e+01 9.46234534e+00
2.76871455e+01 2.03926344e+01 9.58200737e+00
2.78482465e+01 2.12190569e+01 9.79437747e+00
2.71816161e+01 2.14192919e+01 9.65687738e+00
2.74850351e+01 2.23930799e+01 9.94449944e+00
2.72275519e+01 2.29306736e+01 9.99369749e+00
2.71840655e+01 2.36609758e+01 1.01440008e+01
2.62936087e+01 2.36490512e+01 9.91450519e+00
2.63555997e+01 2.44924671e+01 1.01236166e+01
2.64579843e+01 2.54026255e+01 1.03614886e+01
2.64426944e+01 2.62283526e+01 1.05539048e+01
2.59780494e+01 2.66202146e+01 1.05372398e+01
2.57118477e+01 2.72200713e+01 1.06217005e+01
2.48570657e+01 2.71883652e+01 1.04159022e+01
2.44730443e+01 2.76592245e+01 1.04476274e+01
2.39139977e+01 2.79305749e+01 1.03924099e+01
2.28035067e+01 2.75281907e+01 1.00444454e+01
2.28241595e+01 2.84844566e+01 1.03010184e+01
2.27088076e+01 2.93055571e+01 1.04960770e+01
2.16322816e+01 2.88750725e+01 1.01577246e+01
2.08658117e+01 2.88178552e+01 9.98746442e+00
1.66266744e+01 2.37682180e+01 7.75228253e+00
1.58011250e+01 2.33896130e+01 7.48711382e+00
1.56198695e+01 2.39527814e+01 7.61260082e+00
1.67894911e+01 2.66858715e+01 8.60987511e+00
1.77688639e+01 2.92896462e+01 9.53830184e+00
1.76944396e+01 3.02672076e+01 9.81099506e+00
1.96003199e+01 3.35273095e+01 1.05157327e+01
1.99082038e+01 3.28160680e+01 1.03683675e+01
2.01384289e+01 3.20088039e+01 1.01845395e+01
1.58661555e+01 2.43304564e+01 7.33489376e+00
1.57454129e+01 2.33071451e+01 7.03616642e+00
1.60630857e+01 2.29625549e+01 7.00237628e+00
1.65177368e+01 2.28127117e+01 7.04837084e+00
1.67798891e+01 2.23980310e+01 6.99039587e+00
1.72654195e+01 2.22809029e+01 7.05573903e+00
1.73893702e+01 2.17018620e+01 6.93288732e+00
1.78391233e+01 2.15352313e+01 6.98321831e+00
1.83572052e+01 2.14404677e+01 7.06810672e+00
1.86535305e+01 2.10820599e+01 7.04347814e+00
1.89438218e+01 2.07205288e+01 7.01921382e+00
1.94349955e+01 2.05750271e+01 7.09322595e+00
1.97727869e+01 2.02615610e+01 7.09576941e+00
2.01677977e+01 2.00043195e+01 7.12681323e+00
2.05439999e+01 1.97245387e+01 7.15080539e+00
2.07325223e+01 1.92668968e+01 7.09322595e+00
2.10202378e+01 1.89060652e+01 7.08311161e+00
2.14266388e+01 1.86497189e+01 7.12681323e+00
2.17711535e+01 1.83353691e+01 7.14541621e+00
2.20098122e+01 1.79322122e+01 7.12156843e+00
2.22924652e+01 1.75666089e+01 7.11895684e+00
2.27482154e+01 1.73330726e+01 7.18953295e+00
2.33135466e+01 1.71713127e+01 7.30503226e+00
2.36989312e+01 1.68671253e+01 7.34849335e+00
2.36778969e+01 1.62780971e+01 7.23318518e+00
2.40499437e+01 1.59637011e+01 7.27617141e+00
2.44413562e+01 1.56564485e+01 7.32817001e+00
2.47194142e+01 1.52728894e+01 7.33827467e+00
2.48768350e+01 1.48161571e+01 7.30503226e+00
2.50125545e+01 1.43506694e+01 7.26676808e+00
2.55557866e+01 1.46623426e+01 7.03636996e+00
2.60516646e+01 1.55158627e+01 7.30252473e+00
2.52582056e+01 1.56057817e+01 7.10675029e+00
2.47137490e+01 1.58309356e+01 7.00109599e+00
2.42472303e+01 1.60946546e+01 6.92463852e+00
2.43175996e+01 1.67178804e+01 7.05082375e+00
2.38396676e+01 1.69672910e+01 6.97376557e+00
2.35342317e+01 1.73338557e+01 6.96371989e+00
2.30140979e+01 1.75356626e+01 6.87221574e+00
2.26010019e+01 1.78097379e+01 6.82304891e+00
2.25782669e+01 1.83953534e+01 6.93103078e+00
2.24659649e+01 1.89205298e+01 7.00805196e+00
2.19753655e+01 1.91273299e+01 6.93424509e+00
2.12520053e+01 1.91145220e+01 6.76373167e+00
2.09941453e+01 1.95100251e+01 6.78745632e+00
2.06613843e+01 1.98372409e+01 6.78212261e+00
2.03236185e+01 2.01588773e+01 6.77682449e+00
1.97842836e+01 2.02733419e+01 6.68430704e+00
1.93734391e+01 2.05098599e+01 6.64900120e+00
1.91139109e+01 2.09065702e+01 6.68430704e+00
1.87356153e+01 2.11748315e+01 6.66772078e+00
1.84182807e+01 2.15118014e+01 6.68192405e+00
1.80123168e+01 2.17443089e+01 6.65599515e+00
1.75859118e+01 2.19471451e+01 6.62126173e+00
1.72218051e+01 2.22246189e+01 6.61896286e+00
1.68444465e+01 2.24842031e+01 6.61207448e+00
1.64111886e+01 2.26655576e+01 6.57770168e+00
1.59589750e+01 2.28137262e+01 6.53385066e+00
1.55431331e+01 2.30077206e+01 6.51038514e+00
1.51707432e+01 2.32640546e+01 6.51274805e+00
1.47819373e+01 2.34949873e+01 6.50801824e+00
1.44015136e+01 2.37390100e+01 6.51038514e+00
1.39977447e+01 2.39438295e+01 6.50089136e+00
1.42381044e+01 2.43549765e+01 6.23651188e+00
1.44818128e+01 2.38713727e+01 6.15073333e+00
1.49679101e+01 2.37905797e+01 6.20582752e+00
1.53044266e+01 2.34690556e+01 6.17950751e+00
1.56718643e+01 2.31982748e+01 6.17289983e+00
1.60687706e+01 2.29706817e+01 6.18390473e+00
1.65978430e+01 2.29233468e+01 6.26302610e+00
1.67450476e+01 2.23515241e+01 6.15296175e+00
1.72073269e+01 2.22059348e+01 6.20144816e+00
1.81312666e+01 2.26277457e+01 6.46786914e+00
1.87116301e+01 2.25885136e+01 6.56703258e+00
1.93551806e+01 2.26060623e+01 6.69328047e+00
1.97287343e+01 2.22972460e+01 6.69691273e+00
2.02781874e+01 2.21800422e+01 6.77959493e+00
2.10242727e+01 2.22575293e+01 6.94615905e+00
2.16488440e+01 2.21839933e+01 7.05811103e+00
2.15671804e+01 2.13923590e+01 6.87535193e+00
2.24023041e+01 2.15087187e+01 7.07563381e+00
2.27712485e+01 2.11615011e+01 7.08441857e+00
2.32238960e+01 2.08880840e+01 7.12854316e+00
2.36288477e+01 2.05665187e+01 7.15514859e+00
2.35848624e+01 1.98628501e+01 7.01029273e+00
2.44261098e+01 1.99008597e+01 7.20854963e+00
2.58194641e+01 2.03459072e+01 7.61139256e+00
2.59056958e+01 1.97389244e+01 7.52182681e+00
2.59981532e+01 1.91486274e+01 7.43925118e+00
2.65344633e+01 1.88852448e+01 7.52182681e+00
2.70294600e+01 1.85822320e+01 7.59023903e+00
2.78211926e+01 1.84669540e+01 7.76473003e+00
2.77643906e+01 1.77850913e+01 7.64082615e+00
2.74814788e+01 1.69794309e+01 7.44362997e+00
2.77031389e+01 1.64994486e+01 7.42609521e+00
2.84880556e+01 1.63446987e+01 7.60294418e+00
2.99373284e+01 1.71762025e+01 7.59354806e+00
2.97021892e+01 1.76900439e+01 7.60933314e+00
2.87530172e+01 1.77650509e+01 7.39285091e+00
2.91583713e+01 1.86780363e+01 7.62521323e+00
2.89941423e+01 1.92455262e+01 7.67352369e+00
2.83039465e+01 1.94584169e+01 7.54666647e+00
2.83287075e+01 2.01622535e+01 7.66539478e+00
2.71804369e+01 2.00194243e+01 7.38132280e+00
2.63184841e+01 2.00534498e+01 7.19374919e+00
2.51196724e+01 1.97944668e+01 6.88378549e+00
2.47119292e+01 2.01337274e+01 6.85406993e+00
2.43809395e+01 2.05332953e+01 6.85406993e+00
2.42828525e+01 2.11357637e+01 6.94298258e+00
2.36996697e+01 2.13160053e+01 6.85406993e+00
2.31717057e+01 2.15336492e+01 6.78603770e+00
2.26542424e+01 2.17506076e+01 6.72237881e+00
2.22650543e+01 2.20845760e+01 6.70968987e+00
2.20399802e+01 2.25847983e+01 6.76478894e+00
2.11970679e+01 2.24404605e+01 6.57204296e+00
2.07700312e+01 2.27180152e+01 6.54755783e+00
2.00894612e+01 2.27049365e+01 6.41731151e+00
2.03665009e+01 2.37872432e+01 6.69702129e+00
2.02470670e+01 2.44420795e+01 6.81580643e+00
1.94038206e+01 2.42158879e+01 6.61743211e+00
1.88810421e+01 2.43658526e+01 6.55977427e+00
1.87305641e+01 2.50018194e+01 6.67595943e+00
1.84715161e+01 2.55110841e+01 6.74780738e+00
1.75535120e+01 2.50931540e+01 6.50325057e+00
1.69031733e+01 2.50209199e+01 6.38333977e+00
1.65302853e+01 2.53488872e+01 6.40212171e+00
1.62925554e+01 2.58960227e+01 6.49528315e+00
1.58615338e+01 2.61456621e+01 6.49131019e+00
1.51730034e+01 2.59541671e+01 6.34649159e+00
1.52684940e+01 2.61175086e+01 5.96323151e+00
1.56302089e+01 2.57643534e+01 5.93181307e+00
1.60063538e+01 2.54411227e+01 5.91129622e+00
1.66062316e+01 2.54653494e+01 6.00262735e+00
1.74032117e+01 2.57611015e+01 6.18508255e+00
1.83754851e+01 2.62681837e+01 6.44228365e+00
1.90835562e+01 2.63563751e+01 6.57037834e+00
1.86756362e+01 2.49285007e+01 6.20088178e+00
1.84982447e+01 2.38718552e+01 5.94917432e+00
1.88111630e+01 2.34762536e+01 5.91809616e+00
1.96915409e+01 2.37714533e+01 6.12651221e+00
1.99633381e+01 2.33163654e+01 6.08057635e+00
2.02558137e+01 2.28929467e+01 6.04675944e+00
2.05320902e+01 2.24577581e+01 6.00990203e+00
2.14401466e+01 2.26977978e+01 6.22072078e+00
2.22301032e+01 2.27796210e+01 6.38165909e+00
2.23710850e+01 2.21897472e+01 6.29682163e+00
2.26310428e+01 2.17283334e+01 6.26065439e+00
2.28277332e+01 2.12139928e+01 6.20484181e+00
2.35179497e+01 2.11525623e+01 6.32909356e+00
2.41577647e+01 2.10268874e+01 6.43421140e+00
2.43687330e+01 2.05230152e+01 6.38974958e+00
2.48057973e+01 2.02102053e+01 6.42613451e+00
2.58019815e+01 2.03321308e+01 6.65279323e+00
2.63600123e+01 2.00850923e+01 6.72973588e+00
2.62241885e+01 1.93151110e+01 6.57829336e+00
2.71044930e+01 1.92909493e+01 6.76385234e+00
2.74616570e+01 1.88793591e+01 6.77891747e+00
2.81031416e+01 1.86541041e+01 6.88657478e+00
2.87506733e+01 1.84168763e+01 6.99618493e+00
3.05005323e+01 1.88447531e+01 7.44994747e+00
3.09559285e+01 1.84367465e+01 7.49713741e+00
3.46552766e+01 1.98830717e+01 8.53892825e+00
3.56071859e+01 2.04292189e+01 8.23947669e+00
3.44771541e+01 2.05339198e+01 8.00792246e+00
3.47027824e+01 2.14411132e+01 8.17441342e+00
3.65640899e+01 2.34219322e+01 8.83447749e+00
3.42569603e+01 2.27388422e+01 8.25587535e+00
3.28405306e+01 2.25772309e+01 7.93863351e+00
2.96953938e+01 2.11349585e+01 7.08443344e+00
2.87812127e+01 2.11984565e+01 6.90796054e+00
2.89304509e+01 2.20436459e+01 7.06510269e+00
2.64446040e+01 2.08385216e+01 6.38675951e+00
2.58942406e+01 2.10970004e+01 6.31953933e+00
2.68587272e+01 2.26200544e+01 6.74975223e+00
2.79591429e+01 2.43356022e+01 7.23951437e+00
2.59232563e+01 2.33159481e+01 6.68732486e+00
2.51089696e+01 2.33339639e+01 6.53956102e+00
2.49561845e+01 2.39607297e+01 6.61969377e+00
2.50488371e+01 2.48457937e+01 6.79145782e+00
2.49536626e+01 2.55705055e+01 6.90375892e+00
2.36229714e+01 2.50086643e+01 6.57077865e+00
2.30451058e+01 2.52064649e+01 6.50842216e+00
2.21612195e+01 2.50464199e+01 6.33022992e+00
2.30062964e+01 2.68704168e+01 6.81472554e+00
2.19634168e+01 2.65140418e+01 6.57773482e+00
2.10180214e+01 2.62304037e+01 6.37269923e+00
2.14813425e+01 2.77215220e+01 6.73857113e+00
2.04277920e+01 2.72673029e+01 6.48766869e+00
1.98597028e+01 2.74283142e+01 6.43565755e+00
1.93947249e+01 2.77252107e+01 6.42869797e+00
1.96487403e+01 2.90850450e+01 6.74601661e+00
1.97151819e+01 3.02328674e+01 6.99522537e+00
1.93586027e+01 3.07693176e+01 7.06031705e+00
1.84631858e+01 3.04341450e+01 6.87065348e+00
1.81887486e+01 3.11127473e+01 6.98172364e+00
2.04803061e+01 3.50325690e+01 7.54076285e+00
2.01795011e+01 3.32632661e+01 7.14488867e+00
2.10388013e+01 3.34398909e+01 7.28722991e+00
2.40031370e+01 3.68083674e+01 8.33610025e+00
2.48091251e+01 3.67237038e+01 8.42482610e+00
2.23169954e+01 3.19026644e+01 7.15148442e+00
2.24691659e+01 3.10322540e+01 7.00465458e+00
2.18979702e+01 2.92297174e+01 6.58133649e+00
2.28715509e+01 2.95155762e+01 6.77464101e+00
2.34202382e+01 2.92283604e+01 6.80160180e+00
2.43746479e+01 2.94248585e+01 6.98018479e+00
2.64128115e+01 3.08490876e+01 7.54827416e+00
2.85889134e+01 3.23109443e+01 8.14688509e+00
2.95760419e+01 3.23499257e+01 8.30984269e+00
2.68121073e+01 2.83848707e+01 7.17805394e+00
2.83640316e+01 2.90651772e+01 7.54827416e+00
3.13312127e+01 3.10772450e+01 8.38022322e+00
3.05145329e+01 2.92973660e+01 7.94803782e+00
2.95182739e+01 2.74315652e+01 7.47379352e+00
3.16579199e+01 2.84738310e+01 8.01353574e+00
3.94679972e+01 3.43528942e+01 1.03180020e+01
4.52039306e+01 3.80701350e+01 1.19200669e+01
3.58033699e+01 2.91703365e+01 8.86553755e+00
3.81594491e+01 3.00698964e+01 9.43335334e+00
4.17965863e+01 3.18470372e+01 1.03706400e+01
4.68072764e+01 3.44753371e+01 1.16916087e+01
3.97637663e+01 2.83008724e+01 9.48617424e+00
3.94205760e+01 2.71008851e+01 9.25701436e+00
4.51284708e+01 2.99550564e+01 1.07533268e+01
3.56876227e+01 2.28604918e+01 7.96684769e+00
5.02257832e+01 3.10319988e+01 1.19058227e+01
5.03288036e+01 2.99748526e+01 1.17969867e+01
0.00000000e+00 0.00000000e+00 0.00000000e+00
0.00000000e+00 0.00000000e+00 0.00000000e+00
0.00000000e+00 0.00000000e+00 0.00000000e+00
0.00000000e+00 0.00000000e+00 0.00000000e+00
0.00000000e+00 0.00000000e+00 0.00000000e+00
0.00000000e+00 0.00000000e+00 0.00000000e+00
0.00000000e+00 0.00000000e+00 0.00000000e+00
2.34289388e+01 1.66749649e+01 4.33800778e+00
1.24793277e+01 9.19149894e+00 1.39347186e+00
4.06781713e+01 3.09948575e+01 9.30929916e+00
4.11466817e+01 3.24238553e+01 9.58595314e+00
3.49568058e+01 2.84806092e+01 7.96546881e+00
3.36384153e+01 2.83298154e+01 7.71860782e+00
3.38328072e+01 2.94480320e+01 7.91292846e+00
3.02926203e+01 2.72458505e+01 6.99995898e+00
2.98217438e+01 2.77135821e+01 6.99286930e+00
2.92978724e+01 2.81292358e+01 6.97167820e+00
2.93412808e+01 2.91034433e+01 7.12969678e+00
2.68410328e+01 2.75045306e+01 6.48651112e+00
2.47245238e+01 2.61748323e+01 5.94791551e+00
2.41367826e+01 2.64005280e+01 5.89577268e+00
2.44720663e+01 2.76581191e+01 6.15324049e+00
2.36977180e+01 2.76779691e+01 6.04365289e+00
2.25677984e+01 2.72436458e+01 5.80821166e+00
2.17915763e+01 2.71957971e+01 5.69107919e+00
2.19918899e+01 2.83803799e+01 5.92526224e+00
2.13794453e+01 2.85375830e+01 5.87059420e+00
1.97741135e+01 2.73101065e+01 5.43964066e+00
2.03398714e+01 2.90763196e+01 5.83209723e+00
2.10949673e+01 3.12258222e+01 6.32051130e+00
2.15365694e+01 3.30259314e+01 6.70785406e+00
2.03146699e+01 3.22889281e+01 6.42363641e+00
2.05108587e+01 3.38094657e+01 6.73383773e+00
2.32352962e+01 3.97451148e+01 8.17610949e+00
2.57879088e+01 4.41114840e+01 8.57522280e+00
2.48280338e+01 4.09257637e+01 7.90436795e+00
2.52534855e+01 4.01388741e+01 7.81172690e+00
3.19819368e+01 4.90437095e+01 1.01241528e+01
3.24574166e+01 4.80450863e+01 1.00058969e+01
2.79221897e+01 3.99154202e+01 8.07980960e+00
2.84721907e+01 3.93230553e+01 8.04579339e+00
2.81769879e+01 3.76110381e+01 7.72295405e+00
2.76340338e+01 3.56615270e+01 7.33232794e+00
2.42174633e+01 3.02232940e+01 6.00524680e+00
2.68729238e+01 3.24407550e+01 6.71105131e+00
3.42011369e+01 3.99455343e+01 8.88492131e+00
3.92201626e+01 4.43262909e+01 1.02563697e+01
3.50890026e+01 3.83799371e+01 8.76351364e+00
3.78756027e+01 4.00973364e+01 9.41914964e+00
4.10020862e+01 4.20156387e+01 1.01566819e+01
4.16188175e+01 4.12814596e+01 1.01386160e+01
3.27168374e+01 3.14118248e+01 7.38219351e+00
3.42899455e+01 3.18659173e+01 7.68463966e+00
4.00648092e+01 3.60351726e+01 9.15495576e+00
4.32323517e+01 3.76293836e+01 9.86746400e+00
4.54361049e+01 3.82656690e+01 1.03013330e+01
4.23278917e+01 3.44861070e+01 9.30287014e+00
4.48661048e+01 3.53547851e+01 9.82737229e+00
0.00000000e+00 0.00000000e+00 0.00000000e+00
4.00829029e+01 2.95225806e+01 8.30203956e+00
4.84894317e+01 3.45111479e+01 1.03249988e+01
4.77234470e+01 3.28089487e+01 9.99180418e+00
0.00000000e+00 0.00000000e+00 0.00000000e+00
4.93609859e+01 3.16192655e+01 1.01386160e+01
4.39041629e+01 2.71261859e+01 8.68158015e+00
0.00000000e+00 0.00000000e+00 0.00000000e+00
0.00000000e+00 0.00000000e+00 0.00000000e+00
0.00000000e+00 0.00000000e+00 0.00000000e+00
0.00000000e+00 0.00000000e+00 0.00000000e+00
0.00000000e+00 0.00000000e+00 0.00000000e+00
0.00000000e+00 0.00000000e+00 0.00000000e+00
0.00000000e+00 0.00000000e+00 0.00000000e+00
0.00000000e+00 0.00000000e+00 0.00000000e+00
2.69590617e+01 1.91874422e+01 4.36885853e+00
0.00000000e+00 0.00000000e+00 0.00000000e+00
1.59260848e+01 1.21349292e+01 1.83906216e+00
4.50262803e+01 3.54810045e+01 9.06076941e+00
4.38470338e+01 3.57238085e+01 8.91200129e+00
4.28560402e+01 3.60927736e+01 8.80982151e+00
4.23627737e+01 3.68725040e+01 8.83545918e+00
3.48788765e+01 3.13708304e+01 7.04455140e+00
3.35956196e+01 3.12206748e+01 6.84157915e+00
3.15185572e+01 3.02613418e+01 6.42172111e+00
3.08418757e+01 3.05918746e+01 6.37265523e+00
2.80309526e+01 2.87238647e+01 5.73266142e+00
2.73522624e+01 2.89567107e+01 5.67417887e+00
3.10312121e+01 3.39415737e+01 6.86596565e+00
2.90508925e+01 3.28330692e+01 6.45002224e+00
2.81361054e+01 3.28618247e+01 6.33794738e+00
2.72372852e+01 3.28806088e+01 6.22863593e+00
2.64819398e+01 3.30493513e+01 6.16159560e+00
2.40417241e+01 3.10256766e+01 5.56147375e+00
2.21854126e+01 2.96133995e+01 5.12618618e+00
2.08778669e+01 2.88345046e+01 4.85464915e+00
2.13419461e+01 3.05088087e+01 5.17083294e+00
2.06905492e+01 3.06271825e+01 5.11827415e+00
2.00273394e+01 3.07115551e+01 5.06087604e+00
2.13727038e+01 3.39706085e+01 5.73266142e+00
2.34499794e+01 3.86542214e+01 6.71542969e+00
2.37926068e+01 4.06984220e+01 7.08939108e+00
2.57272484e+01 4.40077214e+01 7.11615317e+00
2.56053616e+01 4.22070868e+01 6.82732160e+00
2.54889880e+01 4.05131911e+01 6.55773021e+00
2.41342651e+01 3.70094498e+01 5.89711016e+00
2.25777440e+01 3.34207023e+01 5.20602734e+00
2.24591785e+01 3.21059184e+01 4.99953276e+00
2.43102346e+01 3.35749612e+01 5.40695324e+00
2.41268083e+01 3.22048016e+01 5.18944347e+00
2.29537777e+01 2.96216894e+01 4.69312097e+00
2.41606202e+01 3.01523542e+01 4.90197491e+00
2.70895468e+01 3.27022603e+01 5.58876148e+00
2.53566110e+01 2.96154884e+01 4.96470641e+00
2.59638990e+01 2.93441756e+01 4.99953276e+00
2.68667309e+01 2.93865134e+01 5.11353330e+00
3.04167420e+01 3.22009486e+01 5.91722481e+00
3.07548887e+01 3.15151352e+01 5.87047114e+00
2.97856049e+01 2.95441657e+01 5.49683748e+00
2.99728337e+01 2.87772742e+01 5.42476164e+00
3.53984017e+01 3.28960144e+01 6.64017066e+00
3.78520705e+01 3.40449865e+01 7.10429833e+00
3.32710978e+01 2.89591209e+01 5.88376545e+00
3.93516072e+01 3.31413879e+01 7.20083212e+00
4.59955827e+01 3.74743112e+01 8.61511789e+00
4.50914751e+01 3.55323784e+01 8.27057336e+00
4.09224481e+01 3.11809849e+01 7.20083212e+00
3.86606174e+01 2.84750134e+01 6.58479982e+00
4.23134667e+01 3.01155583e+01 7.28844981e+00
4.53824196e+01 3.11995375e+01 7.85126398e+00
4.01750105e+01 2.66670837e+01 6.62152700e+00
3.94637718e+01 2.52793872e+01 6.37857522e+00
4.53115750e+01 2.79957554e+01 7.52646482e+00
5.08071971e+01 3.02597745e+01 8.58043888e+00
4.88830857e+01 2.80461158e+01 8.08183317e+00
5.13367212e+01 2.94538614e+01 8.58948396e+00
1.63273152e+01 2.90020668e+01 9.70592243e+00
1.56992381e+01 2.89799874e+01 9.59113135e+00
1.47863921e+01 2.83887231e+01 9.25334101e+00
1.37221733e+01 2.74260831e+01 8.77663444e+00
1.29485578e+01 2.69681232e+01 8.50946252e+00
1.21501868e+01 2.63981628e+01 8.20541153e+00
1.10800282e+01 2.51427212e+01 7.64237234e+00
1.06066303e+01 2.51709844e+01 7.58500276e+00
1.00716050e+01 2.50323160e+01 7.46702033e+00
9.47649136e+00 2.47071366e+01 7.28210347e+00
8.80268000e+00 2.41172826e+01 7.00182287e+00
8.20703303e+00 2.36748752e+01 6.78271879e+00
7.71877730e+00 2.34954116e+01 6.66678431e+00
7.23529604e+00 2.32958821e+01 6.54693253e+00
6.38629433e+00 2.18094027e+01 5.95398437e+00
5.87575762e+00 2.13483920e+01 5.74679626e+00
5.59514003e+00 2.17036100e+01 5.84310476e+00
5.66639002e+00 2.35599722e+01 6.48943043e+00
5.68501534e+00 2.54527573e+01 7.14625163e+00
4.77871019e+00 2.31609414e+01 6.28222772e+00
4.57248095e+00 2.41405331e+01 6.60953912e+00
4.27228580e+00 2.47525803e+01 6.80458828e+00
3.68258649e+00 2.36241174e+01 6.37485560e+00
3.08889158e+00 2.21823428e+01 5.83711903e+00
2.95383019e+00 2.40750149e+01 6.49786838e+00
2.58628290e+00 2.43525960e+01 6.58103190e+00
2.23951782e+00 2.49480603e+01 6.77964074e+00
1.89911431e+00 2.58802412e+01 7.10001637e+00
1.46307925e+00 2.56529319e+01 7.00931595e+00
1.02875677e+00 2.52662219e+01 6.86450345e+00
6.10698863e-01 2.50067339e+01 6.76749087e+00
1.98980763e-01 2.44477521e+01 6.56646665e+00
-1.93307895e-01 2.37507557e+01 6.31874587e+00
-5.63308764e-01 2.30662168e+01 6.07762531e+00
-9.13337116e-01 2.24315203e+01 5.85621548e+00
-1.26688337e+00 2.22129273e+01 5.78475121e+00
-1.61118545e+00 2.19564814e+01 5.70176235e+00
-1.97022970e+00 2.19482108e+01 5.70920701e+00
-2.36921717e+00 2.23086920e+01 5.85054325e+00
-2.85023892e+00 2.32307004e+01 6.19554883e+00
-3.40225291e+00 2.44326933e+01 6.64461058e+00
-3.92263515e+00 2.51640508e+01 6.92875756e+00
-4.50333337e+00 2.60912134e+01 7.28737307e+00
-4.98712334e+00 2.63296485e+01 7.40138412e+00
-4.38544338e+00 2.12548978e+01 5.59055115e+00
-4.61568013e+00 2.06651660e+01 5.40281559e+00
-0.00000000e+00 0.00000000e+00 0.00000000e+00
-0.00000000e+00 0.00000000e+00 0.00000000e+00
-7.07571340e+00 2.57081917e+01 7.35388650e+00
-6.23642990e+00 2.12976108e+01 5.76445571e+00
-6.69652825e+00 2.15611817e+01 5.90136942e+00
-7.69976853e+00 2.34375503e+01 6.64513911e+00
-8.86880072e+00 2.55838803e+01 7.50078853e+00
-9.59237274e+00 2.62808559e+01 7.82037522e+00
-1.05600885e+01 2.89321706e+01 8.36194897e+00
-1.02288266e+01 2.95071546e+01 8.50842116e+00
-9.52164478e+00 2.89832126e+01 8.26266407e+00
-8.00075098e+00 2.57604596e+01 7.06117119e+00
-6.88068952e+00 2.34977784e+01 6.21440586e+00
-6.46301173e+00 2.34820626e+01 6.17045519e+00
-5.96056540e+00 2.31210990e+01 6.00782781e+00
-5.23670535e+00 2.17734099e+01 5.50355880e+00
-5.05494038e+00 2.26318071e+01 5.77398608e+00
-4.65844771e+00 2.25780661e+01 5.72779391e+00
-4.27831938e+00 2.25874994e+01 5.70584856e+00
-4.38903142e+00 2.54289759e+01 6.66349164e+00
-3.98925278e+00 2.55914088e+01 6.69597055e+00
-3.71724652e+00 2.66947656e+01 7.05369884e+00
-3.26218399e+00 2.65882339e+01 6.99767708e+00
-2.42441238e+00 2.28284134e+01 5.69485733e+00
-1.50705964e+00 1.67885312e+01 3.62005785e+00
-1.79585180e+00 2.44730280e+01 6.23289173e+00
-1.39283252e+00 2.44212595e+01 6.20640431e+00
-9.59694078e-01 2.35700453e+01 5.91006039e+00
-5.52409555e-01 2.26199189e+01 5.58258460e+00
-1.87210815e-01 2.30016386e+01 5.71036876e+00
1.86838066e-01 2.29558409e+01 5.69479292e+00
5.41719444e-01 2.21821831e+01 5.43367104e+00
9.06510823e-01 2.22638668e+01 5.46547528e+00
1.36845445e+00 2.39938260e+01 6.06080260e+00
1.78655920e+00 2.43463928e+01 6.18970867e+00
2.18474100e+00 2.43378506e+01 6.19782269e+00
2.71559887e+00 2.55702430e+01 6.63256747e+00
3.18730381e+00 2.59779276e+01 6.78856214e+00
3.51658404e+00 2.52537426e+01 6.55889401e+00
3.76753390e+00 2.41690626e+01 6.20640431e+00
3.97785467e+00 2.30467182e+01 5.84133248e+00
4.11426409e+00 2.17213652e+01 5.40604838e+00
4.89490735e+00 2.37241133e+01 6.12576172e+00
5.21931703e+00 2.33677486e+01 6.03043890e+00
0.00000000e+00 0.00000000e+00 0.00000000e+00
4.93271092e+00 1.91340401e+01 4.60753918e+00
7.00574881e+00 2.54539894e+01 6.86602334e+00
5.46123204e+00 1.86502849e+01 4.49660067e+00
0.00000000e+00 0.00000000e+00 0.00000000e+00
8.08383581e+00 2.46066239e+01 6.69597055e+00
8.75632412e+00 2.52594184e+01 6.97947477e+00
8.38357820e+00 2.29690418e+01 6.20309025e+00
9.00970271e+00 2.34901239e+01 6.44370592e+00
8.30217468e+00 2.06345126e+01 5.45178510e+00
9.27574634e+00 2.20126148e+01 6.01125347e+00
9.85603881e+00 2.23652531e+01 6.19950643e+00
1.13486534e+01 2.46567073e+01 7.11855842e+00
1.31302332e+01 2.73465008e+01 8.20422864e+00
1.81053901e+01 3.61866829e+01 1.16486408e+01
2.66652416e+01 5.11951904e+01 1.75185775e+01
0.00000000e+00 0.00000000e+00 0.00000000e+00
2.74290750e+01 4.87220254e+01 1.69026806e+01
2.80226003e+01 4.79340335e+01 1.67706808e+01
0.00000000e+00 0.00000000e+00 0.00000000e+00
0.00000000e+00 0.00000000e+00 0.00000000e+00
0.00000000e+00 0.00000000e+00 0.00000000e+00
0.00000000e+00 0.00000000e+00 0.00000000e+00
2.15176744e+01 4.30067099e+01 1.35222587e+01
2.41942420e+01 5.03896501e+01 1.60591222e+01
1.97885790e+01 4.29937528e+01 1.32752561e+01
1.19627426e+01 2.71457704e+01 7.53575171e+00
9.63774051e+00 2.28716764e+01 5.96136788e+00
9.10868924e+00 2.26390518e+01 5.82601419e+00
8.42324886e+00 2.19611196e+01 5.53954251e+00
7.98943904e+00 2.18891928e+01 5.46824759e+00
8.10356171e+00 2.33763909e+01 5.93595502e+00
7.51396913e+00 2.28719901e+01 5.71939602e+00
6.96650737e+00 2.24304483e+01 5.52858944e+00
7.33009374e+00 2.50325084e+01 6.37216690e+00
7.18183066e+00 2.60937476e+01 6.69071579e+00
6.27659447e+00 2.43469792e+01 6.06653526e+00
5.66172365e+00 2.35405701e+01 5.76398167e+00
5.54702245e+00 2.48349402e+01 6.16526814e+00
4.98943715e+00 2.41822703e+01 5.91987304e+00
4.22448900e+00 2.23033005e+01 5.27270628e+00
3.78624685e+00 2.19365893e+01 5.13009462e+00
3.68832119e+00 2.36609060e+01 5.67781475e+00
3.38168715e+00 2.42850038e+01 5.86388665e+00
3.04896769e+00 2.48504273e+01 6.03201584e+00
2.70839411e+00 2.55024026e+01 6.22990668e+00
2.29018764e+00 2.55125183e+01 6.21992733e+00
1.84224410e+00 2.51052406e+01 6.07619544e+00
1.39806655e+00 2.45130304e+01 5.87478544e+00
9.92075105e-01 2.43653219e+01 5.82040823e+00
5.84383314e-01 2.39291718e+01 5.67445298e+00
1.94012712e-01 2.38373530e+01 5.64255759e+00
-1.97102435e-01 2.42169715e+01 5.76590720e+00
-5.88905618e-01 2.41143499e+01 5.73463894e+00
-9.67915206e-01 2.37719558e+01 5.62745215e+00
-1.33612740e+00 2.34270190e+01 5.52134552e+00
-1.75895256e+00 2.39701825e+01 5.70640106e+00
-2.15947628e+00 2.40564036e+01 5.74490459e+00
-2.56957977e+00 2.41953183e+01 5.80282093e+00
-2.97655546e+00 2.42602358e+01 5.83881302e+00
-3.36515518e+00 2.41662823e+01 5.82493950e+00
-3.73407474e+00 2.39544191e+01 5.77433467e+00
-4.07980505e+00 2.36373938e+01 5.69089062e+00
-4.40468055e+00 2.32546265e+01 5.58730677e+00
-4.68807742e+00 2.27216722e+01 5.43529972e+00
-5.02066926e+00 2.24783696e+01 5.38070496e+00
-5.25156452e+00 2.18351920e+01 5.19406982e+00
-5.53792910e+00 2.14816881e+01 5.10510674e+00
-5.88340606e+00 2.13761811e+01 5.10088731e+00
-6.33534603e+00 2.16354126e+01 5.22203457e+00
-6.91142368e+00 2.22530923e+01 5.46824759e+00
-7.55679725e+00 2.30023558e+01 5.76398167e+00
-8.16903174e+00 2.35652527e+01 6.00090247e+00
-9.73409707e+00 2.66691474e+01 7.12156843e+00
-1.07370303e+01 2.94169496e+01 7.61025836e+00
-9.82059563e+00 2.83295285e+01 7.19756973e+00
-9.07055191e+00 2.76101178e+01 6.91199817e+00
-7.93377455e+00 2.55448119e+01 6.19511408e+00
-6.99084071e+00 2.38739483e+01 5.61499226e+00
-6.53133567e+00 2.37303040e+01 5.53326763e+00
-6.13629813e+00 2.38027682e+01 5.52344239e+00
-5.73007832e+00 2.38247783e+01 5.49962856e+00
-5.32740703e+00 2.38516855e+01 5.47955978e+00
-4.90496792e+00 2.37728738e+01 5.42818535e+00
-4.46467216e+00 2.35713538e+01 5.34043997e+00
-4.03818685e+00 2.33962681e+01 5.26351073e+00
-3.79475700e+00 2.43437012e+01 5.54100867e+00
-3.50886390e+00 2.51983017e+01 5.79007494e+00
-3.12820566e+00 2.54962516e+01 5.86630819e+00
-2.71063652e+00 2.55235173e+01 5.85999015e+00
-2.28764104e+00 2.54841494e+01 5.83506629e+00
-1.86892769e+00 2.54688720e+01 5.81979851e+00
-1.46796300e+00 2.57385613e+01 5.89511194e+00
-1.03657607e+00 2.54582636e+01 5.80182711e+00
-6.19993966e-01 2.53873473e+01 5.77566013e+00
-2.07921815e-01 2.55462936e+01 5.82283168e+00
2.07921815e-01 2.55462936e+01 5.82283168e+00
6.26886432e-01 2.56695782e+01 5.86314514e+00
1.02948605e+00 2.52841330e+01 5.74782207e+00
1.43464871e+00 2.51544445e+01 5.71380913e+00
1.84097495e+00 2.50879452e+01 5.70143787e+00
2.25338399e+00 2.51025284e+01 5.71633240e+00
2.67804636e+00 2.52166463e+01 5.76436089e+00
3.18502686e+00 2.59593694e+01 6.01089730e+00
3.67920527e+00 2.64215790e+01 6.17280702e+00
4.10558681e+00 2.63377019e+01 6.16638064e+00
4.40998312e+00 2.55503649e+01 5.94090160e+00
4.65685063e+00 2.45859650e+01 5.66044244e+00
4.97434356e+00 2.41091163e+01 5.53457635e+00
5.33554731e+00 2.38881309e+01 5.49113191e+00
5.64014694e+00 2.34508575e+01 5.38045218e+00
6.00928375e+00 2.33100780e+01 5.36577358e+00
6.31383138e+00 2.29400456e+01 5.27927274e+00
6.59047012e+00 2.25066697e+01 5.17350248e+00
6.76698520e+00 2.17880358e+01 4.97609172e+00
7.26830984e+00 2.21242206e+01 5.12261668e+00
7.74155993e+00 2.23321223e+01 5.23056619e+00
7.94791195e+00 2.17754183e+01 5.08946417e+00
8.12888098e+00 2.11936428e+01 4.94026911e+00
8.86692775e+00 2.20381694e+01 5.26749708e+00
9.41453819e+00 2.23419868e+01 5.41917755e+00
9.93770881e+00 2.25505781e+01 5.54271063e+00
1.10028937e+01 2.39054908e+01 6.06111478e+00
1.45186398e+01 3.02381525e+01 8.30064184e+00
1.72737420e+01 3.45244935e+01 9.86916521e+00
2.30272767e+01 4.42105806e+01 1.33533125e+01
2.09482331e+01 3.86693625e+01 1.15345615e+01
1.98251218e+01 3.52151900e+01 1.04292781e+01
2.24500435e+01 3.84019016e+01 1.16906653e+01
2.90323439e+01 4.96612494e+01 1.48832627e+01
2.30380754e+01 4.09223314e+01 1.17673330e+01
2.11871769e+01 3.91104405e+01 1.10355011e+01
2.08637196e+01 4.00567193e+01 1.12372489e+01
2.60234837e+01 5.20123315e+01 1.50703892e+01
2.20317402e+01 4.58857806e+01 1.29293389e+01
1.67953606e+01 3.64905223e+01 9.76403036e+00
1.20362135e+01 2.73124901e+01 6.71894176e+00
1.02291056e+01 2.42750666e+01 5.68512584e+00
9.26428526e+00 2.30257755e+01 5.23598937e+00
8.90397373e+00 2.32144670e+01 5.24892584e+00
8.59841019e+00 2.35576312e+01 5.31213921e+00
8.27711828e+00 2.38770505e+01 5.36914142e+00
7.94705210e+00 2.41902639e+01 5.42554128e+00
7.58585369e+00 2.44245919e+01 5.45895502e+00
7.18187602e+00 2.45263401e+01 5.45327166e+00
6.83443627e+00 2.48315595e+01 5.51188127e+00
6.48158295e+00 2.51421318e+01 5.57360283e+00
6.14466868e+00 2.55485808e+01 5.66591727e+00
5.72563461e+00 2.56346165e+01 5.66271463e+00
5.36005724e+00 2.59785521e+01 5.73925750e+00
4.97396212e+00 2.62601635e+01 5.79864339e+00
4.63640224e+00 2.68621820e+01 5.95565669e+00
4.25835310e+00 2.73177110e+01 6.07018224e+00
3.84975896e+00 2.76463809e+01 6.14850220e+00
3.39924982e+00 2.77053807e+01 6.14850220e+00
2.93075549e+00 2.75961707e+01 6.10078286e+00
2.45548942e+00 2.73539677e+01 6.01600626e+00
2.01735563e+00 2.74915785e+01 6.04595780e+00
1.57102481e+00 2.75455977e+01 6.05329243e+00
1.12042656e+00 2.75176281e+01 6.03856332e+00
6.71757610e-01 2.75069511e+01 6.03110747e+00
2.25733172e-01 2.77346843e+01 6.09613499e+00
-2.25668837e-01 2.77267798e+01 6.09380327e+00
-6.77524395e-01 2.77430879e+01 6.10078286e+00
-1.12008474e+00 2.75092331e+01 6.03608493e+00
-1.56529092e+00 2.74450625e+01 6.02358878e+00
-2.02098057e+00 2.75409776e+01 6.06056850e+00
-2.46232650e+00 2.74301323e+01 6.03856332e+00
-2.91375289e+00 2.74360733e+01 6.05329243e+00
-3.34559580e+00 2.72680768e+01 6.01854087e+00
-3.80181316e+00 2.73020664e+01 6.04595780e+00
-4.22607179e+00 2.71106236e+01 6.00835875e+00
-4.63796334e+00 2.68712266e+01 5.95836408e+00
-5.02325476e+00 2.65204053e+01 5.87677330e+00
-5.46024070e+00 2.64641106e+01 5.88550237e+00
-5.85756302e+00 2.62252818e+01 5.84123973e+00
-6.25719757e+00 2.60164585e+01 5.80786540e+00
-6.68760014e+00 2.59412748e+01 5.81703785e+00
-7.18608143e+00 2.61091920e+01 5.90276582e+00
-7.58812348e+00 2.59136883e+01 5.87968996e+00
-7.77785958e+00 2.50428038e+01 5.64990536e+00
-7.95281966e+00 2.42078200e+01 5.43099218e+00
-9.04486238e+00 2.60917664e+01 6.06056850e+00
-9.85454749e+00 2.69991533e+01 6.39281211e+00
-1.03304039e+01 2.83028886e+01 6.36479391e+00
-1.36153628e+01 3.92763151e+01 9.57015116e+00
-1.47682265e+01 4.49534358e+01 1.11806198e+01
-1.18240116e+01 3.80704227e+01 9.09243821e+00
-9.81675597e+00 3.35245407e+01 7.71054161e+00
-8.32988327e+00 3.02649675e+01 6.71814710e+00
-7.46994606e+00 2.89760032e+01 6.30711716e+00
-6.90262261e+00 2.87000358e+01 6.19365721e+00
-6.38279372e+00 2.85768269e+01 6.12712090e+00
-5.90234496e+00 2.86068542e+01 6.10707199e+00
-5.46094452e+00 2.88311998e+01 6.14473227e+00
-4.93822280e+00 2.86108566e+01 6.05789475e+00
-4.44931873e+00 2.85427725e+01 6.01686973e+00
-4.00563600e+00 2.87657850e+01 6.06054020e+00
-3.52669008e+00 2.87440748e+01 6.03708239e+00
-3.05835661e+00 2.87976707e+01 6.03708239e+00
-2.58758286e+00 2.88254788e+01 6.03197441e+00
-2.09671235e+00 2.85730148e+01 5.95028735e+00
-1.63990922e+00 2.87533841e+01 5.99239111e+00
-1.17202417e+00 2.87848631e+01 5.99480144e+00
-7.03973115e-01 2.88261031e+01 6.00208183e+00
-2.31947416e-01 2.84981968e+01 5.90806314e+00
2.34963800e-01 2.88688045e+01 6.01190598e+00
7.03128713e-01 2.87915267e+01 5.99239111e+00
1.17379204e+00 2.88282819e+01 6.00697689e+00
1.63368267e+00 2.86442108e+01 5.96175248e+00
2.08968853e+00 2.84772975e+01 5.92339650e+00
2.55505647e+00 2.84631372e+01 5.93004285e+00
3.01550629e+00 2.83941894e+01 5.92339650e+00
3.51360511e+00 2.86374266e+01 6.00697689e+00
3.96389261e+00 2.84660121e+01 5.97573734e+00
4.42800304e+00 2.84060304e+01 5.97809370e+00
4.92403570e+00 2.85286600e+01 6.03452382e+00
5.35816278e+00 2.82885609e+01 5.98998868e+00
5.76353912e+00 2.79341049e+01 5.91460612e+00
6.18239070e+00 2.76795893e+01 5.86953229e+00
6.58840333e+00 2.73935607e+01 5.81716165e+00
7.04085529e+00 2.73115554e+01 5.82551308e+00
7.48644897e+00 2.72005174e+01 5.82760078e+00
7.87985235e+00 2.69099519e+01 5.77939789e+00
8.31234147e+00 2.67637047e+01 5.77516659e+00
8.70383580e+00 2.64938599e+01 5.73653230e+00
9.10818003e+00 2.62744191e+01 5.71451123e+00
9.50428269e+00 2.60395098e+01 5.68970287e+00
9.91216429e+00 2.58430244e+01 5.67819898e+00
1.02316155e+01 2.54300115e+01 5.60322397e+00
1.03088952e+01 2.44644183e+01 5.36129883e+00
1.04279007e+01 2.36629180e+01 5.16825954e+00
1.19718750e+01 2.60107527e+01 5.94574666e+00
1.51522354e+01 3.15577499e+01 7.73144687e+00
2.24888550e+01 4.49477784e+01 1.20051248e+01
0.00000000e+00 0.00000000e+00 0.00000000e+00
2.62798654e+01 4.85112821e+01 1.33815145e+01
2.26975174e+01 4.03174012e+01 1.08864894e+01
2.85191038e+01 4.87833272e+01 1.37557731e+01
0.00000000e+00 0.00000000e+00 0.00000000e+00
2.88962756e+01 5.13282010e+01 1.35701171e+01
2.79710707e+01 5.16331601e+01 1.35222297e+01
0.00000000e+00 0.00000000e+00 0.00000000e+00
2.04958822e+01 4.09644854e+01 1.00926320e+01
1.92242137e+01 4.00385102e+01 9.72324467e+00
1.56538270e+01 3.40103636e+01 7.87140268e+00
1.26152768e+01 2.86264963e+01 6.23665668e+00
1.09995644e+01 2.61034707e+01 5.45165155e+00
1.05257302e+01 2.61610144e+01 5.41786968e+00
1.03994254e+01 2.71134130e+01 5.64096927e+00
1.00999483e+01 2.76714941e+01 5.75187924e+00
9.79960375e+00 2.82689731e+01 5.87461057e+00
9.34203326e+00 2.84364878e+01 5.87789490e+00
8.83821379e+00 2.84568848e+01 5.84233711e+00
8.33433301e+00 2.84620181e+01 5.80500020e+00
7.88842049e+00 2.86610007e+01 5.82347722e+00
7.31948254e+00 2.83923536e+01 5.71565143e+00
6.89586386e+00 2.86719340e+01 5.76049227e+00
6.36739368e+00 2.85078783e+01 5.68635757e+00
5.88881740e+00 2.85412903e+01 5.66834188e+00
5.42347173e+00 2.86333612e+01 5.66834188e+00
4.96324632e+00 2.87558367e+01 5.67857808e+00
4.48419782e+00 2.87665249e+01 5.66076513e+00
4.02062961e+00 2.88734590e+01 5.67088647e+00
3.55841914e+00 2.90026806e+01 5.68897039e+00
3.06970503e+00 2.89045280e+01 5.64832424e+00
2.58986977e+00 2.88509547e+01 5.62174383e+00
2.12388077e+00 2.89432533e+01 5.63611077e+00
1.64739203e+00 2.88845841e+01 5.61233418e+00
1.18029345e+00 2.89879562e+01 5.63369472e+00
7.06768149e-01 2.89405534e+01 5.61702253e+00
2.35900662e-01 2.89839120e+01 5.62649854e+00
-2.36269639e-01 2.90292462e+01 5.63853567e+00
-7.04433092e-01 2.88449381e+01 5.59162807e+00
-1.18638355e+00 2.91375290e+01 5.67344080e+00
-1.66159861e+00 2.91336755e+01 5.67857808e+00
-2.13206607e+00 2.90547988e+01 5.66580692e+00
-2.61339073e+00 2.91129765e+01 5.69159315e+00
-3.07867922e+00 2.89890295e+01 5.67088647e+00
-3.55247226e+00 2.89542110e+01 5.67600469e+00
-4.05535436e+00 2.91228288e+01 5.73773566e+00
-4.51289457e+00 2.89506170e+01 5.71023385e+00
-5.04228284e+00 2.92137550e+01 5.80195801e+00
-5.50241032e+00 2.90501196e+01 5.78096314e+00
-6.00925703e+00 2.91250242e+01 5.82659406e+00
-6.58316632e+00 2.94739282e+01 5.94917432e+00
-7.13166804e+00 2.96523712e+01 6.02823199e+00
-7.66258849e+00 2.97232653e+01 6.08057635e+00
-8.21846307e+00 2.98601445e+01 6.15370189e+00
-8.76173019e+00 2.99215934e+01 6.20880597e+00
-9.31896779e+00 3.00047950e+01 6.27268980e+00
-9.69850632e+00 2.95215666e+01 6.18114358e+00
-1.11561842e+01 3.21823087e+01 6.97430278e+00
-1.14600912e+01 3.13979673e+01 6.80514360e+00
-1.13335856e+01 3.10513714e+01 6.23285111e+00
-1.05576654e+01 3.04557578e+01 6.02675895e+00
-1.00510370e+01 3.05946450e+01 6.01911887e+00
-9.51553195e+00 3.06376835e+01 5.98850445e+00
-8.98552842e+00 3.06858716e+01 5.96166714e+00
-8.75613896e+00 3.18136825e+01 6.21819600e+00
-8.25899495e+00 3.20367326e+01 6.24015633e+00
-7.65037550e+00 3.18090766e+01 6.14779829e+00
-7.00653848e+00 3.13694357e+01 6.00382132e+00
-6.46106645e+00 3.13148057e+01 5.96166714e+00
-5.91067173e+00 3.12055464e+01 5.90796181e+00
-5.32449619e+00 3.08488302e+01 5.79367698e+00
-4.78265060e+00 3.06811258e+01 5.73011200e+00
-4.28262144e+00 3.07549082e+01 5.73011200e+00
-3.75304542e+00 3.05889705e+01 5.67156555e+00
-3.24257538e+00 3.05322857e+01 5.64286795e+00
-2.75411142e+00 3.06805944e+01 5.66795567e+00
-2.25646698e+00 3.07500761e+01 5.67518148e+00
-1.74349877e+00 3.05696738e+01 5.62162994e+00
-1.23893000e+00 3.04280674e+01 5.57995549e+00
-7.44828779e-01 3.04990499e+01 5.59372305e+00
-2.45160794e-01 3.01216572e+01 5.49698833e+00
2.46971343e-01 3.03441101e+01 5.55281264e+00
7.36988355e-01 3.01780023e+01 5.51313515e+00
1.21393877e+00 2.98142840e+01 5.42580466e+00
1.69438450e+00 2.97085276e+01 5.40518216e+00
2.19257936e+00 2.98794456e+01 5.45611747e+00
2.65945257e+00 2.96261019e+01 5.40227664e+00
3.16528055e+00 2.98044729e+01 5.45920307e+00
3.64254793e+00 2.96883673e+01 5.44387294e+00
4.12196967e+00 2.96012152e+01 5.43781014e+00
4.60509905e+00 2.95421170e+01 5.44083658e+00
5.07515647e+00 2.94042168e+01 5.42580466e+00
5.57102093e+00 2.94123511e+01 5.44997541e+00
6.02716646e+00 2.92118257e+01 5.42282833e+00
6.51486205e+00 2.91681187e+01 5.43781014e+00
6.94491919e+00 2.88758984e+01 5.39075557e+00
7.46082096e+00 2.89406069e+01 5.43781014e+00
7.95352032e+00 2.88975279e+01 5.45920307e+00
8.53520462e+00 2.91480012e+01 5.55954803e+00
8.98082936e+00 2.89160721e+01 5.53612503e+00
9.56982166e+00 2.91298596e+01 5.63221720e+00
1.00566012e+01 2.90103350e+01 5.64286795e+00
1.05226087e+01 2.88294847e+01 5.63931076e+00
1.10728040e+01 2.88690477e+01 5.69700362e+00
1.15630466e+01 2.87391966e+01 5.71166556e+00
1.17886908e+01 2.79761757e+01 5.55617605e+00
1.20718308e+01 2.73933126e+01 5.44997541e+00
1.38265905e+01 3.00404093e+01 6.23650553e+00
2.43331222e+01 5.06788977e+01 1.20453440e+01
1.83897483e+01 3.67550208e+01 8.25135844e+00
2.72935815e+01 5.24015541e+01 1.27644466e+01
1.56244092e+01 2.88418571e+01 6.16935896e+00
0.00000000e+00 0.00000000e+00 0.00000000e+00
2.96594544e+01 5.07339528e+01 1.26851401e+01
0.00000000e+00 0.00000000e+00 0.00000000e+00
0.00000000e+00 0.00000000e+00 0.00000000e+00
0.00000000e+00 0.00000000e+00 0.00000000e+00
0.00000000e+00 0.00000000e+00 0.00000000e+00
0.00000000e+00 0.00000000e+00 0.00000000e+00
0.00000000e+00 0.00000000e+00 0.00000000e+00
1.53160651e+01 3.32765237e+01 6.60723311e+00
1.78414973e+01 4.04857988e+01 8.40692505e+00
1.34628223e+01 3.19491186e+01 6.14320953e+00
1.21408424e+01 3.01752703e+01 5.63629218e+00
1.16534968e+01 3.03830316e+01 5.63987411e+00
1.11261989e+01 3.04831805e+01 5.61834887e+00
1.07225395e+01 3.09313713e+01 5.68620564e+00
1.00136369e+01 3.04808017e+01 5.53163573e+00
9.37987178e+00 3.02008910e+01 5.42296734e+00
8.84857418e+00 3.02181684e+01 5.39059106e+00
8.29952111e+00 3.01546527e+01 5.34067008e+00
7.77411498e+00 3.01558778e+01 5.30895537e+00
7.24782041e+00 3.01353148e+01 5.27414985e+00
6.74048636e+00 3.01782762e+01 5.25694222e+00
6.21647500e+00 3.01293460e+01 5.21960259e+00
5.71470169e+00 3.01709175e+01 5.20621569e+00
5.16231112e+00 2.99091695e+01 5.12204287e+00
4.68714472e+00 3.00684471e+01 5.14100065e+00
4.23513690e+00 3.04139062e+01 5.20621569e+00
3.71253678e+00 3.02588071e+01 5.15380096e+00
3.21238663e+00 3.02480266e+01 5.13782062e+00
2.72323122e+00 3.03365913e+01 5.14738490e+00
2.21546586e+00 3.01913320e+01 5.10338604e+00
1.72153081e+00 3.01844981e+01 5.09417352e+00
1.22328185e+00 3.00437495e+01 5.05517779e+00
7.34098778e-01 3.00596807e+01 5.05517779e+00
2.48005037e-01 3.04711148e+01 5.15058896e+00
-2.47565580e-01 3.04171210e+01 5.13782062e+00
-7.43288619e-01 3.04359838e+01 5.14418878e+00
-1.23586701e+00 3.03528407e+01 5.12832918e+00
-1.75579836e+00 3.07853289e+01 5.23648293e+00
-2.24012183e+00 3.05273321e+01 5.18305366e+00
-2.73671733e+00 3.04868255e+01 5.18305366e+00
-3.22674763e+00 3.03832507e+01 5.16997690e+00
-3.75686538e+00 3.06201048e+01 5.23987770e+00
-4.28284416e+00 3.07565076e+01 5.28801237e+00
-4.73834130e+00 3.03968777e+01 5.21960259e+00
-5.25441726e+00 3.04428100e+01 5.25009875e+00
-5.82051732e+00 3.07295738e+01 5.34067008e+00
-6.31993037e+00 3.06307625e+01 5.34067008e+00
-6.94021269e+00 3.10724841e+01 5.47360593e+00
-7.52752592e+00 3.12982870e+01 5.55700008e+00
-8.19477229e+00 3.17876122e+01 5.70742747e+00
-8.72295291e+00 3.16931076e+01 5.71799650e+00
-9.40968242e+00 3.21343713e+01 5.86274293e+00
-1.00897906e+01 3.24866558e+01 5.98895181e+00
-1.07859058e+01 3.28315337e+01 6.11674229e+00
-1.14017952e+01 3.28908240e+01 6.17660857e+00
-1.24895506e+01 3.42184451e+01 6.55862399e+00
-1.49032245e+01 4.08313466e+01 7.60478273e+00
-1.25364562e+01 3.61639870e+01 6.45193013e+00
-1.64666143e+01 5.01232081e+01 9.66860440e+00
-1.15510338e+01 3.71915011e+01 6.60044622e+00
-9.87865853e+00 3.37359400e+01 5.75839474e+00
-9.21033254e+00 3.34639041e+01 5.65972121e+00
-8.62949823e+00 3.34739189e+01 5.62865100e+00
-7.97306164e+00 3.31507555e+01 5.52375993e+00
-7.33126742e+00 3.28233011e+01 5.42070932e+00
-6.66054230e+00 3.22816040e+01 5.27179359e+00
-6.14529259e+00 3.24442334e+01 5.28501536e+00
-5.54218453e+00 3.21100633e+01 5.18812626e+00
-4.95038787e+00 3.17571752e+01 5.08948510e+00
-4.37769983e+00 3.14376973e+01 5.00072185e+00
-3.83568929e+00 3.12625543e+01 4.94652005e+00
-3.31514281e+00 3.12155850e+01 4.92301087e+00
-2.77865388e+00 3.09539956e+01 4.85356985e+00
-2.28418081e+00 3.11277473e+01 4.88310398e+00
-1.77890822e+00 3.11905261e+01 4.88971597e+00
-1.25785273e+00 3.08928088e+01 4.81802273e+00
-7.59830169e-01 3.11133228e+01 4.86337261e+00
-2.49562074e-01 3.06624201e+01 4.76139565e+00
2.51520008e-01 3.09029814e+01 4.81482435e+00
7.44934685e-01 3.05033865e+01 4.72786978e+00
1.23751651e+00 3.03933522e+01 4.70700511e+00
1.71877169e+00 3.01361209e+01 4.65515965e+00
2.20999427e+00 3.01167678e+01 4.65796903e+00
2.70561703e+00 3.01403705e+01 4.67214303e+00
3.18511702e+00 2.99912543e+01 4.64956674e+00
3.71415032e+00 3.02719582e+01 4.72486610e+00
4.20082640e+00 3.01675113e+01 4.71590082e+00
4.69752282e+00 3.01350236e+01 4.72486610e+00
5.18740717e+00 3.00545699e+01 4.72486610e+00
5.67843402e+00 2.99794413e+01 4.72786978e+00
6.20461358e+00 3.00718574e+01 4.77068759e+00
6.74918120e+00 3.02172044e+01 4.82765244e+00
7.20654995e+00 2.99637186e+01 4.79575813e+00
7.77668574e+00 3.01658498e+01 4.86993161e+00
8.31013832e+00 3.01932282e+01 4.90631687e+00
8.81738158e+00 3.01116447e+01 4.91966516e+00
9.41459135e+00 3.03126795e+01 5.00072185e+00
1.00362843e+01 3.05497389e+01 5.09290139e+00
1.06377009e+01 3.06866368e+01 5.16443103e+00
1.13726225e+01 3.11583234e+01 5.31784696e+00
1.19045508e+01 3.10375805e+01 5.33414017e+00
1.24190857e+01 3.08668259e+01 5.34063427e+00
1.29762839e+01 3.07944966e+01 5.37290607e+00
1.32620774e+01 3.00942116e+01 5.25519776e+00
1.36556397e+01 2.96689923e+01 5.20498815e+00
1.45262672e+01 3.02540382e+01 5.40485274e+00
1.83022612e+01 3.65801630e+01 7.03559851e+00
2.09969000e+01 4.03124152e+01 8.04601525e+00
2.35844275e+01 4.35356420e+01 8.94783760e+00
2.89693838e+01 5.14580625e+01 1.10663255e+01
0.00000000e+00 0.00000000e+00 0.00000000e+00
0.00000000e+00 0.00000000e+00 0.00000000e+00
0.00000000e+00 0.00000000e+00 0.00000000e+00
0.00000000e+00 0.00000000e+00 0.00000000e+00
0.00000000e+00 0.00000000e+00 0.00000000e+00
0.00000000e+00 0.00000000e+00 0.00000000e+00
0.00000000e+00 0.00000000e+00 0.00000000e+00
0.00000000e+00 0.00000000e+00 0.00000000e+00
1.92026062e+01 4.35744174e+01 7.85240002e+00
1.38700780e+01 3.29155921e+01 5.37967590e+00
1.27225312e+01 3.16210199e+01 5.04011069e+00
1.21760227e+01 3.17453628e+01 5.02262787e+00
1.18203209e+01 3.23849124e+01 5.12119234e+00
1.10900975e+01 3.19916679e+01 4.99333296e+00
1.05146276e+01 3.20057821e+01 4.95786374e+00
9.72108692e+00 3.12995202e+01 4.76786746e+00
9.04228162e+00 3.08796856e+01 4.64359806e+00
8.43619912e+00 3.06512449e+01 4.56352223e+00
7.85995732e+00 3.04888612e+01 4.50007916e+00
7.28913998e+00 3.03071152e+01 4.43475466e+00
6.75029755e+00 3.02222025e+01 4.39226749e+00
6.23719910e+00 3.02297894e+01 4.37141371e+00
5.71034088e+00 3.01478945e+01 4.33346842e+00
5.19559856e+00 3.01020288e+01 4.30503853e+00
4.71330777e+00 3.02362855e+01 4.31632723e+00
4.24732008e+00 3.05013976e+01 4.35669406e+00
3.68332859e+00 3.00207476e+01 4.24243703e+00
3.18624162e+00 3.00018436e+01 4.22678922e+00
2.70421313e+00 3.01247312e+01 4.24243703e+00
2.20983038e+00 3.01145344e+01 4.23197266e+00
1.70096052e+00 2.98238285e+01 4.16480883e+00
1.22946413e+00 3.01955862e+01 4.23718861e+00
7.36283979e-01 3.01491597e+01 4.22420993e+00
2.46474249e-01 3.02830347e+01 4.25036994e+00
-2.45855689e-01 3.02070354e+01 4.23457659e+00
-7.37808806e-01 3.02115979e+01 4.23718861e+00
-1.24718959e+00 3.06309228e+01 4.32772755e+00
-1.73861719e+00 3.04840825e+01 4.30223416e+00
-2.23655296e+00 3.04786973e+01 4.30785004e+00
-2.76098016e+00 3.07571117e+01 4.37437561e+00
-3.26881701e+00 3.07793785e+01 4.38927145e+00
-3.75200540e+00 3.05804938e+01 4.35962584e+00
-4.31345652e+00 3.09763450e+01 4.45634155e+00
-4.80108578e+00 3.07993891e+01 4.43475466e+00
-5.31943898e+00 3.08195300e+01 4.45634155e+00
-5.81484007e+00 3.06996006e+01 4.45015270e+00
-6.51122846e+00 3.15579256e+01 4.65321689e+00
-7.08442198e+00 3.17181330e+01 4.71078506e+00
-7.59975834e+00 3.15986182e+01 4.71078506e+00
-8.29382472e+00 3.21718377e+01 4.86124012e+00
-9.12988276e+00 3.31716059e+01 5.10673440e+00
-9.70381268e+00 3.31388357e+01 5.13276782e+00
-1.00302973e+01 3.22951020e+01 4.98450025e+00
-1.04335741e+01 3.17590610e+01 4.90389870e+00
-1.05540132e+01 3.04452224e+01 4.65321689e+00
-1.08058926e+01 2.96056161e+01 4.50637980e+00
-1.07999648e+01 2.95893755e+01 4.06079866e+00
-1.08244160e+01 3.12252548e+01 4.36076679e+00
-1.01386297e+01 3.08612711e+01 4.25153758e+00
-1.03241489e+01 3.32412322e+01 4.70136722e+00
-9.78567592e+00 3.34184014e+01 4.70409593e+00
-9.09196893e+00 3.30338536e+01 4.59578859e+00
-8.74594578e+00 3.39256202e+01 4.74536125e+00
-8.13285657e+00 3.38151581e+01 4.69591640e+00
-7.41966225e+00 3.32190594e+01 4.55230208e+00
-6.73824910e+00 3.26582250e+01 4.41843889e+00
-6.05966528e+00 3.19921618e+01 4.26644313e+00
-5.44088286e+00 3.15231461e+01 4.15575815e+00
-4.88437173e+00 3.13336758e+01 4.10210145e+00
-4.33594621e+00 3.11378509e+01 4.04909703e+00
-3.82121416e+00 3.11445756e+01 4.03744776e+00
-3.32970869e+00 3.13527382e+01 4.06666768e+00
-2.78947028e+00 3.10744894e+01 4.00285696e+00
-2.28872463e+00 3.11896684e+01 4.01720031e+00
-1.76325561e+00 3.09160807e+01 3.95772710e+00
-1.25401719e+00 3.07986083e+01 3.93019917e+00
-7.57422709e-01 3.10147428e+01 3.96889116e+00
-2.50527456e-01 3.07810316e+01 3.92205350e+00
2.47661566e-01 3.04289143e+01 3.85388382e+00
7.46157699e-01 3.05534661e+01 3.87956465e+00
1.23273429e+00 3.02759011e+01 3.82892291e+00
1.72609509e+00 3.02645259e+01 3.83138572e+00
2.19097550e+00 2.98575889e+01 3.75862578e+00
2.70350711e+00 3.01168662e+01 3.81672246e+00
3.17027130e+00 2.98514661e+01 3.77439762e+00
3.71538313e+00 3.02820062e+01 3.86920824e+00
4.18791568e+00 3.00747951e+01 3.84131126e+00
4.70939517e+00 3.02111857e+01 3.88217097e+00
5.21438014e+00 3.02108447e+01 3.89794947e+00
5.67780105e+00 2.99760995e+01 3.86920824e+00
6.16766035e+00 2.98927565e+01 3.87178695e+00
6.75017463e+00 3.02216522e+01 3.95772710e+00
7.24119710e+00 3.01077761e+01 3.95772710e+00
7.70891539e+00 2.99029679e+01 3.94114255e+00
8.20974888e+00 2.98284832e+01 3.95217697e+00
8.93769791e+00 3.05225289e+01 4.11993451e+00
9.43789081e+00 3.03876980e+01 4.12291266e+00
1.01722575e+01 3.09636317e+01 4.27239583e+00
1.07799162e+01 3.10968860e+01 4.33446465e+00
1.15483303e+01 3.16397218e+01 4.48334466e+00
1.21589857e+01 3.17009440e+01 4.53588276e+00
1.28045272e+01 3.18248154e+01 4.60390712e+00
1.35492451e+01 3.21542118e+01 4.71777626e+00
1.38955410e+01 3.15316627e+01 4.63362950e+00
1.54879443e+01 3.36499578e+01 5.13416081e+00
1.86174043e+01 3.87747005e+01 6.28980422e+00
2.22829133e+01 4.45361692e+01 7.60371318e+00
2.35318990e+01 4.51794162e+01 7.82457759e+00
2.36920453e+01 4.37342990e+01 7.59205025e+00
2.75516202e+01 4.89397014e+01 8.83545918e+00
3.00621066e+01 5.14227092e+01 9.49428705e+00
3.01751375e+01 5.16160540e+01 8.69773500e+00
2.90736118e+01 5.16432017e+01 8.60358343e+00
0.00000000e+00 0.00000000e+00 0.00000000e+00
0.00000000e+00 0.00000000e+00 0.00000000e+00
2.54635624e+01 5.08932340e+01 8.18065843e+00
2.49919600e+01 5.20510675e+01 8.32998394e+00
0.00000000e+00 0.00000000e+00 0.00000000e+00
2.19187342e+01 4.97378357e+01 7.72220913e+00
1.71715427e+01 4.07504194e+01 5.90380186e+00
1.41419057e+01 3.51487824e+01 4.76720342e+00
1.30082935e+01 3.39152617e+01 4.48676503e+00
1.20781504e+01 3.30913048e+01 4.28976615e+00
1.13515725e+01 3.27459464e+01 4.18766258e+00
1.05619374e+01 3.21497897e+01 4.04096942e+00
9.83245856e+00 3.16581096e+01 3.91707034e+00
9.20480534e+00 3.14347094e+01 3.84615309e+00
8.57304548e+00 3.11484489e+01 3.76575870e+00
7.90675769e+00 3.06704003e+01 3.65206775e+00
7.29401235e+00 3.03273737e+01 3.56574877e+00
6.81873665e+00 3.05286157e+01 3.58166092e+00
6.25034839e+00 3.02935200e+01 3.51898611e+00
5.76974023e+00 3.04614949e+01 3.53181748e+00
5.23942366e+00 3.03559408e+01 3.49622691e+00
4.71504406e+00 3.02474239e+01 3.46175849e+00
4.23143884e+00 3.03873492e+01 3.47393188e+00
3.73460389e+00 3.04386638e+01 3.47148476e+00
3.20658709e+00 3.01934178e+01 3.41698326e+00
2.71699608e+00 3.02671323e+01 3.42158163e+00
2.20137161e+00 2.99992622e+01 3.36614458e+00
1.70550044e+00 2.99034293e+01 3.34319224e+00
1.22617249e+00 3.01147435e+01 3.37687134e+00
7.40668632e-01 3.03287013e+01 3.41241272e+00
2.46808182e-01 3.03240634e+01 3.41013786e+00
-2.46808182e-01 3.03240634e+01 3.41013786e+00
-7.40359153e-01 3.03160288e+01 3.41013786e+00
-1.23268738e+00 3.02747491e+01 3.40560947e+00
-1.74158980e+00 3.05362027e+01 3.45693329e+00
-2.23741576e+00 3.04904550e+01 3.45453026e+00
-2.74064216e+00 3.05305479e+01 3.46904386e+00
-3.22586593e+00 3.03749485e+01 3.44974368e+00
-3.72309865e+00 3.03448911e+01 3.45453026e+00
-4.26019608e+00 3.05938644e+01 3.51135036e+00
-4.79077042e+00 3.07332152e+01 3.54999066e+00
-5.32798653e+00 3.08690524e+01 3.58967063e+00
-5.78587899e+00 3.05466999e+01 3.54738011e+00
-6.27938594e+00 3.04342561e+01 3.54477437e+00
-6.96463500e+00 3.11818268e+01 3.70177357e+00
-7.70227434e+00 3.20248639e+01 3.87906435e+00
-8.50819627e+00 3.30033872e+01 4.08443052e+00
-9.36342258e+00 3.40201263e+01 4.30026844e+00
-9.94500960e+00 3.39625310e+01 4.31884066e+00
-1.04832911e+01 3.37536309e+01 4.31084936e+00
-1.09855562e+01 3.34392552e+01 4.28454239e+00
-1.12553261e+01 3.24683038e+01 4.13492844e+00
-1.12095214e+01 3.07114645e+01 3.83512482e+00
-1.17909545e+01 3.23044553e+01 3.66053239e+00
-1.12497614e+01 3.24522513e+01 3.65355751e+00
-1.06936717e+01 3.25507796e+01 3.63958084e+00
-1.07755124e+01 3.46945120e+01 3.98144810e+00
-1.01704642e+01 3.47324658e+01 3.95855428e+00
-1.01875626e+01 3.70144745e+01 4.32240853e+00
-9.28927176e+00 3.60331877e+01 4.12731912e+00
-8.45101494e+00 3.51380113e+01 3.95013261e+00
-7.56353763e+00 3.38632133e+01 3.71157206e+00
-6.77803690e+00 3.28510642e+01 3.52061056e+00
-6.02424690e+00 3.18051695e+01 3.32671225e+00
-5.46344353e+00 3.16538571e+01 3.28556575e+00
-4.89506686e+00 3.14022860e+01 3.22927136e+00
-4.38116444e+00 3.14625778e+01 3.22672897e+00
-3.82954972e+00 3.12125141e+01 3.17387163e+00
-3.27895378e+00 3.08748269e+01 3.10802671e+00
-2.77597097e+00 3.09241081e+01 3.10802671e+00
-2.26492456e+00 3.08653321e+01 3.09146556e+00
-1.75581761e+00 3.07856664e+01 3.07283808e+00
-1.24073381e+00 3.04723689e+01 3.01692230e+00
-7.48137022e-01 3.06345149e+01 3.04107482e+00
-2.45358419e-01 3.01459384e+01 2.95892214e+00
2.45948549e-01 3.02184446e+01 2.97091456e+00
7.47480774e-01 3.06076430e+01 3.03662907e+00
1.22357709e+00 3.00510006e+01 2.94717319e+00
1.71122441e+00 3.00037906e+01 2.94331114e+00
2.21790812e+00 3.02246141e+01 2.98521035e+00
2.69643979e+00 3.00381368e+01 2.96090405e+00
3.18501222e+00 2.99902675e+01 2.96090405e+00
3.67274076e+00 2.99344521e+01 2.96090405e+00
4.19019744e+00 3.00911812e+01 2.99772105e+00
4.70338257e+00 3.01726144e+01 3.02343612e+00
5.23054377e+00 3.03044929e+01 3.05909046e+00
5.72824765e+00 3.02424337e+01 3.06365111e+00
6.28271769e+00 3.04504040e+01 3.11519488e+00
6.78702615e+00 3.03866426e+01 3.12240340e+00
7.32550380e+00 3.04583103e+01 3.15407189e+00
7.81659016e+00 3.03206395e+01 3.15161257e+00
7.81659016e+00 3.03206395e+01 3.15161257e+00
8.40925505e+00 3.05533491e+01 3.21404685e+00
8.92700520e+00 3.04860129e+01 3.22672897e+00
9.68417212e+00 3.11806636e+01 3.37289726e+00
1.03244243e+01 3.14268166e+01 3.44391061e+00
1.09961210e+01 3.17205733e+01 3.52547816e+00
1.16550605e+01 3.19321375e+01 3.59498003e+00
1.23353241e+01 3.21606938e+01 3.66982152e+00
1.31477579e+01 3.26778930e+01 3.79858133e+00
1.37520289e+01 3.26354456e+01 3.83014909e+00
1.43481372e+01 3.25586907e+01 3.85751505e+00
1.48008053e+01 3.21570419e+01 3.82769338e+00
1.55566987e+01 3.24001308e+01 3.91727456e+00
1.59893699e+01 3.19574587e+01 3.88303041e+00
2.12647020e+01 4.08265744e+01 5.58629332e+00
2.80058554e+01 5.16973709e+01 7.69724364e+00
0.00000000e+00 0.00000000e+00 0.00000000e+00
3.00297144e+01 5.13673007e+01 7.81389871e+00
0.00000000e+00 0.00000000e+00 -0.00000000e+00
0.00000000e+00 0.00000000e+00 -0.00000000e+00
0.00000000e+00 0.00000000e+00 -0.00000000e+00
0.00000000e+00 0.00000000e+00 -0.00000000e+00
0.00000000e+00 0.00000000e+00 -0.00000000e+00
0.00000000e+00 0.00000000e+00 -0.00000000e+00
2.14482182e+01 4.65995761e+01 5.74335845e+00
1.98830896e+01 4.51185655e+01 5.44160516e+00
1.65969929e+01 3.93869342e+01 4.44781021e+00
1.41941438e+01 3.52786169e+01 3.73416063e+00
1.30220426e+01 3.39511084e+01 3.48220821e+00
1.22585351e+01 3.35855168e+01 3.38985493e+00
1.15291389e+01 3.32581731e+01 3.30614693e+00
1.07917026e+01 3.28491786e+01 3.21177144e+00
1.00533864e+01 3.23694432e+01 3.10856558e+00
9.39308841e+00 3.20777022e+01 3.03740679e+00
8.61781047e+00 3.13110935e+01 2.89369378e+00
7.97493334e+00 3.09348545e+01 2.81359057e+00
7.51029093e+00 3.12266266e+01 2.83944786e+00
6.91339354e+00 3.09524103e+01 2.77859001e+00
6.39630371e+00 3.10009206e+01 2.76932786e+00
5.82639585e+00 3.07606097e+01 2.71689097e+00
5.29005371e+00 3.06492789e+01 2.68584372e+00
4.74045908e+00 3.04104635e+01 2.63668161e+00
4.18327512e+00 3.00414697e+01 2.56910198e+00
3.69985284e+00 3.01554275e+01 2.57670489e+00
3.18393920e+00 2.99801639e+01 2.54146214e+00
2.69553137e+00 3.00280170e+01 2.54146214e+00
2.20467869e+00 3.00443296e+01 2.53788208e+00
1.71670270e+00 3.00998443e+01 2.54146214e+00
1.22320330e+00 3.00418205e+01 2.52904099e+00
7.40208012e-01 3.03098399e+01 2.56721642e+00
2.45860265e-01 3.02075977e+01 2.55052120e+00
-2.45469988e-01 3.01596463e+01 2.54326155e+00
-7.36636099e-01 3.01635782e+01 2.54506711e+00
-1.22946752e+00 3.01956693e+01 2.55235162e+00
-1.71203087e+00 3.00179306e+01 2.52904099e+00
-2.19871641e+00 2.99630784e+01 2.52554830e+00
-2.71634484e+00 3.02598775e+01 2.57670489e+00
-3.20986029e+00 3.02242384e+01 2.57862063e+00
-3.74143439e+00 3.04943354e+01 2.62839724e+00
-4.26209423e+00 3.06074956e+01 2.65562002e+00
-4.78825004e+00 3.07170467e+01 2.68365608e+00
-5.36059048e+00 3.10579517e+01 2.74862792e+00
-5.89939085e+00 3.11459887e+01 2.77627124e+00
-6.52136836e+00 3.16070706e+01 2.86302643e+00
-7.14342104e+00 3.19822816e+01 2.93834503e+00
-7.82303620e+00 3.25269730e+01 3.04192226e+00
-8.73354411e+00 3.38775140e+01 3.27364832e+00
-9.64011454e+00 3.50254312e+01 3.47692090e+00
-1.04898824e+01 3.58232893e+01 3.62826598e+00
-1.14261496e+01 3.67894045e+01 3.80923845e+00
-1.13492419e+01 3.45462887e+01 3.48220821e+00
-1.17515207e+01 3.38996792e+01 3.40893506e+00
-1.46307072e+01 4.00847130e+01 4.43726586e+00
-1.34356731e+01 3.68105991e+01 3.36717958e+00
-1.05107472e+01 3.03204126e+01 2.39194096e+00
-1.47833378e+01 4.49994337e+01 4.49144290e+00
-1.10789540e+01 3.56715198e+01 3.11516369e+00
-1.14110251e+01 3.89690218e+01 3.56227654e+00
-1.00229205e+01 3.64162803e+01 3.17262109e+00
-1.00061598e+01 3.88140045e+01 3.49048394e+00
-9.20909045e+00 3.82899719e+01 3.39410603e+00
-7.73649466e+00 3.46375707e+01 2.85932934e+00
-6.96944907e+00 3.37787802e+01 2.72177623e+00
-6.23587859e+00 3.29224845e+01 2.58674506e+00
-5.59844467e+00 3.24360208e+01 2.50534457e+00
-5.05784542e+00 3.24465249e+01 2.49472731e+00
-4.42805246e+00 3.17992961e+01 2.39408125e+00
-3.83683989e+00 3.12719322e+01 2.31165579e+00
-3.31149543e+00 3.11812410e+01 2.29106098e+00
-2.78902275e+00 3.10695040e+01 2.26877305e+00
-2.24985552e+00 3.06599783e+01 2.20664453e+00
-1.76314730e+00 3.09141817e+01 2.23715836e+00
-1.24577166e+00 3.05960984e+01 2.19001816e+00
-7.40691333e-01 3.03296308e+01 2.15115150e+00
-2.47428399e-01 3.04002662e+01 2.15975557e+00
2.48365773e-01 3.05154366e+01 2.17558590e+00
7.45348700e-01 3.05203395e+01 2.17737161e+00
1.23426750e+00 3.03135566e+01 2.15115150e+00
1.72540546e+00 3.02524342e+01 2.14605545e+00
2.21849615e+00 3.02326275e+01 2.14774858e+00
2.70700448e+00 3.01558266e+01 2.14268602e+00
3.20794953e+00 3.02062466e+01 2.15629746e+00
3.69161610e+00 3.00882944e+01 2.14774858e+00
4.18257763e+00 3.00364609e+01 2.14944727e+00
4.66902236e+00 2.99521906e+01 2.14774858e+00
5.19038204e+00 3.00718056e+01 2.17558590e+00
5.75991268e+00 3.04096100e+01 2.23521737e+00
6.33322179e+00 3.06951819e+01 2.28901807e+00
6.87449540e+00 3.07782569e+01 2.31580842e+00
7.54054731e+00 3.13524279e+01 2.41337154e+00
8.06935934e+00 3.13011340e+01 2.42410180e+00
8.65231707e+00 3.14364663e+01 2.46270984e+00
9.17161312e+00 3.13213569e+01 2.46699044e+00
9.78125817e+00 3.14932569e+01 2.51381382e+00
1.05091004e+01 3.19889576e+01 2.60916584e+00
1.12179176e+01 3.23603912e+01 2.68869892e+00
1.18836276e+01 3.25583578e+01 2.74500827e+00
1.27474769e+01 3.32352600e+01 2.87376488e+00
1.36158334e+01 3.38412640e+01 2.99494023e+00
1.47115782e+01 3.49125871e+01 3.18845368e+00
1.58926944e+01 3.60635890e+01 3.39799766e+00
1.85901770e+01 4.03900388e+01 4.09248238e+00
2.20758574e+01 4.59776640e+01 4.99137492e+00
0.00000000e+00 0.00000000e+00 -0.00000000e+00
0.00000000e+00 0.00000000e+00 -0.00000000e+00
0.00000000e+00 0.00000000e+00 -0.00000000e+00
0.00000000e+00 0.00000000e+00 -0.00000000e+00
0.00000000e+00 0.00000000e+00 -0.00000000e+00
0.00000000e+00 0.00000000e+00 -0.00000000e+00
0.00000000e+00 0.00000000e+00 -0.00000000e+00
0.00000000e+00 0.00000000e+00 -0.00000000e+00
0.00000000e+00 0.00000000e+00 -0.00000000e+00
0.00000000e+00 0.00000000e+00 -0.00000000e+00
0.00000000e+00 0.00000000e+00 -0.00000000e+00
0.00000000e+00 0.00000000e+00 -0.00000000e+00
0.00000000e+00 0.00000000e+00 -0.00000000e+00
2.05182150e+01 4.86925307e+01 4.51330973e+00
1.61379634e+01 4.01098532e+01 3.32664427e+00
1.43917266e+01 3.75221527e+01 2.95015285e+00
1.30035503e+01 3.56266839e+01 2.67068909e+00
1.18913107e+01 3.43029323e+01 2.47052354e+00
1.08590791e+01 3.30542680e+01 2.28355174e+00
9.99666385e+00 3.21868104e+01 2.14902157e+00
9.21959595e+00 3.14852199e+01 2.03829711e+00
8.74699578e+00 3.17804626e+01 2.05743580e+00
8.18211949e+00 3.17385318e+01 2.03445664e+00
7.70430681e+00 3.20333146e+01 2.05552714e+00
7.11414371e+00 3.18512022e+01 2.01713319e+00
6.50314758e+00 3.15187600e+01 1.96111688e+00
5.89419306e+00 3.11185468e+01 1.89800345e+00
5.35082253e+00 3.10013586e+01 1.87179799e+00
4.70837038e+00 3.02046117e+01 1.76178971e+00
4.22336127e+00 3.03293415e+01 1.76828820e+00
3.68296109e+00 3.00177523e+01 1.72144402e+00
3.19134240e+00 3.00498728e+01 1.71848064e+00
2.68416854e+00 2.99014360e+01 1.69411673e+00
2.20720423e+00 3.00787465e+01 1.71116133e+00
1.72902852e+00 3.03159593e+01 1.73656478e+00
1.23135134e+00 3.02419359e+01 1.72442775e+00
7.38351751e-01 3.02338303e+01 1.72144402e+00
2.46041219e-01 3.02298305e+01 1.71995976e+00
-2.45943787e-01 3.02178596e+01 1.71848064e+00
-7.36895412e-01 3.01741965e+01 1.71407377e+00
-1.22939313e+00 3.01938424e+01 1.71848064e+00
-1.73916919e+00 3.04937610e+01 1.75856875e+00
-2.23528462e+00 3.04614128e+01 1.75856875e+00
-2.72849085e+00 3.03951832e+01 1.75536691e+00
-3.24378771e+00 3.05437010e+01 1.77983866e+00
-3.74546246e+00 3.05271660e+01 1.78485655e+00
-4.28028534e+00 3.07381319e+01 1.81928361e+00
-4.79329883e+00 3.07494352e+01 1.82991828e+00
-5.35082253e+00 3.10013586e+01 1.87179799e+00
-5.91416355e+00 3.12239816e+01 1.91126205e+00
-6.53157661e+00 3.16565468e+01 1.97849970e+00
-7.08008459e+00 3.16987138e+01 1.99782826e+00
-7.75821844e+00 3.22574708e+01 2.08401250e+00
-8.91021567e+00 3.45628249e+01 2.39482114e+00
-1.01271030e+01 3.67948065e+01 2.70002043e+00
-1.06063642e+01 3.62210784e+01 2.64800626e+00
-1.13702439e+01 3.66094018e+01 2.72120271e+00
-1.27267246e+01 3.87392485e+01 3.02289242e+00
-1.31429517e+01 3.79135481e+01 2.94267715e+00
-1.00801327e+01 2.76172040e+01 1.61722033e+00
-9.71809900e+00 2.66253164e+01 1.09754969e+00
-9.38507742e+00 2.70731866e+01 1.13159644e+00
-9.55177139e+00 2.90749158e+01 1.34552669e+00
-8.71258713e+00 2.80523977e+01 1.21064219e+00
-8.36403807e+00 2.85634619e+01 1.25327840e+00
-8.46789372e+00 3.07664009e+01 1.48888858e+00
-8.26943565e+00 3.20772322e+01 1.62224747e+00
-7.67749170e+00 3.19218215e+01 1.59000254e+00
-7.09561396e+00 3.17682414e+01 1.55916567e+00
-6.51743957e+00 3.15880289e+01 1.52651177e+00
-5.95882914e+00 3.14597947e+01 1.50081495e+00
-5.38560458e+00 3.12028773e+01 1.46187756e+00
-4.87230557e+00 3.12562703e+01 1.45853158e+00
-4.35243092e+00 3.12562330e+01 1.45020147e+00
-3.79786418e+00 3.09542630e+01 1.40945107e+00
-3.27232307e+00 3.08123918e+01 1.38743116e+00
-2.73037996e+00 3.04162277e+01 1.33837593e+00
-2.23683396e+00 3.04825265e+01 1.34122351e+00
-1.73307444e+00 3.03868986e+01 1.32715800e+00
-1.22926276e+00 3.01906404e+01 1.30295334e+00
-7.38563161e-01 3.02424870e+01 1.30688624e+00
-2.45438178e-01 3.01557380e+01 1.29648935e+00
2.45917706e-01 3.02146551e+01 1.30295334e+00
7.36821845e-01 3.01711841e+01 1.29906128e+00
1.22878000e+00 3.01787839e+01 1.30165149e+00
1.72255309e+00 3.02024222e+01 1.30688624e+00
2.19942285e+00 2.99727055e+01 1.28514076e+00
2.69834059e+00 3.00593116e+01 1.29906128e+00
3.19352354e+00 3.00704106e+01 1.30557078e+00
3.68255543e+00 3.00144460e+01 1.30557078e+00
4.14805879e+00 2.97885697e+01 1.28763082e+00
4.68014222e+00 3.00235255e+01 1.32165408e+00
5.18321808e+00 3.00302993e+01 1.33133215e+00
5.73795726e+00 3.02936958e+01 1.37060781e+00
6.25842236e+00 3.03326520e+01 1.38588362e+00
6.83984141e+00 3.06231053e+01 1.43043739e+00
7.31661441e+00 3.04213496e+01 1.42069190e+00
7.95825865e+00 3.08701732e+01 1.48549155e+00
8.50914081e+00 3.09162640e+01 1.50594140e+00
9.12556255e+00 3.11640927e+01 1.55057375e+00
9.51556891e+00 3.06378025e+01 1.50765192e+00
1.01302161e+01 3.08356607e+01 1.54885482e+00
1.06615676e+01 3.07554853e+01 1.55916567e+00
1.15241370e+01 3.15734378e+01 1.67543692e+00
1.22357215e+01 3.19010097e+01 1.73646001e+00
1.30553111e+01 3.24481225e+01 1.82521167e+00
1.36537401e+01 3.24021928e+01 1.84555411e+00
1.28496106e+01 2.91582449e+01 1.48379499e+00
1.42492625e+01 3.09587298e+01 1.72697099e+00
1.36593556e+01 2.84485106e+01 1.45020147e+00
2.13686922e+01 4.27089436e+01 3.22734619e+00
1.82679295e+01 3.50730041e+01 2.32650968e+00
1.64510905e+01 3.03678683e+01 1.77711296e+00
1.67684771e+01 2.97856988e+01 1.73803687e+00
1.73520680e+01 2.96815642e+01 1.75999042e+00
1.74343048e+01 2.98222342e+01 1.30384964e+00
1.78285843e+01 3.16687580e+01 1.47628000e+00
2.21998445e+01 4.09797730e+01 2.46068119e+00
0.00000000e+00 0.00000000e+00 -0.00000000e+00
2.62772924e+01 5.25196110e+01 3.62305725e+00
1.79584714e+01 3.74023327e+01 1.96999257e+00
0.00000000e+00 0.00000000e+00 -0.00000000e+00
2.35827378e+01 5.35137808e+01 3.59938034e+00
1.65177444e+01 3.91988667e+01 2.07037138e+00
1.42580829e+01 3.54375331e+01 1.65427595e+00
1.34807764e+01 3.51471206e+01 1.60108863e+00
1.23144999e+01 3.37388471e+01 1.43538433e+00
1.11597386e+01 3.21925619e+01 1.25853602e+00
1.00820083e+01 3.06889195e+01 1.08883834e+00
9.59045412e+00 3.08789146e+01 1.09184670e+00
8.97243390e+00 3.06411534e+01 1.05289530e+00
8.38281837e+00 3.04572966e+01 1.02048308e+00
7.85955381e+00 3.04872960e+01 1.01033996e+00
7.30330010e+00 3.03659908e+01 9.86153587e-01
6.79221036e+00 3.04098531e+01 9.79177418e-01
6.19523396e+00 3.00263972e+01 9.31195150e-01
5.72817172e+00 3.02420328e+01 9.42788823e-01
5.24914823e+00 3.04122825e+01 9.50673923e-01
4.73451264e+00 3.03723165e+01 9.38892521e-01
4.19465305e+00 3.01231784e+01 9.07695551e-01
3.68438353e+00 3.00293458e+01 8.92417337e-01
3.19637693e+00 3.00972783e+01 8.93568908e-01
2.68131883e+00 2.98696904e+01 8.67028210e-01
2.18841136e+00 2.98226460e+01 8.58687803e-01
1.71470458e+00 3.00648102e+01 8.78908311e-01
1.23280816e+00 3.02777155e+01 8.97047479e-01
7.29789719e-01 2.98832345e+01 8.57662803e-01
2.45087655e-01 3.01126710e+01 8.78908311e-01
-2.43722946e-01 2.99449962e+01 8.62826736e-01
-7.32173800e-01 2.99808572e+01 8.67028210e-01
-1.21829187e+00 2.99211959e+01 8.62826736e-01
-1.71601768e+00 3.00878335e+01 8.81119979e-01
-2.19316673e+00 2.98874500e+01 8.64919618e-01
-2.70285157e+00 3.01095635e+01 8.90126010e-01
-3.19133082e+00 3.00497638e+01 8.88986357e-01
-3.72084893e+00 3.03265548e+01 9.21135246e-01
-4.23580612e+00 3.04187120e+01 9.36312514e-01
-4.73659280e+00 3.03856610e+01 9.40187790e-01
-5.29969776e+00 3.07051542e+01 9.79177418e-01
-5.79340477e+00 3.05864325e+01 9.76406139e-01
-6.34685376e+00 3.07612519e+01 1.00315670e+00
-6.80170563e+00 3.04523650e+01 9.83355031e-01
-7.33431400e+00 3.04949418e+01 9.98873438e-01
-7.73561308e+00 3.00065286e+01 9.62723880e-01
-8.40707467e+00 3.05454271e+01 1.02924962e+00
-8.55757754e+00 2.92244055e+01 9.11314977e-01
-9.18693930e+00 2.95796956e+01 9.61372271e-01
-9.08326842e+00 2.76488260e+01 7.81943983e-01
-9.31690784e+00 2.68765374e+01 7.18931817e-01
-9.78599059e+00 2.68113235e+01 7.28120100e-01
-9.72758776e+00 2.66513134e+01 3.23624939e-01
-9.44230494e+00 2.72382712e+01 3.61193677e-01
-9.00974774e+00 2.74250342e+01 3.64364895e-01
-8.60840231e+00 2.77169481e+01 3.77171272e-01
-8.25362900e+00 2.81864113e+01 4.05673367e-01
-7.90142760e+00 2.87082594e+01 4.39004077e-01
-7.50551552e+00 2.91139776e+01 4.62832030e-01
-7.03860163e+00 2.92654155e+01 4.65630705e-01
-6.79765488e+00 3.04342292e+01 5.54685020e-01
-6.36114395e+00 3.08305120e+01 5.78979228e-01
-5.89801170e+00 3.11387075e+01 5.96429661e-01
-5.32636849e+00 3.08596778e+01 5.65513495e-01
-4.84861133e+00 3.11042697e+01 5.78979228e-01
-4.28894763e+00 3.08003387e+01 5.47570646e-01
-3.75288697e+00 3.05876789e+01 5.24532589e-01
-3.21294226e+00 3.02532585e+01 4.92198309e-01
-2.72573391e+00 3.03644711e+01 4.97387547e-01
-2.22559204e+00 3.03293270e+01 4.91170388e-01
-1.72325848e+00 3.02147902e+01 4.79097400e-01
-1.22134433e+00 2.99961643e+01 4.59148114e-01
-7.34862891e-01 3.00909693e+01 4.65630705e-01
-2.43184176e-01 2.98788002e+01 4.47547786e-01
2.42756881e-01 2.98263007e+01 4.43235410e-01
7.33208302e-01 3.00232177e+01 4.60064022e-01
1.21136706e+00 2.97511228e+01 4.39004077e-01
1.69899117e+00 2.97892988e+01 4.44091350e-01
2.18517941e+00 2.97786026e+01 4.45813043e-01
2.66865633e+00 2.97286311e+01 4.44950555e-01
3.14133411e+00 2.95789918e+01 4.36503557e-01
3.61992580e+00 2.95039870e+01 4.34852205e-01
4.11808595e+00 2.95733249e+01 4.45813043e-01
4.62390962e+00 2.96627884e+01 4.59148114e-01
5.07140099e+00 2.93824584e+01 4.42382722e-01
5.58079242e+00 2.94639399e+01 4.56420757e-01
6.08229405e+00 2.94790122e+01 4.65630705e-01
6.55883233e+00 2.93649810e+01 4.64694431e-01
7.03593614e+00 2.92543328e+01 4.64694431e-01
7.57005823e+00 2.93643394e+01 4.84068754e-01
8.09343139e+00 2.94058668e+01 4.98435266e-01
8.64498282e+00 2.95228973e+01 5.20060066e-01
9.14459533e+00 2.94433584e+01 5.25658072e-01
9.71937132e+00 2.95850782e+01 5.51116924e-01
1.03703116e+01 2.99152973e+01 5.93917989e-01
1.06772041e+01 2.92530399e+01 5.51116924e-01
1.08816608e+01 2.83706985e+01 4.89124568e-01
1.10916460e+01 2.75675612e+01 4.34031282e-01
1.15864524e+01 2.74962364e+01 4.44091350e-01
1.23044371e+01 2.79211410e+01 4.99486244e-01
1.24282754e+01 2.70023533e+01 4.34852205e-01
1.39189743e+01 2.89892217e+01 6.34645875e-01
1.61641959e+01 3.23068781e+01 9.60520390e-01
1.39693288e+01 2.68200250e+01 4.77132611e-01
1.56535702e+01 2.88956867e+01 6.92607149e-01
1.63191516e+01 2.89875659e+01 7.25645419e-01
1.70474940e+01 2.91605755e+01 7.67744758e-01
1.89582087e+01 3.24289467e+01 5.64771145e-01
1.75859028e+01 3.12376850e+01 4.47375877e-01
2.42861797e+01 4.48310407e+01 1.48291056e+00
1.69393666e+01 3.25222667e+01 5.03577728e-01
1.60262261e+01 3.20311221e+01 4.45252900e-01
1.47883387e+01 3.07998577e+01 3.32355719e-01
1.55736289e+01 3.38361209e+01 5.43166521e-01
1.30653001e+01 2.96476861e+01 2.11470677e-01
1.25382654e+01 2.97550187e+01 2.03943857e-01
1.22632564e+01 3.04795222e+01 2.42605362e-01
1.15406133e+01 3.00887215e+01 1.99647388e-01
1.07036875e+01 2.93255983e+01 1.30692090e-01
1.03420679e+01 2.98338226e+01 1.55153413e-01
1.00924349e+01 3.07206574e+01 2.07168727e-01
9.66567935e+00 3.11211214e+01 2.24377324e-01
9.13133363e+00 3.11838012e+01 2.17925216e-01
8.48109876e+00 3.08143788e+01 1.81464850e-01
7.92817483e+00 3.07534777e+01 1.67699890e-01
7.30003513e+00 3.03524155e+01 1.30692090e-01
6.71856959e+00 3.00801512e+01 1.03563694e-01
6.10414205e+00 2.95849027e+01 6.16147020e-02
5.54574714e+00 2.92789175e+01 3.36684225e-02
5.10481610e+00 2.95760574e+01 4.82973288e-02
4.58663220e+00 2.94236505e+01 3.22655419e-02
4.09462970e+00 2.94048780e+01 2.60823679e-02
3.61666986e+00 2.94774496e+01 2.67590450e-02
3.12712388e+00 2.94451874e+01 2.07591062e-02
2.65974675e+00 2.96293791e+01 3.01810620e-02
2.17934829e+00 2.96991387e+01 3.22655419e-02
1.68716478e+00 2.95819405e+01 2.20751232e-02
1.20984808e+00 2.97138169e+01 2.94914731e-02
7.26778281e-01 2.97599229e+01 3.15680767e-02
2.42447116e-01 2.97882414e+01 3.29656642e-02
-2.43039177e-01 2.98609849e+01 3.79416217e-02
-7.34116903e-01 3.00604228e+01 5.21289650e-02
-1.21275197e+00 2.97851363e+01 3.43738954e-02
-1.71674784e+00 3.01006358e+01 5.76125097e-02
-2.20817102e+00 3.00919213e+01 5.92048474e-02
-2.70939682e+00 3.01824771e+01 6.81661282e-02
-3.22273244e+00 3.03454434e+01 8.26845972e-02
-3.72569707e+00 3.03660694e+01 8.79980934e-02
-4.25654573e+00 3.05676500e+01 1.06385576e-01
-4.73047555e+00 3.03464182e+01 9.61468600e-02
-5.26106836e+00 3.04813448e+01 1.11136282e-01
-5.77223174e+00 3.04746488e+01 1.16912936e-01
-6.29353369e+00 3.05028259e+01 1.25724888e-01
-6.82100529e+00 3.05387728e+01 1.35707251e-01
-7.29322257e+00 3.03240900e+01 1.28699319e-01
-7.68388820e+00 2.98058872e+01 1.00763709e-01
-8.09448299e+00 2.94096876e+01 8.18084819e-02
-8.40682615e+00 2.87095846e+01 4.15775594e-02
-8.87940775e+00 2.85895193e+01 4.30512956e-02
-9.20674240e+00 2.80246720e+01 1.30617517e-02
-9.26843493e+00 2.67367074e+01 -6.90629879e-02
-9.68192552e+00 2.65262095e+01 -7.31475014e-02
-9.93204822e+00 2.72114872e+01 -4.18737525e-01
-9.53988714e+00 2.75197671e+01 -4.10042156e-01
-8.88246969e+00 2.70376088e+01 -4.46527417e-01
-8.57341639e+00 2.76043020e+01 -4.22148736e-01
-8.50534059e+00 2.90460146e+01 -3.47733498e-01
-7.91535719e+00 2.87588698e+01 -3.71656369e-01
-7.56748634e+00 2.93543630e+01 -3.45084985e-01
-7.21338002e+00 2.99921170e+01 -3.15921018e-01
-6.82077305e+00 3.05377330e+01 -2.91702477e-01
-6.47070197e+00 3.13615061e+01 -2.51674513e-01
-5.92464939e+00 3.12793419e+01 -2.61879416e-01
-5.33457771e+00 3.09072401e+01 -2.87653001e-01
-4.78361196e+00 3.06872930e+01 -3.04406914e-01
-4.28151497e+00 3.07469623e+01 -3.05187043e-01
-3.75657933e+00 3.06177734e+01 -3.15921018e-01
-3.26063539e+00 3.07023398e+01 -3.14409829e-01
-2.76294545e+00 3.07790049e+01 -3.12891041e-01
-2.24270661e+00 3.05625562e+01 -3.27003209e-01
-1.73752129e+00 3.04648675e+01 -3.34132476e-01
-1.23178816e+00 3.02526641e+01 -3.47074782e-01
-7.38033317e-01 3.02207911e+01 -3.49696071e-01
-2.45174953e-01 3.01233969e+01 -3.55460870e-01
2.43366455e-01 2.99011959e+01 -3.67613629e-01
7.28230195e-01 2.98193755e+01 -3.71656369e-01
1.21435370e+00 2.98244745e+01 -3.70512227e-01
1.69092697e+00 2.96479049e+01 -3.78885444e-01
2.17620674e+00 2.96563271e+01 -3.76698889e-01
2.65863338e+00 2.96169762e+01 -3.76698889e-01
3.14035561e+00 2.95697781e+01 -3.76698889e-01
3.62247452e+00 2.95247601e+01 -3.76147064e-01
4.10818739e+00 2.95022402e+01 -3.73918758e-01
4.58943378e+00 2.94416228e+01 -3.73356394e-01
5.07333295e+00 2.93936518e+01 -3.71656369e-01
5.54340178e+00 2.92665351e+01 -3.73918758e-01
6.01080464e+00 2.91325250e+01 -3.76147064e-01
6.47112460e+00 2.89722989e+01 -3.79426937e-01
7.01010684e+00 2.91469386e+01 -3.63462619e-01
7.52300772e+00 2.91818300e+01 -3.54829473e-01
8.13553360e+00 2.95588368e+01 -3.26278643e-01
8.80988143e+00 3.00860314e+01 -2.88465695e-01
9.51186089e+00 3.06258636e+01 -2.49110283e-01
1.00531269e+01 3.06010064e+01 -2.41394968e-01
1.05498865e+01 3.04333181e+01 -2.41394968e-01
1.07487533e+01 2.94490679e+01 -2.88465695e-01
1.08257352e+01 2.82248891e+01 -3.49696071e-01
1.12530061e+01 2.79686112e+01 -3.54195762e-01
1.21907953e+01 2.89304248e+01 -2.86023595e-01
1.23105337e+01 2.79349755e+01 -3.33429178e-01
1.28349775e+01 2.78859765e+01 -3.24092477e-01
1.28407236e+01 2.67435355e+01 -3.80503827e-01
1.32787231e+01 2.65397729e+01 -3.79966382e-01
1.56144586e+01 2.99785463e+01 -1.54370571e-01
0.00000000e+00 0.00000000e+00 -0.00000000e+00
2.68803731e+01 4.77473710e+01 9.93731939e-01
3.03599612e+01 5.19322040e+01 1.28696363e+00
2.21031754e+01 3.78085667e+01 -2.06057645e-01
1.77425049e+01 3.15158559e+01 -5.18827935e-01
2.24207418e+01 4.13875381e+01 -7.17843102e-02
1.48982765e+01 2.86035324e+01 -6.79385366e-01
1.55039582e+01 3.09872814e+01 -5.81044361e-01
1.49235859e+01 3.10815389e+01 -5.88048255e-01
1.35105878e+01 2.93538446e+01 -6.76804962e-01
1.32969531e+01 3.01733514e+01 -6.49765904e-01
1.21306536e+01 2.87877001e+01 -7.20867504e-01
1.15322394e+01 2.86626274e+01 -7.34952667e-01
1.13377428e+01 2.95597970e+01 -7.03631671e-01
1.07617198e+01 2.94845931e+01 -7.14797695e-01
1.04250644e+01 3.00732429e+01 -6.96685618e-01
1.01002637e+01 3.07444877e+01 -6.74868471e-01
9.75232697e+00 3.14001055e+01 -6.53604615e-01
9.16941086e+00 3.13138361e+01 -6.63894088e-01
8.40537508e+00 3.05392520e+01 -7.03003583e-01
7.67831500e+00 2.97842687e+01 -7.40591658e-01
7.09264429e+00 2.94901166e+01 -7.58099801e-01
6.54271986e+00 2.92928427e+01 -7.71073222e-01
6.04947580e+00 2.93199522e+01 -7.74234172e-01
5.54770087e+00 2.92892323e+01 -7.79462961e-01
5.05802140e+00 2.93049404e+01 -7.82405013e-01
4.57263891e+00 2.93338823e+01 -7.84459245e-01
4.10008426e+00 2.94440489e+01 -7.82818972e-01
3.58875618e+00 2.92499409e+01 -7.93432748e-01
3.11025941e+00 2.92863906e+01 -7.94178588e-01
2.63724127e+00 2.93786697e+01 -7.92304203e-01
2.17562718e+00 2.96484292e+01 -7.82818972e-01
1.69623486e+00 2.97409710e+01 -7.80311555e-01
1.20580155e+00 2.96144343e+01 -7.86475150e-01
7.24326296e-01 2.96595197e+01 -7.85270125e-01
2.42700878e-01 2.98194198e+01 -7.79036259e-01
-2.43215908e-01 2.98826990e+01 -7.76441713e-01
-7.29844196e-01 2.98854651e+01 -7.76003543e-01
-1.21489268e+00 2.98377120e+01 -7.77313123e-01
-1.72361571e+00 3.02210538e+01 -7.60596054e-01
-2.21353330e+00 3.01649961e+01 -7.61582659e-01
-2.73568490e+00 3.04753243e+01 -7.47160295e-01
-3.21237455e+00 3.02479129e+01 -7.54534240e-01
-3.75402625e+00 3.05969647e+01 -7.37790304e-01
-4.25918136e+00 3.05865773e+01 -7.35523042e-01
-4.75433633e+00 3.04994872e+01 -7.36092005e-01
-5.24779114e+00 3.04044199e+01 -7.36659546e-01
-5.77067232e+00 3.04664159e+01 -7.30339986e-01
-6.27733299e+00 3.04243061e+01 -7.28001664e-01
-6.78111211e+00 3.03601644e+01 -7.26234500e-01
-7.29132338e+00 3.03161934e+01 -7.23264636e-01
-7.78018188e+00 3.01794114e+01 -7.23861013e-01
-8.31718349e+00 3.02188254e+01 -7.16629668e-01
-8.92727785e+00 3.04869440e+01 -6.99220480e-01
-9.51925420e+00 3.06496682e+01 -6.85822540e-01
-9.50960286e+00 2.89465578e+01 -7.52460092e-01
-9.40121231e+00 2.71197310e+01 -8.24849960e-01
-9.55094087e+00 2.61673422e+01 -8.59582208e-01
-9.84989732e+00 2.69864130e+01 -1.21575931e+00
-9.41693990e+00 2.71651005e+01 -1.21512491e+00
-1.07487495e+01 3.27184325e+01 -1.05970629e+00
-8.58067387e+00 2.76276693e+01 -1.21024803e+00
-8.22326711e+00 2.80827245e+01 -1.20116397e+00
-7.89872032e+00 2.86984231e+01 -1.18740242e+00
-7.56842301e+00 2.93579964e+01 -1.17231100e+00
-7.19583261e+00 2.99191576e+01 -1.15989289e+00
-6.81327674e+00 3.05041708e+01 -1.14668188e+00
-6.34892159e+00 3.07712740e+01 -1.14221096e+00
-5.89813089e+00 3.11393367e+01 -1.13473546e+00
-5.29623804e+00 3.06851094e+01 -1.14987844e+00
-4.78054644e+00 3.06676274e+01 -1.15263353e+00
-4.27484171e+00 3.06990394e+01 -1.15380157e+00
-3.74412435e+00 3.05162598e+01 -1.16063709e+00
-3.20833965e+00 3.02099200e+01 -1.17061843e+00
-2.72523892e+00 3.03589569e+01 -1.16785253e+00
-2.23640508e+00 3.04766820e+01 -1.16573221e+00
-1.73635330e+00 3.04443885e+01 -1.16750186e+00
-1.22658876e+00 3.01249671e+01 -1.17689989e+00
-7.33276697e-01 3.00260183e+01 -1.18004110e+00
-2.43545319e-01 2.99231721e+01 -1.18306892e+00
2.43281276e-01 2.98907304e+01 -1.18395541e+00
7.22804869e-01 2.95972207e+01 -1.19176148e+00
1.21095200e+00 2.97409291e+01 -1.18740242e+00
1.68525011e+00 2.95483696e+01 -1.19202535e+00
2.17390524e+00 2.96249635e+01 -1.18906799e+00
2.64442801e+00 2.94587294e+01 -1.19255015e+00
3.13282349e+00 2.94988553e+01 -1.19015754e+00
3.61497905e+00 2.94636688e+01 -1.18961481e+00
4.10101868e+00 2.94507593e+01 -1.18823993e+00
4.57363286e+00 2.93402586e+01 -1.18934190e+00
5.04384081e+00 2.92227815e+01 -1.19042736e+00
5.50974446e+00 2.90888404e+01 -1.19176148e+00
5.99836734e+00 2.90722452e+01 -1.18961481e+00
6.50662283e+00 2.91312304e+01 -1.18512187e+00
6.98241017e+00 2.90317802e+01 -1.18483191e+00
7.43312052e+00 2.88331565e+01 -1.18712113e+00
7.99452515e+00 2.90465108e+01 -1.17753724e+00
8.56946348e+00 2.92649963e+01 -1.16750186e+00
9.14355091e+00 2.94399956e+01 -1.15839273e+00
9.83932696e+00 2.99502146e+01 -1.13932515e+00
1.04821591e+01 3.02379443e+01 -1.12625748e+00
1.11400614e+01 3.05211606e+01 -1.11293973e+00
1.17535930e+01 3.06440028e+01 -1.10391960e+00
1.24872196e+01 3.10361683e+01 -1.08661440e+00
1.23368108e+01 2.92769395e+01 -1.13263006e+00
1.32038132e+01 2.99619990e+01 -1.10606173e+00
1.29005929e+01 2.80285363e+01 -1.15763685e+00
1.29428728e+01 2.69562829e+01 -1.18366103e+00
1.39723037e+01 2.79260110e+01 -1.14748560e+00
1.40806855e+01 2.70338212e+01 -1.16785253e+00
1.43892601e+01 2.65618352e+01 -1.17528656e+00
1.60779045e+01 2.85590409e+01 -1.10520433e+00
1.64375037e+01 2.81171570e+01 -1.11078774e+00
1.68672507e+01 2.88522604e+01 -1.54365872e+00
1.60536017e+01 2.85158720e+01 -1.55317575e+00
1.72536266e+01 3.18493086e+01 -1.50538976e+00
1.71386358e+01 3.29048480e+01 -1.49339297e+00
1.38541843e+01 2.76899294e+01 -1.57724172e+00
1.29678137e+01 2.70082275e+01 -1.59093296e+00
1.28355295e+01 2.78871759e+01 -1.58083610e+00
1.18781154e+01 2.69537348e+01 -1.59783365e+00
1.16042482e+01 2.75384681e+01 -1.59197902e+00
1.19680560e+01 2.97458210e+01 -1.56220506e+00
1.17021384e+01 3.05098503e+01 -1.55381949e+00
1.13378990e+01 3.10631891e+01 -1.54848417e+00
1.09415043e+01 3.15630203e+01 -1.54386647e+00
1.02771091e+01 3.12827925e+01 -1.55039619e+00
9.67823515e+00 3.11615480e+01 -1.55446386e+00
8.83704437e+00 3.01787938e+01 -1.57063542e+00
8.23522830e+00 2.99210576e+01 -1.57626827e+00
7.57918703e+00 2.93997502e+01 -1.58545711e+00
7.03770478e+00 2.92616866e+01 -1.58907534e+00
6.55045487e+00 2.93274737e+01 -1.58970363e+00
6.02349372e+00 2.91940250e+01 -1.59299786e+00
5.52082559e+00 2.91473435e+01 -1.59495619e+00
5.07183955e+00 2.93849994e+01 -1.59285396e+00
4.56458404e+00 2.92822096e+01 -1.59536250e+00
4.05861780e+00 2.91462647e+01 -1.59820861e+00
3.60664836e+00 2.93957700e+01 -1.59563085e+00
3.12461371e+00 2.94215515e+01 -1.59602963e+00
2.67085496e+00 2.97531237e+01 -1.59212623e+00
2.17032053e+00 2.95761127e+01 -1.59509214e+00
1.68471584e+00 2.95390020e+01 -1.59602963e+00
1.20368740e+00 2.95625107e+01 -1.59602963e+00
7.23773513e-01 2.96368845e+01 -1.59522758e+00
2.42779442e-01 2.98290726e+01 -1.59270951e+00
-2.42607638e-01 2.98079639e+01 -1.59299786e+00
-7.28273999e-01 2.98211692e+01 -1.59270951e+00
-1.21931841e+00 2.99464077e+01 -1.59078127e+00
-1.70659345e+00 2.99225936e+01 -1.59078127e+00
-2.20170985e+00 3.00038717e+01 -1.58923327e+00
-2.71562483e+00 3.02518567e+01 -1.58528617e+00
-3.22112438e+00 3.03303018e+01 -1.58354634e+00
-3.70040113e+00 3.01598963e+01 -1.58511466e+00
-4.24151569e+00 3.04597144e+01 -1.58009384e+00
-4.73464465e+00 3.03731634e+01 -1.58028016e+00
-5.26382509e+00 3.04973167e+01 -1.57743510e+00
-5.76745316e+00 3.04494202e+01 -1.57685364e+00
-6.33911881e+00 3.07237629e+01 -1.57166158e+00
-6.76485537e+00 3.02873803e+01 -1.57626827e+00
-7.24692484e+00 3.01315912e+01 -1.57685364e+00
-7.84629168e+00 3.04358520e+01 -1.57084128e+00
-8.25819263e+00 3.00044939e+01 -1.57508615e+00
-8.51126184e+00 2.90662358e+01 -1.58647106e+00
-8.70707339e+00 2.80346449e+01 -1.59918987e+00
-8.82293378e+00 2.68563858e+01 -1.61403998e+00
-9.43090160e+00 2.72053759e+01 -1.60686680e+00
-9.74613585e+00 2.67021308e+01 -1.61190008e+00
-9.76539745e+00 2.67549031e+01 -1.61113270e+00
