2.163793e+01
2.162069e+01
2.162069e+01
2.162069e+01
2.162069e+01
2.163793e+01
2.163793e+01
2.162069e+01
2.163793e+01
2.162069e+01
2.162069e+01
2.162069e+01
2.162069e+01
2.160345e+01
2.162069e+01
2.167241e+01
2.163793e+01
2.162069e+01
2.162069e+01
2.163793e+01
2.163793e+01
2.163793e+01
2.162069e+01
2.167241e+01
2.168966e+01
2.167241e+01
2.168966e+01
2.162069e+01
2.162069e+01
2.165517e+01
2.163793e+01
2.162069e+01
2.162069e+01
2.163793e+01
2.163793e+01
2.163793e+01
2.162069e+01
2.162069e+01
2.162069e+01
2.165517e+01
2.163793e+01
2.162069e+01
2.163793e+01
2.163793e+01
2.163793e+01
2.163793e+01
2.162069e+01
2.163793e+01
2.163793e+01
2.162069e+01
2.162069e+01
2.160345e+01
2.162069e+01
2.167241e+01
2.162069e+01
2.162069e+01
2.163793e+01
2.163793e+01
2.163793e+01
2.162069e+01
2.162069e+01
2.162069e+01
2.163793e+01
2.163793e+01
2.163793e+01
2.163793e+01
2.162069e+01
2.163793e+01
2.163793e+01
2.163793e+01
2.163793e+01
2.163793e+01
2.163793e+01
2.163793e+01
2.163793e+01
2.163793e+01
2.163793e+01
2.162069e+01
2.162069e+01
2.162069e+01
2.162069e+01
2.162069e+01
2.162069e+01
2.162069e+01
2.162069e+01
2.162069e+01
2.162069e+01
2.162069e+01
2.162069e+01
2.162069e+01
2.162069e+01
2.163793e+01
2.163793e+01
2.162069e+01
2.162069e+01
2.162069e+01
2.163793e+01
2.163793e+01
2.163793e+01
2.162069e+01
2.162069e+01
2.163793e+01
2.162069e+01
2.162069e+01
2.163793e+01
2.165517e+01
2.162069e+01
2.163793e+01
2.162069e+01
2.162069e+01
2.165517e+01
2.162069e+01
2.163793e+01
2.162069e+01
2.163793e+01
2.162069e+01
2.162069e+01
2.163793e+01
2.162069e+01
2.163793e+01
2.162069e+01
2.163793e+01
2.163793e+01
2.162069e+01
2.168966e+01
2.163793e+01
2.163793e+01
2.162069e+01
2.163793e+01
2.163793e+01
2.163793e+01
2.163793e+01
2.162069e+01
2.163793e+01
2.162069e+01
2.163793e+01
2.162069e+01
2.167241e+01
2.170690e+01
2.167241e+01
2.163793e+01
2.167241e+01
2.167241e+01
2.168966e+01
2.167241e+01
2.168966e+01
2.162069e+01
2.162069e+01
2.163793e+01
2.163793e+01
2.163793e+01
2.162069e+01
2.162069e+01
2.162069e+01
2.163793e+01
2.163793e+01
2.162069e+01
2.163793e+01
2.163793e+01
2.170690e+01
2.168966e+01
2.167241e+01
2.163793e+01
2.163793e+01
2.163793e+01
2.163793e+01
2.162069e+01
2.162069e+01
2.163793e+01
2.163793e+01
2.162069e+01
2.162069e+01
2.163793e+01
2.163793e+01
2.162069e+01
2.163793e+01
2.162069e+01
2.162069e+01
2.162069e+01
2.162069e+01
2.162069e+01
2.162069e+01
2.163793e+01
2.163793e+01
2.162069e+01
2.162069e+01
2.162069e+01
2.163793e+01
2.163793e+01
2.162069e+01
2.163793e+01
2.162069e+01
2.162069e+01
2.163793e+01
2.162069e+01
2.162069e+01
2.167241e+01
2.168966e+01
2.168966e+01
2.162069e+01
