8.317241e+01
8.331034e+01
8.329310e+01
8.317241e+01
8.331034e+01
8.329310e+01
8.327586e+01
8.315517e+01
8.317241e+01
8.329310e+01
8.317241e+01
8.317241e+01
8.315517e+01
8.315517e+01
8.317241e+01
8.317241e+01
8.317241e+01
8.315517e+01
8.315517e+01
8.317241e+01
8.317241e+01
8.317241e+01
8.315517e+01
8.317241e+01
8.318966e+01
8.317241e+01
8.317241e+01
8.317241e+01
8.317241e+01
8.318966e+01
8.317241e+01
8.317241e+01
8.318966e+01
8.317241e+01
8.317241e+01
8.317241e+01
8.315517e+01
8.317241e+01
8.317241e+01
8.315517e+01
8.317241e+01
8.315517e+01
8.317241e+01
8.318966e+01
8.318966e+01
8.317241e+01
8.315517e+01
8.317241e+01
8.318966e+01
8.318966e+01
8.318966e+01
8.317241e+01
8.318966e+01
8.318966e+01
8.315517e+01
8.367241e+01
8.317241e+01
8.317241e+01
8.318966e+01
8.317241e+01
8.368966e+01
8.317241e+01
8.318966e+01
8.318966e+01
8.317241e+01
8.317241e+01
8.318966e+01
8.318966e+01
8.317241e+01
8.318966e+01
8.317241e+01
8.317241e+01
8.317241e+01
8.317241e+01
8.315517e+01
8.317241e+01
8.315517e+01
8.315517e+01
8.315517e+01
8.315517e+01
8.315517e+01
8.318966e+01
8.318966e+01
8.317241e+01
8.315517e+01
8.317241e+01
8.315517e+01
8.317241e+01
8.317241e+01
8.317241e+01
8.317241e+01
8.318966e+01
8.315517e+01
8.315517e+01
8.315517e+01
8.317241e+01
8.318966e+01
8.318966e+01
8.367241e+01
8.318966e+01
8.317241e+01
8.317241e+01
8.318966e+01
8.318966e+01
8.368966e+01
8.317241e+01
8.367241e+01
8.368966e+01
8.365517e+01
8.367241e+01
8.368966e+01
8.367241e+01
8.315517e+01
8.315517e+01
8.313793e+01
8.317241e+01
8.317241e+01
8.317241e+01
8.315517e+01
8.315517e+01
8.317241e+01
8.317241e+01
8.318966e+01
8.315517e+01
8.317241e+01
8.317241e+01
8.317241e+01
8.315517e+01
8.317241e+01
8.317241e+01
8.317241e+01
8.317241e+01
8.317241e+01
8.317241e+01
8.317241e+01
8.317241e+01
8.317241e+01
8.318966e+01
8.318966e+01
8.317241e+01
8.318966e+01
8.317241e+01
8.317241e+01
8.318966e+01
8.318966e+01
8.317241e+01
8.318966e+01
8.317241e+01
8.317241e+01
8.318966e+01
8.318966e+01
8.318966e+01
8.318966e+01
8.317241e+01
8.318966e+01
8.329310e+01
8.315517e+01
8.331034e+01
8.329310e+01
8.331034e+01
8.331034e+01
8.317241e+01
8.318966e+01
8.317241e+01
8.331034e+01
8.329310e+01
8.317241e+01
8.315517e+01
8.318966e+01
8.317241e+01
8.315517e+01
8.317241e+01
8.315517e+01
8.317241e+01
8.317241e+01
8.315517e+01
8.315517e+01
8.317241e+01
8.317241e+01
8.315517e+01
8.317241e+01
8.317241e+01
8.317241e+01
8.318966e+01
8.318966e+01
8.318966e+01
8.317241e+01
8.317241e+01
8.317241e+01
8.318966e+01
8.318966e+01
8.317241e+01
8.318966e+01
8.318966e+01
8.318966e+01
8.318966e+01
8.318966e+01
8.317241e+01
8.320690e+01
8.318966e+01
8.318966e+01
