2.762414e+02
2.761724e+02
2.762414e+02
2.762241e+02
2.762586e+02
2.762586e+02
2.762586e+02
2.762414e+02
2.762586e+02
2.757759e+02
2.762759e+02
2.763103e+02
2.762931e+02
2.762931e+02
2.762931e+02
2.762759e+02
2.763103e+02
2.762931e+02
2.762586e+02
2.762759e+02
2.762586e+02
2.762759e+02
2.762586e+02
2.762931e+02
2.763448e+02
2.768103e+02
2.762414e+02
2.762586e+02
2.762931e+02
2.762759e+02
2.762931e+02
2.767586e+02
2.762414e+02
2.762931e+02
2.762759e+02
2.762586e+02
2.763448e+02
2.767586e+02
2.762586e+02
2.762931e+02
2.762586e+02
2.762759e+02
2.762759e+02
2.758793e+02
2.758621e+02
2.758276e+02
2.762586e+02
2.758621e+02
2.763276e+02
2.762931e+02
2.758448e+02
2.759310e+02
2.757414e+02
2.762759e+02
2.762931e+02
2.758103e+02
2.763103e+02
2.758448e+02
2.759310e+02
2.757759e+02
2.758103e+02
2.763103e+02
2.758621e+02
2.762586e+02
2.762759e+02
2.757414e+02
2.762414e+02
2.758448e+02
2.758793e+02
2.758621e+02
2.758793e+02
2.758793e+02
2.759310e+02
2.759310e+02
2.759138e+02
2.757759e+02
2.758966e+02
2.757759e+02
2.758966e+02
2.758966e+02
2.758793e+02
2.758793e+02
2.758793e+02
2.758448e+02
2.758448e+02
2.758448e+02
2.758276e+02
2.758793e+02
2.758621e+02
2.758448e+02
2.757241e+02
2.757931e+02
2.752931e+02
2.758276e+02
2.753103e+02
2.757069e+02
2.756897e+02
2.758448e+02
2.758276e+02
2.758448e+02
2.753448e+02
2.753621e+02
2.757414e+02
2.757414e+02
2.753276e+02
2.753621e+02
2.757241e+02
2.757241e+02
2.757586e+02
2.753793e+02
2.757759e+02
2.757759e+02
2.758966e+02
2.759138e+02
2.758966e+02
2.758966e+02
2.757759e+02
2.757586e+02
2.757414e+02
2.757241e+02
2.757069e+02
2.753276e+02
2.757241e+02
2.757414e+02
2.757414e+02
2.756897e+02
2.757586e+02
2.757414e+02
2.757414e+02
2.757241e+02
2.757414e+02
2.757414e+02
2.757414e+02
2.757241e+02
2.757241e+02
2.757069e+02
2.757241e+02
2.758276e+02
2.758621e+02
2.757241e+02
2.757241e+02
2.757759e+02
2.757586e+02
2.753448e+02
2.758276e+02
2.753276e+02
2.757586e+02
2.757586e+02
2.757069e+02
2.757069e+02
2.758276e+02
2.758276e+02
2.758276e+02
2.757069e+02
2.753103e+02
2.757069e+02
2.757241e+02
2.758276e+02
2.758621e+02
2.758276e+02
2.757069e+02
2.757241e+02
2.757069e+02
2.756724e+02
2.757069e+02
2.753103e+02
2.756552e+02
2.758103e+02
2.758276e+02
2.758448e+02
2.758621e+02
2.758448e+02
2.757586e+02
2.757414e+02
2.757241e+02
2.757241e+02
2.757414e+02
2.758448e+02
2.758621e+02
2.758793e+02
2.758793e+02
2.757414e+02
2.757586e+02
2.758793e+02
2.757759e+02
2.759138e+02
2.757414e+02
2.757759e+02
2.758793e+02
2.759138e+02
2.762931e+02
2.758448e+02
2.759138e+02
2.758793e+02
2.758966e+02
2.758103e+02
2.758621e+02
2.758621e+02
2.762241e+02
2.758966e+02
2.758966e+02
