2.581034e+01
2.579310e+01
2.579310e+01
2.579310e+01
2.579310e+01
2.581034e+01
2.579310e+01
2.579310e+01
2.579310e+01
2.581034e+01
2.581034e+01
2.579310e+01
2.577586e+01
2.581034e+01
2.579310e+01
2.579310e+01
2.579310e+01
2.581034e+01
2.581034e+01
2.579310e+01
2.577586e+01
2.579310e+01
2.579310e+01
2.579310e+01
2.579310e+01
2.534483e+01
2.577586e+01
2.579310e+01
2.579310e+01
2.581034e+01
2.579310e+01
2.581034e+01
2.579310e+01
2.579310e+01
2.579310e+01
2.579310e+01
2.579310e+01
2.579310e+01
2.581034e+01
2.581034e+01
2.579310e+01
2.579310e+01
2.581034e+01
2.579310e+01
2.579310e+01
2.581034e+01
2.581034e+01
2.579310e+01
2.581034e+01
2.581034e+01
2.581034e+01
2.581034e+01
2.581034e+01
2.579310e+01
2.579310e+01
2.579310e+01
2.579310e+01
2.581034e+01
2.579310e+01
2.577586e+01
2.577586e+01
2.579310e+01
2.579310e+01
2.577586e+01
2.579310e+01
2.579310e+01
2.581034e+01
2.579310e+01
2.579310e+01
2.579310e+01
2.579310e+01
2.581034e+01
2.581034e+01
2.579310e+01
2.581034e+01
2.579310e+01
2.579310e+01
2.579310e+01
2.579310e+01
2.581034e+01
2.579310e+01
2.581034e+01
2.577586e+01
2.579310e+01
2.579310e+01
2.579310e+01
2.581034e+01
2.577586e+01
2.577586e+01
2.579310e+01
2.579310e+01
2.579310e+01
2.579310e+01
2.579310e+01
2.581034e+01
2.581034e+01
2.579310e+01
2.579310e+01
2.579310e+01
2.581034e+01
2.579310e+01
2.579310e+01
2.579310e+01
2.581034e+01
2.581034e+01
2.579310e+01
2.579310e+01
2.579310e+01
2.581034e+01
2.581034e+01
2.581034e+01
2.579310e+01
2.581034e+01
2.581034e+01
2.579310e+01
2.579310e+01
2.579310e+01
2.581034e+01
2.579310e+01
2.579310e+01
2.579310e+01
2.577586e+01
2.579310e+01
2.579310e+01
2.579310e+01
2.579310e+01
2.577586e+01
2.579310e+01
2.579310e+01
2.579310e+01
2.579310e+01
2.579310e+01
2.581034e+01
2.579310e+01
2.581034e+01
2.579310e+01
2.581034e+01
2.579310e+01
2.581034e+01
2.577586e+01
2.579310e+01
2.581034e+01
2.484483e+01
2.536207e+01
2.579310e+01
2.581034e+01
2.581034e+01
2.581034e+01
2.579310e+01
2.579310e+01
2.581034e+01
2.581034e+01
2.579310e+01
2.579310e+01
2.579310e+01
2.581034e+01
2.579310e+01
2.581034e+01
2.579310e+01
2.579310e+01
2.581034e+01
2.579310e+01
2.579310e+01
2.579310e+01
2.579310e+01
2.581034e+01
2.579310e+01
2.579310e+01
2.579310e+01
2.579310e+01
2.579310e+01
2.579310e+01
2.579310e+01
2.579310e+01
2.579310e+01
2.581034e+01
2.579310e+01
2.579310e+01
2.577586e+01
2.579310e+01
2.581034e+01
2.581034e+01
2.579310e+01
2.579310e+01
2.579310e+01
2.581034e+01
2.579310e+01
2.579310e+01
2.579310e+01
2.579310e+01
2.579310e+01
2.579310e+01
2.579310e+01
2.579310e+01
2.579310e+01
2.579310e+01
2.577586e+01
2.577586e+01
2.581034e+01
2.579310e+01
