3.937241e+02
3.941207e+02
3.936034e+02
3.941034e+02
3.937241e+02
3.942241e+02
3.941724e+02
3.937759e+02
3.937586e+02
3.937931e+02
3.937759e+02
3.937759e+02
3.937241e+02
3.937414e+02
3.937241e+02
3.937241e+02
3.936897e+02
3.936552e+02
3.936724e+02
3.936897e+02
3.936897e+02
3.940862e+02
3.937069e+02
3.941552e+02
3.940862e+02
3.936379e+02
3.941207e+02
3.937586e+02
3.937241e+02
3.941207e+02
3.936552e+02
3.937069e+02
3.937069e+02
3.941034e+02
3.937414e+02
3.936724e+02
3.937241e+02
3.938103e+02
3.937759e+02
3.937759e+02
3.937931e+02
3.937586e+02
3.937931e+02
3.938103e+02
3.932586e+02
3.932586e+02
3.937759e+02
3.932586e+02
3.932586e+02
3.932931e+02
3.932759e+02
3.933103e+02
3.932759e+02
3.932759e+02
3.932586e+02
3.932759e+02
3.932586e+02
3.937414e+02
3.937586e+02
3.932586e+02
3.937586e+02
3.932586e+02
3.932931e+02
3.932759e+02
3.933276e+02
3.938276e+02
3.937759e+02
3.932931e+02
3.932241e+02
3.932241e+02
3.932586e+02
3.932241e+02
3.932241e+02
3.932931e+02
3.938276e+02
3.933103e+02
3.932931e+02
3.937759e+02
3.932931e+02
3.932414e+02
3.932759e+02
3.932586e+02
3.937414e+02
3.932759e+02
3.932931e+02
3.932931e+02
3.938103e+02
3.932586e+02
3.932759e+02
3.932759e+02
3.937931e+02
3.932759e+02
3.937759e+02
3.937931e+02
3.932069e+02
3.932414e+02
3.932586e+02
3.932241e+02
3.932931e+02
3.938103e+02
3.938103e+02
3.937241e+02
3.932586e+02
3.932069e+02
3.932241e+02
3.932069e+02
3.932586e+02
3.932931e+02
3.932414e+02
3.932586e+02
3.931897e+02
3.931897e+02
3.931897e+02
3.927759e+02
3.927586e+02
3.927586e+02
3.928103e+02
3.928448e+02
3.928448e+02
3.928793e+02
3.928103e+02
3.928103e+02
3.923448e+02
3.923276e+02
3.923621e+02
3.931724e+02
3.928103e+02
3.923103e+02
3.928276e+02
3.922931e+02
3.928103e+02
3.931897e+02
3.931379e+02
3.931724e+02
3.932586e+02
3.928448e+02
3.928448e+02
3.927931e+02
3.932069e+02
3.931724e+02
3.932241e+02
3.932586e+02
3.932241e+02
3.928448e+02
3.928448e+02
3.928621e+02
3.928103e+02
3.928103e+02
3.928103e+02
3.928103e+02
3.927931e+02
3.928276e+02
3.927931e+02
3.928621e+02
3.928448e+02
3.928103e+02
3.928448e+02
3.928276e+02
3.928276e+02
3.928793e+02
3.928448e+02
3.923103e+02
3.928621e+02
3.928621e+02
3.928276e+02
3.928276e+02
3.928103e+02
3.928276e+02
3.928103e+02
3.928448e+02
3.928621e+02
3.927759e+02
3.922931e+02
3.928276e+02
3.928103e+02
3.927931e+02
3.927414e+02
3.927931e+02
3.927759e+02
3.927586e+02
3.927414e+02
3.928276e+02
3.928276e+02
3.927586e+02
3.928103e+02
3.927931e+02
3.928448e+02
3.928448e+02
3.928621e+02
3.928448e+02
3.928448e+02
3.933621e+02
3.933966e+02
3.933793e+02
3.933448e+02
3.932931e+02
3.933448e+02
3.928276e+02
3.928448e+02
3.928276e+02
3.928448e+02
