4.179310e+01
4.177586e+01
4.179310e+01
4.179310e+01
4.179310e+01
4.179310e+01
4.177586e+01
4.179310e+01
4.179310e+01
4.179310e+01
4.177586e+01
4.177586e+01
4.179310e+01
4.179310e+01
4.179310e+01
4.177586e+01
4.177586e+01
4.177586e+01
4.179310e+01
4.177586e+01
4.177586e+01
4.177586e+01
4.177586e+01
4.179310e+01
4.177586e+01
4.177586e+01
4.182759e+01
4.182759e+01
4.179310e+01
4.179310e+01
4.177586e+01
4.179310e+01
4.177586e+01
4.179310e+01
4.177586e+01
4.177586e+01
4.179310e+01
4.179310e+01
4.179310e+01
4.177586e+01
4.177586e+01
4.181034e+01
4.179310e+01
4.179310e+01
4.177586e+01
4.177586e+01
4.177586e+01
4.179310e+01
4.177586e+01
4.179310e+01
4.177586e+01
4.177586e+01
4.177586e+01
4.177586e+01
4.177586e+01
4.177586e+01
4.177586e+01
4.184483e+01
4.182759e+01
4.184483e+01
4.184483e+01
4.182759e+01
4.181034e+01
4.182759e+01
4.182759e+01
4.184483e+01
4.182759e+01
4.182759e+01
4.182759e+01
4.184483e+01
4.182759e+01
4.182759e+01
4.182759e+01
4.184483e+01
4.182759e+01
4.182759e+01
4.184483e+01
4.182759e+01
4.184483e+01
4.179310e+01
4.177586e+01
4.177586e+01
4.175862e+01
4.177586e+01
4.177586e+01
4.177586e+01
4.175862e+01
4.182759e+01
4.184483e+01
4.177586e+01
4.177586e+01
4.177586e+01
4.177586e+01
4.177586e+01
4.179310e+01
4.177586e+01
4.177586e+01
4.179310e+01
4.177586e+01
4.177586e+01
4.177586e+01
4.177586e+01
4.179310e+01
4.179310e+01
4.179310e+01
4.177586e+01
4.177586e+01
4.177586e+01
4.177586e+01
4.177586e+01
4.177586e+01
4.179310e+01
4.179310e+01
4.177586e+01
4.179310e+01
4.177586e+01
4.179310e+01
4.179310e+01
4.177586e+01
4.182759e+01
4.177586e+01
4.177586e+01
4.184483e+01
4.182759e+01
4.182759e+01
4.177586e+01
4.177586e+01
4.175862e+01
4.184483e+01
4.182759e+01
4.184483e+01
4.182759e+01
4.184483e+01
4.181034e+01
4.177586e+01
4.182759e+01
4.182759e+01
4.177586e+01
4.182759e+01
4.182759e+01
4.182759e+01
4.181034e+01
4.184483e+01
4.182759e+01
4.175862e+01
4.184483e+01
4.184483e+01
4.184483e+01
4.182759e+01
4.175862e+01
4.177586e+01
4.177586e+01
4.175862e+01
4.175862e+01
4.175862e+01
4.177586e+01
4.175862e+01
4.175862e+01
4.177586e+01
4.182759e+01
4.179310e+01
4.182759e+01
4.175862e+01
4.175862e+01
4.182759e+01
4.182759e+01
4.177586e+01
4.181034e+01
4.182759e+01
4.182759e+01
4.184483e+01
4.177586e+01
4.182759e+01
4.182759e+01
4.177586e+01
4.177586e+01
4.177586e+01
4.182759e+01
4.182759e+01
4.184483e+01
4.182759e+01
4.175862e+01
4.175862e+01
4.182759e+01
4.177586e+01
4.182759e+01
4.182759e+01
4.182759e+01
4.184483e+01
4.177586e+01
4.182759e+01
4.182759e+01
4.175862e+01
4.177586e+01
4.175862e+01
4.175862e+01
4.175862e+01
4.177586e+01
4.177586e+01
4.175862e+01
4.182759e+01
