3.902069e+02
3.897241e+02
3.901207e+02
3.897069e+02
3.896724e+02
3.902759e+02
3.897931e+02
3.897586e+02
3.897931e+02
3.897759e+02
3.897586e+02
3.897414e+02
3.897414e+02
3.897931e+02
3.897931e+02
3.898966e+02
3.897586e+02
3.897586e+02
3.897586e+02
3.897931e+02
3.898793e+02
3.897414e+02
3.897241e+02
3.899138e+02
3.898793e+02
3.898448e+02
3.902586e+02
3.902414e+02
3.898103e+02
3.903103e+02
3.902759e+02
3.898966e+02
3.898793e+02
3.898621e+02
3.897414e+02
3.897414e+02
3.897414e+02
3.897241e+02
3.897241e+02
3.897759e+02
3.897241e+02
3.897586e+02
3.897414e+02
3.897586e+02
3.897241e+02
3.897931e+02
3.897414e+02
3.897241e+02
3.897414e+02
3.897069e+02
3.898103e+02
3.897241e+02
3.897069e+02
3.897414e+02
3.897241e+02
3.896897e+02
3.898103e+02
3.897586e+02
3.897069e+02
3.897241e+02
3.897586e+02
3.897931e+02
3.896897e+02
3.897069e+02
3.897069e+02
3.897759e+02
3.897931e+02
3.897759e+02
3.898621e+02
3.898621e+02
3.899310e+02
3.899310e+02
3.898966e+02
3.898966e+02
3.899310e+02
3.898966e+02
3.897586e+02
3.898621e+02
3.898793e+02
3.898966e+02
3.899138e+02
3.898793e+02
3.899138e+02
3.898793e+02
3.899138e+02
3.899138e+02
3.899138e+02
3.899828e+02
3.903448e+02
3.899828e+02
3.903103e+02
3.903276e+02
3.903103e+02
3.902931e+02
3.903276e+02
3.903103e+02
3.907931e+02
3.902931e+02
3.903276e+02
3.902931e+02
3.903448e+02
3.903448e+02
3.903793e+02
3.903621e+02
3.903276e+02
3.903276e+02
3.902414e+02
3.902586e+02
3.902241e+02
3.903276e+02
3.903276e+02
3.902931e+02
3.903276e+02
3.903276e+02
3.902931e+02
3.902759e+02
3.899310e+02
3.902759e+02
3.899138e+02
3.902759e+02
3.899138e+02
3.899138e+02
3.899483e+02
3.899138e+02
3.899138e+02
3.899138e+02
3.899138e+02
3.899483e+02
3.899310e+02
3.899483e+02
3.899655e+02
3.899310e+02
3.899138e+02
3.898966e+02
3.898448e+02
3.898621e+02
3.898793e+02
3.898966e+02
3.898621e+02
3.898621e+02
3.898276e+02
3.898448e+02
3.899138e+02
3.899483e+02
3.899310e+02
3.899655e+02
3.899655e+02
3.900172e+02
3.900172e+02
3.898966e+02
3.899483e+02
3.899483e+02
3.899655e+02
3.899655e+02
3.899655e+02
3.899310e+02
3.899655e+02
3.900000e+02
3.899483e+02
3.899655e+02
3.899483e+02
3.899655e+02
3.899310e+02
3.899310e+02
3.903276e+02
3.899483e+02
3.899655e+02
3.899655e+02
3.899655e+02
3.899483e+02
3.899655e+02
3.899828e+02
3.899310e+02
3.898966e+02
3.899310e+02
3.898966e+02
3.899655e+02
3.899138e+02
3.899483e+02
3.899655e+02
3.899310e+02
3.899828e+02
3.899828e+02
3.899655e+02
3.900000e+02
3.899310e+02
3.899828e+02
3.899310e+02
3.904828e+02
3.899483e+02
3.899655e+02
3.899655e+02
3.899483e+02
3.899655e+02
3.899828e+02
3.899828e+02
3.899655e+02
3.900000e+02
3.899138e+02
3.899138e+02
