4.248448e+02
4.248103e+02
4.247931e+02
4.248103e+02
4.248448e+02
4.257586e+02
4.257414e+02
4.256897e+02
4.256552e+02
4.256379e+02
4.257241e+02
4.247759e+02
4.257414e+02
4.248276e+02
4.252931e+02
4.256897e+02
4.257414e+02
4.256897e+02
4.257414e+02
4.258103e+02
4.257931e+02
4.258103e+02
4.257069e+02
4.258621e+02
4.248276e+02
4.258448e+02
4.257586e+02
4.249483e+02
4.249828e+02
4.249483e+02
4.249828e+02
4.248276e+02
4.248276e+02
4.248276e+02
4.248448e+02
4.248103e+02
4.247759e+02
4.249310e+02
4.248621e+02
4.248448e+02
3.940862e+02
4.248621e+02
4.248448e+02
4.248448e+02
4.244828e+02
4.245000e+02
4.244483e+02
4.244310e+02
4.244655e+02
4.244483e+02
4.244310e+02
4.204310e+02
4.204483e+02
4.204655e+02
4.244310e+02
4.243966e+02
4.243793e+02
4.244138e+02
3.935862e+02
3.939655e+02
3.936034e+02
3.940862e+02
3.935345e+02
3.941034e+02
4.243621e+02
3.935517e+02
3.940517e+02
3.935172e+02
3.935000e+02
3.940345e+02
3.940172e+02
3.935517e+02
3.935862e+02
3.936034e+02
3.936034e+02
4.235690e+02
3.936034e+02
3.941034e+02
3.936379e+02
4.209655e+02
4.213621e+02
4.213276e+02
4.213966e+02
4.214828e+02
4.213276e+02
4.214655e+02
4.209655e+02
3.941552e+02
3.936379e+02
3.935345e+02
3.935345e+02
3.940690e+02
4.212586e+02
4.213621e+02
4.213103e+02
4.213276e+02
4.208621e+02
4.213793e+02
4.208448e+02
4.213621e+02
3.940172e+02
4.239655e+02
4.212931e+02
4.234828e+02
4.212414e+02
4.243966e+02
4.213448e+02
4.239138e+02
4.244310e+02
4.238793e+02
3.935517e+02
3.940517e+02
3.935517e+02
3.934828e+02
3.935000e+02
3.934655e+02
3.931207e+02
3.935517e+02
3.930862e+02
3.936034e+02
3.936034e+02
3.930862e+02
3.935690e+02
3.931207e+02
3.932069e+02
3.931034e+02
3.935690e+02
3.930862e+02
3.930517e+02
3.930345e+02
3.935172e+02
3.935690e+02
3.935690e+02
3.936034e+02
3.935690e+02
3.935517e+02
3.936034e+02
3.935690e+02
3.931897e+02
3.935345e+02
3.935517e+02
3.935517e+02
3.936379e+02
3.936034e+02
3.936207e+02
3.936034e+02
3.936379e+02
3.940690e+02
3.935862e+02
3.936034e+02
3.936034e+02
3.936207e+02
3.940172e+02
3.940517e+02
4.254310e+02
3.941207e+02
4.253966e+02
3.940862e+02
4.253103e+02
4.252931e+02
4.205517e+02
4.253103e+02
4.253276e+02
4.253103e+02
3.940690e+02
4.253448e+02
4.252759e+02
4.252586e+02
4.252759e+02
4.253103e+02
3.940690e+02
4.253793e+02
4.252931e+02
4.253276e+02
4.249483e+02
4.253448e+02
4.254310e+02
4.249138e+02
4.254138e+02
4.249310e+02
4.248966e+02
4.253448e+02
4.248103e+02
4.253103e+02
4.248448e+02
4.248103e+02
4.248276e+02
4.248276e+02
4.248621e+02
4.248966e+02
4.249310e+02
4.248793e+02
4.248793e+02
4.248793e+02
4.249138e+02
4.248966e+02
4.253448e+02
4.249138e+02
4.252759e+02
4.252759e+02
4.252759e+02
