1.039828e+02
1.039828e+02
1.039828e+02
1.039828e+02
1.039655e+02
1.039655e+02
1.040000e+02
1.040000e+02
1.040000e+02
1.039828e+02
1.039655e+02
1.039655e+02
1.039655e+02
1.039655e+02
1.039828e+02
1.040000e+02
1.039828e+02
1.040000e+02
1.039828e+02
1.039828e+02
1.039655e+02
1.039828e+02
1.039483e+02
1.039655e+02
1.039828e+02
1.039828e+02
1.039655e+02
1.039828e+02
1.039655e+02
1.040000e+02
1.039828e+02
1.040000e+02
1.039483e+02
1.039828e+02
1.039828e+02
1.040000e+02
1.040000e+02
1.039828e+02
1.040000e+02
1.039828e+02
1.039828e+02
1.039828e+02
1.039655e+02
1.039655e+02
1.039655e+02
1.039655e+02
1.039483e+02
1.039655e+02
1.039655e+02
1.039828e+02
1.040000e+02
1.040000e+02
1.040000e+02
1.039655e+02
1.040000e+02
1.039828e+02
1.039828e+02
1.040000e+02
1.040000e+02
1.039828e+02
1.039828e+02
1.039828e+02
1.040000e+02
1.039828e+02
1.040000e+02
1.039828e+02
1.039828e+02
1.039655e+02
1.039828e+02
1.039655e+02
1.039828e+02
1.039828e+02
1.039828e+02
1.039828e+02
1.039828e+02
1.039828e+02
1.039828e+02
1.039828e+02
1.039828e+02
1.039828e+02
1.039828e+02
1.039655e+02
1.040172e+02
1.040000e+02
1.040000e+02
1.040000e+02
1.040000e+02
1.040172e+02
1.040000e+02
1.040000e+02
1.040000e+02
1.040000e+02
1.040172e+02
1.040000e+02
1.040000e+02
1.039828e+02
1.039828e+02
1.040000e+02
1.039828e+02
1.040000e+02
1.040000e+02
1.039828e+02
1.040000e+02
1.039828e+02
1.040000e+02
1.039828e+02
1.040000e+02
1.040000e+02
1.040000e+02
1.039828e+02
1.039828e+02
1.040000e+02
1.039828e+02
1.040000e+02
1.039655e+02
1.039655e+02
1.040000e+02
1.039828e+02
1.039655e+02
1.039828e+02
1.040000e+02
1.039828e+02
1.040172e+02
1.040000e+02
1.040000e+02
1.040000e+02
1.040000e+02
1.040000e+02
1.040172e+02
1.040000e+02
1.040000e+02
1.040172e+02
1.040000e+02
1.040000e+02
1.039828e+02
1.040000e+02
1.040000e+02
1.039828e+02
1.040000e+02
1.039828e+02
1.039828e+02
1.039828e+02
1.040000e+02
1.040000e+02
1.039828e+02
1.040172e+02
1.039828e+02
1.040000e+02
1.040000e+02
1.040000e+02
1.040000e+02
1.040172e+02
1.040000e+02
1.040000e+02
1.039828e+02
1.040172e+02
1.040000e+02
1.039828e+02
1.039828e+02
1.039828e+02
1.040000e+02
1.039828e+02
1.040000e+02
1.039828e+02
1.040000e+02
1.040000e+02
1.039828e+02
1.039828e+02
1.040000e+02
1.040000e+02
1.040000e+02
1.040000e+02
1.040000e+02
1.039828e+02
1.039828e+02
1.039828e+02
1.039828e+02
1.039828e+02
1.039655e+02
1.039828e+02
1.039828e+02
1.039828e+02
1.039828e+02
1.039828e+02
1.039828e+02
1.040000e+02
1.040000e+02
1.039828e+02
1.040000e+02
1.039828e+02
1.039828e+02
1.039655e+02
1.039655e+02
1.039828e+02
1.040000e+02
1.040000e+02
1.040000e+02
1.040000e+02
1.040000e+02
1.040000e+02
