2.402414e+02
2.402586e+02
2.402586e+02
2.402586e+02
2.402414e+02
2.402414e+02
2.402586e+02
2.402414e+02
2.402414e+02
2.402069e+02
2.402069e+02
2.402586e+02
2.402241e+02
2.402069e+02
2.402069e+02
2.402069e+02
2.402241e+02
2.402241e+02
2.402241e+02
2.401897e+02
2.402069e+02
2.401724e+02
2.402241e+02
2.402241e+02
2.402069e+02
2.401897e+02
2.401724e+02
2.401379e+02
2.401897e+02
2.401552e+02
2.402414e+02
2.402414e+02
2.402241e+02
2.402414e+02
2.402414e+02
2.400862e+02
2.402586e+02
2.402586e+02
2.402241e+02
2.402759e+02
2.402931e+02
2.402414e+02
2.402586e+02
2.402586e+02
2.402586e+02
2.402759e+02
2.402414e+02
2.402241e+02
2.402759e+02
2.402414e+02
2.402759e+02
2.402586e+02
2.402586e+02
2.402241e+02
2.402414e+02
2.402241e+02
2.402069e+02
2.402241e+02
2.402586e+02
2.402241e+02
2.402414e+02
2.401552e+02
2.402414e+02
2.402586e+02
2.402586e+02
2.402586e+02
2.402414e+02
2.402931e+02
2.402586e+02
2.402586e+02
2.402414e+02
2.402241e+02
2.402586e+02
2.402586e+02
2.402414e+02
2.402586e+02
2.402069e+02
2.402069e+02
2.402241e+02
2.402414e+02
2.402241e+02
2.402414e+02
2.402414e+02
2.402414e+02
2.402414e+02
2.402414e+02
2.402414e+02
2.402414e+02
2.402414e+02
2.402414e+02
2.402586e+02
2.402414e+02
2.402241e+02
2.402414e+02
2.402586e+02
2.402414e+02
2.402241e+02
2.402414e+02
2.402586e+02
2.402241e+02
2.402414e+02
2.402586e+02
2.402414e+02
2.402586e+02
2.402586e+02
2.402414e+02
2.402241e+02
2.402414e+02
2.402241e+02
2.402414e+02
2.402414e+02
2.402931e+02
2.402586e+02
2.402586e+02
2.402759e+02
2.402414e+02
2.402586e+02
2.402759e+02
2.402414e+02
2.402241e+02
2.402414e+02
2.402586e+02
2.402586e+02
2.402759e+02
2.402241e+02
2.402241e+02
2.402586e+02
2.402586e+02
2.402241e+02
2.402241e+02
2.402069e+02
2.402241e+02
2.402241e+02
2.402241e+02
2.402586e+02
2.402414e+02
2.402586e+02
2.402759e+02
2.402586e+02
2.402241e+02
2.402586e+02
2.402414e+02
2.402586e+02
2.402241e+02
2.402759e+02
2.402586e+02
2.402586e+02
2.402241e+02
2.402069e+02
2.402241e+02
2.402241e+02
2.402069e+02
2.401724e+02
2.401724e+02
2.402069e+02
2.402241e+02
2.402414e+02
2.402069e+02
2.402241e+02
2.402241e+02
2.402069e+02
2.402069e+02
2.401552e+02
2.401897e+02
2.402414e+02
2.401897e+02
2.402241e+02
2.402069e+02
2.401897e+02
2.402241e+02
2.401724e+02
2.402069e+02
2.402069e+02
2.401897e+02
2.402069e+02
2.401724e+02
2.401897e+02
2.401897e+02
2.401897e+02
2.402069e+02
2.401897e+02
2.401724e+02
2.401897e+02
2.402069e+02
2.402069e+02
2.402241e+02
2.402241e+02
2.401897e+02
2.401897e+02
2.401897e+02
2.402069e+02
2.401897e+02
2.402069e+02
2.401897e+02
2.401724e+02
2.401724e+02
2.401379e+02
2.401897e+02
2.401724e+02
2.402241e+02
