2.051724e+00
2.051724e+00
2.068966e+00
2.068966e+00
2.068966e+00
2.068966e+00
2.068966e+00
2.068966e+00
2.068966e+00
2.068966e+00
2.051724e+00
2.051724e+00
2.068966e+00
2.068966e+00
2.068966e+00
2.051724e+00
2.068966e+00
2.068966e+00
2.068966e+00
2.068966e+00
2.068966e+00
2.068966e+00
2.086207e+00
2.068966e+00
2.068966e+00
2.068966e+00
2.068966e+00
2.086207e+00
2.068966e+00
2.051724e+00
2.051724e+00
2.068966e+00
2.068966e+00
2.068966e+00
2.051724e+00
2.068966e+00
2.051724e+00
2.086207e+00
1.551724e+00
2.068966e+00
1.551724e+00
2.051724e+00
1.568966e+00
2.068966e+00
2.051724e+00
2.068966e+00
2.068966e+00
2.068966e+00
2.068966e+00
2.051724e+00
2.068966e+00
2.051724e+00
2.068966e+00
2.068966e+00
2.068966e+00
1.551724e+00
2.068966e+00
2.068966e+00
2.051724e+00
2.068966e+00
2.086207e+00
2.068966e+00
2.068966e+00
2.068966e+00
2.068966e+00
2.086207e+00
2.068966e+00
2.068966e+00
2.051724e+00
2.068966e+00
2.068966e+00
2.068966e+00
2.068966e+00
2.068966e+00
2.068966e+00
2.086207e+00
1.568966e+00
2.068966e+00
1.534483e+00
2.068966e+00
2.068966e+00
2.068966e+00
1.551724e+00
2.051724e+00
2.068966e+00
2.068966e+00
2.051724e+00
2.051724e+00
2.068966e+00
2.068966e+00
2.068966e+00
2.068966e+00
2.068966e+00
2.068966e+00
2.068966e+00
2.086207e+00
2.068966e+00
2.051724e+00
2.068966e+00
2.068966e+00
2.086207e+00
2.068966e+00
2.051724e+00
2.086207e+00
2.068966e+00
2.068966e+00
2.068966e+00
2.051724e+00
2.068966e+00
2.068966e+00
2.068966e+00
2.068966e+00
2.051724e+00
2.068966e+00
1.551724e+00
2.086207e+00
1.534483e+00
2.051724e+00
1.551724e+00
2.068966e+00
2.068966e+00
2.051724e+00
2.068966e+00
2.086207e+00
2.068966e+00
1.551724e+00
2.068966e+00
1.551724e+00
2.086207e+00
2.068966e+00
2.068966e+00
2.068966e+00
2.068966e+00
2.086207e+00
2.086207e+00
2.068966e+00
2.068966e+00
2.068966e+00
2.086207e+00
2.068966e+00
2.051724e+00
1.551724e+00
2.068966e+00
1.551724e+00
2.068966e+00
1.534483e+00
2.051724e+00
2.068966e+00
2.068966e+00
1.551724e+00
2.051724e+00
1.534483e+00
2.068966e+00
1.551724e+00
2.068966e+00
1.551724e+00
2.068966e+00
1.551724e+00
2.068966e+00
2.068966e+00
2.051724e+00
2.068966e+00
2.068966e+00
2.086207e+00
2.068966e+00
2.051724e+00
2.068966e+00
2.068966e+00
2.068966e+00
2.086207e+00
2.068966e+00
2.068966e+00
2.068966e+00
2.068966e+00
2.068966e+00
2.051724e+00
2.068966e+00
2.068966e+00
2.068966e+00
2.051724e+00
2.051724e+00
2.068966e+00
2.068966e+00
2.068966e+00
2.051724e+00
1.534483e+00
2.068966e+00
2.051724e+00
2.086207e+00
2.068966e+00
2.068966e+00
2.068966e+00
2.068966e+00
2.068966e+00
2.068966e+00
2.068966e+00
2.086207e+00
2.086207e+00
1.551724e+00
2.068966e+00
1.551724e+00
