1.452241e+02
1.456724e+02
1.456207e+02
1.456034e+02
1.456207e+02
1.456034e+02
1.455862e+02
1.456207e+02
1.456034e+02
1.456034e+02
1.455862e+02
1.456207e+02
1.456207e+02
1.456034e+02
1.456207e+02
1.456034e+02
1.456207e+02
1.455862e+02
1.456034e+02
1.456034e+02
1.456379e+02
1.456207e+02
1.456034e+02
1.456034e+02
1.456207e+02
1.456379e+02
1.452241e+02
1.456724e+02
1.456034e+02
1.456034e+02
1.455862e+02
1.456207e+02
1.456034e+02
1.456034e+02
1.456034e+02
1.455862e+02
1.455862e+02
1.456034e+02
1.456034e+02
1.455862e+02
1.456207e+02
1.456034e+02
1.455862e+02
1.455862e+02
1.456034e+02
1.456207e+02
1.456034e+02
1.456207e+02
1.452241e+02
1.456897e+02
1.456207e+02
1.452414e+02
1.456379e+02
1.456207e+02
1.456207e+02
1.456207e+02
1.456207e+02
1.452241e+02
1.456207e+02
1.456207e+02
1.456207e+02
1.456034e+02
1.456034e+02
1.456034e+02
1.452241e+02
1.456724e+02
1.456034e+02
1.456207e+02
1.456207e+02
1.456034e+02
1.456034e+02
1.456034e+02
1.452241e+02
1.455862e+02
1.455862e+02
1.456207e+02
1.456034e+02
1.455862e+02
1.456379e+02
1.456207e+02
1.456034e+02
1.452241e+02
1.456207e+02
1.456379e+02
1.456207e+02
1.456207e+02
1.452414e+02
1.456379e+02
1.456034e+02
1.456207e+02
1.456379e+02
1.456034e+02
1.452414e+02
1.456207e+02
1.456207e+02
1.456207e+02
1.456207e+02
1.456034e+02
1.455862e+02
1.456034e+02
1.452241e+02
1.456379e+02
1.456207e+02
1.456034e+02
1.456207e+02
1.456552e+02
1.456034e+02
1.452241e+02
1.456034e+02
1.456034e+02
1.455862e+02
1.455862e+02
1.456034e+02
1.456034e+02
1.456034e+02
1.456207e+02
1.452241e+02
1.456207e+02
1.456207e+02
1.456034e+02
1.456379e+02
1.456379e+02
1.456034e+02
1.456379e+02
1.456207e+02
1.456379e+02
1.456207e+02
1.456034e+02
1.456207e+02
1.456034e+02
1.456034e+02
1.456034e+02
1.456034e+02
1.452241e+02
1.452241e+02
1.456552e+02
1.452241e+02
1.451379e+02
1.451552e+02
1.456552e+02
1.455862e+02
1.452069e+02
1.456034e+02
1.452241e+02
1.456207e+02
1.456034e+02
1.456207e+02
1.456207e+02
1.456034e+02
1.452241e+02
1.456034e+02
1.456379e+02
1.456379e+02
1.456207e+02
1.456034e+02
1.456034e+02
1.456207e+02
1.456034e+02
1.456379e+02
1.456207e+02
1.455690e+02
1.452241e+02
1.451552e+02
1.451379e+02
1.456034e+02
1.456207e+02
1.456034e+02
1.452241e+02
1.456552e+02
1.456034e+02
1.456379e+02
1.456034e+02
1.452241e+02
1.451552e+02
1.456034e+02
1.456207e+02
1.456207e+02
1.456207e+02
1.455862e+02
1.456034e+02
1.456207e+02
1.456207e+02
1.456034e+02
1.456207e+02
1.456207e+02
1.456207e+02
1.456552e+02
1.452414e+02
1.456379e+02
1.456552e+02
1.456552e+02
1.456552e+02
1.456207e+02
1.456034e+02
1.456034e+02
1.456379e+02
1.456207e+02
1.456207e+02
1.456207e+02
1.456207e+02
1.456207e+02
