2.089655e+02
2.089483e+02
2.089310e+02
2.089483e+02
2.089655e+02
2.089655e+02
2.089310e+02
2.088966e+02
2.089483e+02
2.089310e+02
2.089310e+02
2.089483e+02
2.089483e+02
2.089483e+02
2.089138e+02
2.089138e+02
2.089138e+02
2.089138e+02
2.088966e+02
2.088966e+02
2.088793e+02
2.089138e+02
2.088966e+02
2.089310e+02
2.088966e+02
2.089310e+02
2.089138e+02
2.089483e+02
2.089483e+02
2.089310e+02
2.089138e+02
2.089483e+02
2.089310e+02
2.089483e+02
2.089138e+02
2.089310e+02
2.089138e+02
2.088966e+02
2.089310e+02
2.088966e+02
2.089483e+02
2.089483e+02
2.089483e+02
2.089483e+02
2.089138e+02
2.089310e+02
2.089483e+02
2.089310e+02
2.089655e+02
2.089483e+02
2.089138e+02
2.089483e+02
2.089655e+02
2.089310e+02
2.089483e+02
2.089483e+02
2.089655e+02
2.089310e+02
2.089310e+02
2.089828e+02
2.089138e+02
2.089310e+02
2.088966e+02
2.089138e+02
2.089138e+02
2.089138e+02
2.089310e+02
2.089138e+02
2.088966e+02
2.089138e+02
2.089310e+02
2.089483e+02
2.089310e+02
2.089310e+02
2.089483e+02
2.089310e+02
2.089483e+02
2.089138e+02
2.089138e+02
2.089483e+02
2.089655e+02
2.089310e+02
2.089310e+02
2.089310e+02
2.089483e+02
2.089310e+02
2.089138e+02
2.088966e+02
2.089138e+02
2.089310e+02
2.089310e+02
2.089138e+02
2.089138e+02
2.089138e+02
2.089310e+02
2.088966e+02
2.088966e+02
2.089138e+02
2.088966e+02
2.089310e+02
2.089138e+02
2.089483e+02
2.089310e+02
2.089138e+02
2.089310e+02
2.089310e+02
2.089138e+02
2.089655e+02
2.089483e+02
2.089310e+02
2.089138e+02
2.089655e+02
2.089655e+02
2.089483e+02
2.089483e+02
2.089483e+02
2.089310e+02
2.088966e+02
2.089310e+02
2.089310e+02
2.089310e+02
2.089138e+02
2.089310e+02
2.089483e+02
2.089138e+02
2.089483e+02
2.089310e+02
2.089483e+02
2.089483e+02
2.089310e+02
2.089828e+02
2.089655e+02
2.089483e+02
2.089655e+02
2.089310e+02
2.089138e+02
2.089310e+02
2.089310e+02
2.088966e+02
2.088966e+02
2.089483e+02
2.089310e+02
2.089310e+02
2.089655e+02
2.089655e+02
2.089483e+02
2.089310e+02
2.089310e+02
2.089483e+02
2.089310e+02
2.089483e+02
2.089483e+02
2.089310e+02
2.089483e+02
2.089138e+02
2.089138e+02
2.089483e+02
2.089483e+02
2.089828e+02
2.089483e+02
2.089483e+02
2.089483e+02
2.089483e+02
2.089655e+02
2.089483e+02
2.089483e+02
2.089483e+02
2.089483e+02
2.089138e+02
2.089310e+02
2.089138e+02
2.088966e+02
2.088966e+02
2.089138e+02
2.088966e+02
2.089138e+02
2.089310e+02
2.089138e+02
2.089483e+02
2.089138e+02
2.089138e+02
2.088966e+02
2.089310e+02
2.089483e+02
2.089310e+02
2.089483e+02
2.089828e+02
2.089483e+02
2.089655e+02
2.089483e+02
2.089138e+02
2.089310e+02
2.089310e+02
2.089138e+02
2.089310e+02
2.089310e+02
2.089483e+02
2.089138e+02
2.089483e+02
2.089310e+02
2.089483e+02
