6.286207e+01
6.287931e+01
6.287931e+01
6.287931e+01
6.272414e+01
6.274138e+01
6.286207e+01
6.286207e+01
6.284483e+01
6.272414e+01
6.286207e+01
6.274138e+01
6.274138e+01
6.287931e+01
6.284483e+01
6.284483e+01
6.284483e+01
6.284483e+01
6.286207e+01
6.286207e+01
6.284483e+01
6.286207e+01
6.286207e+01
6.284483e+01
6.286207e+01
6.284483e+01
6.284483e+01
6.286207e+01
6.284483e+01
6.284483e+01
6.284483e+01
6.284483e+01
6.284483e+01
6.284483e+01
6.284483e+01
6.284483e+01
6.284483e+01
6.284483e+01
6.284483e+01
6.286207e+01
6.286207e+01
6.287931e+01
6.282759e+01
6.284483e+01
6.284483e+01
6.286207e+01
6.284483e+01
6.282759e+01
6.282759e+01
6.284483e+01
6.284483e+01
6.282759e+01
6.282759e+01
6.284483e+01
6.282759e+01
6.284483e+01
6.284483e+01
6.286207e+01
6.286207e+01
6.286207e+01
6.287931e+01
6.284483e+01
6.284483e+01
6.286207e+01
6.284483e+01
6.284483e+01
6.282759e+01
6.284483e+01
6.286207e+01
6.284483e+01
6.284483e+01
6.284483e+01
6.284483e+01
6.286207e+01
6.287931e+01
6.284483e+01
6.284483e+01
6.284483e+01
6.286207e+01
6.284483e+01
6.282759e+01
6.284483e+01
6.282759e+01
6.284483e+01
6.284483e+01
6.284483e+01
6.284483e+01
6.286207e+01
6.286207e+01
6.282759e+01
6.284483e+01
6.284483e+01
6.286207e+01
6.286207e+01
6.286207e+01
6.286207e+01
6.287931e+01
6.286207e+01
6.287931e+01
6.286207e+01
6.286207e+01
6.286207e+01
6.286207e+01
6.284483e+01
6.286207e+01
6.286207e+01
6.286207e+01
6.284483e+01
6.286207e+01
6.286207e+01
6.286207e+01
6.286207e+01
6.284483e+01
6.284483e+01
6.286207e+01
6.287931e+01
6.284483e+01
6.286207e+01
6.284483e+01
6.286207e+01
6.286207e+01
6.287931e+01
6.286207e+01
6.286207e+01
6.284483e+01
6.286207e+01
6.286207e+01
6.286207e+01
6.286207e+01
6.287931e+01
6.286207e+01
6.284483e+01
6.284483e+01
6.282759e+01
6.284483e+01
6.284483e+01
6.286207e+01
6.284483e+01
6.284483e+01
6.286207e+01
6.286207e+01
6.286207e+01
6.284483e+01
6.284483e+01
6.286207e+01
6.284483e+01
6.282759e+01
6.284483e+01
6.284483e+01
6.284483e+01
6.284483e+01
6.284483e+01
6.284483e+01
6.284483e+01
6.286207e+01
6.284483e+01
6.284483e+01
6.286207e+01
6.286207e+01
6.284483e+01
6.286207e+01
6.284483e+01
6.284483e+01
6.286207e+01
6.284483e+01
6.286207e+01
6.284483e+01
6.286207e+01
6.286207e+01
6.286207e+01
6.282759e+01
6.284483e+01
6.284483e+01
6.286207e+01
6.287931e+01
6.284483e+01
6.284483e+01
6.286207e+01
6.286207e+01
6.286207e+01
6.282759e+01
6.286207e+01
6.286207e+01
6.286207e+01
6.286207e+01
6.284483e+01
6.286207e+01
6.286207e+01
6.286207e+01
6.284483e+01
6.284483e+01
6.286207e+01
6.287931e+01
6.287931e+01
6.286207e+01
6.286207e+01
6.286207e+01
6.286207e+01
6.286207e+01
6.286207e+01
6.284483e+01
