3.101724e+01
3.100000e+01
3.101724e+01
3.101724e+01
3.101724e+01
3.101724e+01
3.105172e+01
3.100000e+01
3.106897e+01
3.106897e+01
3.100000e+01
3.105172e+01
3.103448e+01
3.106897e+01
3.101724e+01
3.108621e+01
3.106897e+01
3.101724e+01
3.101724e+01
3.101724e+01
3.106897e+01
3.106897e+01
3.108621e+01
3.101724e+01
3.108621e+01
3.101724e+01
3.106897e+01
3.106897e+01
3.108621e+01
3.108621e+01
3.106897e+01
3.106897e+01
3.101724e+01
3.100000e+01
3.101724e+01
3.101724e+01
3.101724e+01
3.101724e+01
3.100000e+01
3.100000e+01
3.100000e+01
3.100000e+01
3.100000e+01
3.101724e+01
3.101724e+01
3.101724e+01
3.101724e+01
3.100000e+01
3.101724e+01
3.100000e+01
3.101724e+01
3.100000e+01
3.100000e+01
3.101724e+01
3.101724e+01
3.101724e+01
3.101724e+01
3.101724e+01
3.101724e+01
3.101724e+01
3.106897e+01
3.101724e+01
3.101724e+01
3.101724e+01
3.108621e+01
3.101724e+01
3.103448e+01
3.101724e+01
3.100000e+01
3.101724e+01
3.101724e+01
3.101724e+01
3.100000e+01
3.100000e+01
3.100000e+01
3.101724e+01
3.101724e+01
3.101724e+01
3.101724e+01
3.100000e+01
3.100000e+01
3.100000e+01
3.101724e+01
3.100000e+01
3.101724e+01
3.101724e+01
3.100000e+01
3.101724e+01
3.101724e+01
3.103448e+01
3.101724e+01
3.101724e+01
3.100000e+01
3.101724e+01
3.101724e+01
3.103448e+01
3.100000e+01
3.100000e+01
3.100000e+01
3.101724e+01
3.101724e+01
3.100000e+01
3.101724e+01
3.101724e+01
3.101724e+01
3.100000e+01
3.101724e+01
3.100000e+01
3.101724e+01
3.100000e+01
3.100000e+01
3.100000e+01
3.100000e+01
3.101724e+01
3.100000e+01
3.101724e+01
3.100000e+01
3.103448e+01
3.101724e+01
3.101724e+01
3.101724e+01
3.101724e+01
3.101724e+01
3.101724e+01
3.101724e+01
3.106897e+01
3.101724e+01
3.108621e+01
3.100000e+01
3.101724e+01
3.106897e+01
3.101724e+01
3.101724e+01
3.101724e+01
3.101724e+01
3.101724e+01
3.101724e+01
3.101724e+01
3.103448e+01
3.100000e+01
3.100000e+01
3.101724e+01
3.101724e+01
3.101724e+01
3.100000e+01
3.101724e+01
3.101724e+01
3.100000e+01
3.101724e+01
3.100000e+01
3.101724e+01
3.103448e+01
3.101724e+01
3.100000e+01
3.100000e+01
3.101724e+01
3.103448e+01
3.101724e+01
3.106897e+01
3.100000e+01
3.106897e+01
3.101724e+01
3.101724e+01
3.101724e+01
3.101724e+01
3.100000e+01
3.101724e+01
3.101724e+01
3.100000e+01
3.101724e+01
3.101724e+01
3.103448e+01
3.101724e+01
3.101724e+01
3.100000e+01
3.101724e+01
3.101724e+01
3.100000e+01
3.101724e+01
3.100000e+01
3.100000e+01
3.100000e+01
3.100000e+01
3.100000e+01
3.100000e+01
3.101724e+01
3.101724e+01
3.101724e+01
3.100000e+01
3.101724e+01
3.100000e+01
3.100000e+01
3.100000e+01
3.101724e+01
3.100000e+01
3.100000e+01
3.100000e+01
3.101724e+01
3.101724e+01
3.100000e+01
