1.566724e+02
1.566552e+02
1.566724e+02
1.566897e+02
1.567069e+02
1.566552e+02
1.566724e+02
1.567069e+02
1.567069e+02
1.566724e+02
1.566897e+02
1.566897e+02
1.566897e+02
1.567069e+02
1.566897e+02
1.566897e+02
1.567069e+02
1.566897e+02
1.566724e+02
1.566897e+02
1.566552e+02
1.566552e+02
1.566897e+02
1.566552e+02
1.566724e+02
1.566552e+02
1.566897e+02
1.566724e+02
1.566724e+02
1.566724e+02
1.566897e+02
1.566897e+02
1.567241e+02
1.567069e+02
1.567069e+02
1.567069e+02
1.567069e+02
1.567414e+02
1.566897e+02
1.566724e+02
1.567241e+02
1.567241e+02
1.567241e+02
1.567069e+02
1.566897e+02
1.567241e+02
1.567069e+02
1.567241e+02
1.567241e+02
1.567241e+02
1.567414e+02
1.567241e+02
1.567241e+02
1.566897e+02
1.567069e+02
1.566897e+02
1.567069e+02
1.567069e+02
1.567069e+02
1.567069e+02
1.567241e+02
1.567069e+02
1.567069e+02
1.567069e+02
1.567241e+02
1.567069e+02
1.567241e+02
1.567241e+02
1.566897e+02
1.566897e+02
1.566897e+02
1.566897e+02
1.567241e+02
1.566897e+02
1.567069e+02
1.567069e+02
1.566897e+02
1.567069e+02
1.567069e+02
1.566897e+02
1.566897e+02
1.566897e+02
1.567069e+02
1.567069e+02
1.566897e+02
1.567069e+02
1.566724e+02
1.566552e+02
1.566207e+02
1.566552e+02
1.567069e+02
1.566724e+02
1.566897e+02
1.566724e+02
1.566724e+02
1.566724e+02
1.566897e+02
1.566897e+02
1.566724e+02
1.566897e+02
1.567241e+02
1.567069e+02
1.567241e+02
1.566897e+02
1.566897e+02
1.566897e+02
1.567069e+02
1.567069e+02
1.567069e+02
1.567069e+02
1.567069e+02
1.567069e+02
1.566897e+02
1.566897e+02
1.567069e+02
1.567414e+02
1.566724e+02
1.566724e+02
1.566724e+02
1.566897e+02
1.566897e+02
1.567069e+02
1.566724e+02
1.566724e+02
1.566897e+02
1.567069e+02
1.567069e+02
1.566724e+02
1.566724e+02
1.566897e+02
1.566897e+02
1.566724e+02
1.566897e+02
1.567069e+02
1.566897e+02
1.566897e+02
1.567241e+02
1.566897e+02
1.567241e+02
1.566897e+02
1.566897e+02
1.566897e+02
1.567241e+02
1.567069e+02
1.567241e+02
1.566897e+02
1.566897e+02
1.566897e+02
1.567069e+02
1.567241e+02
1.567069e+02
1.566897e+02
1.566897e+02
1.567069e+02
1.566897e+02
1.566897e+02
1.566897e+02
1.566724e+02
1.566897e+02
1.566897e+02
1.566897e+02
1.567069e+02
1.566897e+02
1.566897e+02
1.566897e+02
1.567069e+02
1.566724e+02
1.566897e+02
1.567069e+02
1.567069e+02
1.567069e+02
1.567069e+02
1.566897e+02
1.567241e+02
1.566897e+02
1.567241e+02
1.566897e+02
1.567069e+02
1.566897e+02
1.566897e+02
1.566897e+02
1.566724e+02
1.566724e+02
1.566897e+02
1.566552e+02
1.566897e+02
1.567069e+02
1.567069e+02
1.566897e+02
1.566897e+02
1.567069e+02
1.566724e+02
1.567069e+02
1.567069e+02
1.566552e+02
1.566552e+02
1.566552e+02
1.566552e+02
1.566379e+02
1.566897e+02
1.566724e+02
