1.878103e+02
1.878448e+02
1.877759e+02
1.877759e+02
1.877759e+02
1.877931e+02
1.877586e+02
1.877586e+02
1.877759e+02
1.877759e+02
1.877586e+02
1.877931e+02
1.877759e+02
1.878103e+02
1.878103e+02
1.878276e+02
1.877931e+02
1.877759e+02
1.877759e+02
1.877586e+02
1.877759e+02
1.878103e+02
1.878103e+02
1.878103e+02
1.877931e+02
1.877759e+02
1.877931e+02
1.878966e+02
1.879310e+02
1.878103e+02
1.878966e+02
1.877759e+02
1.878793e+02
1.877759e+02
1.877586e+02
1.877931e+02
1.879310e+02
1.878103e+02
1.877931e+02
1.877759e+02
1.877931e+02
1.877931e+02
1.877759e+02
1.877759e+02
1.877759e+02
1.877414e+02
1.877759e+02
1.877586e+02
1.877586e+02
1.877759e+02
1.877586e+02
1.877586e+02
1.877931e+02
1.877759e+02
1.877759e+02
1.877931e+02
1.877759e+02
1.877931e+02
1.877759e+02
1.878966e+02
1.878966e+02
1.878966e+02
1.877759e+02
1.877586e+02
1.877931e+02
1.878103e+02
1.878103e+02
1.878103e+02
1.877931e+02
1.878103e+02
1.878276e+02
1.878103e+02
1.878276e+02
1.878103e+02
1.878103e+02
1.877931e+02
1.878276e+02
1.878276e+02
1.878103e+02
1.878103e+02
1.879310e+02
1.877931e+02
1.879483e+02
1.879138e+02
1.878103e+02
1.878103e+02
1.878103e+02
1.879310e+02
1.878103e+02
1.877931e+02
1.878103e+02
1.878103e+02
1.877931e+02
1.878103e+02
1.878103e+02
1.878103e+02
1.879138e+02
1.877759e+02
1.877931e+02
1.877759e+02
1.877931e+02
1.877931e+02
1.877586e+02
1.877586e+02
1.877586e+02
1.877414e+02
1.877586e+02
1.877414e+02
1.877414e+02
1.877759e+02
1.877931e+02
1.877759e+02
1.877759e+02
1.877586e+02
1.877759e+02
1.877759e+02
1.877586e+02
1.877586e+02
1.877931e+02
1.877759e+02
1.877931e+02
1.877759e+02
1.877759e+02
1.877931e+02
1.877931e+02
1.877759e+02
1.877931e+02
1.877759e+02
1.878103e+02
1.878103e+02
1.878103e+02
1.877931e+02
1.878103e+02
1.877931e+02
1.879483e+02
1.878276e+02
1.878103e+02
1.878966e+02
1.878103e+02
1.877931e+02
1.877759e+02
1.877759e+02
1.877931e+02
1.877931e+02
1.878103e+02
1.878103e+02
1.879138e+02
1.877931e+02
1.877759e+02
1.877586e+02
1.879138e+02
1.879138e+02
1.878966e+02
1.878966e+02
1.879138e+02
1.879310e+02
1.878966e+02
1.879483e+02
1.878966e+02
1.878793e+02
1.878966e+02
1.878793e+02
1.878621e+02
1.878966e+02
1.878793e+02
1.878966e+02
1.878793e+02
1.878793e+02
1.879138e+02
1.878793e+02
1.878793e+02
1.878621e+02
1.878793e+02
1.878966e+02
1.878966e+02
1.879138e+02
1.878966e+02
1.878966e+02
1.878793e+02
1.878793e+02
1.878966e+02
1.879138e+02
1.878966e+02
1.879138e+02
1.879138e+02
1.878966e+02
1.878966e+02
1.879138e+02
1.879138e+02
1.878621e+02
1.878621e+02
1.878793e+02
1.878966e+02
1.878793e+02
1.879138e+02
1.878793e+02
1.878966e+02
1.879138e+02
1.877931e+02
1.877586e+02
1.877931e+02
