2.743448e+02
2.739655e+02
2.739655e+02
2.734138e+02
2.733793e+02
2.733793e+02
2.730172e+02
2.730172e+02
2.730517e+02
2.730345e+02
2.729483e+02
2.730345e+02
2.730172e+02
2.730345e+02
2.730172e+02
2.730517e+02
2.730172e+02
2.734310e+02
2.734138e+02
2.734310e+02
2.734483e+02
2.730517e+02
2.725345e+02
2.725345e+02
2.730517e+02
2.735690e+02
2.735690e+02
2.735345e+02
2.739310e+02
2.739655e+02
2.739655e+02
2.739310e+02
2.739138e+02
2.739138e+02
2.740517e+02
2.739310e+02
2.739310e+02
2.739483e+02
2.740345e+02
2.740345e+02
2.740517e+02
2.740345e+02
2.740172e+02
2.740000e+02
2.740345e+02
2.740345e+02
2.740345e+02
2.740345e+02
2.740690e+02
2.740517e+02
2.740517e+02
2.740345e+02
2.740172e+02
2.735345e+02
2.740690e+02
2.740517e+02
2.735345e+02
2.735517e+02
2.735517e+02
2.736724e+02
2.736552e+02
2.736207e+02
2.736379e+02
2.736379e+02
2.736034e+02
2.736207e+02
2.736207e+02
2.736034e+02
2.736552e+02
2.736034e+02
2.735862e+02
2.736034e+02
2.736034e+02
2.736207e+02
2.736207e+02
2.735862e+02
2.736207e+02
2.736379e+02
2.736379e+02
2.736207e+02
2.736552e+02
2.736379e+02
2.736379e+02
2.736379e+02
2.736379e+02
2.741207e+02
2.741724e+02
2.741379e+02
2.736207e+02
2.736552e+02
2.736379e+02
2.736379e+02
2.736897e+02
2.736552e+02
2.736897e+02
2.736552e+02
2.733103e+02
2.732759e+02
2.733103e+02
2.732759e+02
2.732586e+02
2.732586e+02
2.732759e+02
2.732759e+02
2.732586e+02
2.736379e+02
2.736724e+02
2.736552e+02
2.736897e+02
2.736379e+02
2.736379e+02
2.736552e+02
2.736552e+02
2.741379e+02
2.740690e+02
2.740862e+02
2.741034e+02
2.745345e+02
2.745172e+02
2.745345e+02
2.745172e+02
2.745345e+02
2.745345e+02
2.745690e+02
2.745862e+02
2.745862e+02
2.745690e+02
2.745862e+02
2.746034e+02
2.745862e+02
2.746034e+02
2.746034e+02
2.741379e+02
2.741552e+02
2.741379e+02
2.741552e+02
2.741724e+02
2.741724e+02
2.741379e+02
2.741724e+02
2.741897e+02
2.741379e+02
2.741034e+02
2.741034e+02
2.741379e+02
2.737069e+02
2.737414e+02
2.737241e+02
2.737069e+02
2.737069e+02
2.736897e+02
2.737586e+02
2.737069e+02
2.737414e+02
2.737414e+02
2.737586e+02
2.737586e+02
2.741552e+02
2.741207e+02
2.741207e+02
2.741207e+02
2.741207e+02
2.746207e+02
2.745862e+02
2.746207e+02
2.746552e+02
2.746207e+02
2.746034e+02
2.746552e+02
2.746379e+02
2.746724e+02
2.745345e+02
2.746379e+02
2.746379e+02
2.745172e+02
2.745345e+02
2.745517e+02
2.745690e+02
2.745517e+02
2.745862e+02
2.746034e+02
2.746379e+02
2.746379e+02
2.746552e+02
2.746379e+02
2.746207e+02
2.745690e+02
2.745862e+02
2.745862e+02
2.746034e+02
2.741379e+02
2.741034e+02
2.741379e+02
2.741207e+02
2.741034e+02
2.741034e+02
2.741379e+02
2.736379e+02
2.736207e+02
2.736552e+02
2.736552e+02
