3.224138e+00
3.241379e+00
3.224138e+00
3.224138e+00
3.224138e+00
3.241379e+00
3.241379e+00
3.224138e+00
3.224138e+00
3.224138e+00
3.224138e+00
3.241379e+00
3.224138e+00
3.155172e+00
3.224138e+00
3.137931e+00
3.241379e+00
3.155172e+00
3.224138e+00
3.224138e+00
3.155172e+00
3.172414e+00
3.155172e+00
3.224138e+00
3.155172e+00
3.224138e+00
3.224138e+00
3.206897e+00
3.137931e+00
3.224138e+00
3.224138e+00
3.224138e+00
3.224138e+00
3.224138e+00
3.224138e+00
3.241379e+00
3.224138e+00
3.241379e+00
3.224138e+00
3.241379e+00
3.224138e+00
3.224138e+00
3.224138e+00
3.224138e+00
3.224138e+00
3.224138e+00
3.224138e+00
3.224138e+00
3.224138e+00
3.241379e+00
3.224138e+00
3.224138e+00
3.224138e+00
3.224138e+00
3.241379e+00
3.224138e+00
3.224138e+00
3.206897e+00
3.224138e+00
3.224138e+00
3.224138e+00
3.224138e+00
3.224138e+00
3.224138e+00
3.224138e+00
3.224138e+00
3.224138e+00
3.224138e+00
3.241379e+00
3.241379e+00
3.155172e+00
3.241379e+00
3.155172e+00
3.155172e+00
3.241379e+00
3.224138e+00
3.224138e+00
3.224138e+00
3.224138e+00
3.241379e+00
3.241379e+00
3.241379e+00
3.224138e+00
3.155172e+00
3.155172e+00
3.155172e+00
3.155172e+00
3.155172e+00
3.137931e+00
3.241379e+00
3.155172e+00
3.206897e+00
3.137931e+00
3.224138e+00
3.172414e+00
3.155172e+00
3.206897e+00
3.224138e+00
3.224138e+00
3.224138e+00
3.206897e+00
3.224138e+00
3.155172e+00
3.224138e+00
3.224138e+00
3.155172e+00
3.155172e+00
3.224138e+00
3.224138e+00
3.241379e+00
3.224138e+00
3.224138e+00
3.224138e+00
3.155172e+00
3.241379e+00
3.224138e+00
3.224138e+00
3.224138e+00
3.224138e+00
3.241379e+00
3.224138e+00
3.224138e+00
3.224138e+00
3.224138e+00
3.155172e+00
3.137931e+00
3.224138e+00
3.137931e+00
3.224138e+00
3.224138e+00
3.224138e+00
3.206897e+00
3.224138e+00
3.224138e+00
3.224138e+00
3.224138e+00
3.224138e+00
3.155172e+00
3.155172e+00
3.224138e+00
3.224138e+00
3.224138e+00
3.172414e+00
3.224138e+00
3.241379e+00
3.224138e+00
3.224138e+00
3.224138e+00
3.241379e+00
3.224138e+00
3.224138e+00
3.241379e+00
3.241379e+00
3.241379e+00
3.224138e+00
3.224138e+00
3.224138e+00
3.224138e+00
3.241379e+00
3.206897e+00
3.224138e+00
3.224138e+00
3.224138e+00
3.224138e+00
3.224138e+00
3.206897e+00
3.224138e+00
3.224138e+00
3.206897e+00
3.224138e+00
3.224138e+00
3.224138e+00
3.224138e+00
3.241379e+00
3.241379e+00
3.224138e+00
3.241379e+00
3.241379e+00
3.241379e+00
3.206897e+00
3.224138e+00
3.224138e+00
3.241379e+00
3.224138e+00
3.224138e+00
3.224138e+00
3.224138e+00
3.224138e+00
3.155172e+00
3.206897e+00
3.137931e+00
3.155172e+00
3.155172e+00
3.172414e+00
3.137931e+00
3.137931e+00
3.155172e+00
3.241379e+00
3.137931e+00
3.137931e+00
3.224138e+00
