3.918276e+02
3.914483e+02
3.918103e+02
3.914483e+02
3.918448e+02
3.915000e+02
3.918966e+02
3.918793e+02
3.918793e+02
3.918966e+02
3.918966e+02
3.918448e+02
3.918966e+02
3.918966e+02
3.918966e+02
3.918793e+02
3.919138e+02
3.919310e+02
3.919138e+02
3.918966e+02
3.918621e+02
3.918966e+02
3.914655e+02
3.918621e+02
3.918448e+02
3.918448e+02
3.918448e+02
3.919138e+02
3.919483e+02
3.918793e+02
3.918621e+02
3.918966e+02
3.919310e+02
3.918793e+02
3.918621e+02
3.918448e+02
3.918448e+02
3.918621e+02
3.918793e+02
3.918793e+02
3.918448e+02
3.919310e+02
3.919655e+02
3.919655e+02
3.919483e+02
3.919655e+02
3.919655e+02
3.919483e+02
3.919483e+02
3.919483e+02
3.919655e+02
3.919655e+02
3.919483e+02
3.919483e+02
3.919310e+02
3.919483e+02
3.919310e+02
3.918966e+02
3.919483e+02
3.919310e+02
3.918966e+02
3.918621e+02
3.918621e+02
3.918966e+02
3.918621e+02
3.918793e+02
3.918793e+02
3.918448e+02
3.918793e+02
3.918448e+02
3.918448e+02
3.919483e+02
3.919483e+02
3.914483e+02
3.914655e+02
3.918621e+02
3.918448e+02
3.918276e+02
3.918276e+02
3.918448e+02
3.918103e+02
3.918448e+02
3.918621e+02
3.918966e+02
3.918621e+02
3.918621e+02
3.919138e+02
3.918793e+02
3.918793e+02
3.918793e+02
3.918448e+02
3.919138e+02
3.918793e+02
3.918793e+02
3.920000e+02
3.920000e+02
3.920000e+02
3.919138e+02
3.918793e+02
3.920690e+02
3.920345e+02
3.920862e+02
3.921034e+02
3.920690e+02
3.920517e+02
3.920345e+02
3.920172e+02
3.920862e+02
3.920862e+02
3.920690e+02
3.920862e+02
3.920000e+02
3.920517e+02
3.920172e+02
3.919828e+02
3.920172e+02
3.920345e+02
3.921207e+02
3.921207e+02
3.920690e+02
3.921034e+02
3.920690e+02
3.920862e+02
3.920862e+02
3.921034e+02
3.921034e+02
3.920345e+02
3.920172e+02
3.920172e+02
3.929310e+02
3.920690e+02
3.929828e+02
3.920690e+02
3.920862e+02
3.921034e+02
3.921034e+02
3.921034e+02
3.920345e+02
3.920690e+02
3.920690e+02
3.920862e+02
3.921207e+02
3.921207e+02
3.921207e+02
3.920862e+02
3.921207e+02
3.920345e+02
3.920517e+02
3.920517e+02
3.920517e+02
3.920517e+02
3.920517e+02
3.920690e+02
3.920517e+02
3.929483e+02
3.929828e+02
3.929483e+02
3.929138e+02
3.929138e+02
3.934655e+02
3.934310e+02
3.930517e+02
3.928966e+02
3.930172e+02
3.929310e+02
3.929655e+02
3.929828e+02
3.930000e+02
3.929828e+02
3.929655e+02
3.929483e+02
3.930000e+02
3.929828e+02
3.930172e+02
3.930000e+02
3.930172e+02
3.930000e+02
3.929655e+02
3.930000e+02
3.929828e+02
3.929655e+02
3.930172e+02
3.930000e+02
3.930000e+02
3.930345e+02
3.930000e+02
3.929310e+02
3.929828e+02
3.935000e+02
3.929655e+02
3.935172e+02
3.928966e+02
3.929310e+02
3.929655e+02
3.934828e+02
3.934655e+02
3.934655e+02
3.931034e+02
3.934828e+02
3.934828e+02
