3.82494080e-01 4.78090772e-01 5.06822503e-01 1.00000000e+00
4.35229298e-01 4.12639767e-01 3.73391671e-01 1.00000000e+00
4.49100632e-01 4.16950251e-01 3.89304813e-01 1.00000000e+00
4.05801329e-01 3.83082158e-01 3.57770216e-01 1.00000000e+00
3.92156863e-01 3.81429266e-01 3.47625993e-01 1.00000000e+00
4.16431697e-01 3.99092530e-01 3.66488414e-01 1.00000000e+00
4.32863393e-01 4.14584346e-01 3.77378059e-01 1.00000000e+00
4.62680279e-01 4.51077621e-01 4.22816399e-01 1.00000000e+00
4.88413547e-01 4.77588721e-01 4.53151839e-01 1.00000000e+00
5.26138389e-01 5.13368984e-01 4.88219089e-01 1.00000000e+00
5.34338033e-01 5.20790796e-01 5.10192837e-01 1.00000000e+00
5.40139362e-01 5.25684654e-01 5.20207422e-01 1.00000000e+00
5.28018149e-01 5.18068384e-01 5.03743316e-01 1.00000000e+00
5.12234646e-01 4.99238373e-01 4.79274024e-01 1.00000000e+00
4.49521958e-01 4.34807973e-01 4.10306271e-01 1.00000000e+00
4.12380489e-01 3.95981202e-01 3.54691298e-01 1.00000000e+00
3.98055421e-01 3.73748177e-01 3.39037433e-01 1.00000000e+00
3.92545779e-01 3.70085886e-01 3.27499595e-01 1.00000000e+00
3.95981202e-01 3.73812996e-01 3.27791282e-01 1.00000000e+00
3.94198671e-01 3.76308540e-01 3.31032248e-01 1.00000000e+00
3.93258791e-01 3.73035164e-01 3.32685140e-01 1.00000000e+00
3.88980716e-01 3.77669746e-01 3.30740561e-01 1.00000000e+00
3.93647707e-01 3.74396370e-01 3.30513693e-01 1.00000000e+00
3.89304813e-01 3.72808297e-01 3.26365257e-01 1.00000000e+00
3.90050235e-01 3.71252633e-01 3.12915249e-01 1.00000000e+00
3.92740237e-01 3.66715281e-01 3.18360071e-01 1.00000000e+00
3.92643008e-01 3.72257333e-01 3.26008751e-01 1.00000000e+00
3.94911684e-01 3.71349862e-01 3.24096581e-01 1.00000000e+00
3.93744936e-01 3.73456490e-01 3.27272727e-01 1.00000000e+00
3.98995301e-01 3.76956733e-01 3.44968401e-01 1.00000000e+00
4.02852050e-01 3.85221196e-01 3.54885756e-01 1.00000000e+00
4.32766164e-01 4.15589046e-01 3.87878788e-01 1.00000000e+00
4.17857722e-01 4.08523740e-01 3.79970831e-01 1.00000000e+00
3.96078431e-01 3.78350348e-01 3.44482256e-01 1.00000000e+00
3.95495058e-01 3.77766975e-01 3.37092854e-01 1.00000000e+00
3.98217469e-01 3.74137093e-01 3.29022849e-01 1.00000000e+00
3.94004213e-01 3.69826608e-01 3.17063685e-01 1.00000000e+00
3.85674931e-01 3.66164317e-01 3.07697294e-01 1.00000000e+00
4.00453735e-01 3.75076973e-01 3.23448388e-01 1.00000000e+00
4.00000000e-01 3.73812996e-01 3.23253930e-01 1.00000000e+00
4.10079404e-01 3.87068546e-01 3.39361530e-01 1.00000000e+00
4.24080376e-01 4.03273375e-01 3.62339977e-01 1.00000000e+00
4.24728569e-01 4.10371091e-01 3.73229622e-01 1.00000000e+00
3.92480959e-01 3.80651434e-01 3.32490682e-01 1.00000000e+00
3.91281802e-01 3.78447577e-01 3.30319235e-01 1.00000000e+00
3.95754335e-01 3.75822395e-01 3.24323448e-01 1.00000000e+00
3.92740237e-01 3.71738778e-01 3.24712364e-01 1.00000000e+00
3.90666018e-01 3.71803597e-01 3.19818506e-01 1.00000000e+00
3.87911198e-01 3.69794199e-01 3.24906822e-01 1.00000000e+00
3.88494571e-01 3.70896127e-01 3.24453087e-01 1.00000000e+00
3.88170475e-01 3.70021066e-01 3.24744774e-01 1.00000000e+00
3.78609626e-01 3.61918652e-01 3.23869713e-01 1.00000000e+00
3.64446605e-01 3.53362502e-01 3.13368984e-01 1.00000000e+00
3.59649976e-01 3.47625993e-01 3.04877654e-01 1.00000000e+00
3.57770216e-01 3.47496354e-01 3.00858856e-01 1.00000000e+00
3.55955275e-01 3.37222492e-01 2.91686923e-01 1.00000000e+00
3.55760817e-01 3.34435262e-01 2.84329930e-01 1.00000000e+00
3.54918166e-01 3.33592611e-01 2.86857884e-01 1.00000000e+00
3.54496840e-01 3.38518879e-01 2.89871982e-01 1.00000000e+00
3.68919138e-01 3.51677200e-01 3.10452115e-01 1.00000000e+00
3.78155890e-01 3.61076001e-01 3.22605737e-01 1.00000000e+00
8.15795920e-01 8.46729888e-01 8.29011676e-01 1.00000000e+00
8.17771868e-01 8.47467077e-01 8.29165646e-01 1.00000000e+00
3.92221682e-01 3.75076973e-01 3.27045860e-01 1.00000000e+00
3.97893372e-01 3.69794199e-01 3.25295738e-01 1.00000000e+00
8.22073696e-01 8.48619519e-01 8.25645332e-01 1.00000000e+00
8.28164841e-01 8.60818140e-01 8.41455250e-01 1.00000000e+00
8.38826096e-01 8.64497090e-01 8.52916681e-01 1.00000000e+00
8.39796573e-01 8.65705521e-01 8.52016190e-01 1.00000000e+00
8.26095578e-01 8.61161074e-01 8.44793599e-01 1.00000000e+00
8.29641553e-01 8.54218427e-01 8.37085768e-01 1.00000000e+00
8.21294514e-01 8.51647595e-01 8.31549848e-01 1.00000000e+00
8.17867516e-01 8.46333298e-01 8.23090831e-01 1.00000000e+00
8.24485892e-01 8.41597555e-01 8.26900421e-01 1.00000000e+00
8.18040149e-01 8.45341825e-01 8.22855210e-01 1.00000000e+00
8.20953914e-01 8.42659015e-01 8.28939357e-01 1.00000000e+00
8.16136520e-01 8.39955209e-01 8.28111185e-01 1.00000000e+00
8.10826889e-01 8.42045468e-01 8.27152372e-01 1.00000000e+00
8.09676780e-01 8.37932603e-01 8.19750149e-01 1.00000000e+00
8.06098144e-01 8.31706151e-01 8.15756261e-01 1.00000000e+00
8.08857939e-01 8.30502385e-01 8.10080368e-01 1.00000000e+00
8.13316070e-01 8.28115851e-01 8.11694720e-01 1.00000000e+00
8.18763341e-01 8.33420816e-01 8.17018348e-01 1.00000000e+00
8.22946192e-01 8.43018278e-01 8.27346001e-01 1.00000000e+00
8.26548156e-01 8.50840419e-01 8.34416955e-01 1.00000000e+00
8.20792945e-01 8.56894239e-01 8.36572535e-01 1.00000000e+00
8.24996792e-01 8.60113611e-01 8.42379069e-01 1.00000000e+00
8.23324118e-01 8.58800201e-01 8.42654349e-01 1.00000000e+00
8.25342058e-01 8.56812588e-01 8.36166614e-01 1.00000000e+00
8.24698184e-01 8.54206763e-01 8.31132263e-01 1.00000000e+00
8.30651690e-01 8.52095508e-01 8.33213190e-01 1.00000000e+00
8.30689016e-01 8.53338932e-01 8.34822876e-01 1.00000000e+00
8.28792385e-01 8.53509232e-01 8.36460557e-01 1.00000000e+00
8.18434405e-01 8.54955617e-01 8.37764636e-01 1.00000000e+00
8.22950858e-01 8.49258728e-01 8.37818292e-01 1.00000000e+00
8.19509862e-01 8.41926491e-01 8.31920775e-01 1.00000000e+00
8.13194760e-01 8.33628442e-01 8.18012154e-01 1.00000000e+00
8.10672919e-01 8.26916751e-01 8.09800422e-01 1.00000000e+00
8.07593519e-01 8.21287516e-01 8.05454270e-01 1.00000000e+00
7.98996862e-01 8.22757229e-01 8.00107312e-01 1.00000000e+00
8.00562224e-01 8.25629002e-01 8.00132974e-01 1.00000000e+00
8.08496343e-01 8.27866233e-01 8.10588935e-01 1.00000000e+00
8.12189290e-01 8.32086410e-01 8.15334010e-01 1.00000000e+00
8.15329344e-01 8.35025837e-01 8.19360558e-01 1.00000000e+00
8.16435128e-01 8.36437228e-01 8.20708962e-01 1.00000000e+00
8.11293464e-01 8.37983926e-01 8.13460708e-01 1.00000000e+00
8.20755619e-01 8.39789574e-01 8.13561022e-01 1.00000000e+00
8.16908703e-01 8.42533039e-01 8.21236192e-01 1.00000000e+00
8.27283013e-01 8.45101539e-01 8.26335865e-01 1.00000000e+00
8.23016179e-01 8.53205958e-01 8.29247297e-01 1.00000000e+00
7.97884079e-01 8.17813860e-01 8.02022606e-01 1.00000000e+00
7.98821896e-01 8.19547188e-01 8.05888185e-01 1.00000000e+00
7.95856808e-01 8.17300626e-01 8.01908295e-01 1.00000000e+00
7.93731556e-01 8.11792700e-01 7.95238595e-01 1.00000000e+00
7.82207136e-01 8.07465211e-01 7.88125649e-01 1.00000000e+00
7.85867423e-01 8.00104980e-01 7.80676768e-01 1.00000000e+00
7.76381939e-01 7.97573806e-01 7.69233999e-01 1.00000000e+00
7.79340029e-01 7.93411951e-01 7.71930807e-01 1.00000000e+00
7.77235772e-01 7.92870724e-01 7.69719238e-01 1.00000000e+00
7.76113658e-01 7.92427477e-01 7.71088638e-01 1.00000000e+00
7.67528665e-01 7.94564393e-01 7.74926223e-01 1.00000000e+00
7.66663167e-01 7.93080683e-01 7.74450316e-01 1.00000000e+00
7.64677888e-01 7.91265703e-01 7.70957997e-01 1.00000000e+00
7.70444763e-01 7.88818514e-01 7.69639920e-01 1.00000000e+00
7.71634531e-01 7.86935881e-01 7.72369388e-01 1.00000000e+00
7.68314845e-01 7.89005144e-01 7.64031680e-01 1.00000000e+00
7.78808132e-01 7.92681760e-01 7.67458679e-01 1.00000000e+00
7.82804353e-01 7.97403506e-01 7.74881898e-01 1.00000000e+00
7.88361270e-01 8.05582578e-01 7.84761638e-01 1.00000000e+00
7.93292975e-01 8.13714992e-01 7.96752633e-01 1.00000000e+00
7.96447026e-01 8.18726015e-01 8.02678144e-01 1.00000000e+00
7.93048022e-01 8.21385496e-01 7.98824229e-01 1.00000000e+00
7.93218322e-01 8.20293709e-01 7.94664707e-01 1.00000000e+00
7.99867026e-01 8.16953027e-01 7.98553615e-01 1.00000000e+00
7.99603411e-01 8.17510585e-01 7.97034912e-01 1.00000000e+00
7.95637517e-01 8.11657393e-01 7.90304557e-01 1.00000000e+00
7.93689564e-01 8.09546139e-01 7.89753998e-01 1.00000000e+00
7.89742334e-01 8.08104420e-01 7.91596972e-01 1.00000000e+00
7.86233684e-01 8.04833724e-01 7.86896222e-01 1.00000000e+00
7.76848515e-01 7.98975866e-01 7.83653521e-01 1.00000000e+00
7.64607901e-01 7.94839673e-01 7.77965963e-01 1.00000000e+00
7.58372117e-01 7.90040942e-01 7.73174231e-01 1.00000000e+00
7.59918816e-01 7.82081161e-01 7.65818665e-01 1.00000000e+00
7.51536784e-01 7.78838460e-01 7.60765651e-01 1.00000000e+00
7.46971341e-01 7.64535582e-01 7.50888243e-01 1.00000000e+00
7.43063769e-01 7.62753263e-01 7.51674423e-01 1.00000000e+00
7.51494792e-01 7.76556905e-01 7.67883263e-01 1.00000000e+00
7.64598570e-01 7.93122674e-01 7.81385963e-01 1.00000000e+00
7.79314367e-01 8.11155825e-01 7.98978199e-01 1.00000000e+00
7.89317750e-01 8.22516943e-01 8.14718130e-01 1.00000000e+00
7.97270532e-01 8.28650080e-01 8.16876043e-01 1.00000000e+00
8.06410750e-01 8.31202249e-01 8.16913369e-01 1.00000000e+00
8.09912400e-01 8.32081744e-01 8.13945947e-01 1.00000000e+00
8.11328458e-01 8.31267569e-01 8.17704214e-01 1.00000000e+00
8.13418717e-01 8.34514936e-01 8.19038621e-01 1.00000000e+00
6.81118848e-01 7.08495177e-01 7.07230757e-01 1.00000000e+00
6.80115711e-01 7.01337906e-01 6.97581972e-01 1.00000000e+00
6.74547130e-01 6.97497988e-01 6.93457442e-01 1.00000000e+00
6.63113693e-01 6.92034387e-01 6.85971236e-01 1.00000000e+00
6.63085698e-01 6.85021754e-01 6.82861509e-01 1.00000000e+00
6.54393393e-01 6.81928357e-01 6.72468535e-01 1.00000000e+00
6.58340624e-01 6.75295984e-01 6.71808331e-01 1.00000000e+00
6.51143694e-01 6.73436680e-01 6.64459764e-01 1.00000000e+00
6.52662397e-01 6.67576489e-01 6.64156489e-01 1.00000000e+00
6.47413421e-01 6.69503447e-01 6.60162602e-01 1.00000000e+00
6.55004607e-01 6.70632560e-01 6.66288740e-01 1.00000000e+00
6.59586381e-01 6.86960376e-01 6.80775915e-01 1.00000000e+00
6.56912902e-01 6.88411426e-01 6.81284483e-01 1.00000000e+00
6.63295657e-01 6.90086433e-01 6.90877279e-01 1.00000000e+00
6.68127049e-01 6.91332190e-01 6.94122313e-01 1.00000000e+00
6.61907595e-01 6.91906078e-01 6.85905915e-01 1.00000000e+00
6.70093665e-01 6.89517211e-01 6.86862395e-01 1.00000000e+00
6.64431769e-01 6.88847675e-01 6.84088603e-01 1.00000000e+00
6.72302901e-01 6.87690567e-01 6.84002286e-01 1.00000000e+00
6.73581318e-01 6.90275396e-01 6.89916133e-01 1.00000000e+00
6.72505861e-01 6.99597578e-01 6.93949680e-01 1.00000000e+00
6.84545847e-01 7.11031016e-01 7.07583021e-01 1.00000000e+00
6.89022641e-01 7.16790892e-01 7.15491479e-01 1.00000000e+00
6.93399121e-01 7.24057809e-01 7.23458259e-01 1.00000000e+00
6.93389789e-01 7.22231165e-01 7.20969078e-01 1.00000000e+00
6.92643268e-01 7.17899010e-01 7.16814221e-01 1.00000000e+00
7.26985664e-01 7.28717825e-01 7.03472390e-01 1.00000000e+00
2.94876140e-01 1.72452191e-01 1.19212459e-01 1.00000000e+00
5.48949676e-01 3.63705318e-01 2.70459130e-01 1.00000000e+00
6.44123949e-01 5.11395596e-01 4.05988585e-01 1.00000000e+00
6.46343366e-01 5.36023024e-01 4.42158208e-01 1.00000000e+00
5.59585156e-01 4.60119916e-01 3.79711554e-01 1.00000000e+00
1.00000000e+00 1.00000000e+00 1.00000000e+00 1.00000000e+00
4.34127370e-01 5.58094312e-01 5.65483714e-01 1.00000000e+00
6.37958265e-01 7.73435513e-01 8.04472128e-01 1.00000000e+00
6.41198633e-01 7.33713593e-01 7.41388763e-01 1.00000000e+00
6.60612847e-01 7.29708040e-01 7.18743512e-01 1.00000000e+00
6.88467416e-01 7.22252161e-01 7.17196813e-01 1.00000000e+00
7.03430498e-01 7.21095053e-01 7.20390524e-01 1.00000000e+00
7.05812367e-01 7.24365749e-01 7.24860319e-01 1.00000000e+00
7.08212898e-01 7.30036976e-01 7.30391574e-01 1.00000000e+00
6.79574483e-01 7.02938260e-01 7.00787346e-01 1.00000000e+00
6.82765861e-01 7.10384808e-01 7.06024659e-01 1.00000000e+00
6.84648494e-01 7.16021043e-01 7.14868601e-01 1.00000000e+00
6.89129953e-01 7.18454235e-01 7.16235667e-01 1.00000000e+00
6.92069380e-01 7.20355531e-01 7.19518027e-01 1.00000000e+00
6.92923213e-01 7.20252884e-01 7.15484481e-01 1.00000000e+00
6.94073322e-01 7.17560742e-01 7.12657032e-01 1.00000000e+00
6.95554700e-01 7.15531138e-01 7.07979611e-01 1.00000000e+00
6.97166719e-01 7.17784699e-01 7.11012353e-01 1.00000000e+00
6.94686869e-01 7.16685913e-01 7.11597905e-01 1.00000000e+00
6.92533623e-01 7.18526554e-01 7.16387304e-01 1.00000000e+00
6.87753555e-01 7.17738041e-01 7.14264385e-01 1.00000000e+00
6.85434674e-01 7.14614317e-01 7.11546582e-01 1.00000000e+00
6.80458644e-01 7.08406527e-01 7.03887742e-01 1.00000000e+00
6.77388576e-01 7.00752353e-01 6.97045409e-01 1.00000000e+00
6.73453010e-01 6.93228820e-01 6.89190608e-01 1.00000000e+00
6.70212642e-01 6.86400485e-01 6.83650022e-01 1.00000000e+00
6.69239832e-01 6.85054414e-01 6.82285288e-01 1.00000000e+00
6.68707935e-01 6.88663377e-01 6.86064551e-01 1.00000000e+00
6.62607458e-01 6.94194632e-01 6.89125287e-01 1.00000000e+00
6.70156653e-01 6.94605219e-01 6.96228902e-01 1.00000000e+00
6.73040091e-01 6.99016692e-01 6.95272422e-01 1.00000000e+00
6.73662969e-01 6.99809870e-01 6.96371208e-01 1.00000000e+00
6.76201141e-01 7.00838670e-01 6.95801985e-01 1.00000000e+00
6.77379244e-01 6.98225846e-01 6.94355601e-01 1.00000000e+00
6.81776720e-01 7.00971644e-01 6.97029079e-01 1.00000000e+00
6.85728616e-01 7.04529283e-01 6.97243704e-01 1.00000000e+00
6.90571672e-01 7.10165518e-01 7.03964727e-01 1.00000000e+00
6.92596610e-01 7.18743512e-01 7.18496227e-01 1.00000000e+00
6.96688479e-01 7.25620837e-01 7.22868041e-01 1.00000000e+00
