0.00000000e+00 0.00000000e+00 0.00000000e+00
1.34733978e+02 2.89443653e+01 2.45251889e+02
1.34278328e+02 3.11413196e+01 2.45311771e+02
1.33546180e+02 3.32711484e+01 2.44937507e+02
1.32978670e+02 3.54382645e+01 2.44922536e+02
1.32392453e+02 3.76003953e+01 2.44937507e+02
1.31762894e+02 3.97503611e+01 2.44937507e+02
1.31065836e+02 4.18793822e+01 2.44877625e+02
1.30577491e+02 4.40783087e+01 2.45266859e+02
1.29617113e+02 4.61175997e+01 2.44847683e+02
1.32739324e+02 4.72284783e+01 2.42916019e+02
1.33731070e+02 4.51428446e+01 2.43346737e+02
1.34264643e+02 4.29014952e+01 2.43019986e+02
1.34945162e+02 4.07103910e+01 2.43019986e+02
1.35598350e+02 3.85108925e+01 2.43034838e+02
1.36393368e+02 3.63482674e+01 2.43361590e+02
1.36788510e+02 3.40789293e+01 2.43049690e+02
1.37308030e+02 3.18439565e+01 2.43019986e+02
1.37816724e+02 2.96066193e+01 2.43034838e+02
1.38460757e+02 2.73951494e+01 2.43346737e+02
1.38905557e+02 2.51409184e+01 2.43376442e+02
1.42154838e+02 2.57290152e+01 2.41410917e+02
1.41523879e+02 2.80012033e+01 2.41086826e+02
1.41215768e+02 3.03368224e+01 2.41366722e+02
1.40537460e+02 3.25929137e+01 2.41086826e+02
1.40214337e+02 3.49324258e+01 2.41469842e+02
1.39575230e+02 3.71962205e+01 2.41381454e+02
1.38778947e+02 3.94142049e+01 2.41086826e+02
1.38290550e+02 4.17196309e+01 2.41381454e+02
1.37405428e+02 4.39050680e+01 2.41057364e+02
1.36681071e+02 4.61386598e+01 2.41072095e+02
1.35903526e+02 4.83542972e+01 2.41057364e+02
1.39243111e+02 4.95425170e+01 2.39488242e+02
1.40048421e+02 4.72753572e+01 2.39517457e+02
1.40799367e+02 4.49895312e+01 2.39517457e+02
1.41495470e+02 4.26864944e+01 2.39488242e+02
1.42162721e+02 4.03752206e+01 2.39473634e+02
1.43075419e+02 3.81290063e+01 2.39926471e+02
1.43668202e+02 3.57929075e+01 2.39911863e+02
1.44249613e+02 3.34538220e+01 2.39941079e+02
1.44783984e+02 3.11033680e+01 2.39955686e+02
1.45540608e+02 2.87959331e+01 2.40393915e+02
1.45972013e+02 2.64198968e+01 2.40364700e+02
1.48931153e+02 2.69554801e+01 2.37910627e+02
1.48793950e+02 2.94396229e+01 2.38417469e+02
1.48038888e+02 3.18026061e+01 2.38011996e+02
1.47446933e+02 3.41953324e+01 2.37925109e+02
1.46852644e+02 3.65862663e+01 2.37896146e+02
1.46047797e+02 3.89211328e+01 2.37592042e+02
1.45601963e+02 4.13519898e+01 2.37925109e+02
1.44685625e+02 4.36489034e+01 2.37563079e+02
1.44196648e+02 4.60750621e+01 2.37954071e+02
1.43179338e+02 4.83322432e+01 2.37548598e+02
1.42849731e+02 5.08257478e+01 2.38330582e+02
1.45408259e+02 5.17360686e+01 2.35448030e+02
1.46430255e+02 4.94296371e+01 2.35763774e+02
1.47051603e+02 4.69873042e+01 2.35505438e+02
1.48043905e+02 4.46620327e+01 2.35892942e+02
1.48686919e+02 4.22281389e+01 2.35792478e+02
1.49354567e+02 3.98023731e+01 2.35792478e+02
1.50242228e+02 3.74307335e+01 2.36194334e+02
0.00000000e+00 0.00000000e+00 0.00000000e+00
0.00000000e+00 0.00000000e+00 0.00000000e+00
1.51665312e+02 3.00077363e+01 2.35849886e+02
1.51879813e+02 2.74891666e+01 2.35462382e+02
0.00000000e+00 0.00000000e+00 0.00000000e+00
0.00000000e+00 0.00000000e+00 0.00000000e+00
0.00000000e+00 0.00000000e+00 0.00000000e+00
0.00000000e+00 0.00000000e+00 0.00000000e+00
0.00000000e+00 0.00000000e+00 0.00000000e+00
0.00000000e+00 0.00000000e+00 0.00000000e+00
0.00000000e+00 0.00000000e+00 0.00000000e+00
0.00000000e+00 0.00000000e+00 0.00000000e+00
0.00000000e+00 0.00000000e+00 0.00000000e+00
0.00000000e+00 0.00000000e+00 0.00000000e+00
0.00000000e+00 0.00000000e+00 0.00000000e+00
0.00000000e+00 0.00000000e+00 0.00000000e+00
0.00000000e+00 0.00000000e+00 0.00000000e+00
0.00000000e+00 0.00000000e+00 0.00000000e+00
0.00000000e+00 0.00000000e+00 0.00000000e+00
0.00000000e+00 0.00000000e+00 0.00000000e+00
0.00000000e+00 0.00000000e+00 0.00000000e+00
0.00000000e+00 0.00000000e+00 0.00000000e+00
0.00000000e+00 0.00000000e+00 0.00000000e+00
0.00000000e+00 0.00000000e+00 0.00000000e+00
0.00000000e+00 0.00000000e+00 0.00000000e+00
0.00000000e+00 0.00000000e+00 0.00000000e+00
0.00000000e+00 0.00000000e+00 0.00000000e+00
0.00000000e+00 0.00000000e+00 0.00000000e+00
0.00000000e+00 0.00000000e+00 0.00000000e+00
0.00000000e+00 0.00000000e+00 0.00000000e+00
0.00000000e+00 0.00000000e+00 0.00000000e+00
0.00000000e+00 0.00000000e+00 0.00000000e+00
0.00000000e+00 0.00000000e+00 0.00000000e+00
0.00000000e+00 0.00000000e+00 0.00000000e+00
0.00000000e+00 0.00000000e+00 0.00000000e+00
0.00000000e+00 0.00000000e+00 0.00000000e+00
0.00000000e+00 0.00000000e+00 0.00000000e+00
0.00000000e+00 0.00000000e+00 0.00000000e+00
0.00000000e+00 0.00000000e+00 0.00000000e+00
0.00000000e+00 0.00000000e+00 0.00000000e+00
0.00000000e+00 0.00000000e+00 0.00000000e+00
0.00000000e+00 0.00000000e+00 0.00000000e+00
0.00000000e+00 0.00000000e+00 0.00000000e+00
0.00000000e+00 0.00000000e+00 0.00000000e+00
0.00000000e+00 0.00000000e+00 0.00000000e+00
0.00000000e+00 0.00000000e+00 0.00000000e+00
0.00000000e+00 0.00000000e+00 0.00000000e+00
0.00000000e+00 0.00000000e+00 0.00000000e+00
0.00000000e+00 0.00000000e+00 0.00000000e+00
0.00000000e+00 0.00000000e+00 0.00000000e+00
0.00000000e+00 0.00000000e+00 0.00000000e+00
0.00000000e+00 0.00000000e+00 0.00000000e+00
0.00000000e+00 0.00000000e+00 0.00000000e+00
0.00000000e+00 0.00000000e+00 0.00000000e+00
0.00000000e+00 0.00000000e+00 0.00000000e+00
0.00000000e+00 0.00000000e+00 0.00000000e+00
0.00000000e+00 0.00000000e+00 0.00000000e+00
0.00000000e+00 0.00000000e+00 0.00000000e+00
0.00000000e+00 0.00000000e+00 0.00000000e+00
0.00000000e+00 0.00000000e+00 0.00000000e+00
0.00000000e+00 0.00000000e+00 0.00000000e+00
0.00000000e+00 0.00000000e+00 0.00000000e+00
0.00000000e+00 0.00000000e+00 0.00000000e+00
0.00000000e+00 0.00000000e+00 0.00000000e+00
0.00000000e+00 0.00000000e+00 0.00000000e+00
0.00000000e+00 0.00000000e+00 0.00000000e+00
0.00000000e+00 0.00000000e+00 0.00000000e+00
0.00000000e+00 0.00000000e+00 0.00000000e+00
0.00000000e+00 0.00000000e+00 0.00000000e+00
0.00000000e+00 0.00000000e+00 0.00000000e+00
0.00000000e+00 0.00000000e+00 0.00000000e+00
0.00000000e+00 0.00000000e+00 0.00000000e+00
0.00000000e+00 0.00000000e+00 0.00000000e+00
0.00000000e+00 0.00000000e+00 0.00000000e+00
0.00000000e+00 0.00000000e+00 0.00000000e+00
0.00000000e+00 0.00000000e+00 0.00000000e+00
0.00000000e+00 0.00000000e+00 0.00000000e+00
0.00000000e+00 0.00000000e+00 0.00000000e+00
0.00000000e+00 0.00000000e+00 0.00000000e+00
0.00000000e+00 0.00000000e+00 0.00000000e+00
0.00000000e+00 0.00000000e+00 0.00000000e+00
0.00000000e+00 0.00000000e+00 0.00000000e+00
0.00000000e+00 0.00000000e+00 0.00000000e+00
0.00000000e+00 0.00000000e+00 0.00000000e+00
0.00000000e+00 0.00000000e+00 0.00000000e+00
0.00000000e+00 0.00000000e+00 0.00000000e+00
0.00000000e+00 0.00000000e+00 0.00000000e+00
0.00000000e+00 0.00000000e+00 0.00000000e+00
0.00000000e+00 0.00000000e+00 0.00000000e+00
0.00000000e+00 0.00000000e+00 0.00000000e+00
0.00000000e+00 0.00000000e+00 0.00000000e+00
0.00000000e+00 0.00000000e+00 0.00000000e+00
0.00000000e+00 0.00000000e+00 0.00000000e+00
0.00000000e+00 0.00000000e+00 0.00000000e+00
0.00000000e+00 0.00000000e+00 0.00000000e+00
0.00000000e+00 0.00000000e+00 0.00000000e+00
0.00000000e+00 0.00000000e+00 0.00000000e+00
0.00000000e+00 0.00000000e+00 0.00000000e+00
0.00000000e+00 0.00000000e+00 0.00000000e+00
0.00000000e+00 0.00000000e+00 0.00000000e+00
0.00000000e+00 0.00000000e+00 0.00000000e+00
0.00000000e+00 0.00000000e+00 0.00000000e+00
0.00000000e+00 0.00000000e+00 0.00000000e+00
0.00000000e+00 0.00000000e+00 0.00000000e+00
0.00000000e+00 0.00000000e+00 0.00000000e+00
0.00000000e+00 0.00000000e+00 0.00000000e+00
0.00000000e+00 0.00000000e+00 0.00000000e+00
0.00000000e+00 0.00000000e+00 0.00000000e+00
0.00000000e+00 0.00000000e+00 0.00000000e+00
0.00000000e+00 0.00000000e+00 0.00000000e+00
0.00000000e+00 0.00000000e+00 0.00000000e+00
0.00000000e+00 0.00000000e+00 0.00000000e+00
0.00000000e+00 0.00000000e+00 0.00000000e+00
0.00000000e+00 0.00000000e+00 0.00000000e+00
0.00000000e+00 0.00000000e+00 0.00000000e+00
0.00000000e+00 0.00000000e+00 0.00000000e+00
0.00000000e+00 0.00000000e+00 0.00000000e+00
0.00000000e+00 0.00000000e+00 0.00000000e+00
0.00000000e+00 0.00000000e+00 0.00000000e+00
0.00000000e+00 0.00000000e+00 0.00000000e+00
1.42400987e+01 6.13748844e+00 2.00386812e+01
1.33559886e+01 6.01607096e+00 1.90944277e+01
1.35186217e+01 6.35600577e+00 1.94134322e+01
1.22160701e+01 5.98829002e+00 1.79460113e+01
1.25920175e+01 6.42886784e+00 1.85329797e+01
5.47961615e+01 2.91102158e+01 7.12580520e+01
0.00000000e+00 0.00000000e+00 0.00000000e+00
4.15799700e+01 2.38560360e+01 5.57289104e+01
0.00000000e+00 0.00000000e+00 0.00000000e+00
0.00000000e+00 0.00000000e+00 0.00000000e+00
0.00000000e+00 0.00000000e+00 0.00000000e+00
0.00000000e+00 0.00000000e+00 0.00000000e+00
0.00000000e+00 0.00000000e+00 0.00000000e+00
0.00000000e+00 0.00000000e+00 0.00000000e+00
0.00000000e+00 0.00000000e+00 0.00000000e+00
0.00000000e+00 0.00000000e+00 0.00000000e+00
0.00000000e+00 0.00000000e+00 0.00000000e+00
0.00000000e+00 0.00000000e+00 0.00000000e+00
0.00000000e+00 0.00000000e+00 0.00000000e+00
0.00000000e+00 0.00000000e+00 0.00000000e+00
0.00000000e+00 0.00000000e+00 0.00000000e+00
0.00000000e+00 0.00000000e+00 0.00000000e+00
0.00000000e+00 0.00000000e+00 0.00000000e+00
0.00000000e+00 0.00000000e+00 0.00000000e+00
0.00000000e+00 0.00000000e+00 0.00000000e+00
0.00000000e+00 0.00000000e+00 0.00000000e+00
0.00000000e+00 0.00000000e+00 0.00000000e+00
0.00000000e+00 0.00000000e+00 0.00000000e+00
0.00000000e+00 0.00000000e+00 0.00000000e+00
0.00000000e+00 0.00000000e+00 0.00000000e+00
0.00000000e+00 0.00000000e+00 0.00000000e+00
0.00000000e+00 0.00000000e+00 0.00000000e+00
0.00000000e+00 0.00000000e+00 0.00000000e+00
0.00000000e+00 0.00000000e+00 0.00000000e+00
0.00000000e+00 0.00000000e+00 0.00000000e+00
0.00000000e+00 0.00000000e+00 0.00000000e+00
0.00000000e+00 0.00000000e+00 0.00000000e+00
0.00000000e+00 0.00000000e+00 0.00000000e+00
0.00000000e+00 0.00000000e+00 0.00000000e+00
0.00000000e+00 0.00000000e+00 0.00000000e+00
0.00000000e+00 0.00000000e+00 0.00000000e+00
0.00000000e+00 0.00000000e+00 0.00000000e+00
0.00000000e+00 0.00000000e+00 0.00000000e+00
0.00000000e+00 0.00000000e+00 0.00000000e+00
0.00000000e+00 0.00000000e+00 0.00000000e+00
