1.19760684e+00
1.18019536e+00
1.17262515e+00
1.18170940e+00
1.18927961e+00
1.17413919e+00
1.18019536e+00
1.16959707e+00
1.20290598e+00
1.20669109e+00
1.19155067e+00
1.18398046e+00
1.17565324e+00
1.15975580e+00
1.18549451e+00
1.21350427e+00
1.17716728e+00
1.17262515e+00
1.16581197e+00
1.19003663e+00
1.18322344e+00
1.15899878e+00
1.16202686e+00
1.20442002e+00
1.16278388e+00
1.19155067e+00
1.19382173e+00
1.20820513e+00
1.18625153e+00
1.19836386e+00
1.21956044e+00
1.19836386e+00
1.18852259e+00
1.18095238e+00
1.17641026e+00
1.20063492e+00
1.19684982e+00
1.18473748e+00
1.19003663e+00
1.16354090e+00
1.18398046e+00
1.17792430e+00
1.23242979e+00
1.19533578e+00
1.19003663e+00
1.22713065e+00
1.18625153e+00
1.18852259e+00
1.18019536e+00
1.18700855e+00
1.17489621e+00
1.18019536e+00
1.17943834e+00
1.18246642e+00
1.17943834e+00
1.18700855e+00
1.17111111e+00
1.18019536e+00
1.19306471e+00
1.19533578e+00
1.16732601e+00
1.18170940e+00
1.20820513e+00
1.18473748e+00
1.14991453e+00
1.18322344e+00
1.19003663e+00
1.18473748e+00
1.19155067e+00
1.18549451e+00
1.19382173e+00
1.18019536e+00
1.19457875e+00
1.16732601e+00
1.18019536e+00
1.17489621e+00
1.18322344e+00
1.21426129e+00
1.17943834e+00
1.17413919e+00
1.17338217e+00
1.19003663e+00
1.16656899e+00
1.20139194e+00
1.18852259e+00
1.17338217e+00
1.20669109e+00
1.19609280e+00
1.18852259e+00
1.17186813e+00
1.16808303e+00
1.16656899e+00
1.18170940e+00
1.22788767e+00
1.19987790e+00
1.18625153e+00
1.16581197e+00
1.17186813e+00
1.18019536e+00
1.19003663e+00
1.17716728e+00
1.19836386e+00
1.16656899e+00
1.17489621e+00
1.19306471e+00
1.14915751e+00
1.16656899e+00
1.16808303e+00
1.17338217e+00
1.17943834e+00
1.15067155e+00
1.16884005e+00
1.20744811e+00
1.20366300e+00
1.21426129e+00
1.19533578e+00
1.19382173e+00
1.17792430e+00
1.18776557e+00
1.16808303e+00
1.18095238e+00
1.17565324e+00
1.20214896e+00
1.17641026e+00
1.18019536e+00
1.17943834e+00
1.14840049e+00
1.18927961e+00
1.21728938e+00
1.18019536e+00
1.16429792e+00
1.19079365e+00
1.15975580e+00
1.21956044e+00
1.18095238e+00
1.18170940e+00
1.19306471e+00
1.17186813e+00
1.17943834e+00
1.17262515e+00
1.17186813e+00
1.18927961e+00
1.20744811e+00
1.17111111e+00
1.16202686e+00
1.17035409e+00
1.19457875e+00
1.18776557e+00
1.19533578e+00
1.16126984e+00
1.18625153e+00
1.19760684e+00
1.17868132e+00
1.17868132e+00
1.18398046e+00
1.17186813e+00
1.19684982e+00
1.18170940e+00
1.22561661e+00
1.14310134e+00
1.21047619e+00
1.16505495e+00
1.16202686e+00
1.18700855e+00
1.17413919e+00
1.19609280e+00
1.17943834e+00
1.17716728e+00
1.18927961e+00
1.18473748e+00
1.17716728e+00
1.17716728e+00
1.19457875e+00
1.19836386e+00
1.16429792e+00
1.19306471e+00
1.16656899e+00
1.17868132e+00
1.18852259e+00
1.19155067e+00
1.16202686e+00
1.20971917e+00
1.17716728e+00
1.18927961e+00
1.17111111e+00
1.16202686e+00
1.17792430e+00
1.21047619e+00
1.19003663e+00
1.17338217e+00
1.19382173e+00
1.16202686e+00
1.20820513e+00
1.14991453e+00
1.20744811e+00
1.23470085e+00
1.15748474e+00
1.15142857e+00
1.18625153e+00
1.15597070e+00
1.18625153e+00
1.19533578e+00
1.17868132e+00
1.21274725e+00
1.17641026e+00
1.18700855e+00
1.18852259e+00
1.16732601e+00
1.18246642e+00
1.22334554e+00
1.17111111e+00
1.18473748e+00
1.15748474e+00
1.17716728e+00
1.17489621e+00
1.18398046e+00
1.18700855e+00
1.18625153e+00
1.18927961e+00
1.17035409e+00
1.16581197e+00
1.17111111e+00
1.19457875e+00
1.17565324e+00
1.16732601e+00
1.15672772e+00
1.15218559e+00
1.15975580e+00
1.20442002e+00
1.16959707e+00
1.19079365e+00
1.17641026e+00
1.18776557e+00
1.17792430e+00
1.17716728e+00
1.18019536e+00
1.17943834e+00
1.17565324e+00
1.18927961e+00
1.17641026e+00
1.12266178e+00
1.17868132e+00
1.17792430e+00
1.16959707e+00
1.18625153e+00
1.20139194e+00
1.15597070e+00
1.19457875e+00
1.16505495e+00
1.18625153e+00
1.18473748e+00
1.17565324e+00
1.18095238e+00
1.18473748e+00
1.19912088e+00
1.18019536e+00
1.18322344e+00
1.20517705e+00
1.18473748e+00
1.20214896e+00
1.18322344e+00
1.19457875e+00
1.16959707e+00
1.20744811e+00
1.19382173e+00
1.14915751e+00
1.16429792e+00
1.17943834e+00
1.18549451e+00
1.18700855e+00
1.18095238e+00
1.20971917e+00
1.19003663e+00
1.20366300e+00
1.19155067e+00
1.18700855e+00
1.18473748e+00
1.18852259e+00
1.19457875e+00
1.18625153e+00
1.13174603e+00
1.20820513e+00
1.21653236e+00
1.19382173e+00
1.17868132e+00
1.18170940e+00
1.18398046e+00
1.18852259e+00
1.18927961e+00
1.18700855e+00
1.18322344e+00
1.16581197e+00
1.18852259e+00
1.20063492e+00
1.21426129e+00
1.10979243e+00
1.18398046e+00
1.19912088e+00
1.19155067e+00
1.14461538e+00
1.19155067e+00
1.17792430e+00
1.18246642e+00
1.17489621e+00
1.17641026e+00
1.17565324e+00
1.18170940e+00
1.17262515e+00
1.20820513e+00
1.15899878e+00
1.18322344e+00
1.19609280e+00
1.16202686e+00
1.18322344e+00
1.16581197e+00
1.18700855e+00
1.19457875e+00
1.17641026e+00
1.18322344e+00
1.17943834e+00
1.19306471e+00
1.19836386e+00
1.18473748e+00
1.16278388e+00
1.18246642e+00
1.16354090e+00
1.17868132e+00
1.17868132e+00
1.16126984e+00
1.18473748e+00
1.17641026e+00
1.18852259e+00
1.21350427e+00
1.19609280e+00
1.19382173e+00
1.18095238e+00
1.17641026e+00
1.19003663e+00
1.18019536e+00
1.19003663e+00
1.18095238e+00
1.18549451e+00
1.13931624e+00
1.18473748e+00
1.17489621e+00
1.17111111e+00
1.17413919e+00
1.17413919e+00
1.16126984e+00
1.19003663e+00
1.18019536e+00
1.19533578e+00
1.19684982e+00
1.19230769e+00
1.17489621e+00
1.17716728e+00
1.16884005e+00
1.21350427e+00
1.19609280e+00
1.21350427e+00
1.21274725e+00
1.16354090e+00
1.18700855e+00
1.20669109e+00
1.15597070e+00
1.16126984e+00
1.15899878e+00
1.19836386e+00
1.18700855e+00
1.20139194e+00
1.19003663e+00
1.18246642e+00
1.18776557e+00
1.19003663e+00
1.17489621e+00
1.17716728e+00
1.17111111e+00
1.20442002e+00
1.16808303e+00
1.15748474e+00
1.21653236e+00
1.17565324e+00
1.15672772e+00
1.14688645e+00
1.15899878e+00
1.16278388e+00
1.15369963e+00
1.16202686e+00
1.15824176e+00
1.16884005e+00
1.16959707e+00
1.22485958e+00
1.17035409e+00
1.22485958e+00
1.16808303e+00
1.19155067e+00
1.17792430e+00
1.19533578e+00
1.18927961e+00
1.19533578e+00
1.18246642e+00
1.18398046e+00
1.18019536e+00
1.19457875e+00
1.19306471e+00
1.19533578e+00
1.19382173e+00
1.18322344e+00
1.20669109e+00
1.18170940e+00
1.12190476e+00
1.18473748e+00
1.21274725e+00
1.19155067e+00
1.23091575e+00
1.18625153e+00
1.15748474e+00
1.17943834e+00
1.18700855e+00
1.18019536e+00
1.16884005e+00
1.17943834e+00
1.17943834e+00
1.16581197e+00
1.18170940e+00
1.16429792e+00
1.19382173e+00
1.15824176e+00
1.17035409e+00
1.17338217e+00
1.17413919e+00
1.21653236e+00
1.19003663e+00
1.17186813e+00
1.19079365e+00
1.18246642e+00
1.18852259e+00
1.17565324e+00
1.19306471e+00
1.19306471e+00
1.19533578e+00
1.18927961e+00
1.21123321e+00
1.18852259e+00
1.18927961e+00
1.21123321e+00
1.17868132e+00
1.17262515e+00
1.14385836e+00
1.22485958e+00
1.18246642e+00
1.19533578e+00
1.18019536e+00
1.19306471e+00
1.19382173e+00
1.17186813e+00
1.17716728e+00
1.17035409e+00
1.17186813e+00
1.22334554e+00
1.18927961e+00
1.16808303e+00
1.19003663e+00
1.20214896e+00
1.16959707e+00
1.16581197e+00
1.14688645e+00
1.17111111e+00
1.16959707e+00
1.17792430e+00
1.19003663e+00
1.17413919e+00
1.18246642e+00
1.16959707e+00
1.11963370e+00
1.17035409e+00
1.16202686e+00
1.21426129e+00
1.19382173e+00
1.15899878e+00
1.18246642e+00
1.18019536e+00
1.16505495e+00
1.17035409e+00
1.16505495e+00
1.20139194e+00
1.19003663e+00
1.15294261e+00
1.18322344e+00
1.18170940e+00
1.16429792e+00
1.18322344e+00
1.16505495e+00
1.18776557e+00
1.18700855e+00
1.18322344e+00
1.17413919e+00
1.15975580e+00
1.19079365e+00
1.18700855e+00
1.19836386e+00
1.16959707e+00
1.17111111e+00
1.18322344e+00
1.18927961e+00
1.15521368e+00
1.19003663e+00
1.16732601e+00
1.21728938e+00
1.16126984e+00
1.17489621e+00
1.19457875e+00
1.17792430e+00
1.17262515e+00
1.17565324e+00
1.18398046e+00
1.14991453e+00
1.18398046e+00
1.18322344e+00
1.19609280e+00
1.16732601e+00
1.18473748e+00
1.19079365e+00
1.19533578e+00
1.19533578e+00
1.20971917e+00
1.19684982e+00
1.20517705e+00
1.18927961e+00
1.09389499e+00
1.18170940e+00
1.15521368e+00
1.14915751e+00
1.18170940e+00
1.18852259e+00
1.17792430e+00
1.18246642e+00
1.17792430e+00
1.16581197e+00
1.18095238e+00
1.17943834e+00
1.18170940e+00
1.16884005e+00
1.20214896e+00
1.17035409e+00
1.17111111e+00
1.16808303e+00
1.19457875e+00
1.16126984e+00
1.17035409e+00
1.17565324e+00
1.17111111e+00
1.17868132e+00
1.18776557e+00
1.18700855e+00
1.18322344e+00
1.17262515e+00
1.19987790e+00
1.18852259e+00
1.17792430e+00
1.19306471e+00
1.18700855e+00
1.19457875e+00
1.14310134e+00
1.18700855e+00
1.14688645e+00
1.17565324e+00
1.18019536e+00
1.18927961e+00
1.20669109e+00
1.17868132e+00
1.16884005e+00
1.19155067e+00
1.19912088e+00
1.21047619e+00
1.22334554e+00
1.23015873e+00
1.16202686e+00
1.18246642e+00
1.19533578e+00
1.18549451e+00
1.18246642e+00
1.19003663e+00
1.17489621e+00
1.16505495e+00
1.18473748e+00
1.18398046e+00
1.17035409e+00
1.18852259e+00
1.18625153e+00
1.16732601e+00
1.17186813e+00
1.19155067e+00
1.22258852e+00
1.17792430e+00
1.21653236e+00
1.04393162e+00
1.19609280e+00
1.24075702e+00
1.16959707e+00
1.18700855e+00
1.20063492e+00
1.18170940e+00
1.19003663e+00
1.18625153e+00
1.17413919e+00
1.21047619e+00
1.16429792e+00
1.19533578e+00
1.18322344e+00
1.19155067e+00
1.16126984e+00
1.16808303e+00
1.18322344e+00
1.18322344e+00
1.18549451e+00
1.19155067e+00
1.18700855e+00
1.18019536e+00
1.18927961e+00
1.19230769e+00
1.20139194e+00
1.18700855e+00
1.16732601e+00
1.17716728e+00
1.19230769e+00
1.20669109e+00
1.13931624e+00
1.21274725e+00
1.17035409e+00
1.15294261e+00
1.20366300e+00
1.15521368e+00
1.19230769e+00
1.18095238e+00
1.17943834e+00
1.17111111e+00
1.17792430e+00
1.19533578e+00
1.18398046e+00
1.19836386e+00
1.19079365e+00
1.19382173e+00
1.18625153e+00
1.17943834e+00
1.18170940e+00
1.16581197e+00
1.20139194e+00
1.18246642e+00
1.18927961e+00
1.17716728e+00
1.20896215e+00
1.18625153e+00
1.18322344e+00
1.18700855e+00
1.19684982e+00
1.18700855e+00
1.16051282e+00
1.18170940e+00
1.18246642e+00
1.15294261e+00
1.18700855e+00
1.19533578e+00
1.17716728e+00
1.17641026e+00
1.15294261e+00
1.15597070e+00
1.17338217e+00
1.18852259e+00
1.19079365e+00
1.18625153e+00
1.18322344e+00
1.17943834e+00
1.17413919e+00
1.15899878e+00
1.16505495e+00
1.25362637e+00
1.20442002e+00
1.18549451e+00
1.15672772e+00
1.22334554e+00
1.18700855e+00
1.13250305e+00
1.18246642e+00
1.19155067e+00
1.18700855e+00
1.19760684e+00
1.17641026e+00
1.18322344e+00
1.18549451e+00
1.18473748e+00
1.17338217e+00
1.19306471e+00
1.22258852e+00
1.17338217e+00
1.18549451e+00
1.17641026e+00
1.18019536e+00
1.15899878e+00
1.19912088e+00
1.16581197e+00
1.16959707e+00
1.19230769e+00
1.17943834e+00
1.20820513e+00
1.17716728e+00
1.16808303e+00
1.15975580e+00
1.18095238e+00
1.20896215e+00
1.16202686e+00
1.15294261e+00
1.15899878e+00
1.17111111e+00
1.17262515e+00
1.17716728e+00
1.20214896e+00
1.18927961e+00
1.19382173e+00
1.16884005e+00
1.19155067e+00
1.19684982e+00
1.18625153e+00
1.15672772e+00
1.16884005e+00
1.18927961e+00
1.17565324e+00
1.16051282e+00
1.17035409e+00
1.17565324e+00
1.20063492e+00
1.19457875e+00
1.17716728e+00
1.18549451e+00
1.19533578e+00
1.19003663e+00
1.18700855e+00
1.19230769e+00
1.18322344e+00
1.18246642e+00
1.17338217e+00
1.18095238e+00
1.18549451e+00
1.16202686e+00
1.16429792e+00
1.16884005e+00
1.18700855e+00
1.18019536e+00
1.17111111e+00
1.17489621e+00
1.17716728e+00
1.16808303e+00
1.18700855e+00
1.16505495e+00
1.17413919e+00
1.19003663e+00
1.18322344e+00
1.18398046e+00
1.16732601e+00
1.16126984e+00
1.19155067e+00
1.21047619e+00
1.21880342e+00
1.18019536e+00
1.16354090e+00
1.21804640e+00
1.19155067e+00
1.17489621e+00
1.18322344e+00
1.18700855e+00
1.19987790e+00
1.19684982e+00
1.17413919e+00
1.20063492e+00
1.18852259e+00
1.16202686e+00
1.18398046e+00
1.18927961e+00
1.18473748e+00
1.22561661e+00
1.14991453e+00
1.15975580e+00
1.16581197e+00
1.19306471e+00
1.18322344e+00
1.16959707e+00
1.16505495e+00
1.17413919e+00
1.17111111e+00
1.17035409e+00
1.14688645e+00
1.15445665e+00
1.17943834e+00
1.19533578e+00
1.18549451e+00
1.17413919e+00
1.15824176e+00
1.17413919e+00
1.19609280e+00
1.16581197e+00
1.19382173e+00
1.19155067e+00
1.19155067e+00
1.23242979e+00
1.18170940e+00
1.19306471e+00
1.18473748e+00
1.18700855e+00
1.18549451e+00
1.12493284e+00
1.18700855e+00
1.19533578e+00
1.15824176e+00
1.25059829e+00
1.20063492e+00
1.20820513e+00
1.18927961e+00
1.18170940e+00
1.19457875e+00
1.17716728e+00
1.19457875e+00
1.18019536e+00
1.17716728e+00
1.17413919e+00
1.19457875e+00
1.19836386e+00
1.14007326e+00
1.20517705e+00
1.18473748e+00
1.19684982e+00
1.17868132e+00
1.17489621e+00
1.17716728e+00
1.17565324e+00
1.18625153e+00
1.17716728e+00
1.18927961e+00
1.18170940e+00
1.19836386e+00
1.17489621e+00
1.23242979e+00
1.17262515e+00
1.18246642e+00
1.18927961e+00
1.18398046e+00
1.15824176e+00
1.16051282e+00
1.17943834e+00
1.18927961e+00
1.15899878e+00
1.17943834e+00
1.18473748e+00
1.18927961e+00
1.17262515e+00
1.21350427e+00
1.17792430e+00
1.18095238e+00
1.19003663e+00
1.18700855e+00
1.15899878e+00
1.17868132e+00
1.18625153e+00
1.17943834e+00
1.16884005e+00
1.17565324e+00
1.17186813e+00
1.14310134e+00
1.16505495e+00
1.14612943e+00
1.17111111e+00
1.16202686e+00
1.17716728e+00
1.17413919e+00
1.17338217e+00
1.15445665e+00
1.17489621e+00
1.17338217e+00
1.19533578e+00
1.16505495e+00
1.13780220e+00
1.18398046e+00
1.18246642e+00
1.18322344e+00
1.18246642e+00
1.17565324e+00
1.17868132e+00
1.20139194e+00
1.18927961e+00
1.18700855e+00
1.17035409e+00
1.19230769e+00
1.20366300e+00
1.20669109e+00
1.21577534e+00
1.16202686e+00
1.18473748e+00
1.18019536e+00
1.18246642e+00
1.18398046e+00
1.17565324e+00
1.20971917e+00
1.19003663e+00
1.17111111e+00
1.19079365e+00
1.19155067e+00
1.18398046e+00
1.16808303e+00
1.18473748e+00
1.17792430e+00
1.17792430e+00
1.16202686e+00
1.18019536e+00
1.19836386e+00
1.18625153e+00
1.18398046e+00
1.17489621e+00
1.18927961e+00
1.16884005e+00
1.19079365e+00
1.19155067e+00
1.19230769e+00
1.18398046e+00
1.18170940e+00
1.18095238e+00
1.17943834e+00
1.18549451e+00
1.17943834e+00
1.18700855e+00
1.19836386e+00
1.16656899e+00
1.19079365e+00
1.18170940e+00
1.18700855e+00
1.19760684e+00
1.17186813e+00
1.17716728e+00
1.17186813e+00
1.17186813e+00
1.17338217e+00
1.17413919e+00
1.18398046e+00
1.18095238e+00
1.18398046e+00
1.17792430e+00
1.19987790e+00
1.17868132e+00
1.15067155e+00
1.20820513e+00
1.15218559e+00
1.18095238e+00
1.17338217e+00
1.17868132e+00
1.18246642e+00
1.18776557e+00
1.15899878e+00
1.19003663e+00
1.17641026e+00
1.16429792e+00
1.17716728e+00
1.20442002e+00
1.17565324e+00
1.17489621e+00
1.16581197e+00
1.18473748e+00
1.18927961e+00
1.18776557e+00
1.20442002e+00
1.16126984e+00
1.19609280e+00
1.18776557e+00
1.19230769e+00
1.17186813e+00
1.18473748e+00
1.17868132e+00
1.19003663e+00
1.23924298e+00
1.19155067e+00
1.18473748e+00
1.17035409e+00
1.16808303e+00
1.21123321e+00
1.16732601e+00
1.21577534e+00
1.18776557e+00
1.17943834e+00
1.18398046e+00
1.18927961e+00
1.18700855e+00
1.18170940e+00
1.17792430e+00
1.17792430e+00
1.16429792e+00
1.19155067e+00
1.17943834e+00
1.23015873e+00
1.17338217e+00
1.17338217e+00
1.18170940e+00
1.17186813e+00
1.19382173e+00
1.20744811e+00
1.18473748e+00
1.19760684e+00
1.17413919e+00
1.16959707e+00
1.18019536e+00
1.19230769e+00
1.18095238e+00
1.19230769e+00
1.19003663e+00
1.20669109e+00
1.18625153e+00
1.17338217e+00
1.19382173e+00
1.17111111e+00
1.19306471e+00
1.16126984e+00
1.17641026e+00
1.19836386e+00
1.19306471e+00
1.19533578e+00
1.17565324e+00
1.17868132e+00
1.15748474e+00
1.18549451e+00
1.18700855e+00
1.18776557e+00
1.17338217e+00
1.14991453e+00
1.21804640e+00
1.12720391e+00
1.17716728e+00
1.19306471e+00
1.17868132e+00
1.17489621e+00
1.16354090e+00
1.17943834e+00
1.16808303e+00
1.19230769e+00
1.17943834e+00
1.18700855e+00
1.18019536e+00
1.21350427e+00
1.20063492e+00
1.19684982e+00
1.18700855e+00
1.18095238e+00
1.22485958e+00
1.17943834e+00
1.17413919e+00
1.16884005e+00
1.19003663e+00
1.19987790e+00
1.12720391e+00
1.18625153e+00
1.18398046e+00
1.19155067e+00
1.18927961e+00
1.19912088e+00
1.21956044e+00
1.16581197e+00
1.19230769e+00
1.18549451e+00
1.18170940e+00
1.21350427e+00
1.19533578e+00
1.16505495e+00
1.17413919e+00
1.18549451e+00
1.18322344e+00
1.18095238e+00
1.17943834e+00
1.16429792e+00
1.17035409e+00
1.16278388e+00
1.22183150e+00
1.19382173e+00
1.17792430e+00
1.18625153e+00
1.16429792e+00
1.18322344e+00
1.21199023e+00
1.18398046e+00
1.18095238e+00
1.18776557e+00
1.17413919e+00
1.18473748e+00
1.18246642e+00
1.17262515e+00
1.18322344e+00
1.18776557e+00
1.17868132e+00
1.20063492e+00
1.16884005e+00
1.16884005e+00
1.16959707e+00
1.18322344e+00
1.19609280e+00
1.19912088e+00
1.21577534e+00
1.17035409e+00
1.17413919e+00
1.19533578e+00
1.17186813e+00
1.18625153e+00
1.17111111e+00
1.10903541e+00
1.17943834e+00
1.16656899e+00
1.18625153e+00
1.15294261e+00
1.16656899e+00
1.20442002e+00
1.17943834e+00
1.19987790e+00
1.21199023e+00
1.19533578e+00
1.19836386e+00
1.17186813e+00
1.17792430e+00
1.18776557e+00
1.19382173e+00
1.18700855e+00
1.19306471e+00
1.15975580e+00
1.20593407e+00
1.15294261e+00
1.13704518e+00
1.18549451e+00
1.16278388e+00
1.21123321e+00
1.23091575e+00
1.20290598e+00
1.19684982e+00
1.18700855e+00
1.18700855e+00
1.18625153e+00
1.18927961e+00
1.19306471e+00
1.18927961e+00
1.16959707e+00
1.21123321e+00
1.21577534e+00
1.20290598e+00
1.19306471e+00
1.18927961e+00
1.20139194e+00
1.18473748e+00
1.17338217e+00
1.16278388e+00
1.18398046e+00
1.15899878e+00
1.17565324e+00
1.18700855e+00
1.18625153e+00
1.17413919e+00
1.16959707e+00
1.17035409e+00
1.19760684e+00
1.18322344e+00
1.18852259e+00
1.17641026e+00
1.16202686e+00
1.17186813e+00
1.19230769e+00
1.16884005e+00
1.17792430e+00
1.18095238e+00
1.17716728e+00
1.19836386e+00
1.17489621e+00
1.19382173e+00
1.18398046e+00
1.18019536e+00
1.17792430e+00
1.18398046e+00
1.15142857e+00
1.17186813e+00
1.17943834e+00
1.21199023e+00
1.18095238e+00
1.18927961e+00
1.12114774e+00
1.18019536e+00
1.19684982e+00
1.17035409e+00
1.18852259e+00
1.18095238e+00
1.18322344e+00
1.17186813e+00
1.17489621e+00
1.14537241e+00
1.19457875e+00
1.16126984e+00
1.18322344e+00
1.20290598e+00
1.18170940e+00
1.19003663e+00
1.17716728e+00
1.21501832e+00
1.18398046e+00
1.18927961e+00
1.17868132e+00
1.17489621e+00
1.17111111e+00
1.17792430e+00
1.16884005e+00
1.19079365e+00
1.18322344e+00
1.13780220e+00
1.19533578e+00
1.19836386e+00
1.19155067e+00
1.18927961e+00
1.18549451e+00
1.19306471e+00
1.17943834e+00
1.18852259e+00
1.18700855e+00
1.19760684e+00
1.19003663e+00
1.19155067e+00
1.18852259e+00
1.18246642e+00
1.21956044e+00
1.18398046e+00
1.20063492e+00
1.19533578e+00
1.16656899e+00
1.19760684e+00
1.18095238e+00
1.16959707e+00
1.14840049e+00
1.17262515e+00
1.18246642e+00
1.17716728e+00
1.16656899e+00
1.19079365e+00
1.16505495e+00
1.19306471e+00
1.18473748e+00
1.17716728e+00
1.17868132e+00
1.17943834e+00
1.18322344e+00
1.21047619e+00
1.16732601e+00
1.23242979e+00
1.16202686e+00
1.16505495e+00
1.18625153e+00
1.19533578e+00
1.19230769e+00
1.19079365e+00
1.18776557e+00
1.19609280e+00
1.18019536e+00
1.15597070e+00
1.16808303e+00
1.16884005e+00
1.19306471e+00
1.19684982e+00
1.17792430e+00
1.17338217e+00
1.17413919e+00
1.16126984e+00
1.18322344e+00
1.18473748e+00
1.17338217e+00
1.20290598e+00
1.18852259e+00
1.18700855e+00
1.15521368e+00
1.17943834e+00
1.12493284e+00
1.16126984e+00
1.18625153e+00
1.18246642e+00
1.16505495e+00
1.16884005e+00
1.16732601e+00
1.18776557e+00
1.19760684e+00
1.17868132e+00
1.21123321e+00
1.18852259e+00
1.18246642e+00
1.18927961e+00
1.17792430e+00
1.19912088e+00
1.20063492e+00
1.17641026e+00
1.19533578e+00
1.20744811e+00
1.19836386e+00
1.19003663e+00
1.20366300e+00
1.20593407e+00
1.21880342e+00
1.21350427e+00
1.18700855e+00
1.20744811e+00
1.20896215e+00
1.17338217e+00
1.19457875e+00
1.18549451e+00
1.20290598e+00
1.18473748e+00
1.16581197e+00
1.17792430e+00
1.18700855e+00
1.19230769e+00
1.18019536e+00
1.14385836e+00
1.17262515e+00
1.16278388e+00
1.23470085e+00
1.17413919e+00
1.19003663e+00
1.18927961e+00
1.18095238e+00
1.19155067e+00
1.18776557e+00
1.15975580e+00
1.22031746e+00
1.19457875e+00
1.17943834e+00
1.17035409e+00
1.18549451e+00
1.18170940e+00
1.20442002e+00
1.22864469e+00
1.20517705e+00
1.17489621e+00
1.19003663e+00
1.18625153e+00
1.16581197e+00
1.17338217e+00
1.18246642e+00
1.18246642e+00
1.16732601e+00
1.21123321e+00
1.18322344e+00
1.16278388e+00
1.20744811e+00
1.18473748e+00
1.19003663e+00
1.16884005e+00
1.17186813e+00
1.18019536e+00
1.19684982e+00
1.17716728e+00
1.16732601e+00
1.17111111e+00
1.17565324e+00
1.17641026e+00
1.17489621e+00
1.17338217e+00
1.19155067e+00
1.16959707e+00
1.16656899e+00
1.16354090e+00
1.19533578e+00
1.17868132e+00
1.19003663e+00
1.18322344e+00
1.20063492e+00
1.18927961e+00
1.19306471e+00
1.19306471e+00
1.18019536e+00
1.18095238e+00
1.17565324e+00
1.17565324e+00
1.19155067e+00
1.18700855e+00
1.18852259e+00
1.20593407e+00
1.19836386e+00
1.19533578e+00
1.19533578e+00
1.18019536e+00
1.17565324e+00
1.20593407e+00
1.18322344e+00
1.20517705e+00
1.17565324e+00
1.17943834e+00
1.18700855e+00
1.17413919e+00
1.17489621e+00
1.18473748e+00
1.13174603e+00
1.13780220e+00
1.18398046e+00
1.17716728e+00
1.19987790e+00
1.15672772e+00
1.19760684e+00
1.15445665e+00
1.16581197e+00
1.17792430e+00
1.18549451e+00
1.18322344e+00
1.19155067e+00
1.18700855e+00
1.18322344e+00
1.18852259e+00
1.18019536e+00
1.18776557e+00
1.19684982e+00
1.18473748e+00
1.18095238e+00
1.16656899e+00
1.14310134e+00
1.17035409e+00
1.17489621e+00
1.19382173e+00
1.19155067e+00
1.18852259e+00
1.18852259e+00
1.17111111e+00
1.17111111e+00
1.19684982e+00
1.18927961e+00
1.14385836e+00
1.17943834e+00
1.21956044e+00
1.18473748e+00
1.20669109e+00
1.18776557e+00
1.17792430e+00
1.15824176e+00
1.14991453e+00
1.16581197e+00
1.17716728e+00
1.17641026e+00
1.19079365e+00
1.18246642e+00
1.19760684e+00
1.17792430e+00
1.17716728e+00
1.16126984e+00
1.17943834e+00
1.18398046e+00
1.22940171e+00
1.20442002e+00
1.18625153e+00
1.18019536e+00
1.18246642e+00
1.16354090e+00
1.18700855e+00
1.19760684e+00
1.19609280e+00
1.18927961e+00
1.20744811e+00
1.19533578e+00
1.16278388e+00
1.18095238e+00
1.18927961e+00
1.15748474e+00
1.17413919e+00
1.19382173e+00
1.17868132e+00
1.18019536e+00
1.17413919e+00
1.19230769e+00
1.17186813e+00
1.17413919e+00
1.18246642e+00
1.18246642e+00
1.18170940e+00
1.18549451e+00
1.18700855e+00
1.19836386e+00
1.16656899e+00
1.17641026e+00
1.17338217e+00
1.20744811e+00
1.18019536e+00
1.16505495e+00
1.16581197e+00
1.21123321e+00
1.18398046e+00
1.18170940e+00
1.17262515e+00
1.19836386e+00
1.18095238e+00
1.18322344e+00
1.18927961e+00
1.18700855e+00
1.19155067e+00
1.18625153e+00
1.17792430e+00
1.16202686e+00
1.18246642e+00
1.15975580e+00
1.20214896e+00
1.15294261e+00
1.19457875e+00
1.17489621e+00
1.20290598e+00
1.18398046e+00
1.19533578e+00
1.18322344e+00
1.17413919e+00
1.18549451e+00
1.16505495e+00
1.24908425e+00
1.18398046e+00
1.18322344e+00
1.20139194e+00
1.24529915e+00
1.16808303e+00
1.15445665e+00
1.15748474e+00
1.16202686e+00
1.17868132e+00
1.18549451e+00
1.16354090e+00
1.16505495e+00
1.17868132e+00
1.18625153e+00
1.20744811e+00
1.16808303e+00
1.19230769e+00
1.23015873e+00
1.20290598e+00
1.17186813e+00
1.18625153e+00
1.18398046e+00
1.16732601e+00
1.19230769e+00
1.17716728e+00
1.19230769e+00
1.19382173e+00
1.19382173e+00
1.20971917e+00
1.17641026e+00
1.19533578e+00
1.18019536e+00
1.21653236e+00
1.18322344e+00
1.18625153e+00
1.19912088e+00
1.18776557e+00
1.17943834e+00
1.17338217e+00
1.18095238e+00
1.17111111e+00
1.22561661e+00
1.18473748e+00
1.17792430e+00
1.18625153e+00
1.18095238e+00
1.16505495e+00
1.17868132e+00
1.14234432e+00
1.16581197e+00
1.18700855e+00
1.16429792e+00
1.16732601e+00
1.16429792e+00
1.17716728e+00
1.15824176e+00
1.17641026e+00
1.23697192e+00
1.17338217e+00
1.18473748e+00
1.18322344e+00
1.18398046e+00
1.18776557e+00
1.18625153e+00
1.16808303e+00
1.18927961e+00
1.17641026e+00
1.21501832e+00
1.18852259e+00
1.16732601e+00
1.18322344e+00
1.19836386e+00
1.19760684e+00
1.18398046e+00
1.18852259e+00
1.18776557e+00
1.18700855e+00
1.18322344e+00
1.17716728e+00
1.17489621e+00
1.17716728e+00
1.18398046e+00
1.20214896e+00
1.21350427e+00
1.19457875e+00
1.21123321e+00
1.15597070e+00
1.17716728e+00
1.14234432e+00
1.19382173e+00
1.15672772e+00
1.19609280e+00
1.18246642e+00
1.17035409e+00
1.17186813e+00
1.17641026e+00
1.16808303e+00
1.17186813e+00
1.17716728e+00
1.18398046e+00
1.20593407e+00
1.18019536e+00
1.17565324e+00
1.18398046e+00
1.15445665e+00
1.18852259e+00
1.17716728e+00
1.18398046e+00
1.17868132e+00
1.17868132e+00
1.14083028e+00
1.17489621e+00
1.18700855e+00
1.17943834e+00
1.18700855e+00
1.19155067e+00
1.16126984e+00
1.18322344e+00
1.17186813e+00
1.17868132e+00
1.19306471e+00
1.18473748e+00
1.19609280e+00
1.19306471e+00
1.16884005e+00
1.16959707e+00
1.18095238e+00
1.15521368e+00
1.16808303e+00
1.19609280e+00
1.15218559e+00
1.17035409e+00
1.21274725e+00
1.17489621e+00
1.18322344e+00
1.17338217e+00
1.21653236e+00
1.16505495e+00
1.19533578e+00
1.17792430e+00
1.16354090e+00
1.14840049e+00
1.16505495e+00
1.18927961e+00
1.18095238e+00
1.18246642e+00
1.18322344e+00
1.18473748e+00
1.18776557e+00
1.19079365e+00
1.20063492e+00
1.16732601e+00
1.20896215e+00
1.18170940e+00
1.16202686e+00
1.19987790e+00
1.17565324e+00
1.15218559e+00
1.18700855e+00
1.18625153e+00
1.18398046e+00
1.17111111e+00
1.16656899e+00
1.18625153e+00
1.19230769e+00
1.19836386e+00
1.18549451e+00
1.17186813e+00
1.20063492e+00
1.17338217e+00
1.19684982e+00
1.17111111e+00
1.21350427e+00
1.21047619e+00
1.16429792e+00
1.19230769e+00
1.17641026e+00
1.17868132e+00
1.17565324e+00
1.19533578e+00
1.18852259e+00
1.18322344e+00
1.18246642e+00
1.18927961e+00
1.18170940e+00
1.16959707e+00
1.19533578e+00
1.23091575e+00
1.15521368e+00
1.18398046e+00
1.18170940e+00
1.18625153e+00
1.19155067e+00
1.20063492e+00
1.17943834e+00
1.18549451e+00
1.19003663e+00
1.20290598e+00
1.20442002e+00
1.17868132e+00
1.16732601e+00
1.18625153e+00
1.19760684e+00
1.18776557e+00
1.15672772e+00
1.20214896e+00
1.17338217e+00
1.08783883e+00
1.18322344e+00
1.16354090e+00
1.16278388e+00
1.16808303e+00
1.18549451e+00
1.16884005e+00
1.17338217e+00
1.15067155e+00
1.17565324e+00
1.16202686e+00
1.20063492e+00
1.18927961e+00
1.19609280e+00
1.17413919e+00
1.16959707e+00
1.14083028e+00
1.16732601e+00
1.18246642e+00
1.18852259e+00
1.18625153e+00
1.17565324e+00
1.20366300e+00
1.18398046e+00
1.19533578e+00
1.17338217e+00
1.16581197e+00
1.19155067e+00
1.14840049e+00
1.16354090e+00
1.17716728e+00
1.17716728e+00
1.17868132e+00
1.19003663e+00
1.16732601e+00
1.17035409e+00
1.17489621e+00
1.18625153e+00
1.19003663e+00
1.18398046e+00
1.16202686e+00
1.17338217e+00
1.18625153e+00
1.15445665e+00
1.17186813e+00
1.17186813e+00
1.17186813e+00
1.17035409e+00
1.17641026e+00
1.15294261e+00
1.19155067e+00
1.16732601e+00
1.17716728e+00
1.18246642e+00
1.15672772e+00
1.18549451e+00
1.17716728e+00
1.19155067e+00
1.24454212e+00
1.18019536e+00
1.06285714e+00
1.18095238e+00
1.16278388e+00
1.18398046e+00
1.19457875e+00
1.22258852e+00
1.19230769e+00
1.20971917e+00
1.17716728e+00
1.19079365e+00
1.20063492e+00
1.19155067e+00
1.17489621e+00
1.19457875e+00
1.17565324e+00
1.16354090e+00
1.20517705e+00
1.18322344e+00
1.18398046e+00
1.19155067e+00
1.18322344e+00
1.16051282e+00
1.18625153e+00
1.21123321e+00
1.17035409e+00
1.17792430e+00
1.16051282e+00
1.16429792e+00
1.19155067e+00
1.17262515e+00
1.16808303e+00
1.20063492e+00
1.11130647e+00
1.16278388e+00
1.16808303e+00
1.21426129e+00
1.15521368e+00
1.19533578e+00
1.18398046e+00
1.18927961e+00
1.17413919e+00
1.18700855e+00
1.18927961e+00
1.18700855e+00
1.18095238e+00
1.19230769e+00
1.18625153e+00
1.18398046e+00
1.19382173e+00
1.15597070e+00
1.22334554e+00
1.17641026e+00
1.18246642e+00
1.18095238e+00
1.18095238e+00
1.18473748e+00
1.17413919e+00
1.17943834e+00
1.18700855e+00
1.18246642e+00
1.18398046e+00
1.17792430e+00
1.17489621e+00
1.17565324e+00
1.17565324e+00
1.17413919e+00
1.20442002e+00
1.18019536e+00
1.15445665e+00
1.17792430e+00
1.19003663e+00
1.18473748e+00
1.21728938e+00
1.21956044e+00
1.19079365e+00
1.18927961e+00
1.19155067e+00
1.19003663e+00
1.19760684e+00
1.20517705e+00
1.20214896e+00
1.17186813e+00
1.15672772e+00
1.21123321e+00
1.22183150e+00
1.23772894e+00
1.18625153e+00
1.18927961e+00
1.19003663e+00
1.19609280e+00
1.18776557e+00
1.17792430e+00
1.19003663e+00
1.19306471e+00
1.19533578e+00
1.19382173e+00
1.17943834e+00
1.20366300e+00
1.18322344e+00
1.17943834e+00
1.19609280e+00
1.18776557e+00
1.15672772e+00
1.17338217e+00
1.14764347e+00
1.17262515e+00
1.17489621e+00
1.15294261e+00
1.20139194e+00
1.17338217e+00
1.17716728e+00
1.16884005e+00
1.17716728e+00
1.17262515e+00
1.20442002e+00
1.21426129e+00
1.19155067e+00
1.18700855e+00
1.18625153e+00
1.18322344e+00
1.17868132e+00
1.20366300e+00
1.16959707e+00
1.18776557e+00
1.18776557e+00
1.18322344e+00
1.18927961e+00
1.16959707e+00
1.17262515e+00
1.19533578e+00
1.18852259e+00
1.18625153e+00
1.19155067e+00
1.16732601e+00
1.15294261e+00
1.17489621e+00
1.18322344e+00
1.19382173e+00
1.17792430e+00
1.16505495e+00
1.18700855e+00
1.16959707e+00
1.16884005e+00
1.16202686e+00
1.18549451e+00
1.16505495e+00
1.17413919e+00
1.14991453e+00
1.18398046e+00
1.18322344e+00
1.20063492e+00
1.12266178e+00
1.18322344e+00
1.19533578e+00
1.22788767e+00
1.17641026e+00
1.19079365e+00
1.19457875e+00
1.19533578e+00
1.19003663e+00
1.19003663e+00
1.19230769e+00
1.17413919e+00
1.18927961e+00
1.18625153e+00
1.17413919e+00
1.20669109e+00
1.18852259e+00
1.18625153e+00
1.21804640e+00
1.18549451e+00
1.22485958e+00
1.19533578e+00
1.17716728e+00
1.16581197e+00
1.19155067e+00
1.19382173e+00
1.17868132e+00
1.16808303e+00
1.18625153e+00
1.19457875e+00
1.16278388e+00
1.14537241e+00
1.18852259e+00
1.14688645e+00
1.18398046e+00
1.14461538e+00
1.18246642e+00
1.15369963e+00
1.14688645e+00
1.12341880e+00
1.17489621e+00
1.17489621e+00
1.18246642e+00
1.19533578e+00
1.20442002e+00
1.17641026e+00
1.17186813e+00
1.18019536e+00
1.13477411e+00
1.18625153e+00
1.18095238e+00
1.18625153e+00
1.18019536e+00
1.19306471e+00
1.18170940e+00
1.19609280e+00
1.16505495e+00
1.18322344e+00
1.18927961e+00
1.19155067e+00
1.19684982e+00
1.18473748e+00
1.17943834e+00
1.19533578e+00
1.18322344e+00
1.19306471e+00
1.21123321e+00
1.17262515e+00
1.17565324e+00
1.21728938e+00
1.17262515e+00
1.17338217e+00
1.18246642e+00
1.17111111e+00
1.17716728e+00
1.18322344e+00
1.18246642e+00
1.15748474e+00
1.16505495e+00
1.18398046e+00
1.17111111e+00
1.17111111e+00
1.17338217e+00
1.18549451e+00
1.16884005e+00
1.20971917e+00
1.18095238e+00
1.17262515e+00
1.17943834e+00
1.14915751e+00
1.17641026e+00
1.19003663e+00
1.19003663e+00
1.19760684e+00
1.20214896e+00
1.18700855e+00
1.19003663e+00
1.18398046e+00
1.19457875e+00
1.19382173e+00
1.21350427e+00
1.20820513e+00
1.19155067e+00
1.17035409e+00
1.18473748e+00
1.25286935e+00
1.18398046e+00
1.18927961e+00
1.19079365e+00
1.18549451e+00
1.16732601e+00
1.19155067e+00
1.16808303e+00
1.17338217e+00
1.21047619e+00
1.17186813e+00
1.16202686e+00
1.13704518e+00
1.17489621e+00
1.15294261e+00
1.18625153e+00
1.24151404e+00
1.17035409e+00
1.18625153e+00
1.18776557e+00
1.18625153e+00
1.18625153e+00
1.17489621e+00
1.19155067e+00
1.17413919e+00
1.19684982e+00
1.18322344e+00
1.22485958e+00
1.15067155e+00
1.18625153e+00
1.22940171e+00
1.18322344e+00
1.15369963e+00
1.17943834e+00
1.21501832e+00
1.20063492e+00
1.18852259e+00
1.19533578e+00
1.18625153e+00
1.17565324e+00
1.17641026e+00
1.17792430e+00
1.19306471e+00
1.20214896e+00
1.24681319e+00
1.18398046e+00
1.16808303e+00
1.15899878e+00
1.15899878e+00
1.17035409e+00
1.17413919e+00
1.18019536e+00
1.17035409e+00
1.17262515e+00
1.15521368e+00
1.16808303e+00
1.16884005e+00
1.20517705e+00
1.18398046e+00
1.23242979e+00
1.19533578e+00
1.18625153e+00
1.15975580e+00
1.19609280e+00
1.16732601e+00
1.19079365e+00
1.19079365e+00
1.16505495e+00
1.19533578e+00
1.17868132e+00
1.19457875e+00
1.17943834e+00
1.19836386e+00
1.17716728e+00
1.18246642e+00
1.15975580e+00
1.17716728e+00
1.20593407e+00
1.20366300e+00
1.18927961e+00
1.21123321e+00
1.19382173e+00
1.16505495e+00
1.18019536e+00
1.15748474e+00
1.18700855e+00
1.19533578e+00
1.18322344e+00
1.17186813e+00
1.18473748e+00
1.17413919e+00
1.16884005e+00
1.17489621e+00
1.18776557e+00
1.16959707e+00
1.15067155e+00
1.23772894e+00
1.19609280e+00
1.21047619e+00
1.16884005e+00
1.19382173e+00
1.20290598e+00
1.17111111e+00
1.17489621e+00
1.17716728e+00
1.18246642e+00
1.18398046e+00
1.19230769e+00
1.17413919e+00
1.21728938e+00
1.18473748e+00
1.17413919e+00
1.18625153e+00
1.22183150e+00
1.18246642e+00
1.18398046e+00
1.18246642e+00
1.18776557e+00
1.18852259e+00
1.19306471e+00
1.17338217e+00
1.18927961e+00
1.18246642e+00
1.19533578e+00
1.18625153e+00
1.19533578e+00
1.19155067e+00
1.20744811e+00
1.19609280e+00
1.16505495e+00
1.17943834e+00
1.17868132e+00
1.17868132e+00
1.18246642e+00
1.19609280e+00
1.19003663e+00
1.16732601e+00
1.18322344e+00
1.18625153e+00
1.19230769e+00
1.18700855e+00
1.17716728e+00
1.17111111e+00
1.16959707e+00
1.17413919e+00
1.18322344e+00
1.17413919e+00
1.19306471e+00
1.18095238e+00
1.18322344e+00
1.19003663e+00
1.18170940e+00
1.19306471e+00
1.19230769e+00
1.18019536e+00
1.18927961e+00
1.19306471e+00
1.19003663e+00
1.19912088e+00
1.20744811e+00
1.20517705e+00
1.18852259e+00
1.20063492e+00
1.21047619e+00
1.21350427e+00
1.17111111e+00
1.17186813e+00
1.17413919e+00
1.17489621e+00
1.16202686e+00
1.16732601e+00
1.16959707e+00
1.17413919e+00
1.17413919e+00
1.18625153e+00
1.16732601e+00
1.18019536e+00
1.17792430e+00
1.14764347e+00
1.18322344e+00
1.17868132e+00
1.17338217e+00
1.18473748e+00
1.18852259e+00
1.15597070e+00
1.18549451e+00
1.18625153e+00
1.18170940e+00
1.17186813e+00
1.18322344e+00
1.17489621e+00
1.18852259e+00
1.17111111e+00
1.18019536e+00
1.15369963e+00
1.17716728e+00
1.15748474e+00
1.20442002e+00
1.19987790e+00
1.16808303e+00
1.19987790e+00
1.18852259e+00
1.19306471e+00
1.18852259e+00
1.19003663e+00
1.15597070e+00
1.18625153e+00
1.16808303e+00
1.16808303e+00
1.15672772e+00
1.17035409e+00
1.16959707e+00
1.16959707e+00
1.24227106e+00
1.16429792e+00
1.16884005e+00
1.17716728e+00
1.18170940e+00
1.17868132e+00
1.17489621e+00
1.17338217e+00
1.17338217e+00
1.19003663e+00
1.17716728e+00
1.19912088e+00
1.18927961e+00
1.18700855e+00
1.23470085e+00
1.17565324e+00
1.18927961e+00
1.21653236e+00
1.18398046e+00
1.19533578e+00
1.17111111e+00
1.18700855e+00
1.21880342e+00
1.19684982e+00
1.17716728e+00
1.19230769e+00
1.19836386e+00
1.17641026e+00
1.16884005e+00
1.18095238e+00
1.20744811e+00
1.16959707e+00
1.18246642e+00
1.17186813e+00
1.18700855e+00
1.16126984e+00
1.10449328e+00
1.19382173e+00
1.17413919e+00
1.18246642e+00
1.16732601e+00
1.18625153e+00
1.16732601e+00
1.17943834e+00
1.17413919e+00
1.16051282e+00
1.18170940e+00
1.15899878e+00
1.19155067e+00
1.15294261e+00
1.13477411e+00
1.18398046e+00
1.15445665e+00
1.18852259e+00
1.17262515e+00
1.18322344e+00
1.19155067e+00
1.17868132e+00
1.19155067e+00
1.19760684e+00
1.17186813e+00
1.17262515e+00
1.19382173e+00
1.18625153e+00
1.19230769e+00
1.15899878e+00
1.17338217e+00
1.18927961e+00
1.18322344e+00
1.18322344e+00
1.18322344e+00
1.19987790e+00
1.18852259e+00
1.18246642e+00
1.17111111e+00
1.18776557e+00
1.18549451e+00
1.16429792e+00
1.18700855e+00
1.19230769e+00
1.17111111e+00
1.17111111e+00
1.19457875e+00
1.16505495e+00
1.15824176e+00
1.19003663e+00
1.15824176e+00
1.18927961e+00
1.18473748e+00
1.17641026e+00
1.18625153e+00
1.17943834e+00
1.18700855e+00
1.19230769e+00
1.19836386e+00
1.19306471e+00
1.19760684e+00
1.20744811e+00
1.20290598e+00
1.16278388e+00
1.19457875e+00
1.20366300e+00
1.16656899e+00
1.19003663e+00
1.17489621e+00
1.16354090e+00
1.17943834e+00
1.17641026e+00
1.19760684e+00
1.18322344e+00
1.18322344e+00
1.19230769e+00
1.19609280e+00
1.17262515e+00
1.18700855e+00
1.21123321e+00
1.16429792e+00
1.12341880e+00
1.17262515e+00
1.16732601e+00
1.17338217e+00
1.18549451e+00
1.18927961e+00
1.16278388e+00
1.16202686e+00
1.17035409e+00
1.16429792e+00
1.16656899e+00
1.17111111e+00
1.17338217e+00
1.16505495e+00
1.19836386e+00
1.18019536e+00
1.16202686e+00
1.17186813e+00
1.22561661e+00
1.17186813e+00
1.15748474e+00
1.15445665e+00
1.20971917e+00
1.18625153e+00
1.19079365e+00
1.19533578e+00
1.21199023e+00
1.18776557e+00
1.18852259e+00
1.16808303e+00
1.18170940e+00
1.21123321e+00
1.19533578e+00
1.21123321e+00
1.18095238e+00
1.18246642e+00
1.17716728e+00
1.22031746e+00
1.19987790e+00
1.19155067e+00
1.18625153e+00
1.16959707e+00
1.17641026e+00
1.16202686e+00
1.18398046e+00
1.16959707e+00
1.15521368e+00
1.24454212e+00
1.18398046e+00
1.17565324e+00
1.18019536e+00
1.18019536e+00
1.15899878e+00
1.18549451e+00
1.20290598e+00
1.18549451e+00
1.15067155e+00
1.18776557e+00
1.19306471e+00
1.19003663e+00
1.18473748e+00
1.20517705e+00
1.19382173e+00
1.15521368e+00
1.17111111e+00
1.20593407e+00
1.18927961e+00
1.20517705e+00
1.19382173e+00
1.19155067e+00
1.18095238e+00
1.18776557e+00
1.15824176e+00
1.19760684e+00
1.18549451e+00
1.18852259e+00
1.19155067e+00
1.18095238e+00
1.20517705e+00
1.16051282e+00
1.12039072e+00
1.16429792e+00
1.17489621e+00
1.16884005e+00
1.15748474e+00
1.16884005e+00
1.15067155e+00
1.14007326e+00
1.19533578e+00
1.18625153e+00
1.18322344e+00
1.18700855e+00
1.19155067e+00
1.17035409e+00
1.18625153e+00
1.19987790e+00
1.17716728e+00
1.17262515e+00
1.19533578e+00
1.17413919e+00
1.18625153e+00
1.18852259e+00
1.19306471e+00
1.10752137e+00
1.15294261e+00
1.18095238e+00
1.18019536e+00
1.19003663e+00
1.18019536e+00
1.18700855e+00
1.16202686e+00
1.17641026e+00
1.21653236e+00
1.18473748e+00
1.18852259e+00
1.19457875e+00
1.17716728e+00
1.18322344e+00
1.18852259e+00
1.21123321e+00
1.17792430e+00
1.17413919e+00
1.15824176e+00
1.15067155e+00
1.17035409e+00
1.17489621e+00
1.18322344e+00
1.17565324e+00
1.17186813e+00
1.16656899e+00
1.15294261e+00
1.21274725e+00
1.15975580e+00
1.19003663e+00
1.18246642e+00
1.14991453e+00
1.18927961e+00
1.19760684e+00
1.20896215e+00
1.18322344e+00
1.18322344e+00
1.17565324e+00
1.18322344e+00
1.17716728e+00
1.18927961e+00
1.20971917e+00
1.17489621e+00
1.16581197e+00
1.19079365e+00
1.18625153e+00
1.19457875e+00
1.17868132e+00
1.17262515e+00
1.18095238e+00
1.16505495e+00
1.17716728e+00
1.18170940e+00
1.17792430e+00
1.19003663e+00
1.20820513e+00
1.18927961e+00
1.17489621e+00
1.19760684e+00
1.16505495e+00
1.18019536e+00
1.18246642e+00
1.18019536e+00
1.18322344e+00
1.15521368e+00
1.17792430e+00
1.17111111e+00
1.17111111e+00
1.18927961e+00
1.18473748e+00
1.16581197e+00
1.17641026e+00
1.19155067e+00
1.19457875e+00
1.19230769e+00
1.19836386e+00
1.19533578e+00
1.16505495e+00
1.16808303e+00
1.17868132e+00
1.19230769e+00
1.20971917e+00
1.20593407e+00
1.16202686e+00
1.15597070e+00
1.18019536e+00
1.18398046e+00
1.17943834e+00
1.19306471e+00
1.20063492e+00
1.18927961e+00
1.17641026e+00
1.19912088e+00
1.17943834e+00
1.18852259e+00
1.15067155e+00
1.15899878e+00
1.21047619e+00
1.17792430e+00
1.19533578e+00
1.20442002e+00
1.15899878e+00
1.17186813e+00
1.17413919e+00
1.16581197e+00
1.19609280e+00
1.20366300e+00
1.18852259e+00
1.19609280e+00
1.17186813e+00
1.19684982e+00
1.17262515e+00
1.20442002e+00
1.20517705e+00
1.18473748e+00
1.18473748e+00
1.18776557e+00
1.20214896e+00
1.18625153e+00
1.18700855e+00
1.18170940e+00
1.19533578e+00
1.18776557e+00
1.19457875e+00
1.16732601e+00
1.19609280e+00
1.19155067e+00
1.22107448e+00
1.15597070e+00
1.19836386e+00
1.18398046e+00
1.18246642e+00
1.18095238e+00
1.22940171e+00
1.18776557e+00
1.17489621e+00
1.18927961e+00
1.18398046e+00
1.17035409e+00
1.17565324e+00
1.19533578e+00
1.18473748e+00
1.17943834e+00
1.16808303e+00
1.19003663e+00
1.17111111e+00
1.16051282e+00
1.14158730e+00
1.17338217e+00
1.18625153e+00
1.14915751e+00
1.20442002e+00
1.18019536e+00
1.18625153e+00
1.17716728e+00
1.18927961e+00
1.18170940e+00
1.19836386e+00
1.18700855e+00
1.19382173e+00
1.19003663e+00
1.16202686e+00
1.17792430e+00
1.21728938e+00
1.18322344e+00
1.18625153e+00
1.10752137e+00
1.16202686e+00
1.18473748e+00
1.19836386e+00
1.19684982e+00
1.19684982e+00
1.16505495e+00
1.17716728e+00
1.19155067e+00
1.16808303e+00
1.20517705e+00
1.19230769e+00
1.27255189e+00
1.17489621e+00
1.16581197e+00
1.15294261e+00
1.16656899e+00
1.17262515e+00
1.18700855e+00
1.18019536e+00
1.17111111e+00
1.18246642e+00
1.18549451e+00
1.16808303e+00
1.19079365e+00
1.19836386e+00
1.17111111e+00
1.15824176e+00
1.19306471e+00
1.18927961e+00
1.20214896e+00
1.17943834e+00
1.17716728e+00
1.18019536e+00
1.17338217e+00
1.18473748e+00
1.17641026e+00
1.17489621e+00
1.19533578e+00
1.19836386e+00
1.18776557e+00
1.17792430e+00
1.17868132e+00
1.22183150e+00
1.22410256e+00
1.17716728e+00
1.18246642e+00
1.17868132e+00
1.16808303e+00
1.15369963e+00
1.19155067e+00
1.16278388e+00
1.20139194e+00
1.18398046e+00
1.17716728e+00
1.15975580e+00
1.18246642e+00
1.16051282e+00
1.16505495e+00
1.18019536e+00
1.17338217e+00
1.15445665e+00
1.16429792e+00
1.14764347e+00
1.18398046e+00
1.19230769e+00
1.16808303e+00
1.15824176e+00
1.19533578e+00
1.17792430e+00
1.18019536e+00
1.17338217e+00
1.20744811e+00
1.21199023e+00
1.18246642e+00
1.20517705e+00
1.18700855e+00
1.17565324e+00
1.18625153e+00
1.17943834e+00
1.18549451e+00
1.18170940e+00
1.14234432e+00
1.19836386e+00
1.09465201e+00
1.18625153e+00
1.19760684e+00
1.18776557e+00
1.19079365e+00
1.18625153e+00
1.16808303e+00
1.17641026e+00
1.20442002e+00
1.19609280e+00
1.18322344e+00
1.15369963e+00
1.16732601e+00
1.20744811e+00
1.17641026e+00
1.16656899e+00
1.16202686e+00
1.16051282e+00
1.21804640e+00
1.18246642e+00
1.17489621e+00
1.17641026e+00
1.18927961e+00
1.17716728e+00
1.19836386e+00
1.23318681e+00
1.21199023e+00
1.24151404e+00
1.18170940e+00
1.17413919e+00
1.17716728e+00
1.12417582e+00
1.20063492e+00
1.16505495e+00
1.17035409e+00
1.18776557e+00
1.19609280e+00
1.18473748e+00
1.17716728e+00
1.18700855e+00
1.18776557e+00
1.18625153e+00
1.19003663e+00
1.20366300e+00
1.17338217e+00
1.18398046e+00
1.14915751e+00
1.18852259e+00
1.18700855e+00
1.24529915e+00
1.15369963e+00
1.15824176e+00
1.15218559e+00
1.16959707e+00
1.17186813e+00
1.16429792e+00
1.17262515e+00
1.17186813e+00
1.16202686e+00
1.16202686e+00
1.17943834e+00
1.27103785e+00
1.17641026e+00
1.19003663e+00
1.20366300e+00
1.18700855e+00
1.18700855e+00
1.17111111e+00
1.19457875e+00
1.18625153e+00
1.19306471e+00
1.17565324e+00
1.16581197e+00
1.19609280e+00
1.19684982e+00
1.20442002e+00
1.19306471e+00
1.19912088e+00
1.19836386e+00
1.16202686e+00
1.17186813e+00
1.18927961e+00
1.18398046e+00
1.18170940e+00
1.17716728e+00
1.18246642e+00
1.17943834e+00
1.19912088e+00
