1.31645910e+00
1.32327228e+00
1.33008547e+00
1.31267399e+00
1.31191697e+00
1.31721612e+00
1.31040293e+00
1.28844933e+00
1.23470085e+00
1.32175824e+00
1.30207570e+00
1.29223443e+00
1.31040293e+00
1.32857143e+00
1.32781441e+00
1.32857143e+00
1.31948718e+00
1.31115995e+00
1.29677656e+00
1.30283272e+00
1.30737485e+00
1.30207570e+00
1.31797314e+00
1.32175824e+00
1.35658120e+00
1.30131868e+00
1.29072039e+00
1.38383394e+00
1.30964591e+00
1.31267399e+00
1.32705739e+00
1.26195360e+00
1.31797314e+00
1.32857143e+00
1.31948718e+00
1.33538462e+00
1.32402930e+00
1.32781441e+00
1.32327228e+00
1.32857143e+00
1.32327228e+00
1.28844933e+00
1.28087912e+00
1.30131868e+00
1.32175824e+00
1.31115995e+00
1.29677656e+00
1.31115995e+00
1.37702076e+00
1.29980464e+00
1.31797314e+00
1.32327228e+00
1.31115995e+00
1.33235653e+00
1.32024420e+00
1.31418803e+00
1.31418803e+00
1.30207570e+00
1.32781441e+00
1.31494505e+00
1.32024420e+00
1.28996337e+00
1.28844933e+00
1.28844933e+00
1.35355311e+00
1.29980464e+00
1.31570208e+00
1.31494505e+00
1.31797314e+00
1.30586081e+00
1.30283272e+00
1.32705739e+00
1.32478632e+00
1.32251526e+00
1.33765568e+00
1.35203907e+00
1.36112332e+00
1.29601954e+00
1.30358974e+00
1.31040293e+00
1.32857143e+00
1.33689866e+00
1.32402930e+00
1.33538462e+00
1.31191697e+00
1.31191697e+00
1.30888889e+00
1.31645910e+00
1.32024420e+00
1.33916972e+00
1.32024420e+00
1.29450549e+00
1.30661783e+00
1.29374847e+00
1.33992674e+00
1.31418803e+00
1.33387057e+00
1.33159951e+00
1.28315018e+00
1.32478632e+00
1.31797314e+00
1.30964591e+00
1.31115995e+00
1.31797314e+00
1.31267399e+00
1.29980464e+00
1.32705739e+00
1.31570208e+00
1.30737485e+00
1.33235653e+00
1.31418803e+00
1.34901099e+00
1.32175824e+00
1.31267399e+00
1.32554335e+00
1.31873016e+00
1.32251526e+00
1.33084249e+00
1.32251526e+00
1.31418803e+00
1.31494505e+00
1.33008547e+00
1.33992674e+00
1.33008547e+00
1.31418803e+00
1.32630037e+00
1.32251526e+00
1.32554335e+00
1.35279609e+00
1.27406593e+00
1.31267399e+00
1.30661783e+00
1.34144078e+00
1.31948718e+00
1.30813187e+00
1.31570208e+00
1.32251526e+00
1.34295482e+00
1.30586081e+00
1.30131868e+00
1.31115995e+00
1.32932845e+00
1.25816850e+00
1.30207570e+00
1.29601954e+00
1.30661783e+00
1.34446886e+00
1.31418803e+00
1.30207570e+00
1.37172161e+00
1.31797314e+00
1.32402930e+00
1.31797314e+00
1.32705739e+00
1.31873016e+00
1.31797314e+00
1.32251526e+00
1.31721612e+00
1.33614164e+00
1.31343101e+00
1.33235653e+00
1.33992674e+00
1.31040293e+00
1.32705739e+00
1.25362637e+00
1.28769231e+00
1.29526252e+00
1.30964591e+00
1.31267399e+00
1.30661783e+00
1.32857143e+00
1.31040293e+00
1.32327228e+00
1.33765568e+00
1.31040293e+00
1.31570208e+00
1.32024420e+00
1.32251526e+00
1.30434676e+00
1.30888889e+00
1.31191697e+00
1.32024420e+00
1.30737485e+00
1.30131868e+00
1.29526252e+00
1.31115995e+00
1.31040293e+00
1.32175824e+00
1.30434676e+00
1.30737485e+00
1.30888889e+00
1.33689866e+00
1.27482295e+00
1.34598291e+00
1.31873016e+00
1.30283272e+00
1.37702076e+00
1.32478632e+00
1.33538462e+00
1.28617827e+00
1.31115995e+00
1.31494505e+00
1.33387057e+00
1.32175824e+00
1.31494505e+00
1.33159951e+00
1.32251526e+00
1.32705739e+00
1.32251526e+00
1.31797314e+00
1.32630037e+00
1.34144078e+00
1.34901099e+00
1.32630037e+00
1.34825397e+00
1.31948718e+00
1.32781441e+00
1.31115995e+00
1.32024420e+00
1.32478632e+00
1.32251526e+00
1.31570208e+00
1.32327228e+00
1.31873016e+00
1.30813187e+00
1.29526252e+00
1.29829060e+00
1.37096459e+00
1.37096459e+00
1.31721612e+00
1.30283272e+00
1.27633700e+00
1.32630037e+00
1.30964591e+00
1.33084249e+00
1.33462759e+00
1.31948718e+00
1.33387057e+00
1.31570208e+00
1.33311355e+00
1.31645910e+00
1.29904762e+00
1.39064713e+00
1.31873016e+00
1.32630037e+00
1.30358974e+00
1.34219780e+00
1.32630037e+00
1.29829060e+00
1.30586081e+00
1.31797314e+00
1.33992674e+00
1.31873016e+00
1.33614164e+00
1.32175824e+00
1.32478632e+00
1.33084249e+00
1.36112332e+00
1.32327228e+00
1.33992674e+00
1.31267399e+00
1.32402930e+00
1.31494505e+00
1.29829060e+00
1.32327228e+00
1.30586081e+00
1.31570208e+00
1.31343101e+00
1.33084249e+00
1.32402930e+00
1.31873016e+00
1.34371184e+00
1.33992674e+00
1.33311355e+00
1.34371184e+00
1.36945055e+00
1.33387057e+00
1.31115995e+00
1.33311355e+00
1.30283272e+00
1.33159951e+00
1.33159951e+00
1.31948718e+00
1.31570208e+00
1.32327228e+00
1.34295482e+00
1.34901099e+00
1.34068376e+00
1.33765568e+00
1.33235653e+00
1.31494505e+00
1.35052503e+00
1.31948718e+00
1.32100122e+00
1.33311355e+00
1.31948718e+00
1.31040293e+00
1.34446886e+00
1.31191697e+00
1.32024420e+00
1.33462759e+00
1.33159951e+00
1.33462759e+00
1.31645910e+00
1.33765568e+00
1.32100122e+00
1.33841270e+00
1.32175824e+00
1.30434676e+00
1.30283272e+00
1.31948718e+00
1.31570208e+00
1.32630037e+00
1.32402930e+00
1.34673993e+00
1.32932845e+00
1.34673993e+00
1.33084249e+00
1.32100122e+00
1.32705739e+00
1.33235653e+00
1.32251526e+00
1.31948718e+00
1.30510379e+00
1.36263736e+00
1.31267399e+00
1.31721612e+00
1.33462759e+00
1.33916972e+00
1.33387057e+00
1.33235653e+00
1.31948718e+00
1.33462759e+00
1.31570208e+00
1.33462759e+00
1.32857143e+00
1.33311355e+00
1.31040293e+00
1.32100122e+00
1.32327228e+00
1.33387057e+00
1.32100122e+00
1.30964591e+00
1.29072039e+00
1.31645910e+00
1.29904762e+00
1.31948718e+00
1.30737485e+00
1.33462759e+00
1.31948718e+00
1.31948718e+00
1.32630037e+00
1.30964591e+00
1.32705739e+00
1.32251526e+00
1.32478632e+00
1.34144078e+00
1.32705739e+00
1.33159951e+00
1.29374847e+00
1.31948718e+00
1.32478632e+00
1.31115995e+00
1.33159951e+00
1.31267399e+00
1.35052503e+00
1.33765568e+00
1.31721612e+00
1.32630037e+00
1.33841270e+00
1.33387057e+00
1.33538462e+00
1.31418803e+00
1.33159951e+00
1.31494505e+00
1.31948718e+00
1.32781441e+00
1.31570208e+00
1.32478632e+00
1.24832723e+00
1.30283272e+00
1.28239316e+00
1.29299145e+00
1.30434676e+00
1.31040293e+00
1.29904762e+00
1.32402930e+00
1.30510379e+00
1.30358974e+00
1.30661783e+00
1.30056166e+00
1.28315018e+00
1.33159951e+00
1.30358974e+00
1.33538462e+00
1.30661783e+00
1.31645910e+00
1.29904762e+00
1.26800977e+00
1.31115995e+00
1.31948718e+00
1.32781441e+00
1.32554335e+00
1.32705739e+00
1.31721612e+00
1.32857143e+00
1.32781441e+00
1.32100122e+00
1.32327228e+00
1.31721612e+00
1.31721612e+00
1.27633700e+00
1.31948718e+00
1.32402930e+00
1.31343101e+00
1.31191697e+00
1.31115995e+00
1.33159951e+00
1.31645910e+00
1.28996337e+00
1.32251526e+00
1.32781441e+00
1.32175824e+00
1.30131868e+00
1.35279609e+00
1.33159951e+00
1.27179487e+00
1.34068376e+00
1.31721612e+00
1.30510379e+00
1.29829060e+00
1.29829060e+00
1.32024420e+00
1.31040293e+00
1.31873016e+00
1.32175824e+00
1.31948718e+00
1.32630037e+00
1.32781441e+00
1.31040293e+00
1.31645910e+00
1.31418803e+00
1.34295482e+00
1.33159951e+00
1.32327228e+00
1.32705739e+00
1.31570208e+00
1.29753358e+00
1.32251526e+00
1.34144078e+00
1.32554335e+00
1.31418803e+00
1.33765568e+00
1.31040293e+00
1.31343101e+00
1.33159951e+00
1.31343101e+00
1.31267399e+00
1.32175824e+00
1.37096459e+00
1.30888889e+00
1.32327228e+00
1.29526252e+00
1.30510379e+00
1.29677656e+00
1.34673993e+00
1.29223443e+00
1.31115995e+00
1.30207570e+00
1.30888889e+00
1.31418803e+00
1.31418803e+00
1.30283272e+00
1.29526252e+00
1.29526252e+00
1.37474969e+00
1.32857143e+00
1.32705739e+00
1.31645910e+00
1.32932845e+00
1.31040293e+00
1.33311355e+00
1.22107448e+00
1.32932845e+00
1.31797314e+00
1.30207570e+00
1.32402930e+00
1.31645910e+00
1.31948718e+00
1.31040293e+00
1.32781441e+00
1.32857143e+00
1.33765568e+00
1.32857143e+00
1.32781441e+00
1.30964591e+00
1.30813187e+00
1.29299145e+00
1.33992674e+00
1.30283272e+00
1.33387057e+00
1.31418803e+00
1.31040293e+00
1.30964591e+00
1.31494505e+00
1.32402930e+00
1.29299145e+00
1.29299145e+00
1.33614164e+00
1.32175824e+00
1.30283272e+00
1.31040293e+00
1.31645910e+00
1.32175824e+00
1.31343101e+00
1.31040293e+00
1.32100122e+00
1.31115995e+00
1.33311355e+00
1.31948718e+00
1.32932845e+00
1.31494505e+00
1.32402930e+00
1.30586081e+00
1.34901099e+00
1.34371184e+00
1.32781441e+00
1.29904762e+00
1.30207570e+00
1.31191697e+00
1.34144078e+00
1.33311355e+00
1.31343101e+00
1.31418803e+00
1.31873016e+00
1.32554335e+00
1.33235653e+00
1.32781441e+00
1.32100122e+00
1.31797314e+00
1.31115995e+00
1.32630037e+00
1.30737485e+00
1.28617827e+00
1.30510379e+00
1.31948718e+00
1.31115995e+00
1.30964591e+00
1.30888889e+00
1.35885226e+00
1.30358974e+00
1.28087912e+00
1.31267399e+00
1.31115995e+00
1.29374847e+00
1.31797314e+00
1.32630037e+00
1.30737485e+00
1.33311355e+00
1.30888889e+00
1.31570208e+00
1.32554335e+00
1.32251526e+00
1.33689866e+00
1.32781441e+00
1.30207570e+00
1.35052503e+00
1.31948718e+00
1.31267399e+00
1.33084249e+00
1.30888889e+00
1.33084249e+00
1.26195360e+00
1.30056166e+00
1.30661783e+00
1.32932845e+00
1.31040293e+00
1.33159951e+00
1.28239316e+00
1.32402930e+00
1.33387057e+00
1.30737485e+00
1.29374847e+00
1.32100122e+00
1.30964591e+00
1.33084249e+00
1.31570208e+00
1.30056166e+00
1.31267399e+00
1.30283272e+00
1.31948718e+00
1.28996337e+00
1.34901099e+00
1.35582418e+00
1.33084249e+00
1.35128205e+00
1.35506716e+00
1.31721612e+00
1.31040293e+00
1.33084249e+00
1.31645910e+00
1.32554335e+00
1.31267399e+00
1.32478632e+00
1.32251526e+00
1.34295482e+00
1.31494505e+00
1.33387057e+00
1.31570208e+00
1.35279609e+00
1.31797314e+00
1.33538462e+00
1.29147741e+00
1.32705739e+00
1.29223443e+00
1.29829060e+00
1.30207570e+00
1.31721612e+00
1.31570208e+00
1.32175824e+00
1.32478632e+00
1.31948718e+00
1.30510379e+00
1.31040293e+00
1.30510379e+00
1.35052503e+00
1.29980464e+00
1.31191697e+00
1.31948718e+00
1.30964591e+00
1.34371184e+00
1.22561661e+00
1.31873016e+00
1.31418803e+00
1.31040293e+00
1.29753358e+00
1.31343101e+00
1.32402930e+00
1.33159951e+00
1.30510379e+00
1.31645910e+00
1.29526252e+00
1.38383394e+00
1.31191697e+00
1.29072039e+00
1.32251526e+00
1.31115995e+00
1.32857143e+00
1.34598291e+00
1.32478632e+00
1.32554335e+00
1.31267399e+00
1.32554335e+00
1.31948718e+00
1.31040293e+00
1.31873016e+00
1.29829060e+00
1.32327228e+00
1.32932845e+00
1.32857143e+00
1.30661783e+00
1.33311355e+00
1.35960928e+00
1.34825397e+00
1.30207570e+00
1.32402930e+00
1.30737485e+00
1.30434676e+00
1.30434676e+00
1.31343101e+00
1.28163614e+00
1.29677656e+00
1.32175824e+00
1.27633700e+00
1.34068376e+00
1.33159951e+00
1.31645910e+00
1.30510379e+00
1.34144078e+00
1.33916972e+00
1.31797314e+00
1.33008547e+00
1.31645910e+00
1.31873016e+00
1.31797314e+00
1.32402930e+00
1.31040293e+00
1.34068376e+00
1.32402930e+00
1.31418803e+00
1.31797314e+00
1.28996337e+00
1.32175824e+00
1.31040293e+00
1.32781441e+00
1.33992674e+00
1.29829060e+00
1.33387057e+00
1.32175824e+00
1.31343101e+00
1.32251526e+00
1.32100122e+00
1.31040293e+00
1.32024420e+00
1.30434676e+00
1.29677656e+00
1.29147741e+00
1.28920635e+00
1.31115995e+00
1.28844933e+00
1.29601954e+00
1.29223443e+00
1.30888889e+00
1.30434676e+00
1.30510379e+00
1.30131868e+00
1.32327228e+00
1.30661783e+00
1.32251526e+00
1.31570208e+00
1.31115995e+00
1.32175824e+00
1.30283272e+00
1.27936508e+00
1.34522589e+00
1.33235653e+00
1.33462759e+00
1.32857143e+00
1.34371184e+00
1.32402930e+00
1.35279609e+00
1.31721612e+00
1.29753358e+00
1.33841270e+00
1.32251526e+00
1.32781441e+00
1.30661783e+00
1.32402930e+00
1.31645910e+00
1.31570208e+00
1.34446886e+00
1.34901099e+00
1.36112332e+00
1.31343101e+00
1.32705739e+00
1.30358974e+00
1.28390720e+00
1.34598291e+00
1.32024420e+00
1.31343101e+00
1.30283272e+00
1.30586081e+00
1.31645910e+00
1.30510379e+00
1.32478632e+00
1.31343101e+00
1.32478632e+00
1.32024420e+00
1.33311355e+00
1.28390720e+00
1.29904762e+00
1.35279609e+00
1.29829060e+00
1.34068376e+00
1.36566545e+00
1.32024420e+00
1.32857143e+00
1.31570208e+00
1.31948718e+00
1.32932845e+00
1.32478632e+00
1.32554335e+00
1.31343101e+00
1.32781441e+00
1.32024420e+00
1.30131868e+00
1.31191697e+00
1.31645910e+00
1.30056166e+00
1.32932845e+00
1.30207570e+00
1.32024420e+00
1.31570208e+00
1.33235653e+00
1.31948718e+00
1.31721612e+00
1.32175824e+00
1.30888889e+00
1.29980464e+00
1.31040293e+00
1.30131868e+00
1.32857143e+00
1.32478632e+00
1.31873016e+00
1.30207570e+00
1.27028083e+00
1.30737485e+00
1.34068376e+00
1.32554335e+00
1.30207570e+00
1.31343101e+00
1.32932845e+00
1.33765568e+00
1.32554335e+00
1.32932845e+00
1.31797314e+00
1.31115995e+00
1.31343101e+00
1.31115995e+00
1.32100122e+00
1.33614164e+00
1.33159951e+00
1.32251526e+00
1.32024420e+00
1.32781441e+00
1.33614164e+00
1.32630037e+00
1.32251526e+00
1.32251526e+00
1.32554335e+00
1.33387057e+00
1.32857143e+00
1.32705739e+00
1.32327228e+00
1.33841270e+00
1.34976801e+00
1.30131868e+00
1.31040293e+00
1.28315018e+00
1.32175824e+00
1.29753358e+00
1.34901099e+00
1.30510379e+00
1.30964591e+00
1.29980464e+00
1.30434676e+00
1.31948718e+00
1.30358974e+00
1.32175824e+00
1.33538462e+00
1.34068376e+00
1.26043956e+00
1.31418803e+00
1.34673993e+00
1.32781441e+00
1.30207570e+00
1.33462759e+00
1.31948718e+00
1.34976801e+00
1.31873016e+00
1.32781441e+00
1.33159951e+00
1.31494505e+00
1.31267399e+00
1.32024420e+00
1.32327228e+00
1.32024420e+00
1.32024420e+00
1.30661783e+00
1.29072039e+00
1.28239316e+00
1.31645910e+00
1.31418803e+00
1.32554335e+00
1.31570208e+00
1.30283272e+00
1.30207570e+00
1.31040293e+00
1.30510379e+00
1.30964591e+00
1.30207570e+00
1.31797314e+00
1.32024420e+00
1.30283272e+00
1.31645910e+00
1.30510379e+00
1.31040293e+00
1.32251526e+00
1.30813187e+00
1.30586081e+00
1.31418803e+00
1.32478632e+00
1.33689866e+00
1.30964591e+00
1.33008547e+00
1.31570208e+00
1.30358974e+00
1.31418803e+00
1.32100122e+00
1.32478632e+00
1.35582418e+00
1.32175824e+00
1.34295482e+00
1.31115995e+00
1.32630037e+00
1.32251526e+00
1.32857143e+00
1.37474969e+00
1.31948718e+00
1.31191697e+00
1.31191697e+00
1.31645910e+00
1.32327228e+00
1.33387057e+00
1.31873016e+00
1.31343101e+00
1.32327228e+00
1.31191697e+00
1.33462759e+00
1.33538462e+00
1.31645910e+00
1.31570208e+00
1.30510379e+00
1.33311355e+00
1.31948718e+00
1.30737485e+00
1.31343101e+00
1.32024420e+00
1.30737485e+00
1.31115995e+00
1.30888889e+00
1.32024420e+00
1.31721612e+00
1.33084249e+00
1.33159951e+00
1.33841270e+00
1.32175824e+00
1.31721612e+00
1.30283272e+00
1.28239316e+00
1.30888889e+00
1.31645910e+00
1.32024420e+00
1.31645910e+00
1.31040293e+00
1.35203907e+00
1.31797314e+00
1.31948718e+00
1.30737485e+00
1.33159951e+00
1.33084249e+00
1.34295482e+00
1.28315018e+00
1.31873016e+00
1.30131868e+00
1.30888889e+00
1.29904762e+00
1.28920635e+00
1.30207570e+00
1.31191697e+00
1.32327228e+00
1.30964591e+00
1.31267399e+00
1.30888889e+00
1.30283272e+00
1.30737485e+00
1.31645910e+00
1.32478632e+00
1.27709402e+00
1.26800977e+00
1.32554335e+00
1.31040293e+00
1.32857143e+00
1.32630037e+00
1.35582418e+00
1.30813187e+00
1.30056166e+00
1.31570208e+00
1.32857143e+00
1.33159951e+00
1.31948718e+00
1.32630037e+00
1.32857143e+00
1.31721612e+00
1.31873016e+00
1.29601954e+00
1.31948718e+00
1.31721612e+00
1.31797314e+00
1.31721612e+00
1.32630037e+00
1.34673993e+00
1.30964591e+00
1.32024420e+00
1.31418803e+00
1.32402930e+00
1.33462759e+00
1.30813187e+00
1.33841270e+00
1.30737485e+00
1.30207570e+00
1.29526252e+00
1.32251526e+00
1.31948718e+00
1.29829060e+00
1.30888889e+00
1.33992674e+00
1.28920635e+00
1.30207570e+00
1.34673993e+00
1.32251526e+00
1.33084249e+00
1.32781441e+00
1.31343101e+00
1.32024420e+00
1.32781441e+00
1.30586081e+00
1.31418803e+00
1.34068376e+00
1.26119658e+00
1.31267399e+00
1.32554335e+00
1.34673993e+00
1.31418803e+00
1.32554335e+00
1.28617827e+00
1.31873016e+00
1.31191697e+00
1.33159951e+00
1.32327228e+00
1.32478632e+00
1.33235653e+00
1.30510379e+00
1.33462759e+00
1.31948718e+00
1.31343101e+00
1.29526252e+00
1.31040293e+00
1.31418803e+00
1.31645910e+00
1.30737485e+00
1.25968254e+00
1.30510379e+00
1.32024420e+00
1.31267399e+00
1.30434676e+00
1.29904762e+00
1.29223443e+00
1.29980464e+00
1.33235653e+00
1.30661783e+00
1.30131868e+00
1.31040293e+00
1.35506716e+00
1.31494505e+00
1.30586081e+00
1.30737485e+00
1.31948718e+00
1.21653236e+00
1.31115995e+00
1.32024420e+00
1.31797314e+00
1.31873016e+00
1.33159951e+00
1.31645910e+00
1.31494505e+00
1.31343101e+00
1.28617827e+00
1.32554335e+00
1.30586081e+00
1.31948718e+00
1.31948718e+00
1.34749695e+00
1.32251526e+00
1.33462759e+00
1.32554335e+00
1.31797314e+00
1.31948718e+00
1.32554335e+00
1.32175824e+00
1.31494505e+00
1.31948718e+00
1.28087912e+00
1.31645910e+00
1.33084249e+00
1.31040293e+00
1.31343101e+00
1.31115995e+00
1.32932845e+00
1.34598291e+00
1.30131868e+00
1.31040293e+00
1.30888889e+00
1.31494505e+00
1.32857143e+00
1.32630037e+00
1.31948718e+00
1.32554335e+00
1.33387057e+00
1.32478632e+00
1.31191697e+00
1.33084249e+00
1.32402930e+00
1.32781441e+00
1.31570208e+00
1.33765568e+00
1.32024420e+00
1.31948718e+00
1.30207570e+00
1.31948718e+00
1.31115995e+00
1.32402930e+00
1.31721612e+00
1.31343101e+00
1.32402930e+00
1.31040293e+00
1.28996337e+00
1.31115995e+00
1.33235653e+00
1.31115995e+00
1.35279609e+00
1.30510379e+00
1.30434676e+00
1.30510379e+00
1.32402930e+00
1.30434676e+00
1.30964591e+00
1.31115995e+00
1.29223443e+00
1.30661783e+00
1.30358974e+00
1.32781441e+00
1.31267399e+00
1.31797314e+00
1.31040293e+00
1.28315018e+00
1.33462759e+00
1.30358974e+00
1.32327228e+00
1.35052503e+00
1.33387057e+00
1.32478632e+00
1.29829060e+00
1.31645910e+00
1.33159951e+00
1.32630037e+00
1.32327228e+00
1.31343101e+00
1.33462759e+00
1.31948718e+00
1.34371184e+00
1.30056166e+00
1.30434676e+00
1.29601954e+00
1.31570208e+00
1.32554335e+00
1.33614164e+00
1.31873016e+00
1.31948718e+00
1.30056166e+00
1.32251526e+00
1.30358974e+00
1.30661783e+00
1.31494505e+00
1.31115995e+00
1.31645910e+00
1.31115995e+00
1.30737485e+00
1.30131868e+00
1.31191697e+00
1.35128205e+00
1.29904762e+00
1.31797314e+00
1.31494505e+00
1.35203907e+00
1.34219780e+00
1.30510379e+00
1.33159951e+00
1.34144078e+00
1.32251526e+00
1.32024420e+00
1.32251526e+00
1.33462759e+00
1.31948718e+00
1.32327228e+00
1.31645910e+00
1.31948718e+00
1.32175824e+00
1.33689866e+00
1.28239316e+00
1.31721612e+00
1.31797314e+00
1.31570208e+00
1.32251526e+00
1.32705739e+00
1.31418803e+00
1.32100122e+00
1.31191697e+00
1.29753358e+00
1.29904762e+00
1.28920635e+00
1.31873016e+00
1.34068376e+00
1.30888889e+00
1.31115995e+00
1.31645910e+00
1.31040293e+00
1.35658120e+00
1.28239316e+00
1.29223443e+00
1.30737485e+00
1.29829060e+00
1.30813187e+00
1.32705739e+00
1.31040293e+00
1.31570208e+00
1.33387057e+00
1.29450549e+00
1.31418803e+00
1.32175824e+00
1.29374847e+00
1.37020757e+00
1.30056166e+00
1.30586081e+00
1.31948718e+00
1.33538462e+00
1.30056166e+00
1.33311355e+00
1.32705739e+00
1.31570208e+00
1.34371184e+00
1.32327228e+00
1.32781441e+00
1.31873016e+00
1.31873016e+00
1.32327228e+00
1.31343101e+00
1.30737485e+00
1.28769231e+00
1.32175824e+00
1.31645910e+00
1.33387057e+00
1.32554335e+00
1.29753358e+00
1.31948718e+00
1.31797314e+00
1.32478632e+00
1.33159951e+00
1.31494505e+00
1.30056166e+00
1.30586081e+00
1.22561661e+00
1.32024420e+00
1.33311355e+00
1.32100122e+00
1.31343101e+00
1.32251526e+00
1.32024420e+00
1.31418803e+00
1.34522589e+00
1.31645910e+00
1.31418803e+00
1.32251526e+00
1.32402930e+00
1.32554335e+00
1.31645910e+00
1.31948718e+00
1.32327228e+00
1.35128205e+00
1.31570208e+00
1.34295482e+00
1.30888889e+00
1.34598291e+00
1.31645910e+00
1.32024420e+00
1.33538462e+00
1.30661783e+00
1.31418803e+00
1.30964591e+00
1.34144078e+00
1.30964591e+00
1.33992674e+00
1.30888889e+00
1.28769231e+00
1.29223443e+00
1.31570208e+00
1.30586081e+00
1.32024420e+00
1.31797314e+00
1.33462759e+00
1.31645910e+00
1.31040293e+00
1.30358974e+00
1.30813187e+00
1.32478632e+00
1.31040293e+00
1.31191697e+00
1.32251526e+00
1.30813187e+00
1.28012210e+00
1.31948718e+00
1.30813187e+00
1.31343101e+00
1.34219780e+00
1.35506716e+00
1.35582418e+00
1.30813187e+00
1.35960928e+00
1.33992674e+00
1.32478632e+00
1.33159951e+00
1.32175824e+00
1.32402930e+00
1.32402930e+00
1.33765568e+00
1.30813187e+00
1.32402930e+00
1.27557998e+00
1.34295482e+00
1.32327228e+00
1.29526252e+00
1.31343101e+00
1.33689866e+00
1.31797314e+00
1.29526252e+00
1.33084249e+00
1.31115995e+00
1.30510379e+00
1.30131868e+00
1.29753358e+00
1.31721612e+00
1.31115995e+00
1.32554335e+00
1.30813187e+00
1.31343101e+00
1.31040293e+00
1.27633700e+00
1.31948718e+00
1.32857143e+00
1.31494505e+00
1.31645910e+00
1.32024420e+00
1.30510379e+00
1.30964591e+00
1.32251526e+00
1.30207570e+00
1.31873016e+00
1.32932845e+00
1.31645910e+00
1.30510379e+00
1.32251526e+00
1.32024420e+00
1.32781441e+00
1.31645910e+00
1.29829060e+00
1.31873016e+00
1.31645910e+00
1.32402930e+00
1.29601954e+00
1.34144078e+00
1.31343101e+00
1.30964591e+00
1.32100122e+00
1.31948718e+00
1.30737485e+00
1.28390720e+00
1.30131868e+00
1.31040293e+00
1.30813187e+00
1.28315018e+00
1.30358974e+00
1.31645910e+00
1.29526252e+00
1.30737485e+00
1.30283272e+00
1.34371184e+00
1.32781441e+00
1.33159951e+00
1.32327228e+00
1.31267399e+00
1.31873016e+00
1.32100122e+00
1.32402930e+00
1.31948718e+00
1.32402930e+00
1.36188034e+00
1.32705739e+00
1.33387057e+00
1.33765568e+00
1.31191697e+00
1.33159951e+00
1.32630037e+00
1.32251526e+00
1.32327228e+00
1.31191697e+00
1.33235653e+00
1.31645910e+00
1.32024420e+00
1.32857143e+00
1.29980464e+00
1.33235653e+00
1.37020757e+00
1.34976801e+00
1.30283272e+00
1.30131868e+00
1.31494505e+00
1.35658120e+00
1.30964591e+00
1.30207570e+00
1.30358974e+00
1.31494505e+00
1.31948718e+00
1.29904762e+00
1.32251526e+00
1.31343101e+00
1.31343101e+00
1.29601954e+00
1.31040293e+00
1.32327228e+00
1.30434676e+00
1.31494505e+00
1.32554335e+00
1.33159951e+00
1.31191697e+00
1.32100122e+00
1.32251526e+00
1.30737485e+00
1.31948718e+00
1.32402930e+00
1.32630037e+00
1.31115995e+00
1.31873016e+00
1.32100122e+00
1.33387057e+00
1.33538462e+00
1.31873016e+00
1.33387057e+00
1.29601954e+00
1.32705739e+00
1.30434676e+00
1.31494505e+00
1.31948718e+00
1.31418803e+00
1.29753358e+00
1.30434676e+00
1.30586081e+00
1.31267399e+00
1.32024420e+00
1.31645910e+00
1.31040293e+00
1.30737485e+00
1.33538462e+00
1.30888889e+00
1.29223443e+00
1.29450549e+00
1.31873016e+00
1.26422466e+00
1.32630037e+00
1.34673993e+00
1.29753358e+00
1.32175824e+00
1.31267399e+00
1.32630037e+00
1.32175824e+00
1.33084249e+00
1.32857143e+00
1.32478632e+00
1.31267399e+00
1.31040293e+00
1.35582418e+00
1.32251526e+00
1.31343101e+00
1.35128205e+00
1.32630037e+00
1.28617827e+00
1.33689866e+00
1.31040293e+00
1.30434676e+00
1.32251526e+00
1.30737485e+00
1.32402930e+00
1.31418803e+00
1.32857143e+00
1.29753358e+00
1.35203907e+00
1.28239316e+00
1.30661783e+00
1.29147741e+00
1.32024420e+00
1.34371184e+00
1.30964591e+00
1.26271062e+00
1.30510379e+00
1.31797314e+00
1.31115995e+00
1.32402930e+00
1.32478632e+00
1.30510379e+00
1.31948718e+00
1.30813187e+00
1.30813187e+00
1.32251526e+00
1.33008547e+00
1.32932845e+00
1.28012210e+00
1.30813187e+00
1.36188034e+00
1.30964591e+00
1.31645910e+00
1.29223443e+00
1.32781441e+00
1.31873016e+00
1.31418803e+00
1.30131868e+00
1.32251526e+00
1.32705739e+00
1.31948718e+00
1.31418803e+00
1.29829060e+00
1.29904762e+00
1.29904762e+00
1.29450549e+00
1.32554335e+00
1.30964591e+00
1.31645910e+00
1.33462759e+00
1.29753358e+00
1.30510379e+00
1.31570208e+00
1.30737485e+00
1.31494505e+00
1.31267399e+00
1.31191697e+00
1.29299145e+00
1.36415140e+00
1.29450549e+00
1.34219780e+00
1.31721612e+00
1.30586081e+00
1.28617827e+00
1.31873016e+00
1.29677656e+00
1.30964591e+00
1.31115995e+00
1.30964591e+00
1.31797314e+00
1.32630037e+00
1.31721612e+00
1.32478632e+00
1.31040293e+00
1.33084249e+00
1.33387057e+00
1.30434676e+00
1.31343101e+00
1.31721612e+00
1.32327228e+00
1.31267399e+00
1.30056166e+00
1.32781441e+00
1.33235653e+00
1.32932845e+00
1.32781441e+00
1.31040293e+00
1.32251526e+00
1.32100122e+00
1.32402930e+00
1.30207570e+00
1.29526252e+00
1.35809524e+00
1.31494505e+00
1.29299145e+00
1.33614164e+00
1.30964591e+00
1.32100122e+00
1.32478632e+00
1.32478632e+00
1.31721612e+00
1.31040293e+00
1.32251526e+00
1.31343101e+00
1.31494505e+00
1.30661783e+00
1.32857143e+00
1.31948718e+00
1.29753358e+00
1.31267399e+00
1.32327228e+00
1.32024420e+00
1.32251526e+00
1.30964591e+00
1.34673993e+00
1.31191697e+00
1.32781441e+00
1.32327228e+00
1.31040293e+00
1.32175824e+00
1.31494505e+00
1.32327228e+00
1.30661783e+00
1.33159951e+00
1.32857143e+00
1.33689866e+00
1.28239316e+00
1.28315018e+00
1.36945055e+00
1.27785104e+00
1.30888889e+00
1.30434676e+00
1.28920635e+00
1.29299145e+00
1.31948718e+00
1.31343101e+00
1.30661783e+00
1.31040293e+00
1.29677656e+00
1.32932845e+00
1.31418803e+00
1.31267399e+00
1.32327228e+00
1.31721612e+00
1.31721612e+00
1.31040293e+00
1.31873016e+00
1.28315018e+00
1.33008547e+00
1.32857143e+00
1.31040293e+00
1.30661783e+00
1.31948718e+00
1.32781441e+00
1.32100122e+00
1.30434676e+00
1.32175824e+00
1.33689866e+00
1.31721612e+00
1.32705739e+00
1.34825397e+00
1.32251526e+00
1.33008547e+00
1.32175824e+00
1.31494505e+00
1.28012210e+00
1.32857143e+00
1.32024420e+00
1.29526252e+00
1.32857143e+00
1.33614164e+00
1.31797314e+00
1.33462759e+00
1.30207570e+00
1.31721612e+00
1.36339438e+00
1.28617827e+00
1.31948718e+00
1.30434676e+00
1.29526252e+00
1.24075702e+00
1.30888889e+00
1.30813187e+00
1.31645910e+00
1.32478632e+00
1.32857143e+00
1.31115995e+00
1.32857143e+00
1.31721612e+00
1.34068376e+00
1.31645910e+00
1.31570208e+00
1.34295482e+00
1.35203907e+00
1.32327228e+00
1.31645910e+00
1.31267399e+00
1.29829060e+00
1.32402930e+00
1.29526252e+00
1.31948718e+00
1.31645910e+00
1.32932845e+00
1.32554335e+00
1.32478632e+00
1.32100122e+00
1.33159951e+00
1.33765568e+00
1.32251526e+00
1.30964591e+00
1.26422466e+00
1.31343101e+00
1.30888889e+00
1.28239316e+00
1.31570208e+00
1.31418803e+00
1.28844933e+00
1.31040293e+00
1.30358974e+00
1.32402930e+00
1.30056166e+00
1.32478632e+00
1.31948718e+00
1.30964591e+00
1.32857143e+00
1.30813187e+00
1.35582418e+00
1.30207570e+00
1.29147741e+00
1.31267399e+00
1.32100122e+00
1.34673993e+00
1.28920635e+00
1.31115995e+00
1.31948718e+00
1.32251526e+00
1.32327228e+00
1.31948718e+00
1.31948718e+00
1.33159951e+00
1.32932845e+00
1.27936508e+00
1.35582418e+00
1.32100122e+00
1.31645910e+00
1.34068376e+00
1.32857143e+00
1.31267399e+00
1.30358974e+00
1.31570208e+00
1.32024420e+00
1.29753358e+00
1.31721612e+00
1.29904762e+00
1.31948718e+00
1.31040293e+00
1.30358974e+00
1.32478632e+00
1.30586081e+00
1.29753358e+00
1.29753358e+00
1.28390720e+00
1.30661783e+00
1.26876679e+00
1.28239316e+00
1.32781441e+00
1.31418803e+00
1.29829060e+00
1.30964591e+00
1.32402930e+00
1.31873016e+00
1.31494505e+00
1.33689866e+00
1.33614164e+00
1.33462759e+00
1.33765568e+00
1.32251526e+00
1.30358974e+00
1.29829060e+00
1.31343101e+00
1.32100122e+00
1.31494505e+00
1.34976801e+00
1.31418803e+00
1.31040293e+00
1.30586081e+00
1.31645910e+00
1.32630037e+00
1.31115995e+00
1.33084249e+00
1.31115995e+00
1.28617827e+00
1.27936508e+00
1.28617827e+00
1.31948718e+00
1.29980464e+00
1.28617827e+00
1.34976801e+00
1.29904762e+00
1.28012210e+00
1.30056166e+00
1.30131868e+00
1.31645910e+00
1.32251526e+00
1.31948718e+00
1.31797314e+00
1.31115995e+00
1.33235653e+00
1.30964591e+00
1.31267399e+00
1.36717949e+00
1.30888889e+00
1.31873016e+00
1.37096459e+00
1.31797314e+00
1.39746032e+00
1.34446886e+00
1.32175824e+00
1.32781441e+00
1.32554335e+00
1.32705739e+00
1.32478632e+00
1.31873016e+00
1.32857143e+00
1.32857143e+00
1.32554335e+00
1.28844933e+00
1.30813187e+00
1.32478632e+00
1.34371184e+00
1.30434676e+00
1.28617827e+00
1.31645910e+00
1.32251526e+00
1.30434676e+00
1.30888889e+00
1.30510379e+00
1.31645910e+00
1.32024420e+00
1.31570208e+00
1.30056166e+00
1.31570208e+00
1.31191697e+00
1.31645910e+00
1.31040293e+00
1.24832723e+00
1.31343101e+00
1.32251526e+00
1.32024420e+00
1.32630037e+00
1.31570208e+00
1.33462759e+00
1.31494505e+00
1.32402930e+00
1.31418803e+00
1.33008547e+00
1.33462759e+00
1.33159951e+00
1.32402930e+00
1.29299145e+00
1.30813187e+00
1.31267399e+00
1.30510379e+00
1.28239316e+00
1.31948718e+00
1.36642247e+00
1.31570208e+00
1.31948718e+00
1.31645910e+00
1.31721612e+00
1.31721612e+00
1.30207570e+00
1.30434676e+00
1.32327228e+00
1.32705739e+00
1.30283272e+00
1.31191697e+00
1.31343101e+00
1.31115995e+00
1.31115995e+00
1.31873016e+00
1.25362637e+00
1.29753358e+00
1.31494505e+00
1.32478632e+00
1.31267399e+00
1.33159951e+00
1.31948718e+00
1.31343101e+00
1.33614164e+00
1.29223443e+00
1.29829060e+00
1.34371184e+00
1.30737485e+00
1.29753358e+00
1.28920635e+00
1.32024420e+00
1.31721612e+00
1.31797314e+00
1.33311355e+00
1.28315018e+00
1.33614164e+00
1.33159951e+00
1.33614164e+00
1.28542125e+00
1.32402930e+00
1.32857143e+00
1.31645910e+00
1.31570208e+00
1.29601954e+00
1.32478632e+00
1.34068376e+00
1.31040293e+00
1.31418803e+00
1.33311355e+00
1.32251526e+00
1.31645910e+00
1.30661783e+00
1.30737485e+00
1.30283272e+00
1.30283272e+00
1.31797314e+00
1.29374847e+00
1.30737485e+00
1.31721612e+00
1.29829060e+00
1.33841270e+00
1.33689866e+00
1.30358974e+00
1.33008547e+00
1.32630037e+00
1.36490842e+00
1.28239316e+00
1.28239316e+00
1.31721612e+00
1.31191697e+00
1.30813187e+00
1.32932845e+00
1.30661783e+00
1.31645910e+00
1.33311355e+00
1.31873016e+00
1.30207570e+00
1.32100122e+00
1.31494505e+00
1.31873016e+00
1.28693529e+00
1.30888889e+00
1.29753358e+00
1.29526252e+00
1.31948718e+00
1.30964591e+00
1.31873016e+00
1.30737485e+00
1.29601954e+00
1.30737485e+00
1.30510379e+00
1.29904762e+00
1.31040293e+00
1.27103785e+00
1.31948718e+00
1.30510379e+00
1.29753358e+00
1.30434676e+00
1.30737485e+00
1.28315018e+00
1.31948718e+00
1.31797314e+00
1.31948718e+00
1.31040293e+00
1.31115995e+00
1.33159951e+00
1.33689866e+00
1.31645910e+00
1.36415140e+00
1.31343101e+00
1.31797314e+00
1.31797314e+00
1.31797314e+00
1.32554335e+00
1.26422466e+00
1.32175824e+00
1.32554335e+00
1.29753358e+00
1.32554335e+00
1.33689866e+00
1.32857143e+00
1.32705739e+00
1.31040293e+00
1.31948718e+00
1.29829060e+00
1.33008547e+00
1.30358974e+00
1.29147741e+00
1.31267399e+00
1.31721612e+00
1.31343101e+00
1.30510379e+00
1.29223443e+00
1.28390720e+00
1.33159951e+00
1.31797314e+00
1.32175824e+00
1.31191697e+00
1.32402930e+00
1.30888889e+00
1.32554335e+00
1.32175824e+00
1.32024420e+00
1.30131868e+00
1.32175824e+00
1.32251526e+00
1.30510379e+00
1.34446886e+00
1.27936508e+00
1.32857143e+00
1.31721612e+00
1.31267399e+00
1.30737485e+00
1.31721612e+00
1.31948718e+00
1.28617827e+00
1.32478632e+00
1.31873016e+00
1.30813187e+00
1.30358974e+00
1.32175824e+00
1.29829060e+00
1.31721612e+00
1.32327228e+00
1.33992674e+00
1.31115995e+00
1.32327228e+00
1.30207570e+00
1.31191697e+00
1.31267399e+00
1.27557998e+00
1.30207570e+00
1.29147741e+00
1.30131868e+00
1.31115995e+00
1.31570208e+00
1.30283272e+00
1.33311355e+00
1.30510379e+00
1.31645910e+00
1.31873016e+00
1.30586081e+00
1.31343101e+00
1.29601954e+00
1.33462759e+00
1.32857143e+00
1.33462759e+00
1.32175824e+00
1.31873016e+00
1.32175824e+00
1.33765568e+00
1.34673993e+00
1.29526252e+00
1.30510379e+00
1.32024420e+00
1.31115995e+00
1.27709402e+00
1.32478632e+00
1.32327228e+00
1.30737485e+00
1.28996337e+00
1.32175824e+00
1.32857143e+00
1.33311355e+00
1.30661783e+00
1.31115995e+00
1.32781441e+00
1.31267399e+00
1.33538462e+00
1.30586081e+00
1.27406593e+00
1.27709402e+00
1.24378510e+00
1.32175824e+00
1.31267399e+00
1.31418803e+00
1.28693529e+00
1.29299145e+00
1.31267399e+00
1.30888889e+00
1.32781441e+00
1.30283272e+00
1.31645910e+00
1.32554335e+00
1.32781441e+00
1.30434676e+00
1.30434676e+00
1.32327228e+00
1.34371184e+00
1.30661783e+00
1.34598291e+00
1.28390720e+00
1.33235653e+00
1.34295482e+00
1.32175824e+00
1.31873016e+00
1.31115995e+00
1.31570208e+00
1.32100122e+00
1.31115995e+00
1.32251526e+00
1.34371184e+00
1.32932845e+00
1.29072039e+00
1.28996337e+00
1.38989011e+00
1.32478632e+00
1.31570208e+00
1.31040293e+00
1.29753358e+00
1.27557998e+00
1.30661783e+00
1.30207570e+00
1.32630037e+00
1.32781441e+00
1.30737485e+00
1.31645910e+00
1.30207570e+00
1.29526252e+00
1.28239316e+00
1.29753358e+00
1.31040293e+00
1.29980464e+00
1.31040293e+00
1.30888889e+00
1.36793651e+00
1.35885226e+00
1.32554335e+00
1.31191697e+00
1.31721612e+00
1.31040293e+00
1.31645910e+00
1.32100122e+00
1.30888889e+00
1.32024420e+00
1.30434676e+00
1.31040293e+00
1.32705739e+00
1.28769231e+00
1.35355311e+00
1.32554335e+00
1.34068376e+00
1.32478632e+00
1.33992674e+00
1.32705739e+00
1.36263736e+00
1.31570208e+00
1.31191697e+00
1.31570208e+00
1.31873016e+00
1.31873016e+00
1.30813187e+00
1.31948718e+00
1.28315018e+00
1.29147741e+00
1.30661783e+00
1.30283272e+00
1.34068376e+00
1.28617827e+00
1.26195360e+00
1.31418803e+00
1.30510379e+00
1.32932845e+00
1.31418803e+00
1.33387057e+00
1.32402930e+00
1.31721612e+00
1.30813187e+00
1.34446886e+00
1.28542125e+00
1.36869353e+00
1.29299145e+00
1.29601954e+00
1.31948718e+00
1.31267399e+00
1.28844933e+00
1.33841270e+00
1.31948718e+00
1.32781441e+00
1.32175824e+00
1.32705739e+00
1.32705739e+00
1.32024420e+00
1.32251526e+00
1.32932845e+00
1.31721612e+00
1.29223443e+00
1.34295482e+00
1.33311355e+00
1.32100122e+00
1.31494505e+00
1.33387057e+00
1.30131868e+00
1.31191697e+00
1.33159951e+00
1.30888889e+00
1.30434676e+00
1.31343101e+00
1.29526252e+00
1.30434676e+00
1.32857143e+00
1.29904762e+00
1.34446886e+00
1.31645910e+00
1.33235653e+00
1.31645910e+00
1.29072039e+00
1.28617827e+00
1.35582418e+00
1.34144078e+00
1.31115995e+00
1.32932845e+00
1.31115995e+00
1.32100122e+00
1.32857143e+00
1.33387057e+00
1.30964591e+00
1.32932845e+00
1.31797314e+00
1.34446886e+00
1.29147741e+00
1.32402930e+00
1.31418803e+00
1.31418803e+00
1.32857143e+00
1.33159951e+00
1.32024420e+00
1.31645910e+00
1.32100122e+00
1.32705739e+00
1.29526252e+00
1.30510379e+00
1.30586081e+00
1.32175824e+00
1.28617827e+00
1.29526252e+00
1.30283272e+00
1.33538462e+00
1.33387057e+00
1.28996337e+00
1.32024420e+00
1.33916972e+00
1.31267399e+00
1.30131868e+00
1.31418803e+00
1.31873016e+00
1.30661783e+00
1.32554335e+00
1.31948718e+00
1.30964591e+00
1.31418803e+00
1.33614164e+00
1.30434676e+00
1.29450549e+00
1.30434676e+00
1.33235653e+00
1.29450549e+00
1.29829060e+00
1.30661783e+00
1.28996337e+00
1.31494505e+00
1.32705739e+00
1.31570208e+00
1.32100122e+00
1.32327228e+00
1.30358974e+00
1.31418803e+00
1.30131868e+00
1.32857143e+00
1.30737485e+00
1.32402930e+00
1.30283272e+00
1.28315018e+00
1.30283272e+00
1.30358974e+00
1.31115995e+00
1.31645910e+00
1.30207570e+00
1.33538462e+00
1.30283272e+00
1.30964591e+00
1.31418803e+00
1.31494505e+00
1.32554335e+00
1.32554335e+00
1.31570208e+00
1.31040293e+00
1.32402930e+00
1.33462759e+00
1.29980464e+00
1.31948718e+00
1.30207570e+00
1.36415140e+00
1.35960928e+00
1.35052503e+00
1.33008547e+00
1.33311355e+00
1.32024420e+00
1.32251526e+00
1.31721612e+00
1.33992674e+00
1.34144078e+00
1.33765568e+00
1.32630037e+00
1.35279609e+00
1.33538462e+00
1.32251526e+00
1.32175824e+00
1.32932845e+00
1.34371184e+00
1.27406593e+00
1.30888889e+00
1.28769231e+00
1.31797314e+00
1.30661783e+00
1.30661783e+00
1.30207570e+00
1.31115995e+00
1.30661783e+00
1.33008547e+00
1.29526252e+00
1.29450549e+00
1.30813187e+00
1.30964591e+00
1.32857143e+00
1.35279609e+00
1.31797314e+00
1.30358974e+00
1.31343101e+00
1.33084249e+00
1.32251526e+00
1.31267399e+00
1.32478632e+00
1.30964591e+00
1.31645910e+00
1.33538462e+00
1.31797314e+00
1.32251526e+00
1.31645910e+00
1.32554335e+00
1.32327228e+00
1.31645910e+00
1.32402930e+00
1.31191697e+00
1.32402930e+00
1.31343101e+00
1.32251526e+00
1.32327228e+00
1.32175824e+00
1.32554335e+00
1.32175824e+00
1.30434676e+00
1.30964591e+00
1.33084249e+00
1.29526252e+00
1.29147741e+00
1.31191697e+00
1.29980464e+00
1.28844933e+00
1.30283272e+00
1.31570208e+00
1.30434676e+00
1.30510379e+00
1.31343101e+00
1.33159951e+00
1.30434676e+00
1.30586081e+00
1.32630037e+00
1.31570208e+00
1.30813187e+00
1.31873016e+00
1.31948718e+00
1.32175824e+00
1.31948718e+00
1.32024420e+00
1.32024420e+00
1.30661783e+00
1.32781441e+00
1.31948718e+00
1.33538462e+00
1.32705739e+00
1.32705739e+00
1.31873016e+00
1.33159951e+00
1.33159951e+00
1.31343101e+00
1.30737485e+00
1.30131868e+00
1.33084249e+00
1.31873016e+00
1.32100122e+00
1.30964591e+00
1.30510379e+00
1.28996337e+00
1.31948718e+00
1.30434676e+00
1.29980464e+00
1.29526252e+00
1.30813187e+00
1.30661783e+00
1.32175824e+00
1.30207570e+00
1.30737485e+00
1.30510379e+00
1.30964591e+00
1.31797314e+00
1.34144078e+00
1.32251526e+00
1.28466422e+00
1.32478632e+00
1.33916972e+00
1.31570208e+00
1.31948718e+00
1.31418803e+00
1.33159951e+00
1.32327228e+00
1.30661783e+00
1.31570208e+00
1.30661783e+00
1.31645910e+00
1.33538462e+00
1.30888889e+00
1.30737485e+00
1.33159951e+00
1.31343101e+00
1.29526252e+00
1.27028083e+00
1.31570208e+00
1.32478632e+00
1.31721612e+00
1.31115995e+00
1.31343101e+00
1.31115995e+00
1.31040293e+00
1.30813187e+00
1.29980464e+00
1.34673993e+00
1.29904762e+00
1.29677656e+00
1.35582418e+00
1.30964591e+00
1.30056166e+00
1.32327228e+00
1.30661783e+00
1.33387057e+00
1.31570208e+00
1.32100122e+00
1.30358974e+00
1.32705739e+00
1.32630037e+00
1.31570208e+00
1.28466422e+00
1.32932845e+00
1.34446886e+00
1.32554335e+00
1.31645910e+00
1.35355311e+00
1.31343101e+00
1.30586081e+00
1.33311355e+00
1.35885226e+00
1.34522589e+00
1.32554335e+00
1.31418803e+00
1.32024420e+00
1.30207570e+00
1.32857143e+00
1.33159951e+00
1.32327228e+00
1.35733822e+00
1.24000000e+00
1.34068376e+00
1.35582418e+00
1.35355311e+00
1.29980464e+00
1.30207570e+00
1.30358974e+00
1.33765568e+00
1.30434676e+00
1.30661783e+00
1.30131868e+00
1.31191697e+00
1.29904762e+00
1.30964591e+00
1.32781441e+00
1.32781441e+00
1.29904762e+00
1.32251526e+00
1.31191697e+00
1.30737485e+00
1.31873016e+00
1.30964591e+00
1.30434676e+00
1.28844933e+00
1.31040293e+00
1.32554335e+00
1.32554335e+00
1.30661783e+00
1.32251526e+00
1.32327228e+00
1.31040293e+00
1.34749695e+00
1.34295482e+00
1.30737485e+00
1.31115995e+00
1.31343101e+00
1.31873016e+00
1.35885226e+00
1.29753358e+00
1.31721612e+00
1.29753358e+00
1.31343101e+00
1.32327228e+00
1.31191697e+00
1.30358974e+00
1.31494505e+00
1.31418803e+00
1.30737485e+00
1.31494505e+00
1.32251526e+00
1.32478632e+00
1.32175824e+00
1.28617827e+00
1.31494505e+00
1.33159951e+00
1.32857143e+00
1.30283272e+00
1.30434676e+00
1.31721612e+00
1.32327228e+00
1.32024420e+00
1.32781441e+00
1.33538462e+00
1.34825397e+00
1.30434676e+00
1.32932845e+00
1.32024420e+00
1.33538462e+00
1.29526252e+00
1.32251526e+00
1.23394383e+00
1.34901099e+00
1.33387057e+00
1.33235653e+00
1.30434676e+00
1.31570208e+00
1.31948718e+00
1.32175824e+00
1.30964591e+00
1.32251526e+00
1.31873016e+00
1.31948718e+00
1.29829060e+00
1.33614164e+00
1.30283272e+00
1.31570208e+00
1.29147741e+00
1.29147741e+00
1.33311355e+00
1.29299145e+00
1.30813187e+00
1.29829060e+00
1.30888889e+00
1.29753358e+00
1.31570208e+00
1.33841270e+00
1.31645910e+00
1.30964591e+00
1.25211233e+00
1.31418803e+00
1.31494505e+00
1.31418803e+00
1.25589744e+00
1.32478632e+00
1.33841270e+00
1.31873016e+00
1.31115995e+00
1.31115995e+00
1.31418803e+00
1.30964591e+00
1.31267399e+00
1.31948718e+00
1.32932845e+00
1.30964591e+00
1.33992674e+00
1.28466422e+00
1.34371184e+00
1.33916972e+00
1.33689866e+00
1.30661783e+00
1.30056166e+00
1.32705739e+00
1.33387057e+00
1.31267399e+00
1.31570208e+00
1.30434676e+00
1.32175824e+00
1.29980464e+00
1.29677656e+00
1.31343101e+00
1.29601954e+00
1.30737485e+00
1.31115995e+00
1.29450549e+00
1.30283272e+00
1.32932845e+00
1.33159951e+00
1.30131868e+00
1.34976801e+00
1.31343101e+00
1.30586081e+00
1.33159951e+00
1.33008547e+00
1.31873016e+00
1.32327228e+00
1.32024420e+00
1.32857143e+00
1.33084249e+00
1.31343101e+00
1.32175824e+00
1.34068376e+00
1.35658120e+00
1.31645910e+00
1.30813187e+00
1.28844933e+00
1.29829060e+00
1.32402930e+00
1.32478632e+00
1.30888889e+00
1.32175824e+00
1.33462759e+00
1.31645910e+00
1.30586081e+00
1.30813187e+00
1.32327228e+00
1.33159951e+00
1.25059829e+00
1.28844933e+00
1.30358974e+00
1.30358974e+00
1.34522589e+00
1.30888889e+00
1.29450549e+00
1.30813187e+00
1.33765568e+00
1.32630037e+00
1.33008547e+00
1.32024420e+00
1.31040293e+00
1.30661783e+00
1.32402930e+00
1.31645910e+00
1.32175824e+00
1.34446886e+00
1.34598291e+00
1.33689866e+00
1.30131868e+00
1.30888889e+00
1.30358974e+00
1.33159951e+00
1.31267399e+00
1.33841270e+00
1.31494505e+00
1.31040293e+00
1.32630037e+00
1.31948718e+00
1.33084249e+00
1.31645910e+00
1.31645910e+00
1.32781441e+00
1.36490842e+00
1.30207570e+00
1.31873016e+00
1.33689866e+00
1.30737485e+00
1.32554335e+00
1.30358974e+00
1.28844933e+00
1.31570208e+00
1.30737485e+00
1.30586081e+00
1.31721612e+00
1.31115995e+00
1.32175824e+00
1.31948718e+00
1.31040293e+00
1.33084249e+00
1.31494505e+00
1.31721612e+00
1.29526252e+00
1.35506716e+00
1.32251526e+00
1.26800977e+00
1.31948718e+00
1.33159951e+00
1.32175824e+00
1.31343101e+00
1.33235653e+00
1.31115995e+00
1.31191697e+00
1.33008547e+00
1.32932845e+00
1.30358974e+00
1.33462759e+00
1.31721612e+00
1.33387057e+00
1.31191697e+00
1.31721612e+00
1.31645910e+00
1.33462759e+00
1.31040293e+00
1.30586081e+00
1.32251526e+00
1.31570208e+00
1.31797314e+00
1.31873016e+00
1.32630037e+00
1.30434676e+00
1.27179487e+00
1.32932845e+00
1.30737485e+00
1.35355311e+00
1.34673993e+00
1.29829060e+00
1.31191697e+00
1.33614164e+00
1.28920635e+00
1.30888889e+00
1.31797314e+00
1.31570208e+00
1.31948718e+00
1.31721612e+00
1.32478632e+00
1.33311355e+00
1.33235653e+00
1.33084249e+00
1.32781441e+00
1.32327228e+00
1.35431013e+00
1.35733822e+00
1.31948718e+00
1.36793651e+00
1.30661783e+00
1.31873016e+00
1.32705739e+00
1.32024420e+00
1.31267399e+00
1.32024420e+00
1.32024420e+00
1.32705739e+00
1.31948718e+00
1.30207570e+00
1.32554335e+00
1.33689866e+00
1.35128205e+00
1.29299145e+00
1.31873016e+00
1.30813187e+00
1.31418803e+00
1.27860806e+00
1.32251526e+00
1.31418803e+00
1.31570208e+00
1.32251526e+00
1.32251526e+00
1.31494505e+00
1.30813187e+00
1.30964591e+00
1.32478632e+00
1.29677656e+00
1.28163614e+00
1.31948718e+00
1.31343101e+00
1.33387057e+00
1.33462759e+00
1.30737485e+00
1.36036630e+00
1.35582418e+00
1.33235653e+00
1.31721612e+00
1.31494505e+00
1.30737485e+00
1.32478632e+00
1.30964591e+00
1.32781441e+00
1.31873016e+00
1.31267399e+00
1.31948718e+00
1.29904762e+00
1.35431013e+00
1.32175824e+00
1.31721612e+00
1.31343101e+00
1.33916972e+00
1.32554335e+00
1.32175824e+00
1.32024420e+00
1.30056166e+00
1.30131868e+00
1.29829060e+00
1.33235653e+00
1.31721612e+00
1.28163614e+00
1.29223443e+00
1.31191697e+00
1.31494505e+00
1.31343101e+00
1.31267399e+00
1.28693529e+00
1.32932845e+00
1.34598291e+00
1.32554335e+00
1.31948718e+00
1.32857143e+00
1.30964591e+00
1.31570208e+00
1.31267399e+00
1.31570208e+00
1.30964591e+00
1.31191697e+00
1.34673993e+00
1.32478632e+00
1.34446886e+00
1.31873016e+00
1.30131868e+00
1.31873016e+00
1.30056166e+00
1.34673993e+00
1.31343101e+00
1.31494505e+00
1.32251526e+00
1.32175824e+00
1.31645910e+00
1.32781441e+00
1.31570208e+00
1.33159951e+00
1.33689866e+00
1.32781441e+00
1.31645910e+00
1.31645910e+00
1.30358974e+00
1.30661783e+00
1.31040293e+00
1.36415140e+00
1.30661783e+00
