1.27936508e+00
1.24908425e+00
1.25665446e+00
1.24757021e+00
1.22485958e+00
1.23697192e+00
1.25514042e+00
1.25059829e+00
1.25362637e+00
1.24605617e+00
1.25211233e+00
1.24984127e+00
1.25589744e+00
1.24605617e+00
1.24151404e+00
1.25438339e+00
1.25438339e+00
1.24378510e+00
1.25514042e+00
1.22107448e+00
1.22637363e+00
1.24000000e+00
1.24984127e+00
1.22864469e+00
1.23697192e+00
1.21274725e+00
1.24529915e+00
1.23545788e+00
1.22258852e+00
1.25665446e+00
1.22410256e+00
1.24302808e+00
1.24075702e+00
1.20214896e+00
1.25968254e+00
1.23848596e+00
1.23924298e+00
1.26800977e+00
1.27330891e+00
1.24984127e+00
1.24227106e+00
1.23848596e+00
1.25362637e+00
1.22561661e+00
1.24227106e+00
1.23697192e+00
1.21426129e+00
1.21804640e+00
1.26119658e+00
1.27860806e+00
1.24681319e+00
1.25589744e+00
1.24908425e+00
1.24908425e+00
1.24000000e+00
1.24151404e+00
1.22788767e+00
1.26952381e+00
1.23545788e+00
1.23470085e+00
1.23091575e+00
1.24757021e+00
1.24378510e+00
1.23772894e+00
1.21728938e+00
1.22183150e+00
1.23924298e+00
1.24681319e+00
1.23167277e+00
1.23091575e+00
1.23242979e+00
1.23167277e+00
1.22410256e+00
1.24454212e+00
1.24908425e+00
1.23924298e+00
1.24757021e+00
1.24605617e+00
1.23924298e+00
1.23394383e+00
1.24151404e+00
1.22485958e+00
1.27557998e+00
1.21956044e+00
1.24151404e+00
1.28542125e+00
1.23621490e+00
1.28617827e+00
1.25362637e+00
1.23470085e+00
1.24605617e+00
1.26043956e+00
1.24832723e+00
1.23848596e+00
1.23848596e+00
1.25892552e+00
1.25059829e+00
1.23470085e+00
1.24302808e+00
1.22031746e+00
1.23697192e+00
1.21350427e+00
1.24454212e+00
1.27255189e+00
1.21956044e+00
1.24529915e+00
1.25362637e+00
1.23091575e+00
1.23167277e+00
1.22864469e+00
1.21653236e+00
1.23545788e+00
1.22940171e+00
1.24681319e+00
1.21199023e+00
1.23394383e+00
1.23167277e+00
1.24454212e+00
1.21199023e+00
1.24681319e+00
1.23545788e+00
1.24000000e+00
1.23772894e+00
1.23394383e+00
1.25514042e+00
1.25135531e+00
1.23697192e+00
1.23015873e+00
1.25892552e+00
1.24302808e+00
1.23621490e+00
1.21501832e+00
1.23697192e+00
1.25816850e+00
1.24757021e+00
1.24302808e+00
1.21577534e+00
1.24529915e+00
1.24075702e+00
1.24529915e+00
1.23848596e+00
1.23772894e+00
1.24681319e+00
1.25135531e+00
1.22107448e+00
1.23167277e+00
1.25892552e+00
1.25816850e+00
1.22940171e+00
1.23545788e+00
1.24227106e+00
1.23924298e+00
1.22410256e+00
1.24832723e+00
1.22410256e+00
1.22940171e+00
1.25362637e+00
1.23242979e+00
1.24681319e+00
1.23697192e+00
1.24454212e+00
1.25892552e+00
1.27557998e+00
1.25286935e+00
1.24832723e+00
1.23772894e+00
1.24681319e+00
1.24681319e+00
1.24681319e+00
1.24757021e+00
1.23167277e+00
1.24681319e+00
1.24757021e+00
1.25816850e+00
1.24302808e+00
1.25968254e+00
1.24984127e+00
1.24681319e+00
1.24681319e+00
1.22334554e+00
1.25589744e+00
1.27028083e+00
1.22788767e+00
1.24605617e+00
1.27633700e+00
1.22637363e+00
1.25514042e+00
1.24227106e+00
1.22410256e+00
1.23621490e+00
1.23621490e+00
1.24378510e+00
1.22637363e+00
1.24378510e+00
1.25286935e+00
1.27330891e+00
1.27482295e+00
1.26725275e+00
1.24832723e+00
1.21350427e+00
1.24681319e+00
1.23848596e+00
1.23772894e+00
1.16732601e+00
1.25665446e+00
1.25741148e+00
1.24605617e+00
1.24832723e+00
1.24454212e+00
1.23545788e+00
1.23772894e+00
1.24151404e+00
1.23091575e+00
1.27255189e+00
1.28466422e+00
1.19912088e+00
1.23545788e+00
1.26422466e+00
1.24227106e+00
1.25135531e+00
1.28390720e+00
1.24757021e+00
1.25968254e+00
1.24378510e+00
1.24000000e+00
1.23242979e+00
1.22258852e+00
1.23318681e+00
1.23772894e+00
1.21501832e+00
1.20366300e+00
1.23772894e+00
1.20744811e+00
1.11357753e+00
1.20517705e+00
1.24378510e+00
1.24681319e+00
1.23924298e+00
1.28920635e+00
1.25059829e+00
1.24302808e+00
1.24378510e+00
1.24681319e+00
1.24984127e+00
1.23394383e+00
1.24378510e+00
1.28087912e+00
1.22864469e+00
1.25286935e+00
1.29829060e+00
1.24605617e+00
1.22788767e+00
1.24454212e+00
1.24832723e+00
1.24757021e+00
1.24681319e+00
1.26271062e+00
1.24681319e+00
1.24605617e+00
1.24151404e+00
1.23697192e+00
1.25362637e+00
1.20366300e+00
1.22107448e+00
1.24529915e+00
1.23545788e+00
1.22561661e+00
1.26422466e+00
1.27330891e+00
1.26800977e+00
1.25589744e+00
1.21426129e+00
1.23242979e+00
1.22637363e+00
1.24908425e+00
1.23091575e+00
1.22334554e+00
1.23772894e+00
1.24075702e+00
1.26649573e+00
1.25892552e+00
1.25514042e+00
1.23091575e+00
1.23242979e+00
1.23167277e+00
1.24832723e+00
1.27255189e+00
1.26498168e+00
1.24378510e+00
1.24151404e+00
1.25211233e+00
1.25059829e+00
1.24151404e+00
1.24000000e+00
1.24075702e+00
1.24529915e+00
1.24454212e+00
1.24378510e+00
1.23772894e+00
1.22864469e+00
1.25514042e+00
1.24000000e+00
1.22107448e+00
1.23167277e+00
1.24151404e+00
1.23924298e+00
1.21653236e+00
1.24227106e+00
1.22637363e+00
1.22410256e+00
1.25211233e+00
1.21199023e+00
1.24227106e+00
1.25135531e+00
1.23167277e+00
1.26043956e+00
1.22788767e+00
1.19836386e+00
1.24302808e+00
1.25059829e+00
1.23091575e+00
1.23621490e+00
1.24681319e+00
1.23848596e+00
1.24757021e+00
1.25286935e+00
1.24302808e+00
1.24151404e+00
1.23394383e+00
1.24984127e+00
1.24757021e+00
1.23470085e+00
1.27482295e+00
1.22334554e+00
1.24000000e+00
1.29904762e+00
1.24378510e+00
1.24000000e+00
1.24529915e+00
1.24605617e+00
1.24757021e+00
1.25438339e+00
1.24757021e+00
1.24302808e+00
1.24984127e+00
1.24681319e+00
1.24681319e+00
1.20214896e+00
1.24908425e+00
1.18322344e+00
1.26573871e+00
1.26043956e+00
1.22485958e+00
1.22713065e+00
1.22864469e+00
1.26119658e+00
1.23394383e+00
1.23242979e+00
1.25589744e+00
1.24681319e+00
1.23621490e+00
1.24378510e+00
1.22788767e+00
1.25438339e+00
1.22334554e+00
1.23394383e+00
1.33462759e+00
1.24378510e+00
1.22258852e+00
1.24075702e+00
1.27482295e+00
1.23545788e+00
1.23697192e+00
1.24832723e+00
1.22258852e+00
1.25589744e+00
1.22485958e+00
1.23545788e+00
1.23924298e+00
1.25589744e+00
1.23167277e+00
1.25892552e+00
1.28315018e+00
1.25059829e+00
1.24681319e+00
1.26800977e+00
1.23242979e+00
1.21501832e+00
1.24000000e+00
1.23924298e+00
1.23318681e+00
1.22637363e+00
1.26573871e+00
1.24378510e+00
1.24681319e+00
1.22637363e+00
1.23697192e+00
1.24151404e+00
1.25816850e+00
1.22410256e+00
1.24227106e+00
1.24757021e+00
1.29299145e+00
1.27179487e+00
1.23545788e+00
1.23318681e+00
1.26271062e+00
1.23697192e+00
1.26195360e+00
1.25135531e+00
1.25816850e+00
1.22485958e+00
1.23848596e+00
1.21804640e+00
1.24075702e+00
1.24681319e+00
1.25968254e+00
1.26498168e+00
1.28087912e+00
1.24529915e+00
1.15975580e+00
1.21956044e+00
1.24000000e+00
1.24605617e+00
1.25589744e+00
1.24529915e+00
1.23697192e+00
1.23242979e+00
1.23545788e+00
1.23621490e+00
1.25892552e+00
1.23091575e+00
1.24908425e+00
1.24378510e+00
1.15369963e+00
1.23697192e+00
1.23772894e+00
1.18927961e+00
1.23772894e+00
1.23167277e+00
1.24908425e+00
1.24454212e+00
1.24832723e+00
1.25286935e+00
1.23697192e+00
1.24075702e+00
1.22334554e+00
1.25741148e+00
1.23697192e+00
1.24378510e+00
1.24000000e+00
1.24984127e+00
1.23470085e+00
1.24454212e+00
1.25589744e+00
1.25286935e+00
1.23772894e+00
1.23545788e+00
1.23545788e+00
1.23924298e+00
1.24681319e+00
1.25514042e+00
1.24302808e+00
1.30358974e+00
1.19912088e+00
1.25514042e+00
1.23848596e+00
1.22864469e+00
1.24075702e+00
1.24227106e+00
1.22410256e+00
1.22258852e+00
1.23091575e+00
1.22561661e+00
1.23621490e+00
1.24000000e+00
1.24378510e+00
1.21804640e+00
1.22713065e+00
1.24151404e+00
1.26271062e+00
1.25589744e+00
1.26271062e+00
1.27936508e+00
1.24681319e+00
1.23848596e+00
1.27103785e+00
1.21728938e+00
1.24378510e+00
1.25438339e+00
1.25892552e+00
1.22940171e+00
1.25892552e+00
1.25816850e+00
1.25892552e+00
1.25286935e+00
1.24681319e+00
1.25741148e+00
1.25968254e+00
1.24908425e+00
1.23848596e+00
1.27709402e+00
1.27103785e+00
1.27557998e+00
1.23772894e+00
1.19079365e+00
1.23848596e+00
1.23545788e+00
1.22713065e+00
1.23545788e+00
1.23091575e+00
1.22561661e+00
1.21956044e+00
1.26346764e+00
1.26498168e+00
1.23621490e+00
1.22410256e+00
1.21199023e+00
1.25589744e+00
1.22864469e+00
1.23924298e+00
1.27406593e+00
1.23470085e+00
1.21956044e+00
1.24681319e+00
1.24832723e+00
1.23167277e+00
1.24984127e+00
1.24757021e+00
1.17489621e+00
1.24000000e+00
1.26498168e+00
1.24302808e+00
1.26876679e+00
1.24984127e+00
1.21804640e+00
1.25589744e+00
1.23015873e+00
1.24454212e+00
1.22864469e+00
1.25665446e+00
1.24757021e+00
1.24605617e+00
1.23697192e+00
1.25589744e+00
1.23318681e+00
1.25892552e+00
1.23015873e+00
1.23242979e+00
1.24454212e+00
1.26195360e+00
1.22485958e+00
1.24075702e+00
1.23470085e+00
1.24302808e+00
1.24075702e+00
1.23318681e+00
1.24227106e+00
1.23621490e+00
1.23394383e+00
1.25438339e+00
1.26422466e+00
1.23545788e+00
1.20896215e+00
1.24681319e+00
1.25362637e+00
1.24529915e+00
1.28163614e+00
1.24605617e+00
1.24075702e+00
1.24075702e+00
1.23242979e+00
1.25968254e+00
1.24378510e+00
1.25741148e+00
1.25968254e+00
1.24832723e+00
1.25514042e+00
1.25892552e+00
1.24757021e+00
1.22410256e+00
1.23772894e+00
1.24227106e+00
1.26573871e+00
1.19003663e+00
1.27785104e+00
1.22788767e+00
1.22561661e+00
1.23772894e+00
1.23470085e+00
1.24151404e+00
1.20442002e+00
1.24378510e+00
1.24378510e+00
1.22031746e+00
1.27406593e+00
1.23470085e+00
1.20139194e+00
1.23091575e+00
1.23545788e+00
1.23318681e+00
1.24151404e+00
1.23394383e+00
1.25362637e+00
1.25059829e+00
1.23318681e+00
1.24378510e+00
1.25135531e+00
1.25362637e+00
1.25362637e+00
1.24681319e+00
1.22637363e+00
1.23621490e+00
1.23924298e+00
1.23621490e+00
1.24378510e+00
1.23697192e+00
1.25514042e+00
1.22788767e+00
1.24605617e+00
1.26271062e+00
1.23545788e+00
1.24984127e+00
1.24454212e+00
1.25059829e+00
1.24151404e+00
1.23242979e+00
1.25059829e+00
1.24302808e+00
1.25968254e+00
1.22258852e+00
1.26876679e+00
1.24984127e+00
1.27860806e+00
1.22561661e+00
1.27557998e+00
1.23621490e+00
1.25816850e+00
1.24454212e+00
1.23167277e+00
1.23697192e+00
1.24151404e+00
1.24454212e+00
1.25892552e+00
1.24908425e+00
1.22334554e+00
1.21123321e+00
1.28239316e+00
1.24605617e+00
1.24984127e+00
1.24302808e+00
1.24529915e+00
1.24302808e+00
1.26498168e+00
1.26422466e+00
1.24075702e+00
1.23697192e+00
1.23848596e+00
1.25059829e+00
1.24075702e+00
1.24529915e+00
1.24454212e+00
1.23545788e+00
1.24075702e+00
1.23772894e+00
1.22713065e+00
1.21728938e+00
1.24378510e+00
1.26195360e+00
1.23924298e+00
1.26346764e+00
1.26573871e+00
1.23242979e+00
1.24075702e+00
1.23470085e+00
1.24227106e+00
1.23545788e+00
1.22788767e+00
1.24075702e+00
1.21956044e+00
1.23772894e+00
1.26800977e+00
1.23621490e+00
1.25286935e+00
1.23470085e+00
1.23318681e+00
1.21274725e+00
1.27330891e+00
1.24378510e+00
1.25968254e+00
1.25589744e+00
1.25892552e+00
1.23621490e+00
1.25741148e+00
1.23621490e+00
1.23394383e+00
1.15294261e+00
1.23772894e+00
1.23394383e+00
1.24378510e+00
1.28315018e+00
1.24908425e+00
1.24151404e+00
1.22561661e+00
1.24454212e+00
1.24378510e+00
1.24605617e+00
1.24529915e+00
1.24605617e+00
1.24378510e+00
1.25438339e+00
1.23470085e+00
1.23091575e+00
1.24832723e+00
1.22788767e+00
1.18095238e+00
1.23242979e+00
1.26119658e+00
1.22410256e+00
1.23772894e+00
1.27557998e+00
1.24454212e+00
1.24302808e+00
1.23772894e+00
1.24681319e+00
1.24984127e+00
1.27557998e+00
1.24454212e+00
1.26876679e+00
1.25211233e+00
1.26649573e+00
1.26422466e+00
1.24454212e+00
1.22183150e+00
1.24075702e+00
1.26119658e+00
1.24378510e+00
1.29223443e+00
1.22334554e+00
1.25892552e+00
1.25286935e+00
1.24151404e+00
1.23848596e+00
1.24605617e+00
1.25589744e+00
1.25892552e+00
1.24681319e+00
1.25816850e+00
1.24302808e+00
1.21350427e+00
1.21653236e+00
1.24378510e+00
1.23545788e+00
1.23924298e+00
1.21501832e+00
1.23167277e+00
1.23848596e+00
1.23015873e+00
1.24302808e+00
1.23167277e+00
1.23697192e+00
1.24529915e+00
1.24605617e+00
1.21728938e+00
1.26573871e+00
1.24832723e+00
1.26876679e+00
1.26346764e+00
1.23697192e+00
1.23091575e+00
1.23318681e+00
1.23772894e+00
1.25438339e+00
1.25438339e+00
1.23394383e+00
1.22561661e+00
1.24984127e+00
1.24529915e+00
1.24908425e+00
1.25286935e+00
1.25135531e+00
1.21880342e+00
1.23621490e+00
1.22183150e+00
1.24681319e+00
1.28542125e+00
1.25438339e+00
1.23697192e+00
1.21804640e+00
1.26346764e+00
1.23924298e+00
1.23848596e+00
1.22561661e+00
1.22864469e+00
1.23545788e+00
1.23167277e+00
1.21653236e+00
1.22864469e+00
1.23394383e+00
1.25892552e+00
1.21728938e+00
1.22940171e+00
1.24151404e+00
1.26498168e+00
1.29526252e+00
1.24908425e+00
1.25059829e+00
1.24075702e+00
1.24757021e+00
1.24757021e+00
1.24757021e+00
1.25816850e+00
1.23470085e+00
1.22183150e+00
1.24908425e+00
1.23848596e+00
1.23772894e+00
1.26119658e+00
1.26649573e+00
1.23848596e+00
1.25211233e+00
1.24151404e+00
1.27860806e+00
1.24529915e+00
1.25514042e+00
1.24454212e+00
1.24681319e+00
1.25589744e+00
1.23621490e+00
1.25665446e+00
1.21350427e+00
1.27406593e+00
1.23772894e+00
1.22940171e+00
1.22940171e+00
1.24075702e+00
1.23697192e+00
1.24151404e+00
1.22788767e+00
1.22410256e+00
1.23091575e+00
1.22788767e+00
1.24075702e+00
1.23242979e+00
1.24681319e+00
1.24378510e+00
1.28769231e+00
1.27633700e+00
1.27936508e+00
1.23924298e+00
1.24454212e+00
1.27406593e+00
1.24378510e+00
1.23091575e+00
1.22788767e+00
1.26573871e+00
1.23697192e+00
1.24454212e+00
1.23318681e+00
1.25135531e+00
1.24302808e+00
1.23470085e+00
1.25438339e+00
1.22183150e+00
1.30207570e+00
1.25059829e+00
1.24075702e+00
1.27103785e+00
1.26725275e+00
1.23242979e+00
1.27633700e+00
1.24378510e+00
1.23772894e+00
1.22713065e+00
1.20971917e+00
1.20669109e+00
1.23242979e+00
1.25362637e+00
1.23015873e+00
1.24908425e+00
1.23318681e+00
1.28087912e+00
1.25892552e+00
1.27330891e+00
1.24378510e+00
1.27255189e+00
1.24454212e+00
1.26195360e+00
1.25589744e+00
1.25362637e+00
1.24454212e+00
1.24681319e+00
1.24832723e+00
1.25589744e+00
1.24151404e+00
1.23470085e+00
1.27709402e+00
1.24605617e+00
1.21274725e+00
1.21804640e+00
1.24908425e+00
1.25211233e+00
1.26043956e+00
1.23242979e+00
1.24227106e+00
1.24151404e+00
1.24227106e+00
1.25362637e+00
1.23091575e+00
1.22485958e+00
1.23091575e+00
1.22713065e+00
1.24605617e+00
1.26725275e+00
1.24227106e+00
1.21804640e+00
1.23167277e+00
1.23924298e+00
1.20896215e+00
1.23167277e+00
1.24075702e+00
1.21653236e+00
1.22183150e+00
1.23545788e+00
1.24302808e+00
1.24378510e+00
1.24227106e+00
1.26876679e+00
1.27709402e+00
1.24605617e+00
1.24757021e+00
1.22637363e+00
1.25892552e+00
1.25589744e+00
1.24075702e+00
1.29299145e+00
1.23697192e+00
1.21728938e+00
1.24454212e+00
1.23848596e+00
1.24227106e+00
1.22940171e+00
1.24605617e+00
1.24908425e+00
1.24681319e+00
1.26195360e+00
1.23015873e+00
1.23621490e+00
1.28390720e+00
1.24302808e+00
1.24454212e+00
1.24757021e+00
1.27330891e+00
1.26119658e+00
1.24227106e+00
1.21653236e+00
1.24378510e+00
1.22637363e+00
1.24757021e+00
1.24378510e+00
1.21501832e+00
1.23318681e+00
1.22561661e+00
1.27482295e+00
1.24605617e+00
1.24302808e+00
1.24302808e+00
1.24681319e+00
1.25589744e+00
1.23697192e+00
1.25741148e+00
1.28163614e+00
1.24075702e+00
1.25589744e+00
1.24984127e+00
1.23167277e+00
1.25362637e+00
1.24984127e+00
1.24832723e+00
1.24908425e+00
1.24151404e+00
1.25286935e+00
1.22107448e+00
1.23772894e+00
1.22864469e+00
1.24302808e+00
1.22940171e+00
1.28466422e+00
1.27633700e+00
1.20744811e+00
1.23470085e+00
1.23091575e+00
1.25892552e+00
1.24757021e+00
1.25135531e+00
1.23167277e+00
1.24302808e+00
1.26725275e+00
1.26271062e+00
1.26952381e+00
1.22788767e+00
1.26195360e+00
1.22864469e+00
1.22637363e+00
1.23697192e+00
1.21804640e+00
1.22940171e+00
1.25665446e+00
1.25059829e+00
1.24227106e+00
1.23015873e+00
1.24454212e+00
1.24832723e+00
1.25362637e+00
1.24529915e+00
1.26195360e+00
1.22410256e+00
1.24681319e+00
1.23470085e+00
1.24378510e+00
1.24378510e+00
1.23848596e+00
1.24681319e+00
1.24302808e+00
1.24000000e+00
1.24378510e+00
1.24984127e+00
1.25286935e+00
1.23772894e+00
1.22410256e+00
1.26271062e+00
1.26498168e+00
1.24529915e+00
1.25438339e+00
1.24000000e+00
1.23772894e+00
1.22788767e+00
1.23167277e+00
1.23091575e+00
1.23924298e+00
1.26119658e+00
1.24075702e+00
1.22713065e+00
1.24075702e+00
1.24984127e+00
1.24378510e+00
1.26271062e+00
1.22258852e+00
1.21728938e+00
1.25892552e+00
1.25211233e+00
1.23697192e+00
1.21199023e+00
1.25892552e+00
1.24681319e+00
1.23242979e+00
1.24454212e+00
1.25589744e+00
1.23167277e+00
1.24757021e+00
1.24757021e+00
1.24378510e+00
1.21728938e+00
1.19836386e+00
1.22410256e+00
1.25892552e+00
1.27785104e+00
1.23772894e+00
1.20971917e+00
1.25211233e+00
1.27860806e+00
1.22788767e+00
1.24908425e+00
1.24075702e+00
1.23772894e+00
1.23394383e+00
1.22637363e+00
1.22788767e+00
1.23772894e+00
1.23015873e+00
1.20517705e+00
1.21123321e+00
1.22410256e+00
1.23470085e+00
1.24151404e+00
1.18398046e+00
1.23167277e+00
1.23848596e+00
1.26498168e+00
1.23545788e+00
1.24681319e+00
1.22107448e+00
1.24984127e+00
1.24984127e+00
1.24757021e+00
1.24302808e+00
1.26195360e+00
1.32630037e+00
1.21501832e+00
1.24378510e+00
1.28466422e+00
1.22940171e+00
1.28163614e+00
1.24378510e+00
1.25665446e+00
1.20517705e+00
1.24454212e+00
1.25286935e+00
1.24000000e+00
1.24757021e+00
1.23242979e+00
1.23848596e+00
1.25892552e+00
1.23242979e+00
1.22107448e+00
1.24984127e+00
1.20442002e+00
1.20971917e+00
1.27103785e+00
1.21653236e+00
1.27482295e+00
1.22485958e+00
1.23470085e+00
1.24227106e+00
1.24075702e+00
1.23621490e+00
1.24000000e+00
1.25135531e+00
1.25892552e+00
1.23772894e+00
1.24984127e+00
1.25892552e+00
1.22713065e+00
1.25741148e+00
1.29526252e+00
1.24378510e+00
1.25968254e+00
1.23848596e+00
1.27103785e+00
1.24302808e+00
1.24378510e+00
1.21880342e+00
1.25286935e+00
1.25438339e+00
1.25968254e+00
1.24000000e+00
1.25816850e+00
1.27179487e+00
1.26119658e+00
1.28466422e+00
1.27860806e+00
1.24832723e+00
1.23697192e+00
1.24984127e+00
1.25968254e+00
1.24605617e+00
1.22788767e+00
1.22258852e+00
1.23394383e+00
1.23545788e+00
1.24454212e+00
1.22485958e+00
1.23545788e+00
1.21350427e+00
1.27785104e+00
1.23015873e+00
1.23242979e+00
1.27633700e+00
1.25968254e+00
1.28920635e+00
1.26043956e+00
1.24984127e+00
1.23697192e+00
1.23470085e+00
1.23772894e+00
1.25059829e+00
1.24378510e+00
1.24605617e+00
1.25059829e+00
1.24227106e+00
1.22864469e+00
1.25059829e+00
1.21728938e+00
1.24681319e+00
1.24075702e+00
1.24075702e+00
1.24302808e+00
1.25438339e+00
1.26195360e+00
1.24757021e+00
1.24681319e+00
1.23470085e+00
1.25211233e+00
1.22940171e+00
1.25059829e+00
1.24605617e+00
1.28012210e+00
1.26346764e+00
1.26119658e+00
1.23621490e+00
1.20744811e+00
1.25589744e+00
1.22334554e+00
1.23470085e+00
1.24378510e+00
1.25892552e+00
1.24984127e+00
1.24378510e+00
1.24075702e+00
1.25589744e+00
1.23318681e+00
1.24302808e+00
1.27936508e+00
1.25286935e+00
1.25892552e+00
1.24227106e+00
1.22788767e+00
1.21123321e+00
1.24908425e+00
1.24302808e+00
1.25514042e+00
1.21274725e+00
1.24454212e+00
1.25816850e+00
1.25514042e+00
1.25211233e+00
1.23772894e+00
1.24454212e+00
1.24984127e+00
1.26271062e+00
1.24529915e+00
1.24908425e+00
1.24151404e+00
1.26800977e+00
1.22637363e+00
1.26422466e+00
1.23470085e+00
1.21880342e+00
1.21123321e+00
1.22258852e+00
1.22485958e+00
1.23394383e+00
1.24075702e+00
1.25211233e+00
1.23015873e+00
1.22183150e+00
1.24378510e+00
1.23545788e+00
1.22713065e+00
1.24681319e+00
1.25362637e+00
1.25741148e+00
1.25438339e+00
1.27709402e+00
1.24832723e+00
1.26573871e+00
1.24227106e+00
1.23167277e+00
1.23772894e+00
1.25514042e+00
1.25741148e+00
1.22864469e+00
1.24681319e+00
1.25665446e+00
1.27028083e+00
1.23470085e+00
1.28163614e+00
1.21653236e+00
1.20290598e+00
1.25211233e+00
1.26725275e+00
1.22561661e+00
1.24151404e+00
1.24681319e+00
1.24075702e+00
1.24832723e+00
1.24302808e+00
1.25514042e+00
1.25362637e+00
1.23848596e+00
1.24605617e+00
1.21199023e+00
1.27406593e+00
1.22788767e+00
1.23394383e+00
1.24681319e+00
1.24302808e+00
1.25438339e+00
1.23015873e+00
1.24757021e+00
1.23545788e+00
1.23242979e+00
1.24000000e+00
1.23621490e+00
1.24984127e+00
1.24151404e+00
1.26876679e+00
1.23318681e+00
1.31570208e+00
1.24075702e+00
1.23545788e+00
1.25589744e+00
1.26876679e+00
1.26346764e+00
1.24075702e+00
1.24227106e+00
1.24681319e+00
1.25059829e+00
1.24908425e+00
1.25362637e+00
1.25438339e+00
1.24454212e+00
1.25665446e+00
1.27179487e+00
1.21956044e+00
1.22031746e+00
1.23242979e+00
1.20744811e+00
1.23772894e+00
1.21426129e+00
1.25741148e+00
1.26573871e+00
1.24378510e+00
1.22258852e+00
1.22637363e+00
1.23091575e+00
1.23924298e+00
1.22561661e+00
1.23015873e+00
1.23772894e+00
1.27255189e+00
1.25968254e+00
1.28693529e+00
1.23545788e+00
1.24529915e+00
1.19684982e+00
1.28542125e+00
1.25438339e+00
1.26498168e+00
1.23167277e+00
1.24378510e+00
1.22713065e+00
1.23697192e+00
1.23772894e+00
1.23772894e+00
1.24075702e+00
1.24605617e+00
1.24151404e+00
1.26498168e+00
1.25589744e+00
1.24984127e+00
1.33311355e+00
1.28617827e+00
1.23772894e+00
1.21123321e+00
1.23924298e+00
1.23924298e+00
1.23394383e+00
1.22940171e+00
1.23091575e+00
1.25059829e+00
1.22334554e+00
1.25362637e+00
1.21199023e+00
1.24832723e+00
1.23242979e+00
1.26952381e+00
1.22258852e+00
1.24529915e+00
1.23470085e+00
1.24681319e+00
1.22485958e+00
1.23318681e+00
1.23470085e+00
1.23848596e+00
1.26422466e+00
1.25211233e+00
1.24984127e+00
1.25211233e+00
1.25135531e+00
1.25892552e+00
1.23772894e+00
1.23470085e+00
1.17262515e+00
1.26573871e+00
1.24757021e+00
1.26346764e+00
1.26498168e+00
1.22637363e+00
1.23924298e+00
1.25211233e+00
1.23924298e+00
1.24454212e+00
1.25589744e+00
1.23015873e+00
1.25211233e+00
1.22258852e+00
1.23697192e+00
1.21880342e+00
1.23167277e+00
1.23697192e+00
1.21653236e+00
1.23091575e+00
1.25059829e+00
1.22031746e+00
1.25514042e+00
1.24529915e+00
1.23015873e+00
1.24075702e+00
1.24908425e+00
1.25438339e+00
1.24227106e+00
1.25892552e+00
1.26952381e+00
1.21880342e+00
1.24151404e+00
1.23772894e+00
1.25892552e+00
1.25135531e+00
1.25665446e+00
1.27103785e+00
1.25211233e+00
1.25286935e+00
1.24757021e+00
1.24832723e+00
1.24681319e+00
1.24454212e+00
1.23848596e+00
1.25059829e+00
1.23924298e+00
1.25438339e+00
1.24605617e+00
1.23470085e+00
1.19155067e+00
1.25211233e+00
1.23242979e+00
1.22637363e+00
1.24378510e+00
1.24908425e+00
1.23167277e+00
1.24605617e+00
1.23772894e+00
1.25438339e+00
1.21956044e+00
1.24227106e+00
1.22864469e+00
1.27330891e+00
1.22561661e+00
1.21047619e+00
1.26346764e+00
1.25059829e+00
1.26119658e+00
1.24681319e+00
1.24151404e+00
1.24454212e+00
1.24378510e+00
1.23848596e+00
1.25286935e+00
1.23848596e+00
1.25665446e+00
1.24529915e+00
1.23242979e+00
1.24454212e+00
1.22410256e+00
1.22258852e+00
1.25059829e+00
1.24302808e+00
1.23470085e+00
1.21426129e+00
1.24000000e+00
1.26195360e+00
1.27709402e+00
1.27633700e+00
1.24984127e+00
1.24908425e+00
1.24151404e+00
1.24908425e+00
1.25665446e+00
1.24454212e+00
1.27936508e+00
1.22485958e+00
1.25286935e+00
1.23924298e+00
1.22864469e+00
1.22788767e+00
1.23772894e+00
1.25438339e+00
1.27557998e+00
1.20971917e+00
1.22864469e+00
1.23772894e+00
1.23621490e+00
1.23167277e+00
1.22940171e+00
1.24757021e+00
1.23848596e+00
1.23318681e+00
1.24605617e+00
1.27709402e+00
1.23621490e+00
1.32402930e+00
1.24757021e+00
1.23167277e+00
1.25438339e+00
1.25362637e+00
1.25059829e+00
1.24151404e+00
1.24984127e+00
1.23848596e+00
1.26119658e+00
1.24984127e+00
1.23318681e+00
1.23697192e+00
1.25892552e+00
1.25059829e+00
1.27936508e+00
1.30888889e+00
1.24378510e+00
1.28617827e+00
1.24151404e+00
1.21880342e+00
1.22637363e+00
1.24302808e+00
1.24075702e+00
1.23772894e+00
1.24302808e+00
1.24151404e+00
1.24227106e+00
1.24227106e+00
1.22788767e+00
1.23545788e+00
1.24681319e+00
1.24529915e+00
1.25286935e+00
1.24832723e+00
1.26649573e+00
1.24681319e+00
1.24075702e+00
1.25589744e+00
1.23242979e+00
1.24605617e+00
1.24151404e+00
1.25665446e+00
1.24454212e+00
1.23848596e+00
1.24378510e+00
1.23924298e+00
1.23318681e+00
1.23394383e+00
1.25286935e+00
1.22183150e+00
1.23394383e+00
1.23621490e+00
1.23318681e+00
1.26195360e+00
1.25892552e+00
1.22864469e+00
1.23545788e+00
1.23242979e+00
1.24529915e+00
1.22183150e+00
1.23091575e+00
1.23242979e+00
1.26043956e+00
1.24378510e+00
1.24908425e+00
1.21956044e+00
1.24000000e+00
1.23470085e+00
1.24075702e+00
1.20971917e+00
1.24757021e+00
1.23697192e+00
1.24075702e+00
1.24000000e+00
1.24832723e+00
1.23848596e+00
1.24378510e+00
1.24075702e+00
1.25286935e+00
1.22258852e+00
1.26800977e+00
1.23848596e+00
1.23697192e+00
1.22788767e+00
1.24454212e+00
1.25286935e+00
1.21577534e+00
1.28617827e+00
1.26043956e+00
1.25892552e+00
1.25286935e+00
1.26119658e+00
1.23318681e+00
1.24757021e+00
1.25514042e+00
1.24757021e+00
1.25286935e+00
1.18625153e+00
1.23167277e+00
1.22561661e+00
1.24227106e+00
1.25135531e+00
1.22637363e+00
1.23242979e+00
1.27482295e+00
1.24529915e+00
1.23848596e+00
1.23848596e+00
1.24984127e+00
1.23772894e+00
1.23924298e+00
1.25589744e+00
1.23772894e+00
1.25892552e+00
1.25589744e+00
1.21350427e+00
1.24984127e+00
1.26195360e+00
1.24529915e+00
1.24757021e+00
1.23242979e+00
1.23697192e+00
1.24227106e+00
1.22561661e+00
1.25059829e+00
1.24681319e+00
1.24000000e+00
1.25286935e+00
1.25589744e+00
1.23394383e+00
1.25741148e+00
1.24227106e+00
1.23697192e+00
1.24151404e+00
1.22334554e+00
1.24378510e+00
1.24000000e+00
1.24227106e+00
1.23545788e+00
1.22864469e+00
1.24000000e+00
1.24151404e+00
1.23470085e+00
1.23015873e+00
1.21123321e+00
1.23242979e+00
1.22410256e+00
1.24227106e+00
1.25211233e+00
1.22258852e+00
1.24075702e+00
1.20744811e+00
1.23545788e+00
1.28617827e+00
1.23470085e+00
1.25589744e+00
1.24378510e+00
1.23772894e+00
1.24757021e+00
1.25589744e+00
1.24681319e+00
1.25135531e+00
1.29299145e+00
1.23242979e+00
1.25892552e+00
1.24075702e+00
1.22031746e+00
1.25589744e+00
1.22637363e+00
1.28769231e+00
1.25059829e+00
1.27028083e+00
1.23318681e+00
1.24605617e+00
1.23621490e+00
1.25059829e+00
1.23621490e+00
1.21426129e+00
1.22561661e+00
1.25059829e+00
1.24605617e+00
1.24681319e+00
1.23470085e+00
1.22637363e+00
1.22485958e+00
1.28315018e+00
1.22864469e+00
1.21350427e+00
1.23242979e+00
1.25286935e+00
1.23091575e+00
1.25741148e+00
1.23394383e+00
1.23621490e+00
1.23924298e+00
1.24302808e+00
1.26195360e+00
1.23697192e+00
1.22258852e+00
1.28087912e+00
1.24757021e+00
1.23242979e+00
1.23470085e+00
1.24075702e+00
1.24681319e+00
1.24757021e+00
1.24075702e+00
1.23848596e+00
1.25741148e+00
1.25362637e+00
1.23621490e+00
1.24378510e+00
1.25362637e+00
1.24832723e+00
1.21274725e+00
1.25892552e+00
1.24302808e+00
1.24227106e+00
1.22864469e+00
1.23772894e+00
1.22561661e+00
1.22788767e+00
1.24075702e+00
1.23848596e+00
1.24378510e+00
1.23545788e+00
1.23015873e+00
1.22258852e+00
1.23545788e+00
1.23242979e+00
1.26195360e+00
1.27179487e+00
1.20971917e+00
1.27103785e+00
1.23621490e+00
1.23924298e+00
1.25286935e+00
1.24984127e+00
1.25135531e+00
1.24454212e+00
1.23242979e+00
1.24151404e+00
1.23924298e+00
1.23772894e+00
1.24302808e+00
1.23394383e+00
1.26876679e+00
1.24984127e+00
1.22713065e+00
1.24454212e+00
1.24151404e+00
1.23242979e+00
1.24378510e+00
1.24075702e+00
1.27103785e+00
1.23772894e+00
1.24529915e+00
1.24984127e+00
1.24000000e+00
1.25589744e+00
1.22940171e+00
1.25059829e+00
1.22561661e+00
1.21577534e+00
1.24000000e+00
1.28163614e+00
1.22940171e+00
1.22031746e+00
1.23697192e+00
1.27255189e+00
1.23772894e+00
1.23470085e+00
1.24151404e+00
1.25892552e+00
1.25362637e+00
1.24000000e+00
1.24151404e+00
1.26573871e+00
1.25968254e+00
1.25286935e+00
1.21956044e+00
1.26271062e+00
1.25816850e+00
1.33765568e+00
1.24454212e+00
1.23470085e+00
1.23621490e+00
1.27785104e+00
1.23848596e+00
1.23924298e+00
1.25286935e+00
1.23545788e+00
1.23470085e+00
1.23470085e+00
1.24605617e+00
1.24681319e+00
1.27709402e+00
1.23772894e+00
1.21880342e+00
1.24454212e+00
1.21199023e+00
1.24832723e+00
1.27103785e+00
1.24605617e+00
1.22713065e+00
1.21123321e+00
1.22561661e+00
1.22107448e+00
1.23242979e+00
1.23091575e+00
1.23621490e+00
1.25286935e+00
1.25211233e+00
1.23470085e+00
1.20896215e+00
1.25059829e+00
1.24454212e+00
1.24454212e+00
1.22940171e+00
1.25741148e+00
1.28239316e+00
1.22561661e+00
1.25059829e+00
1.25286935e+00
1.23697192e+00
1.23470085e+00
1.24529915e+00
1.25589744e+00
1.23924298e+00
1.25892552e+00
1.26422466e+00
1.24227106e+00
1.24605617e+00
1.23015873e+00
1.22183150e+00
1.24681319e+00
1.23772894e+00
1.25211233e+00
1.22788767e+00
1.23545788e+00
1.24000000e+00
1.24151404e+00
1.23167277e+00
1.25589744e+00
1.25892552e+00
1.24000000e+00
1.22334554e+00
1.21956044e+00
1.22258852e+00
1.23772894e+00
1.23318681e+00
1.26573871e+00
1.25286935e+00
1.24454212e+00
1.27785104e+00
1.24757021e+00
1.25286935e+00
1.24454212e+00
1.24000000e+00
1.24227106e+00
1.27179487e+00
1.24681319e+00
1.22561661e+00
1.24378510e+00
1.23545788e+00
1.24075702e+00
1.25892552e+00
1.24454212e+00
1.22410256e+00
1.24378510e+00
1.24605617e+00
1.24832723e+00
1.22713065e+00
1.24681319e+00
1.24757021e+00
1.23470085e+00
1.23091575e+00
1.24681319e+00
1.24757021e+00
1.22637363e+00
1.24075702e+00
1.27330891e+00
1.23167277e+00
1.24302808e+00
1.22788767e+00
1.22940171e+00
1.23015873e+00
1.22031746e+00
1.22334554e+00
1.23772894e+00
1.23697192e+00
1.22864469e+00
1.22788767e+00
1.23848596e+00
1.23697192e+00
1.23318681e+00
1.24302808e+00
1.24605617e+00
1.28163614e+00
1.26573871e+00
1.28087912e+00
1.24454212e+00
1.25816850e+00
1.24151404e+00
1.23697192e+00
1.23772894e+00
1.24454212e+00
1.25438339e+00
1.24378510e+00
1.24605617e+00
1.24454212e+00
1.26346764e+00
1.24681319e+00
1.23091575e+00
1.22713065e+00
1.31115995e+00
1.24832723e+00
1.28239316e+00
1.24302808e+00
1.20971917e+00
1.23848596e+00
1.24075702e+00
1.24681319e+00
1.23848596e+00
1.23015873e+00
1.23545788e+00
1.24908425e+00
1.24075702e+00
1.24378510e+00
1.24984127e+00
1.26725275e+00
1.23394383e+00
1.22561661e+00
1.24151404e+00
1.26346764e+00
1.27482295e+00
1.24075702e+00
1.26800977e+00
1.24605617e+00
1.25438339e+00
1.24605617e+00
1.23470085e+00
1.24378510e+00
1.24529915e+00
1.26952381e+00
1.24757021e+00
1.24302808e+00
1.21577534e+00
1.27406593e+00
1.21501832e+00
1.25211233e+00
1.24302808e+00
1.22183150e+00
1.24454212e+00
1.23394383e+00
1.23091575e+00
1.24000000e+00
1.24227106e+00
1.23318681e+00
1.24302808e+00
1.23697192e+00
1.24000000e+00
1.22864469e+00
1.25514042e+00
1.25135531e+00
1.22637363e+00
1.24757021e+00
1.24000000e+00
1.22107448e+00
1.19760684e+00
1.23167277e+00
1.24151404e+00
1.25286935e+00
1.23394383e+00
1.23697192e+00
1.25135531e+00
1.23697192e+00
1.23772894e+00
1.24151404e+00
1.25968254e+00
1.24151404e+00
1.24681319e+00
1.24681319e+00
1.24908425e+00
1.23545788e+00
1.22713065e+00
1.27255189e+00
1.24757021e+00
1.27785104e+00
1.25286935e+00
1.26119658e+00
1.24454212e+00
1.23621490e+00
1.23848596e+00
1.25362637e+00
1.27103785e+00
1.23621490e+00
1.25362637e+00
1.24757021e+00
1.24984127e+00
1.24908425e+00
1.24681319e+00
1.23621490e+00
1.22561661e+00
1.23242979e+00
1.24302808e+00
1.23318681e+00
1.23697192e+00
1.23545788e+00
1.23394383e+00
1.24454212e+00
1.24529915e+00
1.25135531e+00
1.20744811e+00
1.22561661e+00
1.21047619e+00
1.24832723e+00
1.25211233e+00
1.21199023e+00
1.23545788e+00
1.22031746e+00
1.24681319e+00
1.24151404e+00
1.24378510e+00
1.24984127e+00
1.24757021e+00
1.22334554e+00
1.23545788e+00
1.24984127e+00
1.24075702e+00
1.26498168e+00
1.24075702e+00
1.25286935e+00
1.23015873e+00
1.24832723e+00
1.25362637e+00
1.26422466e+00
1.23772894e+00
1.23545788e+00
1.22107448e+00
1.25135531e+00
1.24151404e+00
1.23015873e+00
1.23394383e+00
1.23848596e+00
1.23470085e+00
1.25059829e+00
1.23470085e+00
1.23318681e+00
1.23242979e+00
1.22410256e+00
1.23394383e+00
1.21880342e+00
1.24378510e+00
1.20366300e+00
1.23318681e+00
1.23697192e+00
1.24000000e+00
1.24681319e+00
1.24378510e+00
1.24302808e+00
1.24302808e+00
1.25059829e+00
1.23772894e+00
1.28315018e+00
1.23924298e+00
1.23167277e+00
1.23167277e+00
1.21199023e+00
1.23242979e+00
1.26271062e+00
1.28542125e+00
1.25135531e+00
1.24302808e+00
1.25059829e+00
1.24832723e+00
1.23848596e+00
1.26271062e+00
1.24000000e+00
1.22031746e+00
1.27103785e+00
1.27633700e+00
1.24302808e+00
1.21880342e+00
1.24075702e+00
1.21956044e+00
1.21426129e+00
1.22788767e+00
1.23848596e+00
1.22788767e+00
1.23242979e+00
1.23242979e+00
1.25741148e+00
1.23697192e+00
1.24378510e+00
1.22864469e+00
1.23242979e+00
1.24378510e+00
1.25286935e+00
1.24378510e+00
1.24454212e+00
1.24529915e+00
1.27482295e+00
1.26573871e+00
1.24227106e+00
1.23545788e+00
1.23545788e+00
1.23318681e+00
1.24984127e+00
1.23470085e+00
1.25514042e+00
1.24984127e+00
1.24605617e+00
1.24757021e+00
1.27330891e+00
1.24908425e+00
1.23318681e+00
1.21577534e+00
1.23470085e+00
1.22864469e+00
1.24984127e+00
1.21653236e+00
1.24908425e+00
1.24605617e+00
1.23697192e+00
1.23394383e+00
1.23015873e+00
1.18852259e+00
1.22485958e+00
1.22107448e+00
1.22788767e+00
1.22410256e+00
1.23242979e+00
1.24984127e+00
1.23848596e+00
1.25059829e+00
1.23015873e+00
1.25514042e+00
1.24757021e+00
1.24605617e+00
1.24454212e+00
1.23848596e+00
1.24529915e+00
1.24075702e+00
1.24681319e+00
1.22031746e+00
1.27482295e+00
1.25211233e+00
1.24075702e+00
1.26043956e+00
1.24075702e+00
1.26876679e+00
1.22864469e+00
1.23470085e+00
1.25741148e+00
1.22864469e+00
1.25589744e+00
1.24227106e+00
1.28012210e+00
1.26195360e+00
1.25589744e+00
1.26725275e+00
1.24605617e+00
1.28390720e+00
1.24454212e+00
1.21956044e+00
1.26649573e+00
1.21047619e+00
1.25059829e+00
1.23318681e+00
1.24302808e+00
1.22183150e+00
1.25211233e+00
1.23772894e+00
1.24454212e+00
1.23470085e+00
1.23772894e+00
1.23242979e+00
1.27103785e+00
1.27179487e+00
1.24832723e+00
1.22334554e+00
1.20744811e+00
1.23470085e+00
1.27255189e+00
1.24075702e+00
1.26346764e+00
1.20366300e+00
1.24605617e+00
1.24984127e+00
1.22183150e+00
1.23772894e+00
1.24529915e+00
1.23848596e+00
1.24757021e+00
1.23772894e+00
1.24075702e+00
1.23772894e+00
1.21501832e+00
1.24681319e+00
1.23167277e+00
1.26271062e+00
1.23242979e+00
1.24454212e+00
1.23318681e+00
1.23545788e+00
1.23772894e+00
1.22864469e+00
1.23015873e+00
1.23167277e+00
1.22864469e+00
1.23470085e+00
1.24227106e+00
1.24151404e+00
1.23318681e+00
1.22788767e+00
1.24227106e+00
1.24151404e+00
1.22940171e+00
1.23470085e+00
1.24681319e+00
1.23394383e+00
1.24757021e+00
1.23545788e+00
1.24302808e+00
1.24681319e+00
1.25741148e+00
1.24984127e+00
1.25741148e+00
1.18549451e+00
1.24832723e+00
1.21047619e+00
1.28390720e+00
1.19684982e+00
1.14537241e+00
1.27936508e+00
1.25589744e+00
1.27028083e+00
1.26725275e+00
1.23621490e+00
1.26119658e+00
1.25741148e+00
1.24984127e+00
1.23167277e+00
1.24454212e+00
1.22940171e+00
1.25665446e+00
1.24454212e+00
1.27860806e+00
1.24075702e+00
1.23015873e+00
1.23697192e+00
1.21426129e+00
1.22561661e+00
1.25816850e+00
1.24454212e+00
1.23167277e+00
1.22788767e+00
1.25211233e+00
1.25286935e+00
1.24681319e+00
1.23091575e+00
1.22940171e+00
1.24908425e+00
1.23394383e+00
1.24984127e+00
1.23015873e+00
1.24227106e+00
1.22864469e+00
1.21880342e+00
1.24681319e+00
1.24984127e+00
1.24529915e+00
1.23470085e+00
1.24000000e+00
1.24605617e+00
1.23848596e+00
1.25589744e+00
1.25135531e+00
1.28769231e+00
1.27330891e+00
1.27709402e+00
1.23167277e+00
1.24454212e+00
1.21728938e+00
1.25968254e+00
1.23015873e+00
1.21728938e+00
1.24605617e+00
1.22637363e+00
1.22183150e+00
1.22940171e+00
1.23167277e+00
1.21880342e+00
1.24075702e+00
1.23470085e+00
1.25665446e+00
1.28239316e+00
1.23470085e+00
1.24000000e+00
1.28466422e+00
1.23924298e+00
1.27633700e+00
1.24454212e+00
1.25514042e+00
1.25514042e+00
1.24378510e+00
1.25589744e+00
1.24378510e+00
1.23470085e+00
1.24151404e+00
1.24984127e+00
1.23697192e+00
1.22485958e+00
1.21577534e+00
1.24151404e+00
1.22788767e+00
1.24454212e+00
1.26195360e+00
1.18852259e+00
1.23470085e+00
1.25968254e+00
1.25589744e+00
1.24984127e+00
1.23242979e+00
1.24908425e+00
1.23697192e+00
1.23167277e+00
1.23167277e+00
1.23091575e+00
1.26952381e+00
1.19079365e+00
1.22485958e+00
1.23242979e+00
1.23621490e+00
1.22788767e+00
1.25741148e+00
1.22031746e+00
1.24605617e+00
1.24908425e+00
1.24075702e+00
1.25438339e+00
1.24529915e+00
1.24757021e+00
1.24151404e+00
1.28693529e+00
1.21804640e+00
1.25362637e+00
1.26346764e+00
1.24681319e+00
1.25362637e+00
1.22258852e+00
1.26195360e+00
1.24075702e+00
1.26422466e+00
1.23015873e+00
1.24378510e+00
1.24000000e+00
1.23924298e+00
1.24681319e+00
1.24984127e+00
1.23772894e+00
1.27103785e+00
1.24227106e+00
1.25892552e+00
1.23697192e+00
1.25589744e+00
1.25362637e+00
1.24227106e+00
1.27557998e+00
1.21047619e+00
1.25135531e+00
1.23394383e+00
1.22258852e+00
1.25589744e+00
1.23470085e+00
1.23318681e+00
1.23924298e+00
1.25135531e+00
1.24302808e+00
1.24227106e+00
1.21804640e+00
1.26195360e+00
1.26952381e+00
1.23848596e+00
1.24227106e+00
1.24454212e+00
1.22334554e+00
1.24984127e+00
1.23772894e+00
1.25892552e+00
1.24000000e+00
1.24529915e+00
1.23470085e+00
1.23545788e+00
1.24605617e+00
1.23318681e+00
1.26800977e+00
1.23242979e+00
1.26725275e+00
1.22334554e+00
1.24757021e+00
1.25286935e+00
1.25892552e+00
1.24000000e+00
1.23545788e+00
1.25514042e+00
1.24984127e+00
1.23470085e+00
1.24151404e+00
1.23167277e+00
1.23924298e+00
1.26876679e+00
1.24757021e+00
1.26271062e+00
1.25438339e+00
1.23242979e+00
1.22334554e+00
1.22031746e+00
1.26725275e+00
1.24378510e+00
1.23924298e+00
1.22788767e+00
1.24302808e+00
1.23848596e+00
1.21880342e+00
1.23242979e+00
1.24984127e+00
1.22637363e+00
1.23848596e+00
1.23470085e+00
1.24908425e+00
1.25892552e+00
1.28012210e+00
1.24454212e+00
1.26876679e+00
1.23848596e+00
1.25589744e+00
1.25438339e+00
1.26195360e+00
1.23924298e+00
1.25286935e+00
1.23621490e+00
1.25665446e+00
1.23470085e+00
1.22637363e+00
1.22561661e+00
1.24227106e+00
1.26119658e+00
1.24984127e+00
1.23545788e+00
1.26725275e+00
1.23697192e+00
1.28920635e+00
1.20896215e+00
1.25741148e+00
1.23621490e+00
1.23848596e+00
1.24454212e+00
1.24832723e+00
1.24984127e+00
1.24984127e+00
1.24908425e+00
1.26195360e+00
1.23772894e+00
1.24000000e+00
1.24984127e+00
1.23772894e+00
1.25059829e+00
1.24454212e+00
1.25059829e+00
1.26119658e+00
1.24605617e+00
1.25286935e+00
1.25589744e+00
1.25211233e+00
1.26195360e+00
1.24454212e+00
1.23697192e+00
1.23848596e+00
1.24681319e+00
1.20214896e+00
1.21577534e+00
1.23394383e+00
1.23772894e+00
1.26573871e+00
1.23394383e+00
1.21880342e+00
1.23848596e+00
1.23091575e+00
1.24302808e+00
1.24075702e+00
1.23470085e+00
1.22485958e+00
1.21956044e+00
1.26271062e+00
1.23394383e+00
1.21653236e+00
1.13477411e+00
1.22864469e+00
1.22940171e+00
1.23772894e+00
1.21350427e+00
1.18095238e+00
1.23772894e+00
1.23697192e+00
1.23924298e+00
1.23242979e+00
1.24757021e+00
1.23091575e+00
1.24000000e+00
1.25665446e+00
1.23924298e+00
1.23772894e+00
1.19684982e+00
1.21123321e+00
1.25211233e+00
1.24529915e+00
1.22788767e+00
1.24454212e+00
1.23167277e+00
1.24000000e+00
1.24832723e+00
1.24681319e+00
1.22561661e+00
1.25589744e+00
1.23091575e+00
1.24681319e+00
1.24000000e+00
1.23470085e+00
1.21426129e+00
1.23167277e+00
1.22107448e+00
1.24302808e+00
1.23924298e+00
1.22713065e+00
1.22031746e+00
1.23015873e+00
1.24984127e+00
1.24000000e+00
1.23545788e+00
1.24908425e+00
1.24681319e+00
1.23848596e+00
1.23772894e+00
1.24000000e+00
1.24984127e+00
1.26119658e+00
1.24000000e+00
1.27179487e+00
1.25211233e+00
1.24757021e+00
1.26800977e+00
1.24302808e+00
1.26725275e+00
1.24757021e+00
1.26043956e+00
1.25286935e+00
1.26119658e+00
1.25135531e+00
1.25589744e+00
1.25816850e+00
1.26119658e+00
1.23394383e+00
1.24605617e+00
1.23394383e+00
1.25892552e+00
1.24454212e+00
1.26195360e+00
1.24832723e+00
1.21501832e+00
1.22561661e+00
1.25892552e+00
1.22258852e+00
1.21350427e+00
1.21956044e+00
1.24454212e+00
1.22485958e+00
1.23015873e+00
1.24151404e+00
1.25514042e+00
1.23545788e+00
1.26876679e+00
1.25892552e+00
1.25362637e+00
1.27255189e+00
1.24529915e+00
1.24529915e+00
1.24681319e+00
1.25589744e+00
1.24605617e+00
1.24908425e+00
1.24378510e+00
1.23318681e+00
1.24227106e+00
1.24681319e+00
1.26498168e+00
1.24681319e+00
1.24681319e+00
1.27103785e+00
1.26800977e+00
1.26119658e+00
1.24000000e+00
1.26119658e+00
1.26725275e+00
1.25589744e+00
1.24529915e+00
1.24757021e+00
1.25968254e+00
1.26119658e+00
1.24378510e+00
1.24681319e+00
1.24984127e+00
1.23621490e+00
1.25135531e+00
1.21804640e+00
1.23697192e+00
1.22788767e+00
1.23394383e+00
1.21577534e+00
1.22940171e+00
1.23318681e+00
1.24378510e+00
1.23242979e+00
1.27103785e+00
1.24151404e+00
1.23621490e+00
1.24681319e+00
1.23091575e+00
1.27406593e+00
1.24378510e+00
1.25059829e+00
1.25968254e+00
1.26119658e+00
1.26043956e+00
1.27936508e+00
1.26422466e+00
1.24000000e+00
1.24984127e+00
1.24757021e+00
1.25514042e+00
1.24302808e+00
1.25211233e+00
1.25286935e+00
1.25968254e+00
1.24605617e+00
1.26725275e+00
1.21350427e+00
1.24984127e+00
1.24984127e+00
1.22788767e+00
1.20290598e+00
1.23242979e+00
1.21653236e+00
1.25059829e+00
1.23772894e+00
1.22334554e+00
1.23772894e+00
1.24832723e+00
1.23167277e+00
1.24227106e+00
1.22788767e+00
1.23772894e+00
1.23470085e+00
1.24151404e+00
1.23772894e+00
1.26649573e+00
1.28617827e+00
1.23091575e+00
1.24151404e+00
1.23848596e+00
1.23621490e+00
1.26195360e+00
1.23545788e+00
1.24378510e+00
1.24075702e+00
1.24984127e+00
1.23545788e+00
1.24529915e+00
1.24454212e+00
1.25211233e+00
1.29147741e+00
1.23394383e+00
1.24000000e+00
1.27028083e+00
1.21728938e+00
1.24681319e+00
1.24227106e+00
1.26573871e+00
1.23697192e+00
1.25059829e+00
1.23394383e+00
1.23167277e+00
1.21804640e+00
1.24681319e+00
1.21653236e+00
1.25514042e+00
1.23318681e+00
1.20820513e+00
1.23167277e+00
1.22637363e+00
1.22031746e+00
1.24000000e+00
1.25892552e+00
1.26573871e+00
1.27860806e+00
1.25892552e+00
1.24908425e+00
1.25059829e+00
1.23924298e+00
1.25968254e+00
1.23470085e+00
1.24681319e+00
1.29223443e+00
1.23015873e+00
1.23772894e+00
1.24227106e+00
1.24908425e+00
1.24908425e+00
1.25514042e+00
1.24529915e+00
1.25059829e+00
1.24757021e+00
1.25589744e+00
1.24832723e+00
1.24681319e+00
1.23091575e+00
1.25135531e+00
1.25362637e+00
1.24984127e+00
1.23545788e+00
1.22258852e+00
1.23091575e+00
1.22637363e+00
1.24378510e+00
1.23394383e+00
1.22410256e+00
1.24378510e+00
1.23242979e+00
1.22637363e+00
1.23697192e+00
1.23015873e+00
1.23167277e+00
1.23242979e+00
1.23697192e+00
1.25211233e+00
1.23091575e+00
1.24075702e+00
1.23772894e+00
1.23394383e+00
1.24757021e+00
1.25665446e+00
1.23394383e+00
1.23394383e+00
1.21804640e+00
1.21199023e+00
1.24681319e+00
1.24984127e+00
1.23772894e+00
1.23470085e+00
1.24681319e+00
1.25589744e+00
1.24454212e+00
1.23848596e+00
1.25286935e+00
1.25589744e+00
1.26573871e+00
1.26195360e+00
1.32175824e+00
1.23697192e+00
1.24681319e+00
1.24378510e+00
1.23167277e+00
1.23697192e+00
1.22940171e+00
1.25135531e+00
1.22561661e+00
1.23621490e+00
1.24378510e+00
1.23091575e+00
1.23242979e+00
1.24681319e+00
1.24378510e+00
1.23470085e+00
1.22107448e+00
1.22334554e+00
1.24984127e+00
1.23394383e+00
1.24984127e+00
1.24302808e+00
1.22940171e+00
1.24605617e+00
1.23772894e+00
1.26800977e+00
1.23924298e+00
1.26271062e+00
1.22864469e+00
1.23470085e+00
1.22485958e+00
1.24302808e+00
1.23394383e+00
1.24757021e+00
1.27406593e+00
1.22940171e+00
1.24227106e+00
1.24075702e+00
1.24227106e+00
1.26043956e+00
1.23924298e+00
