5.36909636e-01 5.44127562e-01 5.36272760e-01 1.00000000e+00
5.11324958e-01 5.60107779e-01 5.52773209e-01 1.00000000e+00
5.32771110e-01 5.55234396e-01 5.38467999e-01 1.00000000e+00
5.33760250e-01 5.48623019e-01 5.19718655e-01 1.00000000e+00
5.40637576e-01 5.51247507e-01 5.16622925e-01 1.00000000e+00
5.43625993e-01 5.52782541e-01 5.15169542e-01 1.00000000e+00
5.50591968e-01 5.62769593e-01 5.23061670e-01 1.00000000e+00
5.73400520e-01 5.86823903e-01 5.49166579e-01 1.00000000e+00
5.97993725e-01 6.14382195e-01 5.80312839e-01 1.00000000e+00
5.80753753e-01 6.03639290e-01 5.75917696e-01 1.00000000e+00
5.97716112e-01 6.12387584e-01 5.85011256e-01 1.00000000e+00
5.85561815e-01 5.97842087e-01 5.69250330e-01 1.00000000e+00
5.75850043e-01 5.86949878e-01 5.50505651e-01 1.00000000e+00
5.65060480e-01 5.75672744e-01 5.43201409e-01 1.00000000e+00
5.53540726e-01 5.66357560e-01 5.31126430e-01 1.00000000e+00
5.43115093e-01 5.57534614e-01 5.24613034e-01 1.00000000e+00
5.31763306e-01 5.48830645e-01 5.15584794e-01 1.00000000e+00
5.41580059e-01 5.56972390e-01 5.24372747e-01 1.00000000e+00
5.03075900e-01 5.23609896e-01 4.83834319e-01 1.00000000e+00
4.59691360e-01 4.70126325e-01 4.27462645e-01 1.00000000e+00
4.19850462e-01 4.27590953e-01 3.82365772e-01 1.00000000e+00
4.55576163e-01 4.61151742e-01 4.13446711e-01 1.00000000e+00
4.68516639e-01 4.72244579e-01 4.27229357e-01 1.00000000e+00
4.97782599e-01 5.08735463e-01 4.61608986e-01 1.00000000e+00
5.39979704e-01 5.53123141e-01 5.14290047e-01 1.00000000e+00
5.50165051e-01 5.69108024e-01 5.35232296e-01 1.00000000e+00
5.54765487e-01 5.76743535e-01 5.37814793e-01 1.00000000e+00
5.66779811e-01 5.80905390e-01 5.48312746e-01 1.00000000e+00
5.73804108e-01 5.84481693e-01 5.44552146e-01 1.00000000e+00
5.76615227e-01 5.87778050e-01 5.45762910e-01 1.00000000e+00
5.81656577e-01 5.93318636e-01 5.50850917e-01 1.00000000e+00
5.88174639e-01 5.99024857e-01 5.57966197e-01 1.00000000e+00
5.92352825e-01 6.04320491e-01 5.69329647e-01 1.00000000e+00
6.03629959e-01 6.14902427e-01 5.82830015e-01 1.00000000e+00
6.02314215e-01 6.15723601e-01 5.85496495e-01 1.00000000e+00
5.97480491e-01 6.14932755e-01 5.71954136e-01 1.00000000e+00
5.96402701e-01 6.09189208e-01 5.62366005e-01 1.00000000e+00
5.88396263e-01 5.96869277e-01 5.56260862e-01 1.00000000e+00
5.84253071e-01 5.93960178e-01 5.43353046e-01 1.00000000e+00
5.83303589e-01 5.92170860e-01 5.54485542e-01 1.00000000e+00
5.82090492e-01 5.93612579e-01 5.57259334e-01 1.00000000e+00
5.73948747e-01 5.92177859e-01 5.55635651e-01 1.00000000e+00
5.63373809e-01 5.83345581e-01 5.47584888e-01 1.00000000e+00
5.56825419e-01 5.72031121e-01 5.38696621e-01 1.00000000e+00
5.42069963e-01 5.57889212e-01 5.18507891e-01 1.00000000e+00
5.26567986e-01 5.41874001e-01 4.98725082e-01 1.00000000e+00
5.17451097e-01 5.24988627e-01 4.75582928e-01 1.00000000e+00
5.26857263e-01 5.35446921e-01 4.87077020e-01 1.00000000e+00
5.28989514e-01 5.42020973e-01 4.95790321e-01 1.00000000e+00
5.44073906e-01 5.54464546e-01 5.10450129e-01 1.00000000e+00
5.60065787e-01 5.72416046e-01 5.38064411e-01 1.00000000e+00
6.23432183e-01 6.25376762e-01 6.10662778e-01 1.00000000e+00
3.09464686e-01 2.00325667e-01 1.83716670e-01 1.00000000e+00
7.45126034e-01 7.74140043e-01 7.18094971e-01 1.00000000e+00
3.46685664e-01 2.29038605e-01 1.92197571e-01 1.00000000e+00
3.61598480e-01 2.42526630e-01 1.82861795e-01 1.00000000e+00
4.22620259e-01 2.92733564e-01 2.50003392e-01 1.00000000e+00
5.53265273e-01 5.60460217e-01 8.27937125e-01 1.00000000e+00
4.18278038e-01 3.54664496e-01 3.10251713e-01 1.00000000e+00
2.92140658e-01 2.50137741e-01 4.97326203e-01 1.00000000e+00
6.27266683e-01 6.71819995e-01 6.33173531e-01 1.00000000e+00
6.16622566e-01 6.08833706e-01 5.93473099e-01 1.00000000e+00
6.93520592e-01 7.19601058e-01 7.08379130e-01 1.00000000e+00
6.35972985e-01 6.71565711e-01 6.33959711e-01 1.00000000e+00
7.07211149e-01 7.07405607e-01 6.96775239e-01 1.00000000e+00
3.31705000e-01 2.23882217e-01 1.68233937e-01 1.00000000e+00
6.60461210e-01 6.99900853e-01 6.59663366e-01 1.00000000e+00
6.28986014e-01 6.53663202e-01 6.15830913e-01 1.00000000e+00
5.81593589e-01 5.94524734e-01 5.73199893e-01 1.00000000e+00
5.76127655e-01 5.88748527e-01 5.62981885e-01 1.00000000e+00
5.57476292e-01 5.78822130e-01 5.46598080e-01 1.00000000e+00
5.51707084e-01 5.65895650e-01 5.31040114e-01 1.00000000e+00
5.34810045e-01 5.50815924e-01 5.17684385e-01 1.00000000e+00
5.45671927e-01 5.54322240e-01 5.13536527e-01 1.00000000e+00
5.42415229e-01 5.57142691e-01 5.12633703e-01 1.00000000e+00
5.53965310e-01 5.67097083e-01 5.17812693e-01 1.00000000e+00
5.70771366e-01 5.82043835e-01 5.45534287e-01 1.00000000e+00
5.75308815e-01 5.93810874e-01 5.58274137e-01 1.00000000e+00
5.84983262e-01 6.04619099e-01 5.74935554e-01 1.00000000e+00
5.96626658e-01 6.13402387e-01 5.83368910e-01 1.00000000e+00
5.92383152e-01 6.15252359e-01 5.84677655e-01 1.00000000e+00
5.85606140e-01 6.00172633e-01 5.69061366e-01 1.00000000e+00
5.63254832e-01 5.74697601e-01 5.41766689e-01 1.00000000e+00
5.56673782e-01 5.65592376e-01 5.25772474e-01 1.00000000e+00
6.52568465e-01 6.53540755e-01 6.35650624e-01 1.00000000e+00
6.39236682e-01 6.56922233e-01 6.19418880e-01 1.00000000e+00
6.55884103e-01 6.83038807e-01 6.39651935e-01 1.00000000e+00
6.01304079e-01 6.27189698e-01 5.95478882e-01 1.00000000e+00
6.06746684e-01 6.27077720e-01 5.90827122e-01 1.00000000e+00
5.50624628e-01 5.62522308e-01 5.38258040e-01 1.00000000e+00
5.24781001e-01 5.36347412e-01 5.09967223e-01 1.00000000e+00
5.29036171e-01 5.36834984e-01 5.05929011e-01 1.00000000e+00
6.52622295e-01 6.55037655e-01 6.38320103e-01 1.00000000e+00
3.71029242e-01 2.46149671e-01 2.17680982e-01 1.00000000e+00
7.19191424e-01 7.32955407e-01 6.82954824e-01 1.00000000e+00
8.13924951e-01 8.38772439e-01 7.93411951e-01 1.00000000e+00
7.15988382e-01 7.49131586e-01 7.07291412e-01 1.00000000e+00
6.92300335e-01 7.23756867e-01 6.80120377e-01 1.00000000e+00
6.00342933e-01 6.34274650e-01 6.01327408e-01 1.00000000e+00
6.26898088e-01 6.59122138e-01 6.31143927e-01 1.00000000e+00
6.81060527e-01 7.11726213e-01 6.78769640e-01 1.00000000e+00
6.87154005e-01 7.21762256e-01 6.83323419e-01 1.00000000e+00
6.23125824e-01 6.51983530e-01 6.19689494e-01 1.00000000e+00
6.60706162e-01 6.90664987e-01 6.54582356e-01 1.00000000e+00
6.75622587e-01 7.05553417e-01 6.73259381e-01 1.00000000e+00
6.68017403e-01 7.18706186e-01 6.91243541e-01 1.00000000e+00
6.82457921e-01 7.16716240e-01 6.85385683e-01 1.00000000e+00
5.98686589e-01 6.29884173e-01 5.99050518e-01 1.00000000e+00
5.13144603e-01 5.35061996e-01 5.18258273e-01 1.00000000e+00
5.14929255e-01 5.40576921e-01 5.17453430e-01 1.00000000e+00
5.75413794e-01 5.94648377e-01 5.67265050e-01 1.00000000e+00
6.26457174e-01 6.43113926e-01 6.11907011e-01 1.00000000e+00
6.38021253e-01 6.46545590e-01 6.11456766e-01 1.00000000e+00
6.04563110e-01 6.19145933e-01 5.91048745e-01 1.00000000e+00
6.12177625e-01 6.23349780e-01 6.02724802e-01 1.00000000e+00
5.42741832e-01 5.55934259e-01 5.32878422e-01 1.00000000e+00
4.90907606e-01 4.98426474e-01 4.81053528e-01 1.00000000e+00
4.90326720e-01 4.96725805e-01 4.73798276e-01 1.00000000e+00
5.25961438e-01 5.40749554e-01 5.16639255e-01 1.00000000e+00
5.91016085e-01 6.09455156e-01 5.79948910e-01 1.00000000e+00
5.91027750e-01 6.08116084e-01 5.80119210e-01 1.00000000e+00
4.36481553e-01 3.34863702e-01 2.73243051e-01 1.00000000e+00
3.16912202e-01 2.43944431e-01 1.95796153e-01 1.00000000e+00
6.38844509e-01 6.52470481e-01 6.37327524e-01 1.00000000e+00
6.37789661e-01 6.49586777e-01 6.33381948e-01 1.00000000e+00
6.53205781e-01 6.56937377e-01 6.33177285e-01 1.00000000e+00
6.51336898e-01 6.62712688e-01 6.43882677e-01 1.00000000e+00
2.78659995e-01 1.94480410e-01 1.50661954e-01 1.00000000e+00
6.60238307e-01 6.62497647e-01 6.33884720e-01 1.00000000e+00
5.84735051e-01 4.53929671e-01 3.93161562e-01 1.00000000e+00
6.30185114e-01 6.68362669e-01 6.35508742e-01 1.00000000e+00
6.38056246e-01 6.60834471e-01 6.25866956e-01 1.00000000e+00
5.79071748e-01 5.85895417e-01 5.40056689e-01 1.00000000e+00
4.79441509e-01 4.76145152e-01 4.37200079e-01 1.00000000e+00
4.62607458e-01 4.54999942e-01 4.21250190e-01 1.00000000e+00
5.16352311e-01 5.22112188e-01 4.95503377e-01 1.00000000e+00
5.89816986e-01 6.04087203e-01 5.77676686e-01 1.00000000e+00
6.27562959e-01 6.49575999e-01 6.20848934e-01 1.00000000e+00
6.25325728e-01 6.48306913e-01 6.17855851e-01 1.00000000e+00
6.29408265e-01 6.42943626e-01 6.16173846e-01 1.00000000e+00
6.20930585e-01 6.38350188e-01 6.06364092e-01 1.00000000e+00
5.85344858e-01 5.97860750e-01 5.61507506e-01 1.00000000e+00
5.12281438e-01 5.15015572e-01 4.81566761e-01 1.00000000e+00
4.61114416e-01 4.52205153e-01 4.11137162e-01 1.00000000e+00
4.90546010e-01 4.84328889e-01 4.46998169e-01 1.00000000e+00
5.66408884e-01 5.70475091e-01 5.36846648e-01 1.00000000e+00
6.04831391e-01 6.18917311e-01 5.92021556e-01 1.00000000e+00
6.10434965e-01 6.23795360e-01 5.94844339e-01 1.00000000e+00
5.95957122e-01 6.19855128e-01 5.87852702e-01 1.00000000e+00
5.94674039e-01 6.10355647e-01 5.80931052e-01 1.00000000e+00
5.83014312e-01 6.00347599e-01 5.58358120e-01 1.00000000e+00
5.89688677e-01 5.99584748e-01 5.62797588e-01 1.00000000e+00
5.90764134e-01 6.00963479e-01 5.63201176e-01 1.00000000e+00
5.96964925e-01 6.09849413e-01 5.72476700e-01 1.00000000e+00
6.07047626e-01 6.23291458e-01 5.87290478e-01 1.00000000e+00
6.14788116e-01 6.34151007e-01 6.03200709e-01 1.00000000e+00
6.16817721e-01 6.40158169e-01 6.12532223e-01 1.00000000e+00
6.14074256e-01 6.26828102e-01 5.96855280e-01 1.00000000e+00
5.70211475e-01 5.78873453e-01 5.39940045e-01 1.00000000e+00
5.30909473e-01 5.25515858e-01 4.88203800e-01 1.00000000e+00
5.09237032e-01 5.07655341e-01 4.64436435e-01 1.00000000e+00
5.48704669e-01 5.57858884e-01 5.26696294e-01 1.00000000e+00
5.80700097e-01 5.91522320e-01 5.59540890e-01 1.00000000e+00
5.82274790e-01 6.02190573e-01 5.72024122e-01 1.00000000e+00
5.80812075e-01 5.98688922e-01 5.76864845e-01 1.00000000e+00
5.41971982e-01 5.69849879e-01 5.49425529e-01 1.00000000e+00
5.49691477e-01 5.72182758e-01 5.50897575e-01 1.00000000e+00
5.51994028e-01 5.72579347e-01 5.53687698e-01 1.00000000e+00
5.35206635e-01 5.52472268e-01 5.25240578e-01 1.00000000e+00
5.15988382e-01 5.22058532e-01 4.90084100e-01 1.00000000e+00
5.26609978e-01 5.25415544e-01 4.87606583e-01 1.00000000e+00
5.57753905e-01 5.63910371e-01 5.25662829e-01 1.00000000e+00
5.95159277e-01 6.09578799e-01 5.79480001e-01 1.00000000e+00
6.04005552e-01 6.23988989e-01 6.03156385e-01 1.00000000e+00
6.06518062e-01 6.29263627e-01 6.01521037e-01 1.00000000e+00
6.02332878e-01 6.24728511e-01 6.05503260e-01 1.00000000e+00
5.98157026e-01 6.19827134e-01 5.97674120e-01 1.00000000e+00
6.02148581e-01 6.18782004e-01 5.88914162e-01 1.00000000e+00
6.02801787e-01 6.18226779e-01 5.86292006e-01 1.00000000e+00
6.08673642e-01 6.22871540e-01 5.95898800e-01 1.00000000e+00
6.14043928e-01 6.29380271e-01 6.01684338e-01 1.00000000e+00
6.19122604e-01 6.36745168e-01 6.09401500e-01 1.00000000e+00
6.12674528e-01 6.40575754e-01 6.09217203e-01 1.00000000e+00
5.72161762e-01 5.91972565e-01 5.69345978e-01 1.00000000e+00
5.46068517e-01 5.64358283e-01 5.43339049e-01 1.00000000e+00
5.27879064e-01 5.54578857e-01 5.24799664e-01 1.00000000e+00
5.27375162e-01 5.47141641e-01 5.25788805e-01 1.00000000e+00
5.20122243e-01 5.36571369e-01 5.14444017e-01 1.00000000e+00
5.13998437e-01 5.29808354e-01 5.16200674e-01 1.00000000e+00
5.07557360e-01 5.24435735e-01 5.10328819e-01 1.00000000e+00
5.12486732e-01 5.30545544e-01 5.19392052e-01 1.00000000e+00
5.13669501e-01 5.36305420e-01 5.26372024e-01 1.00000000e+00
5.06607878e-01 5.40826539e-01 5.29087495e-01 1.00000000e+00
5.03722108e-01 5.37392542e-01 5.22459787e-01 1.00000000e+00
5.12097141e-01 5.36764997e-01 5.24176786e-01 1.00000000e+00
5.16730238e-01 5.39083879e-01 5.22165844e-01 1.00000000e+00
5.27389159e-01 5.46362459e-01 5.19916950e-01 1.00000000e+00
5.35922828e-01 5.58241476e-01 5.26551656e-01 1.00000000e+00
5.57131026e-01 5.70622062e-01 5.43180413e-01 1.00000000e+00
5.82109155e-01 5.95590860e-01 5.60268748e-01 1.00000000e+00
5.93064352e-01 6.15007407e-01 5.81880533e-01 1.00000000e+00
6.02206903e-01 6.21588457e-01 5.96794625e-01 1.00000000e+00
5.99311801e-01 6.19803805e-01 5.95369236e-01 1.00000000e+00
5.97972729e-01 6.18905647e-01 5.95702838e-01 1.00000000e+00
5.91368350e-01 6.18509057e-01 5.85571147e-01 1.00000000e+00
5.97482824e-01 6.12681527e-01 5.85853425e-01 1.00000000e+00
5.81318310e-01 5.94445416e-01 5.66275910e-01 1.00000000e+00
5.63572103e-01 5.76374940e-01 5.43420700e-01 1.00000000e+00
5.48051463e-01 5.63828720e-01 5.39634438e-01 1.00000000e+00
6.70628944e-01 6.68729222e-01 6.43571477e-01 1.00000000e+00
1.91823341e-01 8.48328357e-02 5.57626617e-02 1.00000000e+00
6.01426025e-01 3.94490358e-01 3.26008751e-01 1.00000000e+00
8.51241675e-01 8.75333310e-01 8.64140159e-01 1.00000000e+00
3.66943113e-01 3.84721979e-01 3.82281788e-01 1.00000000e+00
5.15094890e-01 5.44442500e-01 5.31746976e-01 1.00000000e+00
5.22639419e-01 5.42562200e-01 5.31621001e-01 1.00000000e+00
5.24701683e-01 5.40474274e-01 5.28315312e-01 1.00000000e+00
5.24204780e-01 5.43639990e-01 5.30405571e-01 1.00000000e+00
5.24314425e-01 5.47647875e-01 5.36853647e-01 1.00000000e+00
5.22520442e-01 5.48179772e-01 5.37534847e-01 1.00000000e+00
5.20068587e-01 5.48550699e-01 5.40590918e-01 1.00000000e+00
5.16608928e-01 5.42356907e-01 5.32068913e-01 1.00000000e+00
5.02987251e-01 5.24827659e-01 5.13429215e-01 1.00000000e+00
5.02665314e-01 5.22464453e-01 5.10746404e-01 1.00000000e+00
5.01697169e-01 5.18993130e-01 5.09031739e-01 1.00000000e+00
4.99954509e-01 5.14705299e-01 5.04062708e-01 1.00000000e+00
5.11327291e-01 5.24990960e-01 5.10370811e-01 1.00000000e+00
5.30335585e-01 5.44881082e-01 5.23593566e-01 1.00000000e+00
5.44407507e-01 5.63681749e-01 5.38995229e-01 1.00000000e+00
5.61479511e-01 5.81518937e-01 5.55992581e-01 1.00000000e+00
5.73552157e-01 5.94907326e-01 5.74905227e-01 1.00000000e+00
5.54525201e-01 5.74692935e-01 5.50687616e-01 1.00000000e+00
5.47708530e-01 5.64582240e-01 5.43616661e-01 1.00000000e+00
5.36853647e-01 5.50396006e-01 5.23859514e-01 1.00000000e+00
5.20812775e-01 5.35066662e-01 5.09451657e-01 1.00000000e+00
5.10604099e-01 5.26435012e-01 5.08282885e-01 1.00000000e+00
5.00973977e-01 5.18288600e-01 5.06918151e-01 1.00000000e+00
5.02240730e-01 5.25581178e-01 5.15811084e-01 1.00000000e+00
5.10758069e-01 5.37142924e-01 5.27645776e-01 1.00000000e+00
5.12871657e-01 5.40833537e-01 5.31224411e-01 1.00000000e+00
5.12071479e-01 5.40910522e-01 5.29838681e-01 1.00000000e+00
5.14768287e-01 5.37457862e-01 5.25639500e-01 1.00000000e+00
5.17019515e-01 5.35346607e-01 5.23453593e-01 1.00000000e+00
5.20612147e-01 5.36412733e-01 5.25408545e-01 1.00000000e+00
5.19898287e-01 5.38892583e-01 5.29229800e-01 1.00000000e+00
5.22627754e-01 5.45280004e-01 5.34604752e-01 1.00000000e+00
5.22186840e-01 5.50468325e-01 5.39760413e-01 1.00000000e+00
5.22907700e-01 5.52801204e-01 5.41295447e-01 1.00000000e+00
5.19501697e-01 5.51588107e-01 5.39191191e-01 1.00000000e+00
5.17864017e-01 5.47008667e-01 5.35656880e-01 1.00000000e+00
5.15416827e-01 5.40131341e-01 5.29122488e-01 1.00000000e+00
5.13730156e-01 5.33491969e-01 5.20630810e-01 1.00000000e+00
5.09036405e-01 5.26036090e-01 5.15269856e-01 1.00000000e+00
5.02828615e-01 5.16352311e-01 5.05621071e-01 1.00000000e+00
4.98333158e-01 5.13594849e-01 5.01935123e-01 1.00000000e+00
5.07020798e-01 5.24426404e-01 5.09050402e-01 1.00000000e+00
5.19564685e-01 5.40122010e-01 5.27314507e-01 1.00000000e+00
5.12314099e-01 5.36151450e-01 5.21008737e-01 1.00000000e+00
5.03045573e-01 5.31977931e-01 5.17868682e-01 1.00000000e+00
4.98592108e-01 5.22310483e-01 5.06969474e-01 1.00000000e+00
4.98377483e-01 5.21102052e-01 5.08938424e-01 1.00000000e+00
5.03652121e-01 5.23467590e-01 5.11441602e-01 1.00000000e+00
5.13471206e-01 5.23101329e-01 5.13636841e-01 1.00000000e+00
5.12855327e-01 5.30573538e-01 5.20987741e-01 1.00000000e+00
5.17490756e-01 5.41234793e-01 5.30470892e-01 1.00000000e+00
5.20098914e-01 5.47155638e-01 5.36804656e-01 1.00000000e+00
5.19942611e-01 5.50806593e-01 5.39671764e-01 1.00000000e+00
5.17920006e-01 5.49320549e-01 5.38731614e-01 1.00000000e+00
5.26187727e-01 5.46103510e-01 5.37646826e-01 1.00000000e+00
5.17873348e-01 5.41545065e-01 5.27858068e-01 1.00000000e+00
5.23073334e-01 5.34184834e-01 5.25413211e-01 1.00000000e+00
4.93525096e-01 5.07736991e-01 4.96235901e-01 1.00000000e+00
4.94997142e-01 5.08887100e-01 4.96119257e-01 1.00000000e+00
4.98974700e-01 5.09143717e-01 5.00824673e-01 1.00000000e+00
4.94388261e-01 5.14098751e-01 5.05497428e-01 1.00000000e+00
4.94308943e-01 5.17313457e-01 5.07734658e-01 1.00000000e+00
4.94047661e-01 5.17859351e-01 5.09197373e-01 1.00000000e+00
4.91469830e-01 5.16219337e-01 5.07107114e-01 1.00000000e+00
4.88637716e-01 5.09899570e-01 4.98417142e-01 1.00000000e+00
4.88409094e-01 5.03890075e-01 4.94999475e-01 1.00000000e+00
4.79889422e-01 4.98487128e-01 4.85047416e-01 1.00000000e+00
4.80297675e-01 4.97696283e-01 4.84464196e-01 1.00000000e+00
4.78181755e-01 4.97794263e-01 4.83803992e-01 1.00000000e+00
4.86440144e-01 5.11938505e-01 5.01512872e-01 1.00000000e+00
4.90042108e-01 5.17199146e-01 5.07165436e-01 1.00000000e+00
4.93662736e-01 5.20217891e-01 5.11523253e-01 1.00000000e+00
4.98643431e-01 5.18281602e-01 5.10254167e-01 1.00000000e+00
4.93322136e-01 5.16949528e-01 5.07135109e-01 1.00000000e+00
4.96581167e-01 5.13954112e-01 5.06416582e-01 1.00000000e+00
4.92608275e-01 5.11987496e-01 5.01106951e-01 1.00000000e+00
4.96079598e-01 5.10207510e-01 5.03656787e-01 1.00000000e+00
4.93606747e-01 5.13123608e-01 5.00591385e-01 1.00000000e+00
4.96266228e-01 5.14551329e-01 5.03932067e-01 1.00000000e+00
5.01127947e-01 5.15531138e-01 5.09500647e-01 1.00000000e+00
4.94766187e-01 5.18563880e-01 5.09418997e-01 1.00000000e+00
4.92876556e-01 5.17145490e-01 5.07408055e-01 1.00000000e+00
4.97416337e-01 5.12178792e-01 5.02152080e-01 1.00000000e+00
4.95095123e-01 5.08537169e-01 4.99182326e-01 1.00000000e+00
4.89234933e-01 5.07776650e-01 4.90727975e-01 1.00000000e+00
4.92829898e-01 5.05597742e-01 4.94150307e-01 1.00000000e+00
4.88871003e-01 5.08534836e-01 4.93205492e-01 1.00000000e+00
4.93497101e-01 5.12241780e-01 5.03327851e-01 1.00000000e+00
4.96595164e-01 5.16531943e-01 5.09304686e-01 1.00000000e+00
5.04223676e-01 5.27669105e-01 5.19986936e-01 1.00000000e+00
5.08413526e-01 5.34315475e-01 5.23416267e-01 1.00000000e+00
5.02301385e-01 5.33337999e-01 5.20749787e-01 1.00000000e+00
4.99110007e-01 5.21158041e-01 5.13072284e-01 1.00000000e+00
4.95571030e-01 5.12729351e-01 5.00757019e-01 1.00000000e+00
4.92078711e-01 5.12111138e-01 5.00899325e-01 1.00000000e+00
5.11705217e-01 5.29141151e-01 5.19961274e-01 1.00000000e+00
5.12617373e-01 5.37140591e-01 5.25333893e-01 1.00000000e+00
5.09992885e-01 5.39975038e-01 5.28291983e-01 1.00000000e+00
5.37014615e-01 5.73402853e-01 5.66089279e-01 1.00000000e+00
5.72996932e-01 6.10371977e-01 5.99192824e-01 1.00000000e+00
5.80235854e-01 6.13283410e-01 6.07955115e-01 1.00000000e+00
5.65095473e-01 5.88860506e-01 5.81332307e-01 1.00000000e+00
5.23971492e-01 5.47237289e-01 5.34198831e-01 1.00000000e+00
4.95342408e-01 5.14933921e-01 5.02173076e-01 1.00000000e+00
4.86458807e-01 5.05082176e-01 4.97220375e-01 1.00000000e+00
4.87247320e-01 5.06939147e-01 4.95575696e-01 1.00000000e+00
4.88017170e-01 5.11784535e-01 5.03922735e-01 1.00000000e+00
4.88845342e-01 5.12493730e-01 5.02373704e-01 1.00000000e+00
4.87592586e-01 5.07629679e-01 4.96536842e-01 1.00000000e+00
4.84879449e-01 5.02441357e-01 4.91005587e-01 1.00000000e+00
4.85283036e-01 5.01459215e-01 4.88903664e-01 1.00000000e+00
4.86720090e-01 5.01162940e-01 4.88112818e-01 1.00000000e+00
4.82877839e-01 5.03745436e-01 4.90060771e-01 1.00000000e+00
4.92538288e-01 5.10494454e-01 4.99879857e-01 1.00000000e+00
5.13774481e-01 5.38929909e-01 5.28152010e-01 1.00000000e+00
5.58201817e-01 5.93997504e-01 5.85384517e-01 1.00000000e+00
6.27422986e-01 6.71131796e-01 6.62385835e-01 1.00000000e+00
6.73166066e-01 7.16328983e-01 7.07925954e-01 1.00000000e+00
6.70359613e-01 7.07639010e-01 6.96170580e-01 1.00000000e+00
6.23816356e-01 6.58849191e-01 6.47670038e-01 1.00000000e+00
6.08442687e-01 6.36861812e-01 6.23398771e-01 1.00000000e+00
6.46970174e-01 6.85439339e-01 6.70672219e-01 1.00000000e+00
6.62934061e-01 7.06556555e-01 6.93536760e-01 1.00000000e+00
7.09946227e-01 7.50528980e-01 7.42746498e-01 1.00000000e+00
7.39207521e-01 7.88148978e-01 7.79626973e-01 1.00000000e+00
7.48429390e-01 7.93376958e-01 7.85657463e-01 1.00000000e+00
7.23609896e-01 7.73710793e-01 7.64157656e-01 1.00000000e+00
6.39549288e-01 6.76044838e-01 6.61725630e-01 1.00000000e+00
5.60152104e-01 5.86415649e-01 5.69145350e-01 1.00000000e+00
5.10163185e-01 5.28536935e-01 5.12752680e-01 1.00000000e+00
4.90597334e-01 5.08525504e-01 4.92545287e-01 1.00000000e+00
4.85332027e-01 5.07923622e-01 4.98403145e-01 1.00000000e+00
4.83468057e-01 5.06675532e-01 4.97908574e-01 1.00000000e+00
4.78459367e-01 5.03579802e-01 4.90606665e-01 1.00000000e+00
4.77981127e-01 4.96429530e-01 4.80136707e-01 1.00000000e+00
4.80533296e-01 4.92657265e-01 4.84349885e-01 1.00000000e+00
4.80911222e-01 4.90704646e-01 4.82427593e-01 1.00000000e+00
4.82448589e-01 4.96394536e-01 4.80220690e-01 1.00000000e+00
4.83554374e-01 5.01253922e-01 4.86850731e-01 1.00000000e+00
4.91164223e-01 5.13513198e-01 4.97019748e-01 1.00000000e+00
5.07632012e-01 5.36226103e-01 5.24410073e-01 1.00000000e+00
5.67454013e-01 6.00676535e-01 5.88468582e-01 1.00000000e+00
6.38319861e-01 6.78275070e-01 6.65831496e-01 1.00000000e+00
7.16342980e-01 7.57947534e-01 7.46763714e-01 1.00000000e+00
7.56048571e-01 8.02302551e-01 7.89189441e-01 1.00000000e+00
7.63646756e-01 8.01364734e-01 7.91666958e-01 1.00000000e+00
7.40579254e-01 7.76853180e-01 7.66415882e-01 1.00000000e+00
7.11219979e-01 7.44365515e-01 7.34726062e-01 1.00000000e+00
7.02229065e-01 7.43584001e-01 7.29530742e-01 1.00000000e+00
7.14514003e-01 7.49297220e-01 7.41685038e-01 1.00000000e+00
6.95251426e-01 7.28903197e-01 7.21689937e-01 1.00000000e+00
6.48708169e-01 6.82817184e-01 6.71803665e-01 1.00000000e+00
5.90978759e-01 6.12739849e-01 6.01245757e-01 1.00000000e+00
5.35103988e-01 5.54366565e-01 5.35696539e-01 1.00000000e+00
5.09052735e-01 5.21589623e-01 5.11574576e-01 1.00000000e+00
4.94124646e-01 5.07958615e-01 4.95090457e-01 1.00000000e+00
4.86699094e-01 5.00103813e-01 4.90926269e-01 1.00000000e+00
4.94731194e-01 5.15262857e-01 5.05719051e-01 1.00000000e+00
4.91516488e-01 5.08796118e-01 4.97460662e-01 1.00000000e+00
4.85898916e-01 5.02224400e-01 4.89636188e-01 1.00000000e+00
4.81783719e-01 4.93480771e-01 4.76114824e-01 1.00000000e+00
4.84361549e-01 4.90112095e-01 4.78527021e-01 1.00000000e+00
4.79495165e-01 4.92972204e-01 4.75967853e-01 1.00000000e+00
4.81830376e-01 4.97894577e-01 4.83059803e-01 1.00000000e+00
4.88264455e-01 5.01671507e-01 4.93361794e-01 1.00000000e+00
5.07093117e-01 5.22546104e-01 5.12428410e-01 1.00000000e+00
5.13664835e-01 5.25812133e-01 5.11525586e-01 1.00000000e+00
5.15636118e-01 5.30963129e-01 5.16272993e-01 1.00000000e+00
5.27886062e-01 5.39016225e-01 5.23546908e-01 1.00000000e+00
5.46024192e-01 5.64057342e-01 5.44633796e-01 1.00000000e+00
5.90185580e-01 6.07388226e-01 5.86900888e-01 1.00000000e+00
6.27460312e-01 6.43995754e-01 6.26825769e-01 1.00000000e+00
6.38357187e-01 6.62719436e-01 6.45159860e-01 1.00000000e+00
5.47883496e-01 5.71095636e-01 5.56848748e-01 1.00000000e+00
5.27855735e-01 5.48543701e-01 5.35906498e-01 1.00000000e+00
5.16534276e-01 5.31954602e-01 5.19499364e-01 1.00000000e+00
5.10583103e-01 5.21608286e-01 5.09045736e-01 1.00000000e+00
5.05259474e-01 5.15185872e-01 4.98258506e-01 1.00000000e+00
5.00558724e-01 5.09607960e-01 4.93114509e-01 1.00000000e+00
4.97029079e-01 5.05016855e-01 4.89470553e-01 1.00000000e+00
4.97309025e-01 5.07457046e-01 4.93385123e-01 1.00000000e+00
4.96819120e-01 5.10058205e-01 4.98270171e-01 1.00000000e+00
4.96245232e-01 5.10459460e-01 5.00719693e-01 1.00000000e+00
4.95631685e-01 5.08859106e-01 4.96515846e-01 1.00000000e+00
4.92741249e-01 5.05691057e-01 4.92284005e-01 1.00000000e+00
4.88658712e-01 4.98694755e-01 4.86715424e-01 1.00000000e+00
4.84310226e-01 4.90308057e-01 4.74299845e-01 1.00000000e+00
4.82919831e-01 4.88462750e-01 4.72872123e-01 1.00000000e+00
5.05196487e-01 5.10286827e-01 4.95440389e-01 1.00000000e+00
5.09101725e-01 5.16258996e-01 5.01734495e-01 1.00000000e+00
5.11217646e-01 5.22385135e-01 5.11259638e-01 1.00000000e+00
5.30354248e-01 5.51385147e-01 5.41409758e-01 1.00000000e+00
5.50300358e-01 5.67855268e-01 5.56963059e-01 1.00000000e+00
5.72786973e-01 5.85036918e-01 5.77870315e-01 1.00000000e+00
5.60879962e-01 5.72350725e-01 5.59088311e-01 1.00000000e+00
6.03030409e-01 6.14543164e-01 5.96197408e-01 1.00000000e+00
5.78420875e-01 5.90001283e-01 5.67929920e-01 1.00000000e+00
5.91153725e-01 6.03263697e-01 5.87605417e-01 1.00000000e+00
1.21969883e-01 1.06680197e-01 6.79264210e-02 1.00000000e+00
3.42844479e-01 3.46621409e-01 3.33725257e-01 1.00000000e+00
5.31037781e-01 5.55491013e-01 5.39009227e-01 1.00000000e+00
5.06295272e-01 5.18479896e-01 4.96331549e-01 1.00000000e+00
5.31805298e-01 5.44316525e-01 5.25317563e-01 1.00000000e+00
5.28410960e-01 5.39097876e-01 5.19571684e-01 1.00000000e+00
5.25520523e-01 5.33839568e-01 5.07006800e-01 1.00000000e+00
5.19688327e-01 5.32283538e-01 5.08387864e-01 1.00000000e+00
5.28203334e-01 5.35115652e-01 5.10436132e-01 1.00000000e+00
5.30634193e-01 5.40282978e-01 5.20292543e-01 1.00000000e+00
5.31980264e-01 5.46196825e-01 5.29558736e-01 1.00000000e+00
5.34756389e-01 5.47286279e-01 5.34637412e-01 1.00000000e+00
5.34401792e-01 5.48282418e-01 5.36195775e-01 1.00000000e+00
5.23670551e-01 5.44582473e-01 5.29206471e-01 1.00000000e+00
5.19352393e-01 5.35229963e-01 5.07657673e-01 1.00000000e+00
5.24186117e-01 5.33039391e-01 4.99394618e-01 1.00000000e+00
5.24179118e-01 5.32733784e-01 4.97833922e-01 1.00000000e+00
5.26553989e-01 5.35085325e-01 5.13991438e-01 1.00000000e+00
5.24172120e-01 5.43679649e-01 5.16305654e-01 1.00000000e+00
5.25035285e-01 5.48168107e-01 5.33165366e-01 1.00000000e+00
5.32029254e-01 5.47892828e-01 5.35264957e-01 1.00000000e+00
5.28415626e-01 5.43789294e-01 5.30993456e-01 1.00000000e+00
5.25697822e-01 5.38535652e-01 5.22576431e-01 1.00000000e+00
5.19681329e-01 5.31884616e-01 5.12622039e-01 1.00000000e+00
5.20784780e-01 5.29054834e-01 5.03437496e-01 1.00000000e+00
5.19140101e-01 5.25935776e-01 5.05322462e-01 1.00000000e+00
5.20238887e-01 5.28361969e-01 5.05149829e-01 1.00000000e+00
5.26085080e-01 5.39146866e-01 5.19548355e-01 1.00000000e+00
5.28075025e-01 5.44773769e-01 5.27172201e-01 1.00000000e+00
5.26120073e-01 5.42823483e-01 5.27060223e-01 1.00000000e+00
5.25714152e-01 5.39433810e-01 5.24015817e-01 1.00000000e+00
5.20189896e-01 5.34763388e-01 5.15342175e-01 1.00000000e+00
5.12626704e-01 5.28681574e-01 5.07394058e-01 1.00000000e+00
5.16564603e-01 5.24186117e-01 5.03015245e-01 1.00000000e+00
5.17259801e-01 5.25014289e-01 5.03085232e-01 1.00000000e+00
5.20208559e-01 5.29043170e-01 5.03845750e-01 1.00000000e+00
5.26539991e-01 5.37483524e-01 5.19102775e-01 1.00000000e+00
5.28541601e-01 5.44514820e-01 5.27421819e-01 1.00000000e+00
5.30090632e-01 5.45909881e-01 5.29108491e-01 1.00000000e+00
5.29430428e-01 5.45254342e-01 5.23672884e-01 1.00000000e+00
5.23668218e-01 5.37812460e-01 5.18869487e-01 1.00000000e+00
5.21188368e-01 5.31877617e-01 5.03708110e-01 1.00000000e+00
5.18605872e-01 5.27204862e-01 4.96329216e-01 1.00000000e+00
5.18643198e-01 5.26451342e-01 5.02821616e-01 1.00000000e+00
5.21088054e-01 5.31215080e-01 5.08842776e-01 1.00000000e+00
5.25233579e-01 5.38078408e-01 5.17234139e-01 1.00000000e+00
5.25942774e-01 5.40320304e-01 5.26605312e-01 1.00000000e+00
5.26145735e-01 5.40973510e-01 5.26005762e-01 1.00000000e+00
5.20276213e-01 5.37315557e-01 5.22865708e-01 1.00000000e+00
5.17133826e-01 5.33139704e-01 5.17168819e-01 1.00000000e+00
5.14367032e-01 5.25156594e-01 5.00789679e-01 1.00000000e+00
5.11971166e-01 5.21414657e-01 4.99103008e-01 1.00000000e+00
5.11994494e-01 5.19074780e-01 5.00040825e-01 1.00000000e+00
5.18731847e-01 5.27809077e-01 5.02707305e-01 1.00000000e+00
5.23231970e-01 5.34698067e-01 5.17301793e-01 1.00000000e+00
5.20311206e-01 5.34838040e-01 5.17745040e-01 1.00000000e+00
5.21860237e-01 5.35530905e-01 5.21675940e-01 1.00000000e+00
5.16004712e-01 5.32204220e-01 5.17971329e-01 1.00000000e+00
5.14534999e-01 5.27895394e-01 5.11189651e-01 1.00000000e+00
5.12227782e-01 5.23341615e-01 5.03043240e-01 1.00000000e+00
5.12992966e-01 5.21776254e-01 4.90305724e-01 1.00000000e+00
5.14763621e-01 5.23147986e-01 4.90324387e-01 1.00000000e+00
5.20887427e-01 5.29038504e-01 4.99142667e-01 1.00000000e+00
5.23045339e-01 5.37306225e-01 5.09915900e-01 1.00000000e+00
5.26983238e-01 5.42205270e-01 5.17906008e-01 1.00000000e+00
5.26654302e-01 5.44860086e-01 5.21347004e-01 1.00000000e+00
5.26407017e-01 5.42426893e-01 5.17243471e-01 1.00000000e+00
5.22119187e-01 5.36585366e-01 5.08672476e-01 1.00000000e+00
5.22268491e-01 5.32418845e-01 5.03362844e-01 1.00000000e+00
5.20668136e-01 5.28977849e-01 4.98916378e-01 1.00000000e+00
5.20969078e-01 5.29320782e-01 4.99294304e-01 1.00000000e+00
5.19646336e-01 5.32507494e-01 5.04412640e-01 1.00000000e+00
5.21955885e-01 5.36303088e-01 5.10620429e-01 1.00000000e+00
5.20399855e-01 5.37663156e-01 5.23661219e-01 1.00000000e+00
5.16807223e-01 5.35458586e-01 5.20843102e-01 1.00000000e+00
5.16307987e-01 5.29325448e-01 5.13821138e-01 1.00000000e+00
5.12017823e-01 5.23423266e-01 5.03211207e-01 1.00000000e+00
5.10312489e-01 5.17838355e-01 4.98426474e-01 1.00000000e+00
5.11320293e-01 5.18244276e-01 4.94964482e-01 1.00000000e+00
5.17462761e-01 5.26908586e-01 5.02117087e-01 1.00000000e+00
5.19508696e-01 5.30428900e-01 5.12675695e-01 1.00000000e+00
5.19039787e-01 5.33699595e-01 5.16823553e-01 1.00000000e+00
5.13615845e-01 5.32752447e-01 5.17269133e-01 1.00000000e+00
5.14070756e-01 5.28809882e-01 5.13149269e-01 1.00000000e+00
5.07991275e-01 5.21274685e-01 4.93506433e-01 1.00000000e+00
5.07450047e-01 5.15538137e-01 4.85425342e-01 1.00000000e+00
5.08324877e-01 5.14586322e-01 4.83192777e-01 1.00000000e+00
5.10711411e-01 5.20780115e-01 4.89400567e-01 1.00000000e+00
5.16594931e-01 5.28693238e-01 4.98860389e-01 1.00000000e+00
5.26157399e-01 5.42760495e-01 5.18066977e-01 1.00000000e+00
5.29831683e-01 5.48093455e-01 5.26089746e-01 1.00000000e+00
5.34574425e-01 5.47834506e-01 5.36555038e-01 1.00000000e+00
5.29318450e-01 5.40940850e-01 5.24099801e-01 1.00000000e+00
5.25718818e-01 5.33571287e-01 5.02369038e-01 1.00000000e+00
5.25884453e-01 5.30683183e-01 4.99576583e-01 1.00000000e+00
5.19774644e-01 5.30006649e-01 4.97826924e-01 1.00000000e+00
5.20003266e-01 5.36013811e-01 5.05233813e-01 1.00000000e+00
5.19942611e-01 5.34280482e-01 5.10965695e-01 1.00000000e+00
5.14712298e-01 5.31658327e-01 5.10466459e-01 1.00000000e+00
5.11413608e-01 5.27011233e-01 5.04778901e-01 1.00000000e+00
5.06787510e-01 5.20231888e-01 4.96289557e-01 1.00000000e+00
5.04757906e-01 5.15421493e-01 4.87657907e-01 1.00000000e+00
5.05607073e-01 5.13202925e-01 4.82196638e-01 1.00000000e+00
5.08135913e-01 5.15892734e-01 4.82128985e-01 1.00000000e+00
5.10629761e-01 5.19508696e-01 4.99403950e-01 1.00000000e+00
5.13268246e-01 5.28075025e-01 5.12915981e-01 1.00000000e+00
5.19837632e-01 5.29614725e-01 5.15353839e-01 1.00000000e+00
5.16522611e-01 5.25156594e-01 5.10730074e-01 1.00000000e+00
5.11763539e-01 5.17297127e-01 4.99653568e-01 1.00000000e+00
5.07657673e-01 5.11054344e-01 4.92874223e-01 1.00000000e+00
5.04221344e-01 5.07289079e-01 4.86190526e-01 1.00000000e+00
5.03253199e-01 5.08210566e-01 4.84760472e-01 1.00000000e+00
5.05618738e-01 5.15897400e-01 4.88264455e-01 1.00000000e+00
5.12139133e-01 5.27410155e-01 5.05481098e-01 1.00000000e+00
5.16874876e-01 5.34250155e-01 5.15342175e-01 1.00000000e+00
5.23026676e-01 5.34033197e-01 5.19480701e-01 1.00000000e+00
5.19051452e-01 5.31462365e-01 5.05376118e-01 1.00000000e+00
5.18808832e-01 5.26824603e-01 4.94992476e-01 1.00000000e+00
5.19804971e-01 5.25786472e-01 4.95783322e-01 1.00000000e+00
5.16296322e-01 5.30503552e-01 5.07018465e-01 1.00000000e+00
5.18027318e-01 5.34602419e-01 5.11644563e-01 1.00000000e+00
5.12328096e-01 5.28858873e-01 5.11908178e-01 1.00000000e+00
5.06579884e-01 5.21885899e-01 5.03675450e-01 1.00000000e+00
5.01064959e-01 5.14313376e-01 4.92151031e-01 1.00000000e+00
4.95622354e-01 5.04403308e-01 4.77038644e-01 1.00000000e+00
4.91306529e-01 4.97822258e-01 4.71871318e-01 1.00000000e+00
4.90923936e-01 4.98748411e-01 4.69470787e-01 1.00000000e+00
4.94558561e-01 5.04522285e-01 4.76963992e-01 1.00000000e+00
4.97661289e-01 5.11777537e-01 4.89183609e-01 1.00000000e+00
5.01020634e-01 5.17019515e-01 4.92993200e-01 1.00000000e+00
5.02397033e-01 5.15496145e-01 5.01337906e-01 1.00000000e+00
4.97057074e-01 5.06374590e-01 4.89363241e-01 1.00000000e+00
4.95081126e-01 5.01417224e-01 4.80169367e-01 1.00000000e+00
4.96263895e-01 4.97983227e-01 4.78426707e-01 1.00000000e+00
4.95333077e-01 4.98911712e-01 4.77094633e-01 1.00000000e+00
4.90977593e-01 5.02968588e-01 4.77444565e-01 1.00000000e+00
4.90492354e-01 5.06472571e-01 4.83703678e-01 1.00000000e+00
4.90933268e-01 5.04219011e-01 4.86729421e-01 1.00000000e+00
4.88791686e-01 5.04533949e-01 4.85824264e-01 1.00000000e+00
4.94614550e-01 5.06309270e-01 4.84104933e-01 1.00000000e+00
4.99527592e-01 5.06514563e-01 4.91612136e-01 1.00000000e+00
5.03726773e-01 5.07848969e-01 4.82558234e-01 1.00000000e+00
5.07688001e-01 5.11987496e-01 4.84081604e-01 1.00000000e+00
5.10410470e-01 5.17185149e-01 4.93527429e-01 1.00000000e+00
5.16445626e-01 5.26320701e-01 5.04963199e-01 1.00000000e+00
5.15834412e-01 5.27587454e-01 5.08184904e-01 1.00000000e+00
5.13837468e-01 5.25240578e-01 5.05651398e-01 1.00000000e+00
5.09302353e-01 5.20220224e-01 4.99910184e-01 1.00000000e+00
5.05413444e-01 5.13389556e-01 4.91558479e-01 1.00000000e+00
4.97922572e-01 5.08243226e-01 4.83108794e-01 1.00000000e+00
4.94798848e-01 5.02751630e-01 4.75111687e-01 1.00000000e+00
4.93763050e-01 5.02676978e-01 4.76023842e-01 1.00000000e+00
4.94117647e-01 5.07524699e-01 4.82357607e-01 1.00000000e+00
4.97052408e-01 5.11754208e-01 4.88056829e-01 1.00000000e+00
4.96191576e-01 5.12715354e-01 4.99914850e-01 1.00000000e+00
4.97808261e-01 5.08072926e-01 4.95650348e-01 1.00000000e+00
4.94668206e-01 5.04398642e-01 4.87790881e-01 1.00000000e+00
4.92596610e-01 4.97882913e-01 4.73623310e-01 1.00000000e+00
4.91108234e-01 4.97003418e-01 4.74465479e-01 1.00000000e+00
4.92652599e-01 4.99672231e-01 4.77435233e-01 1.00000000e+00
4.95176774e-01 5.02142749e-01 4.82784524e-01 1.00000000e+00
4.97036078e-01 5.05023854e-01 4.89710840e-01 1.00000000e+00
4.92542954e-01 5.06957810e-01 4.86164865e-01 1.00000000e+00
4.94955150e-01 5.04365982e-01 4.92085710e-01 1.00000000e+00
4.93424782e-01 5.01358902e-01 4.87123678e-01 1.00000000e+00
4.94217961e-01 4.99145000e-01 4.84853787e-01 1.00000000e+00
4.97469993e-01 5.00271780e-01 4.85828930e-01 1.00000000e+00
4.99697892e-01 5.05502094e-01 4.80701263e-01 1.00000000e+00
5.04184017e-01 5.10552776e-01 4.87035028e-01 1.00000000e+00
5.09029406e-01 5.17378778e-01 4.96933431e-01 1.00000000e+00
5.10744072e-01 5.23633225e-01 5.04195682e-01 1.00000000e+00
5.09288355e-01 5.20455844e-01 5.04235341e-01 1.00000000e+00
5.06082980e-01 5.15524139e-01 4.98965368e-01 1.00000000e+00
5.01120948e-01 5.09673280e-01 4.89477552e-01 1.00000000e+00
4.99273308e-01 5.03306855e-01 4.78736980e-01 1.00000000e+00
4.96910103e-01 5.00533063e-01 4.75447621e-01 1.00000000e+00
4.93749052e-01 4.97274032e-01 4.81032532e-01 1.00000000e+00
4.91418507e-01 4.98319161e-01 4.80369995e-01 1.00000000e+00
4.90161085e-01 5.04386978e-01 4.79394851e-01 1.00000000e+00
4.89528875e-01 5.05446105e-01 4.82870840e-01 1.00000000e+00
4.90753636e-01 5.04074372e-01 4.81720731e-01 1.00000000e+00
4.93900689e-01 5.01239925e-01 4.86727088e-01 1.00000000e+00
4.92076378e-01 4.97703281e-01 4.79128903e-01 1.00000000e+00
4.89379571e-01 4.91308861e-01 4.69977021e-01 1.00000000e+00
4.87746556e-01 4.91021917e-01 4.70560241e-01 1.00000000e+00
4.84870117e-01 4.93072518e-01 4.71598372e-01 1.00000000e+00
4.84842122e-01 4.96014277e-01 4.77486557e-01 1.00000000e+00
4.87648575e-01 4.97642626e-01 4.81601754e-01 1.00000000e+00
4.86498466e-01 4.99504263e-01 4.85796270e-01 1.00000000e+00
4.85362354e-01 4.98722749e-01 4.81004537e-01 1.00000000e+00
4.84825792e-01 4.97015082e-01 4.76651386e-01 1.00000000e+00
4.86552122e-01 4.93595082e-01 4.78869954e-01 1.00000000e+00
4.86869394e-01 4.92374987e-01 4.77642860e-01 1.00000000e+00
4.89029639e-01 4.93485437e-01 4.78965602e-01 1.00000000e+00
4.90114428e-01 4.96070266e-01 4.71787335e-01 1.00000000e+00
4.94290280e-01 5.00050157e-01 4.79196557e-01 1.00000000e+00
4.94124646e-01 5.03547142e-01 4.90149421e-01 1.00000000e+00
4.90683650e-01 5.09453990e-01 4.92447306e-01 1.00000000e+00
4.93422449e-01 5.11408942e-01 4.93693063e-01 1.00000000e+00
4.96137920e-01 5.06908819e-01 4.98844059e-01 1.00000000e+00
4.92736583e-01 5.02159079e-01 4.90410703e-01 1.00000000e+00
4.86101877e-01 4.93872695e-01 4.78970267e-01 1.00000000e+00
4.81970349e-01 4.86808739e-01 4.70623228e-01 1.00000000e+00
4.77738508e-01 4.85469667e-01 4.57129860e-01 1.00000000e+00
4.77029313e-01 4.86395819e-01 4.57220842e-01 1.00000000e+00
4.78874619e-01 4.87727893e-01 4.70070336e-01 1.00000000e+00
4.82385601e-01 4.93870362e-01 4.77764169e-01 1.00000000e+00
5.10149188e-01 5.21528969e-01 5.04111698e-01 1.00000000e+00
5.09939229e-01 5.24321424e-01 5.10216841e-01 1.00000000e+00
5.02662981e-01 5.16310319e-01 5.01123281e-01 1.00000000e+00
4.97451330e-01 5.07349733e-01 4.90963595e-01 1.00000000e+00
4.94787183e-01 5.02662981e-01 4.84454865e-01 1.00000000e+00
4.90259066e-01 4.98452135e-01 4.80344333e-01 1.00000000e+00
4.91318193e-01 4.96562504e-01 4.77502887e-01 1.00000000e+00
4.91770771e-01 4.99884523e-01 4.83470390e-01 1.00000000e+00
4.97700948e-01 5.06614877e-01 4.88077825e-01 1.00000000e+00
4.99977838e-01 5.13235586e-01 4.94509571e-01 1.00000000e+00
4.98895382e-01 5.13569187e-01 4.97686951e-01 1.00000000e+00
5.02429693e-01 5.17726377e-01 5.01034632e-01 1.00000000e+00
5.03621794e-01 5.19177427e-01 5.00841003e-01 1.00000000e+00
5.01631848e-01 5.13578519e-01 4.91962067e-01 1.00000000e+00
4.99994168e-01 5.10006882e-01 4.87394291e-01 1.00000000e+00
4.80435315e-01 4.85465001e-01 4.63993188e-01 1.00000000e+00
4.69587430e-01 4.77285929e-01 4.55279887e-01 1.00000000e+00
4.76093828e-01 4.85593309e-01 4.65892151e-01 1.00000000e+00
4.75011373e-01 4.91838425e-01 4.66473038e-01 1.00000000e+00
4.76082164e-01 4.93000198e-01 4.67602151e-01 1.00000000e+00
4.73238385e-01 4.88042832e-01 4.67457512e-01 1.00000000e+00
4.69169845e-01 4.82460254e-01 4.60542861e-01 1.00000000e+00
4.67730459e-01 4.77621864e-01 4.55144580e-01 1.00000000e+00
4.68344006e-01 4.72095275e-01 4.54433052e-01 1.00000000e+00
4.65693856e-01 4.68630950e-01 4.43106927e-01 1.00000000e+00
4.66242083e-01 4.70040009e-01 4.45341825e-01 1.00000000e+00
4.67980077e-01 4.75622587e-01 4.53782179e-01 1.00000000e+00
4.66323734e-01 4.77691850e-01 4.50747104e-01 1.00000000e+00
4.45421143e-01 4.60379559e-01 4.35889002e-01 1.00000000e+00
4.47562725e-01 4.57293161e-01 4.33852399e-01 1.00000000e+00
4.44457664e-01 4.55788455e-01 4.29424596e-01 1.00000000e+00
4.42962289e-01 4.51283666e-01 4.15618621e-01 1.00000000e+00
4.43092930e-01 4.49139751e-01 4.07763819e-01 1.00000000e+00
4.43090597e-01 4.49513012e-01 4.03940232e-01 1.00000000e+00
4.45985699e-01 4.49326381e-01 4.15506643e-01 1.00000000e+00
4.45659096e-01 4.52331129e-01 4.19318566e-01 1.00000000e+00
4.46361293e-01 4.56705276e-01 4.30374077e-01 1.00000000e+00
4.45022221e-01 4.61406026e-01 4.28085523e-01 1.00000000e+00
4.46634240e-01 4.60895125e-01 4.31531185e-01 1.00000000e+00
4.47012166e-01 4.58758209e-01 4.29116656e-01 1.00000000e+00
4.43897773e-01 4.53250283e-01 4.22759562e-01 1.00000000e+00
4.41907828e-01 4.49046436e-01 4.13180763e-01 1.00000000e+00
4.46044021e-01 4.53779846e-01 4.10544610e-01 1.00000000e+00
4.50978059e-01 4.59103475e-01 4.09569467e-01 1.00000000e+00
4.50586136e-01 4.63293324e-01 4.22134350e-01 1.00000000e+00
4.56896572e-01 4.68169040e-01 4.35683708e-01 1.00000000e+00
4.58321961e-01 4.70861182e-01 4.35749029e-01 1.00000000e+00
4.55244894e-01 4.68861905e-01 4.31029616e-01 1.00000000e+00
4.52464103e-01 4.66155766e-01 4.25880953e-01 1.00000000e+00
4.52076845e-01 4.64116831e-01 4.19498198e-01 1.00000000e+00
4.60934784e-01 4.64793365e-01 4.06023492e-01 1.00000000e+00
4.64452765e-01 4.66372724e-01 3.93038691e-01 1.00000000e+00
4.74740759e-01 4.70956830e-01 3.78859456e-01 1.00000000e+00
4.72146598e-01 4.73492669e-01 3.78621502e-01 1.00000000e+00
4.72013624e-01 4.76833351e-01 3.80609115e-01 1.00000000e+00
4.74787416e-01 4.76840349e-01 3.75983017e-01 1.00000000e+00
4.77635861e-01 4.69617758e-01 3.15223198e-01 1.00000000e+00
4.75895534e-01 4.61415357e-01 3.04722912e-01 1.00000000e+00
4.77932137e-01 4.55821115e-01 2.90165751e-01 1.00000000e+00
4.79817102e-01 4.59059150e-01 2.89806488e-01 1.00000000e+00
4.87256652e-01 4.69221169e-01 2.96805123e-01 1.00000000e+00
4.91612136e-01 4.78039449e-01 3.16296322e-01 1.00000000e+00
4.94843172e-01 4.85189721e-01 3.42195938e-01 1.00000000e+00
4.92801904e-01 4.89421563e-01 3.80357164e-01 1.00000000e+00
4.84622832e-01 4.91425505e-01 4.16309153e-01 1.00000000e+00
4.81053528e-01 4.90065437e-01 4.43435863e-01 1.00000000e+00
4.83484387e-01 4.89449557e-01 4.40195495e-01 1.00000000e+00
4.84394210e-01 4.92435642e-01 4.37375045e-01 1.00000000e+00
4.89911467e-01 5.02177742e-01 4.46046354e-01 1.00000000e+00
