3.61085255e-01 3.60474041e-01 3.27277181e-01 1.00000000e+00
6.31052945e-01 6.70247635e-01 6.96121590e-01 1.00000000e+00
6.43839451e-01 6.61832943e-01 6.68812915e-01 1.00000000e+00
6.43662153e-01 6.53065985e-01 6.52314799e-01 1.00000000e+00
6.39679929e-01 6.48290583e-01 6.46652903e-01 1.00000000e+00
6.35016505e-01 6.46697227e-01 6.46183994e-01 1.00000000e+00
6.32095741e-01 6.46998169e-01 6.47994308e-01 1.00000000e+00
6.30577037e-01 6.48341907e-01 6.49114089e-01 1.00000000e+00
6.25204418e-01 6.47684035e-01 6.45988032e-01 1.00000000e+00
7.72423044e-01 8.03597299e-01 7.90199578e-01 1.00000000e+00
7.33396321e-01 7.57520617e-01 7.52922513e-01 1.00000000e+00
7.26614643e-01 7.44395843e-01 7.37532514e-01 1.00000000e+00
7.20633143e-01 7.34898695e-01 7.23171315e-01 1.00000000e+00
7.11119665e-01 7.24582706e-01 7.13919119e-01 1.00000000e+00
7.06036323e-01 7.20740456e-01 7.11471930e-01 1.00000000e+00
6.99905518e-01 7.19774644e-01 7.11891848e-01 1.00000000e+00
6.94609884e-01 7.18323594e-01 7.10426800e-01 1.00000000e+00
7.13935449e-01 7.37098599e-01 7.32418845e-01 1.00000000e+00
6.99966173e-01 7.31683988e-01 7.22343143e-01 1.00000000e+00
7.01438220e-01 7.20553825e-01 7.10375477e-01 1.00000000e+00
7.19072448e-01 7.39125870e-01 7.26075749e-01 1.00000000e+00
7.05198820e-01 7.14145408e-01 7.08079924e-01 1.00000000e+00
7.00586719e-01 7.10937700e-01 7.06722189e-01 1.00000000e+00
6.89722504e-01 7.12318765e-01 7.05607073e-01 1.00000000e+00
6.92237347e-01 7.11691220e-01 7.09789924e-01 1.00000000e+00
6.84648494e-01 7.15573130e-01 7.13072284e-01 1.00000000e+00
6.80857566e-01 7.13741820e-01 7.07212094e-01 1.00000000e+00
6.83311754e-01 7.07069788e-01 7.09167046e-01 1.00000000e+00
6.77794497e-01 6.93856365e-01 6.90326720e-01 1.00000000e+00
6.77157621e-01 6.91262204e-01 6.84433869e-01 1.00000000e+00
6.72480200e-01 6.87907525e-01 6.84146925e-01 1.00000000e+00
6.76324783e-01 6.95223431e-01 6.92225683e-01 1.00000000e+00
6.80852900e-01 7.04599270e-01 7.03572803e-01 1.00000000e+00
6.92776242e-01 7.16597264e-01 7.17901343e-01 1.00000000e+00
6.77276598e-01 6.98384482e-01 7.03206541e-01 1.00000000e+00
6.68101387e-01 6.92671262e-01 6.88385765e-01 1.00000000e+00
6.71043147e-01 6.85012423e-01 6.83421399e-01 1.00000000e+00
6.64298795e-01 6.74059558e-01 6.76712041e-01 1.00000000e+00
6.61963584e-01 6.70800527e-01 6.69827717e-01 1.00000000e+00
6.62642451e-01 6.71696353e-01 6.71875984e-01 1.00000000e+00
6.60566190e-01 6.75433624e-01 6.78797634e-01 1.00000000e+00
6.57692083e-01 6.79530158e-01 6.81849039e-01 1.00000000e+00
6.56241033e-01 6.81788385e-01 6.83510049e-01 1.00000000e+00
6.59588714e-01 6.78911946e-01 6.85091740e-01 1.00000000e+00
6.52697391e-01 6.75281987e-01 6.76287457e-01 1.00000000e+00
6.48729164e-01 6.69265493e-01 6.72694825e-01 1.00000000e+00
6.53810174e-01 6.64144825e-01 6.66281742e-01 1.00000000e+00
6.60948782e-01 6.70709545e-01 6.71206448e-01 1.00000000e+00
6.58977499e-01 6.76908003e-01 6.79903419e-01 1.00000000e+00
6.70142656e-01 6.85397348e-01 6.89820485e-01 1.00000000e+00
6.74612451e-01 6.92025055e-01 7.00827005e-01 1.00000000e+00
6.56109641e-01 6.56313183e-01 6.33869326e-01 1.00000000e+00
3.45762942e-01 2.40531922e-01 2.17979510e-01 1.00000000e+00
7.19302531e-01 7.12219282e-01 6.92177217e-01 1.00000000e+00
7.86349142e-01 7.90135016e-01 7.79618699e-01 1.00000000e+00
4.74292693e-01 4.26039758e-01 3.93201710e-01 1.00000000e+00
4.53707850e-01 3.33021236e-01 2.89056245e-01 1.00000000e+00
7.71187814e-01 7.77053962e-01 7.68303354e-01 1.00000000e+00
4.87061537e-01 3.47526969e-01 3.06153742e-01 1.00000000e+00
5.26818992e-01 5.02090423e-01 4.75157997e-01 1.00000000e+00
6.98460541e-01 7.11748501e-01 6.97585480e-01 1.00000000e+00
5.92441821e-01 5.08976186e-01 4.80778886e-01 1.00000000e+00
7.07537825e-01 7.37037791e-01 7.26765724e-01 1.00000000e+00
3.24031761e-01 2.33479177e-01 1.95527467e-01 1.00000000e+00
7.38136916e-01 7.40050207e-01 7.36929235e-01 1.00000000e+00
4.06160526e-01 2.79381233e-01 2.24085759e-01 1.00000000e+00
7.30805380e-01 7.34791768e-01 7.24582726e-01 1.00000000e+00
7.08800784e-01 7.42681177e-01 7.40775215e-01 1.00000000e+00
6.61039764e-01 6.81440786e-01 6.92766910e-01 1.00000000e+00
6.65313597e-01 6.83568371e-01 6.87291645e-01 1.00000000e+00
6.54493707e-01 6.83412068e-01 6.85045083e-01 1.00000000e+00
6.61175071e-01 6.79747116e-01 6.83113460e-01 1.00000000e+00
6.52872357e-01 6.75736898e-01 6.76966325e-01 1.00000000e+00
6.55923762e-01 6.68920227e-01 6.70431932e-01 1.00000000e+00
6.49419696e-01 6.66316735e-01 6.65476899e-01 1.00000000e+00
6.50565140e-01 6.68050064e-01 6.64609068e-01 1.00000000e+00
6.58100337e-01 6.72582846e-01 6.73091414e-01 1.00000000e+00
6.54640678e-01 6.78732314e-01 6.77995124e-01 1.00000000e+00
6.54283748e-01 6.84144592e-01 6.84970431e-01 1.00000000e+00
6.49716415e-01 6.50785934e-01 6.30918814e-01 1.00000000e+00
6.56541974e-01 6.85607307e-01 6.86188193e-01 1.00000000e+00
6.60806476e-01 6.79621141e-01 6.83981290e-01 1.00000000e+00
6.59922315e-01 6.77635861e-01 6.79387853e-01 1.00000000e+00
6.63393291e-01 6.64138713e-01 6.53281478e-01 1.00000000e+00
6.69855485e-01 6.71782346e-01 6.60071918e-01 1.00000000e+00
5.43320442e-01 5.17036434e-01 4.94199064e-01 1.00000000e+00
7.06194959e-01 7.42951791e-01 7.35932160e-01 1.00000000e+00
6.47998974e-01 6.80314005e-01 6.75776557e-01 1.00000000e+00
6.52156163e-01 6.80932218e-01 6.75711236e-01 1.00000000e+00
6.51185685e-01 6.73613979e-01 6.73240718e-01 1.00000000e+00
6.43592166e-01 6.68003406e-01 6.65007990e-01 1.00000000e+00
6.61456001e-01 6.62446570e-01 6.50790420e-01 1.00000000e+00
6.98215618e-01 6.98622702e-01 6.82882149e-01 1.00000000e+00
7.10239651e-01 7.09287501e-01 6.89604347e-01 1.00000000e+00
8.19118319e-01 8.19634740e-01 8.05632212e-01 1.00000000e+00
3.25463057e-01 1.97991723e-01 1.64312369e-01 1.00000000e+00
8.01275528e-01 8.02103263e-01 7.94314404e-01 1.00000000e+00
7.77248420e-01 7.79419867e-01 7.67266245e-01 1.00000000e+00
6.92516453e-01 6.96682272e-01 6.92719995e-01 1.00000000e+00
2.95908813e-01 1.97557501e-01 1.67731868e-01 1.00000000e+00
3.09966755e-01 1.93961598e-01 1.62833299e-01 1.00000000e+00
7.89673655e-01 7.94707918e-01 7.88683086e-01 1.00000000e+00
4.14953525e-01 2.87047968e-01 2.41807450e-01 1.00000000e+00
4.64300762e-01 3.26203209e-01 2.81607519e-01 1.00000000e+00
6.97998507e-01 5.99443653e-01 5.65479341e-01 1.00000000e+00
7.85386845e-01 8.16690974e-01 8.06233458e-01 1.00000000e+00
7.69088812e-01 7.69943687e-01 7.61449216e-01 1.00000000e+00
7.58061902e-01 7.62761303e-01 7.59487927e-01 1.00000000e+00
6.84211955e-01 6.85799579e-01 6.78634914e-01 1.00000000e+00
6.69547772e-01 7.12503062e-01 7.11555913e-01 1.00000000e+00
6.73648972e-01 7.04818560e-01 7.02142749e-01 1.00000000e+00
6.85234046e-01 7.05553417e-01 7.04505955e-01 1.00000000e+00
6.99459939e-01 7.08723799e-01 7.07013799e-01 1.00000000e+00
6.59418413e-01 6.78627334e-01 6.75041700e-01 1.00000000e+00
6.70718876e-01 6.84606502e-01 6.86678098e-01 1.00000000e+00
6.62455821e-01 6.89129953e-01 6.84340554e-01 1.00000000e+00
6.63801892e-01 6.91355519e-01 6.90308057e-01 1.00000000e+00
6.69680746e-01 6.88005506e-01 6.88313446e-01 1.00000000e+00
6.60640842e-01 6.85390349e-01 6.84188916e-01 1.00000000e+00
6.55181906e-01 6.80687266e-01 6.76002846e-01 1.00000000e+00
6.51614935e-01 6.73574320e-01 6.73042423e-01 1.00000000e+00
6.89604347e-01 6.91363404e-01 6.73832002e-01 1.00000000e+00
7.11202561e-01 7.16549665e-01 6.97334517e-01 1.00000000e+00
6.99185024e-01 7.17372710e-01 7.08819495e-01 1.00000000e+00
6.78485650e-01 7.09681797e-01 6.98514146e-01 1.00000000e+00
6.79259108e-01 6.83221385e-01 6.63939209e-01 1.00000000e+00
6.75880318e-01 6.84211955e-01 6.67955764e-01 1.00000000e+00
6.85093968e-01 6.95230341e-01 6.70954610e-01 1.00000000e+00
6.99966076e-01 7.00943076e-01 6.78702761e-01 1.00000000e+00
5.72413325e-01 4.35918312e-01 3.74055228e-01 1.00000000e+00
7.06845783e-01 7.01010923e-01 6.87902843e-01 1.00000000e+00
7.04494290e-01 7.31641996e-01 7.29201806e-01 1.00000000e+00
6.73606980e-01 6.87077020e-01 6.83141454e-01 1.00000000e+00
6.75386966e-01 6.87310308e-01 6.85381017e-01 1.00000000e+00
6.77507553e-01 6.91810430e-01 6.90387374e-01 1.00000000e+00
6.80848235e-01 6.98571112e-01 6.98715750e-01 1.00000000e+00
6.81272818e-01 7.04510620e-01 7.05450770e-01 1.00000000e+00
6.83594032e-01 7.09579965e-01 7.10839720e-01 1.00000000e+00
6.80789913e-01 7.07541029e-01 7.05434440e-01 1.00000000e+00
6.84051277e-01 7.01083622e-01 7.06211289e-01 1.00000000e+00
6.75034702e-01 6.95349407e-01 6.94367265e-01 1.00000000e+00
6.69781059e-01 6.87576256e-01 6.85693623e-01 1.00000000e+00
6.62801087e-01 6.80113378e-01 6.77572873e-01 1.00000000e+00
6.66018126e-01 6.75384633e-01 6.72944443e-01 1.00000000e+00
6.60923120e-01 6.73131073e-01 6.74957717e-01 1.00000000e+00
6.58503925e-01 6.74169204e-01 6.76513746e-01 1.00000000e+00
6.57153188e-01 6.74255520e-01 6.78785970e-01 1.00000000e+00
6.55380201e-01 6.71680022e-01 6.70539245e-01 1.00000000e+00
6.43286559e-01 6.68763924e-01 6.64961333e-01 1.00000000e+00
6.44975563e-01 6.62787090e-01 6.63549941e-01 1.00000000e+00
6.38268538e-01 6.56614294e-01 6.51631265e-01 1.00000000e+00
6.43526846e-01 6.52485099e-01 6.51500624e-01 1.00000000e+00
6.45141197e-01 6.53196627e-01 6.51006054e-01 1.00000000e+00
6.42773326e-01 6.59430078e-01 6.54022466e-01 1.00000000e+00
6.49599328e-01 6.67322206e-01 6.65418577e-01 1.00000000e+00
6.57412138e-01 6.78380049e-01 6.76679381e-01 1.00000000e+00
6.61212397e-01 6.86787743e-01 6.85931577e-01 1.00000000e+00
6.78004456e-01 6.92174359e-01 6.94157306e-01 1.00000000e+00
6.74635779e-01 6.97467660e-01 6.96900771e-01 1.00000000e+00
6.86013227e-01 6.99667565e-01 7.06670866e-01 1.00000000e+00
6.53672534e-01 6.68929559e-01 6.66326066e-01 1.00000000e+00
6.61539000e-01 6.73341032e-01 6.71917976e-01 1.00000000e+00
6.77232215e-01 6.72889321e-01 6.48906174e-01 1.00000000e+00
6.73116189e-01 6.72630044e-01 6.38373035e-01 1.00000000e+00
6.87117161e-01 6.82482580e-01 6.49262680e-01 1.00000000e+00
6.60411603e-01 6.63879436e-01 6.21844110e-01 1.00000000e+00
6.58317295e-01 6.77708180e-01 6.74248522e-01 1.00000000e+00
6.56551306e-01 6.75767225e-01 6.75118685e-01 1.00000000e+00
6.51927541e-01 6.71892314e-01 6.68714934e-01 1.00000000e+00
6.51351320e-01 6.67560159e-01 6.64322124e-01 1.00000000e+00
6.55975085e-01 6.66589682e-01 6.63664252e-01 1.00000000e+00
6.54696667e-01 6.68591291e-01 6.63727240e-01 1.00000000e+00
6.56357677e-01 6.72993433e-01 6.68521305e-01 1.00000000e+00
6.56912902e-01 6.78233078e-01 6.77803828e-01 1.00000000e+00
6.58226313e-01 6.82217634e-01 6.76628058e-01 1.00000000e+00
6.57127527e-01 6.82562900e-01 6.80283678e-01 1.00000000e+00
6.58125999e-01 6.80470308e-01 6.79019258e-01 1.00000000e+00
6.59719355e-01 6.77901809e-01 6.71722014e-01 1.00000000e+00
6.61098086e-01 6.77591536e-01 6.72379886e-01 1.00000000e+00
6.63822888e-01 6.78746311e-01 6.76224470e-01 1.00000000e+00
6.67154238e-01 6.83617361e-01 6.80206693e-01 1.00000000e+00
6.70613897e-01 6.88539735e-01 6.86808739e-01 1.00000000e+00
6.68504975e-01 6.95610689e-01 6.88005506e-01 1.00000000e+00
6.43137255e-01 6.63207008e-01 6.63463625e-01 1.00000000e+00
6.47219792e-01 6.68145712e-01 6.68362669e-01 1.00000000e+00
6.43113926e-01 6.69181510e-01 6.65000991e-01 1.00000000e+00
6.51682589e-01 6.67945084e-01 6.68089723e-01 1.00000000e+00
6.54010801e-01 6.67478508e-01 6.63671251e-01 1.00000000e+00
6.54213762e-01 6.67165903e-01 6.66449709e-01 1.00000000e+00
6.55555167e-01 6.67639477e-01 6.62600460e-01 1.00000000e+00
6.59273775e-01 6.73996571e-01 6.69055534e-01 1.00000000e+00
6.62462820e-01 6.79425179e-01 6.74145875e-01 1.00000000e+00
6.55445521e-01 6.83971959e-01 6.77302259e-01 1.00000000e+00
6.53859164e-01 6.84835124e-01 6.76581400e-01 1.00000000e+00
6.60428550e-01 6.80115711e-01 6.77733842e-01 1.00000000e+00
6.55762793e-01 6.73756284e-01 6.71910977e-01 1.00000000e+00
6.52079178e-01 6.67207894e-01 6.62103556e-01 1.00000000e+00
6.43557173e-01 6.62665780e-01 6.55858441e-01 1.00000000e+00
6.48943789e-01 6.59875658e-01 6.56560637e-01 1.00000000e+00
6.49506013e-01 6.59833666e-01 6.55139914e-01 1.00000000e+00
6.41882166e-01 6.64338454e-01 6.56492984e-01 1.00000000e+00
6.48582193e-01 6.66055453e-01 6.63675917e-01 1.00000000e+00
6.46494267e-01 6.67487840e-01 6.65315930e-01 1.00000000e+00
6.46440611e-01 6.66696994e-01 6.64886680e-01 1.00000000e+00
6.40589752e-01 6.65089641e-01 6.58361619e-01 1.00000000e+00
6.47434417e-01 6.62194539e-01 6.59985303e-01 1.00000000e+00
6.47028496e-01 6.60010965e-01 6.55986749e-01 1.00000000e+00
6.48372234e-01 6.58622902e-01 6.54106449e-01 1.00000000e+00
6.86410204e-01 6.89517606e-01 6.72705068e-01 1.00000000e+00
6.24772049e-01 6.25546680e-01 6.27052906e-01 1.00000000e+00
2.44682115e-01 1.29537802e-01 9.70525217e-02 1.00000000e+00
4.46501266e-01 2.93569421e-01 2.28276819e-01 1.00000000e+00
1.00000000e+00 1.00000000e+00 1.00000000e+00 1.00000000e+00
4.89986119e-01 5.08126582e-01 5.08273553e-01 1.00000000e+00
6.87570896e-01 6.89742343e-01 6.71495706e-01 1.00000000e+00
6.72467995e-01 6.76713661e-01 6.56198347e-01 1.00000000e+00
6.04537352e-01 6.05704100e-01 5.93129152e-01 1.00000000e+00
5.91962405e-01 5.91119754e-01 5.70150705e-01 1.00000000e+00
6.66832301e-01 6.81877034e-01 6.78718317e-01 1.00000000e+00
6.66279409e-01 6.85411345e-01 6.81548098e-01 1.00000000e+00
6.65133966e-01 6.86624442e-01 6.84312559e-01 1.00000000e+00
6.60043625e-01 6.80400322e-01 6.76688712e-01 1.00000000e+00
6.56133721e-01 6.72041619e-01 6.67590487e-01 1.00000000e+00
6.55137582e-01 6.69167512e-01 6.64977663e-01 1.00000000e+00
6.53740187e-01 6.66449709e-01 6.62495480e-01 1.00000000e+00
6.50077568e-01 6.60666503e-01 6.59266776e-01 1.00000000e+00
6.45988032e-01 6.57972029e-01 6.54715331e-01 1.00000000e+00
6.45589110e-01 6.58331292e-01 6.54223093e-01 1.00000000e+00
6.44900911e-01 6.62563134e-01 6.58825862e-01 1.00000000e+00
6.44373680e-01 6.64569409e-01 6.61074757e-01 1.00000000e+00
6.42749997e-01 6.65206285e-01 6.64585739e-01 1.00000000e+00
6.42801320e-01 6.59374089e-01 6.59334430e-01 1.00000000e+00
6.42096791e-01 6.57260501e-01 6.56094062e-01 1.00000000e+00
6.41536900e-01 6.54160105e-01 6.49531675e-01 1.00000000e+00
6.41499574e-01 6.54272084e-01 6.48589192e-01 1.00000000e+00
6.42148114e-01 6.55615822e-01 6.51334990e-01 1.00000000e+00
6.46757882e-01 6.61919259e-01 6.58951838e-01 1.00000000e+00
6.48012971e-01 6.69536107e-01 6.66375057e-01 1.00000000e+00
6.53495235e-01 6.72587512e-01 6.70438931e-01 1.00000000e+00
6.54297745e-01 6.74864401e-01 6.72074279e-01 1.00000000e+00
6.55100255e-01 6.76322450e-01 6.71729013e-01 1.00000000e+00
6.58541251e-01 6.75421959e-01 6.71680022e-01 1.00000000e+00
6.58641565e-01 6.73114743e-01 6.69921032e-01 1.00000000e+00
6.61802615e-01 6.73082082e-01 6.70249968e-01 1.00000000e+00
6.00939880e-01 5.94749635e-01 5.81688543e-01 1.00000000e+00
6.65833829e-01 6.80715261e-01 6.77243937e-01 1.00000000e+00
6.67891428e-01 6.83983623e-01 6.81797716e-01 1.00000000e+00
6.67704798e-01 6.86790076e-01 6.83813323e-01 1.00000000e+00
6.66405384e-01 6.86496133e-01 6.82616556e-01 1.00000000e+00
6.61664975e-01 6.82194305e-01 6.77607866e-01 1.00000000e+00
6.57433134e-01 6.73639640e-01 6.69648085e-01 1.00000000e+00
6.55310215e-01 6.68096721e-01 6.64394443e-01 1.00000000e+00
6.52030187e-01 6.64121496e-01 6.60990773e-01 1.00000000e+00
6.48547200e-01 6.59954975e-01 6.55599491e-01 1.00000000e+00
6.47012166e-01 6.61191401e-01 6.55741797e-01 1.00000000e+00
6.48747828e-01 6.64233474e-01 6.60269914e-01 1.00000000e+00
6.49841947e-01 6.68803583e-01 6.67396858e-01 1.00000000e+00
6.49855945e-01 6.70480923e-01 6.67354866e-01 1.00000000e+00
6.48880802e-01 6.69949027e-01 6.68481646e-01 1.00000000e+00
6.47049492e-01 6.65014989e-01 6.60314239e-01 1.00000000e+00
6.45642766e-01 6.62019573e-01 6.57974362e-01 1.00000000e+00
6.45731416e-01 6.58452602e-01 6.53908155e-01 1.00000000e+00
6.51488960e-01 6.58583243e-01 6.54596354e-01 1.00000000e+00
6.50474158e-01 6.63081033e-01 6.59213120e-01 1.00000000e+00
6.56460324e-01 6.71586707e-01 6.67420186e-01 1.00000000e+00
6.58716217e-01 6.78335725e-01 6.74435152e-01 1.00000000e+00
6.32117971e-01 6.32020742e-01 6.31891104e-01 1.00000000e+00
6.19413385e-01 6.18700373e-01 6.18246637e-01 1.00000000e+00
6.22816399e-01 6.21260736e-01 6.21649652e-01 1.00000000e+00
6.21131097e-01 6.20580133e-01 6.20904229e-01 1.00000000e+00
6.19478205e-01 6.16853022e-01 6.17598444e-01 1.00000000e+00
5.84378545e-01 5.81947820e-01 5.78544806e-01 1.00000000e+00
5.81883001e-01 5.73197213e-01 5.70734079e-01 1.00000000e+00
6.38182221e-01 6.47835672e-01 6.45614772e-01 1.00000000e+00
6.33817406e-01 6.52415112e-01 6.48551866e-01 1.00000000e+00
6.32410680e-01 6.52643734e-01 6.47418087e-01 1.00000000e+00
6.28867038e-01 6.49221402e-01 6.44868251e-01 1.00000000e+00
6.24378580e-01 6.46214322e-01 6.43890775e-01 1.00000000e+00
6.22148348e-01 6.39831566e-01 6.37062439e-01 1.00000000e+00
6.24401908e-01 6.34386628e-01 6.34615250e-01 1.00000000e+00
6.16199508e-01 6.30703013e-01 6.26352195e-01 1.00000000e+00
6.16444460e-01 6.30784664e-01 6.25605674e-01 1.00000000e+00
6.16722073e-01 6.31948770e-01 6.25113436e-01 1.00000000e+00
6.17475592e-01 6.37438033e-01 6.34370298e-01 1.00000000e+00
6.19183259e-01 6.40533763e-01 6.37932603e-01 1.00000000e+00
5.87911198e-01 5.79711554e-01 5.51839248e-01 1.00000000e+00
6.20659971e-01 6.34489275e-01 6.36985455e-01 1.00000000e+00
6.12030654e-01 6.33140871e-01 6.31430871e-01 1.00000000e+00
6.50234970e-01 6.62809917e-01 6.64851726e-01 1.00000000e+00
6.14664474e-01 6.31178920e-01 6.26797774e-01 1.00000000e+00
6.22311649e-01 6.31554514e-01 6.30530380e-01 1.00000000e+00
6.19052618e-01 6.36824486e-01 6.30950298e-01 1.00000000e+00
6.25031785e-01 6.43235236e-01 6.37664322e-01 1.00000000e+00
6.33448811e-01 6.47399424e-01 6.46123339e-01 1.00000000e+00
6.28832044e-01 6.50590801e-01 6.46708892e-01 1.00000000e+00
5.91767947e-01 5.91703128e-01 5.90925296e-01 1.00000000e+00
5.93939394e-01 5.94263491e-01 5.94198671e-01 1.00000000e+00
6.24576874e-01 6.34300311e-01 6.33304172e-01 1.00000000e+00
5.81461676e-01 5.78933722e-01 5.73391671e-01 1.00000000e+00
5.81461676e-01 5.75595527e-01 5.70215524e-01 1.00000000e+00
5.73488900e-01 5.67752390e-01 5.58353589e-01 1.00000000e+00
6.17456929e-01 6.32081744e-01 6.30229439e-01 1.00000000e+00
5.85836979e-01 5.78317939e-01 5.77766975e-01 1.00000000e+00
6.08626984e-01 6.26142236e-01 6.26450176e-01 1.00000000e+00
6.02318881e-01 6.20347366e-01 6.16649753e-01 1.00000000e+00
5.91389346e-01 6.13351063e-01 6.06751350e-01 1.00000000e+00
6.00777832e-01 6.10922055e-01 6.10889645e-01 1.00000000e+00
5.26592124e-01 5.25522606e-01 5.00340301e-01 1.00000000e+00
5.40269000e-01 5.28115378e-01 4.98979096e-01 1.00000000e+00
5.05979582e-01 4.89612705e-01 4.53832442e-01 1.00000000e+00
5.04067412e-01 4.92529574e-01 4.61545941e-01 1.00000000e+00
5.91599305e-01 6.09004911e-01 6.05491596e-01 1.00000000e+00
5.49829849e-01 5.56830335e-01 5.44935991e-01 1.00000000e+00
5.92902285e-01 5.96596986e-01 5.95495058e-01 1.00000000e+00
5.93458609e-01 6.09296521e-01 6.07448881e-01 1.00000000e+00
6.00625211e-01 6.07647175e-01 6.05146330e-01 1.00000000e+00
5.70085886e-01 5.70085886e-01 5.66715281e-01 1.00000000e+00
5.70312753e-01 5.60298169e-01 5.57608167e-01 1.00000000e+00
5.70734079e-01 5.58094312e-01 5.60136121e-01 1.00000000e+00
5.70377573e-01 5.63506725e-01 5.61043591e-01 1.00000000e+00
5.78123481e-01 5.72224923e-01 5.70863717e-01 1.00000000e+00
5.83762761e-01 5.77475288e-01 5.74688057e-01 1.00000000e+00
5.90795657e-01 5.91800357e-01 5.91929995e-01 1.00000000e+00
5.90957705e-01 5.91476260e-01 5.91541079e-01 1.00000000e+00
5.85934208e-01 5.85707341e-01 5.83795171e-01 1.00000000e+00
5.79063361e-01 5.76665046e-01 5.71479501e-01 1.00000000e+00
5.99909018e-01 6.19843464e-01 6.11487093e-01 1.00000000e+00
5.74007454e-01 5.63377086e-01 5.61464917e-01 1.00000000e+00
5.73553719e-01 5.70409982e-01 5.65937449e-01 1.00000000e+00
5.76891914e-01 5.74688057e-01 5.74363960e-01 1.00000000e+00
5.73586129e-01 5.76178901e-01 5.74363960e-01 1.00000000e+00
5.75336250e-01 5.77604926e-01 5.76729865e-01 1.00000000e+00
5.67882029e-01 5.74234322e-01 5.68173716e-01 1.00000000e+00
5.30254416e-01 5.34370442e-01 5.09415006e-01 1.00000000e+00
5.57899854e-01 5.48760331e-01 5.07567655e-01 1.00000000e+00
5.91762606e-01 6.04654092e-01 6.00606548e-01 1.00000000e+00
5.11910549e-01 5.08539945e-01 4.62096905e-01 1.00000000e+00
5.51417923e-01 5.48598282e-01 5.05072111e-01 1.00000000e+00
5.32490682e-01 5.49311295e-01 5.25425377e-01 1.00000000e+00
5.60427807e-01 5.64414195e-01 5.58256360e-01 1.00000000e+00
5.74623238e-01 5.85123967e-01 5.82531194e-01 1.00000000e+00
5.73942635e-01 5.76373359e-01 5.74299141e-01 1.00000000e+00
5.65289256e-01 5.65127208e-01 5.63895641e-01 1.00000000e+00
5.60913952e-01 5.58936963e-01 5.40917193e-01 1.00000000e+00
5.62696484e-01 5.59812024e-01 5.40722735e-01 1.00000000e+00
5.67557932e-01 5.67493113e-01 5.61626965e-01 1.00000000e+00
5.78998542e-01 5.78447577e-01 5.75725166e-01 1.00000000e+00
5.86938908e-01 5.95235780e-01 5.92383730e-01 1.00000000e+00
6.17954951e-01 6.37335926e-01 6.31988333e-01 1.00000000e+00
6.30465079e-01 6.39377735e-01 6.39280506e-01 1.00000000e+00
6.24274834e-01 6.26251823e-01 6.25214714e-01 1.00000000e+00
6.17079890e-01 6.16950251e-01 6.03921569e-01 1.00000000e+00
6.05088316e-01 6.05671690e-01 5.93129152e-01 1.00000000e+00
5.89758548e-01 5.89369632e-01 5.77053962e-01 1.00000000e+00
5.87813969e-01 5.88429752e-01 5.85610112e-01 1.00000000e+00
5.85059148e-01 5.85772160e-01 5.86485173e-01 1.00000000e+00
5.77345649e-01 5.81040350e-01 5.80781073e-01 1.00000000e+00
5.87621747e-01 5.95593193e-01 5.93418950e-01 1.00000000e+00
5.56959974e-01 5.60849133e-01 5.52422622e-01 1.00000000e+00
5.43931292e-01 5.45454545e-01 5.05039702e-01 1.00000000e+00
5.81740561e-01 5.88596890e-01 5.86079714e-01 1.00000000e+00
5.17647059e-01 5.14470912e-01 4.85950413e-01 1.00000000e+00
5.17322962e-01 5.20466699e-01 4.90422946e-01 1.00000000e+00
5.51644790e-01 5.48306595e-01 5.15702479e-01 1.00000000e+00
5.77669746e-01 5.97309998e-01 5.79355048e-01 1.00000000e+00
5.77604926e-01 5.82142278e-01 5.81494085e-01 1.00000000e+00
6.03046508e-01 6.06060606e-01 6.03694701e-01 1.00000000e+00
6.08620969e-01 6.10079404e-01 6.07940366e-01 1.00000000e+00
6.30400259e-01 6.26089775e-01 6.17144709e-01 1.00000000e+00
6.65597148e-01 6.63522930e-01 6.43299303e-01 1.00000000e+00
6.90909091e-01 6.90714633e-01 6.73731972e-01 1.00000000e+00
7.57413709e-01 7.63117809e-01 7.59390698e-01 1.00000000e+00
7.82077459e-01 7.99092530e-01 7.93518068e-01 1.00000000e+00
7.91281802e-01 8.18116999e-01 8.10079404e-01 1.00000000e+00
7.97018311e-01 8.15038081e-01 8.04634581e-01 1.00000000e+00
7.83503484e-01 7.84378545e-01 7.68983957e-01 1.00000000e+00
7.70766488e-01 7.74752876e-01 7.30837790e-01 1.00000000e+00
7.70442392e-01 7.72678658e-01 7.32004537e-01 1.00000000e+00
7.78091071e-01 7.80132880e-01 7.52811538e-01 1.00000000e+00
7.94263491e-01 8.00226868e-01 7.80619024e-01 1.00000000e+00
7.84897099e-01 7.93615297e-01 7.90082645e-01 1.00000000e+00
7.38713337e-01 7.70539621e-01 7.60589856e-01 1.00000000e+00
6.86274510e-01 6.99983795e-01 6.97034516e-01 1.00000000e+00
6.26737968e-01 6.43688219e-01 6.38859180e-01 1.00000000e+00
5.84151677e-01 5.83114568e-01 5.61789013e-01 1.00000000e+00
5.55080214e-01 5.47528764e-01 5.01247772e-01 1.00000000e+00
4.90325717e-01 4.84751256e-01 4.38923999e-01 1.00000000e+00
4.97747529e-01 4.96094636e-01 4.61416302e-01 1.00000000e+00
4.94733431e-01 4.96483552e-01 4.73505105e-01 1.00000000e+00
5.27467185e-01 5.27758872e-01 4.86987522e-01 1.00000000e+00
5.91281802e-01 6.06222654e-01 5.89013126e-01 1.00000000e+00
6.60087506e-01 6.73602333e-01 6.69518717e-01 1.00000000e+00
7.31939718e-01 7.33495382e-01 7.18554529e-01 1.00000000e+00
7.65159618e-01 7.64252147e-01 7.28277427e-01 1.00000000e+00
7.40819964e-01 7.39653217e-01 6.96483552e-01 1.00000000e+00
7.28958029e-01 7.29314536e-01 7.05298979e-01 1.00000000e+00
7.04423918e-01 7.05979582e-01 6.90196078e-01 1.00000000e+00
6.84978123e-01 6.94214876e-01 6.87311619e-01 1.00000000e+00
6.87635715e-01 7.03970183e-01 6.98266083e-01 1.00000000e+00
6.75093178e-01 6.94895479e-01 6.91135959e-01 1.00000000e+00
6.24987846e-01 6.38664722e-01 6.35067250e-01 1.00000000e+00
6.15005672e-01 6.19964349e-01 6.13612056e-01 1.00000000e+00
6.28034354e-01 6.28552909e-01 6.15200130e-01 1.00000000e+00
6.24793388e-01 6.24339653e-01 6.05217955e-01 1.00000000e+00
6.31534597e-01 6.31664236e-01 6.16917842e-01 1.00000000e+00
6.53411117e-01 6.56101118e-01 6.48290391e-01 1.00000000e+00
6.94733431e-01 7.04650786e-01 7.01118133e-01 1.00000000e+00
7.73326851e-01 7.97374818e-01 7.94944093e-01 1.00000000e+00
2.38502674e-01 1.63506725e-01 1.10030789e-01 1.00000000e+00
8.43558580e-01 8.49035813e-01 8.38243397e-01 1.00000000e+00
7.29995139e-01 7.31615621e-01 7.14600551e-01 1.00000000e+00
6.79176795e-01 6.81931616e-01 6.40868579e-01 1.00000000e+00
5.85545292e-01 5.80748663e-01 5.39912494e-01 1.00000000e+00
5.72646249e-01 5.73975045e-01 5.54367201e-01 1.00000000e+00
5.20920434e-01 5.27823691e-01 5.07664884e-01 1.00000000e+00
6.31164923e-01 6.51041047e-01 6.49030106e-01 1.00000000e+00
6.33155080e-01 6.46605088e-01 6.25992546e-01 1.00000000e+00
6.36882191e-01 6.53281478e-01 6.45179063e-01 1.00000000e+00
6.47966294e-01 6.51531356e-01 6.46896775e-01 1.00000000e+00
6.30659537e-01 6.38697132e-01 6.30918814e-01 1.00000000e+00
6.28909415e-01 6.29103873e-01 6.16366877e-01 1.00000000e+00
6.27159293e-01 6.27256522e-01 6.04245665e-01 1.00000000e+00
6.39248096e-01 6.38210987e-01 6.25344353e-01 1.00000000e+00
6.53929671e-01 6.55906660e-01 6.40544482e-01 1.00000000e+00
6.77329444e-01 6.82028845e-01 6.72111489e-01 1.00000000e+00
6.90066440e-01 7.14859828e-01 7.05655485e-01 1.00000000e+00
7.18554529e-01 7.46232377e-01 7.33462972e-01 1.00000000e+00
7.66618052e-01 7.81234808e-01 7.58515638e-01 1.00000000e+00
7.61821423e-01 7.69567331e-01 7.38972614e-01 1.00000000e+00
7.39555988e-01 7.41370929e-01 7.02608977e-01 1.00000000e+00
7.01409820e-01 7.05882353e-01 6.60541241e-01 1.00000000e+00
6.80375952e-01 6.83001134e-01 6.64689678e-01 1.00000000e+00
6.42456652e-01 6.44563280e-01 6.32733755e-01 1.00000000e+00
6.27094474e-01 6.32636526e-01 6.28520499e-01 1.00000000e+00
6.14163021e-01 6.24469292e-01 6.21811700e-01 1.00000000e+00
6.10014584e-01 6.24307244e-01 6.19705072e-01 1.00000000e+00
6.14389888e-01 6.21098687e-01 6.06708799e-01 1.00000000e+00
5.93291201e-01 5.97050721e-01 5.46362016e-01 1.00000000e+00
5.16901637e-01 5.05234160e-01 4.66537028e-01 1.00000000e+00
5.15475612e-01 5.05104521e-01 4.70264139e-01 1.00000000e+00
5.20790796e-01 5.15086696e-01 4.80181494e-01 1.00000000e+00
5.53654189e-01 5.55436720e-01 5.16253444e-01 1.00000000e+00
6.22524712e-01 6.36720143e-01 6.06676390e-01 1.00000000e+00
5.94976503e-01 5.99805542e-01 5.96499757e-01 1.00000000e+00
5.88689029e-01 6.01328796e-01 5.98736023e-01 1.00000000e+00
5.94846864e-01 5.99837952e-01 5.96175660e-01 1.00000000e+00
6.06968076e-01 6.07583860e-01 5.94717226e-01 1.00000000e+00
6.64235942e-01 6.64851726e-01 6.34289418e-01 1.00000000e+00
7.71511911e-01 7.68659861e-01 7.22411279e-01 1.00000000e+00
8.43234484e-01 8.48808945e-01 7.92286501e-01 1.00000000e+00
8.81024145e-01 8.87214390e-01 8.31437368e-01 1.00000000e+00
8.74607033e-01 8.85042943e-01 8.40771350e-01 1.00000000e+00
8.09658078e-01 8.27710258e-01 8.07745908e-01 1.00000000e+00
7.73488900e-01 7.86355534e-01 7.66456004e-01 1.00000000e+00
7.57932264e-01 7.68659861e-01 7.45746232e-01 1.00000000e+00
7.57705396e-01 7.63279857e-01 7.24517906e-01 1.00000000e+00
7.36703938e-01 7.40009723e-01 6.88737644e-01 1.00000000e+00
6.81575109e-01 6.81801977e-01 6.49846054e-01 1.00000000e+00
6.13061092e-01 6.14065792e-01 5.95365419e-01 1.00000000e+00
5.96078431e-01 5.98509156e-01 5.85026738e-01 1.00000000e+00
5.93420839e-01 5.96467347e-01 5.93809755e-01 1.00000000e+00
5.88235294e-01 5.97439637e-01 5.95170961e-01 1.00000000e+00
5.96532167e-01 6.05153136e-01 5.93258791e-01 1.00000000e+00
6.04278075e-01 6.11019284e-01 5.80035651e-01 1.00000000e+00
5.10387295e-01 5.03840544e-01 4.83811376e-01 1.00000000e+00
4.85140172e-01 4.80408362e-01 4.41711230e-01 1.00000000e+00
4.96710420e-01 4.83552099e-01 4.41387133e-01 1.00000000e+00
5.29087668e-01 5.21503808e-01 4.84751256e-01 1.00000000e+00
6.10857235e-01 6.18797602e-01 5.75757576e-01 1.00000000e+00
5.76211311e-01 5.87100956e-01 5.81558905e-01 1.00000000e+00
5.85123967e-01 5.92902285e-01 5.91281802e-01 1.00000000e+00
5.85350835e-01 5.91573489e-01 5.89272403e-01 1.00000000e+00
5.80359747e-01 5.84702641e-01 5.79841193e-01 1.00000000e+00
5.89531680e-01 5.90503970e-01 5.70539621e-01 1.00000000e+00
5.98995301e-01 5.97958192e-01 5.69923837e-01 1.00000000e+00
6.15135310e-01 6.15070491e-01 5.88008427e-01 1.00000000e+00
6.24793388e-01 6.26900016e-01 6.06676390e-01 1.00000000e+00
6.35618214e-01 6.38146168e-01 6.29136283e-01 1.00000000e+00
6.32539297e-01 6.40252795e-01 6.37368336e-01 1.00000000e+00
6.21001458e-01 6.34970021e-01 6.30140982e-01 1.00000000e+00
6.10760006e-01 6.24793388e-01 6.18992060e-01 1.00000000e+00
6.00162048e-01 6.01879760e-01 5.93193972e-01 1.00000000e+00
5.81591314e-01 5.84378545e-01 5.64997569e-01 1.00000000e+00
5.77053962e-01 5.74363960e-01 5.45908281e-01 1.00000000e+00
5.72970345e-01 5.71868417e-01 5.56733106e-01 1.00000000e+00
5.74331551e-01 5.74655647e-01 5.72289742e-01 1.00000000e+00
5.74201912e-01 5.80651434e-01 5.78285529e-01 1.00000000e+00
5.75692756e-01 5.85026738e-01 5.82693243e-01 1.00000000e+00
5.81785772e-01 5.94004213e-01 5.87133366e-01 1.00000000e+00
5.82822881e-01 5.91379031e-01 5.56959974e-01 1.00000000e+00
5.01215362e-01 4.99594879e-01 4.66472209e-01 1.00000000e+00
4.76324745e-01 4.69259439e-01 4.30173392e-01 1.00000000e+00
4.87149571e-01 4.84459569e-01 4.31858694e-01 1.00000000e+00
5.01085724e-01 4.98914276e-01 4.65370280e-01 1.00000000e+00
5.94749635e-01 6.06481932e-01 5.55598768e-01 1.00000000e+00
5.78479987e-01 5.89369632e-01 5.76567817e-01 1.00000000e+00
5.72775887e-01 5.81267218e-01 5.78642035e-01 1.00000000e+00
5.70377573e-01 5.74234322e-01 5.71252633e-01 1.00000000e+00
5.64316966e-01 5.65969859e-01 5.58385999e-01 1.00000000e+00
5.57575758e-01 5.56214552e-01 5.40106952e-01 1.00000000e+00
5.60071301e-01 5.58353589e-01 5.40787555e-01 1.00000000e+00
5.71771188e-01 5.71122995e-01 5.55663588e-01 1.00000000e+00
5.79322638e-01 5.79387457e-01 5.67071787e-01 1.00000000e+00
5.89175174e-01 5.90050235e-01 5.89045536e-01 1.00000000e+00
5.90115054e-01 5.97731324e-01 5.97374818e-01 1.00000000e+00
5.85480473e-01 5.89596500e-01 5.87587101e-01 1.00000000e+00
5.75822395e-01 5.76729865e-01 5.67979258e-01 1.00000000e+00
5.62890942e-01 5.63052990e-01 5.49732620e-01 1.00000000e+00
5.62339977e-01 5.59001783e-01 5.40560687e-01 1.00000000e+00
5.64900340e-01 5.65094798e-01 5.51579971e-01 1.00000000e+00
5.70928537e-01 5.70863717e-01 5.61756603e-01 1.00000000e+00
5.74266731e-01 5.78155890e-01 5.75563118e-01 1.00000000e+00
5.73262032e-01 5.81202398e-01 5.78350348e-01 1.00000000e+00
5.67687571e-01 5.76567817e-01 5.72840707e-01 1.00000000e+00
5.70798898e-01 5.74558418e-01 5.59876843e-01 1.00000000e+00
5.68076487e-01 5.68659861e-01 5.18424891e-01 1.00000000e+00
4.99886566e-01 4.91233187e-01 4.52211959e-01 1.00000000e+00
4.94668611e-01 4.95057527e-01 4.47415330e-01 1.00000000e+00
4.99173554e-01 5.06433317e-01 4.73018960e-01 1.00000000e+00
5.11780911e-01 5.09674283e-01 4.91686923e-01 1.00000000e+00
5.89596500e-01 5.99481445e-01 5.59876843e-01 1.00000000e+00
5.78188300e-01 5.83244207e-01 5.63344677e-01 1.00000000e+00
5.59779614e-01 5.60071301e-01 5.57835035e-01 1.00000000e+00
5.57348890e-01 5.52422622e-01 5.45033220e-01 1.00000000e+00
5.55436720e-01 5.53265273e-01 5.30448874e-01 1.00000000e+00
5.63571544e-01 5.62339977e-01 5.50931778e-01 1.00000000e+00
5.72224923e-01 5.73877816e-01 5.66682871e-01 1.00000000e+00
5.83179387e-01 5.87036137e-01 5.86452763e-01 1.00000000e+00
5.87198185e-01 5.92156863e-01 5.90892886e-01 1.00000000e+00
5.80392157e-01 5.89434451e-01 5.86517582e-01 1.00000000e+00
5.71317453e-01 5.69340463e-01 5.53881057e-01 1.00000000e+00
5.67752390e-01 5.66844920e-01 5.47010209e-01 1.00000000e+00
5.73618538e-01 5.72646249e-01 5.58936963e-01 1.00000000e+00
5.75952034e-01 5.75822395e-01 5.72613839e-01 1.00000000e+00
5.75887214e-01 5.85642521e-01 5.83179387e-01 1.00000000e+00
5.74785286e-01 5.89920596e-01 5.85772160e-01 1.00000000e+00
5.72062875e-01 5.76340950e-01 5.74947334e-01 1.00000000e+00
5.65062389e-01 5.65678172e-01 5.58612867e-01 1.00000000e+00
5.54205153e-01 5.50056717e-01 5.30870199e-01 1.00000000e+00
5.52357803e-01 5.43574785e-01 5.22605737e-01 1.00000000e+00
5.52779128e-01 5.48598282e-01 5.16869227e-01 1.00000000e+00
5.68108896e-01 5.77118781e-01 5.22508508e-01 1.00000000e+00
5.12591152e-01 5.09252957e-01 4.87052342e-01 1.00000000e+00
4.90682223e-01 5.01571868e-01 4.76616432e-01 1.00000000e+00
4.82968725e-01 4.93761141e-01 4.69583536e-01 1.00000000e+00
5.05039702e-01 4.99465241e-01 4.69680765e-01 1.00000000e+00
5.61205639e-01 5.55922865e-01 4.99011505e-01 1.00000000e+00
5.52552261e-01 5.48176957e-01 5.10030789e-01 1.00000000e+00
5.55631178e-01 5.53848647e-01 5.32912008e-01 1.00000000e+00
5.67849619e-01 5.68951548e-01 5.60103711e-01 1.00000000e+00
5.70409982e-01 5.77993842e-01 5.71349862e-01 1.00000000e+00
5.75952034e-01 5.84151677e-01 5.82304327e-01 1.00000000e+00
5.75789985e-01 5.86517582e-01 5.85512883e-01 1.00000000e+00
5.76567817e-01 5.79743964e-01 5.73845406e-01 1.00000000e+00
5.71317453e-01 5.70118295e-01 5.61951061e-01 1.00000000e+00
5.70247934e-01 5.66618052e-01 5.53945876e-01 1.00000000e+00
5.75401070e-01 5.73164803e-01 5.59196240e-01 1.00000000e+00
5.79873602e-01 5.80943121e-01 5.73424080e-01 1.00000000e+00
5.88040836e-01 5.93518068e-01 5.89920596e-01 1.00000000e+00
5.87943607e-01 5.99124939e-01 5.96046022e-01 1.00000000e+00
5.87295414e-01 5.93712526e-01 5.91897585e-01 1.00000000e+00
5.72386971e-01 5.81169989e-01 5.76729865e-01 1.00000000e+00
5.67363474e-01 5.67136607e-01 5.58936963e-01 1.00000000e+00
5.58126722e-01 5.56538649e-01 5.39069843e-01 1.00000000e+00
5.59261060e-01 5.57186842e-01 5.39037433e-01 1.00000000e+00
5.67201426e-01 5.65548533e-01 5.51417923e-01 1.00000000e+00
5.69372873e-01 5.72062875e-01 5.54885756e-01 1.00000000e+00
5.80003241e-01 5.95073732e-01 5.66456004e-01 1.00000000e+00
5.09836331e-01 5.08734403e-01 4.89483066e-01 1.00000000e+00
4.71139199e-01 4.84913304e-01 4.59180036e-01 1.00000000e+00
4.69486307e-01 4.68708475e-01 4.34872792e-01 1.00000000e+00
4.78398963e-01 4.73407876e-01 4.40317615e-01 1.00000000e+00
5.59617566e-01 5.55760817e-01 5.02155242e-01 1.00000000e+00
5.66358775e-01 5.60330579e-01 5.37190083e-01 1.00000000e+00
5.68789499e-01 5.71090585e-01 5.59455518e-01 1.00000000e+00
5.77669746e-01 5.81915411e-01 5.81169989e-01 1.00000000e+00
5.81072760e-01 5.87100956e-01 5.86225895e-01 1.00000000e+00
5.75174202e-01 5.87554691e-01 5.84637822e-01 1.00000000e+00
5.77183601e-01 5.78544806e-01 5.78609626e-01 1.00000000e+00
5.69146006e-01 5.67071787e-01 5.55404310e-01 1.00000000e+00
5.66715281e-01 5.63992870e-01 5.52228164e-01 1.00000000e+00
5.73229622e-01 5.69923837e-01 5.52779128e-01 1.00000000e+00
5.78998542e-01 5.79743964e-01 5.74169503e-01 1.00000000e+00
5.88138065e-01 5.91152163e-01 5.89013126e-01 1.00000000e+00
5.90957705e-01 5.99124939e-01 5.97050721e-01 1.00000000e+00
5.92156863e-01 5.97050721e-01 5.96467347e-01 1.00000000e+00
5.80651434e-01 5.84767461e-01 5.81915411e-01 1.00000000e+00
5.72905526e-01 5.73294442e-01 5.65289256e-01 1.00000000e+00
5.62113110e-01 5.56797926e-01 5.53589370e-01 1.00000000e+00
5.62048290e-01 5.54010695e-01 5.37157673e-01 1.00000000e+00
5.62145519e-01 5.62113110e-01 5.45778642e-01 1.00000000e+00
5.64835521e-01 5.65256847e-01 5.53135634e-01 1.00000000e+00
5.63733593e-01 5.67298655e-01 5.52552261e-01 1.00000000e+00
5.74266731e-01 5.82531194e-01 5.55858046e-01 1.00000000e+00
5.10452115e-01 5.08507535e-01 4.91524874e-01 1.00000000e+00
4.71819802e-01 4.74995949e-01 4.52860152e-01 1.00000000e+00
4.62842327e-01 4.66180522e-01 4.41646411e-01 1.00000000e+00
4.77199806e-01 4.70977151e-01 4.34905202e-01 1.00000000e+00
5.42213580e-01 5.49602982e-01 4.94117647e-01 1.00000000e+00
5.48922379e-01 5.50186356e-01 5.24647545e-01 1.00000000e+00
5.57899854e-01 5.59455518e-01 5.54853346e-01 1.00000000e+00
5.74590828e-01 5.78123481e-01 5.72516610e-01 1.00000000e+00
5.76308540e-01 5.86096257e-01 5.82369146e-01 1.00000000e+00
5.85448064e-01 5.92416140e-01 5.91346621e-01 1.00000000e+00
5.83471074e-01 5.89434451e-01 5.89855777e-01 1.00000000e+00
5.80456976e-01 5.83827581e-01 5.82984930e-01 1.00000000e+00
5.75465889e-01 5.75660347e-01 5.67914439e-01 1.00000000e+00
5.75044563e-01 5.72322152e-01 5.56603468e-01 1.00000000e+00
5.81299627e-01 5.77864204e-01 5.69243234e-01 1.00000000e+00
5.85318425e-01 5.83341436e-01 5.74493599e-01 1.00000000e+00
5.89207584e-01 5.92578188e-01 5.88559391e-01 1.00000000e+00
5.93096743e-01 6.00907470e-01 5.98962891e-01 1.00000000e+00
5.95073732e-01 6.01652893e-01 6.01069519e-01 1.00000000e+00
5.88040836e-01 5.95883973e-01 5.95527467e-01 1.00000000e+00
5.76308540e-01 5.80456976e-01 5.78771674e-01 1.00000000e+00
5.69502512e-01 5.69761789e-01 5.57154432e-01 1.00000000e+00
5.58191541e-01 5.55209853e-01 5.40204181e-01 1.00000000e+00
5.51806838e-01 5.48565873e-01 5.37708637e-01 1.00000000e+00
5.47139848e-01 5.44741533e-01 5.25392967e-01 1.00000000e+00
5.75757576e-01 5.79452277e-01 5.32976827e-01 1.00000000e+00
5.15378383e-01 5.14632961e-01 4.86047642e-01 1.00000000e+00
4.81704748e-01 4.92561983e-01 4.75871010e-01 1.00000000e+00
4.84232701e-01 4.95543672e-01 4.84621617e-01 1.00000000e+00
5.04067412e-01 5.04618376e-01 4.93015719e-01 1.00000000e+00
5.73650948e-01 5.76405769e-01 5.42796953e-01 1.00000000e+00
5.53135634e-01 5.54820937e-01 5.42472857e-01 1.00000000e+00
5.75725166e-01 5.72192513e-01 5.66002269e-01 1.00000000e+00
5.82596014e-01 5.79030951e-01 5.63895641e-01 1.00000000e+00
5.87554691e-01 5.86128666e-01 5.80068060e-01 1.00000000e+00
5.98055421e-01 6.02301086e-01 6.01263977e-01 1.00000000e+00
6.06222654e-01 6.12380489e-01 6.10435910e-01 1.00000000e+00
6.17339167e-01 6.22589532e-01 6.22265435e-01 1.00000000e+00
6.17144709e-01 6.28293632e-01 6.28001945e-01 1.00000000e+00
6.10695187e-01 6.21066278e-01 6.19607843e-01 1.00000000e+00
6.05671690e-01 6.06190245e-01 6.02560363e-01 1.00000000e+00
5.99384216e-01 5.98087830e-01 5.93226381e-01 1.00000000e+00
5.97990601e-01 5.97018311e-01 5.93226381e-01 1.00000000e+00
6.00032410e-01 5.99902771e-01 5.88624210e-01 1.00000000e+00
6.00550964e-01 6.01555664e-01 5.97666505e-01 1.00000000e+00
6.07745908e-01 6.16237239e-01 6.14778804e-01 1.00000000e+00
6.04407713e-01 6.19218927e-01 6.17403986e-01 1.00000000e+00
5.93031924e-01 6.08458921e-01 6.06287474e-01 1.00000000e+00
5.97925782e-01 6.01101928e-01 6.03111327e-01 1.00000000e+00
5.89434451e-01 5.88397342e-01 5.86128666e-01 1.00000000e+00
5.60233350e-01 5.55436720e-01 5.44449846e-01 1.00000000e+00
5.52455032e-01 5.44514665e-01 4.90973910e-01 1.00000000e+00
4.99821747e-01 4.91330416e-01 4.52860152e-01 1.00000000e+00
4.58920758e-01 4.59860638e-01 4.34645924e-01 1.00000000e+00
4.62453411e-01 4.66504618e-01 4.56976179e-01 1.00000000e+00
5.19429590e-01 5.22119592e-01 5.09058499e-01 1.00000000e+00
5.56830335e-01 5.69859018e-01 5.46588883e-01 1.00000000e+00
5.48565873e-01 5.57478529e-01 5.40982013e-01 1.00000000e+00
5.81688543e-01 5.83146978e-01 5.78739264e-01 1.00000000e+00
5.77766975e-01 5.75271431e-01 5.74688057e-01 1.00000000e+00
5.77799384e-01 5.72322152e-01 5.66682871e-01 1.00000000e+00
5.89499271e-01 5.81234808e-01 5.73975045e-01 1.00000000e+00
5.98671204e-01 5.99773132e-01 5.98541565e-01 1.00000000e+00
5.97394667e-01 5.98900875e-01 5.94925029e-01 1.00000000e+00
6.09074704e-01 6.22557122e-01 6.18830011e-01 1.00000000e+00
6.13806514e-01 6.28293632e-01 6.24307244e-01 1.00000000e+00
6.10533139e-01 6.24987846e-01 6.22038567e-01 1.00000000e+00
6.02041808e-01 6.02852050e-01 6.00518555e-01 1.00000000e+00
5.91379031e-01 5.90990115e-01 5.77766975e-01 1.00000000e+00
5.92448550e-01 5.90050235e-01 5.80910711e-01 1.00000000e+00
6.03014098e-01 6.03208556e-01 6.01199157e-01 1.00000000e+00
6.06546751e-01 6.06255064e-01 6.04083617e-01 1.00000000e+00
6.03403014e-01 6.13320369e-01 6.08491330e-01 1.00000000e+00
6.06093016e-01 6.21163507e-01 6.17241938e-01 1.00000000e+00
6.01717712e-01 6.16690974e-01 6.14973262e-01 1.00000000e+00
5.96337709e-01 6.02301086e-01 6.02171447e-01 1.00000000e+00
5.78317939e-01 5.79679144e-01 5.75012154e-01 1.00000000e+00
5.75368660e-01 5.68757090e-01 5.66618052e-01 1.00000000e+00
5.49311295e-01 5.48987198e-01 5.33787069e-01 1.00000000e+00
5.30837790e-01 5.33365743e-01 4.84362340e-01 1.00000000e+00
5.06465727e-01 5.04132231e-01 4.85431859e-01 1.00000000e+00
4.62583050e-01 4.71852212e-01 4.60670880e-01 1.00000000e+00
4.49327500e-01 4.61999676e-01 4.43623400e-01 1.00000000e+00
5.07016691e-01 5.02252471e-01 4.80700049e-01 1.00000000e+00
5.12591152e-01 5.07081510e-01 4.65824016e-01 1.00000000e+00
5.21536218e-01 5.17647059e-01 4.97650300e-01 1.00000000e+00
5.72289742e-01 5.70831308e-01 5.65256847e-01 1.00000000e+00
5.79711554e-01 5.79938422e-01 5.78253119e-01 1.00000000e+00
5.90601199e-01 5.95721925e-01 5.95527467e-01 1.00000000e+00
5.95527467e-01 6.10046994e-01 6.07616270e-01 1.00000000e+00
6.02754821e-01 6.07875547e-01 6.07681089e-01 1.00000000e+00
5.97893372e-01 6.00615784e-01 6.00713012e-01 1.00000000e+00
5.88300113e-01 5.89499271e-01 5.87425053e-01 1.00000000e+00
5.86225895e-01 5.84670232e-01 5.73910225e-01 1.00000000e+00
