0.00000000e+00 0.00000000e+00 0.00000000e+00
0.00000000e+00 0.00000000e+00 0.00000000e+00
0.00000000e+00 0.00000000e+00 0.00000000e+00
0.00000000e+00 0.00000000e+00 0.00000000e+00
0.00000000e+00 0.00000000e+00 0.00000000e+00
0.00000000e+00 0.00000000e+00 0.00000000e+00
0.00000000e+00 0.00000000e+00 0.00000000e+00
0.00000000e+00 0.00000000e+00 0.00000000e+00
0.00000000e+00 0.00000000e+00 0.00000000e+00
0.00000000e+00 0.00000000e+00 0.00000000e+00
0.00000000e+00 0.00000000e+00 0.00000000e+00
0.00000000e+00 0.00000000e+00 0.00000000e+00
0.00000000e+00 0.00000000e+00 0.00000000e+00
0.00000000e+00 0.00000000e+00 0.00000000e+00
0.00000000e+00 0.00000000e+00 0.00000000e+00
0.00000000e+00 0.00000000e+00 0.00000000e+00
0.00000000e+00 0.00000000e+00 0.00000000e+00
0.00000000e+00 0.00000000e+00 0.00000000e+00
0.00000000e+00 0.00000000e+00 0.00000000e+00
0.00000000e+00 0.00000000e+00 0.00000000e+00
0.00000000e+00 0.00000000e+00 0.00000000e+00
0.00000000e+00 0.00000000e+00 0.00000000e+00
0.00000000e+00 0.00000000e+00 0.00000000e+00
0.00000000e+00 0.00000000e+00 0.00000000e+00
0.00000000e+00 0.00000000e+00 0.00000000e+00
0.00000000e+00 0.00000000e+00 0.00000000e+00
0.00000000e+00 0.00000000e+00 0.00000000e+00
0.00000000e+00 0.00000000e+00 0.00000000e+00
0.00000000e+00 0.00000000e+00 0.00000000e+00
0.00000000e+00 0.00000000e+00 0.00000000e+00
0.00000000e+00 0.00000000e+00 0.00000000e+00
0.00000000e+00 0.00000000e+00 0.00000000e+00
0.00000000e+00 0.00000000e+00 0.00000000e+00
0.00000000e+00 0.00000000e+00 0.00000000e+00
0.00000000e+00 0.00000000e+00 0.00000000e+00
0.00000000e+00 0.00000000e+00 0.00000000e+00
0.00000000e+00 0.00000000e+00 0.00000000e+00
0.00000000e+00 0.00000000e+00 0.00000000e+00
0.00000000e+00 0.00000000e+00 0.00000000e+00
0.00000000e+00 0.00000000e+00 0.00000000e+00
0.00000000e+00 0.00000000e+00 0.00000000e+00
0.00000000e+00 0.00000000e+00 0.00000000e+00
0.00000000e+00 0.00000000e+00 0.00000000e+00
0.00000000e+00 0.00000000e+00 0.00000000e+00
0.00000000e+00 0.00000000e+00 0.00000000e+00
0.00000000e+00 0.00000000e+00 0.00000000e+00
0.00000000e+00 0.00000000e+00 0.00000000e+00
0.00000000e+00 0.00000000e+00 0.00000000e+00
0.00000000e+00 0.00000000e+00 0.00000000e+00
0.00000000e+00 0.00000000e+00 0.00000000e+00
0.00000000e+00 0.00000000e+00 0.00000000e+00
1.76318906e+01 8.28992785e+00 2.44154236e+01
2.09889328e+01 9.45425404e+00 2.83072791e+01
2.24178055e+01 9.66208343e+00 2.98385010e+01
1.88196342e+01 7.75052297e+00 2.53724373e+01
1.86950847e+01 7.34564293e+00 2.50789531e+01
2.66309288e+01 9.96650467e+00 3.42662842e+01
2.96845105e+01 1.05617101e+01 3.76477324e+01
2.19865766e+01 7.42188491e+00 2.85114421e+01
3.66701259e+01 1.23785280e+01 4.43710226e+01
3.52109204e+01 1.25279995e+01 4.29471525e+01
2.32753545e+01 8.71069615e+00 2.95400928e+01
2.53868057e+01 9.97494329e+00 3.21358205e+01
3.84421041e+01 1.58316792e+01 4.74455739e+01
2.67345834e+01 1.15226165e+01 3.41015172e+01
2.76701246e+01 1.24637298e+01 3.54245823e+01
3.21494896e+01 1.51156195e+01 4.09688552e+01
0.00000000e+00 0.00000000e+00 0.00000000e+00
0.00000000e+00 0.00000000e+00 0.00000000e+00
0.00000000e+00 0.00000000e+00 0.00000000e+00
0.00000000e+00 0.00000000e+00 0.00000000e+00
0.00000000e+00 0.00000000e+00 0.00000000e+00
0.00000000e+00 0.00000000e+00 0.00000000e+00
0.00000000e+00 0.00000000e+00 0.00000000e+00
0.00000000e+00 0.00000000e+00 0.00000000e+00
0.00000000e+00 0.00000000e+00 0.00000000e+00
0.00000000e+00 0.00000000e+00 0.00000000e+00
0.00000000e+00 0.00000000e+00 0.00000000e+00
0.00000000e+00 0.00000000e+00 0.00000000e+00
8.87126328e+01 3.82351814e+01 1.03531607e+02
0.00000000e+00 0.00000000e+00 0.00000000e+00
0.00000000e+00 0.00000000e+00 0.00000000e+00
0.00000000e+00 0.00000000e+00 0.00000000e+00
3.29032051e+01 1.17069174e+01 3.92732456e+01
2.54990147e+01 8.60755885e+00 3.09268731e+01
3.02562148e+01 1.02134201e+01 3.52206972e+01
0.00000000e+00 0.00000000e+00 0.00000000e+00
0.00000000e+00 0.00000000e+00 0.00000000e+00
0.00000000e+00 0.00000000e+00 0.00000000e+00
0.00000000e+00 0.00000000e+00 0.00000000e+00
0.00000000e+00 0.00000000e+00 0.00000000e+00
2.24371003e+01 1.01065665e+01 2.77946406e+01
1.72402328e+01 8.10578337e+00 2.21606572e+01
1.48881290e+01 7.29812725e+00 1.96566646e+01
1.45301220e+01 7.41836913e+00 1.93866262e+01
1.96255061e+01 1.04259624e+01 2.53765693e+01
2.73917519e+01 1.51284937e+01 3.45701501e+01
3.26240140e+01 1.87176579e+01 4.09774254e+01
2.51001843e+01 1.44009460e+01 3.13546917e+01
1.73909795e+01 9.60505650e+00 2.24069165e+01
2.63577747e+01 1.40024500e+01 3.22506800e+01
2.91184468e+01 1.48664538e+01 3.50597244e+01
2.83646352e+01 1.39042802e+01 3.39700089e+01
3.18085102e+01 1.49553023e+01 3.74813144e+01
2.28818739e+01 1.03069103e+01 2.75649033e+01
1.24846646e+01 5.38089561e+00 1.62197540e+01
2.38862153e+01 9.83710199e+00 2.82913803e+01
3.39936878e+01 1.33567457e+01 3.88374048e+01
2.99301551e+01 1.12012252e+01 3.43332474e+01
0.00000000e+00 0.00000000e+00 0.00000000e+00
0.00000000e+00 0.00000000e+00 0.00000000e+00
0.00000000e+00 0.00000000e+00 0.00000000e+00
0.00000000e+00 0.00000000e+00 0.00000000e+00
0.00000000e+00 0.00000000e+00 0.00000000e+00
0.00000000e+00 0.00000000e+00 0.00000000e+00
0.00000000e+00 0.00000000e+00 0.00000000e+00
0.00000000e+00 0.00000000e+00 0.00000000e+00
0.00000000e+00 0.00000000e+00 0.00000000e+00
0.00000000e+00 0.00000000e+00 0.00000000e+00
0.00000000e+00 0.00000000e+00 0.00000000e+00
0.00000000e+00 0.00000000e+00 0.00000000e+00
1.57704771e+01 8.37799547e+00 1.99127823e+01
1.40858673e+01 7.77963949e+00 1.82174205e+01
1.64496474e+01 9.43779854e+00 2.09753683e+01
1.81611674e+01 1.04197637e+01 2.22913110e+01
2.03909977e+01 1.12619697e+01 2.44919564e+01
2.04937122e+01 1.08871930e+01 2.44095793e+01
1.83114669e+01 9.34893876e+00 2.19382662e+01
2.01131085e+01 9.85940044e+00 2.36564172e+01
2.39655385e+01 1.12677982e+01 2.74693003e+01
2.11816370e+01 9.54105569e+00 2.44331156e+01
0.00000000e+00 0.00000000e+00 0.00000000e+00
0.00000000e+00 0.00000000e+00 0.00000000e+00
0.00000000e+00 0.00000000e+00 0.00000000e+00
0.00000000e+00 0.00000000e+00 0.00000000e+00
0.00000000e+00 0.00000000e+00 0.00000000e+00
0.00000000e+00 0.00000000e+00 0.00000000e+00
0.00000000e+00 0.00000000e+00 0.00000000e+00
0.00000000e+00 0.00000000e+00 0.00000000e+00
0.00000000e+00 0.00000000e+00 0.00000000e+00
0.00000000e+00 0.00000000e+00 0.00000000e+00
0.00000000e+00 0.00000000e+00 0.00000000e+00
0.00000000e+00 0.00000000e+00 0.00000000e+00
0.00000000e+00 0.00000000e+00 0.00000000e+00
0.00000000e+00 0.00000000e+00 0.00000000e+00
0.00000000e+00 0.00000000e+00 0.00000000e+00
0.00000000e+00 0.00000000e+00 0.00000000e+00
0.00000000e+00 0.00000000e+00 0.00000000e+00
0.00000000e+00 0.00000000e+00 0.00000000e+00
0.00000000e+00 0.00000000e+00 0.00000000e+00
0.00000000e+00 0.00000000e+00 0.00000000e+00
0.00000000e+00 0.00000000e+00 0.00000000e+00
0.00000000e+00 0.00000000e+00 0.00000000e+00
0.00000000e+00 0.00000000e+00 0.00000000e+00
0.00000000e+00 0.00000000e+00 0.00000000e+00
0.00000000e+00 0.00000000e+00 0.00000000e+00
0.00000000e+00 0.00000000e+00 0.00000000e+00
0.00000000e+00 0.00000000e+00 0.00000000e+00
0.00000000e+00 0.00000000e+00 0.00000000e+00
0.00000000e+00 0.00000000e+00 0.00000000e+00
0.00000000e+00 0.00000000e+00 0.00000000e+00
0.00000000e+00 0.00000000e+00 0.00000000e+00
1.51179952e+02 5.10329653e+01 1.43729324e+02
1.52728632e+02 5.15557446e+01 1.41266714e+02
1.51105647e+02 5.37631920e+01 1.40569705e+02
1.50235013e+02 5.62247743e+01 1.40592189e+02
0.00000000e+00 0.00000000e+00 0.00000000e+00
0.00000000e+00 0.00000000e+00 0.00000000e+00
0.00000000e+00 0.00000000e+00 0.00000000e+00
0.00000000e+00 0.00000000e+00 0.00000000e+00
0.00000000e+00 0.00000000e+00 0.00000000e+00
0.00000000e+00 0.00000000e+00 0.00000000e+00
0.00000000e+00 0.00000000e+00 0.00000000e+00
0.00000000e+00 0.00000000e+00 0.00000000e+00
0.00000000e+00 0.00000000e+00 0.00000000e+00
0.00000000e+00 0.00000000e+00 0.00000000e+00
0.00000000e+00 0.00000000e+00 0.00000000e+00
0.00000000e+00 0.00000000e+00 0.00000000e+00
0.00000000e+00 0.00000000e+00 0.00000000e+00
0.00000000e+00 0.00000000e+00 0.00000000e+00
0.00000000e+00 0.00000000e+00 0.00000000e+00
0.00000000e+00 0.00000000e+00 0.00000000e+00
0.00000000e+00 0.00000000e+00 0.00000000e+00
0.00000000e+00 0.00000000e+00 0.00000000e+00
0.00000000e+00 0.00000000e+00 0.00000000e+00
0.00000000e+00 0.00000000e+00 0.00000000e+00
0.00000000e+00 0.00000000e+00 0.00000000e+00
0.00000000e+00 0.00000000e+00 0.00000000e+00
0.00000000e+00 0.00000000e+00 0.00000000e+00
0.00000000e+00 0.00000000e+00 0.00000000e+00
0.00000000e+00 0.00000000e+00 0.00000000e+00
0.00000000e+00 0.00000000e+00 0.00000000e+00
0.00000000e+00 0.00000000e+00 0.00000000e+00
0.00000000e+00 0.00000000e+00 0.00000000e+00
0.00000000e+00 0.00000000e+00 0.00000000e+00
0.00000000e+00 0.00000000e+00 0.00000000e+00
0.00000000e+00 0.00000000e+00 0.00000000e+00
0.00000000e+00 0.00000000e+00 0.00000000e+00
0.00000000e+00 0.00000000e+00 0.00000000e+00
0.00000000e+00 0.00000000e+00 0.00000000e+00
0.00000000e+00 0.00000000e+00 0.00000000e+00
0.00000000e+00 0.00000000e+00 0.00000000e+00
0.00000000e+00 0.00000000e+00 0.00000000e+00
0.00000000e+00 0.00000000e+00 0.00000000e+00
0.00000000e+00 0.00000000e+00 0.00000000e+00
0.00000000e+00 0.00000000e+00 0.00000000e+00
0.00000000e+00 0.00000000e+00 0.00000000e+00
0.00000000e+00 0.00000000e+00 0.00000000e+00
2.20712272e+01 9.94176268e+00 2.17005274e+01
1.83682952e+01 7.91674283e+00 1.83737181e+01
1.51189320e+01 6.22645631e+00 1.54854914e+01
0.00000000e+00 0.00000000e+00 0.00000000e+00
0.00000000e+00 0.00000000e+00 0.00000000e+00
0.00000000e+00 0.00000000e+00 0.00000000e+00
1.58403843e+02 5.34714937e+01 1.34812043e+02
1.59356779e+02 5.37931710e+01 1.31885249e+02
1.58176810e+02 5.62791024e+01 1.31653997e+02
1.57482994e+02 5.89372982e+01 1.31853714e+02
0.00000000e+00 0.00000000e+00 0.00000000e+00
0.00000000e+00 0.00000000e+00 0.00000000e+00
0.00000000e+00 0.00000000e+00 0.00000000e+00
0.00000000e+00 0.00000000e+00 0.00000000e+00
0.00000000e+00 0.00000000e+00 0.00000000e+00
0.00000000e+00 0.00000000e+00 0.00000000e+00
0.00000000e+00 0.00000000e+00 0.00000000e+00
0.00000000e+00 0.00000000e+00 0.00000000e+00
0.00000000e+00 0.00000000e+00 0.00000000e+00
0.00000000e+00 0.00000000e+00 0.00000000e+00
0.00000000e+00 0.00000000e+00 0.00000000e+00
0.00000000e+00 0.00000000e+00 0.00000000e+00
0.00000000e+00 0.00000000e+00 0.00000000e+00
0.00000000e+00 0.00000000e+00 0.00000000e+00
0.00000000e+00 0.00000000e+00 0.00000000e+00
0.00000000e+00 0.00000000e+00 0.00000000e+00
0.00000000e+00 0.00000000e+00 0.00000000e+00
0.00000000e+00 0.00000000e+00 0.00000000e+00
0.00000000e+00 0.00000000e+00 0.00000000e+00
0.00000000e+00 0.00000000e+00 0.00000000e+00
0.00000000e+00 0.00000000e+00 0.00000000e+00
0.00000000e+00 0.00000000e+00 0.00000000e+00
0.00000000e+00 0.00000000e+00 0.00000000e+00
0.00000000e+00 0.00000000e+00 0.00000000e+00
0.00000000e+00 0.00000000e+00 0.00000000e+00
0.00000000e+00 0.00000000e+00 0.00000000e+00
1.33120110e+02 4.73639615e+01 1.05129044e+02
0.00000000e+00 0.00000000e+00 0.00000000e+00
0.00000000e+00 0.00000000e+00 0.00000000e+00
0.00000000e+00 0.00000000e+00 0.00000000e+00
0.00000000e+00 0.00000000e+00 0.00000000e+00
0.00000000e+00 0.00000000e+00 0.00000000e+00
0.00000000e+00 0.00000000e+00 0.00000000e+00
0.00000000e+00 0.00000000e+00 0.00000000e+00
0.00000000e+00 0.00000000e+00 0.00000000e+00
0.00000000e+00 0.00000000e+00 0.00000000e+00
0.00000000e+00 0.00000000e+00 0.00000000e+00
0.00000000e+00 0.00000000e+00 0.00000000e+00
0.00000000e+00 0.00000000e+00 0.00000000e+00
0.00000000e+00 0.00000000e+00 0.00000000e+00
0.00000000e+00 0.00000000e+00 0.00000000e+00
0.00000000e+00 0.00000000e+00 0.00000000e+00
0.00000000e+00 0.00000000e+00 0.00000000e+00
0.00000000e+00 0.00000000e+00 0.00000000e+00
0.00000000e+00 0.00000000e+00 0.00000000e+00
0.00000000e+00 0.00000000e+00 0.00000000e+00
0.00000000e+00 0.00000000e+00 0.00000000e+00
0.00000000e+00 0.00000000e+00 0.00000000e+00
1.57924310e+02 5.91024587e+01 1.21474076e+02
1.58865397e+02 5.65241007e+01 1.21474076e+02
1.59817774e+02 5.39487865e+01 1.21513847e+02
1.64824556e+02 5.56388977e+01 1.21694455e+02
1.35615108e+02 4.82516782e+01 1.01113377e+02
1.60835258e+02 6.01918679e+01 1.20163792e+02
1.59040099e+02 6.24897827e+01 1.19578826e+02
0.00000000e+00 0.00000000e+00 0.00000000e+00
0.00000000e+00 0.00000000e+00 0.00000000e+00
0.00000000e+00 0.00000000e+00 0.00000000e+00
0.00000000e+00 0.00000000e+00 0.00000000e+00
0.00000000e+00 0.00000000e+00 0.00000000e+00
0.00000000e+00 0.00000000e+00 0.00000000e+00
0.00000000e+00 0.00000000e+00 0.00000000e+00
0.00000000e+00 0.00000000e+00 0.00000000e+00
0.00000000e+00 0.00000000e+00 0.00000000e+00
0.00000000e+00 0.00000000e+00 0.00000000e+00
0.00000000e+00 0.00000000e+00 0.00000000e+00
0.00000000e+00 0.00000000e+00 0.00000000e+00
1.53054012e+02 7.81418875e+01 1.16803783e+02
0.00000000e+00 0.00000000e+00 0.00000000e+00
0.00000000e+00 0.00000000e+00 0.00000000e+00
1.56751376e+02 7.06070831e+01 1.16851554e+02
0.00000000e+00 0.00000000e+00 0.00000000e+00
0.00000000e+00 0.00000000e+00 0.00000000e+00
0.00000000e+00 0.00000000e+00 0.00000000e+00
0.00000000e+00 0.00000000e+00 0.00000000e+00
0.00000000e+00 0.00000000e+00 0.00000000e+00
0.00000000e+00 0.00000000e+00 0.00000000e+00
1.38742657e+02 4.68345779e+01 9.70035060e+01
1.37948309e+02 4.90818282e+01 9.69941486e+01
0.00000000e+00 0.00000000e+00 0.00000000e+00
1.35549801e+02 5.32600122e+01 9.64888498e+01
1.60869380e+02 6.62511192e+01 1.14801254e+02
1.63573095e+02 7.05000715e+01 1.17477466e+02
0.00000000e+00 0.00000000e+00 0.00000000e+00
1.57614015e+02 7.41048613e+01 1.14922900e+02
0.00000000e+00 0.00000000e+00 0.00000000e+00
0.00000000e+00 0.00000000e+00 0.00000000e+00
0.00000000e+00 0.00000000e+00 0.00000000e+00
1.51735875e+02 8.38038856e+01 1.14389529e+02
1.50314019e+02 8.62409630e+01 1.14361457e+02
1.51971624e+02 8.71919950e+01 1.12212751e+02
1.52974315e+02 8.44878769e+01 1.11928831e+02
1.54342155e+02 8.19935800e+01 1.11937989e+02
0.00000000e+00 0.00000000e+00 0.00000000e+00
1.56614436e+02 7.67720435e+01 1.11718180e+02
1.58226667e+02 7.43929099e+01 1.11983783e+02
0.00000000e+00 0.00000000e+00 0.00000000e+00
0.00000000e+00 0.00000000e+00 0.00000000e+00
1.61723462e+02 6.66028573e+01 1.12020418e+02
1.37511546e+02 5.40308179e+01 9.49943588e+01
1.37565611e+02 5.14833077e+01 9.44539944e+01
1.38371616e+02 4.92324402e+01 9.44448357e+01
1.39140799e+02 4.69689762e+01 9.44356770e+01
1.40363891e+02 4.73818486e+01 9.24299882e+01
1.39463031e+02 4.96207642e+01 9.23583214e+01
1.38333349e+02 5.17706303e+01 9.21612378e+01
1.37869972e+02 5.41716500e+01 9.24210298e+01
1.37678273e+02 5.67002848e+01 9.28868637e+01
0.00000000e+00 0.00000000e+00 0.00000000e+00
1.35894064e+02 6.12121166e+01 9.29764471e+01
1.58836208e+02 7.46794959e+01 1.09074591e+02
1.57890617e+02 7.73976246e+01 1.09271675e+02
1.57016631e+02 8.01650069e+01 1.09549383e+02
1.55274682e+02 8.24889806e+01 1.09262716e+02
1.53550373e+02 8.48060343e+01 1.09011883e+02
1.52814085e+02 8.76753475e+01 1.09477717e+02
1.54083956e+02 8.84039218e+01 1.07052374e+02
0.00000000e+00 0.00000000e+00 0.00000000e+00
1.57142151e+02 8.34810654e+01 1.07227500e+02
1.57818749e+02 8.05745291e+01 1.06789685e+02
1.59122686e+02 7.80015821e+01 1.06798441e+02
1.60734138e+02 7.55718395e+01 1.07034861e+02
1.61645002e+02 7.28113678e+01 1.06842223e+02
1.62495028e+02 7.00354242e+01 1.06640828e+02
1.38920952e+02 5.72120593e+01 9.08970051e+01
1.39750845e+02 5.49106795e+01 9.08444673e+01
1.39805412e+02 5.23215430e+01 9.03278458e+01
1.41058317e+02 5.01883651e+01 9.05905347e+01
1.40618189e+02 4.74676906e+01 8.98199805e+01
1.42164611e+02 4.79897077e+01 8.80239393e+01
1.41265920e+02 5.02622299e+01 8.79640710e+01
1.40849715e+02 5.27123687e+01 8.82206495e+01
1.40363198e+02 5.51512844e+01 8.84601228e+01
1.39045471e+02 5.72633405e+01 8.82120969e+01
1.38548662e+02 5.97145304e+01 8.84943332e+01
1.37681183e+02 6.20171065e+01 8.85713068e+01
1.36572206e+02 6.42117036e+01 8.85199911e+01
1.59664888e+02 7.82673683e+01 1.03889044e+02
1.59369781e+02 8.13664103e+01 1.04530490e+02
0.00000000e+00 0.00000000e+00 0.00000000e+00
1.55208478e+02 8.57218074e+01 1.03598255e+02
1.54857408e+02 8.88476806e+01 1.04299570e+02
0.00000000e+00 0.00000000e+00 0.00000000e+00
1.57079733e+02 8.67553037e+01 1.01575827e+02
1.58098001e+02 8.39888560e+01 1.01342102e+02
1.59430703e+02 8.13975141e+01 1.01333754e+02
1.60748033e+02 7.87983232e+01 1.01342102e+02
1.62036639e+02 7.61842320e+01 1.01358796e+02
1.64465658e+02 7.40819042e+01 1.02093362e+02
1.39673451e+02 6.01993152e+01 8.64420978e+01
1.40592962e+02 5.79006461e+01 8.64170557e+01
1.41039388e+02 5.54169720e+01 8.61332461e+01
1.41512984e+02 5.29605943e+01 8.58911733e+01
1.42327848e+02 5.06400624e+01 8.58744786e+01
1.43061791e+02 4.82925635e+01 8.58327419e+01
1.44159227e+02 4.86630189e+01 8.37623726e+01
1.43333724e+02 5.09979518e+01 8.37542321e+01
1.42513112e+02 5.33348878e+01 8.37705132e+01
1.42036331e+02 5.58086892e+01 8.40065879e+01
1.41109118e+02 5.81132159e+01 8.40065879e+01
1.40144518e+02 6.04023451e+01 8.40065879e+01
1.39613945e+02 6.28876995e+01 8.42833651e+01
1.39355818e+02 6.55204651e+01 8.47473741e+01
1.61975937e+02 7.94002393e+01 9.88874362e+01
1.60986958e+02 8.21920617e+01 9.90828084e+01
1.59641216e+02 8.48086823e+01 9.90909489e+01
1.57813902e+02 8.71607858e+01 9.88304527e+01
1.56374282e+02 8.97179700e+01 9.88304527e+01
1.57822682e+02 9.05489733e+01 9.65333039e+01
1.59248835e+02 8.79533014e+01 9.65174396e+01
1.60267298e+02 8.51412854e+01 9.62874071e+01
1.61645541e+02 8.25283020e+01 9.62953392e+01
1.62967437e+02 7.98862702e+01 9.62953392e+01
1.39697672e+02 6.56811935e+01 8.22395591e+01
1.41404269e+02 6.36941329e+01 8.26123704e+01
1.41269509e+02 6.08872168e+01 8.19619337e+01
1.42567417e+02 5.87137897e+01 8.21443732e+01
1.43404476e+02 5.63462587e+01 8.20888481e+01
1.43886845e+02 5.38490010e+01 8.18588156e+01
1.44628900e+02 5.14587738e+01 8.17953584e+01
1.45476341e+02 4.91076295e+01 8.18112227e+01
1.46536114e+02 4.94653712e+01 7.97141431e+01
1.45682508e+02 5.18336463e+01 7.96986984e+01
1.44819514e+02 5.41980483e+01 7.96986984e+01
1.43545114e+02 5.64015178e+01 7.94979180e+01
1.42978652e+02 5.88831491e+01 7.96986984e+01
1.42397651e+02 6.13734463e+01 7.99149235e+01
1.18118439e+02 5.32052646e+01 6.71344774e+01
1.00817269e+02 4.74009226e+01 5.80453022e+01
1.13749485e+02 5.57597411e+01 6.56981252e+01
1.26954384e+02 6.48166951e+01 7.36443965e+01
1.23445730e+02 6.55799921e+01 7.22621005e+01
1.30134466e+02 7.18734042e+01 7.67101591e+01
1.34870648e+02 7.73805040e+01 8.01311486e+01
1.44193682e+02 8.27294889e+01 8.26792409e+01
1.60913029e+02 8.88724374e+01 9.11892619e+01
1.37079269e+02 7.28227491e+01 7.73463945e+01
0.00000000e+00 0.00000000e+00 0.00000000e+00
1.66229942e+02 8.14855427e+01 9.18201902e+01
1.66073634e+02 7.80822927e+01 9.10390409e+01
1.67308426e+02 7.53624003e+01 9.10315298e+01
1.43429515e+02 6.18181804e+01 7.78120797e+01
1.43670524e+02 5.91680842e+01 7.74215050e+01
1.44470125e+02 5.67649715e+01 7.73463945e+01
1.44938903e+02 5.42427290e+01 7.71210629e+01
1.46138901e+02 5.19960302e+01 7.72938171e+01
1.46510050e+02 4.94565728e+01 7.70609745e+01
1.47538047e+02 4.98035880e+01 7.49636090e+01
1.46707850e+02 5.21984614e+01 7.49636090e+01
1.46146002e+02 5.46944802e+01 7.51168749e+01
1.45657996e+02 5.72317080e+01 7.53285279e+01
1.44750472e+02 5.96128408e+01 7.53504230e+01
1.43373669e+02 6.17941106e+01 7.51533668e+01
1.42818850e+02 6.43313170e+01 7.53942133e+01
1.42191027e+02 6.68534859e+01 7.56204630e+01
1.41532847e+02 6.93790827e+01 7.58540110e+01
1.40037013e+02 7.14960448e+01 7.56715516e+01
1.38509855e+02 7.35827411e+01 7.54890922e+01
1.37813398e+02 7.61144864e+01 7.57664305e+01
1.59711223e+02 9.16325024e+01 8.82393573e+01
1.60700816e+02 9.22002698e+01 8.56948889e+01
1.63267273e+02 9.01726889e+01 8.62545519e+01
1.64005428e+02 8.71271502e+01 8.58932505e+01
1.41014486e+02 7.19950947e+01 7.35523274e+01
1.43282682e+02 7.02368477e+01 7.41119904e+01
1.43937522e+02 6.76746298e+01 7.38782071e+01
1.44633031e+02 6.51484964e+01 7.36869299e+01
1.44793753e+02 6.24061673e+01 7.32547850e+01
1.45790354e+02 6.00410972e+01 7.32547850e+01
1.45855903e+02 5.73094692e+01 7.28226402e+01
1.46769404e+02 5.49277858e+01 7.28226402e+01
1.47569972e+02 5.25052033e+01 7.27872185e+01
1.48777373e+02 5.02219405e+01 7.29643270e+01
1.49662793e+02 5.05208267e+01 7.07921561e+01
1.48835540e+02 5.29554907e+01 7.07990251e+01
1.47939057e+02 5.53655230e+01 7.07921561e+01
1.46591436e+02 5.75984739e+01 7.05929555e+01
1.45707601e+02 6.00070169e+01 7.06273004e+01
1.45553873e+02 6.27337794e+01 7.10257015e+01
1.44542312e+02 6.51076332e+01 7.10394395e+01
1.43463409e+02 6.74517177e+01 7.10394395e+01
1.42431692e+02 6.98196944e+01 7.10806534e+01
1.40994680e+02 7.19849829e+01 7.09432737e+01
1.40600344e+02 7.46933042e+01 7.13348058e+01
1.63134361e+02 9.00992811e+01 8.31288519e+01
1.61961691e+02 9.29236825e+01 8.32868385e+01
1.38319783e+02 7.93594065e+01 6.88608627e+01
1.40317229e+02 7.74973547e+01 6.92067847e+01
1.65903789e+02 8.81356460e+01 8.07352993e+01
1.67288057e+02 8.54090943e+01 8.07219946e+01
1.68684661e+02 8.26888405e+01 8.07352993e+01
1.45177405e+02 6.82575815e+01 6.92600034e+01
1.46298204e+02 6.58985569e+01 6.92733081e+01
1.46445795e+02 6.31181983e+01 6.88608627e+01
1.47380227e+02 6.06958578e+01 6.88276010e+01
1.47919315e+02 5.81202220e+01 6.86346829e+01
1.48383925e+02 5.55320129e+01 6.84284602e+01
1.49672783e+02 5.32533807e+01 6.86080736e+01
1.50399191e+02 5.07694084e+01 6.85548548e+01
1.52045277e+02 5.13250684e+01 6.67084800e+01
1.50767751e+02 5.36429691e+01 6.65283149e+01
1.49560033e+02 5.59721660e+01 6.63931911e+01
1.48629163e+02 5.83991341e+01 6.63931911e+01
1.48087837e+02 6.09872740e+01 6.65797906e+01
1.46752364e+02 6.32503295e+01 6.64382324e+01
1.46111763e+02 6.58145765e+01 6.66183974e+01
1.45021145e+02 6.81841133e+01 6.66183974e+01
1.43992643e+02 7.05848688e+01 6.66634387e+01
1.42824659e+02 7.29192808e+01 6.66634387e+01
1.41745969e+02 7.53019121e+01 6.67213489e+01
1.40613520e+02 7.76609970e+01 6.67728246e+01
1.39719288e+02 8.01623566e+01 6.69529896e+01
1.64520117e+02 9.43915507e+01 7.54494674e+01
1.42144878e+02 7.85067674e+01 6.49019591e+01
1.66795231e+02 8.86092206e+01 7.51386982e+01
1.44524660e+02 7.37872180e+01 6.48584514e+01
1.45692105e+02 7.14179415e+01 6.48522360e+01
1.46704287e+02 6.89754709e+01 6.47962975e+01
1.47778237e+02 6.65652230e+01 6.47838668e+01
1.47956013e+02 6.37691029e+01 6.44109437e+01
1.48587749e+02 6.11931533e+01 6.42493436e+01
1.49414421e+02 5.87076767e+01 6.41871898e+01
1.50380334e+02 5.62791598e+01 6.41996206e+01
1.50806765e+02 5.36568499e+01 6.40069436e+01
1.51995379e+02 5.13082245e+01 6.41436821e+01
1.52351807e+02 5.14285419e+01 6.17666962e+01
1.51905739e+02 5.40478634e+01 6.19285651e+01
1.50945319e+02 5.64906031e+01 6.19045845e+01
1.50111147e+02 5.89814330e+01 6.19465505e+01
1.49146169e+02 6.14231287e+01 6.19525457e+01
1.47800031e+02 6.37018744e+01 6.18206525e+01
1.47171016e+02 6.62917061e+01 6.19945117e+01
1.46189525e+02 6.87334465e+01 6.20424729e+01
1.45777152e+02 7.14596314e+01 6.23422301e+01
1.44277947e+02 7.36612584e+01 6.22103369e+01
1.43930690e+02 7.64625355e+01 6.25760408e+01
1.42751948e+02 7.88420531e+01 6.26120116e+01
1.41477771e+02 8.11712660e+01 6.26240019e+01
1.65006264e+02 9.46704721e+01 6.97322860e+01
1.43529904e+02 7.92717187e+01 6.03960734e+01
1.44786845e+02 7.69173641e+01 6.03902996e+01
1.45947299e+02 7.45135478e+01 6.03614307e+01
1.47082469e+02 7.20994945e+01 6.03383355e+01
1.47810187e+02 6.94954281e+01 6.01708957e+01
1.48832905e+02 6.70402875e+01 6.01362530e+01
1.49471744e+02 6.44223836e+01 5.99688132e+01
1.49569188e+02 6.15973414e+01 5.96108384e+01
1.50930005e+02 5.93031775e+01 5.97551831e+01
1.51844855e+02 5.68272505e+01 5.97436355e+01
1.52290536e+02 5.41847740e+01 5.95704219e+01
1.52998399e+02 5.16468085e+01 5.95126841e+01
1.53769761e+02 5.19071925e+01 5.73070764e+01
1.52904498e+02 5.44032207e+01 5.73070764e+01
1.51983434e+02 5.68791130e+01 5.73015251e+01
1.50718437e+02 5.92200484e+01 5.71849467e+01
1.50534496e+02 6.19948858e+01 5.74791683e+01
1.49490475e+02 6.44304565e+01 5.74736170e+01
1.48094512e+02 6.67076856e+01 5.73514872e+01
1.47447024e+02 6.93246810e+01 5.75235791e+01
1.46401694e+02 7.17657804e+01 5.75624386e+01
1.45635774e+02 7.43544982e+01 5.77234277e+01
1.44824259e+02 7.69372402e+01 5.78844169e+01
1.43238416e+02 7.91107295e+01 5.77622872e+01
1.42342351e+02 8.16673091e+01 5.79232764e+01
1.66852825e+02 9.57299156e+01 6.46059235e+01
1.68345852e+02 9.29775932e+01 6.45899399e+01
1.46406782e+02 7.77779483e+01 5.59694313e+01
1.46003096e+02 7.45420348e+01 5.53673809e+01
1.48021597e+02 7.25598531e+01 5.56657422e+01
1.48678509e+02 6.99036839e+01 5.54845943e+01
1.49706927e+02 6.74339819e+01 5.54526270e+01
1.50739539e+02 6.49688036e+01 5.54366434e+01
1.51382850e+02 6.23442649e+01 5.52981185e+01
1.51919719e+02 5.96920544e+01 5.51382821e+01
1.52748340e+02 5.71653756e+01 5.50956591e+01
1.53195119e+02 5.45066233e+01 5.49358227e+01
1.54093099e+02 5.20163400e+01 5.49464785e+01
1.54774196e+02 5.22462541e+01 5.27148610e+01
1.53918797e+02 5.47641071e+01 5.27199644e+01
1.52976165e+02 5.72506379e+01 5.27097576e+01
1.52008704e+02 5.97270182e+01 5.27046541e+01
1.51853929e+02 6.25382702e+01 5.29853419e+01
1.50468030e+02 6.48517831e+01 5.28679634e+01
1.49527648e+02 6.73532275e+01 5.29138941e+01
1.49171620e+02 7.01355284e+01 5.31741682e+01
1.48158141e+02 7.26267866e+01 5.32252023e+01
1.46927034e+02 7.50137525e+01 5.32149955e+01
1.45788380e+02 7.74494252e+01 5.32507194e+01
1.44220102e+02 7.96529157e+01 5.31486511e+01
1.43761567e+02 8.24815683e+01 5.34548560e+01
1.68306887e+02 9.65641669e+01 5.93225434e+01
1.69769506e+02 9.37638791e+01 5.92932755e+01
1.33755385e+02 7.10569501e+01 4.67617034e+01
1.48105635e+02 7.56154885e+01 5.11372659e+01
1.37244690e+02 6.72770377e+01 4.71714550e+01
1.37992336e+02 6.48794014e+01 4.70641391e+01
1.51092419e+02 6.80580631e+01 5.09665360e+01
1.52043503e+02 6.55308128e+01 5.09226341e+01
1.53090004e+02 6.30473248e+01 5.09226341e+01
1.53511066e+02 6.03173237e+01 5.07372702e+01
1.54472512e+02 5.78106390e+01 5.07372702e+01
1.54925625e+02 5.51223350e+01 5.05909303e+01
1.55817993e+02 5.25986028e+01 5.05958083e+01
1.56348120e+02 5.27775548e+01 4.83122725e+01
1.55890669e+02 5.54656963e+01 4.84378676e+01
1.54967203e+02 5.79957750e+01 4.84378676e+01
1.54018130e+02 6.05165587e+01 4.84425193e+01
1.53104808e+02 6.30534216e+01 4.84704293e+01
1.51722789e+02 6.53925849e+01 4.83680926e+01
1.50623159e+02 6.78466896e+01 4.83634409e+01
1.50445395e+02 7.07344151e+01 4.86564960e+01
1.48901441e+02 7.29911505e+01 4.85402043e+01
1.48152018e+02 7.56391691e+01 4.86844060e+01
5.00324600e+01 2.65795207e+01 1.79508324e+01
1.33462058e+02 7.37112368e+01 4.47956112e+01
1.69310800e+02 9.71401509e+01 5.67690058e+01
4.56341999e+01 2.61821044e+01 1.60382448e+01
4.68128473e+01 2.58547854e+01 1.62683174e+01
1.48813934e+02 7.90567370e+01 4.68104541e+01
1.49190528e+02 7.61693818e+01 4.65449857e+01
5.02635504e+01 2.46390791e+01 1.69319883e+01
1.39466153e+02 6.55723412e+01 4.29877094e+01
1.51697607e+02 6.83306640e+01 4.62441215e+01
1.53600793e+02 6.62020054e+01 4.64786186e+01
1.54519336e+02 6.36359693e+01 4.64387983e+01
4.33993325e+01 1.70523967e+01 1.44498590e+01
1.55946938e+02 5.83624364e+01 4.62795173e+01
1.56389546e+02 5.56431963e+01 4.61423586e+01
1.56958756e+02 5.29836837e+01 4.60538692e+01
1.57397508e+02 5.31317907e+01 4.37491056e+01
1.56527587e+02 5.56923110e+01 4.37533020e+01
1.55569025e+02 5.82210039e+01 4.37449091e+01
1.55052125e+02 6.09228343e+01 4.38666062e+01
1.54179112e+02 6.34958542e+01 4.39043743e+01
1.53140524e+02 6.60036290e+01 4.39085708e+01
4.77380990e+01 2.15031473e+01 1.52006430e+01
1.51440662e+02 7.12023567e+01 4.40554466e+01
1.49961325e+02 7.35107036e+01 4.39715175e+01
1.49504523e+02 7.63296920e+01 4.41855366e+01
5.10670724e+01 2.71291539e+01 1.65728828e+01
1.47145742e+02 8.12687499e+01 4.42442869e+01
1.45484328e+02 8.34699826e+01 4.41519650e+01
1.33856267e+02 7.67985148e+01 3.85478758e+01
1.34750770e+02 7.44229939e+01 3.84566199e+01
1.47413054e+02 7.83125258e+01 4.15275795e+01
1.37520231e+02 7.02110994e+01 3.85677140e+01
1.38268189e+02 6.77787547e+01 3.84685228e+01
1.39899732e+02 6.57761952e+01 3.86113582e+01
1.41028326e+02 6.35247933e+01 3.86311964e+01
1.54139247e+02 6.64340791e+01 4.17458001e+01
4.64747006e+01 1.91397575e+01 1.39405228e+01
4.30633721e+01 1.69203916e+01 1.29962226e+01
1.56569818e+02 5.85955464e+01 4.15870942e+01
1.57502834e+02 5.60393025e+01 4.15870942e+01
1.58346425e+02 5.34521116e+01 4.15751912e+01
1.58853741e+02 5.36233634e+01 3.92848709e+01
1.57452433e+02 5.60213700e+01 3.91652516e+01
1.56519716e+02 5.85767958e+01 3.91652516e+01
1.56015490e+02 6.13013581e+01 3.92773947e+01
4.45765303e+01 1.83580307e+01 1.27555478e+01
4.26488527e+01 1.83816731e+01 1.23630469e+01
4.31573572e+01 1.94397982e+01 1.25611664e+01
4.75875165e+01 2.23740656e+01 1.37274548e+01
1.50394427e+02 7.37230092e+01 3.92474899e+01
1.49609243e+02 7.63831569e+01 3.93558949e+01
1.48375865e+02 7.88240147e+01 3.93633711e+01
4.61635195e+01 2.54961610e+01 1.37610977e+01
4.76986814e+01 2.73665773e+01 1.42620036e+01
1.33094347e+02 7.63613715e+01 3.39288251e+01
1.34600405e+02 7.43399471e+01 3.39954745e+01
1.36224925e+02 7.23688825e+01 3.40972025e+01
4.54931956e+01 2.32265991e+01 1.26571482e+01
4.94272572e+01 2.42291301e+01 1.34814958e+01
1.52855129e+02 7.18673918e+01 3.71420270e+01
1.53604486e+02 6.91895982e+01 3.70508226e+01
4.91558492e+01 2.11861913e+01 1.31657882e+01
4.82298630e+01 1.98625891e+01 1.28816514e+01
1.56484541e+02 6.14856570e+01 3.69806653e+01
1.56484541e+02 6.14856570e+01 3.69806653e+01
4.35387114e+01 1.62941658e+01 1.17030096e+01
1.58307533e+02 5.63256137e+01 3.69596181e+01
1.59171383e+02 5.37305878e+01 3.69526024e+01
1.59650785e+02 5.38924169e+01 3.46578359e+01
1.58273998e+02 5.63136817e+01 3.45595269e+01
1.57352267e+02 5.88883744e+01 3.45628039e+01
1.56325634e+02 6.14232193e+01 3.45529730e+01
1.56325634e+02 6.14232193e+01 3.45529730e+01
4.42872959e+01 1.82389148e+01 1.13094512e+01
4.82749069e+01 2.08065048e+01 1.22138939e+01
1.42337438e+02 6.41144695e+01 3.22590966e+01
4.64385186e+01 2.18338451e+01 1.19713984e+01
1.51164124e+02 7.41003126e+01 3.46283432e+01
4.23262280e+01 2.16097004e+01 1.12373579e+01
1.37116810e+02 7.28426921e+01 3.20952482e+01
4.48009652e+01 2.47436208e+01 1.19451826e+01
4.71378512e+01 2.70448073e+01 1.25579753e+01
1.34481483e+02 7.71572252e+01 2.98558191e+01
1.35259042e+02 7.47037130e+01 2.97614099e+01
4.80202779e+01 2.55105579e+01 1.17901571e+01
4.52249078e+01 2.30896245e+01 1.11445198e+01
5.04251770e+01 2.47183081e+01 1.21099303e+01
4.41556728e+01 2.07605270e+01 1.07882012e+01
1.43221038e+02 6.45124783e+01 3.02212742e+01
4.84080210e+01 2.08638771e+01 1.14917022e+01
1.44523187e+02 5.95192379e+01 3.00811831e+01
4.86192279e+01 1.91033896e+01 1.14064293e+01
4.40443644e+01 1.64834042e+01 1.04714734e+01
1.59039716e+02 5.65861234e+01 3.23256863e+01
1.59553804e+02 5.38596795e+01 3.22525953e+01
1.59955776e+02 5.39953710e+01 3.23287317e+01
