-1.20492279e+01 3.30120640e+01 1.92196060e+00
-1.15046659e+01 3.31875757e+01 1.92102059e+00
-1.09683134e+01 3.33867693e+01 1.92196060e+00
-1.04234251e+01 3.35608771e+01 1.92196060e+00
-9.83713393e+00 3.35941321e+01 1.91444052e+00
-9.29358125e+00 3.37663717e+01 1.91538052e+00
-8.73844541e+00 3.38965262e+01 1.91444052e+00
-8.06900208e+00 3.35496610e+01 1.88718102e+00
-7.51810005e+00 3.36597818e+01 1.88624106e+00
-6.96922503e+00 3.37776944e+01 1.88624106e+00
-6.42170196e+00 3.39035439e+01 1.88718102e+00
-5.86608128e+00 3.39866419e+01 1.88624106e+00
-5.31475197e+00 3.40946031e+01 1.88718102e+00
-4.75672089e+00 3.41595718e+01 1.88624106e+00
-4.24612341e+00 3.46077729e+01 1.90692053e+00
-3.68406656e+00 3.46893934e+01 1.90786052e+00
-3.11894052e+00 3.47447632e+01 1.90786052e+00
-2.55298809e+00 3.47909271e+01 1.90786052e+00
-1.99223128e+00 3.49308307e+01 1.91350051e+00
-1.40312196e+00 3.44606150e+01 1.88624106e+00
-8.44959124e-01 3.45991605e+01 1.89282081e+00
-2.81677919e-01 3.46083302e+01 1.89282081e+00
2.81677919e-01 3.46083302e+01 1.89282081e+00
8.48315981e-01 3.47366162e+01 1.90034061e+00
1.41361022e+00 3.47182063e+01 1.90034061e+00
1.98635923e+00 3.48278730e+01 1.90786052e+00
2.55298809e+00 3.47909271e+01 1.90786052e+00
3.12662399e+00 3.48303565e+01 1.91256051e+00
3.69495735e+00 3.47919417e+01 1.91350051e+00
4.27751989e+00 3.48636680e+01 1.92102059e+00
4.91554541e+00 3.53001427e+01 1.94922170e+00
5.57154558e+00 3.57419568e+01 1.97836421e+00
6.30461362e+00 3.65273911e+01 2.02725133e+00
6.99111240e+00 3.69097613e+01 2.05451681e+00
7.61875598e+00 3.69257715e+01 2.06203850e+00
8.24501853e+00 3.69143164e+01 2.06862005e+00
8.84477922e+00 3.67752222e+01 2.06862005e+00
9.47652978e+00 3.67595636e+01 2.07614189e+00
1.01101053e+01 3.67330490e+01 2.08366380e+00
1.07404880e+01 3.66791155e+01 2.09024554e+00
1.13768843e+01 3.66307823e+01 2.09776759e+00
1.19877127e+01 3.64897489e+01 2.10058838e+00
1.26194847e+01 3.64034998e+01 2.10717026e+00
1.35703244e+01 3.71795121e+01 2.70725408e+00
1.30927753e+01 3.77688039e+01 2.73428165e+00
1.26317796e+01 3.84502428e+01 2.76836085e+00
1.18513821e+01 3.81585491e+01 2.73310653e+00
1.11949116e+01 3.82309871e+01 2.72488068e+00
1.04070288e+01 3.78118610e+01 2.68257733e+00
9.75588019e+00 3.78431670e+01 2.67317681e+00
9.00203732e+00 3.74290770e+01 2.63322561e+00
8.39161303e+00 3.75706443e+01 2.63322561e+00
7.75119609e+00 3.75676681e+01 2.62382556e+00
7.13228799e+00 3.76551015e+01 2.62147556e+00
6.43078329e+00 3.72583874e+01 2.58622629e+00
5.66209813e+00 3.63228593e+01 2.51455696e+00
5.00142611e+00 3.59168802e+01 2.48048674e+00
4.35339976e+00 3.54821223e+01 2.44524319e+00
3.76258568e+00 3.54287341e+01 2.43701992e+00
3.13781550e+00 3.49550291e+01 2.40060364e+00
2.56969490e+00 3.50185997e+01 2.40177833e+00
1.99153509e+00 3.49186240e+01 2.39238086e+00
1.41801153e+00 3.48263022e+01 2.38415816e+00
8.50957231e-01 3.48447694e+01 2.38415816e+00
2.82559339e-01 3.47166258e+01 2.37476091e+00
-2.82699104e-01 3.47337980e+01 2.37593556e+00
-8.47603151e-01 3.47074274e+01 2.37476091e+00
-1.40753194e+00 3.45689239e+01 2.36653842e+00
-1.97002258e+00 3.45414339e+01 2.36653842e+00
-2.55964042e+00 3.48815819e+01 2.39238086e+00
-3.12706755e+00 3.48352977e+01 2.39238086e+00
-3.68097089e+00 3.46602443e+01 2.38415816e+00
-4.30738780e+00 3.51071046e+01 2.41939892e+00
-4.87825422e+00 3.50323425e+01 2.41939892e+00
-5.38699078e+00 3.45580214e+01 2.39238086e+00
-5.94877677e+00 3.44657594e+01 2.39238086e+00
-6.49620278e+00 3.42968729e+01 2.38768216e+00
-7.03971052e+00 3.41193159e+01 2.38298350e+00
-7.59413676e+00 3.40002107e+01 2.38298350e+00
-8.14655088e+00 3.38720969e+01 2.38298350e+00
-8.73110260e+00 3.38680434e+01 2.39238086e+00
-9.39514573e+00 3.41353860e+01 2.42174836e+00
-9.96882652e+00 3.40438666e+01 2.42644727e+00
-1.05216366e+01 3.38770943e+01 2.42644727e+00
-1.10716590e+01 3.37013460e+01 2.42644727e+00
-1.17931285e+01 3.40197055e+01 2.46286477e+00
-1.26855924e+01 3.47555537e+01 3.03898584e+00
-1.24104476e+01 3.58004892e+01 3.11227607e+00
-1.16600554e+01 3.54923830e+01 3.06858322e+00
-1.09332104e+01 3.52022611e+01 3.02771087e+00
-1.02478744e+01 3.49968242e+01 2.99529602e+00
-9.64045038e+00 3.50266514e+01 2.98402153e+00
-8.94483676e+00 3.46971205e+01 2.94315260e+00
-8.25853109e+00 3.43376933e+01 2.90087626e+00
-7.69852364e+00 3.44675681e+01 2.90087626e+00
-7.06020952e+00 3.42186683e+01 2.86987486e+00
-6.48952752e+00 3.42616307e+01 2.86423835e+00
-5.93974613e+00 3.44134381e+01 2.86846573e+00
-5.38145531e+00 3.45225109e+01 2.86987486e+00
-4.81882074e+00 3.46055311e+01 2.86987486e+00
-4.25490939e+00 3.46793824e+01 2.86987486e+00
-3.68805891e+00 3.47269856e+01 2.86846573e+00
-3.12385429e+00 3.47995022e+01 2.86987486e+00
-2.55701022e+00 3.48457389e+01 2.86987486e+00
-1.98948866e+00 3.48827429e+01 2.86987486e+00
-1.42143997e+00 3.49105045e+01 2.86987486e+00
-8.43800417e-01 3.45517141e+01 2.83887454e+00
-2.81710509e-01 3.46123344e+01 2.84310179e+00
2.82268991e-01 3.46809523e+01 2.84873816e+00
8.46732185e-01 3.46717633e+01 2.84873816e+00
1.41655443e+00 3.47905160e+01 2.86001100e+00
1.98265072e+00 3.47628498e+01 2.86001100e+00
2.55826574e+00 3.48628484e+01 2.87128399e+00
3.12385429e+00 3.47995022e+01 2.86987486e+00
3.70436479e+00 3.48805227e+01 2.88114797e+00
4.33430108e+00 3.53264596e+01 2.92342340e+00
4.90873437e+00 3.52512304e+01 2.92342340e+00
5.50036459e+00 3.52853244e+01 2.93328795e+00
6.16151868e+00 3.56983340e+01 2.97556575e+00
6.76730736e+00 3.57281767e+01 2.98684014e+00
7.45197077e+00 3.61174148e+01 3.02912024e+00
8.25954944e+00 3.69793737e+01 3.11227607e+00
8.99278716e+00 3.73906163e+01 3.15878968e+00
9.61733695e+00 3.73057562e+01 3.16442782e+00
1.02597177e+01 3.72766357e+01 3.17570418e+00
1.11496480e+01 3.80764104e+01 3.25887057e+00
1.19206508e+01 3.83815775e+01 3.30116066e+00
1.25813032e+01 3.82965963e+01 3.31102854e+00
1.35402771e+01 3.90597149e+01 3.39561326e+00
1.86312153e+01 5.10451687e+01 5.21144690e+00
1.76293607e+01 5.08555178e+01 5.16210033e+00
1.68046048e+01 5.11520271e+01 5.16374521e+00
1.25519095e+01 4.04140759e+01 4.05859487e+00
1.13576864e+01 3.87868681e+01 3.87610056e+00
1.05519976e+01 3.83385761e+01 3.81362969e+00
9.89661093e+00 3.83890631e+01 3.80212218e+00
9.14618844e+00 3.80284351e+01 3.75116139e+00
8.38774787e+00 3.75533394e+01 3.69033959e+00
7.75806536e+00 3.76009613e+01 3.68212064e+00
7.04293963e+00 3.71833845e+01 3.62952049e+00
6.35806875e+00 3.68370972e+01 3.58514075e+00
5.67052290e+00 3.63769050e+01 3.53090098e+00
5.00912328e+00 3.59721561e+01 3.48323775e+00
4.40624699e+00 3.59128504e+01 3.47008961e+00
3.76500985e+00 3.54515602e+01 3.41914202e+00
3.17674284e+00 3.53886767e+01 3.40763806e+00
2.56268093e+00 3.49230165e+01 3.35833674e+00
1.99390077e+00 3.49601026e+01 3.35833674e+00
1.41971265e+00 3.48680817e+01 3.34683343e+00
8.49049808e-01 3.47666647e+01 3.33533025e+00
2.82902148e-01 3.47587449e+01 3.33368695e+00
-2.83041601e-01 3.47758788e+01 3.33533025e+00
-8.45284929e-01 3.46125015e+01 3.32054064e+00
-1.40925644e+00 3.46112774e+01 3.32218392e+00
-1.96463114e+00 3.44469030e+01 3.30903776e+00
-2.52631578e+00 3.44274494e+01 3.31068102e+00
-3.08788735e+00 3.43988332e+01 3.31232428e+00
-3.64557733e+00 3.43269764e+01 3.31068102e+00
-4.18922734e+00 3.41440448e+01 3.29917826e+00
-4.81296496e+00 3.45634789e+01 3.34683343e+00
-5.29574403e+00 3.39726655e+01 3.29753502e+00
-5.85092850e+00 3.38988504e+01 3.29917826e+00
-6.39873508e+00 3.37822897e+01 3.29753502e+00
-6.94776047e+00 3.36736623e+01 3.29753502e+00
-7.49867992e+00 3.35728346e+01 3.29917826e+00
-8.16034449e+00 3.39294486e+01 3.34683343e+00
-8.72008668e+00 3.38253125e+01 3.35012007e+00
-9.36953939e+00 3.40423504e+01 3.38627387e+00
-9.91758880e+00 3.38688881e+01 3.38463049e+00
-1.30807637e+01 4.21168569e+01 4.22959713e+00
-1.78377731e+01 5.42969184e+01 5.48121879e+00
-4.76959535e+01 1.37588790e+02 1.39659799e+01
-1.36558913e+01 3.74139454e+01 4.36954549e+00
-1.29217561e+01 3.72754639e+01 4.32823169e+00
-1.14746432e+01 3.49280016e+01 4.03343234e+00
-1.07472498e+01 3.46035134e+01 3.97523062e+00
-1.00815971e+01 3.44289818e+01 3.93580510e+00
-9.38817696e+00 3.41100663e+01 3.88136234e+00
-8.82745330e+00 3.42417888e+01 3.87948505e+00
-8.15289479e+00 3.38984739e+01 3.82504479e+00
-7.60005049e+00 3.40266874e+01 3.82504479e+00
-6.96221290e+00 3.37437087e+01 3.77999270e+00
-6.41522965e+00 3.38693732e+01 3.78186983e+00
-5.86308923e+00 3.39693067e+01 3.78186983e+00
-5.30939533e+00 3.40602398e+01 3.78186983e+00
-4.74485551e+00 3.40743626e+01 3.77436131e+00
-4.19793434e+00 3.42150107e+01 3.78186983e+00
-3.64046173e+00 3.42788076e+01 3.78186983e+00
-3.08202455e+00 3.43335221e+01 3.78186983e+00
-2.52277077e+00 3.43791396e+01 3.78186983e+00
-1.96284856e+00 3.44156482e+01 3.78186983e+00
-1.40727892e+00 3.45627097e+01 3.79500987e+00
-8.44516526e-01 3.45810371e+01 3.79500987e+00
-2.81530373e-01 3.45902020e+01 3.79500987e+00
2.75264099e-01 3.38202968e+01 3.71054092e+00
8.38668367e-01 3.43415683e+01 3.76872995e+00
1.39683763e+00 3.43062721e+01 3.76685284e+00
1.95797727e+00 3.43302372e+01 3.77248419e+00
2.52652732e+00 3.44303322e+01 3.78750126e+00
3.08049479e+00 3.43164806e+01 3.77999270e+00
3.70732084e+00 3.49083571e+01 3.85132599e+00
4.27294798e+00 3.48264049e+01 3.84944874e+00
4.85812964e+00 3.48878213e+01 3.86446680e+00
5.42271832e+00 3.47872168e+01 3.86258953e+00
6.09882684e+00 3.53351129e+01 3.93392772e+00
6.76870765e+00 3.57355695e+01 3.99025018e+00
7.45321989e+00 3.61234689e+01 4.04657501e+00
8.15213025e+00 3.64984402e+01 4.10290214e+00
8.89321259e+00 3.69766007e+01 4.17237526e+00
9.49817375e+00 3.68435208e+01 4.17425296e+00
1.03645886e+01 3.76576629e+01 4.28504106e+00
1.11637649e+01 3.81246200e+01 4.35827799e+00
1.18133013e+01 3.80359382e+01 4.36954549e+00
1.24789283e+01 3.79849742e+01 4.38644688e+00
1.80365701e+01 5.20301971e+01 6.04147405e+00
1.82705839e+01 5.00571229e+01 6.58390006e+00
1.74533854e+01 5.03478810e+01 6.58390006e+00
1.66315626e+01 5.06252991e+01 6.58390006e+00
1.60284940e+01 5.16078269e+01 6.67686036e+00
1.13188925e+01 3.86543859e+01 4.97648584e+00
1.05521631e+01 3.83391775e+01 4.91313847e+00
9.79873410e+00 3.80093977e+01 4.84979315e+00
8.91102352e+00 3.70506558e+01 4.70832970e+00
8.30677084e+00 3.71907918e+01 4.70832970e+00
7.56910711e+00 3.66851387e+01 4.62810178e+00
6.88194426e+00 3.63334052e+01 4.56898896e+00
6.19954568e+00 3.59186532e+01 4.50354521e+00
5.51407938e+00 3.53733060e+01 4.42332771e+00
4.86924640e+00 3.49676544e+01 4.36211209e+00
4.30151461e+00 3.50592355e+01 4.36422293e+00
3.71404895e+00 3.49717094e+01 4.34522550e+00
3.14585113e+00 3.50445454e+01 4.34733632e+00
2.52875666e+00 3.44607125e+01 4.26923847e+00
1.96750590e+00 3.44973077e+01 4.26923847e+00
1.40017397e+00 3.43882125e+01 4.25235307e+00
8.40252805e-01 3.44064474e+01 4.25235307e+00
2.78996754e-01 3.42789092e+01 4.23546788e+00
-2.79135785e-01 3.42959912e+01 4.23757852e+00
-8.33996971e-01 3.41502852e+01 4.22069353e+00
-1.37446057e+00 3.37566925e+01 4.17426101e+00
-1.96653318e+00 3.44802524e+01 4.26712779e+00
-2.52875666e+00 3.44607125e+01 4.26923847e+00
-3.08781005e+00 3.43979721e+01 4.26712779e+00
-3.63466694e+00 3.42242435e+01 4.25235307e+00
-4.19125218e+00 3.41605482e+01 4.25235307e+00
-4.74672691e+00 3.40878018e+01 4.25235307e+00
-5.30094397e+00 3.40060236e+01 4.25235307e+00
-5.85666203e+00 3.39320691e+01 4.25446373e+00
-6.40183892e+00 3.37986765e+01 4.25024241e+00
-6.95458254e+00 3.37067267e+01 4.25235307e+00
-7.50602815e+00 3.36057338e+01 4.25446373e+00
-8.02806520e+00 3.33794518e+01 4.24179980e+00
-8.68119553e+00 3.36744533e+01 4.29667773e+00
-9.26443007e+00 3.36604567e+01 4.31356371e+00
-9.91671379e+00 3.38658999e+01 4.36000126e+00
-1.06186557e+01 3.41894720e+01 4.42332771e+00
-1.11737498e+01 3.40121032e+01 4.42332771e+00
-1.17258832e+01 3.38257226e+01 4.42332771e+00
-1.24343257e+01 3.40671416e+01 4.98457085e+00
-1.19172722e+01 3.43778235e+01 5.00098029e+00
-1.12017572e+01 3.40973558e+01 4.93299939e+00
-1.06452718e+01 3.42751692e+01 4.93299939e+00
-1.00428312e+01 3.42965951e+01 4.91190244e+00
-9.48778201e+00 3.44719614e+01 4.91424653e+00
-8.82750715e+00 3.42419977e+01 4.86033331e+00
-8.24106670e+00 3.42650791e+01 4.84392531e+00
-7.60046085e+00 3.40285247e+01 4.79235847e+00
-7.02834328e+00 3.40642224e+01 4.78063898e+00
-6.39361148e+00 3.37552395e+01 4.72204295e+00
-5.86363422e+00 3.39724642e+01 4.73844960e+00
-5.30988886e+00 3.40634058e+01 4.73844960e+00
-4.75473660e+00 3.41453220e+01 4.73844960e+00
-4.19832455e+00 3.42181911e+01 4.73844960e+00
-3.63899924e+00 3.42650367e+01 4.73610578e+00
-3.08231103e+00 3.43367134e+01 4.73844960e+00
-2.52300527e+00 3.43823352e+01 4.73844960e+00
-1.33775973e+01 2.34556394e+02 3.22914258e+01
-1.40739291e+00 3.45655094e+01 4.75485643e+00
-8.44168607e-01 3.45667906e+01 4.75251259e+00
-2.81553178e-01 3.45930039e+01 4.75485643e+00
2.78499894e-01 3.42178625e+01 4.70329273e+00
8.38756415e-01 3.43451736e+01 4.72204295e+00
1.39768043e+00 3.43269712e+01 4.72204295e+00
1.95817608e+00 3.43337231e+01 4.72673054e+00
2.52300527e+00 3.43823352e+01 4.73844960e+00
3.08231103e+00 3.43367134e+01 4.73844960e+00
3.65520726e+00 3.44176524e+01 4.75720028e+00
4.22947473e+00 3.44720788e+01 4.77360733e+00
4.79001518e+00 3.43986690e+01 4.77360733e+00
5.43071121e+00 3.48384919e+01 4.84626930e+00
6.01736086e+00 3.48631189e+01 4.86267733e+00
6.58402940e+00 3.47605559e+01 4.86267733e+00
7.27646259e+00 3.52667805e+01 4.94940831e+00
7.87555877e+00 3.52601838e+01 4.96581741e+00
8.57208039e+00 3.56413827e+01 5.03848819e+00
9.27455522e+00 3.59761021e+01 5.10647331e+00
1.00309074e+01 3.64452989e+01 5.19556116e+00
1.07761919e+01 3.68010457e+01 5.27058579e+00
1.15508599e+01 3.71909411e+01 5.35264724e+00
1.24741483e+01 3.79704243e+01 5.49333153e+00
1.75452981e+01 5.06130221e+01 7.36273272e+00
1.82546739e+01 5.00135333e+01 8.06018468e+00
1.74326074e+01 5.02879426e+01 8.05760568e+00
1.66117630e+01 5.05650304e+01 8.05760568e+00
1.17452414e+01 3.78168022e+01 5.99489572e+00
1.09558987e+01 3.74147500e+01 5.90210528e+00
1.00743855e+01 3.66032680e+01 5.74746300e+00
9.34976926e+00 3.62678582e+01 5.67014605e+00
8.69848920e+00 3.61669710e+01 5.63148868e+00
8.00103856e+00 3.58219776e+01 5.55675323e+00
7.31027681e+00 3.54306677e+01 5.47686685e+00
6.71043045e+00 3.54278936e+01 5.45882846e+00
6.11551245e+00 3.54317852e+01 5.44336714e+00
5.45671059e+00 3.50052801e+01 5.36348576e+00
4.86977588e+00 3.49714567e+01 5.34544854e+00
4.29990162e+00 3.50460889e+01 5.34544854e+00
3.66238314e+00 3.44852210e+01 5.25011217e+00
3.09906162e+00 3.45233137e+01 5.24753559e+00
2.52799757e+00 3.44503680e+01 5.22949963e+00
1.96691529e+00 3.44869521e+01 5.22949963e+00
1.40046515e+00 3.43953638e+01 5.21146388e+00
8.40012040e-01 3.43965886e+01 5.20888736e+00
2.78920648e-01 3.42695584e+01 5.18827536e+00
-2.78920648e-01 3.42695584e+01 5.18827536e+00
-8.46244652e-01 3.46518000e+01 5.24753559e+00
-1.41015862e+00 3.46334350e+01 5.24753559e+00
-1.96594620e+00 3.44699606e+01 5.22692308e+00
-2.52675204e+00 3.44333944e+01 5.22692308e+00
-3.12036513e+00 3.47606332e+01 5.28360810e+00
-3.68574930e+00 3.47052381e+01 5.28360810e+00
-4.25015691e+00 3.46406476e+01 5.28360810e+00
-4.74771404e+00 3.40948906e+01 5.21146388e+00
-5.30204636e+00 3.40130954e+01 5.21146388e+00
-5.85497385e+00 3.39222882e+01 5.21146388e+00
-6.40635004e+00 3.38224930e+01 5.21146388e+00
-6.95602881e+00 3.37137364e+01 5.21146388e+00
-7.58548318e+00 3.39614672e+01 5.26814836e+00
-8.13726783e+00 3.38334994e+01 5.26814836e+00
-8.68689644e+00 3.36965672e+01 5.26814836e+00
-9.36971829e+00 3.40430004e+01 5.34544854e+00
-9.91781057e+00 3.38696454e+01 5.34287181e+00
-1.06192454e+01 3.41913705e+01 5.42017540e+00
-1.11743702e+01 3.40139918e+01 5.42017540e+00
-1.17265344e+01 3.38276009e+01 5.42017540e+00
-1.22840035e+01 3.36552941e+01 5.92553890e+00
-1.17456962e+01 3.38828770e+01 5.93115713e+00
-1.11926298e+01 3.40695725e+01 5.93115713e+00
-1.05962963e+01 3.41174801e+01 5.90868429e+00
-1.00395635e+01 3.42854358e+01 5.90868429e+00
-9.34946953e+00 3.39694306e+01 5.82722246e+00
-8.79107204e+00 3.41006655e+01 5.82441350e+00
-8.14748159e+00 3.38759667e+01 5.76261735e+00
-7.59500436e+00 3.40040951e+01 5.76261735e+00
-7.04051477e+00 3.41232139e+01 5.76261735e+00
-6.38934495e+00 3.37327143e+01 5.67835332e+00
-5.84232076e+00 3.38489793e+01 5.68116205e+00
-5.29058818e+00 3.39395903e+01 5.68116205e+00
-4.73511166e+00 3.40043888e+01 5.67835332e+00
-4.18099617e+00 3.40769572e+01 5.67835332e+00
-3.64012057e+00 3.42755952e+01 5.70082333e+00
-3.08173572e+00 3.43303045e+01 5.70082333e+00
-2.55112022e+00 3.47654727e+01 5.76542622e+00
-1.99167519e+00 3.49210804e+01 5.78508843e+00
-1.40227486e+00 3.44398102e+01 5.70082333e+00
-8.44415846e-01 3.45769145e+01 5.72048482e+00
-2.81496810e-01 3.45860783e+01 5.72048482e+00
2.82602554e-01 3.47219354e+01 5.74295538e+00
8.47732784e-01 3.47127356e+01 5.74295538e+00
1.41194749e+00 3.46773696e+01 5.74014654e+00
1.98490593e+00 3.48023915e+01 5.76542622e+00
2.55112022e+00 3.47654727e+01 5.76542622e+00
3.12880596e+00 3.48546634e+01 5.78789734e+00
3.69213242e+00 3.47653420e+01 5.78227953e+00
4.27406323e+00 3.48354946e+01 5.80475086e+00
4.85690952e+00 3.48790591e+01 5.82441350e+00
5.42399124e+00 3.47953827e+01 5.82441350e+00
6.01274516e+00 3.48363766e+01 5.84688534e+00
6.60110414e+00 3.48507024e+01 5.86654843e+00
7.27388599e+00 3.52542925e+01 5.95363023e+00
7.86896970e+00 3.52306834e+01 5.97048522e+00
8.44137577e+00 3.50979332e+01 5.97048522e+00
9.17267056e+00 3.55808904e+01 6.07723677e+00
9.77764880e+00 3.55251345e+01 6.09409278e+00
1.03593682e+01 3.53775791e+01 6.09690212e+00
1.11252889e+01 3.58207070e+01 6.20366006e+00
1.18818290e+01 3.61674462e+01 6.29637505e+00
1.26358729e+01 3.64507749e+01 6.38066460e+00
1.34346470e+01 3.68077880e+01 7.03170799e+00
1.28337482e+01 3.70215871e+01 7.03170799e+00
1.20654640e+01 3.67264181e+01 6.93741961e+00
1.11745171e+01 3.59792096e+01 6.76101815e+00
1.05445420e+01 3.60099538e+01 6.73364661e+00
9.92553282e+00 3.60624416e+01 6.71235785e+00
9.21454815e+00 3.57433340e+01 6.62416358e+00
8.59983305e+00 3.57567740e+01 6.59983471e+00
7.99082451e+00 3.57762476e+01 6.57854716e+00
7.38004349e+00 3.57688053e+01 6.55421877e+00
6.70225185e+00 3.53847144e+01 6.46298970e+00
6.10235182e+00 3.53555357e+01 6.43866259e+00
5.50779366e+00 3.53329825e+01 6.41737659e+00
4.93428731e+00 3.54347345e+01 6.42041744e+00
4.27845284e+00 3.48712719e+01 6.30486854e+00
3.71207700e+00 3.49531413e+01 6.30790921e+00
3.13205004e+00 3.48908022e+01 6.28662457e+00
2.56247881e+00 3.49202622e+01 6.28358393e+00
1.98699010e+00 3.48389344e+01 6.26229955e+00
1.41965481e+00 3.48666611e+01 6.26229955e+00
8.48634161e-01 3.47496449e+01 6.23797483e+00
2.83040935e-01 3.47757970e+01 6.24101540e+00
-2.81937778e-01 3.46402578e+01 6.21669095e+00
-8.45738634e-01 3.46310796e+01 6.21669095e+00
-1.40449043e+00 3.44942246e+01 6.19540730e+00
-1.96480086e+00 3.44498788e+01 6.19236680e+00
-2.52651991e+00 3.44302312e+01 6.19540730e+00
-3.08509001e+00 3.43676710e+01 6.19236680e+00
-3.63155779e+00 3.41949676e+01 6.17108343e+00
-4.18560368e+00 3.41145104e+01 6.16804297e+00
-4.74266650e+00 3.40586426e+01 6.17108343e+00
-5.29640947e+00 3.39769343e+01 6.17108343e+00
-5.84874912e+00 3.38862236e+01 6.17108343e+00
-6.39953911e+00 3.37865346e+01 6.17108343e+00
-6.94520994e+00 3.36613006e+01 6.16804297e+00
-7.46634147e+00 3.34280500e+01 6.14675987e+00
-8.12831600e+00 3.37962791e+01 6.23797483e+00
-8.67733997e+00 3.36594975e+01 6.23797483e+00
-9.21956874e+00 3.34974620e+01 6.23493426e+00
-9.90642871e+00 3.38307760e+01 6.32615337e+00
-1.04557786e+01 3.36650476e+01 6.32615337e+00
-1.10129349e+01 3.35225942e+01 6.33223479e+00
-1.15904203e+01 3.34349517e+01 6.35047917e+00
-1.21080270e+01 3.31731597e+01 6.83649701e+00
-1.16052142e+01 3.34776280e+01 6.85940040e+00
-1.10112878e+01 3.35175803e+01 6.82995322e+00
-1.04742904e+01 3.37246510e+01 6.83649701e+00
-9.92396787e+00 3.38906728e+01 6.83649701e+00
-9.37101592e+00 3.40477151e+01 6.83649701e+00
-8.78182868e+00 3.40648104e+01 6.81032199e+00
-8.13924930e+00 3.38417381e+01 6.73834232e+00
-7.56891053e+00 3.38872687e+01 6.72198365e+00
-7.02998597e+00 3.40721840e+01 6.73507058e+00
-6.38011082e+00 3.36839624e+01 6.63692062e+00
-5.83386729e+00 3.38000019e+01 6.64019221e+00
-5.28293303e+00 3.38904818e+01 6.64019221e+00
-4.73059903e+00 3.39719821e+01 6.64019221e+00
-4.19141766e+00 3.41618970e+01 6.66309348e+00
-3.63302573e+00 3.42087898e+01 6.65982185e+00
-3.07572921e+00 3.42633925e+01 6.65982185e+00
-2.51761776e+00 3.43089168e+01 6.65982185e+00
-1.95980153e+00 3.43622229e+01 6.66309348e+00
-1.40504194e+00 3.45077697e+01 6.68599501e+00
-8.43174104e-01 3.45260680e+01 6.68599501e+00
-2.81357945e-01 3.45690167e+01 6.69253836e+00
2.82183208e-01 3.46704125e+01 6.71216850e+00
8.46474856e-01 3.46612263e+01 6.71216850e+00
1.41122977e+00 3.46597423e+01 6.71544021e+00
1.98193431e+00 3.47502885e+01 6.73834232e+00
2.54730092e+00 3.47134250e+01 6.73834232e+00
3.12256968e+00 3.47851917e+01 6.76124468e+00
3.69013810e+00 3.47465633e+01 6.76451647e+00
4.26962467e+00 3.47993185e+01 6.78741911e+00
4.83548627e+00 3.47252118e+01 6.78741911e+00
5.41828819e+00 3.47587971e+01 6.81032199e+00
6.09257412e+00 3.52988861e+01 6.93465606e+00
6.66632566e+00 3.51950411e+01 6.93465606e+00
7.26221823e+00 3.51977425e+01 6.95756045e+00
7.94470076e+00 3.55697439e+01 7.05572465e+00
8.56609352e+00 3.56164902e+01 7.09171919e+00
9.16156518e+00 3.55378125e+01 7.10480825e+00
9.77019718e+00 3.54980605e+01 7.12771426e+00
1.04892100e+01 3.58209932e+01 7.22588525e+00
1.11109875e+01 3.57746598e+01 7.25206481e+00
1.17287497e+01 3.57014836e+01 7.27497214e+00
1.23526008e+01 3.56336185e+01 7.30115219e+00
1.32423884e+01 3.62810443e+01 8.02578732e+00
1.26887424e+01 3.66032878e+01 8.05031087e+00
1.20912710e+01 3.68049729e+01 8.05031087e+00
1.11505725e+01 3.59021138e+01 7.81209045e+00
1.05315560e+01 3.59656061e+01 7.78756885e+00
9.94922338e+00 3.61485165e+01 7.79107192e+00
9.32585110e+00 3.61750793e+01 7.76304746e+00
8.70425943e+00 3.61909627e+01 7.73502328e+00
7.97439415e+00 3.57026861e+01 7.60191233e+00
7.36836308e+00 3.57121940e+01 7.57739261e+00
6.78610086e+00 3.58273975e+01 7.57739261e+00
6.18197159e+00 3.58168332e+01 7.55287312e+00
5.50210491e+00 3.52964887e+01 7.42327400e+00
4.92685635e+00 3.53813703e+01 7.42327400e+00
4.28872448e+00 3.49549903e+01 7.31819863e+00
3.70495547e+00 3.48860846e+01 7.29017931e+00
3.13662513e+00 3.49417683e+01 7.29017931e+00
2.55882941e+00 3.48705299e+01 7.26566269e+00
1.98322653e+00 3.47729458e+01 7.23764400e+00
1.41696584e+00 3.48006200e+01 7.23764400e+00
8.47037911e-01 3.46842821e+01 7.20962567e+00
2.82370909e-01 3.46934744e+01 7.20962567e+00
-2.81273561e-01 3.45586489e+01 7.18160767e+00
-8.43746159e-01 3.45494923e+01 7.18160767e+00
-1.42176558e+00 3.49185014e+01 7.26216033e+00
-1.98994439e+00 3.48907334e+01 7.26216033e+00
-2.55882941e+00 3.48705299e+01 7.26566269e+00
-3.11251474e+00 3.46731805e+01 7.23414169e+00
-3.63731903e+00 3.42492158e+01 7.15709222e+00
-4.17994363e+00 3.40683785e+01 7.13257704e+00
-4.73391962e+00 3.39958284e+01 7.13257704e+00
-5.28664133e+00 3.39142709e+01 7.13257704e+00
-5.84082880e+00 3.38403352e+01 7.13607919e+00
-6.38773648e+00 3.37242223e+01 7.13257704e+00
-6.93581817e+00 3.36157816e+01 7.13257704e+00
-7.56655993e+00 3.38767447e+01 7.21312794e+00
-8.11696806e+00 3.37490961e+01 7.21312794e+00
-8.66522553e+00 3.36125055e+01 7.21312794e+00
-9.34089008e+00 3.39382589e+01 7.31469620e+00
-9.89680094e+00 3.37978969e+01 7.31819863e+00
-1.04406178e+01 3.36162334e+01 7.31469620e+00
-1.11494847e+01 3.39382420e+01 7.42327400e+00
-1.16948984e+01 3.37363405e+01 7.41977142e+00
-1.23852180e+01 3.39325981e+01 8.02248386e+00
-1.18697911e+01 3.42408543e+01 8.04861246e+00
-1.12689168e+01 3.43017849e+01 8.01875122e+00
-1.07090950e+01 3.44806644e+01 8.01875122e+00
-1.00047473e+01 3.41665374e+01 7.90677452e+00
-9.31350643e+00 3.38387659e+01 7.79480259e+00
-8.76567542e+00 3.40021517e+01 7.79853491e+00
-8.12067961e+00 3.37645282e+01 7.71269301e+00
-7.57368296e+00 3.39086357e+01 7.71642521e+00
-7.02074999e+00 3.40274201e+01 7.71642521e+00
-6.36901026e+00 3.36253567e+01 7.60072989e+00
-5.82084780e+00 3.37245702e+01 7.60072989e+00
-5.27373125e+00 3.38314515e+01 7.60446191e+00
-4.73858245e+00 3.40293137e+01 7.63058620e+00
-4.18406079e+00 3.41019352e+01 7.63058620e+00
-3.62843055e+00 3.41655213e+01 7.63058620e+00
-3.11691239e+00 3.47221699e+01 7.74255073e+00
-2.55132798e+00 3.47683039e+01 7.74255073e+00
-1.98506758e+00 3.48052257e+01 7.74255073e+00
-1.41828121e+00 3.48329256e+01 7.74255073e+00
-8.53991013e-01 3.49689959e+01 7.76867652e+00
-2.84688814e-01 3.49782636e+01 7.76867652e+00
2.84688814e-01 3.49782636e+01 7.76867652e+00
8.56862986e-01 3.50865966e+01 7.79480259e+00
1.40734260e+00 3.45642738e+01 7.68283567e+00
1.97741253e+00 3.46710058e+01 7.71269301e+00
2.53902959e+00 3.46007072e+01 7.70522864e+00
3.11540991e+00 3.47054324e+01 7.73881849e+00
3.69409406e+00 3.47838129e+01 7.76867652e+00
4.25977952e+00 3.47190762e+01 7.76867652e+00
4.83824281e+00 3.47450074e+01 7.79107028e+00
5.40573344e+00 3.46782572e+01 7.79480259e+00
6.07523433e+00 3.51984236e+01 7.93290199e+00
6.64735294e+00 3.50948742e+01 7.93290199e+00
7.34336588e+00 3.55910402e+01 8.07100860e+00
7.92537076e+00 3.54832003e+01 8.07474131e+00
8.53332104e+00 3.54802273e+01 8.10460315e+00
9.13907074e+00 3.54505563e+01 8.13073252e+00
9.84869188e+00 3.57832554e+01 8.24271821e+00
1.04628939e+01 3.57311229e+01 8.26884882e+00
1.10829854e+01 3.56844998e+01 8.29871265e+00
1.19771272e+01 3.64575273e+01 8.52270056e+00
1.27726725e+01 3.68454017e+01 8.66083413e+00
1.83868460e+01 5.03756540e+01 1.26810227e+01
1.76797791e+01 5.10009601e+01 1.27642887e+01
1.67321618e+01 5.09315158e+01 1.26770576e+01
1.16348146e+01 3.74612549e+01 9.27588334e+00
1.07409648e+01 3.66807437e+01 9.03812540e+00
9.88014581e+00 3.58975369e+01 8.80434595e+00
9.27780276e+00 3.59886993e+01 8.78849710e+00
8.66335996e+00 3.60209091e+01 8.76076179e+00
8.06494396e+00 3.61080927e+01 8.74887531e+00
7.34748947e+00 3.56110260e+01 8.59831711e+00
6.76687672e+00 3.57259031e+01 8.59831711e+00
6.16452323e+00 3.57157417e+01 8.57058352e+00
5.50494757e+00 3.53147246e+01 8.45172825e+00
4.91091659e+00 3.52669016e+01 8.42003434e+00
4.32194631e+00 3.52257628e+01 8.39230246e+00
3.74977459e+00 3.53081041e+01 8.39626414e+00
3.16258610e+00 3.52309716e+01 8.36457086e+00
2.57890539e+00 3.51441159e+01 8.33287795e+00
2.00652425e+00 3.51814368e+01 8.33287795e+00
1.41316503e+00 3.47072724e+01 8.21403283e+00
8.45185890e-01 3.46084460e+01 8.18630308e+00
2.84753071e-01 3.49861585e+01 8.27345473e+00
-2.84889417e-01 3.50029106e+01 8.27741624e+00
-8.54183767e-01 3.49768887e+01 8.27345473e+00
-1.41861733e+00 3.48411805e+01 8.24572434e+00
-2.01415578e+00 3.53152444e+01 8.36457086e+00
-2.57890539e+00 3.51441159e+01 8.33287795e+00
-3.10716650e+00 3.46136015e+01 8.21799425e+00
-3.66839002e+00 3.45417821e+01 8.21403283e+00
-4.23013935e+00 3.44774958e+01 8.21403283e+00
-4.79307835e+00 3.44206666e+01 8.21799425e+00
-5.27530215e+00 3.38415290e+01 8.09915437e+00
-5.82259143e+00 3.37346724e+01 8.09519314e+00
-6.37091809e+00 3.36354291e+01 8.09519314e+00
-6.91755672e+00 3.35272740e+01 8.09519314e+00
-7.54635005e+00 3.37862617e+01 8.18630308e+00
-8.09137073e+00 3.36426664e+01 8.18234171e+00
-8.63789925e+00 3.35065065e+01 8.18234171e+00
-9.31550425e+00 3.38460246e+01 8.30118540e+00
-9.86518065e+00 3.36899126e+01 8.30118540e+00
-1.05265321e+01 3.38928563e+01 8.39230246e+00
-1.12336814e+01 3.41945309e+01 8.51115527e+00
-1.21125537e+01 3.49411531e+01 8.74491316e+00
-4.83058799e+01 1.32346803e+02 3.53542626e+01
-4.60247869e+01 1.32767967e+02 3.52619494e+01
-4.38628492e+01 1.33515407e+02 3.52661454e+01
-1.27158771e+01 4.09420116e+01 1.07581323e+01
-1.19257201e+01 4.07267219e+01 1.06491374e+01
-9.51939041e+00 3.45868042e+01 9.00197142e+00
-8.86345505e+00 3.43814400e+01 8.90978596e+00
-8.18161373e+00 3.40178828e+01 8.77989313e+00
-7.63046173e+00 3.41628436e+01 8.78408313e+00
-6.99578282e+00 3.39064118e+01 8.68771470e+00
-6.44296261e+00 3.40157901e+01 8.68771470e+00
-5.88843529e+00 3.41161556e+01 8.68771470e+00
-5.33234778e+00 3.42074818e+01 8.68771470e+00
-4.77484744e+00 3.42897444e+01 8.68771470e+00
-4.21608196e+00 3.43629218e+01 8.68771470e+00
-3.65619940e+00 3.44269945e+01 8.68771470e+00
-3.10729063e+00 3.46149842e+01 8.72123378e+00
-2.54345215e+00 3.46609757e+01 8.72123378e+00
-2.00746244e+00 3.51978865e+01 8.84693386e+00
-1.43428178e+00 3.52258989e+01 8.84693386e+00
-8.60721108e-01 3.52445780e+01 8.84693386e+00
-2.87883663e-01 3.53707984e+01 8.87626467e+00
2.87883663e-01 3.53707984e+01 8.87626467e+00
8.54606339e-01 3.49941921e+01 8.78408313e+00
1.42409230e+00 3.49756457e+01 8.78408313e+00
1.99985627e+00 3.50645236e+01 8.81341330e+00
2.57155728e+00 3.50439793e+01 8.81760335e+00
3.14013329e+00 3.49808491e+01 8.81341330e+00
3.72320632e+00 3.50579357e+01 8.84693386e+00
4.30758383e+00 3.51087023e+01 8.87626467e+00
4.88077916e+00 3.50504749e+01 8.88045481e+00
5.52523235e+00 3.54448533e+01 9.00197142e+00
6.12131607e+00 3.54654100e+01 9.03130374e+00
6.72263555e+00 3.54923307e+01 9.06482673e+00
7.32644699e+00 3.55090396e+01 9.09835009e+00
7.90345573e+00 3.53850831e+01 9.09835009e+00
8.60723474e+00 3.57875491e+01 9.23663762e+00
9.20528245e+00 3.57073922e+01 9.25340015e+00
9.93151376e+00 3.60841721e+01 9.39169413e+00
1.04330623e+01 3.56292468e+01 9.31626035e+00
1.13038734e+01 3.63957051e+01 9.56352155e+00
1.20511693e+01 3.66829060e+01 9.68925403e+00
1.76702904e+01 5.09735879e+01 1.35381156e+01
1.84496478e+01 5.05477162e+01 1.42869958e+01
1.76135313e+01 5.08098547e+01 1.42781526e+01
1.67789701e+01 5.10739970e+01 1.42737310e+01
1.59454176e+01 5.13403414e+01 1.42737310e+01
1.10931977e+01 3.78836307e+01 1.04808769e+01
1.02101022e+01 3.70963675e+01 1.02157353e+01
9.48029506e+00 3.67741692e+01 1.00831709e+01
8.65086623e+00 3.59689620e+01 9.82247441e+00
8.12955099e+00 3.63973491e+01 9.90200701e+00
7.50913365e+00 3.63944657e+01 9.86665897e+00
6.82593587e+00 3.60377074e+01 9.73852525e+00
6.23844714e+00 3.61440387e+01 9.73852525e+00
5.62111198e+00 3.60599296e+01 9.68992403e+00
5.01506075e+00 3.60147950e+01 9.65457811e+00
4.36739206e+00 3.55961657e+01 9.52203422e+00
3.77335776e+00 3.55301647e+01 9.48669008e+00
3.19602240e+00 3.56034495e+01 9.49110808e+00
2.60634096e+00 3.55179950e+01 9.45576428e+00
2.02787057e+00 3.55557130e+01 9.45576428e+00
1.44412432e+00 3.54676311e+01 9.42483878e+00
8.63377823e-01 3.53533645e+01 9.38949571e+00
2.87953449e-01 3.53793726e+01 9.39391357e+00
-2.87818028e-01 3.53627341e+01 9.38949571e+00
-8.60128014e-01 3.52202921e+01 9.35415305e+00
-1.43397039e+00 3.52182511e+01 9.35857086e+00
-2.00702660e+00 3.51902447e+01 9.35857086e+00
-2.57102714e+00 3.50367549e+01 9.32764631e+00
-3.14097851e+00 3.49902647e+01 9.32764631e+00
-3.71009765e+00 3.49345037e+01 9.32764631e+00
-4.21744726e+00 3.43740496e+01 9.19511611e+00
-4.77409898e+00 3.42843695e+01 9.19069853e+00
-5.33407456e+00 3.42185592e+01 9.19511611e+00
-5.89034215e+00 3.41272035e+01 9.19511611e+00
-6.44504904e+00 3.40268055e+01 9.19511611e+00
-6.97115207e+00 3.37870341e+01 9.15977572e+00
-7.52017886e+00 3.36690889e+01 9.15977572e+00
-8.18782475e+00 3.40437073e+01 9.29672208e+00
-8.73671462e+00 3.38898125e+01 9.29230435e+00
-9.38873362e+00 3.41120889e+01 9.39391357e+00
-1.02186243e+01 3.48969341e+01 9.65457811e+00
-4.19719648e+01 1.35139452e+02 3.75717054e+01
-6.80789514e+01 2.07227508e+02 5.79142005e+01
-4.64685272e+01 1.34048027e+02 3.76690347e+01
-4.76949263e+01 1.30672933e+02 3.89754138e+01
-4.55507748e+01 1.31400581e+02 3.89661114e+01
-4.35769171e+01 1.32645050e+02 3.91196017e+01
-4.18109133e+01 1.34620906e+02 3.94963514e+01
-4.00013590e+01 1.36605941e+02 3.98824042e+01
-3.76491847e+01 1.36790795e+02 3.97521694e+01
-9.16772232e+00 3.55616961e+01 1.02896936e+01
-8.35894335e+00 3.47551919e+01 1.00156331e+01
-7.70901260e+00 3.45145289e+01 9.90880179e+00
-7.04905762e+00 3.41646184e+01 9.77410633e+00
-6.48894257e+00 3.42585425e+01 9.76946176e+00
-5.86843120e+00 3.40002568e+01 9.66728292e+00
-5.31423283e+00 3.40912727e+01 9.66728292e+00
-4.76091258e+00 3.41896737e+01 9.67192734e+00
-4.20175916e+00 3.42461847e+01 9.66728292e+00
-3.65603266e+00 3.44254244e+01 9.69979401e+00
-3.09520694e+00 3.44803729e+01 9.69979401e+00
-2.56995560e+00 3.50221524e+01 9.83913103e+00
-1.99956085e+00 3.50593438e+01 9.83913103e+00
-1.42863629e+00 3.50872459e+01 9.83913103e+00
-8.69474873e-01 3.56030248e+01 9.97847400e+00
-2.89850557e-01 3.56124606e+01 9.97847400e+00
2.90795016e-01 3.57285014e+01 1.00109882e+01
8.72307999e-01 3.57190349e+01 1.00109882e+01
1.45358986e+00 3.57001044e+01 1.00109882e+01
2.01277578e+00 3.52910480e+01 9.90415703e+00
2.59785908e+00 3.54024080e+01 9.94596012e+00
3.17227646e+00 3.53389215e+01 9.94131531e+00
3.76107233e+00 3.54144843e+01 9.97847400e+00
4.39758043e+00 3.58422142e+01 1.01178227e+01
4.97811377e+00 3.57494666e+01 1.01131776e+01
5.57722120e+00 3.57783664e+01 1.01456931e+01
6.18140365e+00 3.58135427e+01 1.01828540e+01
6.76352047e+00 3.57081837e+01 1.01828540e+01
7.47115045e+00 3.62103728e+01 1.03593732e+01
7.97643319e+00 3.57118153e+01 1.02525316e+01
8.58767137e+00 3.57062076e+01 1.02896936e+01
9.28774838e+00 3.60272785e+01 1.04244088e+01
1.00445240e+01 3.64947723e+01 1.06055848e+01
1.07723451e+01 3.67879087e+01 1.07403106e+01
1.16648057e+01 3.75578188e+01 1.10190672e+01
1.68667280e+01 5.13411259e+01 1.51414953e+01
1.75425781e+01 5.06051757e+01 1.50066833e+01
1.83316256e+01 5.02243631e+01 1.57709599e+01
1.75116970e+01 5.05160927e+01 1.57709599e+01
1.66871285e+01 5.07944376e+01 1.57709599e+01
1.57110854e+01 5.05858489e+01 1.56247151e+01
1.49877930e+01 5.11838001e+01 1.57319611e+01
1.41526906e+01 5.14209751e+01 1.57319611e+01
1.13709242e+01 4.41079405e+01 1.34361657e+01
1.03423960e+01 4.30020807e+01 1.30462825e+01
8.48518090e+00 3.79895632e+01 1.14821201e+01
7.76557690e+00 3.76373674e+01 1.13359603e+01
7.12733641e+00 3.76289595e+01 1.12969852e+01
6.42120672e+00 3.72029031e+01 1.11362163e+01
5.65964137e+00 3.63070990e+01 1.08390534e+01
5.06108932e+00 3.63453412e+01 1.08244394e+01
4.45273827e+00 3.62917748e+01 1.07854690e+01
3.86317251e+00 3.63758658e+01 1.07903403e+01
3.26023667e+00 3.63187916e+01 1.07562414e+01
2.63238886e+00 3.58729637e+01 1.06101070e+01
2.04155521e+00 3.57956528e+01 1.05760098e+01
1.45864022e+00 3.58241410e+01 1.05760098e+01
8.72113518e-01 3.57110714e+01 1.05370419e+01
2.93821334e-01 3.61003297e+01 1.06490756e+01
-2.93821334e-01 3.61003297e+01 1.06490756e+01
-8.81386152e-01 3.60907647e+01 1.06490756e+01
-1.46334290e+00 3.59396386e+01 1.06101070e+01
-2.04813721e+00 3.59110586e+01 1.06101070e+01
-2.59613404e+00 3.53788999e+01 1.04639783e+01
-3.17165116e+00 3.53319557e+01 1.04639783e+01
-3.69401287e+00 3.47830484e+01 1.03178555e+01
-4.25968589e+00 3.47183131e+01 1.03178555e+01
-4.75818910e+00 3.41701155e+01 1.01766095e+01
-5.31120134e+00 3.40718255e+01 1.01717390e+01
-5.86508357e+00 3.39808615e+01 1.01717390e+01
-6.50959759e+00 3.43675912e+01 1.03178555e+01
-7.04477922e+00 3.41438823e+01 1.02837611e+01
-7.59600533e+00 3.40085766e+01 1.02788905e+01
-8.26439237e+00 3.43620636e+01 1.04250116e+01
-8.91329568e+00 3.45747723e+01 1.05321709e+01
-1.00665041e+01 3.65746326e+01 1.11898053e+01
-1.14170918e+01 3.89897395e+01 1.19839688e+01
-1.23098929e+01 3.96348417e+01 1.22422203e+01
-4.38808853e+01 1.33570308e+02 4.14717057e+01
-4.59137934e+01 1.32447783e+02 4.13497672e+01
-4.75379535e+01 1.30242865e+02 4.29646156e+01
-1.84044609e+01 5.30914538e+01 1.74127071e+01
-4.34173182e+01 1.32159243e+02 4.31074976e+01
-4.14069436e+01 1.33320222e+02 4.32605857e+01
-6.11441247e+01 2.08809173e+02 6.74237980e+01
-1.08718305e+01 3.95006253e+01 1.26957929e+01
-1.00138955e+01 3.88440110e+01 1.24307102e+01
-9.06488900e+00 3.76904046e+01 1.20127216e+01
-7.96618630e+00 3.56659382e+01 1.13246487e+01
-7.21179220e+00 3.49533430e+01 1.10596428e+01
-6.55009005e+00 3.45813722e+01 1.09067629e+01
-5.92201360e+00 3.43107001e+01 1.07895593e+01
-5.36528779e+00 3.44187948e+01 1.07946551e+01
-4.80207560e+00 3.44852788e+01 1.07895593e+01
-4.24212635e+00 3.45751951e+01 1.07946551e+01
-3.69267814e+00 3.47704805e+01 1.08354212e+01
-3.12476087e+00 3.48096014e+01 1.08303254e+01
-2.59506005e+00 3.53642641e+01 1.09882981e+01
-2.03782143e+00 3.57301865e+01 1.10902195e+01
-1.47604421e+00 3.62515824e+01 1.12431066e+01
-8.86184505e-01 3.62872464e+01 1.12482029e+01
-3.51248463e-01 4.31561083e+01 1.33738460e+01
2.96491727e-01 3.64284273e+01 1.12889738e+01
8.89396624e-01 3.64187754e+01 1.12889738e+01
1.46734639e+00 3.60379641e+01 1.11768548e+01
2.05280418e+00 3.59928870e+01 1.11717585e+01
2.64801565e+00 3.60859182e+01 1.12125287e+01
3.23650439e+00 3.60544159e+01 1.12176250e+01
3.88024775e+00 3.65366472e+01 1.13858064e+01
4.48845935e+00 3.65829173e+01 1.14214822e+01
5.08332353e+00 3.65050124e+01 1.14214822e+01
5.63124465e+00 3.61249315e+01 1.13297452e+01
6.38634444e+00 3.70009196e+01 1.16355427e+01
7.07652858e+00 3.73607182e+01 1.17833524e+01
1.05130914e+01 5.09537267e+01 1.61223496e+01
1.14486966e+01 5.12577151e+01 1.62753497e+01
1.22814999e+01 5.10645745e+01 1.62753497e+01
1.30165546e+01 5.04913592e+01 1.61580495e+01
1.38759819e+01 5.04156095e+01 1.62039494e+01
1.46855067e+01 5.01514826e+01 1.61937494e+01
1.56463202e+01 5.03773208e+01 1.63467505e+01
1.64693739e+01 5.01316081e+01 1.63518505e+01
1.73263069e+01 4.99812967e+01 1.63926511e+01
1.80534755e+01 4.94622970e+01 1.71083312e+01
1.72889259e+01 4.98734635e+01 1.71509265e+01
1.64697324e+01 5.01326993e+01 1.71456021e+01
1.55105902e+01 4.99403034e+01 1.69911949e+01
1.46634237e+01 5.00760687e+01 1.69539245e+01
1.38420464e+01 5.02923116e+01 1.69486001e+01
1.29929718e+01 5.03998809e+01 1.69113298e+01
1.21708935e+01 5.06046901e+01 1.69113298e+01
1.13455904e+01 5.07960912e+01 1.69113298e+01
1.05901287e+01 5.13271030e+01 1.70284654e+01
9.66178888e+00 5.10096678e+01 1.68687353e+01
8.83022641e+00 5.11601747e+01 1.68687353e+01
7.99632431e+00 5.12971263e+01 1.68687353e+01
7.14448343e+00 5.13068772e+01 1.68314653e+01
5.32673459e+00 4.34152291e+01 1.42122424e+01
3.97414553e+00 3.74207944e+01 1.22271288e+01
3.36305795e+00 3.74642130e+01 1.22218077e+01
2.68209953e+00 3.65503974e+01 1.19078756e+01
2.07935530e+00 3.64584215e+01 1.18653102e+01
1.46632814e+00 3.60129560e+01 1.17110142e+01
8.88347661e-01 3.63758227e+01 1.18227453e+01
2.96142042e-01 3.63854633e+01 1.18227453e+01
-2.99207362e-01 3.67620835e+01 1.19451206e+01
-3.07449093e+00 1.25893433e+02 4.09174523e+01
-1.72885497e+00 4.24606038e+01 1.38077178e+01
-2.34607015e+00 4.11348723e+01 1.33872505e+01
-2.97695042e+00 4.05684873e+01 1.32169425e+01
-3.27960187e+00 3.65345186e+01 1.19185170e+01
-3.81849952e+00 3.59552222e+01 1.17482576e+01
-4.34141902e+00 3.53844740e+01 1.15833253e+01
-4.86711349e+00 3.49523372e+01 1.14662806e+01
-5.43538661e+00 3.48684850e+01 1.14662806e+01
-5.97994039e+00 3.46463138e+01 1.14237198e+01
-6.54308496e+00 3.45443887e+01 1.14237198e+01
-7.10780449e+00 3.44493465e+01 1.14290398e+01
-7.77467101e+00 3.48084925e+01 1.15886456e+01
-8.53933001e+00 3.55052117e+01 1.18653102e+01
-1.00973299e+01 3.91676542e+01 1.31424342e+01
-1.07291762e+01 3.89823193e+01 1.31371122e+01
-1.14635350e+01 3.91483445e+01 1.32541969e+01
-1.66674166e+01 5.36650014e+01 1.82584493e+01
-4.39510504e+01 1.33783886e+02 4.57546731e+01
-4.55267253e+01 1.31331205e+02 4.51633331e+01
-4.74424149e+01 1.29981111e+02 4.70576546e+01
-4.53150861e+01 1.30720689e+02 4.70521037e+01
-4.31864412e+01 1.31456469e+02 4.70576546e+01
-1.63693093e+01 5.27051689e+01 1.87690641e+01
-1.55138452e+01 5.29802855e+01 1.87746121e+01
-1.15806126e+01 4.20758434e+01 1.48416344e+01
-1.06825222e+01 4.14376216e+01 1.45532414e+01
-1.00371349e+01 4.17328523e+01 1.45976088e+01
-3.02333533e+01 1.35359741e+02 4.71686712e+01
-6.89152322e+01 3.34010975e+02 1.15986157e+02
-6.77431820e+00 3.57651906e+01 1.23796178e+01
-6.05819253e+00 3.50996876e+01 1.21135216e+01
-5.48607362e+00 3.51936466e+01 1.21135216e+01
-4.91474924e+00 3.52944252e+01 1.21190651e+01
-4.33762706e+00 3.53535678e+01 1.21135216e+01
-3.76332511e+00 3.54356966e+01 1.21190651e+01
-3.22684783e+00 3.59468425e+01 1.22742861e+01
-2.67829722e+00 3.64985813e+01 1.24461443e+01
-2.23609783e+00 3.92066702e+01 1.33554295e+01
-1.61753550e+00 3.97266023e+01 1.35217787e+01
-9.79052200e-01 4.00899680e+01 1.36382259e+01
-3.27573886e-01 4.02473338e+01 1.36881325e+01
3.30493393e-01 4.06060388e+01 1.38101282e+01
9.49993915e-01 3.89000970e+01 1.32334431e+01
1.54789006e+00 3.80161132e+01 1.29395780e+01
2.16740019e+00 3.80021585e+01 1.29451225e+01
2.79402467e+00 3.80756609e+01 1.29839340e+01
3.45714012e+00 3.85122813e+01 1.31502721e+01
4.17135858e+00 3.92777644e+01 1.34330585e+01
4.98684987e+00 4.06450192e+01 1.39265808e+01
5.83443008e+00 4.18989547e+01 1.43868659e+01
6.64876356e+00 4.26524052e+01 1.46807985e+01
8.87344894e+00 5.14105955e+01 1.77427038e+01
9.70604599e+00 5.12433244e+01 1.77371561e+01
1.04696247e+01 5.07430572e+01 1.76206551e+01
1.12906248e+01 5.05500011e+01 1.76151075e+01
1.22263649e+01 5.08353318e+01 1.77815377e+01
1.30521900e+01 5.06295891e+01 1.77815377e+01
1.39048582e+01 5.05205257e+01 1.78203717e+01
1.47253368e+01 5.02875039e+01 1.78203717e+01
1.55467523e+01 5.00567366e+01 1.78259195e+01
1.63951038e+01 4.99055352e+01 1.78647536e+01
1.70823554e+01 4.92775685e+01 1.77371561e+01
1.81370113e+01 4.96911655e+01 1.87998351e+01
1.73204696e+01 4.99644579e+01 1.87940650e+01
1.65099727e+01 5.02551879e+01 1.87998351e+01
1.55453173e+01 5.00521163e+01 1.86267325e+01
1.46920614e+01 5.01738673e+01 1.85805722e+01
1.39682193e+01 5.07507357e+01 1.87075135e+01
1.30227660e+01 5.05154532e+01 1.85401820e+01
1.21988026e+01 5.07207321e+01 1.85401820e+01
1.13680680e+01 5.08967273e+01 1.85344120e+01
1.05151532e+01 5.09637199e+01 1.84940219e+01
9.59358394e+00 5.06495780e+01 1.83209230e+01
8.76513035e+00 5.07830240e+01 1.83151531e+01
7.99738937e+00 5.13039588e+01 1.84536320e+01
7.15901809e+00 5.14112554e+01 1.84478620e+01
5.23201154e+00 4.26431946e+01 1.52690399e+01
4.44637450e+00 4.18673310e+01 1.49633298e+01
3.71497737e+00 4.13845689e+01 1.47672204e+01
2.91260257e+00 3.96915850e+01 1.41443214e+01
2.19039154e+00 3.84052780e+01 1.36714204e+01
1.54517626e+00 3.79494624e+01 1.34984174e+01
9.27665687e-01 3.79858067e+01 1.35041841e+01
3.12286589e-01 3.83690615e+01 1.36368194e+01
-3.15059912e-01 3.87098055e+01 1.37579239e+01
-9.77978700e-01 4.00460105e+01 1.42365990e+01
-1.62967658e+00 4.00247868e+01 1.42365990e+01
-2.28001864e+00 3.99767566e+01 1.42308317e+01
-2.89478861e+00 3.94488246e+01 1.40578124e+01
-3.53796304e+00 3.94126426e+01 1.40635796e+01
-4.16530259e+00 3.92207408e+01 1.40174419e+01
-4.44154235e+00 3.62005232e+01 1.29621441e+01
-4.95634833e+00 3.55931618e+01 1.27718674e+01
-5.46257683e+00 3.50429126e+01 1.26046611e+01
-6.03224536e+00 3.49493560e+01 1.26046611e+01
-6.59729648e+00 3.48305998e+01 1.25988954e+01
-7.24203598e+00 3.50999253e+01 1.27372725e+01
-7.43092336e+01 3.32694772e+02 1.21153212e+02
-3.26017945e+01 1.35553213e+02 4.95493880e+01
-3.46822148e+01 1.34532694e+02 4.93761903e+01
-9.01416780e+01 3.27511787e+02 1.20725958e+02
-6.07548599e+01 2.07479821e+02 7.68346950e+01
-1.31378457e+01 4.23006470e+01 1.57420484e+01
-1.71281983e+01 5.21370231e+01 1.95038061e+01
-1.81128287e+01 5.22501808e+01 1.96538367e+01
-4.71613472e+01 1.29211052e+02 5.10114340e+01
-4.50572301e+01 1.29976850e+02 5.10174286e+01
-4.29305876e+01 1.30677669e+02 5.10114340e+01
-1.64699081e+01 5.30290724e+01 2.05930786e+01
-6.00908548e+01 2.05212222e+02 7.93008318e+01
-5.67426622e+01 2.06163133e+02 7.93008318e+01
-5.34924245e+01 2.07497705e+02 7.94686894e+01
-7.91917320e+01 3.29266957e+02 1.25594217e+02
-3.03464238e+01 1.35865976e+02 5.16288772e+01
-6.08202483e+00 3.52377661e+01 1.32615222e+01
-5.45046835e+00 3.49652356e+01 1.31238256e+01
-4.88284483e+00 3.50653091e+01 1.31298123e+01
-4.30947534e+00 3.51241189e+01 1.31238256e+01
-3.79004032e+00 3.56872487e+01 1.33094176e+01
-3.47714889e+00 3.87351776e+01 1.44231090e+01
-1.00107887e+01 1.36422344e+02 5.07296885e+01
-2.38551595e+00 4.18264960e+01 1.55370020e+01
-1.67088518e+00 4.10368681e+01 1.52315622e+01
-9.72745845e-01 3.98317370e+01 1.47764210e+01
-3.28351368e-01 4.03428590e+01 1.49620671e+01
3.25460050e-01 3.99876176e+01 1.48303177e+01
9.43573918e-01 3.86372127e+01 1.43332871e+01
1.55723720e+00 3.82456787e+01 1.41955627e+01
2.13266749e+00 3.73931720e+01 1.38901855e+01
2.74103225e+00 3.73535049e+01 1.38901855e+01
3.35877534e+00 3.74165051e+01 1.39320990e+01
4.46360232e+00 4.20295491e+01 1.56747534e+01
5.14712442e+00 4.19513272e+01 1.56747534e+01
5.90724061e+00 4.24218310e+01 1.58843795e+01
6.72879458e+00 4.31658112e+01 1.62018235e+01
8.66406346e+00 5.01974671e+01 1.88915161e+01
9.56716392e+00 5.05100928e+01 1.90652585e+01
1.03913118e+01 5.03634984e+01 1.90712497e+01
1.12097000e+01 5.01876874e+01 1.90712497e+01
1.20251181e+01 4.99985787e+01 1.90712497e+01
1.28696125e+01 4.99213690e+01 1.91191790e+01
1.35775906e+01 4.93314642e+01 1.89753915e+01
1.44877145e+01 4.94760158e+01 1.91191790e+01
1.54300722e+01 4.96810552e+01 1.92929242e+01
1.62770221e+01 4.95461028e+01 1.93408543e+01
1.72400666e+01 4.97325190e+01 1.95205934e+01
1.81139831e+01 4.96280735e+01 2.04178425e+01
1.73406382e+01 5.00226384e+01 2.04613231e+01
1.64940265e+01 5.02066490e+01 2.04240540e+01
1.54172099e+01 4.96396418e+01 2.00886359e+01
1.44762064e+01 4.94367155e+01 1.99085069e+01
1.37634354e+01 5.00066944e+01 2.00451563e+01
1.28313056e+01 4.97727760e+01 1.98650278e+01
1.19067114e+01 4.95062620e+01 1.96786902e+01
1.11763952e+01 5.00385765e+01 1.98153375e+01
1.04351327e+01 5.05758851e+01 1.99581974e+01
9.61052848e+00 5.07390372e+01 1.99581974e+01
8.78337785e+00 5.08887456e+01 1.99581974e+01
7.87963881e+00 5.05485786e+01 1.97718587e+01
7.05581757e+00 5.06701386e+01 1.97718587e+01
5.35536711e+00 4.36485968e+01 1.69957313e+01
4.59328561e+00 4.32506548e+01 1.68094395e+01
4.59556612e+00 5.11942615e+01 1.98650278e+01
3.85811844e+00 5.25766328e+01 2.03743620e+01
3.00181940e+00 5.26324660e+01 2.03743620e+01
1.52045124e+00 3.73422171e+01 1.44439142e+01
9.21059112e-01 3.77152825e+01 1.45804838e+01
3.10184337e-01 3.81107685e+01 1.47294724e+01
-3.16851805e-01 3.89299663e+01 1.50460851e+01
-9.70865268e-01 3.97547316e+01 1.53689216e+01
-1.63285470e+00 4.01028413e+01 1.55117196e+01
-2.35308393e+00 4.12578485e+01 1.59711753e+01
-3.11250881e+00 4.24158137e+01 1.64368674e+01
-1.23840100e+01 1.37956941e+02 5.35317511e+01
-2.35677281e+01 2.21915152e+02 8.62476959e+01
-4.82906404e+00 3.93589953e+01 1.53254620e+01
-5.05700923e+00 3.63160407e+01 1.41707848e+01
-5.49903154e+00 3.52767728e+01 1.37983577e+01
-6.07250177e+00 3.51825918e+01 1.37983577e+01
-6.64137423e+00 3.50633094e+01 1.37921508e+01
-8.06160153e+00 3.90721080e+01 1.54185902e+01
-5.66206393e+01 2.05719787e+02 8.24626648e+01
-5.98215346e+01 2.04292485e+02 8.22699952e+01
-6.29957747e+01 2.02830973e+02 8.20835408e+01
-4.30353512e+01 1.30996562e+02 5.32893732e+01
-4.47299862e+01 1.29032848e+02 5.27797587e+01
-4.69895594e+01 1.28740393e+02 5.51291186e+01
-4.46154215e+01 1.28702362e+02 5.47945572e+01
-4.26394269e+01 1.29791397e+02 5.49554040e+01
-4.05733522e+01 1.30636262e+02 5.50261766e+01
-5.93563300e+01 2.02703796e+02 8.49639604e+01
-5.63079805e+01 2.04583804e+02 8.53564477e+01
-7.47090791e+00 3.94428543e+01 1.61484637e+01
-6.76811904e+00 3.92128283e+01 1.60070581e+01
-5.92716062e+00 3.80232586e+01 1.54800254e+01
-5.02763939e+00 3.61051263e+01 1.46638517e+01
-4.43929152e+00 3.61821778e+01 1.46638517e+01
-3.98811418e+00 3.75523241e+01 1.51908177e+01
-4.35650575e+00 4.85311469e+01 1.96007295e+01
-3.74848142e+00 5.10825508e+01 2.06038135e+01
-3.27698728e+00 5.74571281e+01 2.31503733e+01
-1.73980011e+00 4.27294157e+01 1.72026574e+01
-1.02689802e+00 4.20491458e+01 1.69198120e+01
-3.38427866e-01 4.15809070e+01 1.67269681e+01
3.32575474e-01 4.08618534e+01 1.64377107e+01
9.76962498e-01 4.00043994e+01 1.60970432e+01
1.57988085e+00 3.88018058e+01 1.56214205e+01
2.16484985e+00 3.79574421e+01 1.52936456e+01
3.68881904e+00 5.02694997e+01 2.02758746e+01
4.54801135e+00 5.06645049e+01 2.04623488e+01
5.41090065e+00 5.09493675e+01 2.06102437e+01
6.29983206e+00 5.13464014e+01 2.08095826e+01
7.13255627e+00 5.12212243e+01 2.08031522e+01
7.90870903e+00 5.07350666e+01 2.06552555e+01
8.73347412e+00 5.05996156e+01 2.06552555e+01
9.55592521e+00 5.04507578e+01 2.06552555e+01
1.04016856e+01 5.04137769e+01 2.07066977e+01
1.12174062e+01 5.02221894e+01 2.07002674e+01
1.20333849e+01 5.00329508e+01 2.07002674e+01
1.28820898e+01 4.99697687e+01 2.07581400e+01
1.36894974e+01 4.97380552e+01 2.07517097e+01
1.44972683e+01 4.95086425e+01 2.07517097e+01
1.54434397e+01 4.97240955e+01 2.09446199e+01
1.60312249e+01 4.87979135e+01 2.06616858e+01
1.69752197e+01 4.89685137e+01 2.08481646e+01
1.79977590e+01 4.93096467e+01 2.19530020e+01
1.71927634e+01 4.95960631e+01 2.19530020e+01
1.63832124e+01 4.98693387e+01 2.19530020e+01
1.54325862e+01 4.96891498e+01 2.17602043e+01
1.47200327e+01 5.02693901e+01 2.19064644e+01
1.39926537e+01 5.08395133e+01 2.20527258e+01
1.30442371e+01 5.05987395e+01 2.18532788e+01
1.21073988e+01 5.03406890e+01 2.16538340e+01
1.12898664e+01 5.05466056e+01 2.16604821e+01
1.04399283e+01 5.05991277e+01 2.16072972e+01
9.52619624e+00 5.02938029e+01 2.14078554e+01
8.70900750e+00 5.04578620e+01 2.14145034e+01
7.94041671e+00 5.09384742e+01 2.15607606e+01
7.10804872e+00 5.10452276e+01 2.15541125e+01
6.27624576e+00 5.11541626e+01 2.15541125e+01
5.39409629e+00 5.07911366e+01 2.13613193e+01
4.52401987e+00 5.03972416e+01 2.11618804e+01
3.67635034e+00 5.00995821e+01 2.10089790e+01
2.85405846e+00 5.00416963e+01 2.09624440e+01
2.01975328e+00 4.96050536e+01 2.07630102e+01
1.20042403e+00 4.91546424e+01 2.05635791e+01
3.92932256e-01 4.82775835e+01 2.01913150e+01
-3.45202094e-01 4.24132218e+01 1.77386410e+01
-1.03279903e+00 4.22907786e+01 1.76921187e+01
-1.72102765e+00 4.22683651e+01 1.76921187e+01
-2.38165473e+00 4.17587951e+01 1.74927405e+01
-3.05290490e+00 4.16035595e+01 1.74462195e+01
-3.72968007e+00 4.15483559e+01 1.74462195e+01
-5.29337351e+00 4.98427248e+01 2.09624440e+01
-5.99943099e+00 4.88980005e+01 2.06034651e+01
-5.41367668e+00 3.88773866e+01 1.64161785e+01
-5.91117137e+00 3.79206862e+01 1.60507131e+01
-6.61139430e+00 3.83048035e+01 1.62567004e+01
-7.29905597e+00 3.85355574e+01 1.64028885e+01
-7.99596548e+00 3.87539902e+01 1.65490795e+01
-8.52526149e+00 3.81690107e+01 1.63563738e+01
-9.55783823e+00 3.97400112e+01 1.70939974e+01
-1.06040751e+01 4.11333243e+01 1.77652252e+01
-5.93643776e+01 2.02731279e+02 8.83465176e+01
-6.24959596e+01 2.01221691e+02 8.81203465e+01
-1.32033760e+01 4.01901417e+01 1.76921187e+01
-1.37360884e+01 3.96245729e+01 1.75392617e+01
-1.41332513e+01 3.87218001e+01 1.79045739e+01
-1.35425016e+01 3.90661320e+01 1.79594715e+01
-1.28653827e+01 3.91613141e+01 1.79045739e+01
-1.23668291e+01 3.98181623e+01 1.81104415e+01
-9.97522826e+00 4.14754543e+01 1.85290530e+01
-8.85799890e+00 3.96587313e+01 1.76506769e+01
-8.14107228e+00 3.94572783e+01 1.74997146e+01
-7.49774909e+00 3.95845630e+01 1.74997146e+01
-6.85243932e+00 3.97013594e+01 1.74997146e+01
-6.20531394e+00 3.98076368e+01 1.74997146e+01
-5.61973013e+00 4.03571240e+01 1.76987109e+01
-5.16410840e+00 4.20897541e+01 1.84192515e+01
-1.46011061e+01 1.37484897e+02 6.00539471e+01
-4.49775516e+00 5.01046547e+01 2.18510337e+01
-2.87910227e+00 3.92350586e+01 1.70880133e+01
-2.24009324e+00 3.92767238e+01 1.70880133e+01
-1.60563199e+00 3.94342525e+01 1.71429056e+01
-9.95175173e-01 4.07501671e+01 1.77055729e+01
-3.99911270e-01 4.91350594e+01 2.13430750e+01
4.00168503e-01 4.91666643e+01 2.13568034e+01
1.19075415e+00 4.87586828e+01 2.11851993e+01
2.13725881e+00 5.24909844e+01 2.28189437e+01
6.96138153e+00 1.22057535e+02 5.31032270e+01
9.39502487e+00 1.28031003e+02 5.57612389e+01
4.65600937e+00 5.18675947e+01 2.26198657e+01
5.41285019e+00 5.09677245e+01 2.22629037e+01
6.19939216e+00 5.05277720e+01 2.21118836e+01
7.01882993e+00 5.04045182e+01 2.21050191e+01
7.83833258e+00 5.02835954e+01 2.21050191e+01
8.67726220e+00 5.02739374e+01 2.21599353e+01
9.49147857e+00 5.01105101e+01 2.21530708e+01
1.04016726e+01 5.04137141e+01 2.23590082e+01
1.12208768e+01 5.02377277e+01 2.23590082e+01
1.20408035e+01 5.00637962e+01 2.23658728e+01
1.27594098e+01 4.94938916e+01 2.22011226e+01
1.36010737e+01 4.94167854e+01 2.22629037e+01
1.44968935e+01 4.95073624e+01 2.24070606e+01
1.54414302e+01 4.97176251e+01 2.26130010e+01
1.62880978e+01 4.95798166e+01 2.26679188e+01
1.70877724e+01 4.92931951e+01 2.26610541e+01
1.78285338e+01 4.88460092e+01 2.34352463e+01
1.68767508e+01 4.86844599e+01 2.32228479e+01
1.62144592e+01 4.93556658e+01 2.34140064e+01
1.54042914e+01 4.95980473e+01 2.34069264e+01
1.44801664e+01 4.94502390e+01 2.32228479e+01
1.36441684e+01 4.95733616e+01 2.31732887e+01
1.28315356e+01 4.97736683e+01 2.31662088e+01
1.19131447e+01 4.95330105e+01 2.29608934e+01
1.10745014e+01 4.95823807e+01 2.28971752e+01
1.03421655e+01 5.01253015e+01 2.30670907e+01
9.52198427e+00 5.02715657e+01 2.30600109e+01
8.70245438e+00 5.04198948e+01 2.30600109e+01
7.81045382e+00 5.01047508e+01 2.28546966e+01
6.97653387e+00 5.01007764e+01 2.27980586e+01
6.16012113e+00 5.02076959e+01 2.27980586e+01
5.39018562e+00 5.07543135e+01 2.30033722e+01
4.55351413e+00 5.07258054e+01 2.29538135e+01
3.76173763e+00 5.12632002e+01 2.31662088e+01
2.97423775e+00 5.21488625e+01 2.35414464e+01
5.59149307e+00 1.37326829e+02 6.19438504e+01
1.27370232e+00 5.21552225e+01 2.35131263e+01
4.01720166e-01 4.93573093e+01 2.22458480e+01
-3.98396262e-01 4.89489181e+01 2.20617819e+01
-1.19239879e+00 4.88260272e+01 2.20122260e+01
-1.98698028e+00 4.88001502e+01 2.20122260e+01
-2.30706322e+00 4.04509433e+01 1.82606804e+01
-2.87094545e+00 3.91239012e+01 1.76803723e+01
-3.49615263e+00 3.89468777e+01 1.76237590e+01
-4.12962636e+00 3.88848114e+01 1.76237590e+01
-4.76391806e+00 3.88280269e+01 1.76308356e+01
-1.89080194e+01 1.35784685e+02 6.17880086e+01
-2.11156768e+01 1.35458931e+02 6.17880086e+01
-7.16904324e+00 4.15356852e+01 1.89967344e+01
-7.60744935e+00 4.01637284e+01 1.84234567e+01
-8.16181970e+00 3.95578347e+01 1.82040633e+01
-8.80804280e+00 3.94350695e+01 1.82111404e+01
-9.44875910e+00 3.92864770e+01 1.82111404e+01
-1.00830519e+01 3.91122698e+01 1.82040633e+01
-1.36733484e+01 4.96793810e+01 2.32228479e+01
-1.37283520e+01 3.96022558e+01 1.88905694e+01
-1.41582645e+01 3.87903305e+01 1.92935982e+01
-1.35301113e+01 3.90303897e+01 1.93008895e+01
-1.31463004e+01 4.00164075e+01 1.96800469e+01
-1.03394781e+01 4.01069497e+01 1.93519291e+01
-9.52472643e+00 3.96023374e+01 1.90311132e+01
-8.87885882e+00 3.97521246e+01 1.90311132e+01
-8.23063868e+00 3.98913791e+01 1.90311132e+01
-7.55700488e+00 3.98974055e+01 1.89727841e+01
-6.90659514e+00 4.00151250e+01 1.89727841e+01
-6.20147878e+00 3.97830339e+01 1.88123811e+01
-5.60045861e+00 4.02187289e+01 1.89727841e+01
-6.03608041e+00 4.91967094e+01 2.31586343e+01
-5.15043323e+00 4.84967905e+01 2.27866699e+01
-3.59847047e+00 4.00866908e+01 1.88050901e+01
-2.91238624e+00 3.96886370e+01 1.85936542e+01
-2.27220961e+00 3.98398368e+01 1.86446900e+01
-1.62343703e+00 3.98715436e+01 1.86446900e+01
-9.74234305e-01 3.98926861e+01 1.86446900e+01
-3.28964505e-01 4.04181920e+01 1.88852912e+01
3.95779567e-01 4.86274182e+01 2.27210300e+01
1.18685274e+00 4.85989290e+01 2.27137367e+01
1.97900859e+00 4.86043658e+01 2.27283233e+01
2.76898906e+00 4.85501302e+01 2.27210300e+01
3.56686756e+00 4.86076021e+01 2.27720833e+01
4.31571074e+00 4.80766935e+01 2.25532848e+01
5.11086942e+00 4.81242552e+01 2.26116308e+01
5.94293327e+00 4.84375193e+01 2.28012566e+01
6.96523076e+00 5.00196050e+01 2.35962497e+01
7.90350288e+00 5.07016687e+01 2.39755248e+01
8.64807113e+00 5.01048115e+01 2.37567113e+01
9.39856654e+00 4.96199786e+01 2.35962497e+01
1.01355876e+01 4.91240820e+01 2.34357895e+01
1.09338358e+01 4.89525975e+01 2.34357895e+01
1.18423476e+01 4.92386472e+01 2.36618929e+01
1.26422344e+01 4.90393667e+01 2.36618929e+01
1.34636263e+01 4.89173977e+01 2.37056552e+01
1.42624563e+01 4.87067517e+01 2.37129489e+01
1.50857761e+01 4.85725059e+01 2.37640050e+01
1.58743904e+01 4.83205205e+01 2.37640050e+01
1.65412006e+01 4.77164962e+01 2.35962497e+01
1.73577825e+01 4.75562609e+01 2.45015235e+01
1.66169708e+01 4.79350708e+01 2.45540677e+01
1.58054878e+01 4.81107857e+01 2.45090298e+01
1.50202964e+01 4.83616774e+01 2.45090298e+01
1.42311253e+01 4.85997553e+01 2.45090298e+01
1.34052582e+01 4.87053289e+01 2.44489795e+01
1.26107074e+01 4.89170734e+01 2.44489795e+01
1.17040136e+01 4.86634758e+01 2.42237924e+01
1.08867040e+01 4.87415807e+01 2.41712491e+01
1.00950308e+01 4.89275153e+01 2.41787553e+01
9.29441572e+00 4.90701116e+01 2.41712491e+01
8.55250571e+00 4.95511288e+01 2.43363856e+01
7.79977321e+00 5.00362337e+01 2.45090298e+01
7.03350057e+00 5.05098729e+01 2.46816755e+01
6.16698018e+00 5.02636001e+01 2.45090298e+01
5.30052493e+00 4.99100630e+01 2.42913482e+01
4.37373474e+00 4.87230766e+01 2.36758486e+01
3.54490689e+00 4.83083324e+01 2.34431653e+01
2.75900739e+00 4.83751163e+01 2.34506712e+01
1.97124189e+00 4.84136159e+01 2.34506712e+01
1.18030369e+00 4.83307603e+01 2.33981302e+01
3.97129726e-01 4.87933053e+01 2.36158010e+01
-3.96119953e-01 4.86692396e+01 2.35557536e+01
-1.19961390e+00 4.91214697e+01 2.37809324e+01
-1.65076934e+00 4.05428239e+01 1.96382033e+01
-2.31046470e+00 4.05105833e+01 1.96382033e+01
-2.96160537e+00 4.03593722e+01 1.95856779e+01
-3.61814105e+00 4.03058195e+01 1.95856779e+01
-4.35886119e+00 4.10433003e+01 1.99758734e+01
-5.74581032e+00 4.68308806e+01 2.28352017e+01
-6.68056415e+00 4.79753208e+01 2.34431653e+01
-5.98223674e+00 3.83765768e+01 1.87978310e+01
-6.52699651e+00 3.78158233e+01 1.85727446e+01
-7.20801419e+00 3.80549000e+01 1.87453103e+01
-7.82647750e+00 3.79325339e+01 1.87453103e+01
-8.71660077e+00 3.90256684e+01 1.93530686e+01
-9.45942788e+00 3.93308362e+01 1.95781743e+01
-1.02996228e+01 3.99523505e+01 1.99683695e+01
-1.09526756e+01 3.97943598e+01 1.99758734e+01
-1.18211735e+01 4.03696917e+01 2.03585794e+01
-1.38959127e+01 5.04880240e+01 2.62325888e+01
-1.27530700e+01 4.94692993e+01 2.55920191e+01
-1.22451838e+01 5.09135780e+01 2.62325888e+01
-4.61115524e+01 2.06449073e+02 1.05969515e+02
-8.02917007e+00 3.89149226e+01 1.99051508e+01
-7.17975303e+00 3.79056944e+01 1.93265809e+01
-6.48062169e+00 3.75471390e+01 1.90874494e+01
-5.94213291e+00 3.81193072e+01 1.93265809e+01
-5.27415644e+00 3.78754461e+01 1.91568740e+01
-4.70384132e+00 3.83383751e+01 1.93497230e+01
-4.94775413e+00 4.65883518e+01 2.34697991e+01
-4.18878176e+00 4.66627143e+01 2.34697991e+01
-3.48844885e+00 4.75389486e+01 2.38787891e+01
-2.33531377e+00 4.09462751e+01 2.05454746e+01
-1.67290919e+00 4.10865777e+01 2.05994796e+01
-1.00354685e+00 4.10929684e+01 2.05917646e+01
-3.38430820e-01 4.15812699e+01 2.08309326e+01
4.12145933e-01 5.06382702e+01 2.53682101e+01
1.24497929e+00 5.09790795e+01 2.55457136e+01
2.07459897e+00 5.09520613e+01 2.55457136e+01
2.70717984e+00 4.74663968e+01 2.38170541e+01
3.48844885e+00 4.75389486e+01 2.38787891e+01
4.30309495e+00 4.79361546e+01 2.41102973e+01
5.22919900e+00 4.92384538e+01 2.48048401e+01
6.02808271e+00 4.91315247e+01 2.47971228e+01
6.82912082e+00 4.90421549e+01 2.48048401e+01
7.62410071e+00 4.89092791e+01 2.47971228e+01
8.49779148e+00 4.92341279e+01 2.50286427e+01
9.32098365e+00 4.92103776e+01 2.50903818e+01
1.01176314e+01 4.90370534e+01 2.50826644e+01
1.10152103e+01 4.93169247e+01 2.53141877e+01
1.17084074e+01 4.86817447e+01 2.50826644e+01
1.25300133e+01 4.86040599e+01 2.51444037e+01
1.32295427e+01 4.80669018e+01 2.49746211e+01
1.40101733e+01 4.78451972e+01 2.49746211e+01
1.49196030e+01 4.80374695e+01 2.51984257e+01
1.56995306e+01 4.77882597e+01 2.51984257e+01
1.65156653e+01 4.76428344e+01 2.52601653e+01
1.72110120e+01 4.71541441e+01 2.60099550e+01
1.64412057e+01 4.74280402e+01 2.60099550e+01
1.56670431e+01 4.76893699e+01 2.60099550e+01
1.47480610e+01 4.74851463e+01 2.57642136e+01
1.39430985e+01 4.76161347e+01 2.57087240e+01
1.32555189e+01 4.81612810e+01 2.58831204e+01
1.23552711e+01 4.79262329e+01 2.56453075e+01
1.16558218e+01 4.84631018e+01 2.58276304e+01
1.08654455e+01 4.86464028e+01 2.58276304e+01
1.01402014e+01 4.91464433e+01 2.60020278e+01
9.33890315e+00 4.93049841e+01 2.60020278e+01
8.45706832e+00 4.89981879e+01 2.57642136e+01
7.65604990e+00 4.91142360e+01 2.57562865e+01
6.85771499e+00 4.92474991e+01 2.57642136e+01
6.04216538e+00 4.92463046e+01 2.57087240e+01
5.18969995e+00 4.88665283e+01 2.54629862e+01
4.43601556e+00 4.94168802e+01 2.57087240e+01
3.62099465e+00 4.93452208e+01 2.56373804e+01
2.69450125e+00 4.72440965e+01 2.45196999e+01
1.92515386e+00 4.72816960e+01 2.45196999e+01
1.15230858e+00 4.71844239e+01 2.44562875e+01
3.87000365e-01 4.75487624e+01 2.46385988e+01
-3.93599158e-01 4.83595224e+01 2.50587147e+01
-1.17733180e+00 4.82090682e+01 2.49873736e+01
-1.69739488e+00 4.16879452e+01 2.16188502e+01
-2.32347114e+00 4.07386319e+01 2.11433618e+01
-2.98738381e+00 4.07106687e+01 2.11512865e+01
-3.63869502e+00 4.05347892e+01 2.10878895e+01
-4.99744548e+00 4.70562486e+01 2.45196999e+01
-5.76271626e+00 4.69686714e+01 2.45196999e+01
-6.35345730e+00 4.56262593e+01 2.38697337e+01
-6.09406144e+00 3.90939421e+01 2.05014850e+01
-6.53450846e+00 3.78593457e+01 1.99071907e+01
-7.14987796e+00 3.77479682e+01 1.99071907e+01
-7.74172273e+00 3.75217536e+01 1.98517251e+01
-8.62478531e+00 3.86145953e+01 2.05014850e+01
-9.33442248e+00 3.88110831e+01 2.06837424e+01
-1.29816155e+01 5.03558300e+01 2.69453839e+01
-1.34950454e+01 4.90315528e+01 2.63508270e+01
-1.43085399e+01 4.88641289e+01 2.63825363e+01
-1.53243579e+01 4.93406812e+01 2.67709789e+01
-1.34103695e+01 4.87238996e+01 2.70673845e+01
-1.26193075e+01 4.89504333e+01 2.70755200e+01
-1.18066638e+01 4.90902795e+01 2.70429778e+01
-8.73504884e+00 3.91082635e+01 2.14628808e+01
-8.03289605e+00 3.89329813e+01 2.12920970e+01
-7.31335094e+00 3.86110281e+01 2.10481249e+01
-6.62451607e+00 3.83808278e+01 2.08610834e+01
-6.00593072e+00 3.85285757e+01 2.08854799e+01
-5.43454640e+00 3.90272590e+01 2.11050512e+01
-5.62521717e+00 4.58479934e+01 2.47407498e+01
-4.99850181e+00 4.70661951e+01 2.53508537e+01
-4.24125040e+00 4.72472110e+01 2.54077978e+01
-2.96596236e+00 4.04187472e+01 2.17068622e+01
-2.26358093e+00 3.96885456e+01 2.12920970e+01
-1.61665433e+00 3.97049609e+01 2.12839645e+01
-9.72758839e-01 3.98322691e+01 2.13408921e+01
-3.30831264e-01 4.06475513e+01 2.17719248e+01
3.84348937e-01 4.72229949e+01 2.52939098e+01
1.16332748e+00 4.76356227e+01 2.55216866e+01
1.91999975e+00 4.71551112e+01 2.52776402e+01
2.69074669e+00 4.71782658e+01 2.53101795e+01
3.46386673e+00 4.72039550e+01 2.53508537e+01
4.23038696e+00 4.71261931e+01 2.53427189e+01
5.25033409e+00 4.94374630e+01 2.66280691e+01
6.05248059e+00 4.93303781e+01 2.66199337e+01
5.65233913e+00 4.05912999e+01 2.19508489e+01
7.60349057e+00 4.87770632e+01 2.64409560e+01
8.33700781e+00 4.83025866e+01 2.62538446e+01
9.12212277e+00 4.81604864e+01 2.62538446e+01
9.92937433e+00 4.81246294e+01 2.63189266e+01
1.07842224e+01 4.82827534e+01 2.64979033e+01
1.16752448e+01 4.85438599e+01 2.67419648e+01
1.24638447e+01 4.83473913e+01 2.67419648e+01
1.32652649e+01 4.81966911e+01 2.67745065e+01
1.39327546e+01 4.75808099e+01 2.65548507e+01
1.46062671e+01 4.70286045e+01 2.63758736e+01
1.54077399e+01 4.69000695e+01 2.64409560e+01
1.60596425e+01 4.63273428e+01 2.62619798e+01
1.68834570e+01 4.62567200e+01 2.72462380e+01
1.61233633e+01 4.65111585e+01 2.72378960e+01
1.53641669e+01 4.67674362e+01 2.72378960e+01
1.45651255e+01 4.68961386e+01 2.71711595e+01
1.38973163e+01 4.74597868e+01 2.73630273e+01
1.32109914e+01 4.79994992e+01 2.75465546e+01
1.24241915e+01 4.81935758e+01 2.75382124e+01
1.16169472e+01 4.83014675e+01 2.74881593e+01
1.07536186e+01 4.81457351e+01 2.72962905e+01
9.87713290e+00 4.78714312e+01 2.70460293e+01
9.01525708e+00 4.75962862e+01 2.68041130e+01
8.29575288e+00 4.80635656e+01 2.69876355e+01
7.51232497e+00 4.81922279e+01 2.69876355e+01
5.52107725e+00 3.96486653e+01 2.21499760e+01
4.81625355e+00 3.92545841e+01 2.18831196e+01
4.17667007e+00 3.93277777e+01 2.18831196e+01
3.49690339e+00 3.89552411e+01 2.16412864e+01
2.88663217e+00 3.93376725e+01 2.18247455e+01
2.28371184e+00 4.00415114e+01 2.21916729e+01
1.91129432e+00 4.69413062e+01 2.59949659e+01
1.14697919e+00 4.69661976e+01 2.59949659e+01
3.81623993e-01 4.68881949e+01 2.59449167e+01
-3.81501297e-01 4.68731199e+01 2.59365751e+01
-1.10318183e+00 4.51727950e+01 2.50023490e+01
-1.60896853e+00 3.95161979e+01 2.18831196e+01
-2.23393763e+00 3.91687942e+01 2.17079985e+01
-2.86236709e+00 3.90069994e+01 2.16412864e+01
-3.49690339e+00 3.89552411e+01 2.16412864e+01
-4.21327799e+00 3.96724801e+01 2.20749220e+01
-5.03650692e+00 4.10497460e+01 2.28838623e+01
-6.30898338e+00 4.53068775e+01 2.53109718e+01
-7.23832571e+00 4.64344984e+01 2.60033074e+01
-8.18036293e+00 4.73950244e+01 2.66122504e+01
-7.71916577e+00 4.07535381e+01 2.29505814e+01
-8.15001882e+00 3.95006394e+01 2.23167644e+01
-8.69661359e+00 3.89361824e+01 2.20749220e+01
-9.32922428e+00 3.87894698e+01 2.20749220e+01
-9.95936314e+00 3.86324796e+01 2.20749220e+01
-1.05588673e+01 3.83635357e+01 2.20165470e+01
-1.41218714e+01 4.82266500e+01 2.78051637e+01
-1.53700687e+01 4.94878586e+01 2.86727766e+01
-1.36459058e+01 4.95796738e+01 2.93778910e+01
-9.77115886e+00 3.79024331e+01 2.23614548e+01
-9.15292788e+00 3.80564566e+01 2.23614548e+01
-8.63007695e+00 3.86382869e+01 2.26177835e+01
-8.00001967e+00 3.87736396e+01 2.26177835e+01
-7.51258072e+00 3.96628670e+01 2.30620998e+01
-7.01863199e+00 4.06642392e+01 2.35747921e+01
-7.42258881e+00 4.76165625e+01 2.75316501e+01
-6.53513067e+00 4.69309153e+01 2.70701138e+01
-5.62280206e+00 4.58283092e+01 2.63778295e+01
-4.75762197e+00 4.47980559e+01 2.57368484e+01
-3.85929720e+00 4.29922810e+01 2.46600546e+01
-2.93022009e+00 3.99316682e+01 2.28741178e+01
-2.23472964e+00 3.91826810e+01 2.24212643e+01
-1.58327272e+00 3.88851099e+01 2.22332926e+01
-9.50131464e-01 3.89057294e+01 2.22332926e+01
-3.20268391e-01 3.93497449e+01 2.24810741e+01
3.23920122e-01 3.97984144e+01 2.27374055e+01
1.10533295e+00 4.52608785e+01 2.58650428e+01
1.82789848e+00 4.48931081e+01 2.56684784e+01
2.58393408e+00 4.53054647e+01 2.59248671e+01
3.38671638e+00 4.61525860e+01 2.64376555e+01
3.53433311e+00 3.93722054e+01 2.25836060e+01
4.14471492e+00 3.90268861e+01 2.24212643e+01
4.77940503e+00 3.89542525e+01 2.24212643e+01
5.42933051e+00 3.89898019e+01 2.24896184e+01
6.13465793e+00 3.93543722e+01 2.27544944e+01
6.85073102e+00 3.96914620e+01 2.30108317e+01
9.02981008e+00 4.76731191e+01 2.77196863e+01
9.80458744e+00 4.75198256e+01 2.77196863e+01
1.05767670e+01 4.73539413e+01 2.77196863e+01
1.12691777e+01 4.68554957e+01 2.75316501e+01
1.21423935e+01 4.71004784e+01 2.77880635e+01
1.29074377e+01 4.68965973e+01 2.77880635e+01
1.39171234e+01 4.75274289e+01 2.82923519e+01
1.46888819e+01 4.72946040e+01 2.82923519e+01
1.54707574e+01 4.70918900e+01 2.83179940e+01
1.61127123e+01 4.64804336e+01 2.81043109e+01
1.69375195e+01 4.64048387e+01 2.91236503e+01
1.61653607e+01 4.66323088e+01 2.90973974e+01
1.54041868e+01 4.68892540e+01 2.90973974e+01
1.46169183e+01 4.70628989e+01 2.90536426e+01
1.38489408e+01 4.72945831e+01 2.90536426e+01
1.29473119e+01 4.70414723e+01 2.87648632e+01
1.21799043e+01 4.72459832e+01 2.87648632e+01
1.13051425e+01 4.70050316e+01 2.85023396e+01
1.05158970e+01 4.70814161e+01 2.84410846e+01
9.83814088e+00 4.76824488e+01 2.87036074e+01
9.06347439e+00 4.78508507e+01 2.87123583e+01
8.26321054e+00 4.78750232e+01 2.86423518e+01
7.36397691e+00 4.72405620e+01 2.81873154e+01
6.46919720e+00 4.64574254e+01 2.76535349e+01
5.57117232e+00 4.54075041e+01 2.69710162e+01
4.25458689e+00 4.00614472e+01 2.37512947e+01
3.59000428e+00 3.99923781e+01 2.36725604e+01
2.93097254e+00 3.99419224e+01 2.36113229e+01
2.54578346e+00 4.46365499e+01 2.63585203e+01
1.83701252e+00 4.51169485e+01 2.66210161e+01
1.09153204e+00 4.46957622e+01 2.63585203e+01
3.66412749e-01 4.50192669e+01 2.65422669e+01
-3.69674129e-01 4.54199760e+01 2.67785153e+01
-9.83202005e-01 4.02598931e+01 2.37425464e+01
-1.60698951e+00 3.94675932e+01 2.32876440e+01
-2.22384234e+00 3.89917882e+01 2.30252079e+01
-2.85821563e+00 3.89504252e+01 2.30252079e+01
-3.52101755e+00 3.92238710e+01 2.32176605e+01
-4.19347132e+00 3.94859793e+01 2.34101161e+01
-5.45549851e+00 4.44647117e+01 2.64110192e+01
-6.16419791e+00 4.42671255e+01 2.63497705e+01
-6.95020709e+00 4.45861920e+01 2.66035162e+01
-7.86686565e+00 4.55786978e+01 2.72685214e+01
-8.90049921e+00 4.69904190e+01 2.81960660e+01
-9.97611148e+00 4.83511500e+01 2.91061483e+01
-8.65573069e+00 3.87531429e+01 2.34101161e+01
-9.20903205e+00 3.82897291e+01 2.32176605e+01
-9.71992993e+00 3.77037155e+01 2.29552259e+01
-1.03284068e+01 3.75262038e+01 2.29464782e+01
-1.10671151e+01 3.77945577e+01 2.32176605e+01
-9.66647012e+00 3.74963443e+01 2.35475520e+01
-9.05486290e+00 3.76487176e+01 2.35475520e+01
-8.51143486e+00 3.81071065e+01 2.37444451e+01
-7.98520567e+00 3.87018407e+01 2.40308408e+01
-9.49652867e+00 5.01371722e+01 3.10311914e+01
-8.67918967e+00 5.02851047e+01 3.10311914e+01
-7.11579293e+00 4.56484398e+01 2.80946750e+01
-6.26625531e+00 4.50000332e+01 2.76291652e+01
-5.54730299e+00 4.52129585e+01 2.77007814e+01
-4.81063842e+00 4.52972620e+01 2.77007814e+01
-4.07138307e+00 4.53549017e+01 2.76918294e+01
-3.27765982e+00 4.46664143e+01 2.72352810e+01
-2.27779779e+00 3.99378173e+01 2.43261929e+01
-1.62563334e+00 3.99254848e+01 2.42993425e+01
-9.67287935e-01 3.96082479e+01 2.40934907e+01
-3.71694836e-01 4.56682500e+01 2.77723978e+01
3.72413703e-01 4.57565735e+01 2.78261103e+01
1.12792457e+00 4.61859540e+01 2.80946750e+01
1.86217407e+00 4.57349150e+01 2.78350624e+01
2.61222056e+00 4.58014262e+01 2.78977272e+01
3.27658250e+00 4.46517331e+01 2.72263292e+01
4.00952374e+00 4.46657934e+01 2.72710883e+01
4.70026010e+00 4.42579331e+01 2.70651972e+01
5.41464420e+00 4.41317311e+01 2.70383420e+01
6.14646914e+00 4.41398095e+01 2.71010042e+01
7.17701331e+00 4.60411740e+01 2.83363862e+01
8.06569281e+00 4.67306538e+01 2.88377218e+01
8.90471082e+00 4.70126543e+01 2.90973466e+01
9.75800096e+00 4.72940352e+01 2.93659270e+01
1.06259972e+01 4.75743531e+01 2.96434634e+01
1.13955128e+01 4.73807774e+01 2.96345106e+01
1.20843639e+01 4.68753811e+01 2.94375490e+01
1.29629548e+01 4.70983079e+01 2.97061333e+01
1.36037362e+01 4.64572014e+01 2.94375490e+01
1.45022180e+01 4.66935919e+01 2.97329919e+01
1.52603267e+01 4.64513539e+01 2.97329919e+01
1.60336803e+01 4.62524495e+01 2.97688035e+01
1.69487649e+01 4.64356484e+01 3.09930031e+01
