1.82593407e+00
1.82896215e+00
1.83804640e+00
1.84561661e+00
1.82744811e+00
1.82290598e+00
1.83728938e+00
1.83274725e+00
1.83501832e+00
1.81760684e+00
1.85470085e+00
1.81836386e+00
1.77597070e+00
1.84864469e+00
1.79186813e+00
1.82214896e+00
1.81760684e+00
1.83956044e+00
1.86681319e+00
1.80927961e+00
1.82896215e+00
1.81987790e+00
1.83350427e+00
1.82971917e+00
1.81533578e+00
1.81836386e+00
1.82442002e+00
1.86454212e+00
1.81230769e+00
1.79262515e+00
1.85015873e+00
1.84183150e+00
1.81533578e+00
1.81382173e+00
1.82820513e+00
1.81836386e+00
1.81457875e+00
1.81079365e+00
1.83728938e+00
1.82669109e+00
1.82896215e+00
1.84107448e+00
1.83123321e+00
1.83123321e+00
1.83123321e+00
1.81836386e+00
1.81306471e+00
1.87362637e+00
1.80700855e+00
1.82290598e+00
1.80398046e+00
1.77748474e+00
1.82366300e+00
1.81079365e+00
1.80927961e+00
1.81457875e+00
1.81836386e+00
1.81306471e+00
1.81230769e+00
1.81533578e+00
1.79792430e+00
1.81684982e+00
1.79943834e+00
1.83956044e+00
1.83047619e+00
1.82366300e+00
1.84031746e+00
1.81155067e+00
1.81533578e+00
1.82669109e+00
1.83123321e+00
1.81155067e+00
1.85015873e+00
1.82744811e+00
1.82139194e+00
1.80625153e+00
1.82290598e+00
1.78732601e+00
1.84637363e+00
1.82139194e+00
1.83501832e+00
1.83577534e+00
1.82593407e+00
1.82896215e+00
1.83350427e+00
1.83426129e+00
1.83426129e+00
1.83274725e+00
1.84183150e+00
1.81609280e+00
1.81836386e+00
1.83501832e+00
1.79792430e+00
1.82593407e+00
1.89785104e+00
1.80170940e+00
1.80322344e+00
1.79641026e+00
1.81760684e+00
1.86984127e+00
1.81306471e+00
1.81987790e+00
1.84183150e+00
1.82366300e+00
1.81533578e+00
1.80776557e+00
1.81684982e+00
1.81609280e+00
1.84107448e+00
1.82442002e+00
1.82290598e+00
1.81382173e+00
1.83501832e+00
1.82971917e+00
1.81457875e+00
1.84334554e+00
1.83956044e+00
1.83350427e+00
1.85318681e+00
1.83274725e+00
1.83501832e+00
1.83426129e+00
1.84031746e+00
1.81987790e+00
1.82971917e+00
1.83880342e+00
1.83047619e+00
1.83199023e+00
1.81533578e+00
1.84561661e+00
1.81382173e+00
1.83350427e+00
1.81912088e+00
1.81836386e+00
1.78505495e+00
1.84485958e+00
1.81155067e+00
1.83350427e+00
1.81912088e+00
1.81609280e+00
1.82669109e+00
1.83804640e+00
1.81230769e+00
1.84713065e+00
1.82139194e+00
1.82669109e+00
1.81230769e+00
1.81306471e+00
1.75023199e+00
1.81836386e+00
1.77975580e+00
1.82290598e+00
1.78732601e+00
1.82214896e+00
1.83123321e+00
1.81003663e+00
1.80776557e+00
1.84031746e+00
1.83123321e+00
1.81382173e+00
1.80095238e+00
1.82669109e+00
1.83199023e+00
1.81609280e+00
1.82820513e+00
1.85470085e+00
1.82971917e+00
1.81609280e+00
1.82517705e+00
1.82139194e+00
1.82442002e+00
1.82214896e+00
1.81987790e+00
1.81155067e+00
1.83956044e+00
1.81382173e+00
1.84031746e+00
1.79792430e+00
1.81079365e+00
1.82744811e+00
1.81760684e+00
1.82139194e+00
1.81230769e+00
1.82971917e+00
1.82442002e+00
1.85545788e+00
1.79716728e+00
1.83350427e+00
1.81760684e+00
1.82139194e+00
1.83728938e+00
1.81382173e+00
1.82517705e+00
1.83577534e+00
1.79338217e+00
1.84864469e+00
1.80927961e+00
1.82971917e+00
1.83426129e+00
1.82971917e+00
1.82896215e+00
1.82290598e+00
1.79716728e+00
1.83880342e+00
1.83047619e+00
1.81760684e+00
1.81533578e+00
1.83426129e+00
1.83804640e+00
1.81836386e+00
1.80473748e+00
1.86984127e+00
1.85167277e+00
1.84107448e+00
1.78884005e+00
1.82063492e+00
1.80398046e+00
1.82366300e+00
1.80019536e+00
1.82290598e+00
1.82744811e+00
1.82063492e+00
1.82139194e+00
1.82971917e+00
1.85242979e+00
1.83350427e+00
1.85924298e+00
1.86454212e+00
1.82214896e+00
1.83426129e+00
1.80700855e+00
1.82517705e+00
1.82366300e+00
1.93948718e+00
1.82744811e+00
1.82290598e+00
1.83199023e+00
1.82517705e+00
1.82744811e+00
1.82063492e+00
1.83047619e+00
1.81684982e+00
1.83426129e+00
1.82971917e+00
1.87211233e+00
1.87286935e+00
1.86681319e+00
1.84107448e+00
1.82896215e+00
1.83653236e+00
1.84334554e+00
1.80927961e+00
1.82896215e+00
1.81609280e+00
1.81533578e+00
1.82517705e+00
1.83426129e+00
1.82517705e+00
1.83274725e+00
1.83199023e+00
1.84864469e+00
1.88649573e+00
1.87816850e+00
1.82820513e+00
1.78429792e+00
1.82517705e+00
1.82214896e+00
1.80927961e+00
1.81457875e+00
1.79792430e+00
1.83577534e+00
1.84258852e+00
1.83653236e+00
1.83274725e+00
1.83501832e+00
1.83880342e+00
1.81155067e+00
1.82290598e+00
1.84637363e+00
1.78505495e+00
1.82290598e+00
1.84258852e+00
1.83350427e+00
1.82063492e+00
1.82442002e+00
1.81609280e+00
1.83123321e+00
1.81609280e+00
1.83350427e+00
1.82820513e+00
1.83501832e+00
1.84031746e+00
1.82896215e+00
1.85697192e+00
1.82290598e+00
1.81836386e+00
1.81912088e+00
1.81079365e+00
1.86908425e+00
1.85772894e+00
1.80776557e+00
1.81533578e+00
1.85015873e+00
1.81609280e+00
1.81230769e+00
1.82744811e+00
1.83426129e+00
1.81306471e+00
1.82971917e+00
1.83123321e+00
1.86000000e+00
1.82593407e+00
1.85545788e+00
1.83653236e+00
1.84334554e+00
1.83577534e+00
1.83199023e+00
1.82214896e+00
1.79868132e+00
1.81230769e+00
1.81684982e+00
1.83956044e+00
1.82744811e+00
1.83350427e+00
1.83653236e+00
1.83956044e+00
1.82744811e+00
1.82971917e+00
1.85924298e+00
1.82744811e+00
1.79716728e+00
1.84637363e+00
1.81836386e+00
1.78732601e+00
1.81457875e+00
1.81230769e+00
1.83274725e+00
1.81457875e+00
1.81609280e+00
1.83804640e+00
1.82971917e+00
1.81836386e+00
1.84485958e+00
1.82214896e+00
1.79792430e+00
1.85394383e+00
1.81609280e+00
1.84940171e+00
1.80170940e+00
1.86529915e+00
1.80852259e+00
1.81003663e+00
1.79413919e+00
1.81912088e+00
1.82366300e+00
1.83350427e+00
1.84334554e+00
1.81684982e+00
1.83274725e+00
1.80776557e+00
1.83350427e+00
1.85242979e+00
1.80170940e+00
1.83501832e+00
1.83653236e+00
1.84107448e+00
1.81609280e+00
1.83804640e+00
1.82214896e+00
1.81684982e+00
1.83047619e+00
1.84410256e+00
1.83274725e+00
1.83274725e+00
1.81760684e+00
1.81533578e+00
1.82214896e+00
1.81609280e+00
1.86151404e+00
1.81684982e+00
1.82290598e+00
1.82139194e+00
1.84031746e+00
1.87438339e+00
1.81912088e+00
1.80927961e+00
1.82744811e+00
1.83274725e+00
1.82820513e+00
1.82820513e+00
1.83728938e+00
1.82290598e+00
1.82517705e+00
1.83274725e+00
1.83199023e+00
1.78656899e+00
1.80927961e+00
1.81382173e+00
1.70859585e+00
1.81684982e+00
1.78581197e+00
1.82669109e+00
1.80776557e+00
1.85015873e+00
1.85167277e+00
1.83804640e+00
1.84258852e+00
1.82214896e+00
1.82366300e+00
1.81609280e+00
1.83501832e+00
1.83123321e+00
1.84410256e+00
1.83728938e+00
1.86151404e+00
1.83426129e+00
1.82820513e+00
1.81382173e+00
1.79413919e+00
1.82063492e+00
1.82442002e+00
1.84031746e+00
1.83426129e+00
1.83350427e+00
1.80095238e+00
1.81912088e+00
1.82669109e+00
1.81230769e+00
1.80852259e+00
1.82820513e+00
1.84031746e+00
1.82139194e+00
1.82290598e+00
1.82366300e+00
1.82366300e+00
1.80625153e+00
1.71313797e+00
1.82290598e+00
1.82744811e+00
1.82593407e+00
1.81533578e+00
1.82820513e+00
1.81079365e+00
1.83653236e+00
1.82442002e+00
1.83123321e+00
1.82593407e+00
1.83426129e+00
1.85394383e+00
1.84031746e+00
1.86378510e+00
1.80852259e+00
1.83956044e+00
1.82820513e+00
1.82214896e+00
1.82744811e+00
1.82820513e+00
1.82744811e+00
1.84031746e+00
1.83123321e+00
1.86529915e+00
1.87892552e+00
1.85697192e+00
1.81836386e+00
1.84713065e+00
1.80776557e+00
1.82442002e+00
1.83653236e+00
1.87665446e+00
1.85470085e+00
1.81836386e+00
1.81533578e+00
1.81987790e+00
1.82517705e+00
1.80927961e+00
1.81457875e+00
1.83728938e+00
1.81382173e+00
1.80398046e+00
1.80927961e+00
1.80927961e+00
1.79792430e+00
1.80095238e+00
1.81609280e+00
1.83047619e+00
1.84864469e+00
1.84713065e+00
1.81836386e+00
1.83199023e+00
1.82517705e+00
1.84031746e+00
1.83653236e+00
1.82896215e+00
1.83956044e+00
1.80549451e+00
1.82971917e+00
1.81306471e+00
1.84031746e+00
1.82290598e+00
1.83501832e+00
1.84031746e+00
1.86984127e+00
1.83047619e+00
1.83123321e+00
1.83426129e+00
1.81836386e+00
1.84183150e+00
1.82593407e+00
1.82214896e+00
1.82669109e+00
1.83350427e+00
1.81836386e+00
1.84334554e+00
1.78808303e+00
1.82669109e+00
1.81079365e+00
1.83274725e+00
1.82139194e+00
1.79489621e+00
1.83274725e+00
1.82517705e+00
1.82517705e+00
1.83501832e+00
1.81760684e+00
1.83426129e+00
1.83199023e+00
1.82442002e+00
1.81987790e+00
1.82820513e+00
1.83199023e+00
1.81912088e+00
1.80095238e+00
1.79792430e+00
1.83350427e+00
1.83501832e+00
1.82669109e+00
1.83577534e+00
1.82214896e+00
1.82366300e+00
1.82971917e+00
1.83047619e+00
1.83199023e+00
1.81230769e+00
1.82669109e+00
1.81533578e+00
1.88649573e+00
1.83350427e+00
1.83956044e+00
1.86757021e+00
1.84864469e+00
1.84107448e+00
1.87741148e+00
1.81912088e+00
1.82139194e+00
1.82820513e+00
1.83350427e+00
1.81457875e+00
1.81609280e+00
1.83577534e+00
1.81760684e+00
1.75553114e+00
1.84410256e+00
1.82214896e+00
1.81003663e+00
1.82896215e+00
1.82366300e+00
1.82214896e+00
1.83653236e+00
1.82971917e+00
1.80776557e+00
1.79338217e+00
1.83728938e+00
1.84334554e+00
1.84334554e+00
1.83728938e+00
1.80927961e+00
1.81912088e+00
1.81533578e+00
1.80398046e+00
1.79489621e+00
1.82517705e+00
1.80095238e+00
1.81760684e+00
1.86075702e+00
1.78732601e+00
1.83274725e+00
1.84713065e+00
1.82139194e+00
1.81987790e+00
1.81912088e+00
1.82517705e+00
1.83047619e+00
1.84107448e+00
1.84107448e+00
1.80398046e+00
1.83350427e+00
1.80776557e+00
1.76764347e+00
1.80473748e+00
1.86151404e+00
1.82063492e+00
1.83047619e+00
1.74114774e+00
1.81382173e+00
1.81760684e+00
1.81912088e+00
1.82442002e+00
1.83956044e+00
1.82517705e+00
1.82517705e+00
1.82593407e+00
1.79565324e+00
1.84485958e+00
1.87059829e+00
1.83501832e+00
1.82820513e+00
1.87059829e+00
1.81760684e+00
1.78656899e+00
1.82063492e+00
1.82517705e+00
1.82442002e+00
1.83199023e+00
1.83653236e+00
1.81609280e+00
1.83350427e+00
1.80170940e+00
1.80170940e+00
1.81003663e+00
1.82971917e+00
1.81003663e+00
1.81382173e+00
1.84334554e+00
1.82063492e+00
1.79565324e+00
1.81533578e+00
1.84485958e+00
1.82442002e+00
1.82214896e+00
1.83047619e+00
1.82896215e+00
1.83199023e+00
1.81912088e+00
1.82517705e+00
1.78581197e+00
1.85015873e+00
1.80927961e+00
1.84788767e+00
1.84561661e+00
1.87589744e+00
1.84410256e+00
1.80927961e+00
1.82971917e+00
1.86000000e+00
1.83728938e+00
1.82593407e+00
1.83123321e+00
1.85242979e+00
1.83274725e+00
1.83501832e+00
1.81684982e+00
1.82442002e+00
1.81987790e+00
1.82366300e+00
1.82366300e+00
1.83047619e+00
1.78278388e+00
1.82593407e+00
1.84410256e+00
1.77975580e+00
1.82290598e+00
1.81609280e+00
1.81836386e+00
1.81609280e+00
1.83123321e+00
1.82820513e+00
1.82669109e+00
1.82517705e+00
1.83123321e+00
1.87059829e+00
1.82366300e+00
1.83274725e+00
1.82517705e+00
1.81533578e+00
1.70859585e+00
1.83123321e+00
1.82139194e+00
1.82820513e+00
1.83123321e+00
1.83880342e+00
1.83123321e+00
1.82442002e+00
1.83653236e+00
1.84334554e+00
1.86832723e+00
1.80700855e+00
1.78808303e+00
1.80776557e+00
1.86000000e+00
1.82896215e+00
1.84334554e+00
1.81987790e+00
1.84713065e+00
1.82971917e+00
1.83728938e+00
1.82442002e+00
1.81987790e+00
1.81457875e+00
1.81912088e+00
1.80398046e+00
1.82517705e+00
1.83880342e+00
1.83653236e+00
1.79716728e+00
1.87892552e+00
1.79565324e+00
1.85470085e+00
1.82517705e+00
1.82593407e+00
1.82139194e+00
1.81987790e+00
1.80700855e+00
1.82744811e+00
1.81912088e+00
1.80927961e+00
1.83047619e+00
1.84637363e+00
1.83728938e+00
1.82517705e+00
1.82517705e+00
1.80322344e+00
1.83728938e+00
1.83956044e+00
1.80927961e+00
1.83047619e+00
1.82290598e+00
1.81306471e+00
1.82669109e+00
1.83501832e+00
1.81912088e+00
1.83728938e+00
1.82593407e+00
1.82744811e+00
1.82896215e+00
1.82063492e+00
1.84485958e+00
1.88422466e+00
1.81912088e+00
1.82896215e+00
1.82744811e+00
1.86000000e+00
1.86757021e+00
1.82517705e+00
1.83804640e+00
1.81987790e+00
1.81457875e+00
1.82214896e+00
1.82820513e+00
1.81533578e+00
1.82214896e+00
1.81382173e+00
1.80170940e+00
1.85470085e+00
1.81306471e+00
1.82820513e+00
1.83577534e+00
1.82593407e+00
1.83956044e+00
1.79565324e+00
1.82820513e+00
1.84031746e+00
1.83123321e+00
1.83199023e+00
1.84183150e+00
1.81079365e+00
1.82820513e+00
1.83653236e+00
1.85470085e+00
1.83274725e+00
1.85242979e+00
1.78884005e+00
1.82214896e+00
1.82442002e+00
1.79489621e+00
1.87816850e+00
1.81079365e+00
1.84864469e+00
1.81382173e+00
1.81155067e+00
1.83199023e+00
1.82896215e+00
1.83426129e+00
1.80473748e+00
1.85848596e+00
1.82442002e+00
1.81912088e+00
1.80852259e+00
1.84940171e+00
1.80549451e+00
1.83350427e+00
1.81912088e+00
1.77597070e+00
1.79565324e+00
1.82517705e+00
1.82366300e+00
1.82820513e+00
1.82442002e+00
1.81609280e+00
1.83653236e+00
1.83199023e+00
1.87059829e+00
1.82517705e+00
1.86605617e+00
1.82820513e+00
1.84410256e+00
1.82290598e+00
1.82366300e+00
1.83728938e+00
1.83653236e+00
1.82063492e+00
1.81609280e+00
1.83804640e+00
1.81684982e+00
1.81382173e+00
1.81533578e+00
1.81003663e+00
1.81230769e+00
1.81003663e+00
1.81684982e+00
1.73206349e+00
1.82366300e+00
1.86227106e+00
1.83350427e+00
1.82896215e+00
1.81836386e+00
1.83426129e+00
1.81912088e+00
1.83274725e+00
1.83728938e+00
1.82442002e+00
1.81684982e+00
1.80776557e+00
1.81836386e+00
1.82517705e+00
1.77521368e+00
1.81079365e+00
1.79413919e+00
1.81987790e+00
1.85470085e+00
1.82063492e+00
1.82290598e+00
1.81155067e+00
1.83123321e+00
1.82593407e+00
1.81987790e+00
1.82517705e+00
1.83047619e+00
1.83274725e+00
1.83350427e+00
1.85242979e+00
1.86757021e+00
1.84183150e+00
1.83956044e+00
1.85621490e+00
1.82669109e+00
1.81155067e+00
1.82517705e+00
1.88043956e+00
1.81912088e+00
1.86454212e+00
1.82896215e+00
1.81912088e+00
1.81987790e+00
1.83123321e+00
1.82063492e+00
1.80776557e+00
1.82442002e+00
1.77597070e+00
1.80700855e+00
1.83350427e+00
1.81533578e+00
1.82214896e+00
1.84713065e+00
1.82366300e+00
1.81609280e+00
1.83501832e+00
1.82669109e+00
1.82366300e+00
1.82366300e+00
1.82366300e+00
1.83728938e+00
1.83880342e+00
1.82820513e+00
1.82517705e+00
1.89406593e+00
1.83123321e+00
1.84637363e+00
1.84561661e+00
1.81987790e+00
1.80625153e+00
1.80095238e+00
1.81987790e+00
1.81912088e+00
1.82139194e+00
1.82139194e+00
1.81609280e+00
1.80398046e+00
1.82820513e+00
1.83577534e+00
1.82214896e+00
1.85091575e+00
1.83350427e+00
1.79943834e+00
1.79565324e+00
1.82366300e+00
1.78884005e+00
1.82517705e+00
1.80549451e+00
1.82669109e+00
1.81912088e+00
1.82669109e+00
1.83880342e+00
1.81684982e+00
1.81987790e+00
1.80700855e+00
1.84713065e+00
1.83501832e+00
1.81836386e+00
1.81912088e+00
1.88271062e+00
1.83501832e+00
1.83047619e+00
1.80246642e+00
1.77369963e+00
1.84031746e+00
1.82517705e+00
1.83274725e+00
1.82593407e+00
1.84485958e+00
1.82744811e+00
1.82139194e+00
1.84107448e+00
1.82517705e+00
1.82290598e+00
1.82971917e+00
1.82214896e+00
1.82366300e+00
1.81987790e+00
1.83199023e+00
1.81457875e+00
1.86378510e+00
1.85015873e+00
1.83728938e+00
1.82517705e+00
1.83199023e+00
1.82442002e+00
1.82820513e+00
1.82593407e+00
1.82214896e+00
1.81382173e+00
1.85015873e+00
1.82669109e+00
1.83501832e+00
1.82593407e+00
1.84107448e+00
1.82214896e+00
1.82669109e+00
1.81684982e+00
1.81836386e+00
1.84107448e+00
1.83199023e+00
1.82669109e+00
1.81609280e+00
1.82669109e+00
1.83199023e+00
1.83123321e+00
1.81306471e+00
1.83880342e+00
1.81987790e+00
1.79641026e+00
1.84183150e+00
1.86302808e+00
1.79943834e+00
1.84258852e+00
1.81079365e+00
1.80322344e+00
1.81836386e+00
1.83199023e+00
1.81230769e+00
1.81230769e+00
1.81609280e+00
1.81306471e+00
1.83350427e+00
1.79641026e+00
1.83956044e+00
1.84485958e+00
1.81457875e+00
1.83426129e+00
1.85167277e+00
1.83880342e+00
1.79489621e+00
1.83199023e+00
1.83728938e+00
1.80776557e+00
1.81987790e+00
1.81457875e+00
1.83350427e+00
1.83501832e+00
1.82971917e+00
1.81003663e+00
1.81684982e+00
1.84258852e+00
1.84561661e+00
1.80700855e+00
1.82063492e+00
1.82820513e+00
1.82593407e+00
1.84485958e+00
1.81230769e+00
1.82214896e+00
1.82820513e+00
1.81306471e+00
1.81230769e+00
1.80927961e+00
1.81155067e+00
1.82214896e+00
1.81836386e+00
1.83274725e+00
1.82517705e+00
1.82820513e+00
1.85015873e+00
1.81382173e+00
1.83653236e+00
1.82517705e+00
1.79868132e+00
1.82442002e+00
1.84258852e+00
1.82214896e+00
1.82971917e+00
1.81155067e+00
1.83350427e+00
1.81912088e+00
1.81382173e+00
1.85167277e+00
1.81533578e+00
1.81306471e+00
1.87362637e+00
1.82290598e+00
1.86454212e+00
1.81609280e+00
1.84258852e+00
1.82290598e+00
1.83956044e+00
1.84031746e+00
1.82744811e+00
1.83123321e+00
1.82896215e+00
1.84713065e+00
1.85091575e+00
1.81609280e+00
1.82063492e+00
1.79943834e+00
1.83123321e+00
1.80246642e+00
1.81230769e+00
1.85848596e+00
1.79262515e+00
1.82669109e+00
1.83123321e+00
1.82896215e+00
1.82517705e+00
1.83501832e+00
1.81760684e+00
1.83199023e+00
1.81533578e+00
1.84031746e+00
1.81760684e+00
1.80019536e+00
1.79262515e+00
1.82517705e+00
1.86529915e+00
1.84864469e+00
1.78959707e+00
1.82063492e+00
1.82139194e+00
1.84561661e+00
1.86075702e+00
1.81457875e+00
1.80776557e+00
1.82896215e+00
1.83426129e+00
1.83501832e+00
1.82744811e+00
1.83123321e+00
1.80095238e+00
1.82139194e+00
1.88195360e+00
1.81079365e+00
1.82896215e+00
1.86681319e+00
1.81155067e+00
1.81382173e+00
1.79413919e+00
1.82517705e+00
1.81609280e+00
1.83123321e+00
1.83426129e+00
1.82820513e+00
1.80170940e+00
1.83577534e+00
1.78656899e+00
1.87665446e+00
1.86000000e+00
1.82896215e+00
1.87135531e+00
1.82744811e+00
1.82820513e+00
1.82593407e+00
1.85470085e+00
1.82290598e+00
1.83501832e+00
1.82517705e+00
1.83501832e+00
1.85621490e+00
1.80549451e+00
1.81912088e+00
1.82593407e+00
1.88195360e+00
1.79868132e+00
1.92207570e+00
1.83123321e+00
1.73130647e+00
1.81155067e+00
1.79338217e+00
1.82896215e+00
1.89103785e+00
1.82442002e+00
1.83350427e+00
1.83501832e+00
1.82366300e+00
1.83426129e+00
1.83426129e+00
1.81457875e+00
1.81987790e+00
1.82214896e+00
1.80852259e+00
1.78959707e+00
1.83047619e+00
1.81760684e+00
1.82063492e+00
1.85697192e+00
1.79186813e+00
1.82214896e+00
1.83804640e+00
1.83804640e+00
1.81533578e+00
1.81533578e+00
1.83047619e+00
1.82896215e+00
1.80852259e+00
1.81912088e+00
1.78581197e+00
1.74039072e+00
1.81609280e+00
1.81987790e+00
1.82366300e+00
1.79868132e+00
1.81230769e+00
1.74720391e+00
1.80473748e+00
1.81457875e+00
1.83123321e+00
1.83728938e+00
1.85545788e+00
1.83199023e+00
1.83426129e+00
1.83123321e+00
1.84485958e+00
1.82214896e+00
1.84334554e+00
1.86984127e+00
1.81155067e+00
1.84788767e+00
1.81306471e+00
1.82063492e+00
1.83501832e+00
1.80170940e+00
1.82744811e+00
1.82593407e+00
1.81836386e+00
1.81912088e+00
1.84031746e+00
1.80852259e+00
1.83123321e+00
1.82971917e+00
1.88043956e+00
1.82442002e+00
1.81987790e+00
1.81533578e+00
1.82669109e+00
1.83728938e+00
1.82214896e+00
1.82290598e+00
1.82820513e+00
1.82290598e+00
1.81155067e+00
1.82669109e+00
1.82669109e+00
1.82517705e+00
1.83047619e+00
1.81836386e+00
1.83728938e+00
1.86454212e+00
1.82139194e+00
1.78505495e+00
1.78581197e+00
1.85924298e+00
1.82139194e+00
1.82442002e+00
1.84637363e+00
1.83123321e+00
1.83426129e+00
1.83199023e+00
1.81155067e+00
1.81230769e+00
1.83123321e+00
1.82214896e+00
1.82820513e+00
1.83123321e+00
1.83350427e+00
1.82517705e+00
1.83956044e+00
1.81836386e+00
1.82290598e+00
1.86832723e+00
1.81684982e+00
1.84485958e+00
1.81684982e+00
1.83350427e+00
1.83653236e+00
1.82669109e+00
1.82896215e+00
1.81836386e+00
1.81609280e+00
1.83123321e+00
1.81306471e+00
1.87059829e+00
1.84485958e+00
1.82442002e+00
1.81684982e+00
1.82744811e+00
1.82063492e+00
1.85545788e+00
1.83501832e+00
1.81912088e+00
1.83728938e+00
1.82214896e+00
1.83956044e+00
1.82820513e+00
1.81836386e+00
1.86378510e+00
1.82971917e+00
1.86075702e+00
1.82139194e+00
1.81079365e+00
1.78126984e+00
1.83426129e+00
1.81382173e+00
1.82214896e+00
1.82517705e+00
1.82290598e+00
1.82820513e+00
1.80473748e+00
1.83274725e+00
1.81684982e+00
1.81609280e+00
1.83199023e+00
1.81003663e+00
1.83123321e+00
1.87438339e+00
1.75628816e+00
1.82517705e+00
1.84788767e+00
1.83804640e+00
1.81912088e+00
1.81533578e+00
1.83274725e+00
1.83880342e+00
1.80776557e+00
1.83728938e+00
1.84183150e+00
1.82290598e+00
1.86832723e+00
1.83426129e+00
1.86681319e+00
1.80549451e+00
1.85091575e+00
1.82971917e+00
1.83728938e+00
1.83426129e+00
1.86454212e+00
1.86075702e+00
1.89406593e+00
1.82139194e+00
1.83274725e+00
1.82820513e+00
1.83880342e+00
1.82744811e+00
1.84864469e+00
1.81912088e+00
1.78884005e+00
1.82820513e+00
1.82971917e+00
1.81306471e+00
1.78429792e+00
1.86151404e+00
1.77975580e+00
1.83123321e+00
1.81079365e+00
1.84788767e+00
1.83123321e+00
1.82971917e+00
1.82971917e+00
1.81079365e+00
1.80625153e+00
1.81079365e+00
1.82820513e+00
1.82517705e+00
1.82442002e+00
1.81912088e+00
1.82517705e+00
1.81003663e+00
1.85924298e+00
1.79716728e+00
1.83123321e+00
1.82593407e+00
1.83880342e+00
1.83274725e+00
1.82896215e+00
1.83501832e+00
1.82669109e+00
1.81912088e+00
1.83653236e+00
1.80322344e+00
1.81533578e+00
1.82971917e+00
1.83728938e+00
1.81836386e+00
1.81912088e+00
1.82290598e+00
1.81533578e+00
1.84788767e+00
1.81912088e+00
1.80776557e+00
1.82971917e+00
1.82517705e+00
1.82442002e+00
1.81306471e+00
1.83274725e+00
1.82517705e+00
1.87514042e+00
1.78656899e+00
1.80398046e+00
1.87059829e+00
1.83501832e+00
1.82139194e+00
1.83350427e+00
1.81684982e+00
1.79792430e+00
1.81836386e+00
1.83047619e+00
1.82290598e+00
1.83199023e+00
1.83350427e+00
1.81836386e+00
1.84107448e+00
1.86151404e+00
1.85848596e+00
1.84334554e+00
1.82290598e+00
1.83728938e+00
1.83199023e+00
1.88195360e+00
1.82517705e+00
1.81684982e+00
1.82820513e+00
1.83274725e+00
1.81079365e+00
1.82744811e+00
1.84410256e+00
1.82139194e+00
1.82669109e+00
1.81987790e+00
1.82063492e+00
1.84258852e+00
1.84864469e+00
1.82517705e+00
1.87211233e+00
1.85318681e+00
1.83047619e+00
1.85924298e+00
1.83501832e+00
1.83653236e+00
1.83426129e+00
1.83956044e+00
1.82442002e+00
1.81306471e+00
1.83653236e+00
1.83653236e+00
1.79565324e+00
1.78429792e+00
1.82896215e+00
1.81533578e+00
1.82442002e+00
1.81609280e+00
1.84031746e+00
1.83350427e+00
1.83274725e+00
1.81306471e+00
1.83577534e+00
1.83956044e+00
1.83956044e+00
1.83047619e+00
1.84258852e+00
1.83804640e+00
1.82669109e+00
1.84485958e+00
1.85242979e+00
1.83274725e+00
1.87514042e+00
1.82214896e+00
1.82139194e+00
1.82744811e+00
1.80170940e+00
1.86908425e+00
1.81079365e+00
1.77899878e+00
1.84561661e+00
1.82063492e+00
1.83501832e+00
1.84031746e+00
1.84485958e+00
1.84107448e+00
1.81457875e+00
1.82744811e+00
1.83274725e+00
1.80776557e+00
1.83577534e+00
1.84258852e+00
1.86832723e+00
1.85015873e+00
1.84031746e+00
1.82744811e+00
1.83501832e+00
1.83274725e+00
1.84183150e+00
1.84940171e+00
1.84561661e+00
1.82971917e+00
1.84485958e+00
1.83426129e+00
1.84031746e+00
1.82517705e+00
1.87286935e+00
1.83728938e+00
1.83501832e+00
1.82290598e+00
1.84107448e+00
1.83123321e+00
1.78126984e+00
1.83880342e+00
1.82442002e+00
1.84031746e+00
1.84940171e+00
1.82214896e+00
1.83804640e+00
1.82896215e+00
1.87286935e+00
1.85621490e+00
1.79413919e+00
1.87665446e+00
1.85318681e+00
1.84561661e+00
1.84940171e+00
1.80246642e+00
1.82063492e+00
1.80322344e+00
1.84031746e+00
1.83123321e+00
1.82366300e+00
1.84334554e+00
1.81836386e+00
1.81912088e+00
1.84334554e+00
1.83653236e+00
1.85621490e+00
1.83199023e+00
1.84637363e+00
1.83199023e+00
1.81382173e+00
1.84410256e+00
1.83274725e+00
1.84788767e+00
1.84485958e+00
1.83501832e+00
1.84410256e+00
1.82820513e+00
1.82517705e+00
1.82669109e+00
1.81306471e+00
1.83047619e+00
1.84864469e+00
1.80625153e+00
1.85848596e+00
1.84485958e+00
1.83199023e+00
1.83728938e+00
1.86681319e+00
1.78278388e+00
1.81155067e+00
1.85394383e+00
1.83577534e+00
1.84410256e+00
1.83274725e+00
1.83426129e+00
1.83880342e+00
1.77067155e+00
1.84410256e+00
1.85242979e+00
1.85242979e+00
1.83199023e+00
1.79641026e+00
1.80549451e+00
1.82820513e+00
1.82669109e+00
1.83047619e+00
1.84485958e+00
1.84940171e+00
1.83653236e+00
1.82669109e+00
1.84031746e+00
1.83274725e+00
1.82669109e+00
1.82820513e+00
1.83123321e+00
1.83274725e+00
1.83653236e+00
1.81760684e+00
1.80852259e+00
1.82517705e+00
1.78051282e+00
1.80095238e+00
1.81533578e+00
1.83501832e+00
1.81003663e+00
1.83653236e+00
1.79716728e+00
1.81912088e+00
1.83123321e+00
1.80852259e+00
1.82214896e+00
1.85318681e+00
1.73130647e+00
1.82820513e+00
1.91299145e+00
1.84788767e+00
1.78051282e+00
1.81382173e+00
1.82517705e+00
1.82744811e+00
1.82139194e+00
1.83047619e+00
1.83577534e+00
1.81533578e+00
1.82063492e+00
1.82971917e+00
1.84334554e+00
1.84031746e+00
1.81230769e+00
1.82139194e+00
1.82517705e+00
1.82290598e+00
1.80927961e+00
1.81760684e+00
1.82214896e+00
1.84183150e+00
1.82593407e+00
1.82063492e+00
1.83956044e+00
1.81306471e+00
1.81230769e+00
1.80927961e+00
1.82290598e+00
1.84031746e+00
1.79338217e+00
1.81306471e+00
1.82063492e+00
1.82063492e+00
1.85242979e+00
1.78808303e+00
1.83501832e+00
1.82517705e+00
1.79262515e+00
1.80170940e+00
1.81533578e+00
1.82896215e+00
1.83047619e+00
1.81836386e+00
1.80852259e+00
1.82517705e+00
1.79262515e+00
1.84940171e+00
1.80398046e+00
1.85318681e+00
1.83501832e+00
1.86529915e+00
1.82063492e+00
1.81836386e+00
1.82517705e+00
1.79943834e+00
1.84031746e+00
1.83956044e+00
1.84183150e+00
1.82290598e+00
1.83728938e+00
1.82290598e+00
1.82214896e+00
1.80852259e+00
1.81912088e+00
1.85545788e+00
1.82214896e+00
1.84410256e+00
1.80473748e+00
1.82593407e+00
1.82517705e+00
1.80473748e+00
1.81684982e+00
1.83653236e+00
1.80473748e+00
1.83123321e+00
1.82744811e+00
1.82896215e+00
1.84183150e+00
1.79641026e+00
1.83956044e+00
1.78429792e+00
1.82063492e+00
1.81836386e+00
1.81609280e+00
1.83653236e+00
1.81003663e+00
1.82593407e+00
1.80776557e+00
1.81836386e+00
1.82290598e+00
1.83123321e+00
1.82442002e+00
1.82971917e+00
1.83956044e+00
1.82593407e+00
1.81684982e+00
1.87816850e+00
1.81760684e+00
1.85242979e+00
1.81382173e+00
1.87059829e+00
1.82820513e+00
1.85318681e+00
1.83880342e+00
1.80927961e+00
1.82139194e+00
1.82517705e+00
1.81533578e+00
1.82820513e+00
1.81230769e+00
1.82290598e+00
1.83350427e+00
1.84788767e+00
1.84031746e+00
1.81533578e+00
1.86075702e+00
1.81760684e+00
1.81533578e+00
1.88271062e+00
1.81306471e+00
1.87968254e+00
1.79716728e+00
1.85545788e+00
1.83350427e+00
1.82139194e+00
1.82971917e+00
1.83199023e+00
1.81003663e+00
1.82896215e+00
1.79111111e+00
1.81836386e+00
1.82442002e+00
1.81912088e+00
1.83880342e+00
1.84031746e+00
1.83047619e+00
1.80095238e+00
1.80322344e+00
1.83123321e+00
1.83880342e+00
1.83199023e+00
1.84334554e+00
1.82442002e+00
1.82063492e+00
1.80852259e+00
1.82744811e+00
1.81079365e+00
1.80927961e+00
1.80776557e+00
1.81684982e+00
1.88346764e+00
1.81457875e+00
1.80170940e+00
1.81457875e+00
1.82744811e+00
1.82139194e+00
1.82517705e+00
1.83123321e+00
1.81457875e+00
1.84183150e+00
1.82442002e+00
1.80473748e+00
1.79186813e+00
1.80852259e+00
1.90239316e+00
1.82593407e+00
1.83123321e+00
1.82896215e+00
1.80625153e+00
1.81230769e+00
1.87665446e+00
1.84031746e+00
1.83501832e+00
1.83199023e+00
1.82442002e+00
1.82366300e+00
1.83350427e+00
1.83501832e+00
1.82820513e+00
1.82366300e+00
1.82593407e+00
1.86757021e+00
1.83047619e+00
1.82669109e+00
1.81912088e+00
1.82366300e+00
1.85318681e+00
1.81533578e+00
1.80246642e+00
1.81306471e+00
1.83199023e+00
1.82214896e+00
1.81760684e+00
1.82517705e+00
1.82214896e+00
1.86302808e+00
1.88498168e+00
1.80170940e+00
1.76764347e+00
1.80398046e+00
1.79489621e+00
1.82366300e+00
1.82366300e+00
1.85697192e+00
1.82366300e+00
1.83577534e+00
1.81684982e+00
1.82820513e+00
1.82669109e+00
1.82214896e+00
1.81079365e+00
1.83047619e+00
1.79565324e+00
1.84485958e+00
1.85621490e+00
1.83956044e+00
1.83274725e+00
1.83577534e+00
1.86378510e+00
1.82366300e+00
1.82820513e+00
1.84107448e+00
1.80095238e+00
1.83956044e+00
1.81230769e+00
1.82290598e+00
1.81155067e+00
1.80246642e+00
1.80398046e+00
1.79489621e+00
1.82517705e+00
1.82139194e+00
1.81533578e+00
1.82442002e+00
1.82214896e+00
1.81836386e+00
1.83350427e+00
1.82896215e+00
1.82896215e+00
1.83956044e+00
1.81306471e+00
1.83426129e+00
1.81003663e+00
1.83199023e+00
1.84637363e+00
1.81836386e+00
1.81533578e+00
1.80927961e+00
1.80322344e+00
1.82593407e+00
1.85242979e+00
1.85015873e+00
1.84410256e+00
1.84940171e+00
1.83274725e+00
1.84334554e+00
1.83728938e+00
1.82517705e+00
1.81609280e+00
1.83047619e+00
1.83426129e+00
1.82366300e+00
1.81230769e+00
1.80095238e+00
1.82517705e+00
1.82593407e+00
1.81230769e+00
1.80473748e+00
1.79716728e+00
1.82820513e+00
1.86227106e+00
1.82214896e+00
1.83956044e+00
1.81609280e+00
1.82366300e+00
1.81912088e+00
1.84485958e+00
1.82517705e+00
1.83956044e+00
1.85318681e+00
1.83577534e+00
1.83199023e+00
1.84031746e+00
1.88952381e+00
1.80095238e+00
1.83501832e+00
1.76310134e+00
1.82517705e+00
1.81230769e+00
1.83274725e+00
1.81457875e+00
1.80625153e+00
1.81609280e+00
1.82593407e+00
1.82669109e+00
1.82820513e+00
1.82214896e+00
1.85015873e+00
1.82820513e+00
1.81609280e+00
1.79943834e+00
1.80776557e+00
1.87211233e+00
1.88195360e+00
1.82896215e+00
1.82669109e+00
1.81457875e+00
1.84334554e+00
1.83123321e+00
1.81836386e+00
1.80776557e+00
1.82820513e+00
1.88043956e+00
1.81079365e+00
1.82820513e+00
1.81533578e+00
1.80170940e+00
1.84485958e+00
1.80927961e+00
1.81760684e+00
1.82063492e+00
1.81987790e+00
1.82820513e+00
1.83653236e+00
1.82517705e+00
1.82593407e+00
1.82744811e+00
1.82971917e+00
1.82517705e+00
1.82593407e+00
1.81836386e+00
1.82214896e+00
1.83501832e+00
1.82820513e+00
1.82593407e+00
1.82744811e+00
1.76612943e+00
1.81609280e+00
1.85242979e+00
1.83728938e+00
1.82442002e+00
1.82442002e+00
1.84485958e+00
1.83728938e+00
1.82442002e+00
1.82290598e+00
1.82669109e+00
1.83653236e+00
1.80095238e+00
1.82820513e+00
1.85015873e+00
1.86832723e+00
1.82593407e+00
1.79186813e+00
1.82063492e+00
1.82214896e+00
1.82517705e+00
1.83047619e+00
1.83728938e+00
1.82063492e+00
1.84788767e+00
1.82669109e+00
1.81987790e+00
1.76158730e+00
1.85772894e+00
1.81987790e+00
1.82820513e+00
1.82214896e+00
1.80776557e+00
1.84788767e+00
1.84183150e+00
1.80019536e+00
1.84183150e+00
1.82290598e+00
1.83047619e+00
1.83426129e+00
1.83804640e+00
1.82896215e+00
1.82896215e+00
1.84410256e+00
1.80776557e+00
1.78505495e+00
1.85621490e+00
1.82744811e+00
1.83199023e+00
1.81003663e+00
1.80095238e+00
1.78884005e+00
1.82517705e+00
1.83350427e+00
1.82971917e+00
1.81457875e+00
1.81987790e+00
1.81684982e+00
1.83199023e+00
1.83426129e+00
1.80246642e+00
1.88800977e+00
1.89028083e+00
1.86378510e+00
1.83123321e+00
1.82139194e+00
1.83880342e+00
1.82593407e+00
1.82744811e+00
1.82139194e+00
1.84713065e+00
1.83274725e+00
1.82139194e+00
1.82366300e+00
1.82139194e+00
1.81609280e+00
1.86151404e+00
1.82290598e+00
1.82442002e+00
1.81684982e+00
1.88725275e+00
1.82820513e+00
1.85242979e+00
1.79489621e+00
1.85545788e+00
1.84031746e+00
1.82593407e+00
1.83577534e+00
1.83123321e+00
1.83577534e+00
1.82214896e+00
1.83577534e+00
1.81382173e+00
1.81760684e+00
1.84258852e+00
1.81912088e+00
1.79565324e+00
1.82366300e+00
1.81457875e+00
1.81912088e+00
1.84258852e+00
1.79262515e+00
1.84031746e+00
1.81230769e+00
1.81609280e+00
1.82442002e+00
1.83199023e+00
1.81003663e+00
1.83728938e+00
1.79489621e+00
1.81836386e+00
1.80776557e+00
1.82820513e+00
1.85015873e+00
1.81306471e+00
1.85621490e+00
1.83123321e+00
1.82593407e+00
1.80927961e+00
1.82744811e+00
1.83123321e+00
1.82214896e+00
1.84334554e+00
1.83047619e+00
1.82669109e+00
1.82744811e+00
1.87968254e+00
1.83123321e+00
1.89482295e+00
1.83199023e+00
1.88422466e+00
1.82214896e+00
1.78505495e+00
1.81912088e+00
1.82366300e+00
1.82820513e+00
1.80549451e+00
1.82214896e+00
1.83804640e+00
1.82896215e+00
1.82517705e+00
1.82896215e+00
1.82896215e+00
1.82517705e+00
1.81912088e+00
1.84258852e+00
1.82593407e+00
1.82971917e+00
1.82820513e+00
1.85621490e+00
1.82820513e+00
1.86984127e+00
1.82139194e+00
1.82139194e+00
1.81533578e+00
1.80625153e+00
1.81533578e+00
1.80776557e+00
1.81987790e+00
1.86605617e+00
1.81912088e+00
1.84788767e+00
1.81079365e+00
1.82971917e+00
1.78278388e+00
1.85167277e+00
1.83728938e+00
1.82820513e+00
1.84334554e+00
1.82290598e+00
1.84107448e+00
1.81382173e+00
1.83350427e+00
1.80398046e+00
1.85015873e+00
1.82517705e+00
1.80246642e+00
1.82820513e+00
1.85318681e+00
1.83880342e+00
1.83199023e+00
1.82063492e+00
1.81457875e+00
1.84031746e+00
1.86681319e+00
1.83199023e+00
1.83501832e+00
1.83199023e+00
1.81079365e+00
1.83426129e+00
1.85318681e+00
1.84031746e+00
1.83501832e+00
1.80473748e+00
1.79262515e+00
1.81155067e+00
1.79641026e+00
1.78051282e+00
1.81609280e+00
1.81912088e+00
1.87665446e+00
1.87286935e+00
1.82214896e+00
1.83350427e+00
1.83728938e+00
1.81836386e+00
1.82139194e+00
1.83047619e+00
1.83123321e+00
1.81836386e+00
1.81382173e+00
1.82214896e+00
1.79186813e+00
1.82744811e+00
1.81987790e+00
1.80473748e+00
1.81836386e+00
1.79111111e+00
1.83123321e+00
1.82290598e+00
1.81003663e+00
1.82669109e+00
1.83123321e+00
1.83728938e+00
1.84107448e+00
1.82442002e+00
1.83199023e+00
1.85848596e+00
1.88271062e+00
1.83956044e+00
1.77899878e+00
1.81533578e+00
1.85924298e+00
1.82366300e+00
1.80927961e+00
1.81003663e+00
1.81003663e+00
1.81912088e+00
1.81836386e+00
1.81003663e+00
1.81230769e+00
1.83047619e+00
1.80776557e+00
1.83274725e+00
1.83653236e+00
1.81155067e+00
1.82593407e+00
1.81684982e+00
1.83123321e+00
1.85242979e+00
1.82517705e+00
1.85470085e+00
1.82290598e+00
1.81987790e+00
1.81457875e+00
1.81382173e+00
1.81533578e+00
1.82744811e+00
1.80549451e+00
1.85697192e+00
1.81912088e+00
1.85697192e+00
1.79868132e+00
1.78581197e+00
1.82214896e+00
1.84637363e+00
1.81760684e+00
1.83274725e+00
1.86075702e+00
1.83047619e+00
1.82517705e+00
1.83956044e+00
1.80852259e+00
1.81230769e+00
1.83804640e+00
1.82896215e+00
1.81836386e+00
1.82366300e+00
1.80473748e+00
1.81306471e+00
1.81836386e+00
1.83880342e+00
1.83426129e+00
1.81230769e+00
1.84713065e+00
1.86378510e+00
1.84183150e+00
1.82820513e+00
1.83047619e+00
1.83123321e+00
1.83350427e+00
1.82971917e+00
1.80398046e+00
1.81684982e+00
1.82971917e+00
1.82517705e+00
1.81684982e+00
1.82366300e+00
1.81609280e+00
1.78959707e+00
1.82820513e+00
1.82669109e+00
1.81609280e+00
1.81457875e+00
1.83123321e+00
1.82896215e+00
1.83274725e+00
1.84334554e+00
1.82366300e+00
1.82744811e+00
1.82442002e+00
1.76688645e+00
1.75855922e+00
1.82517705e+00
1.79943834e+00
1.79186813e+00
1.85621490e+00
1.84485958e+00
1.84183150e+00
1.81306471e+00
1.81609280e+00
1.82669109e+00
1.83653236e+00
1.82744811e+00
1.82896215e+00
1.82820513e+00
1.85470085e+00
1.83123321e+00
1.82063492e+00
1.81912088e+00
1.82139194e+00
1.88346764e+00
1.81609280e+00
1.81230769e+00
1.85091575e+00
1.82669109e+00
1.82139194e+00
1.82517705e+00
1.82139194e+00
1.83123321e+00
1.83577534e+00
1.80852259e+00
1.83199023e+00
1.85318681e+00
1.84637363e+00
1.85394383e+00
1.84637363e+00
1.82290598e+00
1.83274725e+00
1.82593407e+00
1.79111111e+00
1.83123321e+00
1.81684982e+00
1.81912088e+00
1.81609280e+00
1.84637363e+00
1.81684982e+00
1.81382173e+00
1.81230769e+00
1.80398046e+00
1.81230769e+00
1.75780220e+00
1.82517705e+00
1.81760684e+00
1.79943834e+00
1.85545788e+00
1.83350427e+00
1.86832723e+00
1.82820513e+00
1.83123321e+00
1.83426129e+00
1.83956044e+00
1.82139194e+00
1.81457875e+00
1.79641026e+00
1.82896215e+00
1.81533578e+00
1.79716728e+00
1.82517705e+00
1.81457875e+00
1.82593407e+00
1.79792430e+00
1.78278388e+00
1.82214896e+00
1.81003663e+00
1.83123321e+00
1.79413919e+00
1.81457875e+00
1.82820513e+00
1.83577534e+00
1.83199023e+00
1.83956044e+00
1.80322344e+00
1.82896215e+00
1.82517705e+00
1.83426129e+00
1.84258852e+00
1.81079365e+00
1.86832723e+00
1.82139194e+00
1.81155067e+00
1.78808303e+00
1.81609280e+00
1.82063492e+00
1.83804640e+00
1.81912088e+00
1.84031746e+00
1.82139194e+00
1.81382173e+00
1.82593407e+00
1.81609280e+00
1.83199023e+00
1.84031746e+00
1.82669109e+00
1.88649573e+00
1.83804640e+00
1.84334554e+00
1.87892552e+00
1.82593407e+00
1.82366300e+00
1.82139194e+00
1.83653236e+00
1.81609280e+00
1.82896215e+00
1.83728938e+00
1.82820513e+00
1.86378510e+00
1.83956044e+00
1.86529915e+00
1.80398046e+00
1.81533578e+00
1.83047619e+00
1.83199023e+00
1.82366300e+00
1.82063492e+00
1.85318681e+00
1.81306471e+00
1.83199023e+00
1.82214896e+00
1.82744811e+00
1.82214896e+00
1.82442002e+00
1.82820513e+00
1.79716728e+00
1.84410256e+00
1.83804640e+00
1.84107448e+00
1.82517705e+00
1.82971917e+00
1.82744811e+00
1.86302808e+00
1.82896215e+00
1.85242979e+00
1.83350427e+00
1.83350427e+00
1.81836386e+00
1.82517705e+00
1.81836386e+00
1.81533578e+00
1.80095238e+00
1.82896215e+00
1.83804640e+00
1.87059829e+00
1.80852259e+00
1.76840049e+00
1.87514042e+00
1.79943834e+00
1.79338217e+00
1.81609280e+00
1.84561661e+00
1.83199023e+00
1.82517705e+00
1.81912088e+00
1.81836386e+00
1.82214896e+00
1.84258852e+00
1.85848596e+00
1.84258852e+00
1.81609280e+00
1.84031746e+00
1.77899878e+00
1.82290598e+00
1.80776557e+00
1.82971917e+00
1.84485958e+00
1.84107448e+00
1.82214896e+00
1.84031746e+00
1.82214896e+00
1.82820513e+00
1.81382173e+00
1.82593407e+00
1.83880342e+00
1.81457875e+00
1.82744811e+00
1.82214896e+00
1.82442002e+00
1.84788767e+00
1.85394383e+00
1.82442002e+00
1.86302808e+00
1.81760684e+00
1.83350427e+00
1.83728938e+00
1.83123321e+00
1.83123321e+00
1.83426129e+00
1.83047619e+00
1.81230769e+00
1.81079365e+00
1.88043956e+00
1.82442002e+00
1.80398046e+00
1.81457875e+00
1.81382173e+00
1.81306471e+00
1.78051282e+00
1.81609280e+00
1.81912088e+00
1.82139194e+00
1.82139194e+00
1.82442002e+00
1.82366300e+00
1.80927961e+00
1.82896215e+00
1.83880342e+00
1.85545788e+00
1.82744811e+00
1.75250305e+00
1.82442002e+00
1.84107448e+00
1.83426129e+00
1.80700855e+00
1.83426129e+00
1.74493284e+00
1.77975580e+00
1.82063492e+00
1.80549451e+00
1.82442002e+00
1.83123321e+00
1.80927961e+00
1.82063492e+00
1.81684982e+00
1.82063492e+00
1.82214896e+00
1.87135531e+00
1.81836386e+00
1.87059829e+00
1.82744811e+00
1.77142857e+00
1.79413919e+00
1.82820513e+00
1.84864469e+00
1.82820513e+00
1.83274725e+00
1.81684982e+00
1.82971917e+00
1.81987790e+00
1.80776557e+00
1.86000000e+00
1.82744811e+00
1.80852259e+00
1.80473748e+00
1.81003663e+00
1.82290598e+00
1.78656899e+00
1.84940171e+00
1.83956044e+00
1.83728938e+00
1.82744811e+00
1.83426129e+00
1.82744811e+00
1.82669109e+00
1.82290598e+00
1.83728938e+00
1.83047619e+00
1.81684982e+00
1.82669109e+00
1.81609280e+00
1.83653236e+00
1.81987790e+00
1.86529915e+00
1.80398046e+00
1.82971917e+00
1.82744811e+00
1.79868132e+00
1.84031746e+00
1.83274725e+00
1.81912088e+00
1.83199023e+00
1.83274725e+00
1.81760684e+00
1.80776557e+00
1.82820513e+00
1.83426129e+00
1.82139194e+00
1.83350427e+00
1.84561661e+00
1.82139194e+00
1.84561661e+00
1.82290598e+00
1.87135531e+00
1.82744811e+00
1.82896215e+00
1.82139194e+00
1.82290598e+00
1.82971917e+00
1.82366300e+00
1.80776557e+00
1.86605617e+00
1.79943834e+00
1.83199023e+00
1.81609280e+00
1.87059829e+00
1.84940171e+00
1.80549451e+00
1.81912088e+00
1.82820513e+00
1.80398046e+00
1.81836386e+00
1.83804640e+00
1.81457875e+00
1.82744811e+00
1.84031746e+00
1.81230769e+00
1.83653236e+00
1.81382173e+00
1.81382173e+00
1.82820513e+00
1.82442002e+00
1.81382173e+00
1.81003663e+00
1.83199023e+00
1.80700855e+00
1.82290598e+00
1.82442002e+00
1.82593407e+00
1.83123321e+00
1.79943834e+00
1.82290598e+00
1.83653236e+00
1.84485958e+00
1.86378510e+00
1.82139194e+00
1.81912088e+00
1.81609280e+00
1.82366300e+00
1.82744811e+00
1.83956044e+00
1.84864469e+00
1.81987790e+00
1.84031746e+00
1.82971917e+00
1.82593407e+00
1.84258852e+00
1.83123321e+00
1.82896215e+00
1.83047619e+00
1.83577534e+00
1.83350427e+00
1.82820513e+00
1.82820513e+00
1.86075702e+00
1.81912088e+00
1.82290598e+00
1.88422466e+00
1.84107448e+00
1.85318681e+00
1.82442002e+00
1.81987790e+00
1.83501832e+00
1.81155067e+00
1.83653236e+00
1.81230769e+00
1.82442002e+00
1.82820513e+00
1.82366300e+00
1.80473748e+00
1.78656899e+00
1.80473748e+00
1.82214896e+00
1.81306471e+00
1.82971917e+00
1.81836386e+00
1.83047619e+00
1.83123321e+00
1.82744811e+00
1.81684982e+00
1.83350427e+00
1.83501832e+00
1.84713065e+00
1.84713065e+00
1.84637363e+00
1.83728938e+00
1.83880342e+00
1.81155067e+00
1.82366300e+00
1.85924298e+00
1.84107448e+00
1.80398046e+00
1.82820513e+00
1.75477411e+00
1.84788767e+00
1.81987790e+00
1.82442002e+00
1.82820513e+00
1.81306471e+00
1.82517705e+00
1.83047619e+00
1.80473748e+00
1.82744811e+00
1.81684982e+00
1.86151404e+00
1.82290598e+00
1.83123321e+00
1.84183150e+00
1.82896215e+00
1.78354090e+00
1.82442002e+00
1.81912088e+00
1.81912088e+00
1.81912088e+00
1.83199023e+00
1.82063492e+00
1.80246642e+00
1.82593407e+00
1.83653236e+00
1.84940171e+00
1.81684982e+00
1.83501832e+00
1.83047619e+00
1.84031746e+00
1.79413919e+00
1.81533578e+00
1.82744811e+00
1.81836386e+00
1.82517705e+00
1.83653236e+00
1.81912088e+00
1.82139194e+00
1.83501832e+00
1.81533578e+00
1.81987790e+00
1.78581197e+00
1.84561661e+00
1.87135531e+00
1.79489621e+00
1.82214896e+00
1.86454212e+00
1.81912088e+00
1.81760684e+00
1.82744811e+00
1.82214896e+00
1.82820513e+00
1.82517705e+00
1.81155067e+00
1.82820513e+00
1.81457875e+00
1.82896215e+00
1.86302808e+00
1.84940171e+00
1.83123321e+00
1.83728938e+00
1.84637363e+00
1.83123321e+00
1.82442002e+00
1.80625153e+00
1.83653236e+00
1.81533578e+00
1.82442002e+00
1.82366300e+00
1.84031746e+00
1.83123321e+00
1.83728938e+00
1.83577534e+00
1.83577534e+00
1.82593407e+00
1.79943834e+00
1.85697192e+00
1.81533578e+00
1.81987790e+00
1.80246642e+00
1.81987790e+00
1.82896215e+00
1.81912088e+00
1.80625153e+00
1.82442002e+00
1.82669109e+00
1.82290598e+00
1.82744811e+00
1.82744811e+00
1.82744811e+00
1.82820513e+00
1.83047619e+00
1.83123321e+00
1.83501832e+00
1.81079365e+00
1.83577534e+00
1.81155067e+00
1.85015873e+00
1.81609280e+00
1.76461538e+00
1.81457875e+00
1.82366300e+00
1.82366300e+00
1.82517705e+00
1.81457875e+00
1.83577534e+00
1.81003663e+00
1.82139194e+00
1.84864469e+00
1.83956044e+00
1.87059829e+00
1.83047619e+00
1.82214896e+00
1.85394383e+00
1.82896215e+00
1.82971917e+00
1.82517705e+00
1.82366300e+00
1.83426129e+00
1.81684982e+00
1.81912088e+00
1.81836386e+00
1.83501832e+00
1.81912088e+00
1.79943834e+00
1.82593407e+00
1.82063492e+00
1.84940171e+00
1.79262515e+00
1.81684982e+00
1.81609280e+00
1.83199023e+00
1.84485958e+00
1.81609280e+00
1.81457875e+00
1.82214896e+00
1.83880342e+00
1.83274725e+00
1.81836386e+00
1.81457875e+00
1.84258852e+00
1.84940171e+00
1.85242979e+00
1.81912088e+00
1.80246642e+00
1.80776557e+00
1.83123321e+00
1.81987790e+00
1.87135531e+00
1.85242979e+00
1.83274725e+00
1.81609280e+00
1.81609280e+00
1.83728938e+00
1.83577534e+00
1.85394383e+00
1.80700855e+00
1.83350427e+00
1.81457875e+00
1.81079365e+00
1.80322344e+00
1.84485958e+00
1.84031746e+00
1.85167277e+00
1.82517705e+00
1.82214896e+00
1.80776557e+00
1.82139194e+00
1.82820513e+00
1.82593407e+00
1.81912088e+00
1.82366300e+00
1.82820513e+00
1.81987790e+00
1.82290598e+00
1.82744811e+00
1.85015873e+00
1.81306471e+00
1.79035409e+00
1.81306471e+00
1.81230769e+00
1.86075702e+00
1.80776557e+00
1.82063492e+00
1.82517705e+00
1.83653236e+00
1.83653236e+00
1.83123321e+00
1.83501832e+00
1.81684982e+00
1.84183150e+00
1.84561661e+00
1.80095238e+00
1.81987790e+00
1.81760684e+00
1.85015873e+00
1.83047619e+00
1.81609280e+00
1.83350427e+00
1.82820513e+00
1.82971917e+00
1.81306471e+00
1.81382173e+00
1.82290598e+00
1.81382173e+00
1.84031746e+00
1.82442002e+00
1.85091575e+00
1.78505495e+00
1.83956044e+00
1.83274725e+00
1.81155067e+00
1.86000000e+00
1.78051282e+00
1.79186813e+00
1.86151404e+00
1.83501832e+00
1.81533578e+00
1.81684982e+00
1.82517705e+00
1.83804640e+00
1.83123321e+00
1.82896215e+00
1.82820513e+00
1.83123321e+00
1.87968254e+00
1.77521368e+00
1.83880342e+00
1.83728938e+00
1.84183150e+00
1.84940171e+00
1.85015873e+00
1.82896215e+00
1.82820513e+00
1.83274725e+00
1.83123321e+00
1.84107448e+00
1.82669109e+00
1.81912088e+00
1.81533578e+00
1.82139194e+00
1.82744811e+00
1.81230769e+00
1.84258852e+00
1.76083028e+00
1.87286935e+00
1.83047619e+00
1.82214896e+00
1.81306471e+00
1.83577534e+00
1.80322344e+00
1.82971917e+00
1.82517705e+00
1.82896215e+00
1.82820513e+00
1.80322344e+00
1.82442002e+00
1.82290598e+00
1.82593407e+00
1.88800977e+00
1.82744811e+00
1.82214896e+00
1.84107448e+00
1.80019536e+00
1.81912088e+00
1.85621490e+00
1.82517705e+00
1.82442002e+00
1.82214896e+00
1.82744811e+00
1.82744811e+00
1.83123321e+00
1.82896215e+00
1.82896215e+00
1.81230769e+00
1.82744811e+00
1.83350427e+00
1.80322344e+00
1.72903541e+00
1.81987790e+00
1.80246642e+00
1.83426129e+00
1.83350427e+00
1.80473748e+00
1.83123321e+00
1.81609280e+00
1.83728938e+00
1.83047619e+00
1.84334554e+00
1.81836386e+00
1.83577534e+00
1.82971917e+00
1.86378510e+00
1.82063492e+00
1.81760684e+00
1.82290598e+00
1.79413919e+00
1.83501832e+00
1.76764347e+00
1.79565324e+00
1.83728938e+00
1.82139194e+00
1.81987790e+00
1.81155067e+00
1.82442002e+00
1.81003663e+00
1.82517705e+00
1.79641026e+00
