1.47467643e+00
1.46710623e+00
1.49663004e+00
1.47694750e+00
1.47316239e+00
1.47694750e+00
1.48527473e+00
1.48603175e+00
1.49133089e+00
1.47619048e+00
1.48603175e+00
1.47089133e+00
1.48905983e+00
1.46483516e+00
1.45272283e+00
1.46786325e+00
1.45120879e+00
1.49663004e+00
1.52842491e+00
1.48905983e+00
1.49057387e+00
1.47770452e+00
1.46862027e+00
1.48148962e+00
1.48981685e+00
1.47921856e+00
1.49738706e+00
1.44666667e+00
1.45423687e+00
1.52388278e+00
1.49208791e+00
1.49587302e+00
1.47846154e+00
1.48830281e+00
1.49360195e+00
1.50041514e+00
1.49511600e+00
1.46559219e+00
1.46634921e+00
1.48300366e+00
1.47089133e+00
1.48224664e+00
1.46937729e+00
1.48527473e+00
1.47846154e+00
1.47164835e+00
1.48603175e+00
1.50268620e+00
1.48603175e+00
1.49663004e+00
1.46786325e+00
1.47089133e+00
1.48905983e+00
1.47921856e+00
1.48376068e+00
1.47997558e+00
1.48905983e+00
1.47997558e+00
1.49133089e+00
1.48981685e+00
1.47997558e+00
1.47694750e+00
1.50041514e+00
1.49814408e+00
1.47467643e+00
1.51555556e+00
1.48905983e+00
1.51479853e+00
1.50344322e+00
1.48073260e+00
1.48300366e+00
1.46634921e+00
1.47921856e+00
1.46862027e+00
1.47164835e+00
1.49133089e+00
1.48451770e+00
1.45575092e+00
1.47467643e+00
1.50041514e+00
1.45726496e+00
1.48678877e+00
1.48754579e+00
1.44590965e+00
1.47921856e+00
1.49208791e+00
1.49284493e+00
1.49057387e+00
1.47921856e+00
1.48830281e+00
1.51404151e+00
1.48148962e+00
1.49057387e+00
1.47921856e+00
1.47770452e+00
1.52766789e+00
1.48073260e+00
1.44515263e+00
1.46786325e+00
1.46786325e+00
1.47921856e+00
1.49057387e+00
1.48376068e+00
1.47694750e+00
1.47316239e+00
1.47164835e+00
1.48905983e+00
1.49284493e+00
1.50041514e+00
1.49057387e+00
1.46483516e+00
1.38837607e+00
1.49890110e+00
1.47997558e+00
1.50495726e+00
1.47694750e+00
1.48376068e+00
1.45499389e+00
1.48981685e+00
1.48073260e+00
1.46559219e+00
1.47164835e+00
1.48224664e+00
1.48830281e+00
1.48224664e+00
1.47391941e+00
1.48981685e+00
1.47089133e+00
1.48905983e+00
1.44363858e+00
1.49814408e+00
1.48603175e+00
1.49057387e+00
1.49814408e+00
1.50192918e+00
1.49057387e+00
1.49587302e+00
1.48073260e+00
1.49511600e+00
1.49208791e+00
1.47543346e+00
1.47694750e+00
1.48678877e+00
1.51025641e+00
1.46256410e+00
1.47770452e+00
1.48905983e+00
1.50344322e+00
1.48830281e+00
1.46862027e+00
1.47543346e+00
1.51025641e+00
1.48905983e+00
1.49208791e+00
1.50571429e+00
1.47467643e+00
1.46634921e+00
1.47240537e+00
1.47694750e+00
1.48603175e+00
1.46937729e+00
1.48981685e+00
1.44893773e+00
1.45953602e+00
1.47164835e+00
1.47694750e+00
1.46407814e+00
1.47543346e+00
1.48830281e+00
1.50268620e+00
1.47619048e+00
1.47694750e+00
1.48905983e+00
1.48754579e+00
1.48376068e+00
1.48073260e+00
1.51631258e+00
1.51858364e+00
1.46710623e+00
1.47013431e+00
1.47846154e+00
1.51101343e+00
1.47164835e+00
1.47997558e+00
1.50268620e+00
1.44515263e+00
1.47694750e+00
1.48603175e+00
1.49360195e+00
1.48376068e+00
1.49360195e+00
1.48830281e+00
1.50192918e+00
1.47846154e+00
1.47694750e+00
1.51177045e+00
1.48300366e+00
1.47391941e+00
1.48376068e+00
1.41865690e+00
1.49435897e+00
1.48224664e+00
1.47316239e+00
1.48073260e+00
1.47164835e+00
1.47921856e+00
1.49057387e+00
1.48830281e+00
1.49208791e+00
1.53221001e+00
1.45877900e+00
1.46105006e+00
1.51252747e+00
1.44818071e+00
1.48451770e+00
1.48905983e+00
1.48376068e+00
1.49133089e+00
1.49360195e+00
1.48603175e+00
1.49133089e+00
1.49814408e+00
1.47694750e+00
1.48224664e+00
1.48754579e+00
1.50344322e+00
1.47770452e+00
1.45423687e+00
1.48603175e+00
1.48603175e+00
1.50344322e+00
1.47316239e+00
1.48754579e+00
1.48830281e+00
1.51025641e+00
1.49208791e+00
1.46937729e+00
1.46559219e+00
1.48678877e+00
1.46786325e+00
1.47846154e+00
1.46483516e+00
1.47013431e+00
1.47694750e+00
1.47467643e+00
1.50495726e+00
1.48451770e+00
1.49360195e+00
1.48224664e+00
1.44590965e+00
1.49965812e+00
1.49663004e+00
1.49284493e+00
1.48830281e+00
1.48224664e+00
1.48527473e+00
1.48376068e+00
1.48224664e+00
1.47467643e+00
1.49587302e+00
1.50117216e+00
1.45650794e+00
1.45575092e+00
1.51025641e+00
1.48073260e+00
1.51404151e+00
1.47619048e+00
1.45045177e+00
1.47467643e+00
1.47619048e+00
1.48224664e+00
1.48603175e+00
1.47543346e+00
1.48678877e+00
1.47316239e+00
1.47997558e+00
1.47316239e+00
1.50722833e+00
1.45272283e+00
1.47997558e+00
1.48300366e+00
1.46937729e+00
1.46256410e+00
1.48073260e+00
1.45423687e+00
1.51328449e+00
1.47997558e+00
1.48451770e+00
1.49057387e+00
1.47921856e+00
1.49284493e+00
1.48905983e+00
1.47846154e+00
1.48603175e+00
1.49587302e+00
1.47846154e+00
1.50041514e+00
1.48376068e+00
1.49057387e+00
1.47770452e+00
1.51631258e+00
1.50571429e+00
1.48830281e+00
1.48678877e+00
1.49208791e+00
1.49208791e+00
1.49587302e+00
1.47543346e+00
1.49208791e+00
1.48527473e+00
1.50722833e+00
1.53372405e+00
1.48981685e+00
1.48754579e+00
1.49435897e+00
1.46180708e+00
1.48451770e+00
1.49133089e+00
1.47694750e+00
1.47467643e+00
1.46634921e+00
1.48603175e+00
1.48451770e+00
1.48527473e+00
1.46862027e+00
1.47997558e+00
1.48905983e+00
1.47240537e+00
1.51252747e+00
1.51782662e+00
1.50117216e+00
1.50117216e+00
1.49587302e+00
1.51631258e+00
1.49284493e+00
1.48376068e+00
1.49890110e+00
1.49435897e+00
1.49057387e+00
1.48603175e+00
1.47467643e+00
1.49435897e+00
1.47846154e+00
1.46710623e+00
1.47467643e+00
1.48830281e+00
1.48073260e+00
1.47846154e+00
1.48603175e+00
1.48527473e+00
1.49511600e+00
1.51328449e+00
1.47846154e+00
1.47694750e+00
1.46483516e+00
1.47921856e+00
1.47316239e+00
1.47770452e+00
1.47391941e+00
1.48678877e+00
1.44818071e+00
1.48300366e+00
1.48678877e+00
1.47694750e+00
1.45953602e+00
1.44893773e+00
1.48148962e+00
1.52161172e+00
1.48603175e+00
1.48830281e+00
1.47997558e+00
1.49284493e+00
1.49057387e+00
1.50495726e+00
1.47997558e+00
1.49435897e+00
1.51631258e+00
1.51252747e+00
1.48148962e+00
1.48905983e+00
1.48527473e+00
1.50949939e+00
1.49587302e+00
1.48905983e+00
1.53145299e+00
1.48376068e+00
1.47619048e+00
1.47921856e+00
1.48224664e+00
1.48830281e+00
1.48603175e+00
1.48981685e+00
1.47846154e+00
1.47921856e+00
1.47619048e+00
1.53221001e+00
1.51404151e+00
1.47846154e+00
1.51252747e+00
1.47013431e+00
1.46483516e+00
1.52085470e+00
1.46180708e+00
1.48905983e+00
1.48300366e+00
1.48603175e+00
1.48300366e+00
1.49133089e+00
1.48830281e+00
1.48451770e+00
1.48981685e+00
1.48678877e+00
1.47391941e+00
1.49057387e+00
1.48981685e+00
1.48376068e+00
1.49057387e+00
1.47770452e+00
1.49208791e+00
1.49208791e+00
1.47846154e+00
1.48603175e+00
1.48981685e+00
1.46105006e+00
1.48830281e+00
1.48905983e+00
1.49435897e+00
1.49738706e+00
1.48148962e+00
1.43682540e+00
1.48754579e+00
1.45802198e+00
1.46786325e+00
1.46483516e+00
1.49133089e+00
1.48905983e+00
1.48300366e+00
1.47997558e+00
1.47391941e+00
1.47694750e+00
1.46407814e+00
1.48754579e+00
1.47467643e+00
1.48300366e+00
1.46332112e+00
1.50495726e+00
1.49738706e+00
1.48830281e+00
1.47921856e+00
1.47694750e+00
1.47013431e+00
1.48300366e+00
1.49208791e+00
1.48603175e+00
1.47846154e+00
1.48300366e+00
1.52615385e+00
1.48905983e+00
1.48603175e+00
1.48981685e+00
1.46407814e+00
1.52236874e+00
1.49133089e+00
1.49133089e+00
1.48981685e+00
1.52085470e+00
1.51404151e+00
1.51404151e+00
1.50117216e+00
1.48224664e+00
1.47543346e+00
1.49360195e+00
1.49208791e+00
1.49284493e+00
1.49814408e+00
1.49435897e+00
1.46786325e+00
1.48300366e+00
1.46786325e+00
1.47240537e+00
1.47240537e+00
1.51706960e+00
1.47089133e+00
1.48754579e+00
1.48376068e+00
1.48224664e+00
1.47921856e+00
1.47619048e+00
1.47316239e+00
1.48754579e+00
1.49208791e+00
1.48527473e+00
1.47921856e+00
1.50495726e+00
1.45575092e+00
1.46786325e+00
1.48148962e+00
1.49738706e+00
1.48376068e+00
1.45650794e+00
1.48981685e+00
1.50647131e+00
1.47543346e+00
1.46862027e+00
1.47619048e+00
1.48148962e+00
1.48678877e+00
1.49208791e+00
1.47619048e+00
1.48300366e+00
1.48527473e+00
1.49965812e+00
1.46256410e+00
1.47467643e+00
1.51555556e+00
1.52161172e+00
1.47997558e+00
1.38383394e+00
1.46483516e+00
1.48830281e+00
1.48905983e+00
1.47997558e+00
1.47619048e+00
1.47240537e+00
1.47997558e+00
1.48073260e+00
1.45272283e+00
1.50571429e+00
1.47997558e+00
1.51479853e+00
1.46559219e+00
1.48148962e+00
1.40351648e+00
1.46180708e+00
1.49587302e+00
1.50798535e+00
1.47240537e+00
1.49208791e+00
1.49284493e+00
1.49284493e+00
1.48148962e+00
1.49360195e+00
1.47164835e+00
1.49208791e+00
1.47694750e+00
1.47543346e+00
1.48830281e+00
1.47694750e+00
1.49738706e+00
1.52085470e+00
1.48603175e+00
1.49057387e+00
1.48905983e+00
1.49511600e+00
1.49208791e+00
1.48148962e+00
1.50344322e+00
1.48603175e+00
1.48527473e+00
1.45272283e+00
1.47846154e+00
1.47694750e+00
1.53750916e+00
1.50041514e+00
1.46483516e+00
1.47694750e+00
1.47013431e+00
1.50344322e+00
1.48073260e+00
1.48905983e+00
1.47391941e+00
1.47164835e+00
1.48905983e+00
1.47013431e+00
1.48905983e+00
1.47846154e+00
1.45802198e+00
1.48678877e+00
1.49511600e+00
1.47619048e+00
1.48678877e+00
1.49133089e+00
1.50192918e+00
1.48224664e+00
1.49511600e+00
1.48451770e+00
1.48981685e+00
1.49663004e+00
1.47770452e+00
1.48678877e+00
1.48224664e+00
1.48300366e+00
1.48073260e+00
1.48376068e+00
1.49738706e+00
1.46786325e+00
1.51479853e+00
1.48224664e+00
1.48830281e+00
1.49890110e+00
1.49133089e+00
1.48527473e+00
1.47921856e+00
1.47391941e+00
1.47164835e+00
1.47997558e+00
1.47543346e+00
1.48224664e+00
1.48830281e+00
1.47846154e+00
1.49890110e+00
1.46256410e+00
1.49435897e+00
1.46937729e+00
1.48603175e+00
1.44893773e+00
1.52539683e+00
1.49133089e+00
1.50268620e+00
1.49133089e+00
1.49965812e+00
1.49284493e+00
1.48148962e+00
1.48603175e+00
1.49208791e+00
1.49284493e+00
1.50344322e+00
1.49208791e+00
1.52236874e+00
1.51858364e+00
1.48527473e+00
1.48376068e+00
1.51782662e+00
1.48073260e+00
1.47997558e+00
1.48981685e+00
1.47543346e+00
1.48148962e+00
1.48224664e+00
1.50949939e+00
1.48981685e+00
1.47164835e+00
1.48300366e+00
1.48830281e+00
1.47543346e+00
1.48224664e+00
1.43304029e+00
1.48300366e+00
1.46256410e+00
1.47694750e+00
1.42471306e+00
1.47543346e+00
1.47694750e+00
1.48300366e+00
1.48754579e+00
1.48603175e+00
1.47694750e+00
1.48678877e+00
1.47694750e+00
1.49511600e+00
1.45196581e+00
1.47316239e+00
1.49587302e+00
1.49133089e+00
1.46483516e+00
1.51025641e+00
1.48376068e+00
1.47089133e+00
1.51177045e+00
1.47770452e+00
1.49511600e+00
1.49208791e+00
1.47997558e+00
1.49057387e+00
1.49511600e+00
1.48678877e+00
1.48905983e+00
1.48451770e+00
1.48451770e+00
1.47770452e+00
1.47921856e+00
1.46786325e+00
1.46786325e+00
1.51858364e+00
1.49511600e+00
1.47391941e+00
1.47694750e+00
1.48981685e+00
1.49511600e+00
1.47316239e+00
1.47619048e+00
1.49208791e+00
1.49587302e+00
1.47316239e+00
1.50268620e+00
1.48148962e+00
1.46559219e+00
1.49435897e+00
1.47391941e+00
1.46862027e+00
1.47391941e+00
1.48830281e+00
1.48905983e+00
1.48073260e+00
1.48678877e+00
1.50041514e+00
1.49133089e+00
1.51328449e+00
1.50117216e+00
1.47997558e+00
1.48451770e+00
1.52009768e+00
1.49814408e+00
1.51631258e+00
1.49208791e+00
1.48224664e+00
1.49360195e+00
1.47694750e+00
1.46332112e+00
1.48451770e+00
1.48300366e+00
1.47694750e+00
1.47543346e+00
1.47164835e+00
1.47694750e+00
1.47619048e+00
1.52312576e+00
1.52388278e+00
1.44969475e+00
1.48754579e+00
1.47846154e+00
1.47619048e+00
1.48527473e+00
1.52539683e+00
1.52388278e+00
1.47316239e+00
1.49360195e+00
1.49587302e+00
1.47467643e+00
1.48678877e+00
1.48148962e+00
1.48451770e+00
1.50571429e+00
1.46407814e+00
1.49890110e+00
1.47694750e+00
1.47997558e+00
1.47997558e+00
1.49057387e+00
1.52463980e+00
1.47164835e+00
1.46862027e+00
1.47619048e+00
1.49208791e+00
1.48224664e+00
1.48830281e+00
1.48300366e+00
1.48224664e+00
1.47921856e+00
1.48830281e+00
1.50117216e+00
1.48073260e+00
1.48073260e+00
1.51858364e+00
1.50117216e+00
1.46256410e+00
1.48073260e+00
1.48981685e+00
1.48905983e+00
1.47694750e+00
1.48603175e+00
1.48754579e+00
1.47997558e+00
1.48073260e+00
1.50117216e+00
1.47543346e+00
1.47770452e+00
1.52388278e+00
1.50041514e+00
1.49663004e+00
1.48073260e+00
1.50647131e+00
1.48754579e+00
1.48905983e+00
1.54280830e+00
1.49133089e+00
1.47543346e+00
1.49360195e+00
1.49435897e+00
1.48603175e+00
1.48830281e+00
1.46256410e+00
1.51631258e+00
1.46105006e+00
1.49133089e+00
1.47391941e+00
1.43304029e+00
1.48148962e+00
1.49208791e+00
1.48300366e+00
1.46483516e+00
1.48603175e+00
1.46332112e+00
1.46256410e+00
1.48527473e+00
1.47240537e+00
1.48376068e+00
1.48451770e+00
1.49814408e+00
1.47846154e+00
1.46407814e+00
1.49511600e+00
1.47316239e+00
1.48376068e+00
1.47997558e+00
1.47921856e+00
1.48224664e+00
1.47997558e+00
1.48300366e+00
1.48678877e+00
1.49057387e+00
1.49284493e+00
1.48754579e+00
1.47770452e+00
1.48300366e+00
1.48073260e+00
1.50041514e+00
1.49587302e+00
1.47013431e+00
1.49208791e+00
1.51479853e+00
1.51858364e+00
1.48603175e+00
1.47694750e+00
1.52161172e+00
1.48527473e+00
1.47619048e+00
1.48527473e+00
1.48603175e+00
1.47391941e+00
1.48603175e+00
1.47240537e+00
1.48073260e+00
1.45650794e+00
1.47619048e+00
1.47694750e+00
1.47694750e+00
1.47997558e+00
1.48603175e+00
1.46710623e+00
1.48603175e+00
1.49435897e+00
1.48981685e+00
1.48981685e+00
1.47921856e+00
1.47846154e+00
1.48678877e+00
1.49511600e+00
1.48451770e+00
1.46105006e+00
1.46786325e+00
1.49814408e+00
1.46786325e+00
1.44288156e+00
1.47997558e+00
1.48830281e+00
1.53978022e+00
1.48451770e+00
1.47619048e+00
1.49738706e+00
1.48451770e+00
1.48376068e+00
1.47694750e+00
1.48905983e+00
1.48527473e+00
1.45575092e+00
1.47694750e+00
1.47013431e+00
1.47391941e+00
1.47316239e+00
1.48905983e+00
1.46710623e+00
1.49208791e+00
1.47164835e+00
1.47316239e+00
1.48300366e+00
1.47846154e+00
1.47694750e+00
1.48678877e+00
1.46483516e+00
1.48981685e+00
1.47770452e+00
1.48830281e+00
1.48830281e+00
1.47694750e+00
1.48451770e+00
1.45650794e+00
1.49360195e+00
1.48678877e+00
1.47846154e+00
1.51858364e+00
1.48905983e+00
1.47997558e+00
1.47770452e+00
1.49511600e+00
1.48376068e+00
1.47013431e+00
1.47770452e+00
1.50420024e+00
1.48527473e+00
1.47543346e+00
1.49284493e+00
1.46786325e+00
1.51782662e+00
1.48300366e+00
1.48300366e+00
1.48603175e+00
1.47164835e+00
1.48905983e+00
1.47921856e+00
1.48376068e+00
1.46634921e+00
1.48224664e+00
1.48527473e+00
1.47316239e+00
1.50420024e+00
1.45575092e+00
1.49738706e+00
1.45877900e+00
1.47391941e+00
1.50949939e+00
1.47921856e+00
1.48830281e+00
1.48678877e+00
1.49284493e+00
1.48981685e+00
1.47240537e+00
1.49814408e+00
1.47694750e+00
1.48300366e+00
1.49587302e+00
1.51177045e+00
1.50874237e+00
1.49587302e+00
1.49208791e+00
1.47467643e+00
1.50041514e+00
1.49511600e+00
1.49587302e+00
1.48073260e+00
1.48527473e+00
1.49284493e+00
1.49814408e+00
1.49057387e+00
1.48678877e+00
1.48603175e+00
1.47619048e+00
1.48527473e+00
1.48451770e+00
1.51252747e+00
1.50117216e+00
1.48073260e+00
1.47240537e+00
1.47164835e+00
1.47164835e+00
1.48073260e+00
1.49208791e+00
1.48073260e+00
1.47543346e+00
1.48603175e+00
1.47694750e+00
1.46407814e+00
1.48300366e+00
1.47997558e+00
1.47619048e+00
1.48603175e+00
1.51025641e+00
1.48905983e+00
1.48376068e+00
1.45423687e+00
1.48905983e+00
1.48754579e+00
1.47846154e+00
1.49890110e+00
1.46710623e+00
1.48451770e+00
1.48376068e+00
1.48905983e+00
1.48224664e+00
1.47013431e+00
1.47997558e+00
1.47543346e+00
1.47543346e+00
1.50420024e+00
1.47997558e+00
1.53221001e+00
1.50495726e+00
1.46407814e+00
1.48527473e+00
1.47543346e+00
1.48376068e+00
1.47316239e+00
1.47089133e+00
1.46937729e+00
1.47391941e+00
1.46862027e+00
1.45650794e+00
1.48451770e+00
1.43076923e+00
1.46559219e+00
1.51252747e+00
1.48754579e+00
1.48981685e+00
1.48451770e+00
1.47997558e+00
1.50722833e+00
1.48224664e+00
1.50041514e+00
1.48603175e+00
1.49133089e+00
1.46937729e+00
1.47543346e+00
1.47921856e+00
1.48905983e+00
1.49814408e+00
1.50874237e+00
1.48300366e+00
1.48300366e+00
1.49814408e+00
1.49133089e+00
1.53145299e+00
1.48603175e+00
1.51631258e+00
1.51555556e+00
1.47997558e+00
1.48678877e+00
1.48981685e+00
1.46710623e+00
1.48527473e+00
1.46786325e+00
1.46710623e+00
1.49284493e+00
1.45726496e+00
1.47013431e+00
1.48678877e+00
1.50647131e+00
1.48603175e+00
1.47089133e+00
1.47164835e+00
1.50722833e+00
1.47846154e+00
1.48073260e+00
1.47997558e+00
1.49208791e+00
1.48603175e+00
1.48905983e+00
1.47467643e+00
1.48527473e+00
1.45953602e+00
1.49587302e+00
1.53145299e+00
1.50420024e+00
1.50117216e+00
1.52918193e+00
1.50874237e+00
1.48451770e+00
1.49435897e+00
1.50571429e+00
1.47619048e+00
1.51555556e+00
1.49133089e+00
1.47997558e+00
1.50117216e+00
1.47316239e+00
1.47846154e+00
1.47089133e+00
1.49208791e+00
1.51858364e+00
1.47694750e+00
1.49208791e+00
1.47997558e+00
1.47997558e+00
1.48376068e+00
1.45650794e+00
1.45953602e+00
1.48830281e+00
1.47543346e+00
1.48754579e+00
1.47846154e+00
1.47013431e+00
1.48300366e+00
1.44439560e+00
1.45726496e+00
1.50117216e+00
1.51934066e+00
1.48527473e+00
1.47694750e+00
1.48905983e+00
1.42395604e+00
1.48451770e+00
1.50495726e+00
1.47997558e+00
1.48678877e+00
1.47694750e+00
1.48603175e+00
1.50495726e+00
1.48905983e+00
1.49511600e+00
1.51706960e+00
1.49133089e+00
1.43985348e+00
1.40957265e+00
1.47846154e+00
1.47240537e+00
1.47770452e+00
1.47089133e+00
1.48148962e+00
1.48148962e+00
1.47921856e+00
1.48376068e+00
1.47467643e+00
1.47240537e+00
1.49133089e+00
1.44818071e+00
1.48224664e+00
1.46937729e+00
1.50117216e+00
1.48830281e+00
1.49587302e+00
1.48603175e+00
1.48905983e+00
1.49587302e+00
1.51858364e+00
1.47240537e+00
1.47391941e+00
1.48073260e+00
1.48073260e+00
1.45953602e+00
1.48754579e+00
1.48451770e+00
1.47694750e+00
1.48905983e+00
1.48073260e+00
1.49511600e+00
1.48376068e+00
1.49435897e+00
1.48981685e+00
1.47391941e+00
1.47619048e+00
1.47619048e+00
1.49511600e+00
1.49133089e+00
1.48224664e+00
1.48148962e+00
1.48376068e+00
1.47694750e+00
1.47619048e+00
1.48981685e+00
1.46332112e+00
1.50420024e+00
1.53902320e+00
1.43606838e+00
1.51782662e+00
1.48981685e+00
1.48905983e+00
1.50344322e+00
1.47013431e+00
1.45272283e+00
1.48376068e+00
1.47694750e+00
1.47846154e+00
1.48451770e+00
1.47164835e+00
1.47543346e+00
1.49511600e+00
1.46559219e+00
1.53145299e+00
1.46559219e+00
1.49890110e+00
1.49057387e+00
1.47543346e+00
1.51934066e+00
1.48376068e+00
1.51404151e+00
1.48603175e+00
1.50041514e+00
1.48905983e+00
1.49814408e+00
1.49511600e+00
1.47694750e+00
1.50117216e+00
1.47391941e+00
1.49890110e+00
1.51858364e+00
1.50344322e+00
1.48830281e+00
1.42774115e+00
1.48830281e+00
1.49663004e+00
1.48678877e+00
1.52236874e+00
1.47316239e+00
1.47619048e+00
1.47391941e+00
1.47240537e+00
1.46786325e+00
1.47770452e+00
1.48376068e+00
1.49814408e+00
1.47467643e+00
1.47467643e+00
1.45499389e+00
1.46937729e+00
1.47316239e+00
1.47997558e+00
1.50117216e+00
1.48678877e+00
1.49284493e+00
1.48224664e+00
1.47846154e+00
1.48073260e+00
1.47694750e+00
1.49511600e+00
1.48981685e+00
1.47164835e+00
1.45196581e+00
1.49435897e+00
1.47089133e+00
1.50874237e+00
1.48754579e+00
1.48376068e+00
1.48376068e+00
1.46407814e+00
1.47846154e+00
1.49133089e+00
1.48224664e+00
1.47846154e+00
1.48678877e+00
1.47921856e+00
1.48603175e+00
1.48603175e+00
1.48527473e+00
1.46105006e+00
1.47770452e+00
1.53750916e+00
1.45423687e+00
1.48148962e+00
1.48905983e+00
1.48678877e+00
1.46332112e+00
1.49890110e+00
1.48527473e+00
1.47997558e+00
1.46710623e+00
1.47089133e+00
1.47543346e+00
1.48300366e+00
1.49511600e+00
1.46710623e+00
1.47543346e+00
1.49133089e+00
1.47391941e+00
1.48905983e+00
1.48073260e+00
1.49360195e+00
1.47694750e+00
1.48148962e+00
1.51025641e+00
1.49890110e+00
1.47467643e+00
1.48905983e+00
1.47846154e+00
1.47846154e+00
1.51177045e+00
1.48527473e+00
1.45575092e+00
1.47164835e+00
1.47089133e+00
1.49133089e+00
1.49057387e+00
1.46256410e+00
1.49435897e+00
1.49814408e+00
1.48300366e+00
1.47997558e+00
1.48376068e+00
1.48527473e+00
1.46180708e+00
1.47619048e+00
1.46180708e+00
1.48148962e+00
1.49360195e+00
1.49133089e+00
1.50041514e+00
1.50874237e+00
1.46786325e+00
1.50874237e+00
1.45272283e+00
1.45272283e+00
1.45272283e+00
1.45120879e+00
1.48830281e+00
1.48603175e+00
1.47619048e+00
1.49663004e+00
1.48905983e+00
1.48981685e+00
1.47921856e+00
1.54205128e+00
1.47846154e+00
1.52539683e+00
1.51479853e+00
1.49284493e+00
1.48224664e+00
1.48073260e+00
1.46786325e+00
1.49738706e+00
1.47921856e+00
1.47694750e+00
1.47846154e+00
1.48451770e+00
1.49208791e+00
1.47240537e+00
1.47921856e+00
1.49435897e+00
1.46937729e+00
1.45423687e+00
1.50949939e+00
1.48073260e+00
1.47619048e+00
1.49360195e+00
1.48451770e+00
1.51631258e+00
1.47391941e+00
1.46786325e+00
1.47694750e+00
1.47543346e+00
1.47846154e+00
1.46710623e+00
1.48376068e+00
1.47240537e+00
1.48224664e+00
1.53221001e+00
1.49435897e+00
1.48300366e+00
1.47619048e+00
1.49890110e+00
1.52918193e+00
1.48073260e+00
1.45877900e+00
1.50571429e+00
1.48148962e+00
1.49057387e+00
1.48678877e+00
1.49435897e+00
1.49133089e+00
1.47770452e+00
1.44818071e+00
1.49511600e+00
1.48376068e+00
1.49965812e+00
1.45196581e+00
1.48678877e+00
1.48905983e+00
1.45272283e+00
1.48148962e+00
1.46862027e+00
1.47694750e+00
1.48300366e+00
1.46786325e+00
1.47997558e+00
1.48073260e+00
1.48451770e+00
1.49435897e+00
1.47543346e+00
1.46483516e+00
1.48224664e+00
1.50344322e+00
1.47997558e+00
1.47467643e+00
1.49208791e+00
1.48678877e+00
1.47391941e+00
1.44818071e+00
1.49057387e+00
1.48148962e+00
1.49057387e+00
1.48376068e+00
1.50041514e+00
1.48300366e+00
1.47997558e+00
1.48300366e+00
1.48905983e+00
1.44515263e+00
1.47921856e+00
1.44590965e+00
1.47089133e+00
1.51177045e+00
1.44666667e+00
1.47164835e+00
1.49511600e+00
1.47921856e+00
1.47997558e+00
1.49133089e+00
1.48300366e+00
1.48527473e+00
1.46786325e+00
1.48603175e+00
1.48073260e+00
1.46559219e+00
1.47391941e+00
1.49360195e+00
1.47240537e+00
1.49133089e+00
1.50495726e+00
1.47391941e+00
1.49284493e+00
1.46862027e+00
1.48905983e+00
1.49738706e+00
1.47467643e+00
1.48678877e+00
1.47921856e+00
1.48905983e+00
1.46407814e+00
1.46029304e+00
1.49435897e+00
1.48603175e+00
1.48905983e+00
1.47391941e+00
1.48754579e+00
1.47467643e+00
1.51101343e+00
1.47543346e+00
1.49663004e+00
1.49511600e+00
1.45726496e+00
1.49435897e+00
1.48754579e+00
1.48224664e+00
1.47391941e+00
1.48148962e+00
1.46483516e+00
1.49738706e+00
1.51177045e+00
1.47391941e+00
1.46483516e+00
1.47013431e+00
1.45272283e+00
1.51025641e+00
1.46937729e+00
1.48603175e+00
1.47013431e+00
1.46407814e+00
1.46029304e+00
1.47694750e+00
1.47619048e+00
1.43228327e+00
1.46710623e+00
1.47997558e+00
1.48300366e+00
1.47467643e+00
1.41941392e+00
1.49284493e+00
1.57460317e+00
1.50647131e+00
1.49284493e+00
1.51328449e+00
1.48905983e+00
1.49738706e+00
1.48073260e+00
1.47846154e+00
1.49587302e+00
1.48451770e+00
1.49133089e+00
1.48073260e+00
1.45347985e+00
1.50117216e+00
1.46180708e+00
1.52161172e+00
1.43909646e+00
1.48905983e+00
1.47846154e+00
1.48376068e+00
1.48527473e+00
1.48148962e+00
1.43682540e+00
1.48905983e+00
1.48300366e+00
1.48300366e+00
1.49738706e+00
1.49511600e+00
1.51479853e+00
1.48981685e+00
1.50874237e+00
1.47467643e+00
1.48830281e+00
1.47997558e+00
1.47467643e+00
1.47846154e+00
1.48376068e+00
1.49738706e+00
1.49587302e+00
1.48451770e+00
1.49133089e+00
1.48527473e+00
1.49663004e+00
1.48148962e+00
1.46559219e+00
1.51631258e+00
1.51706960e+00
1.48905983e+00
1.47391941e+00
1.48376068e+00
1.45272283e+00
1.51706960e+00
1.48376068e+00
1.48224664e+00
1.49133089e+00
1.50874237e+00
1.47770452e+00
1.48603175e+00
1.47391941e+00
1.48678877e+00
1.47694750e+00
1.49587302e+00
1.46332112e+00
1.50420024e+00
1.47997558e+00
1.43758242e+00
1.45120879e+00
1.47013431e+00
1.48376068e+00
1.47694750e+00
1.47164835e+00
1.48527473e+00
1.48830281e+00
1.47619048e+00
1.49435897e+00
1.47391941e+00
1.47846154e+00
1.47013431e+00
1.47770452e+00
1.48376068e+00
1.48224664e+00
1.47997558e+00
1.48905983e+00
1.49587302e+00
1.47770452e+00
1.52236874e+00
1.49360195e+00
1.48300366e+00
1.47164835e+00
1.49208791e+00
1.49435897e+00
1.49738706e+00
1.48376068e+00
1.51328449e+00
1.47921856e+00
1.50874237e+00
1.49511600e+00
1.48073260e+00
1.48451770e+00
1.57157509e+00
1.48376068e+00
1.48981685e+00
1.52236874e+00
1.46937729e+00
1.46862027e+00
1.47013431e+00
1.48830281e+00
1.47694750e+00
1.48527473e+00
1.47316239e+00
1.45650794e+00
1.47619048e+00
1.48224664e+00
1.50344322e+00
1.48830281e+00
1.47164835e+00
1.51782662e+00
1.50344322e+00
1.51858364e+00
1.47013431e+00
1.49890110e+00
1.47770452e+00
1.48905983e+00
1.48981685e+00
1.48754579e+00
1.46710623e+00
1.49511600e+00
1.49133089e+00
1.49284493e+00
1.47089133e+00
1.46862027e+00
1.49133089e+00
1.47391941e+00
1.52161172e+00
1.47846154e+00
1.48376068e+00
1.47013431e+00
1.47997558e+00
1.47391941e+00
1.49284493e+00
1.48224664e+00
1.47694750e+00
1.47240537e+00
1.45045177e+00
1.45953602e+00
1.50571429e+00
1.51858364e+00
1.47089133e+00
1.47164835e+00
1.49208791e+00
1.47240537e+00
1.47316239e+00
1.47467643e+00
1.48148962e+00
1.47316239e+00
1.47997558e+00
1.48300366e+00
1.46937729e+00
1.48148962e+00
1.47694750e+00
1.51782662e+00
1.48830281e+00
1.50117216e+00
1.47089133e+00
1.48376068e+00
1.46710623e+00
1.48451770e+00
1.49360195e+00
1.49814408e+00
1.49057387e+00
1.48376068e+00
1.48148962e+00
1.48905983e+00
1.47921856e+00
1.49511600e+00
1.49965812e+00
1.47997558e+00
1.47694750e+00
1.54810745e+00
1.48754579e+00
1.47694750e+00
1.49284493e+00
1.46105006e+00
1.47619048e+00
1.47316239e+00
1.47467643e+00
1.48603175e+00
1.48376068e+00
1.49057387e+00
1.46786325e+00
1.47997558e+00
1.47619048e+00
1.47997558e+00
1.49738706e+00
1.45802198e+00
1.47997558e+00
1.48905983e+00
1.48678877e+00
1.44742369e+00
1.49814408e+00
1.47391941e+00
1.46256410e+00
1.48754579e+00
1.50495726e+00
1.47316239e+00
1.49587302e+00
1.48073260e+00
1.47619048e+00
1.47619048e+00
1.47770452e+00
1.47997558e+00
1.49814408e+00
1.45726496e+00
1.48224664e+00
1.58293040e+00
1.48981685e+00
1.51025641e+00
1.50571429e+00
1.47921856e+00
1.47694750e+00
1.47997558e+00
1.48224664e+00
1.48451770e+00
1.47240537e+00
1.47467643e+00
1.46256410e+00
1.47467643e+00
1.44590965e+00
1.50571429e+00
1.47467643e+00
1.48830281e+00
1.48224664e+00
1.45120879e+00
1.47089133e+00
1.49890110e+00
1.47164835e+00
1.47921856e+00
1.48603175e+00
1.48905983e+00
1.47619048e+00
1.49360195e+00
1.49511600e+00
1.48073260e+00
1.49511600e+00
1.47467643e+00
1.51706960e+00
1.43833944e+00
1.49663004e+00
1.49890110e+00
1.46483516e+00
1.47921856e+00
1.49435897e+00
1.48073260e+00
1.47921856e+00
1.49208791e+00
1.49208791e+00
1.49360195e+00
1.49360195e+00
1.48905983e+00
1.49511600e+00
1.46256410e+00
1.46786325e+00
1.45045177e+00
1.47164835e+00
1.47240537e+00
1.47164835e+00
1.47921856e+00
1.47543346e+00
1.50117216e+00
1.46483516e+00
1.47240537e+00
1.49208791e+00
1.47467643e+00
1.48603175e+00
1.48451770e+00
1.48451770e+00
1.48073260e+00
1.51025641e+00
1.51555556e+00
1.47316239e+00
1.50798535e+00
1.48451770e+00
1.47543346e+00
1.49284493e+00
1.46559219e+00
1.49284493e+00
1.49738706e+00
1.48830281e+00
1.49435897e+00
1.48981685e+00
1.49360195e+00
1.49360195e+00
1.47770452e+00
1.47467643e+00
1.47997558e+00
1.50495726e+00
1.47316239e+00
1.48905983e+00
1.49133089e+00
1.49208791e+00
1.49208791e+00
1.49284493e+00
1.46634921e+00
1.47543346e+00
1.47089133e+00
1.46559219e+00
1.46862027e+00
1.46710623e+00
1.48981685e+00
1.46862027e+00
1.46180708e+00
1.51631258e+00
1.46332112e+00
1.47694750e+00
1.48073260e+00
1.45953602e+00
1.47391941e+00
1.48981685e+00
1.48300366e+00
1.50722833e+00
1.48678877e+00
1.47997558e+00
1.49435897e+00
1.50571429e+00
1.48148962e+00
1.48603175e+00
1.48300366e+00
1.49511600e+00
1.48224664e+00
1.49663004e+00
1.48981685e+00
1.53221001e+00
1.48830281e+00
1.49133089e+00
1.45726496e+00
1.47694750e+00
1.50192918e+00
1.48224664e+00
1.49208791e+00
1.46634921e+00
1.48830281e+00
1.48300366e+00
1.49511600e+00
1.47240537e+00
1.46483516e+00
1.50722833e+00
1.50344322e+00
1.49738706e+00
1.47619048e+00
1.41562882e+00
1.48603175e+00
1.46862027e+00
1.50949939e+00
1.47997558e+00
1.47391941e+00
1.47921856e+00
1.49435897e+00
1.48603175e+00
1.48527473e+00
1.49738706e+00
1.45272283e+00
1.49587302e+00
1.48603175e+00
1.47013431e+00
1.52918193e+00
1.52085470e+00
1.49360195e+00
1.48830281e+00
1.47467643e+00
1.47694750e+00
1.49435897e+00
1.49511600e+00
1.49208791e+00
1.49511600e+00
1.49208791e+00
1.51177045e+00
1.47921856e+00
1.48073260e+00
1.47164835e+00
1.47921856e+00
1.46786325e+00
1.50420024e+00
1.47619048e+00
1.47694750e+00
1.47619048e+00
1.46407814e+00
1.47694750e+00
1.48603175e+00
1.48073260e+00
1.47013431e+00
1.47543346e+00
1.46862027e+00
1.47921856e+00
1.44969475e+00
1.46407814e+00
1.48073260e+00
1.47619048e+00
1.46029304e+00
1.47921856e+00
1.47997558e+00
1.44515263e+00
1.46407814e+00
1.48073260e+00
1.48224664e+00
1.49511600e+00
1.47997558e+00
1.47997558e+00
1.47770452e+00
1.49360195e+00
1.49133089e+00
1.48073260e+00
1.46105006e+00
1.48376068e+00
1.48148962e+00
1.46180708e+00
1.47694750e+00
1.48981685e+00
1.46862027e+00
1.46937729e+00
1.50117216e+00
1.47467643e+00
1.48678877e+00
1.48300366e+00
1.48300366e+00
1.47846154e+00
1.47997558e+00
1.46937729e+00
1.48754579e+00
1.48678877e+00
1.49360195e+00
1.47846154e+00
1.45423687e+00
1.48678877e+00
1.50041514e+00
1.45953602e+00
1.49284493e+00
1.49511600e+00
1.49738706e+00
1.48754579e+00
1.48905983e+00
1.48527473e+00
1.48905983e+00
1.48754579e+00
1.47467643e+00
1.50041514e+00
1.51934066e+00
1.52388278e+00
1.47467643e+00
1.47997558e+00
1.49738706e+00
1.49587302e+00
1.46029304e+00
1.49738706e+00
1.48603175e+00
1.47846154e+00
1.47770452e+00
1.48300366e+00
1.47089133e+00
1.48300366e+00
1.50117216e+00
1.48451770e+00
1.47619048e+00
1.47694750e+00
1.46029304e+00
1.46937729e+00
1.48830281e+00
1.47467643e+00
1.52539683e+00
1.46559219e+00
1.46710623e+00
1.48603175e+00
1.48148962e+00
1.48300366e+00
1.47316239e+00
1.49511600e+00
1.47846154e+00
1.46710623e+00
1.48224664e+00
1.47997558e+00
1.47921856e+00
1.45650794e+00
1.49435897e+00
1.46105006e+00
1.47846154e+00
1.45650794e+00
1.48830281e+00
1.48905983e+00
1.47391941e+00
1.48905983e+00
1.49208791e+00
1.49511600e+00
1.48148962e+00
1.49890110e+00
1.49890110e+00
1.47164835e+00
1.47770452e+00
1.46710623e+00
1.47391941e+00
1.49814408e+00
1.51252747e+00
1.47467643e+00
1.45726496e+00
1.47997558e+00
1.47921856e+00
1.48830281e+00
1.49057387e+00
1.47316239e+00
1.47164835e+00
1.49133089e+00
1.49663004e+00
1.47619048e+00
1.45802198e+00
1.48830281e+00
1.47316239e+00
1.45423687e+00
1.45726496e+00
1.47997558e+00
1.46407814e+00
1.52009768e+00
1.49965812e+00
1.48754579e+00
1.46862027e+00
1.46786325e+00
1.48830281e+00
1.48678877e+00
1.48905983e+00
1.47846154e+00
1.51025641e+00
1.47164835e+00
1.45802198e+00
1.49965812e+00
1.47240537e+00
1.46180708e+00
1.49284493e+00
1.45196581e+00
1.49133089e+00
1.49663004e+00
1.46332112e+00
1.47846154e+00
1.46862027e+00
1.47694750e+00
1.48905983e+00
1.46786325e+00
1.47997558e+00
1.48754579e+00
1.51025641e+00
1.47694750e+00
1.47316239e+00
1.47089133e+00
1.47921856e+00
1.47770452e+00
1.46407814e+00
1.48830281e+00
1.45953602e+00
1.47997558e+00
1.47316239e+00
1.47770452e+00
1.47240537e+00
1.48754579e+00
1.49284493e+00
1.48830281e+00
1.48527473e+00
1.47770452e+00
1.48300366e+00
1.48224664e+00
1.46937729e+00
1.49435897e+00
1.47619048e+00
1.50949939e+00
1.47997558e+00
1.49360195e+00
1.48754579e+00
1.48224664e+00
1.48300366e+00
1.49738706e+00
1.49208791e+00
1.43606838e+00
1.48300366e+00
1.47997558e+00
1.47997558e+00
1.48527473e+00
1.48678877e+00
1.48073260e+00
1.44666667e+00
1.47013431e+00
1.48300366e+00
1.48830281e+00
1.48073260e+00
1.47240537e+00
1.48905983e+00
1.48603175e+00
1.47391941e+00
1.46786325e+00
1.50874237e+00
1.48905983e+00
1.50798535e+00
1.48678877e+00
1.50798535e+00
1.47240537e+00
1.53523810e+00
1.44818071e+00
1.47543346e+00
1.49057387e+00
1.49208791e+00
1.47997558e+00
1.47846154e+00
1.50344322e+00
1.47997558e+00
1.48981685e+00
1.49435897e+00
1.49435897e+00
1.46862027e+00
1.49133089e+00
1.49511600e+00
1.47997558e+00
1.47619048e+00
1.49360195e+00
1.48905983e+00
1.45726496e+00
1.48376068e+00
1.47316239e+00
1.48527473e+00
1.47997558e+00
1.47164835e+00
1.50041514e+00
1.48451770e+00
1.48148962e+00
1.49814408e+00
1.49890110e+00
1.49587302e+00
1.48830281e+00
1.47467643e+00
1.48148962e+00
1.48300366e+00
1.45499389e+00
1.46105006e+00
1.49814408e+00
1.48376068e+00
1.47391941e+00
1.47846154e+00
1.47997558e+00
1.46786325e+00
1.47997558e+00
1.43531136e+00
1.46180708e+00
1.48603175e+00
1.49133089e+00
1.47467643e+00
1.49133089e+00
1.48830281e+00
1.46483516e+00
1.48603175e+00
1.50420024e+00
1.49208791e+00
1.48451770e+00
1.47770452e+00
1.47391941e+00
1.49057387e+00
1.48603175e+00
1.52463980e+00
1.52539683e+00
1.46407814e+00
1.47316239e+00
1.48376068e+00
1.52161172e+00
1.51025641e+00
1.45196581e+00
1.43682540e+00
1.46180708e+00
1.47164835e+00
1.48376068e+00
1.49360195e+00
1.48981685e+00
1.48148962e+00
1.48603175e+00
1.49435897e+00
1.49360195e+00
1.47694750e+00
1.41335775e+00
1.48905983e+00
1.49360195e+00
1.45726496e+00
1.51934066e+00
1.51782662e+00
1.47997558e+00
1.47694750e+00
1.48678877e+00
1.47316239e+00
1.48905983e+00
1.47543346e+00
1.47846154e+00
1.48073260e+00
1.49360195e+00
1.49208791e+00
1.49663004e+00
1.51252747e+00
1.51479853e+00
1.46862027e+00
1.51631258e+00
1.46483516e+00
1.52615385e+00
1.52312576e+00
1.48073260e+00
1.49057387e+00
1.48905983e+00
1.47921856e+00
1.45045177e+00
1.47921856e+00
1.47694750e+00
1.46029304e+00
1.47391941e+00
1.45575092e+00
1.46332112e+00
1.49435897e+00
1.46559219e+00
1.47997558e+00
1.47997558e+00
1.45953602e+00
1.50420024e+00
1.48451770e+00
1.47619048e+00
1.47316239e+00
1.48527473e+00
1.48148962e+00
1.48527473e+00
1.47391941e+00
1.49057387e+00
1.49435897e+00
1.50117216e+00
1.48148962e+00
1.46180708e+00
1.48603175e+00
1.48527473e+00
1.50571429e+00
1.48830281e+00
1.48754579e+00
1.47619048e+00
1.47467643e+00
1.48830281e+00
1.49208791e+00
1.47921856e+00
1.47316239e+00
1.46559219e+00
1.48527473e+00
1.51328449e+00
1.46862027e+00
1.49284493e+00
1.47013431e+00
1.49814408e+00
1.50647131e+00
1.48603175e+00
1.48981685e+00
1.48905983e+00
1.48376068e+00
1.46786325e+00
1.48148962e+00
1.48073260e+00
1.48451770e+00
1.49057387e+00
1.49208791e+00
1.48678877e+00
1.48905983e+00
1.47164835e+00
1.49208791e+00
1.47240537e+00
1.47846154e+00
1.47543346e+00
1.46786325e+00
1.51706960e+00
1.48224664e+00
1.49663004e+00
1.48527473e+00
1.47997558e+00
1.48451770e+00
1.47013431e+00
1.48148962e+00
1.49814408e+00
1.47316239e+00
1.47997558e+00
1.49057387e+00
1.47240537e+00
1.47770452e+00
1.51631258e+00
1.51328449e+00
1.50268620e+00
1.48376068e+00
1.47694750e+00
1.47846154e+00
1.47089133e+00
1.47619048e+00
1.47240537e+00
1.47391941e+00
1.46710623e+00
1.48603175e+00
1.51025641e+00
1.47240537e+00
1.48905983e+00
1.47391941e+00
1.47997558e+00
1.47164835e+00
1.51555556e+00
1.47089133e+00
1.50117216e+00
1.46862027e+00
1.48830281e+00
1.47467643e+00
1.49814408e+00
1.47921856e+00
1.47013431e+00
1.46559219e+00
1.49208791e+00
1.50798535e+00
1.47089133e+00
1.45272283e+00
1.50192918e+00
1.47467643e+00
1.48527473e+00
1.48981685e+00
1.49360195e+00
1.47997558e+00
1.47316239e+00
1.48300366e+00
1.48981685e+00
1.48300366e+00
1.48148962e+00
1.48300366e+00
1.48224664e+00
1.47467643e+00
1.50117216e+00
1.46029304e+00
1.51252747e+00
1.50949939e+00
1.37474969e+00
1.48376068e+00
1.47013431e+00
1.48603175e+00
1.47694750e+00
1.47770452e+00
1.47013431e+00
1.47921856e+00
1.47997558e+00
1.47543346e+00
1.50798535e+00
1.47997558e+00
1.49057387e+00
1.50949939e+00
1.45802198e+00
1.50268620e+00
1.46634921e+00
1.47846154e+00
1.51025641e+00
1.48224664e+00
1.47846154e+00
1.48905983e+00
1.49208791e+00
1.47694750e+00
1.47164835e+00
1.48830281e+00
1.50117216e+00
1.47619048e+00
1.45423687e+00
1.47316239e+00
1.48754579e+00
1.49435897e+00
1.48603175e+00
1.48300366e+00
1.50874237e+00
1.49587302e+00
1.48300366e+00
1.48981685e+00
1.48148962e+00
1.48224664e+00
1.48451770e+00
1.46180708e+00
1.48905983e+00
1.49435897e+00
1.47770452e+00
1.46483516e+00
1.50420024e+00
1.47089133e+00
1.50722833e+00
1.49511600e+00
1.45575092e+00
1.46483516e+00
1.47391941e+00
1.47921856e+00
1.48148962e+00
1.48905983e+00
1.48527473e+00
1.49284493e+00
1.48527473e+00
1.49208791e+00
1.47997558e+00
1.47543346e+00
1.45953602e+00
1.47543346e+00
1.48451770e+00
1.48376068e+00
1.51858364e+00
1.51177045e+00
1.45196581e+00
1.48300366e+00
1.48300366e+00
1.50722833e+00
1.47619048e+00
1.49738706e+00
1.47921856e+00
1.47467643e+00
1.48981685e+00
1.48603175e+00
1.51101343e+00
1.48754579e+00
1.46407814e+00
1.48905983e+00
1.46180708e+00
1.47997558e+00
1.48300366e+00
1.47921856e+00
1.47391941e+00
1.48300366e+00
1.46483516e+00
1.49133089e+00
1.48300366e+00
1.49284493e+00
1.48603175e+00
1.47770452e+00
1.48527473e+00
1.48148962e+00
1.47619048e+00
1.52766789e+00
1.47467643e+00
1.48603175e+00
1.40654457e+00
1.52918193e+00
1.47240537e+00
1.48148962e+00
1.49360195e+00
1.48300366e+00
1.48527473e+00
1.47619048e+00
1.47846154e+00
1.49965812e+00
1.48300366e+00
1.48148962e+00
1.48224664e+00
1.48224664e+00
1.48754579e+00
1.47089133e+00
1.48678877e+00
1.46256410e+00
1.48905983e+00
1.46483516e+00
1.47921856e+00
1.48603175e+00
1.48451770e+00
1.48905983e+00
1.47619048e+00
1.47770452e+00
1.46180708e+00
1.49587302e+00
1.47013431e+00
1.49587302e+00
1.47770452e+00
1.47921856e+00
1.50722833e+00
1.48300366e+00
1.51025641e+00
1.46180708e+00
1.47240537e+00
1.48148962e+00
1.47846154e+00
1.49587302e+00
1.49284493e+00
1.49360195e+00
1.48981685e+00
1.47997558e+00
1.47770452e+00
1.50117216e+00
1.50495726e+00
1.48905983e+00
1.48603175e+00
1.49587302e+00
1.46559219e+00
1.48527473e+00
1.47543346e+00
1.48981685e+00
1.47164835e+00
1.49738706e+00
1.48678877e+00
1.47619048e+00
1.48148962e+00
1.47921856e+00
1.47316239e+00
1.50192918e+00
1.51025641e+00
1.46105006e+00
1.48603175e+00
1.46559219e+00
1.46710623e+00
1.48905983e+00
1.47997558e+00
1.43304029e+00
1.47694750e+00
1.49284493e+00
1.47694750e+00
1.48451770e+00
1.48073260e+00
1.48905983e+00
1.48905983e+00
1.49284493e+00
1.41941392e+00
1.48300366e+00
1.51706960e+00
1.48300366e+00
1.49663004e+00
1.52161172e+00
1.46256410e+00
1.48451770e+00
1.48224664e+00
1.47694750e+00
1.48224664e+00
1.48376068e+00
1.48678877e+00
1.48224664e+00
1.48678877e+00
1.48300366e+00
1.49435897e+00
1.46786325e+00
1.50571429e+00
1.49208791e+00
1.48603175e+00
1.46559219e+00
1.48527473e+00
1.44666667e+00
1.47391941e+00
1.47089133e+00
1.47013431e+00
1.47164835e+00
1.48754579e+00
1.48603175e+00
1.49738706e+00
1.47619048e+00
1.48754579e+00
1.46105006e+00
1.50722833e+00
1.48300366e+00
1.49435897e+00
1.47467643e+00
1.50722833e+00
1.47846154e+00
1.53221001e+00
1.48905983e+00
1.49057387e+00
1.49663004e+00
1.45575092e+00
1.47770452e+00
1.47921856e+00
1.49208791e+00
1.47694750e+00
1.45272283e+00
1.50192918e+00
1.49663004e+00
1.48678877e+00
1.48224664e+00
1.46332112e+00
1.51858364e+00
1.50192918e+00
1.48830281e+00
1.48981685e+00
1.47391941e+00
1.48300366e+00
1.46862027e+00
1.47089133e+00
1.48300366e+00
1.47846154e+00
1.48073260e+00
1.48224664e+00
1.46483516e+00
1.46029304e+00
1.50722833e+00
1.48603175e+00
1.44742369e+00
1.47164835e+00
1.48981685e+00
1.48527473e+00
1.48073260e+00
1.48073260e+00
1.49133089e+00
1.47770452e+00
1.47694750e+00
1.47240537e+00
1.45877900e+00
1.50647131e+00
1.48905983e+00
1.46407814e+00
1.48376068e+00
1.50192918e+00
1.49511600e+00
1.47694750e+00
1.47846154e+00
1.45877900e+00
1.49208791e+00
1.48527473e+00
1.47997558e+00
1.47316239e+00
1.47770452e+00
1.48603175e+00
1.47846154e+00
1.47921856e+00
1.50117216e+00
1.47694750e+00
1.48754579e+00
1.47164835e+00
1.44363858e+00
1.46407814e+00
1.51101343e+00
1.47921856e+00
1.46786325e+00
1.46407814e+00
1.46256410e+00
1.47164835e+00
1.47997558e+00
1.48376068e+00
1.49360195e+00
1.48300366e+00
1.47694750e+00
1.47846154e+00
1.49663004e+00
1.47089133e+00
1.49133089e+00
1.49057387e+00
1.49965812e+00
1.49587302e+00
1.43455433e+00
1.50041514e+00
1.50117216e+00
1.48224664e+00
1.48073260e+00
1.49663004e+00
1.48527473e+00
1.50117216e+00
1.50117216e+00
1.52161172e+00
1.47997558e+00
1.51101343e+00
1.44969475e+00
1.48678877e+00
1.48527473e+00
1.50344322e+00
1.47694750e+00
1.49814408e+00
1.41411477e+00
1.48148962e+00
1.48073260e+00
1.47316239e+00
1.47846154e+00
1.46786325e+00
1.47240537e+00
1.47391941e+00
1.50874237e+00
1.49133089e+00
1.49208791e+00
1.48300366e+00
1.47619048e+00
1.53523810e+00
1.46483516e+00
1.44061050e+00
1.49435897e+00
1.49284493e+00
1.48300366e+00
1.49057387e+00
1.48830281e+00
1.48224664e+00
1.47694750e+00
1.46483516e+00
1.50420024e+00
1.48376068e+00
1.47316239e+00
1.47770452e+00
1.49284493e+00
1.51328449e+00
1.47921856e+00
1.49587302e+00
1.48451770e+00
1.46105006e+00
1.47921856e+00
1.49208791e+00
1.48073260e+00
1.48376068e+00
1.48603175e+00
1.48678877e+00
1.46407814e+00
1.46634921e+00
1.48300366e+00
1.43758242e+00
1.47543346e+00
1.47089133e+00
1.50798535e+00
1.44061050e+00
1.51025641e+00
1.51782662e+00
1.46483516e+00
1.47770452e+00
1.49738706e+00
1.48754579e+00
1.49284493e+00
1.49208791e+00
1.48300366e+00
1.49208791e+00
1.47240537e+00
1.46559219e+00
1.51328449e+00
1.50268620e+00
1.48905983e+00
1.51328449e+00
1.47694750e+00
1.49890110e+00
1.47467643e+00
1.49511600e+00
1.48376068e+00
1.49965812e+00
1.50420024e+00
1.48376068e+00
1.48148962e+00
1.48905983e+00
1.50949939e+00
1.48603175e+00
1.50949939e+00
1.42244200e+00
1.47240537e+00
1.47921856e+00
1.47316239e+00
1.49435897e+00
1.46786325e+00
1.49057387e+00
1.47164835e+00
1.48300366e+00
1.47467643e+00
1.47770452e+00
1.48148962e+00
1.48905983e+00
1.45272283e+00
1.46786325e+00
1.48981685e+00
1.47997558e+00
1.43682540e+00
1.45045177e+00
1.47619048e+00
1.47846154e+00
1.54659341e+00
1.48148962e+00
1.51934066e+00
1.48830281e+00
1.48073260e+00
1.48678877e+00
1.48830281e+00
1.47316239e+00
1.48603175e+00
1.47694750e+00
1.47846154e+00
1.46559219e+00
1.50041514e+00
1.47997558e+00
1.50117216e+00
1.51934066e+00
1.47013431e+00
1.45877900e+00
1.47316239e+00
1.49360195e+00
1.49890110e+00
1.47391941e+00
1.47543346e+00
1.46786325e+00
1.47316239e+00
1.49208791e+00
1.45726496e+00
1.46180708e+00
1.49738706e+00
1.50798535e+00
1.48300366e+00
1.46786325e+00
1.48148962e+00
1.45650794e+00
1.46180708e+00
1.44515263e+00
1.47694750e+00
1.49738706e+00
1.47391941e+00
1.49208791e+00
1.50192918e+00
1.48830281e+00
1.49663004e+00
1.48073260e+00
1.50117216e+00
1.50722833e+00
1.48603175e+00
1.49965812e+00
1.50268620e+00
1.46483516e+00
1.49133089e+00
1.50344322e+00
1.48224664e+00
1.49208791e+00
1.49360195e+00
1.47997558e+00
1.49360195e+00
1.48148962e+00
1.49057387e+00
1.49133089e+00
1.47694750e+00
1.45726496e+00
1.48073260e+00
1.47694750e+00
1.49360195e+00
1.47467643e+00
1.47013431e+00
1.47543346e+00
1.46029304e+00
1.48148962e+00
1.48300366e+00
1.48830281e+00
1.48905983e+00
1.46559219e+00
1.48300366e+00
1.46634921e+00
1.45575092e+00
1.48527473e+00
1.48527473e+00
1.45575092e+00
1.48678877e+00
1.49057387e+00
1.47846154e+00
1.48300366e+00
1.50117216e+00
1.48603175e+00
1.49284493e+00
1.48300366e+00
1.48754579e+00
1.49284493e+00
1.50420024e+00
1.48300366e+00
1.49133089e+00
1.47619048e+00
1.48527473e+00
1.53069597e+00
1.48678877e+00
1.50798535e+00
1.47997558e+00
1.44212454e+00
1.48376068e+00
1.48300366e+00
1.47619048e+00
1.51328449e+00
1.48224664e+00
1.48300366e+00
1.46407814e+00
1.47391941e+00
1.48300366e+00
1.47543346e+00
1.44969475e+00
1.47921856e+00
1.48224664e+00
1.48603175e+00
1.48073260e+00
1.55189255e+00
1.48603175e+00
1.48754579e+00
1.48224664e+00
1.48073260e+00
1.48073260e+00
1.49284493e+00
1.49133089e+00
1.49208791e+00
1.48073260e+00
1.48754579e+00
1.51025641e+00
1.50949939e+00
1.48376068e+00
1.50420024e+00
1.50874237e+00
1.45953602e+00
1.47997558e+00
1.48905983e+00
1.46407814e+00
1.51631258e+00
1.49965812e+00
1.48224664e+00
1.49435897e+00
1.48300366e+00
1.49057387e+00
1.48073260e+00
1.46786325e+00
1.48148962e+00
1.47997558e+00
1.51177045e+00
1.44590965e+00
1.47013431e+00
1.46483516e+00
1.47316239e+00
1.48073260e+00
1.46786325e+00
1.46180708e+00
1.47467643e+00
1.47164835e+00
1.48830281e+00
1.48073260e+00
1.48148962e+00
1.47694750e+00
1.46483516e+00
1.49057387e+00
1.50798535e+00
1.49208791e+00
1.48678877e+00
1.47391941e+00
1.48678877e+00
1.48830281e+00
1.46332112e+00
1.45650794e+00
1.48527473e+00
1.48527473e+00
1.48073260e+00
1.48905983e+00
1.48603175e+00
1.48603175e+00
1.48527473e+00
1.46634921e+00
1.47467643e+00
1.50268620e+00
