6.91093098e+01 7.08176598e+01 7.02661337e+01
7.81418181e+01 8.27255158e+01 8.04445541e+01
7.65642572e+01 8.37450813e+01 8.02203169e+01
7.49083067e+01 8.46607248e+01 7.99278335e+01
7.32429096e+01 8.55447340e+01 7.96353502e+01
0.00000000e+00 0.00000000e+00 0.00000000e+00
7.22624665e+01 8.72346078e+01 7.78126576e+01
7.34674552e+01 8.58069941e+01 7.76024629e+01
7.50350976e+01 8.48040228e+01 7.77839947e+01
7.61537221e+01 8.32960429e+01 7.75355827e+01
7.77556763e+01 8.23167235e+01 7.77839947e+01
7.90852417e+01 8.10401920e+01 7.77839947e+01
7.07646596e+01 7.01910484e+01 6.87551749e+01
7.03555447e+01 6.97852497e+01 6.64142117e+01
6.86844058e+01 7.03822523e+01 6.59276276e+01
6.82953802e+01 7.23014987e+01 6.66481464e+01
7.70566329e+01 8.42836361e+01 7.61739651e+01
6.55027737e+01 7.40306722e+01 6.62551361e+01
6.37993546e+01 7.45150466e+01 6.57685521e+01
6.32708674e+01 7.63800292e+01 6.64703560e+01
6.33688880e+01 7.64983589e+01 6.46423632e+01
6.43111399e+01 7.51127910e+01 6.43584429e+01
6.62608935e+01 7.48874927e+01 6.50545056e+01
6.69585134e+01 7.32384321e+01 6.45782522e+01
6.87335577e+01 7.27653790e+01 6.51186166e+01
6.91640841e+01 7.08737881e+01 6.44500301e+01
6.97899761e+01 6.92242656e+01 6.39920941e+01
6.98287780e+01 6.92627529e+01 6.21507855e+01
6.86715624e+01 7.03690914e+01 6.21328689e+01
6.77396160e+01 7.17131340e+01 6.23299524e+01
6.67919919e+01 7.30562928e+01 6.25359943e+01
6.58185301e+01 7.43875374e+01 6.27420363e+01
6.40241518e+01 7.47776005e+01 6.22045356e+01
6.27891202e+01 7.57984682e+01 6.21955773e+01
6.30504203e+01 7.61139074e+01 6.05914600e+01
6.37786709e+01 7.44908888e+01 6.01361326e+01
6.52779662e+01 7.37765966e+01 6.03988215e+01
6.72017628e+01 7.35044954e+01 6.10380312e+01
6.84708805e+01 7.24872935e+01 6.11080816e+01
6.94134720e+01 7.11293407e+01 6.09154430e+01
7.00031688e+01 6.94357301e+01 6.04513593e+01
7.05722286e+01 7.00001773e+01 5.90904358e+01
6.91202717e+01 7.08288926e+01 5.88424099e+01
6.81946752e+01 7.21948864e+01 5.90391201e+01
6.70004259e+01 7.32842755e+01 5.90305675e+01
6.57491028e+01 7.43090711e+01 5.89878044e+01
6.45308664e+01 7.53694225e+01 5.89878044e+01
6.30090289e+01 7.60639401e+01 5.87312259e+01
6.30090289e+01 7.60639401e+01 5.87312259e+01
6.59973647e+01 1.30579068e+01 1.18052280e+02
6.57846394e+01 1.41322527e+01 1.18067132e+02
6.55373643e+01 1.51991764e+01 1.18052280e+02
6.52727890e+01 1.62617954e+01 1.18037427e+02
6.49486831e+01 1.73085549e+01 1.17948313e+02
6.46499249e+01 1.83610370e+01 1.17933461e+02
6.43341151e+01 1.94083799e+01 1.17918608e+02
6.40180236e+01 2.04556379e+01 1.17933461e+02
6.36682905e+01 2.14921465e+01 1.17918608e+02
6.33182786e+01 2.25285609e+01 1.17933461e+02
6.48299888e+01 2.30664254e+01 1.17004505e+02
6.51968516e+01 2.20081342e+01 1.17004505e+02
6.55549733e+01 2.09467385e+01 1.17019236e+02
6.58786614e+01 1.98743402e+01 1.17004505e+02
6.61848102e+01 1.87969553e+01 1.16989774e+02
6.64906558e+01 1.77194842e+01 1.17004505e+02
6.67528813e+01 1.66305395e+01 1.16975042e+02
6.72852614e+01 1.56045421e+01 1.17431715e+02
6.73288961e+01 1.44639993e+01 1.17092893e+02
6.75729825e+01 1.33696506e+01 1.17122356e+02
6.77816478e+01 1.22679965e+01 1.17122356e+02
6.93404729e+01 1.25501327e+01 1.16155973e+02
6.91359932e+01 1.36789001e+01 1.16170581e+02
6.89131377e+01 1.48043356e+01 1.16185189e+02
6.86451947e+01 1.59199327e+01 1.16155973e+02
6.83769725e+01 1.70351589e+01 1.16155973e+02
6.82941799e+01 1.82001159e+01 1.16491949e+02
6.79800795e+01 1.93068245e+01 1.16477341e+02
6.74113021e+01 2.03367088e+01 1.16068328e+02
6.70539033e+01 2.14256906e+01 1.16039112e+02
6.67223079e+01 2.25230739e+01 1.16082935e+02
6.63382325e+01 2.36030565e+01 1.16068328e+02
6.78432916e+01 2.41385546e+01 1.15124727e+02
6.82094745e+01 2.30250884e+01 1.15095764e+02
6.85752167e+01 2.19117949e+01 1.15095764e+02
6.89227894e+01 2.07926958e+01 1.15095764e+02
6.92340978e+01 1.96629746e+01 1.15066802e+02
6.96263556e+01 1.85551352e+01 1.15197133e+02
6.99100731e+01 1.74171093e+01 1.15182651e+02
7.01843091e+01 1.62768782e+01 1.15182651e+02
7.04490980e+01 1.51342998e+01 1.15197133e+02
7.06769260e+01 1.39837813e+01 1.15182651e+02
7.09043841e+01 1.28331896e+01 1.15197133e+02
7.27186998e+01 1.31615678e+01 1.14618400e+02
7.24948357e+01 1.43434638e+01 1.14618400e+02
7.22611049e+01 1.55235661e+01 1.14632752e+02
7.20081626e+01 1.66998594e+01 1.14647104e+02
7.14579434e+01 1.78027394e+01 1.14230896e+02
7.11402380e+01 1.89585786e+01 1.14202192e+02
7.08406070e+01 2.01192346e+01 1.14230896e+02
7.04763007e+01 2.12613606e+01 1.14187840e+02
7.01299948e+01 2.24085922e+01 1.14202192e+02
6.96835406e+01 2.35226806e+01 1.14087376e+02
6.92914312e+01 2.46538007e+01 1.14087376e+02
7.05601984e+01 2.51052265e+01 1.12773559e+02
4.51780617e+01 1.52505040e+01 7.30850404e+01
4.93579433e+01 1.57713119e+01 7.91143962e+01
5.05135062e+01 1.52389649e+01 8.04937536e+01
7.23161272e+01 2.05382928e+01 1.13185945e+02
7.26502685e+01 1.93609955e+01 1.13200165e+02
7.29274013e+01 1.81688341e+01 1.13157504e+02
7.32134735e+01 1.69793905e+01 1.13157504e+02
7.35087431e+01 1.57915912e+01 1.13200165e+02
7.37751720e+01 1.45967847e+01 1.13228605e+02
7.40509576e+01 1.34026970e+01 1.13299706e+02
7.57918600e+01 1.37177880e+01 1.12585237e+02
7.55487816e+01 1.49477021e+01 1.12571151e+02
7.52954698e+01 1.61754266e+01 1.12571151e+02
7.50222080e+01 1.73988654e+01 1.12571151e+02
7.45071677e+01 1.85624107e+01 1.12247180e+02
7.41375127e+01 1.97573399e+01 1.12162666e+02
7.40930368e+01 2.10429477e+01 1.12585237e+02
7.34360970e+01 2.21542749e+01 1.12134495e+02
7.30752350e+01 2.33496829e+01 1.12148581e+02
7.28833228e+01 2.46028130e+01 1.12444380e+02
7.24919432e+01 2.57925388e+01 1.12472551e+02
7.37033751e+01 2.62235646e+01 1.11076345e+02
7.41108491e+01 2.50171822e+01 1.11062396e+02
7.45178882e+01 2.38106529e+01 1.11076345e+02
7.48955813e+01 2.25945736e+01 1.11076345e+02
7.52436816e+01 2.13697390e+01 1.11062396e+02
7.55913403e+01 2.01447789e+01 1.11076345e+02
7.62042312e+01 1.89852101e+01 1.11494802e+02
7.62859685e+01 1.76919519e+01 1.11187933e+02
7.65539254e+01 1.64457757e+01 1.11173985e+02
7.68313539e+01 1.52014655e+01 1.11201882e+02
7.70586369e+01 1.39470656e+01 1.11187933e+02
7.85356897e+01 1.42144016e+01 1.10094133e+02
7.82939181e+01 1.54908411e+01 1.10094133e+02
7.80515890e+01 1.67675128e+01 1.10121751e+02
7.77582678e+01 1.80334019e+01 1.10107942e+02
7.74243847e+01 1.92891941e+01 1.10066515e+02
7.71400607e+01 2.05575065e+01 1.10121751e+02
7.67852964e+01 2.18075685e+01 1.10107942e+02
7.63509763e+01 2.30336386e+01 1.10011280e+02
7.59659437e+01 2.42733492e+01 1.10011280e+02
7.55705650e+01 2.55099302e+01 1.10025089e+02
7.51453293e+01 2.67366100e+01 1.10025089e+02
7.65541679e+01 2.72378730e+01 1.08925409e+02
7.69774167e+01 2.59848333e+01 1.08911742e+02
7.74502494e+01 2.47476284e+01 1.08993741e+02
7.78226782e+01 2.34776231e+01 1.08966408e+02
7.84675248e+01 2.22853333e+01 1.09335405e+02
7.85761000e+01 2.09402050e+01 1.09007408e+02
7.89167330e+01 1.96609917e+01 1.09021074e+02
7.92160598e+01 1.83714875e+01 1.09007408e+02
7.98129068e+01 1.71458897e+01 1.09417404e+02
8.00711048e+01 1.58424663e+01 1.09403738e+02
8.03390511e+01 1.45407972e+01 1.09431071e+02
8.18865528e+01 1.48208840e+01 1.08413883e+02
8.16134782e+01 1.61476325e+01 1.08386840e+02
8.13084561e+01 1.74671726e+01 1.08346274e+02
8.09925308e+01 1.87834799e+01 1.08319231e+02
8.06656832e+01 2.00967180e+01 1.08305709e+02
8.03278832e+01 2.14070480e+01 1.08305709e+02
7.99482194e+01 2.27058610e+01 1.08278666e+02
7.95680455e+01 2.40041672e+01 1.08278666e+02
7.88916702e+01 2.52082047e+01 1.07913580e+02
7.84709057e+01 2.64889820e+01 1.07913580e+02
7.80091934e+01 2.77555692e+01 1.07886537e+02
7.96670299e+01 2.83454252e+01 1.07106644e+02
8.03962042e+01 2.71388941e+01 1.07467751e+02
8.05785424e+01 2.57472099e+01 1.07146767e+02
8.09869538e+01 2.44322249e+01 1.07146767e+02
8.13739072e+01 2.31107665e+01 1.07146767e+02
8.17393000e+01 2.17831847e+01 1.07146767e+02
8.20830354e+01 2.04498313e+01 1.07146767e+02
8.27230077e+01 1.91848056e+01 1.07547997e+02
8.30243190e+01 1.78357846e+01 1.07547997e+02
8.32929586e+01 1.64799261e+01 1.07534623e+02
8.36465291e+01 1.51394272e+01 1.07654992e+02
8.50747566e+01 1.53979262e+01 1.06470662e+02
8.48237066e+01 1.67827922e+01 1.06483886e+02
8.42148246e+01 1.80915362e+01 1.06087152e+02
8.38876397e+01 1.94549026e+01 1.06060703e+02
8.35920628e+01 2.08257842e+01 1.06100377e+02
8.32420081e+01 2.21836502e+01 1.06100377e+02
8.28166897e+01 2.35205269e+01 1.06034254e+02
8.23699203e+01 2.48494396e+01 1.05968132e+02
8.19650723e+01 2.61902469e+01 1.05981356e+02
8.15279160e+01 2.75209197e+01 1.05981356e+02
8.08294422e+01 2.87590100e+01 1.05677194e+02
8.10795807e+01 2.88480090e+01 1.05994581e+02
8.16317981e+01 3.05503313e+01 1.04417081e+02
8.14376181e+01 3.19983393e+01 1.04809245e+02
8.06045367e+01 3.31955078e+01 1.04430153e+02
8.00225643e+01 3.44897583e+01 1.04390937e+02
8.00040858e+01 3.60370371e+01 1.05096832e+02
0.00000000e+00 0.00000000e+00 0.00000000e+00
7.84858668e+01 3.84735950e+01 1.04704668e+02
7.78592485e+01 3.97511216e+01 1.04717740e+02
7.74997486e+01 4.11713950e+01 1.05109904e+02
0.00000000e+00 0.00000000e+00 0.00000000e+00
7.61283213e+01 4.36777606e+01 1.05122976e+02
7.70694840e+01 4.42177421e+01 1.03526851e+02
7.78489786e+01 4.29960737e+01 1.03617273e+02
7.84880866e+01 4.16964451e+01 1.03552686e+02
7.92072336e+01 4.04393368e+01 1.03617273e+02
0.00000000e+00 0.00000000e+00 0.00000000e+00
8.07192378e+01 3.79514977e+01 1.03914372e+02
8.13054552e+01 3.66232259e+01 1.03888537e+02
8.13559615e+01 3.50644530e+01 1.03229752e+02
8.20003999e+01 3.37703686e+01 1.03333091e+02
8.27517871e+01 3.25147005e+01 1.03591438e+02
0.00000000e+00 0.00000000e+00 0.00000000e+00
0.00000000e+00 0.00000000e+00 0.00000000e+00
8.54410942e+01 3.03998298e+01 1.02775702e+02
4.58846155e+01 1.71721099e+01 5.68900870e+01
4.32464159e+01 1.69923129e+01 5.41083673e+01
4.50440444e+01 1.85505679e+01 5.65838426e+01
8.27177447e+01 3.56513821e+01 1.02099412e+02
8.23696448e+01 3.71025794e+01 1.02392896e+02
8.17548153e+01 3.84383918e+01 1.02392896e+02
0.00000000e+00 0.00000000e+00 0.00000000e+00
8.07598201e+01 4.12320115e+01 1.02762941e+02
8.00882290e+01 4.25465136e+01 1.02775702e+02
0.00000000e+00 0.00000000e+00 0.00000000e+00
0.00000000e+00 0.00000000e+00 0.00000000e+00
5.03818696e+01 2.89060261e+01 6.51242439e+01
0.00000000e+00 0.00000000e+00 0.00000000e+00
0.00000000e+00 0.00000000e+00 0.00000000e+00
0.00000000e+00 0.00000000e+00 0.00000000e+00
0.00000000e+00 0.00000000e+00 0.00000000e+00
0.00000000e+00 0.00000000e+00 0.00000000e+00
0.00000000e+00 0.00000000e+00 0.00000000e+00
0.00000000e+00 0.00000000e+00 0.00000000e+00
5.34476936e+01 2.20114575e+01 6.48218290e+01
0.00000000e+00 0.00000000e+00 0.00000000e+00
0.00000000e+00 0.00000000e+00 0.00000000e+00
0.00000000e+00 0.00000000e+00 0.00000000e+00
8.78628659e+01 3.12614930e+01 1.00048769e+02
8.70069309e+01 3.25619504e+01 9.96756078e+01
0.00000000e+00 0.00000000e+00 0.00000000e+00
8.59340677e+01 3.53903779e+01 9.97129239e+01
4.96473273e+01 2.13980186e+01 5.92124933e+01
8.46930468e+01 3.81491325e+01 9.96631691e+01
0.00000000e+00 0.00000000e+00 0.00000000e+00
0.00000000e+00 0.00000000e+00 0.00000000e+00
0.00000000e+00 0.00000000e+00 0.00000000e+00
8.25796946e+01 4.38700935e+01 1.00309982e+02
8.12485178e+01 4.48736429e+01 9.95885369e+01
8.10562038e+01 4.65050773e+01 1.00247788e+02
0.00000000e+00 0.00000000e+00 0.00000000e+00
0.00000000e+00 0.00000000e+00 0.00000000e+00
0.00000000e+00 0.00000000e+00 0.00000000e+00
0.00000000e+00 0.00000000e+00 0.00000000e+00
0.00000000e+00 0.00000000e+00 0.00000000e+00
0.00000000e+00 0.00000000e+00 0.00000000e+00
0.00000000e+00 0.00000000e+00 0.00000000e+00
0.00000000e+00 0.00000000e+00 0.00000000e+00
0.00000000e+00 0.00000000e+00 0.00000000e+00
0.00000000e+00 0.00000000e+00 0.00000000e+00
0.00000000e+00 0.00000000e+00 0.00000000e+00
0.00000000e+00 0.00000000e+00 0.00000000e+00
9.47876509e+01 3.37253224e+01 1.02053012e+02
9.39847360e+01 3.51733624e+01 1.01798746e+02
0.00000000e+00 0.00000000e+00 0.00000000e+00
0.00000000e+00 0.00000000e+00 0.00000000e+00
8.82105278e+01 3.80187739e+01 9.75609630e+01
0.00000000e+00 0.00000000e+00 0.00000000e+00
5.36023604e+01 2.52020450e+01 6.12371126e+01
5.40888093e+01 2.65142124e+01 6.22299645e+01
5.46448936e+01 2.78990082e+01 6.33317880e+01
0.00000000e+00 0.00000000e+00 0.00000000e+00
8.42870599e+01 4.65518329e+01 9.77910140e+01
8.29113140e+01 4.75694257e+01 9.71008609e+01
8.40647462e+01 4.82311944e+01 9.57981317e+01
0.00000000e+00 0.00000000e+00 0.00000000e+00
2.58325889e+01 1.37234474e+01 3.08490599e+01
2.78029251e+01 1.41948128e+01 3.27354484e+01
2.83430213e+01 1.38936851e+01 3.30697451e+01
9.10508132e+01 4.28090604e+01 9.93440645e+01
2.92905936e+01 1.31936537e+01 3.36070076e+01
3.01297256e+01 1.29859242e+01 3.42636618e+01
3.06821514e+01 1.26358842e+01 3.46218369e+01
3.03396366e+01 1.19210017e+01 3.40606960e+01
3.03549108e+01 1.13601881e+01 3.38816085e+01
3.06998652e+01 1.09229720e+01 3.40487568e+01
3.09570813e+01 1.10144891e+01 3.34239881e+01
2.81420182e+01 1.05320231e+01 3.07996889e+01
2.88347180e+01 1.13296915e+01 3.16705326e+01
2.71784285e+01 1.11929399e+01 3.01877447e+01
2.62983451e+01 1.13345976e+01 2.94816553e+01
2.65354570e+01 1.19526301e+01 2.99170771e+01
2.62575672e+01 1.23454337e+01 2.98347000e+01
2.58721129e+01 1.26824514e+01 2.96464095e+01
2.50001216e+01 1.27638385e+01 2.89520882e+01
2.41658949e+01 1.28380236e+01 2.82930714e+01
2.22771497e+01 1.23036935e+01 2.65043114e+01
2.00629020e+01 1.15108624e+01 2.43389704e+01
1.60218273e+01 9.19234166e+00 1.94871417e+01
1.75767235e+01 9.70764309e+00 2.09481057e+01
2.19469140e+01 1.16591999e+01 2.52846178e+01
2.59409530e+01 1.32441810e+01 2.91689267e+01
3.03465819e+01 1.48758260e+01 3.34126792e+01
3.52152529e+01 1.65570393e+01 3.80622550e+01
4.06224766e+01 1.82979867e+01 4.31872238e+01
4.34577644e+01 1.87303144e+01 4.57033284e+01
4.77094719e+01 1.96482756e+01 4.95876374e+01
4.94718756e+01 1.94384106e+01 5.10022215e+01
4.49775415e+01 1.68326415e+01 4.63410508e+01
3.63253114e+01 1.29244984e+01 3.77375963e+01
2.64387099e+01 9.40685848e+00 2.74779662e+01
2.37778265e+01 8.89874402e+00 2.51141124e+01
2.82825798e+01 1.11127463e+01 2.95334912e+01
3.03434460e+01 1.24963946e+01 3.16803729e+01
3.55215855e+01 1.53098180e+01 3.68648637e+01
3.86949876e+01 1.74297686e+01 4.01879624e+01
3.51797812e+01 1.65403617e+01 3.70361574e+01
3.11826916e+01 1.52856851e+01 3.33704712e+01
2.80996052e+01 1.43462831e+01 3.05612537e+01
3.25394632e+01 1.72864444e+01 3.52432828e+01
3.84163118e+01 2.12173699e+01 4.14669558e+01
4.14159376e+01 2.37619243e+01 4.48814112e+01
4.57875436e+01 2.62700837e+01 4.80361112e+01
4.36916422e+01 2.41309405e+01 4.55628527e+01
0.00000000e+00 0.00000000e+00 0.00000000e+00
6.37339625e+01 3.25394419e+01 6.41797438e+01
6.16376479e+01 3.02146361e+01 6.16727591e+01
5.42544462e+01 2.55086340e+01 5.41967732e+01
5.98233011e+01 2.69468053e+01 5.90645956e+01
3.50923361e+01 1.51248114e+01 3.55011876e+01
3.67722537e+01 1.51439818e+01 3.68389956e+01
3.49212155e+01 1.37211884e+01 3.49053571e+01
3.59601997e+01 1.34579421e+01 3.56585767e+01
3.71843868e+01 1.32301563e+01 3.65804276e+01
3.88726646e+01 1.38308433e+01 3.71220597e+01
3.98314011e+01 1.49067217e+01 3.81840585e+01
4.03096858e+01 1.58384176e+01 3.88367453e+01
3.91538940e+01 1.61248169e+01 3.80291837e+01
4.07686409e+01 1.75713011e+01 3.97438692e+01
4.16588862e+01 1.87648270e+01 4.08279930e+01
4.37654059e+01 2.05770365e+01 4.30626154e+01
5.06918797e+01 2.48490451e+01 4.98328576e+01
5.86196602e+01 2.99283294e+01 5.76650986e+01
5.33364618e+01 2.83347569e+01 5.31294788e+01
5.18263320e+01 2.86237384e+01 5.21338550e+01
5.19615015e+01 2.98123220e+01 5.27201668e+01
5.57468065e+01 3.19840978e+01 5.63707876e+01
