0.00000000e+00 0.00000000e+00 0.00000000e+00
1.44205384e+02 8.90972923e+01 4.70759224e+01
1.41571392e+02 9.06866700e+01 4.67086912e+01
7.46004916e+01 4.95177854e+01 2.58428768e+01
7.29744234e+01 5.01685076e+01 2.55818329e+01
7.20531295e+01 5.12820243e+01 2.55508616e+01
6.97061189e+01 5.13412046e+01 2.50553206e+01
6.11469277e+01 4.65910893e+01 2.24802774e+01
6.06684154e+01 4.78071096e+01 2.25776158e+01
6.65484348e+01 5.42194839e+01 2.48606438e+01
6.42167945e+01 5.40825101e+01 2.43606784e+01
5.79859233e+01 5.04708734e+01 2.24802774e+01
5.71567289e+01 5.14080218e+01 2.24802774e+01
6.13293826e+01 5.69938799e+01 2.42987358e+01
6.02853857e+01 5.78807160e+01 2.42589155e+01
5.49341125e+01 5.44888221e+01 2.26130116e+01
5.40282838e+01 5.53638378e+01 2.26085871e+01
5.69533233e+01 6.02941313e+01 2.40907855e+01
5.58856638e+01 6.11270798e+01 2.40598142e+01
5.27521000e+01 5.96199703e+01 2.32058909e+01
5.29018179e+01 6.17871677e+01 2.36660361e+01
5.23993611e+01 6.32560434e+01 2.38784108e+01
5.13315427e+01 6.40615530e+01 2.38651374e+01
4.99758031e+01 6.44934238e+01 2.37324032e+01
4.91492253e+01 6.56050743e+01 2.38341661e+01
4.77621298e+01 6.59644667e+01 2.36925830e+01
4.69017951e+01 6.70472078e+01 2.37943458e+01
4.58135850e+01 6.78155526e+01 2.37987703e+01
4.46308653e+01 6.84406077e+01 2.37633745e+01
4.35198214e+01 6.91721004e+01 2.37677990e+01
4.25782953e+01 7.01847464e+01 2.38651374e+01
4.14218499e+01 7.08541077e+01 2.38607129e+01
4.15318283e+01 7.10422313e+01 2.27122920e+01
4.26653305e+01 7.03282125e+01 2.27038991e+01
4.36173958e+01 6.93271890e+01 2.26157736e+01
4.47674572e+01 6.86500689e+01 2.26283630e+01
4.58508571e+01 6.78707246e+01 2.26157736e+01
4.70261974e+01 6.72250438e+01 2.26493452e+01
4.81141870e+01 6.64506943e+01 2.26493452e+01
4.94501202e+01 6.60067131e+01 2.27584530e+01
5.03233386e+01 6.49419160e+01 2.26787204e+01
5.11436767e+01 6.38270971e+01 2.25863984e+01
5.21758126e+01 6.29861776e+01 2.25863984e+01
5.34986567e+01 6.24842511e+01 2.27038991e+01
5.45972750e+01 6.17053712e+01 2.27374707e+01
5.47481275e+01 5.98828561e+01 2.24227368e+01
5.47969238e+01 5.80112403e+01 2.20870207e+01
5.83267887e+01 5.97685997e+01 2.30186330e+01
5.80690054e+01 5.75983038e+01 2.25863984e+01
5.59227718e+01 5.36921186e+01 2.15163032e+01
5.71078059e+01 5.30707353e+01 2.16254109e+01
6.22785288e+01 5.60146816e+01 2.30815798e+01
6.19584715e+01 5.39285742e+01 2.26745239e+01
5.89267980e+01 4.96273471e+01 2.13946061e+01
5.97138093e+01 4.86510604e+01 2.13904096e+01
6.12333429e+01 4.82522762e+01 2.16254109e+01
6.84220050e+01 5.21343567e+01 2.36481008e+01
6.20174601e+01 4.56782152e+01 2.13904096e+01
6.23576376e+01 4.43814988e+01 2.12687125e+01
6.34851871e+01 4.36448408e+01 2.13946061e+01
6.49534896e+01 4.31143668e+01 2.16254109e+01
7.51657843e+01 4.81490968e+01 2.44622125e+01
1.22844345e+02 7.58993750e+01 3.82979145e+01
1.24192791e+02 7.39668011e+01 3.83356826e+01
1.22885420e+02 7.05041155e+01 3.76138928e+01
1.22882974e+02 7.05027124e+01 3.55562692e+01
1.21733541e+02 7.25021196e+01 3.55602368e+01
1.20223272e+02 7.42799456e+01 3.54729486e+01
1.18433153e+02 7.58649620e+01 3.53142427e+01
1.17070778e+02 7.77084108e+01 3.52825015e+01
7.34123987e+01 5.04696072e+01 2.31216603e+01
7.24854921e+01 5.15897476e+01 2.30938868e+01
6.21658596e+01 4.57875171e+01 2.03125655e+01
6.11053852e+01 4.65594359e+01 2.02213096e+01
6.03394439e+01 4.75478779e+01 2.02213096e+01
6.69459950e+01 5.45433910e+01 2.24749337e+01
6.55616463e+01 5.52151259e+01 2.23241631e+01
5.79465284e+01 5.04365841e+01 2.02213096e+01
5.71054223e+01 5.13618755e+01 2.02173420e+01
5.65568201e+01 5.25586998e+01 2.03125655e+01
6.06561538e+01 5.82366949e+01 2.19393012e+01
5.51615482e+01 5.47144143e+01 2.04276273e+01
5.40058474e+01 5.53408468e+01 2.03403390e+01
5.66580741e+01 5.99815632e+01 2.15663423e+01
5.64667552e+01 6.17626708e+01 2.18440776e+01
5.33081079e+01 6.02483657e+01 2.10783216e+01
5.31388173e+01 6.20639733e+01 2.13758952e+01
5.26781479e+01 6.35925923e+01 2.15822129e+01
5.16360749e+01 6.44416079e+01 2.15822129e+01
5.01897841e+01 6.47695647e+01 2.14314422e+01
4.91389432e+01 6.55913497e+01 2.14354099e+01
4.82911284e+01 6.66950687e+01 2.15266658e+01
4.71895200e+01 6.74585173e+01 2.15226982e+01
4.60195007e+01 6.81203592e+01 2.14949246e+01
4.46296612e+01 6.84387612e+01 2.13758952e+01
4.34919034e+01 6.91277265e+01 2.13679599e+01
4.23783576e+01 6.98551752e+01 2.13758952e+01
4.11510328e+01 7.03908618e+01 2.13362187e+01
4.13197574e+01 7.06794734e+01 2.02317555e+01
4.24647306e+01 6.99975497e+01 2.02317555e+01
4.35984525e+01 6.92970797e+01 2.02317555e+01
4.47114289e+01 6.85641505e+01 2.02280174e+01
4.58215217e+01 6.78273009e+01 2.02280174e+01
4.69966561e+01 6.71828139e+01 2.02579222e+01
4.80740913e+01 6.63953179e+01 2.02541841e+01
4.94612759e+01 6.60216040e+01 2.03700654e+01
5.03025454e+01 6.49150824e+01 2.02878271e+01
5.13419771e+01 6.40745751e+01 2.02840890e+01
5.24640117e+01 6.33340890e+01 2.03139938e+01
5.38163476e+01 6.28553011e+01 2.04261369e+01
5.45869387e+01 6.16936892e+01 2.03438986e+01
5.49819716e+01 6.01386320e+01 2.01457791e+01
5.66585816e+01 5.99821005e+01 2.03738035e+01
5.85913388e+01 6.00396894e+01 2.06803280e+01
5.46494561e+01 5.42064731e+01 1.91439673e+01
5.55245330e+01 5.33097647e+01 1.91439673e+01
5.70383521e+01 5.30061913e+01 1.93420868e+01
6.30369045e+01 5.66967814e+01 2.08784475e+01
5.76924099e+01 5.02153997e+01 1.90355623e+01
5.85021211e+01 4.92696900e+01 1.90355623e+01
5.96747437e+01 4.86192322e+01 1.91439673e+01
6.11588717e+01 4.81935924e+01 1.93420868e+01
6.15201925e+01 4.68754995e+01 1.92262056e+01
6.15974291e+01 4.53688464e+01 1.90393004e+01
6.23551613e+01 4.43797364e+01 1.90467766e+01
6.37488881e+01 4.38261301e+01 1.92299437e+01
6.52951890e+01 4.33411776e+01 1.94542299e+01
7.47649757e+01 4.78923501e+01 2.17681162e+01
6.62417676e+01 4.09274743e+01 1.93420868e+01
6.69859319e+01 3.98955130e+01 1.93645154e+01
1.21993436e+02 6.99923500e+01 3.32852142e+01
1.22391036e+02 7.02204685e+01 3.13645778e+01
1.21115819e+02 7.21342170e+01 3.13365149e+01
6.69198840e+01 4.13464485e+01 1.83889952e+01
6.61953804e+01 4.24029073e+01 1.83784716e+01
6.50744885e+01 4.31946826e+01 1.82732357e+01
6.46827326e+01 4.44681301e+01 1.83539165e+01
6.32351974e+01 4.50060802e+01 1.81715077e+01
6.20864999e+01 4.57290657e+01 1.80662718e+01
6.06357312e+01 4.62015815e+01 1.78838630e+01
6.02734430e+01 4.74958687e+01 1.79890989e+01
6.00551128e+01 4.89291330e+01 1.81399369e+01
5.92636509e+01 4.99110400e+01 1.81434448e+01
5.81505392e+01 5.06141548e+01 1.80627640e+01
5.69424615e+01 5.12153050e+01 1.79575281e+01
5.61012882e+01 5.21353704e+01 1.79575281e+01
5.56227339e+01 5.34040486e+01 1.80662718e+01
5.57168924e+01 5.52652568e+01 1.83504087e+01
5.42322559e+01 5.55728520e+01 1.81785234e+01
5.30307220e+01 5.61414354e+01 1.80908269e+01
5.23604733e+01 5.72712680e+01 1.81679998e+01
5.56720530e+01 6.29200760e+01 1.95009875e+01
5.33999210e+01 6.23689318e+01 1.91045991e+01
5.29591779e+01 6.39318492e+01 1.92940236e+01
5.21754367e+01 6.51147292e+01 1.93817202e+01
5.04572457e+01 6.51147221e+01 1.91607249e+01
4.93906913e+01 6.59273865e+01 1.91607249e+01
4.83209504e+01 6.67362560e+01 1.91642327e+01
4.73831038e+01 6.77352498e+01 1.92203585e+01
4.60569587e+01 6.81758065e+01 1.91396777e+01
4.48581749e+01 6.87891829e+01 1.91081069e+01
4.37415426e+01 6.95245128e+01 1.91116148e+01
4.23414302e+01 6.97943052e+01 1.90063789e+01
4.12083011e+01 7.04888220e+01 1.90098868e+01
4.12586134e+01 7.05748837e+01 1.78633837e+01
4.24018923e+01 6.98939691e+01 1.78633837e+01
4.35429507e+01 6.92088630e+01 1.78666607e+01
4.46729384e+01 6.85051260e+01 1.78699377e+01
4.60568698e+01 6.81756749e+01 1.79649697e+01
4.72283802e+01 6.75140689e+01 1.79879085e+01
4.83409019e+01 6.67638111e+01 1.79944624e+01
4.97053831e+01 6.63474416e+01 1.80862174e+01
5.05402644e+01 6.52218571e+01 1.80108472e+01
5.16057673e+01 6.44037841e+01 1.80141242e+01
5.29603773e+01 6.39332971e+01 1.81091562e+01
5.43572973e+01 6.34871084e+01 1.82172961e+01
5.48338499e+01 6.19727461e+01 1.80567247e+01
5.55840370e+01 6.07971640e+01 1.79846315e+01
5.40555905e+01 5.72264213e+01 1.72768068e+01
5.40104768e+01 5.53455906e+01 1.70080955e+01
5.46397865e+01 5.41968819e+01 1.69360023e+01
5.57711251e+01 5.35465207e+01 1.70048186e+01
5.73048851e+01 5.32538825e+01 1.71817748e+01
5.73963937e+01 5.16235817e+01 1.69818798e+01
5.79481688e+01 5.04380119e+01 1.69097865e+01
5.87614696e+01 4.94881097e+01 1.69097865e+01
5.95854471e+01 4.85464789e+01 1.69163405e+01
6.10325060e+01 4.80940154e+01 1.70801888e+01
6.18207090e+01 4.71044790e+01 1.70834658e+01
6.18705166e+01 4.55699858e+01 1.69130635e+01
6.22041271e+01 4.42722415e+01 1.68180315e+01
6.37255323e+01 4.38100735e+01 1.70080955e+01
6.47545541e+01 4.29823188e+01 1.70834658e+01
6.58589489e+01 4.21873986e+01 1.71784978e+01
6.61337002e+01 4.08607048e+01 1.70867427e+01
6.68627428e+01 3.98221439e+01 1.71031276e+01
6.90436999e+01 3.96130395e+01 1.74472090e+01
1.24251321e+02 7.12877858e+01 2.77392252e+01
1.22987030e+02 7.32486736e+01 2.77209525e+01
6.71634183e+01 4.14969162e+01 1.61999816e+01
6.56216847e+01 4.20354139e+01 1.60172540e+01
6.46177248e+01 4.28914952e+01 1.59502539e+01
6.45403166e+01 4.43702219e+01 1.60872996e+01
6.30767755e+01 4.48933274e+01 1.59258903e+01
6.19414360e+01 4.56222206e+01 1.58375720e+01
6.08936744e+01 4.63981222e+01 1.57705719e+01
6.01303868e+01 4.73831395e+01 1.57705719e+01
6.00353028e+01 4.89129931e+01 1.59289357e+01
5.91662932e+01 4.98290467e+01 1.59137084e+01
5.80273749e+01 5.05069527e+01 1.58375720e+01
5.71975877e+01 5.14447711e+01 1.58375720e+01
5.60791604e+01 5.21148069e+01 1.57705719e+01
5.54927724e+01 5.32792710e+01 1.58375720e+01
5.56061757e+01 5.51554376e+01 1.60872996e+01
5.40728682e+01 5.54095243e+01 1.59258903e+01
5.29074366e+01 5.60109182e+01 1.58588902e+01
5.20001906e+01 5.68771951e+01 1.58619356e+01
5.19783928e+01 5.87455330e+01 1.61086178e+01
5.42381293e+01 6.33479250e+01 1.69978918e+01
5.34379991e+01 6.45098779e+01 1.70648919e+01
5.08740448e+01 6.34905976e+01 1.66324367e+01
5.00729480e+01 6.46187886e+01 1.67024823e+01
4.97776368e+01 6.64438869e+01 1.69308917e+01
4.88985405e+01 6.75339680e+01 1.69948463e+01
4.75204456e+01 6.79315831e+01 1.69095735e+01
4.63894306e+01 6.86679479e+01 1.69034826e+01
4.50060280e+01 6.90159128e+01 1.68182097e+01
4.35875095e+01 6.92796866e+01 1.67207550e+01
4.26477181e+01 7.02991807e+01 1.67877551e+01
4.17119299e+01 7.13503038e+01 1.68638916e+01
4.20646673e+01 7.19536785e+01 1.58122263e+01
4.31596993e+01 7.11431148e+01 1.57897192e+01
4.41217492e+01 7.01288280e+01 1.57306381e+01
4.47742281e+01 6.86604519e+01 1.55843422e+01
4.58858801e+01 6.79225674e+01 1.55843422e+01
4.72486352e+01 6.75430238e+01 1.56603036e+01
4.86709786e+01 6.72196813e+01 1.57531452e+01
5.00442329e+01 6.67997431e+01 1.58319199e+01
5.11978343e+01 6.60704464e+01 1.58516136e+01
5.20324718e+01 6.49363096e+01 1.57897192e+01
5.27678568e+01 6.37008881e+01 1.57081311e+01
5.38862279e+01 6.29369185e+01 1.57306381e+01
5.55685553e+01 6.28031039e+01 1.58966278e+01
5.63194480e+01 6.16015479e+01 1.58319199e+01
5.66955998e+01 6.00212901e+01 1.56828106e+01
5.44929976e+01 5.58400390e+01 1.49316373e+01
5.44889141e+01 5.40472325e+01 1.47206335e+01
5.56804487e+01 5.34594613e+01 1.47937815e+01
5.68796622e+01 5.28587196e+01 1.48697429e+01
5.73530878e+01 5.15846314e+01 1.47853414e+01
5.77873772e+01 5.02980591e+01 1.46981265e+01
5.86114322e+01 4.93617503e+01 1.47009399e+01
5.93939393e+01 4.83904504e+01 1.46981265e+01
6.05878995e+01 4.77436625e+01 1.47853414e+01
6.16952500e+01 4.70088851e+01 1.48556759e+01
6.16852501e+01 4.54335300e+01 1.46981265e+01
6.24304566e+01 4.44333260e+01 1.47009399e+01
6.31454255e+01 4.34112612e+01 1.47009399e+01
6.42688332e+01 4.26599104e+01 1.47853414e+01
6.57138415e+01 4.20944469e+01 1.49344507e+01
6.60574724e+01 4.08136075e+01 1.48697429e+01
6.63769064e+01 3.95327893e+01 1.48050350e+01
6.74394632e+01 3.86926269e+01 1.48866232e+01
6.75208197e+01 3.87393043e+01 1.38077758e+01
6.73207047e+01 4.00948971e+01 1.38851992e+01
6.62240925e+01 4.09165537e+01 1.38077758e+01
6.51186845e+01 4.17132060e+01 1.37303523e+01
6.44168903e+01 4.27581867e+01 1.37277715e+01
6.44709576e+01 4.43225390e+01 1.38671338e+01
6.29076629e+01 4.47729657e+01 1.37122868e+01
6.18548657e+01 4.55584583e+01 1.36529288e+01
6.11051179e+01 4.65592322e+01 1.36529288e+01
6.02454530e+01 4.74738125e+01 1.36348633e+01
6.01519762e+01 4.90080512e+01 1.37690640e+01
5.90464076e+01 4.97280806e+01 1.37097060e+01
5.79462749e+01 5.04363635e+01 1.36529288e+01
5.70162500e+01 5.12816721e+01 1.36322825e+01
5.61864741e+01 5.22145344e+01 1.36348633e+01
5.56734497e+01 5.34527414e+01 1.37071252e+01
5.51833250e+01 5.47360145e+01 1.37897103e+01
5.36659617e+01 5.49925592e+01 1.36555096e+01
5.24125624e+01 5.54870154e+01 1.35780861e+01
5.24341743e+01 5.73518814e+01 1.37871295e+01
5.51311378e+01 6.23087384e+01 1.46181416e+01
5.43646391e+01 6.34956833e+01 1.46774996e+01
5.02246017e+01 6.06306931e+01 1.39419765e+01
5.21944547e+01 6.51384636e+01 1.46594341e+01
5.07931483e+01 6.55482021e+01 1.45768490e+01
4.99647980e+01 6.66937122e+01 1.46387878e+01
4.90825570e+01 6.77881139e+01 1.46929843e+01
4.79140409e+01 6.84942367e+01 1.46774996e+01
4.67832722e+01 6.92509320e+01 1.46749188e+01
4.53705296e+01 6.95748692e+01 1.45974953e+01
4.39597110e+01 6.98712781e+01 1.45200718e+01
4.27900692e+01 7.05338279e+01 1.45123295e+01
4.18600161e+01 7.16036125e+01 1.45794298e+01
4.19566133e+01 7.17688468e+01 1.34451951e+01
4.31103744e+01 7.10618091e+01 1.34428474e+01
4.40066475e+01 6.99458808e+01 1.33771118e+01
4.49154028e+01 6.88769407e+01 1.33207670e+01
4.63078492e+01 6.85471871e+01 1.33888503e+01
4.79363675e+01 6.85261532e+01 1.35132785e+01
4.91155360e+01 6.78336613e+01 1.35297124e+01
5.05306323e+01 6.74489958e+01 1.36024911e+01
5.13707066e+01 6.62935370e+01 1.35461463e+01
5.24536393e+01 6.54619249e+01 1.35484940e+01
5.32615973e+01 6.42969273e+01 1.34944968e+01
5.49232004e+01 6.41480602e+01 1.36259681e+01
5.22928161e+01 5.91008915e+01 1.28653130e+01
5.62098924e+01 6.14817172e+01 1.34686721e+01
5.78717366e+01 6.12664176e+01 1.36024911e+01
5.40417440e+01 5.53776307e+01 1.26540199e+01
5.43174876e+01 5.38771955e+01 1.25342872e+01
5.54583147e+01 5.32461877e+01 1.25859366e+01
5.69807951e+01 5.29527031e+01 1.27103648e+01
5.74541645e+01 5.16755420e+01 1.26399337e+01
5.79784594e+01 5.04643768e+01 1.25835889e+01
5.88052500e+01 4.95249810e+01 1.25859366e+01
5.96035759e+01 4.85612491e+01 1.25859366e+01
6.06946771e+01 4.78278040e+01 1.26399337e+01
6.14651277e+01 4.68335428e+01 1.26399337e+01
6.19029741e+01 4.55938919e+01 1.25859366e+01
6.26229873e+01 4.45703549e+01 1.25835889e+01
6.33542365e+01 4.35548148e+01 1.25859366e+01
6.44959463e+01 4.28106620e+01 1.26587153e+01
6.55006540e+01 4.19578849e+01 1.27103648e+01
6.58407108e+01 4.06796814e+01 1.26563676e+01
4.28377167e+01 2.55133075e+01 8.87187388e+00
6.75892121e+01 3.87785436e+01 1.27291464e+01
6.77337124e+01 3.88614490e+01 1.16636268e+01
6.70774914e+01 3.99500440e+01 1.16615126e+01
6.64037827e+01 4.10275754e+01 1.16593985e+01
4.09011873e+01 2.62001554e+01 8.01666481e+00
6.46054717e+01 4.28833619e+01 1.15959730e+01
6.42232140e+01 4.41522200e+01 1.16445992e+01
6.31893426e+01 4.49734442e+01 1.15980872e+01
6.20356145e+01 4.56915867e+01 1.15346618e+01
6.12836758e+01 4.66952849e+01 1.15346618e+01
6.05154996e+01 4.76866109e+01 1.15346618e+01
6.00364018e+01 4.89138885e+01 1.15832879e+01
5.92191906e+01 4.98735961e+01 1.15811738e+01
5.77800221e+01 5.02916573e+01 1.14796931e+01
5.69156050e+01 5.11911497e+01 1.14733505e+01
5.64383266e+01 5.24485829e+01 1.15346618e+01
5.58486956e+01 5.36209971e+01 1.15811738e+01
5.50535502e+01 5.46072917e+01 1.15959730e+01
5.35598719e+01 5.48838470e+01 1.14902640e+01
5.26359341e+01 5.57234897e+01 1.14860356e+01
5.29458209e+01 5.79115144e+01 1.17101388e+01
5.46948287e+01 6.18156255e+01 1.22133138e+01
5.11106699e+01 5.96951798e+01 1.17249381e+01
5.01322425e+01 6.05191980e+01 1.17249381e+01
5.23076672e+01 6.52797523e+01 1.23507356e+01
5.09447131e+01 6.57437953e+01 1.22915385e+01
5.03295306e+01 6.71805625e+01 1.23866767e+01
4.94601771e+01 6.83096465e+01 1.24353028e+01
4.83221345e+01 6.90776161e+01 1.24310745e+01
4.69231538e+01 6.94579917e+01 1.23718774e+01
4.57957190e+01 7.02268894e+01 1.23739916e+01
4.43549824e+01 7.04995378e+01 1.23063378e+01
4.29353315e+01 7.07732738e+01 1.22429124e+01
4.19676596e+01 7.17877419e+01 1.22894244e+01
4.20484608e+01 7.19259564e+01 1.11524901e+01
4.32225158e+01 7.12466594e+01 1.11543704e+01
4.40935416e+01 7.00839936e+01 1.10960821e+01
4.53033475e+01 6.94718468e+01 1.11111242e+01
4.66583932e+01 6.90660798e+01 1.11562506e+01
4.80514677e+01 6.86906916e+01 1.12088981e+01
4.94747650e+01 6.83297939e+01 1.12671863e+01
5.06523430e+01 6.76114570e+01 1.12803482e+01
5.14627034e+01 6.64122582e+01 1.12295810e+01
5.23546893e+01 6.53384358e+01 1.11976165e+01
5.34112648e+01 6.44776045e+01 1.11976165e+01
5.81989115e+01 6.79739572e+01 1.18293860e+01
5.18361116e+01 5.85847280e+01 1.05940509e+01
5.27828259e+01 5.77332323e+01 1.05940509e+01
5.73991573e+01 6.07661174e+01 1.11825744e+01
5.41791943e+01 5.55184788e+01 1.05226008e+01
5.40779132e+01 5.36395630e+01 1.03684190e+01
5.53147234e+01 5.31083240e+01 1.04248270e+01
5.71008635e+01 5.30642836e+01 1.05639667e+01
5.75874876e+01 5.17954557e+01 1.05094390e+01
5.81255986e+01 5.05924466e+01 1.04661928e+01
5.85612303e+01 4.93194709e+01 1.04116651e+01
5.97282768e+01 4.86628476e+01 1.04643126e+01
6.08355198e+01 4.79387890e+01 1.05094390e+01
6.16077583e+01 4.69422206e+01 1.05094390e+01
6.20462851e+01 4.56994460e+01 1.04661928e+01
6.27819135e+01 4.46834667e+01 1.04661928e+01
6.30772172e+01 4.33643693e+01 1.04097848e+01
6.46171724e+01 4.28911286e+01 1.05207206e+01
6.53211809e+01 4.18429195e+01 1.05226008e+01
6.59207023e+01 4.07291041e+01 1.05131995e+01
4.17047039e+01 2.48385073e+01 7.33742943e+00
4.20886088e+01 2.41478618e+01 7.33554916e+00
4.28712541e+01 2.45968956e+01 6.74945462e+00
6.72081704e+01 4.00278739e+01 9.51144474e+00
4.05148544e+01 2.50321017e+01 6.57662449e+00
3.97696482e+01 2.54753231e+01 6.53876646e+00
6.47451684e+01 4.29760889e+01 9.46206470e+00
6.39097852e+01 4.39367437e+01 9.44725069e+00
6.31861617e+01 4.49711803e+01 9.44725069e+00
6.17410337e+01 4.54746167e+01 9.36330462e+00
6.09926657e+01 4.64735488e+01 9.36330462e+00
6.02416175e+01 4.74707900e+01 9.36495062e+00
5.97403735e+01 4.86727032e+01 9.39951665e+00
5.93471636e+01 4.99813733e+01 9.45054269e+00
5.81244407e+01 5.05914387e+01 9.39951665e+00
5.69997728e+01 5.12668521e+01 9.36165862e+00
5.61577529e+01 5.21878435e+01 9.36165862e+00
5.55855984e+01 5.33683944e+01 9.39951665e+00
5.50751120e+01 5.46286787e+01 9.44889669e+00
5.35553156e+01 5.48791780e+01 9.36330462e+00
5.23956791e+01 5.54691417e+01 9.32709259e+00
5.26902503e+01 5.76319743e+01 9.49827673e+00
5.51456886e+01 6.23251835e+01 9.99043110e+00
5.05297027e+01 5.90166338e+01 9.46041870e+00
4.95733455e+01 5.98445024e+01 9.46206470e+00
4.94619750e+01 6.17283403e+01 9.59539080e+00
5.12785277e+01 6.61745807e+01 1.00381651e+01
5.02049034e+01 6.70142083e+01 1.00398111e+01
5.19056250e+01 7.16870643e+01 1.04973995e+01
5.04170938e+01 7.20724092e+01 1.04447274e+01
4.72869698e+01 6.99965303e+01 1.01105892e+01
4.58695065e+01 7.03400411e+01 1.00628552e+01
4.44534615e+01 7.06560644e+01 1.00151211e+01
4.32886044e+01 7.13555978e+01 1.00134751e+01
4.18702239e+01 7.16210735e+01 9.96574108e+00
4.19350161e+01 7.17319037e+01 8.83166051e+00
4.28296576e+01 7.05990842e+01 8.78931765e+00
4.42384907e+01 7.03143815e+01 8.83024909e+00
4.56024026e+01 6.99304422e+01 8.86412338e+00
4.70231925e+01 6.96060739e+01 8.90646625e+00
4.99130332e+01 7.13518427e+01 9.15911203e+00
5.11282775e+01 7.06134666e+01 9.16758061e+00
4.99733565e+01 6.67051362e+01 8.85283195e+00
4.86106321e+01 6.27316802e+01 8.52538043e+00
4.90665358e+01 6.12348338e+01 8.45198612e+00
5.62611316e+01 6.79179384e+01 9.25085492e+00
5.09443007e+01 5.95008675e+01 8.44069469e+00
5.19060452e+01 5.86637663e+01 8.44069469e+00
5.31207144e+01 5.81028108e+01 8.47315756e+00
6.07497725e+01 6.43132754e+01 9.27343778e+00
5.42637107e+01 5.56050843e+01 8.38847182e+00
5.41734101e+01 5.37342859e+01 8.27414608e+00
5.54003273e+01 5.31905133e+01 8.31507752e+00
5.69133097e+01 5.28899884e+01 8.38847182e+00
5.76772258e+01 5.18761682e+01 8.37859182e+00
5.78399774e+01 5.03438422e+01 8.30519751e+00
5.86649030e+01 4.94067827e+01 8.30660894e+00
5.94613236e+01 4.84453509e+01 8.30660894e+00
6.06468894e+01 4.77901470e+01 8.34895181e+00
6.12937215e+01 4.67029393e+01 8.33624895e+00
6.17413982e+01 4.54748852e+01 8.30519751e+00
6.24734118e+01 4.44638982e+01 8.30519751e+00
6.31888727e+01 4.34411303e+01 8.30519751e+00
6.43170903e+01 4.26919422e+01 8.34754038e+00
6.53362615e+01 4.18525797e+01 8.38000325e+00
6.61111673e+01 4.08467830e+01 8.38988325e+00
4.16546488e+01 2.48086954e+01 5.98904259e+00
4.13077101e+01 2.36998300e+01 5.91847114e+00
4.08965362e+01 2.34639236e+01 5.22979261e+00
4.09525558e+01 2.43905425e+01 5.26509041e+00
4.04769595e+01 2.50086883e+01 5.25920745e+00
4.01804061e+01 2.57384431e+01 5.26862019e+00
6.47070432e+01 4.29507824e+01 7.31706919e+00
6.40135372e+01 4.40080712e+01 7.31824578e+00
6.28823292e+01 4.47549350e+01 7.28412457e+00
6.18269759e+01 4.55379164e+01 7.25706293e+00
6.10775661e+01 4.65382390e+01 7.25706293e+00
6.03119734e+01 4.75262310e+01 7.25706293e+00
5.98237810e+01 4.87406584e+01 7.28294798e+00
5.94172113e+01 5.00403665e+01 7.31824578e+00
5.79201474e+01 5.04136221e+01 7.25706293e+00
5.70918936e+01 5.13497075e+01 7.25706293e+00
5.62485128e+01 5.22721874e+01 7.25706293e+00
5.60230378e+01 5.37883851e+01 7.31706919e+00
5.51645293e+01 5.47173712e+01 7.31942237e+00
5.36418771e+01 5.49678793e+01 7.25823952e+00
5.21376633e+01 5.51959910e+01 7.19823326e+00
5.24162072e+01 5.73322292e+01 7.31824578e+00
5.89648391e+01 6.66415546e+01 8.09126760e+00
5.09362188e+01 5.94914281e+01 7.36177973e+00
4.96429118e+01 5.99284823e+01 7.32765853e+00
4.89728057e+01 6.11178590e+01 7.36177973e+00
5.40297562e+01 6.97250219e+01 8.03832090e+00
4.71121941e+01 6.28860166e+01 7.37942863e+00
4.60420076e+01 6.35887990e+01 7.37472226e+00
4.59868577e+01 6.57392835e+01 7.49238159e+00
4.65765630e+01 6.89449506e+01 7.69593224e+00
4.73367373e+01 7.25900124e+01 7.93242750e+00
4.63504422e+01 7.36711995e+01 7.95831255e+00
4.33518660e+01 7.14598763e+01 7.72181729e+00
4.16620954e+01 7.12650594e+01 7.65122169e+00
4.17196406e+01 7.13634934e+01 6.52393124e+00
4.28667653e+01 7.06602514e+01 6.52298970e+00
4.40112207e+01 6.99531496e+01 6.52298970e+00
4.56330083e+01 6.99773756e+01 6.57194969e+00
4.85295885e+01 7.18359163e+01 6.74425118e+00
4.96924299e+01 7.10364853e+01 6.74425118e+00
4.82978068e+01 6.67042922e+01 6.50698355e+00
4.83552684e+01 6.45452895e+01 6.41377127e+00
4.81024347e+01 6.20758550e+01 6.29796207e+00
4.88696374e+01 6.09891054e+01 6.27724823e+00
5.59840063e+01 6.75833952e+01 6.80262654e+00
5.09184874e+01 5.94707186e+01 6.28478054e+00
5.19367846e+01 5.86985078e+01 6.28948823e+00
5.31641305e+01 5.81502988e+01 6.31208515e+00
6.10783678e+01 6.46611456e+01 6.86759268e+00
5.39706365e+01 5.53047655e+01 6.22922978e+00
5.38980836e+01 5.34611912e+01 6.15484827e+00
5.54689813e+01 5.32564289e+01 6.20851594e+00
5.69968627e+01 5.29676349e+01 6.25841747e+00
5.74418650e+01 5.16644796e+01 6.22828825e+00
5.72103715e+01 4.97958341e+01 6.15108211e+00
5.86980491e+01 4.94346979e+01 6.20004210e+00
5.98953201e+01 4.87989440e+01 6.22828825e+00
6.06952058e+01 4.78282206e+01 6.22922978e+00
6.13561147e+01 4.67504800e+01 6.22169748e+00
6.18039876e+01 4.55209847e+01 6.20098364e+00
6.25367433e+01 4.45089729e+01 6.20098364e+00
6.32529294e+01 4.34851681e+01 6.20098364e+00
6.43683153e+01 4.27259440e+01 6.22828825e+00
6.54901311e+01 4.19511443e+01 6.25653439e+00
6.61642923e+01 4.08796062e+01 6.25653439e+00
4.32143897e+01 2.57376466e+01 4.75383944e+00
4.28361735e+01 2.45767685e+01 4.70393791e+00
4.36798456e+01 2.50608158e+01 4.06638914e+00
6.68733094e+01 3.98284372e+01 5.19294943e+00
6.62308194e+01 4.09207100e+01 5.19365573e+00
4.27090905e+01 2.73582476e+01 4.08122159e+00
6.44331880e+01 4.27690047e+01 5.17246651e+00
6.40266147e+01 4.40170618e+01 5.18729897e+00
6.30069316e+01 4.48436177e+01 5.17246651e+00
6.18525475e+01 4.55567509e+01 5.15127729e+00
6.11165303e+01 4.65679279e+01 5.15198360e+00
6.03233878e+01 4.75352255e+01 5.15057098e+00
5.98354860e+01 4.87501950e+01 5.16610975e+00
5.90472305e+01 4.97287737e+01 5.16681605e+00
5.79570974e+01 5.04457833e+01 5.15198360e+00
5.71155068e+01 5.13709458e+01 5.15127729e+00
5.62717772e+01 5.22938072e+01 5.15127729e+00
5.56865227e+01 5.34652930e+01 5.16681605e+00
5.51758148e+01 5.47285652e+01 5.18800527e+00
5.36520447e+01 5.49782983e+01 5.15127729e+00
5.21231005e+01 5.51805740e+01 5.11384300e+00
5.21944362e+01 5.70896586e+01 5.17317282e+00
5.89408910e+01 6.66144887e+01 5.64851769e+00
5.12048502e+01 5.98051786e+01 5.22967741e+00
4.96971248e+01 5.99939277e+01 5.19577466e+00
4.86817057e+01 6.07545675e+01 5.19365573e+00
5.35004225e+01 6.90419205e+01 5.58283111e+00
4.68333046e+01 6.25137510e+01 5.20425034e+00
4.57287420e+01 6.31561467e+01 5.19859989e+00
4.59388889e+01 6.56707110e+01 5.28759462e+00
4.50856836e+01 6.67380766e+01 5.30383969e+00
4.73621494e+01 7.26289814e+01 5.55669773e+00
4.59168308e+01 7.29820006e+01 5.53692113e+00
4.30966173e+01 7.10391322e+01 5.40837318e+00
4.14390329e+01 7.08835001e+01 5.36811366e+00
4.14547753e+01 7.09104282e+01 4.24518958e+00
4.23442483e+01 6.97989505e+01 4.23153218e+00
4.37409163e+01 6.95235173e+01 4.24518958e+00
4.53468805e+01 6.95386038e+01 4.26920777e+00
4.85084770e+01 7.18046661e+01 4.36857713e+00
4.94534708e+01 7.06948876e+01 4.35821634e+00
5.08907417e+01 7.02854050e+01 4.37187374e+00
4.81012564e+01 6.42062309e+01 4.19291471e+00
4.83376521e+01 6.23794014e+01 4.15712290e+00
4.88831795e+01 6.10060059e+01 4.13687228e+00
5.51141262e+01 6.65332837e+01 4.36151295e+00
3.38722804e+01 3.95614433e+01 3.42386183e+00
5.18827769e+01 5.86374688e+01 4.14016889e+00
5.31675958e+01 5.81540891e+01 4.15382629e+00
6.45336653e+01 6.83191264e+01 4.56872867e+00
5.39730376e+01 5.53072259e+01 4.11238315e+00
5.38504965e+01 5.34139897e+01 4.07329473e+00
5.47252123e+01 5.25423274e+01 4.07376567e+00
5.68861940e+01 5.28647896e+01 4.12274393e+00
5.74700354e+01 5.16898166e+01 4.11285409e+00
5.79007683e+01 5.03967545e+01 4.09825480e+00
5.87002211e+01 4.94365271e+01 4.09778386e+00
5.95104828e+01 4.84854027e+01 4.09825480e+00
6.06437577e+01 4.77876792e+01 4.11049937e+00
6.13587264e+01 4.67524700e+01 4.10861559e+00
6.17785353e+01 4.55022381e+01 4.09731291e+00
6.25250309e+01 4.45006369e+01 4.09778386e+00
6.32552854e+01 4.34867877e+01 4.09825480e+00
4.05918456e+01 2.69437675e+01 3.33202759e+00
6.53919079e+01 4.18882253e+01 4.12274393e+00
6.57278291e+01 4.06099374e+01 4.11191220e+00
6.60395523e+01 3.93318678e+01 4.10108047e+00
4.70127759e+01 2.69730468e+01 3.48178804e+00
6.70573025e+01 3.84733665e+01 3.05624120e+00
6.68665427e+01 3.98244071e+01 3.06330603e+00
6.62094639e+01 4.09075155e+01 3.06330603e+00
6.47944859e+01 4.15055335e+01 3.05129582e+00
6.44119518e+01 4.27549087e+01 3.05624120e+00
6.37217049e+01 4.38074422e+01 3.05647669e+00
3.85749670e+01 2.74547741e+01 2.64695198e+00
3.91501698e+01 2.88355873e+01 2.66437856e+00
6.10411086e+01 4.65104600e+01 3.04846989e+00
6.03301363e+01 4.75405434e+01 3.04941186e+00
5.95483282e+01 4.85162367e+01 3.04941186e+00
5.90276560e+01 4.97122883e+01 3.05435724e+00
5.79245861e+01 5.04174856e+01 3.04917637e+00
5.67117317e+01 5.10077815e+01 3.04211154e+00
5.62528234e+01 5.22761933e+01 3.04917637e+00
5.56680623e+01 5.34475689e+01 3.05435724e+00
5.51456794e+01 5.46986741e+01 3.06118658e+00
5.36339733e+01 5.49597801e+01 3.04917637e+00
5.21167029e+01 5.51738011e+01 3.03693066e+00
5.21656135e+01 5.70581327e+01 3.05624120e+00
5.21667377e+01 5.89583988e+01 3.07555174e+00
6.10782269e+01 7.13368803e+01 3.28302228e+00
5.00110664e+01 6.03729152e+01 3.07107735e+00
3.19460191e+01 3.98684998e+01 2.69805425e+00
3.15990809e+01 4.07783925e+01 2.70488359e+00
4.68183694e+01 6.24938152e+01 3.06683845e+00
4.60072793e+01 6.35408357e+01 3.07178383e+00
4.62417027e+01 6.61035904e+01 3.10216260e+00
4.50727547e+01 6.67189387e+01 3.10004315e+00
4.71542947e+01 7.23102401e+01 3.17940476e+00
4.13164947e+01 6.56700470e+01 3.06000911e+00
4.42391263e+01 7.29224088e+01 3.16527510e+00
4.12365506e+01 7.05371442e+01 3.11629227e+00
4.07319061e+01 6.96739250e+01 3.10263359e+00
