3.30510984e-01 5.61654837e-01 6.05894473e-01 1.00000000e+00
3.15978732e-01 3.16532031e-01 2.89033625e-01 1.00000000e+00
5.63505488e-01 5.60227854e-01 5.30635345e-01 1.00000000e+00
5.79362495e-01 5.83353621e-01 5.40793904e-01 1.00000000e+00
5.80847442e-01 5.77699438e-01 5.40178426e-01 1.00000000e+00
5.80406911e-01 5.64392874e-01 5.29076624e-01 1.00000000e+00
5.78152616e-01 5.53525038e-01 5.13278636e-01 1.00000000e+00
5.83054313e-01 5.60203614e-01 5.14884782e-01 1.00000000e+00
6.10971118e-01 5.87395334e-01 5.39711547e-01 1.00000000e+00
6.14997023e-01 5.98657329e-01 5.56665665e-01 1.00000000e+00
6.06937836e-01 6.01993982e-01 5.62862608e-01 1.00000000e+00
6.10244979e-01 6.12577264e-01 5.72474193e-01 1.00000000e+00
5.90358906e-01 5.97582349e-01 5.56054402e-01 1.00000000e+00
5.68200621e-01 5.74804369e-01 5.32070759e-01 1.00000000e+00
5.59396325e-01 5.66556534e-01 5.27143768e-01 1.00000000e+00
5.55503212e-01 5.62738248e-01 5.25676737e-01 1.00000000e+00
5.71909301e-01 5.78294892e-01 5.34375642e-01 1.00000000e+00
5.95774908e-01 6.03169083e-01 5.61967845e-01 1.00000000e+00
6.05636267e-01 6.06973668e-01 5.67570387e-01 1.00000000e+00
6.09676926e-01 5.97430587e-01 5.59046430e-01 1.00000000e+00
5.96975302e-01 5.80262527e-01 5.35486455e-01 1.00000000e+00
5.91109284e-01 5.68762350e-01 5.31830469e-01 1.00000000e+00
5.86054771e-01 5.67829647e-01 5.23173720e-01 1.00000000e+00
6.00231858e-01 5.82583219e-01 5.42638232e-01 1.00000000e+00
6.25483346e-01 6.20738680e-01 5.81461867e-01 1.00000000e+00
6.23687497e-01 6.30652734e-01 5.88102502e-01 1.00000000e+00
5.89536863e-01 5.96075270e-01 5.57052447e-01 1.00000000e+00
5.42679335e-01 5.46912858e-01 5.16477228e-01 1.00000000e+00
4.97173962e-01 5.04847421e-01 4.77553472e-01 1.00000000e+00
4.94702563e-01 5.00589658e-01 4.70535540e-01 1.00000000e+00
5.46135079e-01 5.50653156e-01 5.18668290e-01 1.00000000e+00
5.88434482e-01 5.94113958e-01 5.54948859e-01 1.00000000e+00
6.29468148e-01 6.35652444e-01 5.92670113e-01 1.00000000e+00
6.26741704e-01 6.17452614e-01 5.74234209e-01 1.00000000e+00
5.98804875e-01 5.77803774e-01 5.37670139e-01 1.00000000e+00
5.95117273e-01 5.74172028e-01 5.29007066e-01 1.00000000e+00
5.90826839e-01 5.72269736e-01 5.27102666e-01 1.00000000e+00
6.19704802e-01 6.08987675e-01 5.68264909e-01 1.00000000e+00
6.24617038e-01 6.29274231e-01 5.89275495e-01 1.00000000e+00
6.05589895e-01 6.15004400e-01 5.72045255e-01 1.00000000e+00
5.42424290e-01 5.46182504e-01 5.14870028e-01 1.00000000e+00
4.72554816e-01 4.74925041e-01 4.52952242e-01 1.00000000e+00
4.10672864e-01 4.14062212e-01 3.98542454e-01 1.00000000e+00
4.22105590e-01 4.23097312e-01 4.10192284e-01 1.00000000e+00
4.81110391e-01 4.84468122e-01 4.62089571e-01 1.00000000e+00
5.73345769e-01 5.79719768e-01 5.46816953e-01 1.00000000e+00
6.59858461e-01 6.65621196e-01 6.22065542e-01 1.00000000e+00
6.68344478e-01 6.64042451e-01 6.18980772e-01 1.00000000e+00
6.45722476e-01 6.26971455e-01 5.78154723e-01 1.00000000e+00
6.40402380e-01 6.19382308e-01 5.73188738e-01 1.00000000e+00
5.86542728e-01 5.87208794e-01 5.76234514e-01 1.00000000e+00
2.57772789e-01 2.58737109e-01 2.48732420e-01 1.00000000e+00
6.28283563e-02 6.05519284e-02 6.63315259e-02 1.00000000e+00
2.40802862e-01 2.39191447e-01 2.23645341e-01 1.00000000e+00
2.39321076e-01 2.37645373e-01 2.25008036e-01 1.00000000e+00
2.37691744e-01 2.35811583e-01 2.22744255e-01 1.00000000e+00
2.34326636e-01 2.31989082e-01 2.16803410e-01 1.00000000e+00
2.32465445e-01 2.30279653e-01 2.11261995e-01 1.00000000e+00
2.33253764e-01 2.31384142e-01 2.10081625e-01 1.00000000e+00
2.29808559e-01 2.27975823e-01 2.08439646e-01 1.00000000e+00
2.26555164e-01 2.24928993e-01 2.07401552e-01 1.00000000e+00
2.25963925e-01 2.24547481e-01 2.05742711e-01 1.00000000e+00
2.24160699e-01 2.22444947e-01 2.03083717e-01 1.00000000e+00
2.24687650e-01 2.22316371e-01 2.07309863e-01 1.00000000e+00
2.23021431e-01 2.23626371e-01 2.01932856e-01 1.00000000e+00
2.23639018e-01 2.22682075e-01 2.04706725e-01 1.00000000e+00
2.27299219e-01 2.24404150e-01 2.07237144e-01 1.00000000e+00
2.28351013e-01 2.26524601e-01 2.07462679e-01 1.00000000e+00
2.30606362e-01 2.27661761e-01 2.12197860e-01 1.00000000e+00
2.31579114e-01 2.29556676e-01 2.16386065e-01 1.00000000e+00
2.31142798e-01 2.31209194e-01 2.13051520e-01 1.00000000e+00
2.27445711e-01 2.25010144e-01 2.05528769e-01 1.00000000e+00
2.19922960e-01 2.17482123e-01 1.98200990e-01 1.00000000e+00
2.17568543e-01 2.15550321e-01 1.96061569e-01 1.00000000e+00
2.14912711e-01 2.11094424e-01 1.94370057e-01 1.00000000e+00
2.13077868e-01 2.12009211e-01 1.94070748e-01 1.00000000e+00
2.13407739e-01 2.09178431e-01 1.90176581e-01 1.00000000e+00
2.10882590e-01 2.07522751e-01 1.89651738e-01 1.00000000e+00
2.12103008e-01 2.07502727e-01 1.89881489e-01 1.00000000e+00
2.08863314e-01 2.05524553e-01 1.88202623e-01 1.00000000e+00
2.08426999e-01 2.03973210e-01 1.85507796e-01 1.00000000e+00
2.06597425e-01 2.03453636e-01 1.84407523e-01 1.00000000e+00
2.01206718e-01 1.97027997e-01 1.80166622e-01 1.00000000e+00
2.11915414e-01 2.08673612e-01 1.86111682e-01 1.00000000e+00
2.11906983e-01 2.08302638e-01 1.84065005e-01 1.00000000e+00
2.13852485e-01 2.07126484e-01 1.89140596e-01 1.00000000e+00
2.10261842e-01 2.08618809e-01 1.85903009e-01 1.00000000e+00
2.12731134e-01 2.09942510e-01 1.88498770e-01 1.00000000e+00
2.14766218e-01 2.11194545e-01 1.88924546e-01 1.00000000e+00
2.15459686e-01 2.12444473e-01 1.91003894e-01 1.00000000e+00
2.17553789e-01 2.14796781e-01 1.93837836e-01 1.00000000e+00
2.17952163e-01 2.15848575e-01 1.95445036e-01 1.00000000e+00
2.21100168e-01 2.18341053e-01 1.99351850e-01 1.00000000e+00
2.25347392e-01 2.23827666e-01 2.00809397e-01 1.00000000e+00
2.22450216e-01 2.18843764e-01 2.04469598e-01 1.00000000e+00
2.16286999e-01 2.18767883e-01 1.97664554e-01 1.00000000e+00
2.17804617e-01 2.16528342e-01 2.02125720e-01 1.00000000e+00
2.16383958e-01 2.13981061e-01 1.95046662e-01 1.00000000e+00
2.13810329e-01 2.10605414e-01 1.91075559e-01 1.00000000e+00
2.07426846e-01 2.09846605e-01 1.90730934e-01 1.00000000e+00
2.05883934e-01 2.08998214e-01 1.89005696e-01 1.00000000e+00
2.10117457e-01 2.07420523e-01 1.90816300e-01 1.00000000e+00
2.09962534e-01 2.07068519e-01 1.89949992e-01 1.00000000e+00
2.09012968e-01 2.08180386e-01 1.88706388e-01 1.00000000e+00
2.03258664e-01 2.00183379e-01 1.81570419e-01 1.00000000e+00
2.16416628e-01 2.06141086e-01 1.91034457e-01 1.00000000e+00
2.14913764e-01 2.05817538e-01 1.91892333e-01 1.00000000e+00
2.14237160e-01 2.05418109e-01 1.89767667e-01 1.00000000e+00
2.11883797e-01 2.06177972e-01 1.89384047e-01 1.00000000e+00
2.13462542e-01 2.05426540e-01 1.97528600e-01 1.00000000e+00
2.17037377e-01 2.08823266e-01 1.94635640e-01 1.00000000e+00
2.16676942e-01 2.08910740e-01 1.92841899e-01 1.00000000e+00
2.14938004e-01 2.11264103e-01 1.92934642e-01 1.00000000e+00
2.17032107e-01 2.13243330e-01 1.95060362e-01 1.00000000e+00
2.18558157e-01 2.15891785e-01 1.95331215e-01 1.00000000e+00
2.13148479e-01 2.11089155e-01 1.92892486e-01 1.00000000e+00
2.14291962e-01 2.14696661e-01 1.95985688e-01 1.00000000e+00
2.17567489e-01 2.16397658e-01 1.99320233e-01 1.00000000e+00
2.18463306e-01 2.14064320e-01 1.96708665e-01 1.00000000e+00
2.16322831e-01 2.13277055e-01 1.96317667e-01 1.00000000e+00
2.12343298e-01 2.11192437e-01 1.91235753e-01 1.00000000e+00
2.13905180e-01 2.07403660e-01 2.00201295e-01 1.00000000e+00
2.11833209e-01 2.07349911e-01 1.89867788e-01 1.00000000e+00
2.09386050e-01 2.04710941e-01 1.86632309e-01 1.00000000e+00
2.02575736e-01 2.01358479e-01 1.78176855e-01 1.00000000e+00
2.01755800e-01 2.02301722e-01 1.74611505e-01 1.00000000e+00
2.01305784e-01 1.99651159e-01 1.77487603e-01 1.00000000e+00
2.11591866e-01 2.03531625e-01 1.90388416e-01 1.00000000e+00
2.25336853e-01 2.25639323e-01 2.01640925e-01 1.00000000e+00
2.28681938e-01 2.24914239e-01 2.09007699e-01 1.00000000e+00
2.27096869e-01 2.26425534e-01 2.03096364e-01 1.00000000e+00
2.26156789e-01 2.26164166e-01 2.02767546e-01 1.00000000e+00
2.25648808e-01 2.27688108e-01 2.03393564e-01 1.00000000e+00
2.28814729e-01 2.29247883e-01 2.06947321e-01 1.00000000e+00
2.29779049e-01 2.30680136e-01 2.07243467e-01 1.00000000e+00
2.31376765e-01 2.31084834e-01 2.15612501e-01 1.00000000e+00
2.37721254e-01 2.32724705e-01 2.19320128e-01 1.00000000e+00
2.30034094e-01 2.26778591e-01 2.12912405e-01 1.00000000e+00
2.21169726e-01 2.22383820e-01 2.04928045e-01 1.00000000e+00
2.20780836e-01 2.22332179e-01 2.06029372e-01 1.00000000e+00
2.19803869e-01 2.20481528e-01 2.04219823e-01 1.00000000e+00
2.17807779e-01 2.19389685e-01 2.02306991e-01 1.00000000e+00
2.21723024e-01 2.18944939e-01 2.03127981e-01 1.00000000e+00
2.15653604e-01 2.17202839e-01 1.89534755e-01 1.00000000e+00
2.19896612e-01 2.14716685e-01 1.99390845e-01 1.00000000e+00
2.19677401e-01 2.15443877e-01 1.99682776e-01 1.00000000e+00
2.16437706e-01 2.16738069e-01 1.91493959e-01 1.00000000e+00
2.16112051e-01 2.18089171e-01 1.87658810e-01 1.00000000e+00
2.10821464e-01 2.11954408e-01 1.81826517e-01 1.00000000e+00
2.39190393e-01 2.36612549e-01 2.09035100e-01 1.00000000e+00
2.35863225e-01 2.34045244e-01 2.08619863e-01 1.00000000e+00
2.34683909e-01 2.33887159e-01 2.07180233e-01 1.00000000e+00
2.37228027e-01 2.34742927e-01 2.09363918e-01 1.00000000e+00
2.38042694e-01 2.33675324e-01 2.15846468e-01 1.00000000e+00
2.38993313e-01 2.35396346e-01 2.15110844e-01 1.00000000e+00
2.38223965e-01 2.36564069e-01 2.13453057e-01 1.00000000e+00
2.39919693e-01 2.38442122e-01 2.13479404e-01 1.00000000e+00
2.39863836e-01 2.39432790e-01 2.17686580e-01 1.00000000e+00
2.42148695e-01 2.40384463e-01 2.17794078e-01 1.00000000e+00
2.36082436e-01 2.34722903e-01 2.10504239e-01 1.00000000e+00
2.31962734e-01 2.30803442e-01 2.06151625e-01 1.00000000e+00
2.31171254e-01 2.30913048e-01 2.05193628e-01 1.00000000e+00
2.30966797e-01 2.29780103e-01 2.06590048e-01 1.00000000e+00
2.30455654e-01 2.27539508e-01 2.05702663e-01 1.00000000e+00
2.30096274e-01 2.25260972e-01 2.05199952e-01 1.00000000e+00
2.25923877e-01 2.24078495e-01 1.99241191e-01 1.00000000e+00
2.24227095e-01 2.24185993e-01 1.96181714e-01 1.00000000e+00
2.24704512e-01 2.22936065e-01 1.96095294e-01 1.00000000e+00
2.24118543e-01 2.21777827e-01 1.94216187e-01 1.00000000e+00
2.25749983e-01 2.22512397e-01 1.93637595e-01 1.00000000e+00
2.16635840e-01 2.14860015e-01 1.86900001e-01 1.00000000e+00
2.26633153e-01 2.26632099e-01 2.07206581e-01 1.00000000e+00
2.24803579e-01 2.25325260e-01 2.06504682e-01 1.00000000e+00
2.26540409e-01 2.25282050e-01 2.09992043e-01 1.00000000e+00
2.27591149e-01 2.26071423e-01 2.07094867e-01 1.00000000e+00
2.27341375e-01 2.26245317e-01 2.08300531e-01 1.00000000e+00
2.28793651e-01 2.27210691e-01 2.11648777e-01 1.00000000e+00
2.31209194e-01 2.29643096e-01 2.13218036e-01 1.00000000e+00
2.32600345e-01 2.31307207e-01 2.16014038e-01 1.00000000e+00
2.32552919e-01 2.31570683e-01 2.16433491e-01 1.00000000e+00
2.35337328e-01 2.33003989e-01 2.18178752e-01 1.00000000e+00
2.26932461e-01 2.26398132e-01 2.09057232e-01 1.00000000e+00
2.39315807e-01 2.34688124e-01 2.24371479e-01 1.00000000e+00
2.41791422e-01 2.34334013e-01 2.25182984e-01 1.00000000e+00
2.38304061e-01 2.33470868e-01 2.22857022e-01 1.00000000e+00
2.37899363e-01 2.32053370e-01 2.21825253e-01 1.00000000e+00
2.35597641e-01 2.30319701e-01 2.15084497e-01 1.00000000e+00
2.34371954e-01 2.29037103e-01 2.13445679e-01 1.00000000e+00
2.33882943e-01 2.27984255e-01 2.11853234e-01 1.00000000e+00
2.34379331e-01 2.27381423e-01 2.17136443e-01 1.00000000e+00
2.31983812e-01 2.25723635e-01 2.12564617e-01 1.00000000e+00
2.30873000e-01 2.26123064e-01 2.11072292e-01 1.00000000e+00
2.31418921e-01 2.26183137e-01 2.08860152e-01 1.00000000e+00
4.05838616e-01 4.07534344e-01 3.94400620e-01 1.00000000e+00
4.00946404e-01 4.03377755e-01 3.91776404e-01 1.00000000e+00
2.19784899e-01 2.20894657e-01 2.11237755e-01 1.00000000e+00
2.18231447e-01 2.21893756e-01 2.16557851e-01 1.00000000e+00
2.19732204e-01 2.22037087e-01 2.15477602e-01 1.00000000e+00
2.18513893e-01 2.20449911e-01 2.15990852e-01 1.00000000e+00
2.18032260e-01 2.20052590e-01 2.16766524e-01 1.00000000e+00
2.17167007e-01 2.20231753e-01 2.13673322e-01 1.00000000e+00
2.25611922e-01 2.25328422e-01 2.20519468e-01 1.00000000e+00
2.24857328e-01 2.26555164e-01 2.20180112e-01 1.00000000e+00
2.25500208e-01 2.26846041e-01 2.19848133e-01 1.00000000e+00
2.23233265e-01 2.23350248e-01 2.14301448e-01 1.00000000e+00
2.20257047e-01 2.20439372e-01 2.09129951e-01 1.00000000e+00
2.39859620e-01 2.41256040e-01 2.29372243e-01 1.00000000e+00
2.41028397e-01 2.39747907e-01 2.22917095e-01 1.00000000e+00
2.40702742e-01 2.39688888e-01 2.20418294e-01 1.00000000e+00
2.40458237e-01 2.39333723e-01 2.20214891e-01 1.00000000e+00
2.39613007e-01 2.39662541e-01 2.21908511e-01 1.00000000e+00
2.40365493e-01 2.39709966e-01 2.15317409e-01 1.00000000e+00
2.40555195e-01 2.39538180e-01 2.21341512e-01 1.00000000e+00
2.39701535e-01 2.39637247e-01 2.21823145e-01 1.00000000e+00
2.38847875e-01 2.37667505e-01 2.21133893e-01 1.00000000e+00
2.38309331e-01 2.37997376e-01 2.17177546e-01 1.00000000e+00
2.28314126e-01 2.26955647e-01 2.08953950e-01 1.00000000e+00
2.25106049e-01 2.25025952e-01 2.06171649e-01 1.00000000e+00
2.25436974e-01 2.24158591e-01 2.08501826e-01 1.00000000e+00
2.58019402e-01 2.56042283e-01 2.35312034e-01 1.00000000e+00
2.57808622e-01 2.55351977e-01 2.37860369e-01 1.00000000e+00
2.58257584e-01 2.55389917e-01 2.39059709e-01 1.00000000e+00
2.56758936e-01 2.55315090e-01 2.39194608e-01 1.00000000e+00
2.57875018e-01 2.55265557e-01 2.37093128e-01 1.00000000e+00
2.59325187e-01 2.57352282e-01 2.38196563e-01 1.00000000e+00
2.59630818e-01 2.57017142e-01 2.37153200e-01 1.00000000e+00
2.58477850e-01 2.57224760e-01 2.37015139e-01 1.00000000e+00
2.60202033e-01 2.59379990e-01 2.37463048e-01 1.00000000e+00
2.49242508e-01 2.47980988e-01 2.20486797e-01 1.00000000e+00
2.49029620e-01 2.48047383e-01 2.26421318e-01 1.00000000e+00
2.47709081e-01 2.46135606e-01 2.25167175e-01 1.00000000e+00
2.43997239e-01 2.43007625e-01 2.23415590e-01 1.00000000e+00
2.43204705e-01 2.42646137e-01 2.22729500e-01 1.00000000e+00
2.42416386e-01 2.41089524e-01 2.20502606e-01 1.00000000e+00
2.40880851e-01 2.40012436e-01 2.20137956e-01 1.00000000e+00
2.40039837e-01 2.39437006e-01 2.21277224e-01 1.00000000e+00
2.41185429e-01 2.40245348e-01 2.21443740e-01 1.00000000e+00
2.40841857e-01 2.39511833e-01 2.20882010e-01 1.00000000e+00
2.40440320e-01 2.39812195e-01 2.20040997e-01 1.00000000e+00
2.39507617e-01 2.38906893e-01 2.19092485e-01 1.00000000e+00
2.30984713e-01 2.30999468e-01 2.09612638e-01 1.00000000e+00
2.29095067e-01 2.28828430e-01 2.08593515e-01 1.00000000e+00
2.27938937e-01 2.27556371e-01 2.07943258e-01 1.00000000e+00
2.27302380e-01 2.26298012e-01 2.08365873e-01 1.00000000e+00
2.53895485e-01 2.52992291e-01 2.39043900e-01 1.00000000e+00
2.55291904e-01 2.53844897e-01 2.38230288e-01 1.00000000e+00
2.54462484e-01 2.53356941e-01 2.36850731e-01 1.00000000e+00
2.55104310e-01 2.54903015e-01 2.36724262e-01 1.00000000e+00
2.56803200e-01 2.55988534e-01 2.39449652e-01 1.00000000e+00
2.57198413e-01 2.56245686e-01 2.37526282e-01 1.00000000e+00
2.59329402e-01 2.57364929e-01 2.37766571e-01 1.00000000e+00
2.59495919e-01 2.57604165e-01 2.39624600e-01 1.00000000e+00
2.50787528e-01 2.50487166e-01 2.30960473e-01 1.00000000e+00
2.50167834e-01 2.49969700e-01 2.32094472e-01 1.00000000e+00
2.49582918e-01 2.49241454e-01 2.26841825e-01 1.00000000e+00
2.48312967e-01 2.47678518e-01 2.31291399e-01 1.00000000e+00
2.48367770e-01 2.47622661e-01 2.29815936e-01 1.00000000e+00
2.46975565e-01 2.46675203e-01 2.30807658e-01 1.00000000e+00
2.45784656e-01 2.45314616e-01 2.31200763e-01 1.00000000e+00
2.45157585e-01 2.44998445e-01 2.32048100e-01 1.00000000e+00
2.44241744e-01 2.45298808e-01 2.29027617e-01 1.00000000e+00
2.45652919e-01 2.45076434e-01 2.31681342e-01 1.00000000e+00
2.44464117e-01 2.44138462e-01 2.30958366e-01 1.00000000e+00
2.45089081e-01 2.45389443e-01 2.32249395e-01 1.00000000e+00
2.40143120e-01 2.40167360e-01 2.25872235e-01 1.00000000e+00
2.38404182e-01 2.39089218e-01 2.25562388e-01 1.00000000e+00
2.37154254e-01 2.38470578e-01 2.24625470e-01 1.00000000e+00
2.36454464e-01 2.37297585e-01 2.23537843e-01 1.00000000e+00
2.36390176e-01 2.37175332e-01 2.27957907e-01 1.00000000e+00
2.38477955e-01 2.38506410e-01 2.24051093e-01 1.00000000e+00
2.37630618e-01 2.38188132e-01 2.23941487e-01 1.00000000e+00
2.39402227e-01 2.38956426e-01 2.26961970e-01 1.00000000e+00
2.39469677e-01 2.39610899e-01 2.25781600e-01 1.00000000e+00
2.40469829e-01 2.40673232e-01 2.25762630e-01 1.00000000e+00
2.41005212e-01 2.41734512e-01 2.22833837e-01 1.00000000e+00
2.41182267e-01 2.41635445e-01 2.28463780e-01 1.00000000e+00
2.64200536e-01 2.63778976e-01 2.47567858e-01 1.00000000e+00
2.63696771e-01 2.62786200e-01 2.44319733e-01 1.00000000e+00
2.59689837e-01 2.60161985e-01 2.43729548e-01 1.00000000e+00
2.58814044e-01 2.58465203e-01 2.45552798e-01 1.00000000e+00
3.55435762e-01 3.60950830e-01 3.41591708e-01 1.00000000e+00
3.46353236e-01 3.59373139e-01 3.38558578e-01 1.00000000e+00
3.42233534e-01 3.57228449e-01 3.44076808e-01 1.00000000e+00
3.42560244e-01 3.57522488e-01 3.38326720e-01 1.00000000e+00
3.39746326e-01 3.56578192e-01 3.38936929e-01 1.00000000e+00
3.39999262e-01 3.56129229e-01 3.38897935e-01 1.00000000e+00
3.38576495e-01 3.55279785e-01 3.41436784e-01 1.00000000e+00
3.37052553e-01 3.57036639e-01 3.41934226e-01 1.00000000e+00
3.27467316e-01 3.51115819e-01 3.36255803e-01 1.00000000e+00
3.28004806e-01 3.50949302e-01 3.37796607e-01 1.00000000e+00
3.28623446e-01 3.51685979e-01 3.37463575e-01 1.00000000e+00
3.30098909e-01 3.51757645e-01 3.38628136e-01 1.00000000e+00
3.30649045e-01 3.52930637e-01 3.39463880e-01 1.00000000e+00
3.30189544e-01 3.52671378e-01 3.39901249e-01 1.00000000e+00
3.24419432e-01 3.53859125e-01 3.38285618e-01 1.00000000e+00
3.26412360e-01 3.54039342e-01 3.39581917e-01 1.00000000e+00
3.23597388e-01 3.55171233e-01 3.39579809e-01 1.00000000e+00
3.25842199e-01 3.55629680e-01 3.40288031e-01 1.00000000e+00
3.26535667e-01 3.56077588e-01 3.39459665e-01 1.00000000e+00
3.41191225e-01 3.69545399e-01 3.54906703e-01 1.00000000e+00
4.34382493e-01 4.05911335e-01 3.49944934e-01 1.00000000e+00
3.90088053e-01 4.22161447e-01 4.12053475e-01 1.00000000e+00
4.14685068e-01 4.48389902e-01 4.39059709e-01 1.00000000e+00
3.84508697e-01 4.25303129e-01 4.15322678e-01 1.00000000e+00
3.54211128e-01 3.98278978e-01 3.86383589e-01 1.00000000e+00
3.56441184e-01 3.96288158e-01 3.86064256e-01 1.00000000e+00
3.33473502e-01 3.71252720e-01 3.56900686e-01 1.00000000e+00
3.10670229e-01 3.45313035e-01 3.30737573e-01 1.00000000e+00
3.15410679e-01 3.45441611e-01 3.33019271e-01 1.00000000e+00
2.96281307e-01 3.22428611e-01 3.08152457e-01 1.00000000e+00
2.96280254e-01 3.20239657e-01 3.08626713e-01 1.00000000e+00
3.01427510e-01 3.17879971e-01 3.07150197e-01 1.00000000e+00
3.62843638e-01 3.73044353e-01 3.67593573e-01 1.00000000e+00
3.61610573e-01 3.71105174e-01 3.66394233e-01 1.00000000e+00
3.75587419e-01 3.84603548e-01 3.82690717e-01 1.00000000e+00
3.71218996e-01 3.88465045e-01 3.86404667e-01 1.00000000e+00
3.72315053e-01 3.89706541e-01 3.85650073e-01 1.00000000e+00
3.44380332e-01 3.60955046e-01 3.51262311e-01 1.00000000e+00
3.45667146e-01 3.61321804e-01 3.50773300e-01 1.00000000e+00
3.38946414e-01 3.62473718e-01 3.50527741e-01 1.00000000e+00
3.38532231e-01 3.63665681e-01 3.50261104e-01 1.00000000e+00
3.41258675e-01 3.64855536e-01 3.56297854e-01 1.00000000e+00
3.48397806e-01 3.66635577e-01 3.54055151e-01 1.00000000e+00
3.28909054e-01 3.41416760e-01 3.30950461e-01 1.00000000e+00
3.01631967e-01 3.17627035e-01 3.04323632e-01 1.00000000e+00
3.07331468e-01 3.13183785e-01 3.09288564e-01 1.00000000e+00
3.08003857e-01 3.11279384e-01 3.06483077e-01 1.00000000e+00
3.07468475e-01 3.10870470e-01 3.05833873e-01 1.00000000e+00
3.09985193e-01 3.11445901e-01 3.07879497e-01 1.00000000e+00
5.59295150e-01 4.62427874e-01 4.18784746e-01 1.00000000e+00
5.53301611e-01 4.39742637e-01 3.91596187e-01 1.00000000e+00
2.97916963e-01 3.07042699e-01 3.01860664e-01 1.00000000e+00
2.91826465e-01 3.08127164e-01 3.01096585e-01 1.00000000e+00
2.90774671e-01 3.07360977e-01 3.00619167e-01 1.00000000e+00
2.88362289e-01 3.05944533e-01 3.00783576e-01 1.00000000e+00
2.88762772e-01 3.03821975e-01 2.99310221e-01 1.00000000e+00
2.82313947e-01 2.94585579e-01 2.89041002e-01 1.00000000e+00
2.80776304e-01 2.92217462e-01 2.88010286e-01 1.00000000e+00
2.81199973e-01 2.92805539e-01 2.88885025e-01 1.00000000e+00
2.81327495e-01 2.95125177e-01 2.91772716e-01 1.00000000e+00
2.84166706e-01 2.95944059e-01 2.92291235e-01 1.00000000e+00
2.89489964e-01 2.96687060e-01 2.92787623e-01 1.00000000e+00
2.88920857e-01 2.97028524e-01 2.94776336e-01 1.00000000e+00
2.92027760e-01 2.97060141e-01 2.95652128e-01 1.00000000e+00
2.96564807e-01 2.97321509e-01 2.92888798e-01 1.00000000e+00
2.94532884e-01 2.97653488e-01 2.94827977e-01 1.00000000e+00
2.96262337e-01 2.99395587e-01 2.95293801e-01 1.00000000e+00
2.97309916e-01 2.99404019e-01 2.96133761e-01 1.00000000e+00
