1.18804243e-01 1.50173630e-01 1.64251651e-01 1.00000000e+00
5.05087711e-01 5.48497926e-01 5.54610557e-01 1.00000000e+00
4.20756596e-01 4.43956137e-01 4.54755468e-01 1.00000000e+00
3.94545004e-01 4.08300531e-01 4.12234746e-01 1.00000000e+00
3.86433122e-01 4.02817080e-01 3.93270837e-01 1.00000000e+00
3.73168714e-01 3.90983870e-01 3.84834353e-01 1.00000000e+00
3.53166711e-01 3.66477491e-01 3.63831144e-01 1.00000000e+00
2.75343440e-01 2.87701493e-01 2.83526988e-01 1.00000000e+00
2.08207787e-01 2.05328528e-01 1.98867056e-01 1.00000000e+00
1.67776952e-01 1.53599865e-01 1.36621507e-01 1.00000000e+00
1.37172698e-01 9.57670034e-02 6.58119523e-02 1.00000000e+00
1.66723050e-01 1.06132128e-01 7.03574308e-02 1.00000000e+00
1.84177772e-01 1.18867477e-01 7.80351055e-02 1.00000000e+00
1.91352736e-01 1.21516986e-01 8.01292084e-02 1.00000000e+00
1.93549067e-01 1.23255924e-01 8.12600450e-02 1.00000000e+00
1.93822028e-01 1.25248853e-01 8.47421366e-02 1.00000000e+00
2.36276354e-01 1.68516791e-01 1.31838901e-01 1.00000000e+00
2.79599096e-01 2.28844239e-01 1.88753814e-01 1.00000000e+00
3.14966987e-01 2.84866497e-01 2.40195815e-01 1.00000000e+00
3.83637121e-01 3.69773042e-01 3.26640003e-01 1.00000000e+00
4.59435846e-01 4.71586280e-01 4.23733869e-01 1.00000000e+00
4.90158138e-01 5.03301347e-01 4.61262258e-01 1.00000000e+00
5.44845103e-01 5.59074885e-01 5.25309979e-01 1.00000000e+00
5.24572248e-01 5.35218764e-01 5.10042103e-01 1.00000000e+00
4.28537553e-01 4.21668221e-01 3.99996838e-01 1.00000000e+00
3.26493511e-01 3.06636947e-01 2.87618235e-01 1.00000000e+00
2.31232380e-01 2.00569107e-01 1.79364603e-01 1.00000000e+00
1.81290081e-01 1.41512665e-01 1.24552223e-01 1.00000000e+00
2.41359323e-01 2.07735639e-01 1.88844449e-01 1.00000000e+00
2.97022200e-01 2.79484220e-01 2.60129314e-01 1.00000000e+00
3.31485843e-01 3.20483109e-01 3.02343351e-01 1.00000000e+00
3.58815625e-01 3.49534966e-01 3.27978458e-01 1.00000000e+00
3.88029783e-01 3.77098714e-01 3.49515996e-01 1.00000000e+00
3.46025473e-01 3.31063229e-01 3.05662087e-01 1.00000000e+00
3.28357863e-01 3.17593310e-01 2.92687502e-01 1.00000000e+00
2.89097913e-01 2.72408324e-01 2.55748244e-01 1.00000000e+00
2.67009185e-01 2.54326530e-01 2.35625043e-01 1.00000000e+00
2.66201896e-01 2.39198824e-01 2.19313805e-01 1.00000000e+00
2.60007061e-01 2.19778575e-01 2.00940080e-01 1.00000000e+00
2.89522635e-01 2.45885831e-01 2.39306322e-01 1.00000000e+00
6.14868447e-01 6.30141592e-01 6.24290329e-01 1.00000000e+00
6.22734770e-01 6.45705614e-01 6.40063023e-01 1.00000000e+00
4.55417319e-01 4.45917448e-01 4.26431857e-01 1.00000000e+00
5.53761112e-01 5.61610573e-01 5.42261989e-01 1.00000000e+00
6.17168060e-01 6.35714624e-01 6.07055873e-01 1.00000000e+00
5.68469366e-01 5.86114844e-01 5.48395698e-01 1.00000000e+00
5.18226705e-01 5.34134299e-01 4.86837293e-01 1.00000000e+00
5.01745788e-01 5.15108209e-01 4.66049080e-01 1.00000000e+00
4.92580004e-01 5.04886416e-01 4.58941566e-01 1.00000000e+00
5.34368265e-01 5.46375368e-01 4.99209047e-01 1.00000000e+00
5.50049270e-01 5.55397822e-01 5.12192063e-01 1.00000000e+00
5.03093729e-01 4.99030937e-01 4.55849419e-01 1.00000000e+00
4.09734891e-01 3.94450153e-01 3.53145633e-01 1.00000000e+00
3.18901202e-01 2.99808717e-01 2.62635492e-01 1.00000000e+00
2.26326467e-01 1.98658383e-01 1.69834169e-01 1.00000000e+00
2.03436774e-01 1.72951610e-01 1.41280807e-01 1.00000000e+00
1.97886927e-01 1.58980034e-01 1.23358153e-01 1.00000000e+00
1.83523299e-01 1.39585079e-01 1.00310374e-01 1.00000000e+00
2.03542164e-01 1.68718087e-01 1.33743301e-01 1.00000000e+00
2.53010207e-01 2.33313836e-01 2.02474561e-01 1.00000000e+00
2.91941340e-01 2.93302981e-01 2.78545194e-01 1.00000000e+00
3.57562536e-01 3.70371658e-01 3.69104868e-01 1.00000000e+00
4.05481343e-01 4.22000200e-01 4.18441174e-01 1.00000000e+00
4.03632800e-01 4.17871013e-01 4.11846910e-01 1.00000000e+00
4.04814223e-01 4.18423258e-01 4.15380643e-01 1.00000000e+00
4.26723788e-01 4.43225783e-01 4.39516048e-01 1.00000000e+00
3.86573291e-01 3.98587772e-01 3.94307876e-01 1.00000000e+00
3.79819888e-01 3.94200378e-01 3.91497120e-01 1.00000000e+00
3.67951900e-01 3.78437169e-01 3.75611658e-01 1.00000000e+00
3.41942657e-01 3.58695480e-01 3.55878401e-01 1.00000000e+00
3.53147741e-01 3.68875118e-01 3.67170959e-01 1.00000000e+00
3.52604982e-01 3.71005053e-01 3.65898899e-01 1.00000000e+00
2.98956110e-01 3.09716448e-01 3.03973737e-01 1.00000000e+00
2.52445316e-01 2.49556571e-01 2.40290666e-01 1.00000000e+00
2.12309573e-01 1.90440057e-01 1.77418046e-01 1.00000000e+00
1.57885030e-01 1.33377597e-01 1.14689810e-01 1.00000000e+00
1.59936977e-01 1.27156415e-01 1.05714783e-01 1.00000000e+00
1.67723203e-01 1.44438297e-01 1.29265272e-01 1.00000000e+00
1.92685921e-01 1.78520427e-01 1.67623083e-01 1.00000000e+00
2.57100400e-01 2.52807858e-01 2.38467416e-01 1.00000000e+00
3.52127564e-01 3.53386977e-01 3.32500751e-01 1.00000000e+00
4.14208704e-01 4.21376290e-01 3.90914313e-01 1.00000000e+00
4.73471711e-01 4.79566425e-01 4.50594664e-01 1.00000000e+00
4.78178436e-01 4.85689594e-01 4.48371985e-01 1.00000000e+00
4.38014238e-01 4.48737689e-01 4.09317546e-01 1.00000000e+00
4.32441205e-01 4.43047673e-01 4.04777337e-01 1.00000000e+00
4.91878106e-01 5.09924066e-01 4.61106281e-01 1.00000000e+00
5.24526930e-01 5.39969753e-01 5.03885209e-01 1.00000000e+00
5.78456139e-01 5.96532663e-01 5.72415174e-01 1.00000000e+00
5.87844297e-01 5.96169067e-01 5.82198545e-01 1.00000000e+00
4.87399023e-01 4.83442676e-01 4.62224471e-01 1.00000000e+00
3.96530555e-01 3.78620548e-01 3.55965875e-01 1.00000000e+00
2.81251614e-01 2.46976619e-01 2.24639170e-01 1.00000000e+00
2.08598785e-01 1.60649414e-01 1.44280211e-01 1.00000000e+00
1.94569244e-01 1.50569897e-01 1.32379552e-01 1.00000000e+00
1.94432237e-01 1.66390017e-01 1.48844660e-01 1.00000000e+00
1.93563822e-01 1.67320613e-01 1.54242745e-01 1.00000000e+00
1.91077667e-01 1.69192342e-01 1.55546422e-01 1.00000000e+00
2.20137956e-01 2.02539903e-01 1.85381328e-01 1.00000000e+00
2.22185687e-01 2.08465993e-01 1.85271722e-01 1.00000000e+00
2.22039195e-01 2.06860901e-01 1.84342181e-01 1.00000000e+00
1.83338866e-01 1.68320766e-01 1.48872062e-01 1.00000000e+00
1.90909043e-01 1.73175037e-01 1.51132681e-01 1.00000000e+00
2.07632357e-01 1.86329840e-01 1.69346212e-01 1.00000000e+00
2.23963619e-01 1.95714835e-01 1.81578850e-01 1.00000000e+00
2.47267496e-01 2.04368423e-01 1.78678513e-01 1.00000000e+00
2.86823593e-01 2.46304230e-01 2.24052147e-01 1.00000000e+00
3.85219027e-01 3.61626381e-01 3.47669560e-01 1.00000000e+00
4.76004237e-01 4.68985251e-01 4.52332548e-01 1.00000000e+00
5.49519157e-01 5.56341064e-01 5.42286229e-01 1.00000000e+00
5.93897909e-01 6.10322968e-01 5.89325029e-01 1.00000000e+00
5.64124129e-01 5.73422704e-01 5.46914966e-01 1.00000000e+00
5.24249754e-01 5.36492931e-01 5.04021162e-01 1.00000000e+00
4.99057285e-01 5.09458242e-01 4.73636119e-01 1.00000000e+00
4.80372660e-01 4.91620954e-01 4.44993176e-01 1.00000000e+00
4.82176940e-01 4.92370278e-01 4.47089387e-01 1.00000000e+00
4.76933778e-01 4.88105137e-01 4.50270062e-01 1.00000000e+00
4.41413072e-01 4.53689974e-01 4.23025647e-01 1.00000000e+00
3.85249590e-01 3.94612454e-01 3.69399961e-01 1.00000000e+00
3.23508861e-01 3.28904838e-01 3.16368676e-01 1.00000000e+00
2.34677585e-01 2.38885815e-01 2.37437754e-01 1.00000000e+00
1.79808295e-01 1.77973452e-01 1.73502801e-01 1.00000000e+00
1.58757661e-01 1.48285038e-01 1.34950019e-01 1.00000000e+00
1.50515095e-01 1.32820083e-01 1.17074790e-01 1.00000000e+00
1.71499333e-01 1.56520227e-01 1.38535393e-01 1.00000000e+00
2.10841488e-01 2.04706725e-01 1.86363565e-01 1.00000000e+00
2.82007261e-01 2.85684325e-01 2.77379579e-01 1.00000000e+00
3.41691829e-01 3.54783397e-01 3.52724073e-01 1.00000000e+00
3.79950572e-01 3.94202486e-01 3.91642559e-01 1.00000000e+00
3.69448440e-01 3.89268118e-01 3.83483251e-01 1.00000000e+00
3.59492230e-01 3.77790073e-01 3.72230741e-01 1.00000000e+00
3.63128191e-01 3.77472849e-01 3.78418199e-01 1.00000000e+00
3.60469197e-01 3.73757845e-01 3.71824989e-01 1.00000000e+00
3.58263381e-01 3.71237966e-01 3.67937145e-01 1.00000000e+00
3.44016736e-01 3.58512101e-01 3.55935312e-01 1.00000000e+00
3.37260171e-01 3.55259760e-01 3.51730243e-01 1.00000000e+00
3.41805650e-01 3.55089028e-01 3.53673638e-01 1.00000000e+00
3.42852174e-01 3.53110855e-01 3.49801603e-01 1.00000000e+00
3.04582892e-01 3.09434002e-01 3.06306021e-01 1.00000000e+00
2.45496941e-01 2.40914576e-01 2.23763378e-01 1.00000000e+00
1.91816452e-01 1.81307998e-01 1.62521144e-01 1.00000000e+00
1.38228707e-01 1.30179005e-01 1.15437027e-01 1.00000000e+00
1.37073631e-01 1.31134894e-01 1.20900454e-01 1.00000000e+00
1.50288506e-01 1.53442834e-01 1.48253421e-01 1.00000000e+00
1.81651570e-01 1.85243267e-01 1.80239341e-01 1.00000000e+00
2.11656154e-01 2.16058302e-01 2.09998366e-01 1.00000000e+00
2.23533627e-01 2.29927650e-01 2.19297996e-01 1.00000000e+00
2.81285339e-01 2.86784598e-01 2.68264382e-01 1.00000000e+00
3.50676341e-01 3.52170774e-01 3.21441105e-01 1.00000000e+00
4.07846299e-01 4.04249332e-01 3.66522809e-01 1.00000000e+00
4.30002477e-01 4.29751648e-01 3.83603396e-01 1.00000000e+00
4.58051019e-01 4.60107182e-01 4.15354295e-01 1.00000000e+00
4.88143078e-01 4.97690374e-01 4.62788308e-01 1.00000000e+00
5.24610188e-01 5.37908321e-01 5.11773664e-01 1.00000000e+00
5.67803300e-01 5.85010355e-01 5.67976140e-01 1.00000000e+00
5.94509172e-01 6.06788182e-01 5.95856058e-01 1.00000000e+00
5.20336616e-01 5.14330430e-01 5.06410358e-01 1.00000000e+00
4.32853281e-01 4.18676194e-01 4.09099388e-01 1.00000000e+00
3.70525528e-01 3.50738522e-01 3.33885578e-01 1.00000000e+00
3.25243583e-01 2.93698194e-01 2.75644856e-01 1.00000000e+00
2.98044485e-01 2.65900480e-01 2.48440489e-01 1.00000000e+00
2.78243778e-01 2.57197359e-01 2.43732709e-01 1.00000000e+00
2.64050882e-01 2.48918960e-01 2.28374198e-01 1.00000000e+00
2.31128044e-01 2.24064794e-01 2.02302775e-01 1.00000000e+00
2.04953338e-01 1.95645278e-01 1.78026147e-01 1.00000000e+00
2.05717417e-01 1.93287699e-01 1.77977668e-01 1.00000000e+00
2.04240901e-01 1.93934795e-01 1.78178963e-01 1.00000000e+00
2.26177867e-01 2.15687328e-01 2.00753540e-01 1.00000000e+00
2.56937045e-01 2.48468944e-01 2.30473571e-01 1.00000000e+00
3.01188274e-01 2.86509530e-01 2.71124671e-01 1.00000000e+00
3.27315554e-01 3.05891838e-01 2.88460302e-01 1.00000000e+00
3.41973220e-01 3.13553704e-01 3.00657108e-01 1.00000000e+00
3.62099583e-01 3.44234894e-01 3.31575425e-01 1.00000000e+00
4.52014270e-01 4.46239942e-01 4.36025526e-01 1.00000000e+00
5.22427557e-01 5.21535956e-01 5.14111218e-01 1.00000000e+00
5.90997571e-01 5.98991416e-01 5.91830153e-01 1.00000000e+00
6.07776741e-01 6.19479267e-01 6.06708085e-01 1.00000000e+00
5.73984434e-01 5.74066638e-01 5.55453678e-01 1.00000000e+00
5.23762851e-01 5.19260582e-01 4.93011050e-01 1.00000000e+00
4.59333618e-01 4.36706346e-01 3.89194345e-01 1.00000000e+00
4.46307392e-01 4.25197738e-01 3.72872567e-01 1.00000000e+00
4.06329734e-01 3.88858150e-01 3.38815731e-01 1.00000000e+00
3.62883686e-01 3.49171370e-01 3.09202144e-01 1.00000000e+00
3.01763705e-01 2.93231316e-01 2.65746610e-01 1.00000000e+00
2.46111366e-01 2.45032170e-01 2.35768373e-01 1.00000000e+00
2.20610104e-01 2.23959404e-01 2.24045824e-01 1.00000000e+00
1.83872141e-01 1.86624932e-01 1.87846404e-01 1.00000000e+00
1.80926485e-01 1.85833452e-01 1.83754104e-01 1.00000000e+00
1.73080186e-01 1.72790363e-01 1.69989092e-01 1.00000000e+00
1.67897097e-01 1.63480195e-01 1.55898425e-01 1.00000000e+00
1.90662430e-01 1.79634401e-01 1.62141739e-01 1.00000000e+00
2.12368592e-01 1.97970185e-01 1.80158191e-01 1.00000000e+00
2.59502242e-01 2.44391398e-01 2.22004416e-01 1.00000000e+00
2.95260077e-01 2.83270890e-01 2.70373239e-01 1.00000000e+00
2.93180728e-01 2.93366215e-01 2.83492209e-01 1.00000000e+00
2.94345290e-01 3.06724420e-01 3.01600350e-01 1.00000000e+00
3.03871508e-01 3.19023455e-01 3.18035949e-01 1.00000000e+00
3.13039400e-01 3.32335288e-01 3.32301563e-01 1.00000000e+00
3.13011999e-01 3.31322489e-01 3.30107340e-01 1.00000000e+00
3.12244758e-01 3.30987348e-01 3.28922754e-01 1.00000000e+00
3.04100205e-01 3.20312376e-01 3.20261789e-01 1.00000000e+00
2.83364687e-01 2.96141139e-01 2.96476279e-01 1.00000000e+00
2.73080713e-01 2.77300536e-01 2.69003167e-01 1.00000000e+00
2.66641373e-01 2.59485380e-01 2.43329065e-01 1.00000000e+00
2.45524342e-01 2.28651375e-01 2.05017627e-01 1.00000000e+00
2.30201664e-01 2.05599380e-01 1.77190403e-01 1.00000000e+00
2.02663210e-01 1.85002977e-01 1.55949012e-01 1.00000000e+00
1.78269599e-01 1.63642495e-01 1.41228112e-01 1.00000000e+00
1.65110581e-01 1.56179817e-01 1.46150887e-01 1.00000000e+00
1.72644925e-01 1.68580025e-01 1.58715504e-01 1.00000000e+00
1.65875713e-01 1.63304193e-01 1.55877347e-01 1.00000000e+00
1.69004748e-01 1.67118264e-01 1.60482898e-01 1.00000000e+00
1.74364892e-01 1.70186172e-01 1.58308698e-01 1.00000000e+00
2.43547223e-01 2.34110586e-01 2.10842542e-01 1.00000000e+00
3.11116029e-01 2.95250592e-01 2.66258807e-01 1.00000000e+00
4.05970354e-01 3.70025979e-01 3.21583382e-01 1.00000000e+00
4.72864663e-01 4.84780077e-01 4.88730101e-01 1.00000000e+00
4.92490423e-01 5.04445885e-01 5.11906456e-01 1.00000000e+00
5.03004147e-01 5.17046335e-01 5.18750494e-01 1.00000000e+00
4.63934953e-01 4.74607817e-01 4.74996707e-01 1.00000000e+00
4.19627867e-01 4.19883965e-01 4.16832920e-01 1.00000000e+00
3.93306670e-01 3.77493927e-01 3.61023549e-01 1.00000000e+00
2.95196843e-01 2.86439972e-01 2.66331526e-01 1.00000000e+00
2.35062259e-01 2.31356740e-01 2.14128608e-01 1.00000000e+00
1.88588351e-01 1.90472728e-01 1.78536236e-01 1.00000000e+00
1.99434055e-01 2.01295245e-01 1.92641658e-01 1.00000000e+00
1.78195825e-01 1.74415480e-01 1.65980050e-01 1.00000000e+00
1.87990789e-01 1.88914007e-01 1.71185271e-01 1.00000000e+00
2.75154792e-01 2.27970554e-01 1.95142567e-01 1.00000000e+00
1.91298987e-01 1.80255150e-01 1.45049560e-01 1.00000000e+00
1.86608070e-01 1.89049960e-01 1.62879471e-01 1.00000000e+00
2.43873932e-01 2.27986363e-01 2.17025784e-01 1.00000000e+00
3.09038789e-01 2.96800881e-01 2.86546416e-01 1.00000000e+00
3.34573776e-01 3.21895337e-01 3.08192506e-01 1.00000000e+00
3.88692688e-01 3.65680742e-01 3.49074411e-01 1.00000000e+00
3.92585801e-01 3.71485633e-01 3.42697251e-01 1.00000000e+00
3.23563664e-01 2.98647317e-01 2.74186256e-01 1.00000000e+00
2.94335805e-01 2.62802009e-01 2.39680457e-01 1.00000000e+00
3.33255345e-01 3.12630486e-01 2.88808090e-01 1.00000000e+00
4.41870465e-01 4.19021874e-01 3.95826549e-01 1.00000000e+00
5.26005554e-01 5.00308266e-01 4.74378066e-01 1.00000000e+00
5.96980571e-01 5.70318963e-01 5.41880477e-01 1.00000000e+00
5.75177451e-01 5.48795127e-01 5.13556866e-01 1.00000000e+00
5.66832656e-01 5.30521523e-01 4.88940881e-01 1.00000000e+00
5.41046841e-01 5.01607727e-01 4.54371848e-01 1.00000000e+00
4.97867430e-01 4.60688936e-01 4.06111577e-01 1.00000000e+00
4.61842958e-01 4.27916805e-01 3.68165842e-01 1.00000000e+00
3.97188190e-01 3.69212366e-01 3.08913375e-01 1.00000000e+00
3.36567758e-01 3.11581854e-01 2.58268123e-01 1.00000000e+00
2.87260962e-01 2.59474841e-01 2.12665792e-01 1.00000000e+00
2.76841035e-01 2.31075349e-01 1.72435198e-01 1.00000000e+00
2.76337270e-01 2.20390892e-01 1.65491039e-01 1.00000000e+00
2.82605878e-01 2.15351134e-01 1.54371321e-01 1.00000000e+00
2.87012241e-01 2.23487256e-01 1.56313662e-01 1.00000000e+00
2.42238277e-01 1.95371263e-01 1.46258385e-01 1.00000000e+00
1.98246307e-01 1.65262343e-01 1.29686833e-01 1.00000000e+00
1.93315101e-01 1.72442576e-01 1.51332922e-01 1.00000000e+00
1.83373645e-01 1.72702889e-01 1.56836398e-01 1.00000000e+00
1.98657329e-01 1.90994409e-01 1.83917458e-01 1.00000000e+00
2.10823572e-01 2.12696355e-01 2.10825679e-01 1.00000000e+00
2.26467690e-01 2.31452646e-01 2.34035759e-01 1.00000000e+00
2.42798952e-01 2.49450127e-01 2.53083980e-01 1.00000000e+00
2.60571953e-01 2.65658083e-01 2.69531172e-01 1.00000000e+00
2.69903199e-01 2.77938147e-01 2.77495508e-01 1.00000000e+00
2.69157037e-01 2.74149370e-01 2.80244084e-01 1.00000000e+00
2.68895669e-01 2.73802636e-01 2.79553778e-01 1.00000000e+00
2.59005854e-01 2.62428927e-01 2.68984197e-01 1.00000000e+00
2.32237802e-01 2.38277714e-01 2.41465767e-01 1.00000000e+00
2.15175132e-01 2.16271190e-01 2.21069605e-01 1.00000000e+00
1.79006276e-01 1.83313573e-01 1.85553114e-01 1.00000000e+00
1.66813686e-01 1.62651828e-01 1.59494338e-01 1.00000000e+00
1.47876124e-01 1.35968088e-01 1.26526182e-01 1.00000000e+00
1.55610710e-01 1.34757155e-01 1.13750784e-01 1.00000000e+00
1.58385633e-01 1.31161242e-01 1.04015893e-01 1.00000000e+00
1.80663010e-01 1.41727661e-01 1.07262964e-01 1.00000000e+00
2.37261752e-01 1.80796855e-01 1.29518209e-01 1.00000000e+00
2.47280143e-01 1.86753508e-01 1.30450912e-01 1.00000000e+00
2.38689789e-01 1.80805286e-01 1.26293269e-01 1.00000000e+00
2.33985172e-01 1.85964136e-01 1.35175554e-01 1.00000000e+00
2.30673812e-01 1.95547265e-01 1.51808232e-01 1.00000000e+00
2.37639049e-01 2.11100748e-01 1.72271843e-01 1.00000000e+00
2.85450359e-01 2.55264503e-01 2.09523057e-01 1.00000000e+00
3.38138072e-01 3.01741573e-01 2.51431462e-01 1.00000000e+00
3.97413725e-01 3.55813059e-01 3.03575362e-01 1.00000000e+00
4.48540609e-01 4.06301279e-01 3.56690959e-01 1.00000000e+00
4.99984718e-01 4.60334825e-01 4.14726170e-01 1.00000000e+00
5.42626639e-01 5.07514847e-01 4.69531172e-01 1.00000000e+00
5.63771071e-01 5.38040059e-01 5.02171565e-01 1.00000000e+00
5.32850646e-01 5.12067703e-01 4.83750415e-01 1.00000000e+00
4.96115845e-01 4.80327342e-01 4.55681848e-01 1.00000000e+00
4.54735444e-01 4.39374825e-01 4.21227690e-01 1.00000000e+00
3.93844160e-01 3.75455681e-01 3.56680420e-01 1.00000000e+00
4.47822902e-01 4.27552155e-01 4.07168640e-01 1.00000000e+00
4.82675435e-01 4.62299298e-01 4.40154713e-01 1.00000000e+00
5.26588362e-01 5.04566030e-01 4.83501694e-01 1.00000000e+00
5.05999336e-01 4.95639481e-01 4.83349932e-01 1.00000000e+00
4.29765349e-01 4.31682396e-01 4.28163418e-01 1.00000000e+00
4.68063087e-01 4.73472765e-01 4.77315291e-01 1.00000000e+00
4.87093392e-01 4.95117800e-01 4.97019039e-01 1.00000000e+00
5.40981499e-01 5.35407412e-01 5.32235168e-01 1.00000000e+00
5.77666767e-01 5.65674418e-01 5.52936961e-01 1.00000000e+00
5.63519189e-01 5.35945956e-01 5.22154597e-01 1.00000000e+00
5.19952996e-01 4.94368476e-01 4.76900053e-01 1.00000000e+00
4.91923423e-01 4.73538106e-01 4.51080513e-01 1.00000000e+00
5.27444130e-01 5.06988950e-01 4.91515563e-01 1.00000000e+00
5.75636952e-01 5.57814418e-01 5.38193928e-01 1.00000000e+00
6.17026838e-01 5.94667257e-01 5.68975239e-01 1.00000000e+00
6.11866934e-01 5.83039558e-01 5.52537532e-01 1.00000000e+00
5.75253332e-01 5.42749946e-01 5.02500382e-01 1.00000000e+00
5.21781516e-01 4.83058001e-01 4.35946483e-01 1.00000000e+00
4.60857560e-01 4.12542485e-01 3.60102439e-01 1.00000000e+00
3.81618899e-01 3.37001966e-01 2.86302965e-01 1.00000000e+00
2.98221541e-01 2.54470915e-01 2.05973515e-01 1.00000000e+00
2.48633353e-01 2.15419637e-01 1.69143863e-01 1.00000000e+00
2.37273345e-01 2.00129630e-01 1.59875850e-01 1.00000000e+00
2.13552123e-01 1.80844281e-01 1.40491434e-01 1.00000000e+00
2.38245043e-01 1.94116066e-01 1.45457420e-01 1.00000000e+00
2.59802604e-01 2.04435873e-01 1.44907283e-01 1.00000000e+00
2.48219169e-01 1.89932076e-01 1.35547581e-01 1.00000000e+00
2.53258928e-01 1.96310290e-01 1.36986157e-01 1.00000000e+00
2.16685373e-01 1.90069083e-01 1.53453373e-01 1.00000000e+00
2.07969605e-01 1.76951167e-01 1.41045787e-01 1.00000000e+00
2.50908727e-01 2.06931512e-01 1.58163260e-01 1.00000000e+00
2.84820125e-01 2.32329492e-01 1.79188601e-01 1.00000000e+00
2.98222595e-01 2.40958840e-01 1.86696597e-01 1.00000000e+00
2.35278309e-01 1.96205953e-01 1.53761112e-01 1.00000000e+00
2.31473724e-01 1.68894088e-01 1.11124461e-01 1.00000000e+00
1.68465150e-01 1.50896607e-01 1.38656591e-01 1.00000000e+00
2.19362284e-01 2.25066001e-01 2.30597931e-01 1.00000000e+00
2.59461140e-01 2.64511437e-01 2.74399144e-01 1.00000000e+00
2.56867488e-01 2.61906192e-01 2.70473360e-01 1.00000000e+00
2.53858598e-01 2.60303208e-01 2.67962966e-01 1.00000000e+00
2.45982790e-01 2.49977078e-01 2.60014438e-01 1.00000000e+00
1.98536130e-01 2.02710635e-01 2.08254159e-01 1.00000000e+00
1.62472664e-01 1.63460170e-01 1.68666445e-01 1.00000000e+00
1.45606020e-01 1.40394475e-01 1.33323848e-01 1.00000000e+00
1.50895553e-01 1.31845224e-01 1.14555965e-01 1.00000000e+00
1.44439351e-01 1.16561540e-01 9.10233914e-02 1.00000000e+00
1.64449784e-01 1.25234098e-01 9.35664564e-02 1.00000000e+00
1.51444636e-01 1.19149923e-01 8.90388942e-02 1.00000000e+00
1.36247372e-01 1.12202602e-01 8.56432226e-02 1.00000000e+00
1.79341417e-01 1.43204178e-01 1.03989545e-01 1.00000000e+00
1.75916236e-01 1.50082995e-01 1.10910518e-01 1.00000000e+00
1.74266880e-01 1.46203582e-01 1.10775619e-01 1.00000000e+00
1.90768874e-01 1.65650178e-01 1.30404540e-01 1.00000000e+00
1.55510589e-01 1.39920220e-01 1.12340663e-01 1.00000000e+00
1.42525465e-01 1.25678845e-01 1.01014380e-01 1.00000000e+00
1.79165415e-01 1.53999294e-01 1.24005248e-01 1.00000000e+00
1.99464618e-01 1.64049302e-01 1.27984782e-01 1.00000000e+00
2.51151124e-01 2.13714424e-01 1.73462752e-01 1.00000000e+00
3.10759811e-01 2.78615805e-01 2.44363997e-01 1.00000000e+00
4.13274947e-01 3.96213331e-01 3.67078215e-01 1.00000000e+00
4.69011598e-01 4.62635492e-01 4.40164198e-01 1.00000000e+00
5.22314790e-01 5.29528748e-01 5.19374404e-01 1.00000000e+00
5.53253131e-01 5.65098988e-01 5.58844080e-01 1.00000000e+00
5.42514926e-01 5.46715778e-01 5.40292247e-01 1.00000000e+00
5.60335352e-01 5.60253147e-01 5.54081498e-01 1.00000000e+00
5.03215981e-01 4.97390012e-01 4.85219554e-01 1.00000000e+00
4.79554832e-01 4.61720705e-01 4.46507633e-01 1.00000000e+00
5.05960342e-01 4.84611453e-01 4.69947463e-01 1.00000000e+00
5.65839881e-01 5.44145312e-01 5.31554347e-01 1.00000000e+00
5.82984755e-01 5.84782712e-01 5.86605962e-01 1.00000000e+00
5.48129061e-01 5.66047499e-01 5.77520274e-01 1.00000000e+00
5.12525096e-01 5.42730976e-01 5.63507596e-01 1.00000000e+00
5.07747759e-01 5.38281402e-01 5.56784756e-01 1.00000000e+00
5.34950019e-01 5.58482592e-01 5.76926928e-01 1.00000000e+00
5.26390228e-01 5.37755505e-01 5.42981804e-01 1.00000000e+00
5.02326488e-01 5.03495265e-01 5.05100358e-01 1.00000000e+00
4.49988671e-01 4.53169346e-01 4.50078252e-01 1.00000000e+00
4.31218679e-01 4.34853587e-01 4.28215059e-01 1.00000000e+00
4.70127680e-01 4.78145765e-01 4.76551212e-01 1.00000000e+00
5.19023455e-01 5.29041845e-01 5.27936302e-01 1.00000000e+00
5.25347919e-01 5.39053912e-01 5.42707790e-01 1.00000000e+00
5.08697325e-01 5.19677928e-01 5.19951942e-01 1.00000000e+00
4.70732620e-01 4.78402917e-01 4.66394760e-01 1.00000000e+00
3.94987643e-01 3.84410684e-01 3.66798931e-01 1.00000000e+00
3.27657018e-01 3.11325756e-01 2.83258243e-01 1.00000000e+00
2.37599001e-01 2.15991906e-01 1.86769317e-01 1.00000000e+00
1.85004031e-01 1.63705730e-01 1.33650558e-01 1.00000000e+00
1.55183880e-01 1.37040960e-01 1.13682280e-01 1.00000000e+00
1.43719536e-01 1.30757597e-01 1.12031870e-01 1.00000000e+00
1.27771893e-01 1.19539866e-01 1.02749103e-01 1.00000000e+00
1.68276502e-01 1.54301764e-01 1.30595296e-01 1.00000000e+00
1.93846267e-01 1.75964715e-01 1.45070638e-01 1.00000000e+00
1.78969389e-01 1.58089487e-01 1.28208209e-01 1.00000000e+00
1.86329840e-01 1.65233887e-01 1.34352456e-01 1.00000000e+00
1.62950082e-01 1.36836503e-01 1.09989408e-01 1.00000000e+00
1.38656591e-01 1.20164830e-01 9.89434634e-02 1.00000000e+00
1.55651812e-01 1.28861628e-01 1.00403117e-01 1.00000000e+00
1.65974780e-01 1.35484347e-01 1.05765370e-01 1.00000000e+00
1.50066132e-01 1.26830759e-01 9.98961907e-02 1.00000000e+00
1.44810324e-01 1.28217694e-01 1.06464107e-01 1.00000000e+00
1.34143784e-01 1.31305626e-01 1.20392473e-01 1.00000000e+00
1.55982737e-01 1.59197138e-01 1.59586027e-01 1.00000000e+00
1.70088159e-01 1.73495423e-01 1.80237233e-01 1.00000000e+00
2.23134199e-01 2.27583772e-01 2.35399508e-01 1.00000000e+00
2.27817738e-01 2.34901012e-01 2.41965316e-01 1.00000000e+00
2.30074142e-01 2.33337022e-01 2.42256193e-01 1.00000000e+00
1.88146766e-01 1.91188327e-01 1.99634296e-01 1.00000000e+00
1.60978232e-01 1.33873985e-01 1.11514404e-01 1.00000000e+00
1.26049818e-01 1.06961548e-01 9.06987896e-02 1.00000000e+00
1.12123559e-01 1.04509119e-01 9.71592077e-02 1.00000000e+00
1.94060209e-01 1.48395698e-01 1.01299988e-01 1.00000000e+00
2.03104795e-01 1.64050355e-01 1.23379231e-01 1.00000000e+00
1.97823693e-01 1.74152004e-01 1.43498216e-01 1.00000000e+00
1.60683139e-01 1.40329134e-01 1.18025410e-01 1.00000000e+00
1.19166785e-01 1.09063029e-01 9.37161105e-02 1.00000000e+00
1.43468707e-01 1.43705835e-01 1.27744492e-01 1.00000000e+00
1.53592488e-01 1.53614620e-01 1.38178120e-01 1.00000000e+00
1.19706383e-01 1.09752280e-01 9.52727234e-02 1.00000000e+00
1.46215175e-01 1.41462078e-01 1.28547565e-01 1.00000000e+00
1.31621797e-01 1.32893856e-01 1.22519247e-01 1.00000000e+00
1.05890784e-01 1.00904775e-01 8.97618709e-02 1.00000000e+00
1.06767630e-01 9.93017901e-02 8.75402459e-02 1.00000000e+00
1.03330857e-01 9.28772046e-02 8.09670603e-02 1.00000000e+00
1.29968225e-01 1.14402095e-01 9.79886284e-02 1.00000000e+00
1.66239309e-01 1.47397653e-01 1.26261652e-01 1.00000000e+00
2.24586475e-01 2.06103145e-01 1.79787217e-01 1.00000000e+00
2.72007841e-01 2.48285565e-01 2.21476411e-01 1.00000000e+00
3.06564227e-01 2.95586786e-01 2.76106465e-01 1.00000000e+00
3.64914555e-01 3.63205126e-01 3.41915256e-01 1.00000000e+00
3.95290113e-01 3.93868399e-01 3.78443492e-01 1.00000000e+00
4.19785953e-01 4.23725438e-01 4.11779461e-01 1.00000000e+00
4.04107055e-01 4.08666235e-01 4.05676315e-01 1.00000000e+00
4.06626935e-01 4.09292252e-01 4.09928809e-01 1.00000000e+00
4.26858688e-01 4.39887022e-01 4.43896064e-01 1.00000000e+00
4.67742700e-01 4.82788203e-01 4.91535588e-01 1.00000000e+00
5.18050703e-01 5.38518530e-01 5.47979407e-01 1.00000000e+00
4.98329039e-01 5.32554500e-01 5.51332922e-01 1.00000000e+00
4.68615331e-01 5.03137993e-01 5.16521492e-01 1.00000000e+00
4.61827150e-01 4.96089497e-01 5.09215844e-01 1.00000000e+00
4.77853834e-01 5.08166158e-01 5.17746126e-01 1.00000000e+00
4.51388252e-01 4.77251003e-01 4.83137044e-01 1.00000000e+00
4.17141713e-01 4.42586064e-01 4.50772774e-01 1.00000000e+00
3.94698874e-01 4.13648028e-01 4.19017658e-01 1.00000000e+00
3.65179084e-01 3.82812969e-01 3.84691022e-01 1.00000000e+00
3.66646116e-01 3.91822776e-01 3.96301859e-01 1.00000000e+00
3.44032544e-01 3.72232849e-01 3.76326204e-01 1.00000000e+00
3.17529022e-01 3.40329134e-01 3.41732931e-01 1.00000000e+00
2.83326746e-01 3.01465450e-01 2.92409272e-01 1.00000000e+00
2.45132291e-01 2.48497399e-01 2.36032903e-01 1.00000000e+00
1.98822792e-01 1.98532969e-01 1.82922575e-01 1.00000000e+00
1.61671699e-01 1.58178015e-01 1.41794057e-01 1.00000000e+00
1.14735128e-01 1.12422868e-01 9.89086847e-02 1.00000000e+00
9.39932866e-02 9.54835038e-02 8.31117505e-02 1.00000000e+00
8.57338582e-02 8.65190150e-02 7.72573259e-02 1.00000000e+00
8.71661107e-02 8.97492241e-02 7.82184844e-02 1.00000000e+00
8.34616459e-02 8.71387093e-02 7.74554595e-02 1.00000000e+00
1.01722603e-01 9.70053380e-02 8.69669233e-02 1.00000000e+00
1.23086246e-01 1.14975418e-01 1.01189328e-01 1.00000000e+00
1.27972135e-01 1.21192385e-01 1.04214026e-01 1.00000000e+00
1.31050582e-01 1.24192843e-01 1.07239778e-01 1.00000000e+00
1.12260567e-01 1.06011983e-01 9.44759737e-02 1.00000000e+00
9.46962392e-02 9.29077678e-02 8.67424422e-02 1.00000000e+00
9.70917580e-02 9.38362553e-02 8.74706884e-02 1.00000000e+00
9.85155793e-02 9.53939221e-02 8.83485886e-02 1.00000000e+00
9.69684514e-02 9.44201169e-02 8.90641879e-02 1.00000000e+00
9.55688698e-02 9.31238177e-02 8.92992080e-02 1.00000000e+00
1.02500382e-01 1.00876319e-01 9.83880572e-02 1.00000000e+00
1.32514452e-01 1.32764226e-01 1.32922312e-01 1.00000000e+00
1.69754072e-01 1.71808127e-01 1.73405842e-01 1.00000000e+00
2.10620169e-01 2.12817554e-01 2.15273145e-01 1.00000000e+00
2.03180676e-01 2.06384537e-01 2.05085076e-01 1.00000000e+00
2.01849598e-01 2.06651174e-01 2.05932413e-01 1.00000000e+00
2.02368117e-01 2.04863757e-01 2.02585221e-01 1.00000000e+00
1.62494796e-01 1.63063903e-01 1.56015408e-01 1.00000000e+00
1.32925473e-01 1.32924419e-01 1.26802304e-01 1.00000000e+00
1.11974959e-01 1.11081251e-01 9.81467137e-02 1.00000000e+00
1.13726544e-01 1.07820478e-01 8.67445500e-02 1.00000000e+00
1.11865354e-01 1.03288701e-01 7.98825953e-02 1.00000000e+00
9.65374056e-02 9.08610905e-02 7.06093133e-02 1.00000000e+00
8.63061269e-02 8.47937778e-02 6.44071012e-02 1.00000000e+00
7.63109221e-02 7.64184201e-02 6.14509066e-02 1.00000000e+00
8.86731903e-02 8.51542122e-02 6.48096917e-02 1.00000000e+00
9.06229087e-02 8.79786690e-02 6.65338750e-02 1.00000000e+00
9.03762956e-02 8.79048959e-02 6.62324591e-02 1.00000000e+00
8.45376796e-02 8.15825390e-02 6.69564897e-02 1.00000000e+00
7.08959746e-02 7.21227163e-02 5.08307381e-02 1.00000000e+00
5.69549615e-02 5.86138030e-02 4.21476411e-02 1.00000000e+00
5.07011082e-02 5.33274315e-02 3.72501594e-02 1.00000000e+00
5.30681716e-02 5.57334893e-02 5.42822665e-02 1.00000000e+00
5.69960637e-02 5.92271738e-02 5.83292495e-02 1.00000000e+00
6.36219443e-02 6.65602226e-02 6.42121294e-02 1.00000000e+00
8.40307529e-02 8.94836408e-02 8.40729089e-02 1.00000000e+00
1.08328459e-01 1.14394718e-01 1.08021774e-01 1.00000000e+00
1.42466446e-01 1.58360340e-01 1.51459391e-01 1.00000000e+00
1.74656823e-01 1.97784698e-01 1.93630217e-01 1.00000000e+00
2.07961174e-01 2.32012267e-01 2.28542823e-01 1.00000000e+00
2.52612886e-01 2.74541421e-01 2.65620142e-01 1.00000000e+00
2.91942394e-01 3.08725780e-01 2.98271074e-01 1.00000000e+00
2.87882764e-01 2.97997060e-01 2.81685821e-01 1.00000000e+00
3.06539988e-01 3.16868225e-01 3.02086199e-01 1.00000000e+00
3.21271427e-01 3.32491266e-01 3.23637437e-01 1.00000000e+00
3.14177614e-01 3.29229440e-01 3.23485675e-01 1.00000000e+00
3.53557709e-01 3.72569044e-01 3.65737652e-01 1.00000000e+00
2.81402322e-01 2.97865322e-01 2.75896739e-01 1.00000000e+00
2.55931623e-01 2.76232933e-01 2.48929499e-01 1.00000000e+00
2.57554632e-01 2.68638517e-01 2.41564833e-01 1.00000000e+00
2.58650690e-01 2.63647238e-01 2.37886716e-01 1.00000000e+00
2.71174205e-01 2.74050303e-01 2.55004189e-01 1.00000000e+00
2.64231100e-01 2.63941277e-01 2.38698220e-01 1.00000000e+00
2.56515484e-01 2.56697809e-01 2.29287931e-01 1.00000000e+00
2.51747633e-01 2.58523167e-01 2.36400715e-01 1.00000000e+00
2.32712058e-01 2.45913232e-01 2.29503981e-01 1.00000000e+00
1.80431151e-01 1.94514441e-01 1.79718714e-01 1.00000000e+00
1.43308514e-01 1.54688546e-01 1.44469914e-01 1.00000000e+00
1.07759352e-01 1.12221572e-01 1.07367301e-01 1.00000000e+00
8.00902140e-02 8.06519437e-02 8.00406806e-02 1.00000000e+00
7.24504798e-02 7.29331668e-02 7.43580421e-02 1.00000000e+00
7.22618314e-02 7.35180823e-02 7.21258780e-02 1.00000000e+00
7.46014934e-02 7.38858941e-02 7.61834000e-02 1.00000000e+00
7.95390233e-02 8.13317103e-02 7.90542285e-02 1.00000000e+00
8.68552097e-02 8.75623778e-02 8.41224423e-02 1.00000000e+00
8.36808575e-02 8.94161911e-02 8.20968430e-02 1.00000000e+00
9.24208651e-02 9.56004869e-02 8.76414204e-02 1.00000000e+00
9.59577596e-02 9.84692076e-02 8.97471163e-02 1.00000000e+00
9.98867056e-02 1.00335668e-01 8.95953544e-02 1.00000000e+00
9.60336405e-02 9.73742036e-02 8.63640915e-02 1.00000000e+00
9.86357241e-02 1.00101702e-01 9.12974058e-02 1.00000000e+00
9.28392642e-02 9.16198998e-02 8.75012515e-02 1.00000000e+00
1.02505652e-01 1.01566625e-01 9.59967540e-02 1.00000000e+00
1.11539698e-01 1.09203198e-01 1.02202128e-01 1.00000000e+00
1.17974822e-01 1.16351814e-01 1.08093439e-01 1.00000000e+00
1.24817807e-01 1.21957517e-01 1.12357526e-01 1.00000000e+00
1.36953486e-01 1.36615184e-01 1.23154750e-01 1.00000000e+00
1.67548256e-01 1.66208746e-01 1.53464966e-01 1.00000000e+00
1.96339799e-01 1.96825648e-01 1.85269614e-01 1.00000000e+00
2.28244568e-01 2.26325413e-01 2.10569581e-01 1.00000000e+00
2.39716290e-01 2.43124608e-01 2.17799348e-01 1.00000000e+00
2.46997697e-01 2.47770207e-01 2.24925832e-01 1.00000000e+00
2.45492725e-01 2.46462315e-01 2.22534528e-01 1.00000000e+00
2.09297522e-01 2.09925647e-01 1.91102961e-01 1.00000000e+00
1.78764932e-01 1.79485801e-01 1.58584821e-01 1.00000000e+00
1.48221804e-01 1.47716985e-01 1.24250808e-01 1.00000000e+00
1.27474693e-01 1.29360124e-01 1.04812643e-01 1.00000000e+00
1.27639102e-01 1.28210317e-01 1.08822739e-01 1.00000000e+00
1.23916721e-01 1.22863873e-01 1.04143415e-01 1.00000000e+00
1.16593157e-01 1.16938837e-01 1.05383857e-01 1.00000000e+00
1.09183173e-01 1.09401331e-01 9.68050967e-02 1.00000000e+00
1.06154260e-01 1.06037277e-01 8.69690311e-02 1.00000000e+00
1.02376022e-01 1.03286593e-01 8.41245501e-02 1.00000000e+00
1.03788250e-01 1.05111951e-01 8.89124260e-02 1.00000000e+00
1.00687671e-01 1.00314590e-01 8.65885725e-02 1.00000000e+00
9.58102134e-02 9.75533670e-02 8.22760063e-02 1.00000000e+00
9.80223533e-02 1.00831002e-01 9.79306638e-02 1.00000000e+00
9.06155314e-02 9.39426994e-02 9.23576310e-02 1.00000000e+00
8.27839870e-02 8.57812838e-02 8.58065774e-02 1.00000000e+00
7.19793857e-02 7.45740919e-02 7.20953149e-02 1.00000000e+00
7.51442528e-02 8.07193934e-02 7.51642769e-02 1.00000000e+00
8.41551133e-02 8.86584357e-02 8.07288785e-02 1.00000000e+00
1.05874976e-01 1.11395313e-01 1.00183906e-01 1.00000000e+00
1.42717275e-01 1.48428369e-01 1.34953180e-01 1.00000000e+00
1.89056284e-01 1.93686074e-01 1.73022222e-01 1.00000000e+00
2.35411101e-01 2.35241423e-01 2.09967803e-01 1.00000000e+00
2.55339330e-01 2.48676563e-01 2.20434102e-01 1.00000000e+00
2.64023481e-01 2.51477834e-01 2.11756275e-01 1.00000000e+00
2.86457889e-01 2.67628879e-01 2.20595349e-01 1.00000000e+00
2.93734027e-01 2.73590802e-01 2.23987859e-01 1.00000000e+00
2.97988628e-01 2.76074848e-01 2.22065542e-01 1.00000000e+00
3.07841556e-01 2.89037840e-01 2.33442412e-01 1.00000000e+00
3.13030969e-01 3.01029135e-01 2.43058212e-01 1.00000000e+00
3.46601957e-01 3.30971539e-01 2.74755363e-01 1.00000000e+00
3.49526535e-01 3.40455602e-01 2.81603617e-01 1.00000000e+00
3.56403244e-01 3.37325513e-01 2.83137044e-01 1.00000000e+00
3.44213816e-01 3.26398659e-01 2.75099989e-01 1.00000000e+00
3.49713075e-01 3.26880293e-01 2.77995057e-01 1.00000000e+00
3.49451708e-01 3.24090614e-01 2.76904269e-01 1.00000000e+00
3.39445964e-01 3.22046045e-01 2.72027865e-01 1.00000000e+00
3.28284090e-01 3.15225192e-01 2.68872483e-01 1.00000000e+00
3.11790526e-01 3.05439714e-01 2.63714688e-01 1.00000000e+00
2.92445105e-01 2.88882917e-01 2.55055830e-01 1.00000000e+00
2.54209547e-01 2.52527520e-01 2.26666877e-01 1.00000000e+00
2.03134304e-01 2.07699807e-01 1.88411296e-01 1.00000000e+00
1.59150766e-01 1.61725448e-01 1.49420091e-01 1.00000000e+00
1.42737299e-01 1.44836672e-01 1.34957396e-01 1.00000000e+00
1.30070453e-01 1.31199182e-01 1.25698869e-01 1.00000000e+00
1.37356077e-01 1.39233076e-01 1.33682175e-01 1.00000000e+00
1.48275553e-01 1.50441321e-01 1.38063245e-01 1.00000000e+00
1.53165658e-01 1.55516912e-01 1.43827034e-01 1.00000000e+00
1.55749825e-01 1.59101233e-01 1.51832472e-01 1.00000000e+00
1.41534797e-01 1.41177524e-01 1.29041845e-01 1.00000000e+00
1.40206881e-01 1.38767251e-01 1.24878933e-01 1.00000000e+00
1.40166833e-01 1.37443550e-01 1.26115160e-01 1.00000000e+00
1.37797661e-01 1.34827766e-01 1.22814339e-01 1.00000000e+00
1.26269030e-01 1.28896407e-01 1.12414436e-01 1.00000000e+00
1.32934958e-01 1.35055409e-01 1.19755916e-01 1.00000000e+00
1.44083132e-01 1.44737605e-01 1.27115313e-01 1.00000000e+00
1.51074716e-01 1.53018111e-01 1.35150260e-01 1.00000000e+00
1.58468891e-01 1.58845134e-01 1.37189560e-01 1.00000000e+00
1.63798473e-01 1.64236896e-01 1.41007846e-01 1.00000000e+00
1.76397869e-01 1.77409615e-01 1.50856559e-01 1.00000000e+00
1.99392953e-01 2.00701899e-01 1.77420154e-01 1.00000000e+00
2.29285823e-01 2.31453699e-01 2.10449436e-01 1.00000000e+00
2.52553868e-01 2.54816595e-01 2.30538913e-01 1.00000000e+00
2.72452588e-01 2.74095621e-01 2.43980376e-01 1.00000000e+00
2.77007551e-01 2.80608734e-01 2.48193876e-01 1.00000000e+00
2.72586433e-01 2.74890262e-01 2.40495123e-01 1.00000000e+00
2.41286603e-01 2.44848791e-01 2.14177087e-01 1.00000000e+00
2.09946725e-01 2.11220893e-01 1.83625528e-01 1.00000000e+00
1.97281987e-01 1.97507522e-01 1.72971634e-01 1.00000000e+00
1.83027965e-01 1.83696139e-01 1.56337902e-01 1.00000000e+00
1.81423927e-01 1.82949977e-01 1.54909865e-01 1.00000000e+00
1.77231505e-01 1.78068303e-01 1.53518715e-01 1.00000000e+00
1.68242777e-01 1.69246091e-01 1.46706293e-01 1.00000000e+00
1.56812158e-01 1.59021136e-01 1.34279737e-01 1.00000000e+00
1.47998377e-01 1.50710066e-01 1.28676141e-01 1.00000000e+00
1.46219391e-01 1.48134330e-01 1.22859657e-01 1.00000000e+00
1.47147878e-01 1.49983928e-01 1.29532963e-01 1.00000000e+00
1.49543397e-01 1.52047468e-01 1.36041861e-01 1.00000000e+00
1.49131321e-01 1.51625907e-01 1.36582513e-01 1.00000000e+00
1.49708860e-01 1.52815762e-01 1.38495344e-01 1.00000000e+00
1.52055899e-01 1.57648956e-01 1.39037050e-01 1.00000000e+00
1.45490091e-01 1.49726776e-01 1.35722529e-01 1.00000000e+00
1.40356535e-01 1.43685811e-01 1.29209416e-01 1.00000000e+00
1.50054539e-01 1.50951410e-01 1.33435562e-01 1.00000000e+00
1.62586486e-01 1.63670951e-01 1.46441764e-01 1.00000000e+00
1.98752180e-01 1.95790716e-01 1.71078827e-01 1.00000000e+00
2.54067271e-01 2.52091205e-01 2.20017811e-01 1.00000000e+00
3.10694469e-01 2.99598990e-01 2.60380142e-01 1.00000000e+00
3.57538296e-01 3.42556028e-01 2.95723793e-01 1.00000000e+00
3.96203846e-01 3.83081714e-01 3.25499681e-01 1.00000000e+00
4.12365430e-01 3.93538528e-01 3.38743011e-01 1.00000000e+00
4.18483330e-01 4.03425181e-01 3.48632826e-01 1.00000000e+00
4.28211897e-01 4.09420828e-01 3.58523694e-01 1.00000000e+00
4.40770191e-01 4.23234319e-01 3.66193992e-01 1.00000000e+00
4.30513619e-01 4.08241512e-01 3.63567668e-01 1.00000000e+00
4.20948406e-01 4.02400788e-01 3.54270147e-01 1.00000000e+00
