0.00000000e+00 0.00000000e+00 0.00000000e+00
1.45078629e+02 8.96368273e+01 4.32098723e+01
1.42435741e+02 9.12403473e+01 4.28426411e+01
7.54557131e+01 5.00854583e+01 2.19768267e+01
7.38202917e+01 5.07500257e+01 2.17157828e+01
7.28894204e+01 5.18772335e+01 2.16848115e+01
7.05326108e+01 5.19499472e+01 2.11892705e+01
6.19634016e+01 4.72132041e+01 1.86142273e+01
6.14746550e+01 4.84424317e+01 1.87115657e+01
6.73442265e+01 5.48678449e+01 2.09945937e+01
6.50019275e+01 5.47437384e+01 2.04946283e+01
5.87601895e+01 5.11447936e+01 1.86142273e+01
5.79199231e+01 5.20944555e+01 1.86142273e+01
6.20813026e+01 5.76926451e+01 2.04326856e+01
6.10258323e+01 5.85916277e+01 2.03928654e+01
5.56628895e+01 5.52116918e+01 1.87469614e+01
5.47451982e+01 5.60984740e+01 1.87425370e+01
5.76581850e+01 6.10403394e+01 2.02247354e+01
5.65782862e+01 6.18846620e+01 2.01937641e+01
5.34322995e+01 6.03887259e+01 1.93398408e+01
5.35694142e+01 6.25668930e+01 1.97999860e+01
5.30541775e+01 6.40465319e+01 2.00123607e+01
5.19734056e+01 6.48625952e+01 1.99990873e+01
5.06045424e+01 6.53048074e+01 1.98663531e+01
4.97646744e+01 6.64265845e+01 1.99681160e+01
4.83641257e+01 6.67958856e+01 1.98265328e+01
4.74901783e+01 6.78883152e+01 1.99282957e+01
4.63881996e+01 6.86661257e+01 1.99327202e+01
4.51915590e+01 6.93004211e+01 1.98973244e+01
4.40664457e+01 7.00409263e+01 1.99017489e+01
4.31107053e+01 7.10623545e+01 1.99990873e+01
4.19399045e+01 7.17402656e+01 1.99946628e+01
4.20231844e+01 7.18827199e+01 1.88325822e+01
4.31703021e+01 7.11605920e+01 1.88241893e+01
4.41358491e+01 7.01512388e+01 1.87360638e+01
4.52992548e+01 6.94655707e+01 1.87486532e+01
4.63958582e+01 6.86774623e+01 1.87360638e+01
4.75842575e+01 6.80228037e+01 1.87696354e+01
4.86851583e+01 6.72392650e+01 1.87696354e+01
5.00338513e+01 6.67858856e+01 1.88787432e+01
5.09196750e+01 6.57114839e+01 1.87990106e+01
5.17524603e+01 6.45868565e+01 1.87066886e+01
5.27968821e+01 6.37359272e+01 1.87066886e+01
5.41318476e+01 6.32237923e+01 1.88241893e+01
5.52424195e+01 6.24345080e+01 1.88577609e+01
5.54050547e+01 6.06013953e+01 1.85430270e+01
5.54654596e+01 5.87189915e+01 1.82073109e+01
5.90067559e+01 6.04653754e+01 1.91389232e+01
5.87602239e+01 5.82839195e+01 1.87066886e+01
5.66250586e+01 5.43663924e+01 1.76365934e+01
5.78209747e+01 5.37334887e+01 1.77457012e+01
6.30023908e+01 5.66657390e+01 1.92018700e+01
6.26928348e+01 5.45677631e+01 1.87948141e+01
5.96714681e+01 5.02544981e+01 1.75148963e+01
6.04685889e+01 4.92660074e+01 1.75106998e+01
6.19980319e+01 4.88548561e+01 1.77457012e+01
6.91964009e+01 5.27244101e+01 1.97683910e+01
6.28013576e+01 4.62555856e+01 1.75106998e+01
6.31508291e+01 4.49460332e+01 1.73890027e+01
6.42874625e+01 4.41963896e+01 1.75148963e+01
6.57646363e+01 4.36527840e+01 1.77457012e+01
7.59855873e+01 4.86742397e+01 2.05825027e+01
1.23672587e+02 7.64111043e+01 3.44182047e+01
1.25029253e+02 7.44649814e+01 3.44559728e+01
1.23729880e+02 7.09886147e+01 3.37341830e+01
1.23681392e+02 7.09607952e+01 3.16636235e+01
1.22524396e+02 7.29731375e+01 3.16675912e+01
1.21006356e+02 7.47637738e+01 3.15803029e+01
1.19208258e+02 7.63614723e+01 3.14215970e+01
1.17837698e+02 7.82174718e+01 3.13898558e+01
7.41709315e+01 5.09910838e+01 1.92290147e+01
7.32354363e+01 5.21235017e+01 1.92012411e+01
6.29070166e+01 4.63334074e+01 1.64199199e+01
6.18375586e+01 4.71173176e+01 1.63286640e+01
6.10624396e+01 4.81176032e+01 1.63286640e+01
6.76596216e+01 5.51248090e+01 1.85822880e+01
6.62657145e+01 5.58080827e+01 1.84315174e+01
5.86408519e+01 5.10409224e+01 1.63286640e+01
5.77898170e+01 5.19774352e+01 1.63246963e+01
5.72311047e+01 5.31853178e+01 1.64199199e+01
6.13201496e+01 5.88742052e+01 1.80466555e+01
5.58150794e+01 5.53626479e+01 1.65349816e+01
5.46487407e+01 5.59996321e+01 1.64476934e+01
5.72901592e+01 6.06507256e+01 1.76736966e+01
5.70878646e+01 6.24420329e+01 1.79514320e+01
5.39180771e+01 6.09377476e+01 1.71856759e+01
5.37374846e+01 6.27631924e+01 1.74832495e+01
5.32653547e+01 6.43014632e+01 1.76895672e+01
5.22116657e+01 6.51599428e+01 1.76895672e+01
5.07536063e+01 6.54971734e+01 1.75387966e+01
4.96908475e+01 6.63280393e+01 1.75427642e+01
4.88309685e+01 6.74406439e+01 1.76340201e+01
4.77171529e+01 6.82127808e+01 1.76300525e+01
4.65347866e+01 6.88831110e+01 1.76022790e+01
4.51324635e+01 6.92097992e+01 1.74832495e+01
4.39820890e+01 6.99068465e+01 1.74753142e+01
4.28557965e+01 7.06421707e+01 1.74832495e+01
4.16155986e+01 7.11855243e+01 1.74435730e+01
4.17574461e+01 7.14281616e+01 1.63269003e+01
4.29145477e+01 7.07390145e+01 1.63269003e+01
4.40602788e+01 7.00311245e+01 1.63269003e+01
4.51851421e+01 6.92905809e+01 1.63231622e+01
4.63069963e+01 6.85459245e+01 1.63231622e+01
4.74937634e+01 6.78934402e+01 1.63530670e+01
4.85826995e+01 6.70977587e+01 1.63493289e+01
4.99812504e+01 6.67156731e+01 1.64652101e+01
5.08337483e+01 6.56005960e+01 1.63829718e+01
5.18842677e+01 6.47513515e+01 1.63792337e+01
5.30172463e+01 6.40019489e+01 1.64091385e+01
5.43803796e+01 6.35140676e+01 1.65212817e+01
5.51616188e+01 6.23431877e+01 1.64390434e+01
5.55671474e+01 6.07786903e+01 1.62409239e+01
5.72540981e+01 6.06125492e+01 1.64689482e+01
5.91970382e+01 6.06603614e+01 1.67754727e+01
5.52651778e+01 5.48172039e+01 1.52391120e+01
5.61501140e+01 5.39103925e+01 1.52391120e+01
5.76736267e+01 5.35965570e+01 1.54372315e+01
6.36817042e+01 5.72767285e+01 1.69735922e+01
5.83465640e+01 5.07847746e+01 1.51307070e+01
5.91654562e+01 4.98283418e+01 1.51307070e+01
6.03470841e+01 4.91670129e+01 1.52391120e+01
6.18400393e+01 4.87303569e+01 1.54372315e+01
6.22100067e+01 4.74011056e+01 1.53213503e+01
6.22957072e+01 4.58831548e+01 1.51344451e+01
6.30617183e+01 4.48826107e+01 1.51419213e+01
6.44635367e+01 4.43174372e+01 1.53250884e+01
6.60177399e+01 4.38207874e+01 1.55493747e+01
7.54952375e+01 4.83601353e+01 1.78632609e+01
6.69795468e+01 4.13833112e+01 1.54372315e+01
6.77310330e+01 4.03392806e+01 1.54596602e+01
1.22745662e+02 7.04239309e+01 2.93803589e+01
1.23096930e+02 7.06254670e+01 2.74482414e+01
1.21815027e+02 7.25506516e+01 2.74201785e+01
6.76122210e+01 4.17742089e+01 1.44726588e+01
6.68806631e+01 4.28418802e+01 1.44621352e+01
6.57525352e+01 4.36447517e+01 1.43568994e+01
6.53533637e+01 4.49291761e+01 1.44375802e+01
6.38982353e+01 4.54779810e+01 1.42551713e+01
6.27417689e+01 4.62116962e+01 1.41499355e+01
6.12830576e+01 4.66948138e+01 1.39675266e+01
6.09126553e+01 4.79995722e+01 1.40727625e+01
6.06860417e+01 4.94431742e+01 1.42236006e+01
5.98861291e+01 5.04352827e+01 1.42271084e+01
5.87644019e+01 5.11484601e+01 1.41464276e+01
5.75475460e+01 5.17595313e+01 1.40411917e+01
5.66974342e+01 5.26893736e+01 1.40411917e+01
5.62097834e+01 5.39676818e+01 1.41499355e+01
5.62946899e+01 5.58383708e+01 1.44340723e+01
5.48006483e+01 5.61552948e+01 1.42621871e+01
5.35895587e+01 5.67330527e+01 1.41744905e+01
5.29096062e+01 5.78719032e+01 1.42516635e+01
5.62113367e+01 6.35295698e+01 1.55846512e+01
5.39292125e+01 6.29871228e+01 1.51882627e+01
5.34783371e+01 6.45585736e+01 1.53776873e+01
5.26843259e+01 6.57498208e+01 1.54653838e+01
5.09557301e+01 6.57580128e+01 1.52443885e+01
4.98786388e+01 6.65787058e+01 1.52443885e+01
4.87982318e+01 6.73954313e+01 1.52478964e+01
4.78495926e+01 6.84021064e+01 1.53040222e+01
4.65125313e+01 6.88501678e+01 1.52233413e+01
4.53027107e+01 6.94708702e+01 1.51917706e+01
4.41749236e+01 7.02133455e+01 1.51952784e+01
4.27635417e+01 7.04901007e+01 1.50900426e+01
4.16190312e+01 7.11913961e+01 1.50935504e+01
4.16423083e+01 7.12312127e+01 1.39362970e+01
4.27962194e+01 7.05439657e+01 1.39362970e+01
4.39478055e+01 6.98523550e+01 1.39395739e+01
4.50882137e+01 6.91419430e+01 1.39428509e+01
4.64824555e+01 6.88056481e+01 1.40378829e+01
4.76641636e+01 6.81370314e+01 1.40608217e+01
4.87867675e+01 6.73795978e+01 1.40673756e+01
5.01612128e+01 6.69558895e+01 1.41591307e+01
5.10059373e+01 6.58228048e+01 1.40837604e+01
5.20811601e+01 6.49970725e+01 1.40870374e+01
5.34453641e+01 6.45187689e+01 1.41820694e+01
5.48517496e+01 6.40646085e+01 1.42902093e+01
5.53376366e+01 6.25421215e+01 1.41296380e+01
5.60970247e+01 6.13582639e+01 1.40575447e+01
5.45776432e+01 5.77790970e+01 1.33497200e+01
5.45414563e+01 5.58896956e+01 1.30810088e+01
5.51795520e+01 5.47322721e+01 1.30089155e+01
5.63195336e+01 5.40730542e+01 1.30777318e+01
5.78617913e+01 5.37714199e+01 1.32546880e+01
5.79616501e+01 5.21319857e+01 1.30547930e+01
5.85216256e+01 5.09371480e+01 1.29826998e+01
5.93429748e+01 4.99778455e+01 1.29826998e+01
6.01748467e+01 4.90266847e+01 1.29892537e+01
6.16296438e+01 4.85645639e+01 1.31531020e+01
6.24254268e+01 4.75652456e+01 1.31563790e+01
6.24826542e+01 4.60208484e+01 1.29859767e+01
6.28235222e+01 4.47130806e+01 1.28909447e+01
6.43520209e+01 4.42407723e+01 1.30810088e+01
6.53879702e+01 4.34027633e+01 1.31563790e+01
6.64991246e+01 4.25974773e+01 1.32514110e+01
6.67804659e+01 4.12603091e+01 1.31596560e+01
6.75159272e+01 4.02111678e+01 1.31760408e+01
6.97031299e+01 3.99913800e+01 1.35201222e+01
1.24864164e+02 7.16393977e+01 2.38021207e+01
1.23594069e+02 7.36102142e+01 2.37838479e+01
6.77644920e+01 4.18682896e+01 1.22628770e+01
6.62166340e+01 4.24165217e+01 1.20801495e+01
6.52063920e+01 4.32822366e+01 1.20131494e+01
6.51225458e+01 4.47704932e+01 1.21501951e+01
6.36524123e+01 4.53030226e+01 1.19887857e+01
6.25103280e+01 4.60412312e+01 1.19004674e+01
6.14556708e+01 4.68263370e+01 1.18334673e+01
6.06853387e+01 4.78204453e+01 1.18334673e+01
6.05830631e+01 4.93592738e+01 1.19918312e+01
5.97067169e+01 5.02841842e+01 1.19766039e+01
5.85603187e+01 5.09708264e+01 1.19004674e+01
5.77229104e+01 5.19172580e+01 1.19004674e+01
5.65967229e+01 5.25957819e+01 1.18334673e+01
5.60024376e+01 5.37686066e+01 1.19004674e+01
5.61078084e+01 5.56530041e+01 1.21501951e+01
5.45663356e+01 5.59151900e+01 1.19887857e+01
5.33926079e+01 5.65245490e+01 1.19217856e+01
5.24769373e+01 5.73986550e+01 1.19248311e+01
5.24465886e+01 5.92746839e+01 1.21715133e+01
5.46976501e+01 6.38846266e+01 1.30607873e+01
5.38887231e+01 6.50539880e+01 1.31277874e+01
5.13158527e+01 6.40419719e+01 1.26953322e+01
5.05057226e+01 6.51772813e+01 1.27653777e+01
5.02012635e+01 6.70093498e+01 1.29937872e+01
4.93129071e+01 6.81062513e+01 1.30577418e+01
4.79254422e+01 6.85105352e+01 1.29724690e+01
4.67849500e+01 6.92534154e+01 1.29663780e+01
4.53919654e+01 6.96077407e+01 1.28811052e+01
4.39637626e+01 6.98777179e+01 1.27836505e+01
4.30141872e+01 7.09032571e+01 1.28506506e+01
4.20685180e+01 7.19602652e+01 1.29267871e+01
4.23940820e+01 7.25171585e+01 1.18658385e+01
4.34982421e+01 7.17011582e+01 1.18433314e+01
4.44693304e+01 7.06812871e+01 1.17842504e+01
4.51307556e+01 6.92071802e+01 1.16379545e+01
4.62512595e+01 6.84634201e+01 1.16379545e+01
4.76227696e+01 6.80778576e+01 1.17139158e+01
4.90537689e+01 6.77483545e+01 1.18067575e+01
5.04355777e+01 6.73221156e+01 1.18855322e+01
5.15976298e+01 6.65863798e+01 1.19052259e+01
5.24406122e+01 6.54456672e+01 1.18433314e+01
5.31842340e+01 6.42035349e+01 1.17617433e+01
5.43107315e+01 6.34327213e+01 1.17842504e+01
5.60010728e+01 6.32919314e+01 1.19502400e+01
5.67598648e+01 6.20832706e+01 1.18855322e+01
5.71437992e+01 6.04957803e+01 1.17364229e+01
5.49488609e+01 5.63071711e+01 1.09852495e+01
5.49523205e+01 5.45068826e+01 1.07742458e+01
5.61512755e+01 5.39115076e+01 1.08473938e+01
5.73577845e+01 5.33030424e+01 1.09233551e+01
5.78383790e+01 5.20211130e+01 1.08389536e+01
5.82797087e+01 5.07265838e+01 1.07517387e+01
5.91106735e+01 4.97822045e+01 1.07545521e+01
5.98999583e+01 4.88027229e+01 1.07517387e+01
6.11005619e+01 4.81476439e+01 1.08389536e+01
6.22144201e+01 4.74044684e+01 1.09092882e+01
6.22107903e+01 4.58206103e+01 1.07517387e+01
6.29622277e+01 4.48118008e+01 1.07545521e+01
6.36832866e+01 4.37810303e+01 1.07545521e+01
6.48126417e+01 4.30208758e+01 1.08389536e+01
6.62634534e+01 4.24465129e+01 1.09880629e+01
6.66127420e+01 4.11566809e+01 1.09233551e+01
6.69376867e+01 3.98667791e+01 1.08586473e+01
6.80056056e+01 3.90174447e+01 1.09402354e+01
6.80401555e+01 3.90372672e+01 9.85284106e+00
6.78351217e+01 4.04012738e+01 9.93026454e+00
6.67334544e+01 4.12312630e+01 9.85284106e+00
6.56228564e+01 4.20361644e+01 9.77541757e+00
6.49157387e+01 4.30893088e+01 9.77283679e+00
6.49643503e+01 4.46617369e+01 9.91219906e+00
6.33954691e+01 4.51201496e+01 9.75735209e+00
6.23369561e+01 4.59135362e+01 9.69799409e+00
6.15813649e+01 4.69221100e+01 9.69799409e+00
6.07157304e+01 4.78443941e+01 9.67992861e+00
6.06161593e+01 4.93862384e+01 9.81412932e+00
5.95043734e+01 5.01137732e+01 9.75477131e+00
5.83979022e+01 5.08294593e+01 9.69799409e+00
5.74614191e+01 5.16820669e+01 9.67734783e+00
5.66250670e+01 5.26221222e+01 9.67992861e+00
5.61053502e+01 5.38674142e+01 9.75219053e+00
5.56084186e+01 5.51576623e+01 9.83477558e+00
5.40841358e+01 5.54210705e+01 9.70057487e+00
5.28237064e+01 5.59222765e+01 9.62315139e+00
5.28381790e+01 5.77937770e+01 9.83219480e+00
5.55278963e+01 6.27571514e+01 1.06632069e+01
5.47540462e+01 6.39504949e+01 1.07225649e+01
5.06065543e+01 6.10917829e+01 9.98704176e+00
5.25688515e+01 6.56057093e+01 1.07044994e+01
5.11598902e+01 6.60214799e+01 1.06219143e+01
5.03237878e+01 6.71728968e+01 1.06838531e+01
4.94336996e+01 6.82730782e+01 1.07380496e+01
4.82572431e+01 6.89848524e+01 1.07225649e+01
4.71184433e+01 6.97470689e+01 1.07199841e+01
4.56975806e+01 7.00763960e+01 1.06425606e+01
4.42785554e+01 7.03780619e+01 1.05651371e+01
4.31006225e+01 7.10457343e+01 1.05573948e+01
4.21621959e+01 7.21205059e+01 1.06244951e+01
4.22315019e+01 7.22390573e+01 9.48245134e+00
4.33928803e+01 7.15274830e+01 9.48010364e+00
4.42966956e+01 7.04068946e+01 9.41436802e+00
4.52129164e+01 6.93331724e+01 9.35802320e+00
4.66127495e+01 6.89985157e+01 9.42610652e+00
4.82485737e+01 6.89724591e+01 9.55053467e+00
4.94349653e+01 6.82748263e+01 9.56696857e+00
5.08572001e+01 6.78849031e+01 9.63974730e+00
5.17043264e+01 6.67240710e+01 9.58340248e+00
5.27942226e+01 6.58869716e+01 9.58575018e+00
5.36090541e+01 6.47163740e+01 9.53175306e+00
5.52774384e+01 6.45617957e+01 9.66322431e+00
5.26537415e+01 5.95088064e+01 8.90256923e+00
5.65774096e+01 6.18837032e+01 9.50592835e+00
5.82457483e+01 6.16623684e+01 9.63974730e+00
5.44221510e+01 5.57674412e+01 8.69127616e+00
5.47041891e+01 5.42607624e+01 8.57154341e+00
5.58512083e+01 5.36234096e+01 8.62319283e+00
5.73797767e+01 5.33234799e+01 8.74762098e+00
5.78591284e+01 5.20397754e+01 8.67718995e+00
5.83892982e+01 5.08219703e+01 8.62084513e+00
5.92218550e+01 4.98758400e+01 8.62319283e+00
6.00258366e+01 4.89052806e+01 8.62319283e+00
6.11224816e+01 4.81649167e+01 8.67718995e+00
6.18983627e+01 4.71636475e+01 8.67718995e+00
6.23415248e+01 4.59169012e+01 8.62319283e+00
6.30667375e+01 4.48861831e+01 8.62084513e+00
6.38030687e+01 4.38633782e+01 8.62319283e+00
6.49497415e+01 4.31118789e+01 8.69597156e+00
6.59592919e+01 4.22516756e+01 8.74762098e+00
6.63040700e+01 4.09659679e+01 8.69362386e+00
4.33056744e+01 2.57920140e+01 4.90913009e+00
6.80616443e+01 3.90495962e+01 8.76640258e+00
6.81591529e+01 3.91055407e+01 7.69381327e+00
6.74989025e+01 4.02010282e+01 7.69169909e+00
6.68210528e+01 4.12853856e+01 7.68958491e+00
4.13142056e+01 2.64647234e+01 4.04685126e+00
6.50141290e+01 4.31546176e+01 7.62615949e+00
6.46274020e+01 4.44300914e+01 7.67478565e+00
6.35889541e+01 4.52578577e+01 7.62827367e+00
6.24305437e+01 4.59824670e+01 7.56484824e+00
6.16738180e+01 4.69925550e+01 7.56484824e+00
6.09007515e+01 4.79901919e+01 7.56484824e+00
6.04166612e+01 4.92237000e+01 7.61347440e+00
5.95943569e+01 5.01895561e+01 7.61136022e+00
5.81499958e+01 5.06136819e+01 7.50987954e+00
5.72802881e+01 5.15191537e+01 7.50353700e+00
5.67976225e+01 5.27824794e+01 7.56484824e+00
5.62025090e+01 5.39606976e+01 7.61136022e+00
5.54017875e+01 5.49527062e+01 7.62615949e+00
5.39024408e+01 5.52348840e+01 7.52045044e+00
5.29727438e+01 5.60800562e+01 7.51622208e+00
5.32767821e+01 5.82735158e+01 7.74032525e+00
5.50198538e+01 6.21829661e+01 8.24350030e+00
5.14296727e+01 6.00677621e+01 7.75512452e+00
5.04451386e+01 6.08969233e+01 7.75512452e+00
5.26143736e+01 6.56625206e+01 8.38092206e+00
5.12451485e+01 6.61315052e+01 8.32172499e+00
5.06236155e+01 6.75731111e+01 8.41686313e+00
4.97478336e+01 6.87069300e+01 8.46548929e+00
4.86032863e+01 6.94795291e+01 8.46126093e+00
4.71977265e+01 6.98644277e+01 8.40206387e+00
4.60636397e+01 7.06377409e+01 8.40417805e+00
4.46161802e+01 7.09146958e+01 8.33652426e+00
4.31897372e+01 7.11926282e+01 8.27309883e+00
4.22152057e+01 7.22111818e+01 8.31961081e+00
4.22686183e+01 7.23025466e+01 7.17634742e+00
4.34487738e+01 7.16196162e+01 7.17822769e+00
4.43258403e+01 7.04532182e+01 7.11993943e+00
4.55416253e+01 6.98372413e+01 7.13498156e+00
4.69025869e+01 6.94275475e+01 7.18010795e+00
4.83015127e+01 6.90481367e+01 7.23275541e+00
4.97305950e+01 6.86831217e+01 7.29104367e+00
5.09138902e+01 6.79605738e+01 7.30420554e+00
5.17298985e+01 6.67570716e+01 7.25343835e+00
5.26274615e+01 6.56788543e+01 7.22147382e+00
5.36895418e+01 6.48135380e+01 7.22147382e+00
5.84826197e+01 6.83053168e+01 7.85324335e+00
5.21251757e+01 5.89114258e+01 6.61790828e+00
5.30771693e+01 5.80551817e+01 6.61790828e+00
5.76987021e+01 6.10832331e+01 7.20643168e+00
5.44838612e+01 5.58306768e+01 6.54645815e+00
5.43876212e+01 5.39467607e+01 6.39227630e+00
5.56293907e+01 5.34104398e+01 6.44868430e+00
5.74204066e+01 5.33612376e+01 6.58782402e+00
5.79118219e+01 5.20871691e+01 6.53329629e+00
5.84546382e+01 5.08788422e+01 6.49005016e+00
5.88948879e+01 4.96004728e+01 6.43552243e+00
6.00664640e+01 4.89383813e+01 6.48816989e+00
6.11781471e+01 4.82087815e+01 6.53329629e+00
6.19547349e+01 4.72066005e+01 6.53329629e+00
6.23975191e+01 4.59581431e+01 6.49005016e+00
6.31373117e+01 4.49364125e+01 6.49005016e+00
6.34366855e+01 4.36114969e+01 6.43364217e+00
6.49806155e+01 4.31323723e+01 6.54457789e+00
6.56885026e+01 4.20782155e+01 6.54645815e+00
6.62918053e+01 4.09583901e+01 6.53705682e+00
4.20794898e+01 2.50617224e+01 3.36128676e+00
4.24669783e+01 2.43649470e+01 3.35940649e+00
4.32024820e+01 2.47869339e+01 2.76772465e+00
6.75362612e+01 4.02232784e+01 5.52971477e+00
4.08397211e+01 2.52328206e+01 2.59489452e+00
4.00912048e+01 2.56813033e+01 2.55703649e+00
6.50633296e+01 4.31872757e+01 5.48033473e+00
6.42244668e+01 4.41530813e+01 5.46552072e+00
6.34972803e+01 4.51926112e+01 5.46552072e+00
6.20485069e+01 4.57010824e+01 5.38157465e+00
6.12964119e+01 4.67049892e+01 5.38157465e+00
6.05415563e+01 4.77071438e+01 5.38322065e+00
6.00364255e+01 4.89139078e+01 5.41778668e+00
5.96392504e+01 5.02273648e+01 5.46881272e+00
5.84124847e+01 5.08421518e+01 5.41778668e+00
5.72836978e+01 5.15222205e+01 5.37992865e+00
5.64374837e+01 5.24477996e+01 5.37992865e+00
5.58610609e+01 5.36328691e+01 5.41778668e+00
5.53462331e+01 5.48976021e+01 5.46716672e+00
5.38220235e+01 5.51524788e+01 5.38157465e+00
5.26579032e+01 5.57467475e+01 5.34536262e+00
5.29479211e+01 5.79138115e+01 5.51654676e+00
5.53987378e+01 6.26111775e+01 6.00870113e+00
5.07780632e+01 5.93067088e+01 5.47868873e+00
4.98169515e+01 6.01385815e+01 5.48033473e+00
4.97007621e+01 6.20263456e+01 5.61366083e+00
5.15124325e+01 6.64764333e+01 6.05643517e+00
5.04338640e+01 6.73198281e+01 6.05808117e+00
5.21295807e+01 7.19963704e+01 6.51566952e+00
5.06359853e+01 7.23853197e+01 6.46299748e+00
4.75007391e+01 7.03129622e+01 6.12885922e+00
4.60780968e+01 7.06599106e+01 6.08112519e+00
4.46568178e+01 7.09792868e+01 6.03339115e+00
4.34866726e+01 7.16820874e+01 6.03174515e+00
4.20629516e+01 7.19507437e+01 5.98401111e+00
4.21002781e+01 7.20145925e+01 4.84508611e+00
4.29994991e+01 7.08790456e+01 4.80274324e+00
4.44128666e+01 7.05915413e+01 4.84367468e+00
4.57812667e+01 7.02047270e+01 4.87754897e+00
4.72064974e+01 6.98774110e+01 4.91989184e+00
5.01007303e+01 7.16201602e+01 5.17253763e+00
5.13203172e+01 7.08786934e+01 5.18100620e+00
5.01696878e+01 6.69672020e+01 4.86625754e+00
4.88112030e+01 6.29905156e+01 4.53880602e+00
4.92712933e+01 6.14903702e+01 4.46541172e+00
5.64700213e+01 6.81701082e+01 5.26428051e+00
5.11572673e+01 5.97496037e+01 4.45412029e+00
5.21230322e+01 5.89090032e+01 4.45412029e+00
5.33416644e+01 5.83444833e+01 4.48658315e+00
6.09746269e+01 6.45513194e+01 5.28686337e+00
5.44924099e+01 5.58394369e+01 4.40189741e+00
5.44058936e+01 5.39648849e+01 4.28757167e+00
5.56365334e+01 5.34172977e+01 4.32850311e+00
5.71531759e+01 5.31128980e+01 4.40189741e+00
5.79206885e+01 5.20951440e+01 4.39201741e+00
5.80869721e+01 5.05588261e+01 4.31862311e+00
5.89153643e+01 4.96177178e+01 4.32003453e+00
5.97151851e+01 4.86521813e+01 4.32003453e+00
6.09040839e+01 4.79928179e+01 4.36237740e+00
6.15541808e+01 4.69013970e+01 4.34967454e+00
6.20050532e+01 4.56690771e+01 4.31862311e+00
6.27401928e+01 4.46537730e+01 4.31862311e+00
6.34587089e+01 4.36266375e+01 4.31862311e+00
6.45899102e+01 4.28730327e+01 4.36096597e+00
6.56119929e+01 4.20292056e+01 4.39342884e+00
6.63897372e+01 4.10188973e+01 4.40330884e+00
4.19359832e+01 2.49762527e+01 2.00246818e+00
4.15917346e+01 2.38627858e+01 1.93189673e+00
4.11333042e+01 2.35997666e+01 1.23911754e+00
4.11870814e+01 2.45302214e+01 1.27441534e+00
4.07091804e+01 2.51521660e+01 1.26853237e+00
4.04102609e+01 2.58856817e+01 1.27794512e+00
6.49344709e+01 4.31017427e+01 3.32639411e+00
6.42384777e+01 4.41627135e+01 3.32757070e+00
6.31047227e+01 4.49132181e+01 3.29344950e+00
6.20467636e+01 4.56997984e+01 3.26638785e+00
6.12946898e+01 4.67036770e+01 3.26638785e+00
6.05263755e+01 4.76951812e+01 3.26638785e+00
6.00354047e+01 4.89130761e+01 3.29227290e+00
5.96260005e+01 5.02162059e+01 3.32757070e+00
5.81260468e+01 5.05928367e+01 3.26638785e+00
5.72948486e+01 5.15322498e+01 3.26638785e+00
5.64484698e+01 5.24580090e+01 3.26638785e+00
5.62199437e+01 5.39774368e+01 3.32639411e+00
5.53583319e+01 5.49096028e+01 3.32874730e+00
5.38325250e+01 5.51632400e+01 3.26756444e+00
5.23251061e+01 5.53944290e+01 3.20755818e+00
5.26003952e+01 5.75336918e+01 3.32757070e+00
5.91457235e+01 6.68459886e+01 4.10059252e+00
5.11137517e+01 5.96987792e+01 3.37110466e+00
4.98170462e+01 6.01386957e+01 3.33698345e+00
4.91434953e+01 6.13308790e+01 3.37110466e+00
5.41969559e+01 6.99407920e+01 4.04764582e+00
4.72758595e+01 6.31044795e+01 3.38875356e+00
4.62020954e+01 6.38098970e+01 3.38404718e+00
4.61433255e+01 6.59629579e+01 3.50170652e+00
4.67293694e+01 6.91711422e+01 3.70525716e+00
4.74858417e+01 7.28186613e+01 3.94175242e+00
4.64958052e+01 7.39022451e+01 3.96763748e+00
4.34934490e+01 7.16932573e+01 3.73114222e+00
4.17998609e+01 7.15007141e+01 3.66054662e+00
4.18298839e+01 7.15520699e+01 2.52990002e+00
4.29800634e+01 7.08470084e+01 2.52895849e+00
4.41275436e+01 7.01380378e+01 2.52895849e+00
4.57523253e+01 7.01603459e+01 2.57791847e+00
4.86518678e+01 7.20169203e+01 2.75021996e+00
4.98176392e+01 7.12154749e+01 2.75021996e+00
4.84259129e+01 6.68812201e+01 2.51295234e+00
4.84862374e+01 6.47201088e+01 2.41974006e+00
4.82362319e+01 6.22485194e+01 2.30393086e+00
4.90062274e+01 6.11595691e+01 2.28321702e+00
5.61233528e+01 6.77516130e+01 2.80859533e+00
5.10605535e+01 5.96366459e+01 2.29074932e+00
5.20815327e+01 5.88621008e+01 2.29545701e+00
5.33115221e+01 5.83115140e+01 2.31805393e+00
6.12283640e+01 6.48199404e+01 2.87356147e+00
5.41231976e+01 5.54610978e+01 2.23519857e+00
5.40531691e+01 5.36150196e+01 2.16081705e+00
5.56265501e+01 5.34077125e+01 2.21448473e+00
5.71568731e+01 5.31163338e+01 2.26438625e+00
5.76042745e+01 5.18105543e+01 2.23425703e+00
5.73751372e+01 4.99392459e+01 2.15705090e+00
5.88651272e+01 4.95754088e+01 2.20601089e+00
6.00646665e+01 4.89369168e+01 2.23425703e+00
6.08667755e+01 4.79634186e+01 2.23519857e+00
6.15298623e+01 4.68828675e+01 2.22766626e+00
6.19798670e+01 4.56505265e+01 2.20695242e+00
6.27147080e+01 4.46356348e+01 2.20695242e+00
6.34329322e+01 4.36089165e+01 2.20695242e+00
6.45503085e+01 4.28467461e+01 2.23425703e+00
6.56740664e+01 4.20689681e+01 2.26250318e+00
6.63501211e+01 4.09944205e+01 2.26250318e+00
4.34020627e+01 2.58494210e+01 7.59808222e-01
4.30256410e+01 2.46854734e+01 7.09906698e-01
4.38219771e+01 2.51423622e+01 6.97469449e-02
6.70140948e+01 3.99122862e+01 1.19630723e+00
6.63702213e+01 4.10068394e+01 1.19701354e+00
4.28470721e+01 2.74466347e+01 8.45794001e-02
6.45697126e+01 4.28596260e+01 1.17582432e+00
6.41616461e+01 4.41098933e+01 1.19065677e+00
6.31404341e+01 4.49386348e+01 1.17582432e+00
6.19844858e+01 4.56539284e+01 1.15463510e+00
6.12468694e+01 4.66672401e+01 1.15534141e+00
6.04520930e+01 4.76366461e+01 1.15392879e+00
5.99625235e+01 4.88536970e+01 1.16946755e+00
5.91725664e+01 4.98343299e+01 1.17017386e+00
5.80806985e+01 5.05533656e+01 1.15534141e+00
5.72373404e+01 5.14805256e+01 1.15463510e+00
5.63918111e+01 5.24053557e+01 1.15463510e+00
5.58047250e+01 5.35787804e+01 1.17017386e+00
5.52921542e+01 5.48439616e+01 1.19136308e+00
5.37664904e+01 5.50955730e+01 1.15463510e+00
5.22356222e+01 5.52996960e+01 1.11720081e+00
5.23050040e+01 5.72105964e+01 1.17653063e+00
5.90494757e+01 6.67372102e+01 1.65187550e+00
5.13114230e+01 5.99296512e+01 1.23303522e+00
4.98016574e+01 6.01201185e+01 1.19913246e+00
4.87841705e+01 6.08824430e+01 1.19701354e+00
5.36007923e+01 6.91714469e+01 1.58618891e+00
4.69315528e+01 6.26448940e+01 1.20760815e+00
4.58248425e+01 6.32888715e+01 1.20195769e+00
4.60328164e+01 6.58049825e+01 1.29095242e+00
4.51774131e+01 6.68738591e+01 1.30719749e+00
4.74516566e+01 7.27662390e+01 1.56005554e+00
4.60040920e+01 7.31206969e+01 1.54027893e+00
4.31816093e+01 7.11792305e+01 1.41173099e+00
4.15217333e+01 7.10249632e+01 1.37147147e+00
4.15099175e+01 7.10047517e+01 2.46682059e-01
4.24009185e+01 6.98923639e+01 2.33024660e-01
4.37990995e+01 6.96159959e+01 2.46682059e-01
4.54065612e+01 6.96301231e+01 2.70700245e-01
4.85696395e+01 7.18952019e+01 3.70069601e-01
4.95160988e+01 7.07844158e+01 3.59708815e-01
5.09548187e+01 7.03739019e+01 3.73366215e-01
4.81667654e+01 6.42936731e+01 1.94407185e-01
4.84045757e+01 6.24657658e+01 1.58615379e-01
4.89515000e+01 6.10912696e+01 1.38364752e-01
5.51838254e+01 6.66174240e+01 3.63005429e-01
3.39433400e+01 3.96444380e+01 -5.74645698e-01
5.19551780e+01 5.87192958e+01 1.41661366e-01
5.32413192e+01 5.82347269e+01 1.55318765e-01
6.46086914e+01 6.83985535e+01 5.70221147e-01
5.40493466e+01 5.53854212e+01 1.13875622e-01
5.39280681e+01 5.34909326e+01 7.47872019e-02
5.48040261e+01 5.26179975e+01 7.52581468e-02
5.69662290e+01 5.29391668e+01 1.24236407e-01
5.75512704e+01 5.17628812e+01 1.14346566e-01
5.79831818e+01 5.04684872e+01 9.97472771e-02
5.87837914e+01 4.95069088e+01 9.92763323e-02
5.95951875e+01 4.85544148e+01 9.97472771e-02
6.07295746e+01 4.78553034e+01 1.11991842e-01
6.14456326e+01 4.68186884e+01 1.10108063e-01
6.18665079e+01 4.55670332e+01 9.88053875e-02
6.26140464e+01 4.45639915e+01 9.92763323e-02
6.33453203e+01 4.35486851e+01 9.97472771e-02
4.06828761e+01 2.70041911e+01 -6.66479937e-01
6.54839099e+01 4.19471592e+01 1.24236407e-01
6.58207782e+01 4.06673660e+01 1.13404677e-01
6.61334239e+01 3.93877758e+01 1.02572946e-01
4.71075450e+01 2.70274195e+01 -5.16719485e-01
6.71046914e+01 3.85005554e+01 -9.43385664e-01
6.69134829e+01 3.98523638e+01 -9.36320833e-01
6.62559428e+01 4.09362325e+01 -9.36320833e-01
6.48404912e+01 4.15350032e+01 -9.48331046e-01
6.44574713e+01 4.27851233e+01 -9.43385664e-01
6.37667266e+01 4.38383937e+01 -9.43150170e-01
3.86194789e+01 2.74864543e+01 -1.35267489e+00
3.91941602e+01 2.88679879e+01 -1.33524830e+00
6.10845657e+01 4.65435724e+01 -9.51156979e-01
6.03730487e+01 4.75743587e+01 -9.50215001e-01
5.95906845e+01 4.85507460e+01 -9.50215001e-01
5.90694450e+01 4.97474824e+01 -9.45269619e-01
5.79657967e+01 5.04533552e+01 -9.50450496e-01
5.67523530e+01 5.10443172e+01 -9.57515327e-01
5.62928446e+01 5.23133854e+01 -9.50450496e-01
5.57074728e+01 5.34854074e+01 -9.45269619e-01
5.51844689e+01 5.47371491e+01 -9.38440283e-01
5.36721314e+01 5.49988814e+01 -9.50450496e-01
5.21542195e+01 5.52135183e+01 -9.62696203e-01
5.22024786e+01 5.70984553e+01 -9.43385664e-01
5.22029416e+01 5.89993162e+01 -9.24075126e-01
6.11137600e+01 7.13783815e+01 -7.16604581e-01
5.00459193e+01 6.04149893e+01 -9.28549519e-01
3.19801826e+01 3.99111356e+01 -1.30157261e+00
3.16325458e+01 4.08215787e+01 -1.29474327e+00
4.68511269e+01 6.25375405e+01 -9.32788418e-01
4.60393208e+01 6.35850883e+01 -9.27843036e-01
4.62730197e+01 6.61483587e+01 -8.97464261e-01
4.51033388e+01 6.67642108e+01 -8.99583711e-01
4.71841379e+01 7.23560041e+01 -8.20222106e-01
4.13455890e+01 6.57162906e+01 -9.39617754e-01
4.42674640e+01 7.29691199e+01 -8.34351769e-01
4.12641243e+01 7.05843103e+01 -8.83334599e-01
4.07594798e+01 6.97210911e+01 -8.96993273e-01
