8.65251139e+00 2.49599492e+01 2.70882650e+00
1.05664142e+01 3.21634166e+01 4.04354346e+00
9.90326024e+00 3.18860737e+01 3.95990811e+00
9.29043944e+00 3.17271527e+01 3.90083823e+00
8.71225132e+00 3.16542255e+01 3.85989968e+00
8.18822115e+00 3.17622002e+01 3.85440649e+00
7.63061719e+00 3.17269245e+01 3.82407197e+00
7.06263627e+00 3.16205948e+01 3.78245436e+00
6.58452427e+00 3.19131679e+01 3.81576781e+00
6.01234204e+00 3.17423175e+01 3.76575870e+00
5.50015315e+00 3.18665437e+01 3.77132564e+00
4.95683840e+00 3.17985559e+01 3.74348388e+00
4.41507842e+00 3.17061252e+01 3.71288083e+00
3.87021901e+00 3.15439867e+01 3.67133165e+00
3.37581366e+00 3.17868654e+01 3.70454891e+00
2.85520794e+00 3.18068021e+01 3.69899933e+00
2.33033436e+00 3.17567062e+01 3.68238066e+00
1.81400063e+00 3.18058197e+01 3.68514698e+00
1.30738971e+00 3.21094351e+01 3.73513210e+00
7.80411780e-01 3.19560931e+01 3.70454891e+00
2.59657084e-01 3.19027425e+01 3.69345446e+00
-2.58653776e-01 3.17794712e+01 3.67133165e+00
-7.77019810e-01 3.18171996e+01 3.67961588e+00
-1.30045655e+00 3.19391568e+01 3.70454891e+00
-1.81400063e+00 3.18058197e+01 3.68514698e+00
-2.34050691e+00 3.18953331e+01 3.70732530e+00
-2.88985487e+00 3.21927663e+01 3.76854236e+00
-3.41019609e+00 3.21106124e+01 3.76297476e+00
-3.94751335e+00 3.21739696e+01 3.78523513e+00
-4.45785600e+00 3.20133251e+01 3.76854236e+00
-4.96400773e+00 3.18445478e+01 3.75183719e+00
-5.47904359e+00 3.17442401e+01 3.74905269e+00
-6.06994491e+00 3.20464333e+01 3.82130522e+00
-6.54074909e+00 3.17010030e+01 3.77689106e+00
-7.14000980e+00 3.19670089e+01 3.84615309e+00
-7.69871490e+00 3.20100643e+01 3.87633270e+00
-8.35708107e+00 3.24172097e+01 3.97579668e+00
-8.94941933e+00 3.25159281e+01 4.02028972e+00
-9.50180482e+00 3.24489723e+01 4.03581420e+00
-9.88566423e+00 3.18294189e+01 3.94926184e+00
-1.02803544e+01 3.12926709e+01 3.87906435e+00
-1.07332993e+01 3.09624101e+01 3.84890599e+00
-1.17967233e+01 3.23202603e+01 4.14246690e+00
-1.31630641e+01 3.60637144e+01 4.32240853e+00
-1.25577591e+01 3.62254395e+01 4.31404961e+00
-1.09087199e+01 3.32053711e+01 3.75353838e+00
-9.92277724e+00 3.19489136e+01 3.50594774e+00
-9.54868900e+00 3.26090833e+01 3.59261473e+00
-9.09200179e+00 3.30339730e+01 3.63958084e+00
-8.42102505e+00 3.26652491e+01 3.55207325e+00
-7.95222351e+00 3.30641138e+01 3.59734332e+00
-7.37542726e+00 3.30210120e+01 3.56884560e+00
-6.79879840e+00 3.29516888e+01 3.53760372e+00
-6.21209858e+00 3.27969374e+01 3.49366022e+00
-5.68503035e+00 3.29376770e+01 3.50104016e+00
-5.12285225e+00 3.28635494e+01 3.47387284e+00
-4.53914157e+00 3.25970633e+01 3.41617539e+00
-4.00982271e+00 3.26818182e+01 3.41870652e+00
-3.45460675e+00 3.25287858e+01 3.38311829e+00
-2.92881561e+00 3.26267859e+01 3.39077007e+00
-2.39961662e+00 3.27008525e+01 3.39586406e+00
-1.86000156e+00 3.26123780e+01 3.37545438e+00
-1.30997581e+00 3.21729496e+01 3.29841950e+00
-7.91818530e-01 3.24231737e+01 3.33699466e+00
-2.63836361e-01 3.24162289e+01 3.33442475e+00
2.62191152e-01 3.22140904e+01 3.30099134e+00
7.90300716e-01 3.23610226e+01 3.32671225e+00
1.30618210e+00 3.20797761e+01 3.28299648e+00
1.83436562e+00 3.21628896e+01 3.30099134e+00
2.35194830e+00 3.20512509e+01 3.28813562e+00
2.85115970e+00 3.17617049e+01 3.24711640e+00
3.38739644e+00 3.18959296e+01 3.27785967e+00
3.90989881e+00 3.18673945e+01 3.28299648e+00
4.40669590e+00 3.16459276e+01 3.25734634e+00
4.94270624e+00 3.17078969e+01 3.28042768e+00
5.50311276e+00 3.18836910e+01 3.32414072e+00
6.05892494e+00 3.19882531e+01 3.35753140e+00
6.55056319e+00 3.17485690e+01 3.33442475e+00
7.08339387e+00 3.17135300e+01 3.34726881e+00
7.57686157e+00 3.15034170e+01 3.33185427e+00
8.18525087e+00 3.17506785e+01 3.39586406e+00
8.74573365e+00 3.17758768e+01 3.42376309e+00
9.32578751e+00 3.18478675e+01 3.46142829e+00
9.72992297e+00 3.13279701e+01 3.39840875e+00
1.03809657e+01 3.15989248e+01 3.47387284e+00
1.08544394e+01 3.13118635e+01 3.45393400e+00
1.15611252e+01 3.16747769e+01 3.54966770e+00
1.15966311e+01 3.17720546e+01 3.09759724e+00
1.11675403e+01 3.22150676e+01 3.13901078e+00
1.06193686e+01 3.23246061e+01 3.12818010e+00
9.91839720e+00 3.19348110e+01 3.03966566e+00
9.46791539e+00 3.23332388e+01 3.07771720e+00
8.81387693e+00 3.20234619e+01 3.00555020e+00
8.22678945e+00 3.19118071e+01 2.96632813e+00
7.70627226e+00 3.20414866e+01 2.96632813e+00
7.17031712e+00 3.21026998e+01 2.95702446e+00
6.60626101e+00 3.20185192e+01 2.92662808e+00
6.10150120e+00 3.22130356e+01 2.94068479e+00
5.50767135e+00 3.19101023e+01 2.87954339e+00
5.00193849e+00 3.20878770e+01 2.89369378e+00
4.42956387e+00 3.18101500e+01 2.83944786e+00
3.90173851e+00 3.18008845e+01 2.82768028e+00
3.39180864e+00 3.19374751e+01 2.83944786e+00
2.87012334e+00 3.19729585e+01 2.83709279e+00
2.35159767e+00 3.20464727e+01 2.84180356e+00
1.82347060e+00 3.19718616e+01 2.82532933e+00
1.30851788e+00 3.21371429e+01 2.84651682e+00
7.80317817e-01 3.19522455e+01 2.81593602e+00
2.61646227e-01 3.21471384e+01 2.84415997e+00
-2.61266297e-01 3.21004583e+01 2.83709279e+00
-7.85629602e-01 3.21697511e+01 2.84887423e+00
-1.29652358e+00 3.18425634e+01 2.80188318e+00
-1.83232629e+00 3.21271330e+01 2.84887423e+00
-2.34704460e+00 3.19844256e+01 2.83238492e+00
-2.86734299e+00 3.19419856e+01 2.83238492e+00
-3.41154859e+00 3.21233477e+01 2.86774555e+00
-3.94914995e+00 3.21873085e+01 2.88662009e+00
-4.44029949e+00 3.18872460e+01 2.85123212e+00
-4.98754214e+00 3.19955231e+01 2.87954339e+00
-5.48911488e+00 3.18025907e+01 2.86302643e+00
-6.09286803e+00 3.21674566e+01 2.93366185e+00
-6.60939195e+00 3.20336939e+01 2.92897379e+00
-7.15688538e+00 3.20425637e+01 2.94769607e+00
-7.71344234e+00 3.20712987e+01 2.97097011e+00
-8.32156825e+00 3.22794551e+01 3.02380651e+00
-9.00211117e+00 3.27073734e+01 3.11293832e+00
-9.51297403e+00 3.24871155e+01 3.10199096e+00
-1.00533864e+01 3.23694432e+01 3.10856558e+00
-1.04878010e+01 3.19241237e+01 3.06436269e+00
-1.07637289e+01 3.10501903e+01 2.95236323e+00
-1.16658950e+01 3.19618216e+01 3.12818010e+00
-1.25070986e+01 3.42665224e+01 2.99494023e+00
-1.26673737e+01 3.65416454e+01 3.29695063e+00
-1.08967855e+01 3.31690436e+01 2.77989355e+00
-9.84028257e+00 3.16833010e+01 2.54116562e+00
-9.55247254e+00 3.26220042e+01 2.65326703e+00
-9.11874798e+00 3.31311500e+01 2.70430018e+00
-8.65220089e+00 3.35619827e+01 2.74500827e+00
-8.10805920e+00 3.37120545e+01 2.74694306e+00
-7.41911324e+00 3.32166014e+01 2.65920917e+00
-6.84237483e+00 3.31628904e+01 2.63534106e+00
-6.26897898e+00 3.30972390e+01 2.61119157e+00
-5.68646045e+00 3.29459627e+01 2.57647082e+00
-5.15636177e+00 3.30785160e+01 2.58264154e+00
-4.61313499e+00 3.31284344e+01 2.57852979e+00
-4.04759280e+00 3.29896610e+01 2.54952258e+00
-3.46798299e+00 3.26547374e+01 2.49472731e+00
-2.92768997e+00 3.26142464e+01 2.48194674e+00
-2.39303113e+00 3.26111085e+01 2.47554227e+00
-1.87073298e+00 3.28005376e+01 2.49685334e+00
-1.32268035e+00 3.24849725e+01 2.44985303e+00
-7.96032117e-01 3.25957105e+01 2.46270984e+00
-2.67766461e-01 3.28991003e+01 2.50322378e+00
2.63589763e-01 3.23859307e+01 2.43268790e+00
7.92986484e-01 3.24709987e+01 2.44556349e+00
1.30807418e+00 3.21262456e+01 2.40050630e+00
1.84415071e+00 3.23344567e+01 2.43268790e+00
2.34965691e+00 3.20200249e+01 2.39408125e+00
2.87889682e+00 3.20706944e+01 2.40693683e+00
3.41536696e+00 3.21593016e+01 2.42624830e+00
3.94597763e+00 3.21614527e+01 2.43483436e+00
4.46894566e+00 3.20929635e+01 2.43483436e+00
5.01476593e+00 3.21701662e+01 2.45628395e+00
5.51650284e+00 3.19612699e+01 2.43912672e+00
6.10264169e+00 3.22190568e+01 2.48834209e+00
6.60115989e+00 3.19937956e+01 2.47126803e+00
7.13798316e+00 3.19579353e+01 2.48194674e+00
7.67171923e+00 3.18978204e+01 2.49047163e+00
8.18603480e+00 3.17537194e+01 2.48834209e+00
8.81992372e+00 3.20454316e+01 2.54952258e+00
9.28030305e+00 3.16925366e+01 2.52015019e+00
9.76298176e+00 3.14344113e+01 2.50534457e+00
1.04581878e+01 3.18339831e+01 2.58674506e+00
1.09553860e+01 3.16030647e+01 2.57852979e+00
1.16448689e+01 3.19042148e+01 2.64929662e+00
1.17203728e+01 3.21110780e+01 2.20828941e+00
1.13032347e+01 3.26065060e+01 2.24868500e+00
1.06644877e+01 3.24619454e+01 2.20651924e+00
1.01048486e+01 3.25351388e+01 2.19408722e+00
9.50039190e+00 3.24441471e+01 2.16175239e+00
8.99045351e+00 3.26650176e+01 2.17079090e+00
8.33154906e+00 3.23181708e+01 2.10841544e+00
7.77960184e+00 3.23463796e+01 2.09531088e+00
7.24543749e+00 3.24390262e+01 2.09155132e+00
6.76836835e+00 3.28042037e+01 2.12328511e+00
6.12570466e+00 3.23408184e+01 2.05170623e+00
5.60374267e+00 3.24667161e+01 2.05552714e+00
5.04827446e+00 3.23851263e+01 2.03445664e+00
4.53759457e+00 3.25859539e+01 2.04979396e+00
3.96869801e+00 3.23466339e+01 2.01134647e+00
3.44990831e+00 3.24845451e+01 2.02098801e+00
2.90394249e+00 3.23497013e+01 1.99782826e+00
2.35411524e+00 3.20807809e+01 1.95918760e+00
1.84052577e+00 3.22708989e+01 1.97849970e+00
1.31946497e+00 3.24060030e+01 1.99203042e+00
7.89145219e-01 3.23137076e+01 1.97849970e+00
2.64853829e-01 3.25412400e+01 2.00555521e+00
-2.65362406e-01 3.26037263e+01 2.01327596e+00
-8.00581675e-01 3.27820045e+01 2.03637734e+00
-1.33596246e+00 3.28111805e+01 2.04213358e+00
-1.86188205e+00 3.26453497e+01 2.02484012e+00
-2.39642167e+00 3.26573132e+01 2.03061253e+00
-2.91232807e+00 3.24431160e+01 2.00941651e+00
-3.44166727e+00 3.24069470e+01 2.01134647e+00
-3.98958213e+00 3.25168486e+01 2.03253504e+00
-4.53118318e+00 3.25399115e+01 2.04405032e+00
-5.03868618e+00 3.23236166e+01 2.02676504e+00
-5.61686191e+00 3.25427258e+01 2.06505737e+00
-6.17720777e+00 3.26127304e+01 2.08589963e+00
-6.69486486e+00 3.24479549e+01 2.07834168e+00
-7.33068853e+00 3.28207093e+01 2.13987214e+00
-7.77604573e+00 3.23315939e+01 2.09343194e+00
-8.36159240e+00 3.24347092e+01 2.12328511e+00
-8.92798616e+00 3.24380549e+01 2.14170580e+00
-9.49213987e+00 3.24159662e+01 2.15812429e+00
-1.00445924e+01 3.23411287e+01 2.16898679e+00
-1.03550239e+01 3.15199596e+01 2.08401250e+00
-1.03786123e+01 2.99392424e+01 1.89989182e+00
-1.10451714e+01 3.02611841e+01 1.96497705e+00
-1.19194309e+01 3.26564505e+01 1.80192113e+00
-1.12471293e+01 3.24446583e+01 1.75530360e+00
-1.04057645e+01 3.16744105e+01 1.64571237e+00
-9.77963666e+00 3.14880360e+01 1.60532623e+00
-9.43700778e+00 3.22276883e+01 1.67216041e+00
-9.10472466e+00 3.30801990e+01 1.75217417e+00
-8.50050308e+00 3.29735453e+01 1.72379688e+00
-8.01981411e+00 3.33451451e+01 1.75060789e+00
-7.42272267e+00 3.32327614e+01 1.72379688e+00
-6.85141526e+00 3.32067066e+01 1.70783712e+00
-6.36390412e+00 3.35983987e+01 1.73961246e+00
-5.70141900e+00 3.30326289e+01 1.66558741e+00
-5.17222069e+00 3.31802523e+01 1.67216041e+00
-4.64788749e+00 3.33780035e+01 1.68522652e+00
-4.05456326e+00 3.30464734e+01 1.64070827e+00
-3.48043579e+00 3.27719937e+01 1.60362770e+00
-2.95759385e+00 3.29473733e+01 1.61718400e+00
-2.42091884e+00 3.29911492e+01 1.61718400e+00
-1.89320764e+00 3.31945975e+01 1.63569067e+00
-1.34012961e+00 3.29135257e+01 1.60192806e+00
-8.03462672e-01 3.28999749e+01 1.59852563e+00
-2.66958885e-01 3.27998776e+01 1.58658698e+00
2.65943128e-01 3.26750767e+01 1.57289465e+00
8.09116592e-01 3.31314900e+01 1.62393269e+00
1.32936334e+00 3.26491065e+01 1.57289465e+00
1.85883561e+00 3.25919347e+01 1.56946521e+00
2.37763172e+00 3.24012526e+01 1.55229256e+00
2.89070160e+00 3.22021987e+01 1.53510232e+00
3.41447265e+00 3.21508808e+01 1.53510232e+00
4.01528864e+00 3.27263680e+01 1.60532623e+00
4.50667195e+00 3.23638884e+01 1.57289465e+00
5.04488241e+00 3.23633660e+01 1.58145766e+00
5.58423864e+00 3.23537145e+01 1.59000254e+00
6.15049042e+00 3.24716755e+01 1.61380202e+00
6.60287028e+00 3.20020854e+01 1.57289465e+00
7.22764641e+00 3.23593726e+01 1.62561655e+00
7.74622019e+00 3.22075839e+01 1.62224747e+00
8.27327023e+00 3.20921065e+01 1.62393269e+00
8.79046006e+00 3.19383813e+01 1.62224747e+00
9.26146067e+00 3.16281892e+01 1.60362770e+00
9.93810228e+00 3.19982565e+01 1.66394005e+00
1.04152334e+01 3.17032331e+01 1.64904076e+00
1.09249199e+01 3.15151791e+01 1.64737734e+00
1.15648885e+01 3.16850872e+01 1.68847637e+00
1.17366813e+01 3.21557594e+01 1.27375928e+00
1.12726099e+01 3.25181624e+01 1.29158618e+00
1.07240219e+01 3.26431634e+01 1.28611728e+00
1.01912696e+01 3.28133934e+01 1.28611728e+00
9.66783930e+00 3.30159855e+01 1.29022016e+00
9.04917944e+00 3.28783865e+01 1.26131467e+00
8.40656445e+00 3.26091563e+01 1.22049284e+00
7.93678677e+00 3.29999302e+01 1.24596791e+00
7.35365358e+00 3.29235276e+01 1.22619440e+00
6.81977990e+00 3.30533797e+01 1.22761615e+00
6.20822477e+00 3.27764855e+01 1.19018018e+00
5.64792407e+00 3.27226923e+01 1.17553269e+00
5.07651771e+00 3.25663093e+01 1.15185102e+00
4.52645176e+00 3.25059337e+01 1.13842131e+00
3.98915037e+00 3.25133296e+01 1.13243299e+00
3.49712028e+00 3.29290959e+01 1.16668486e+00
2.95791336e+00 3.29509326e+01 1.16372646e+00
2.38240530e+00 3.24663046e+01 1.11291258e+00
1.85452972e+00 3.25164373e+01 1.11441647e+00
1.32883985e+00 3.26362495e+01 1.12343276e+00
8.02021434e-01 3.28409594e+01 1.14141132e+00
2.65200858e-01 3.25838778e+01 1.11592003e+00
-2.65328429e-01 3.25995517e+01 1.11742330e+00
-7.92851825e-01 3.24654847e+01 1.10539026e+00
-1.32820282e+00 3.26206041e+01 1.12193103e+00
-1.87675524e+00 3.29061289e+01 1.15185102e+00
-2.39157868e+00 3.25913151e+01 1.12493409e+00
-2.94406588e+00 3.27966729e+01 1.14887251e+00
-3.46105323e+00 3.25894863e+01 1.13393106e+00
-3.99675421e+00 3.25753043e+01 1.13842131e+00
-4.55217944e+00 3.26906926e+01 1.15631179e+00
-5.12633734e+00 3.28859066e+01 1.18287253e+00
-5.63485325e+00 3.26469632e+01 1.16816241e+00
-6.17408810e+00 3.25962600e+01 1.17258813e+00
-6.78363030e+00 3.28781737e+01 1.21045889e+00
-7.32115638e+00 3.27780322e+01 1.21189667e+00
-7.82909987e+00 3.25521848e+01 1.20180187e+00
-8.45090496e+00 3.27811536e+01 1.23752776e+00
-8.99894730e+00 3.26958781e+01 1.24316012e+00
-9.62364108e+00 3.28650471e+01 1.27513639e+00
-1.01530504e+01 3.26903368e+01 1.27375928e+00
-1.07373741e+01 3.26838065e+01 1.29022016e+00
-1.26000752e+01 3.63475092e+01 1.68028485e+00
-1.66814975e+01 4.57033982e+01 2.65690292e+00
-1.75855424e+01 4.81802696e+01 2.20609224e+00
-1.79102215e+01 5.16657187e+01 2.48476690e+00
-1.49424278e+01 4.54836924e+01 1.92567160e+00
-1.17100249e+01 3.77034137e+01 1.23609707e+00
-9.95693922e+00 3.40032711e+01 9.03524736e-01
-9.18580112e+00 3.33747741e+01 8.36557935e-01
-8.59165706e+00 3.33271326e+01 8.20209184e-01
-8.07136089e+00 3.35594686e+01 8.28395801e-01
-7.50231922e+00 3.35891284e+01 8.20209184e-01
-6.88188575e+00 3.33543877e+01 7.90653373e-01
-6.31360151e+00 3.33328247e+01 7.79855689e-01
-5.72995971e+00 3.31979868e+01 7.60418729e-01
-5.23430605e+00 3.35785354e+01 7.84666262e-01
-4.62151291e+00 3.31885989e+01 7.45631703e-01
-4.06593025e+00 3.31391193e+01 7.35675755e-01
-3.52598737e+00 3.32009101e+01 7.35675755e-01
-2.99729601e+00 3.33896525e+01 7.46870773e-01
-2.43113784e+00 3.31304089e+01 7.21865871e-01
-1.87570546e+00 3.28877227e+01 6.99005044e-01
-1.33252616e+00 3.27267852e+01 6.83623251e-01
-8.00038913e-01 3.27597797e+01 6.84908330e-01
-2.67466035e-01 3.28621885e+01 6.92607149e-01
2.64789035e-01 3.25332791e+01 6.65590111e-01
8.06124954e-01 3.30089893e+01 7.05384152e-01
1.32742618e+00 3.26015299e+01 6.73326438e-01
1.87570546e+00 3.28877227e+01 6.99005044e-01
2.39018570e+00 3.25723323e+01 6.75903006e-01
2.93264589e+00 3.26694550e+01 6.87476917e-01
3.45906215e+00 3.25707382e+01 6.83623251e-01
3.99256640e+00 3.25411718e+01 6.86192905e-01
4.51739422e+00 3.24408885e+01 6.83623251e-01
5.05687339e+00 3.24402892e+01 6.90043251e-01
5.56827687e+00 3.22612359e+01 6.82337666e-01
6.15352003e+00 3.24876704e+01 7.09201621e-01
6.65013010e+00 3.22311392e+01 6.96447994e-01
7.20772053e+00 3.22701611e+01 7.09201621e-01
7.70299717e+00 3.20278693e+01 6.99005044e-01
8.26200378e+00 3.20484039e+01 7.11742148e-01
8.80710928e+00 3.19988729e+01 7.19340940e-01
9.42944130e+00 3.22018485e+01 7.49345211e-01
9.95680140e+00 3.20584631e+01 7.50580584e-01
1.04632002e+01 3.18492405e+01 7.46870773e-01
1.10488755e+01 3.18727546e+01 7.64087381e-01
1.16420751e+01 3.18965605e+01 7.82263340e-01
1.17244550e+01 3.21222623e+01 3.34333278e-01
1.13219348e+01 3.26604501e+01 3.59787795e-01
1.07175775e+01 3.26235471e+01 3.44173981e-01
1.01595818e+01 3.27113662e+01 3.38278631e-01
9.64598519e+00 3.29413529e+01 3.43193206e-01
8.96936826e+00 3.25884086e+01 3.07324087e-01
8.34406783e+00 3.23667312e+01 2.81657369e-01
7.95205070e+00 3.30633953e+01 3.21416039e-01
7.32564059e+00 3.27981088e+01 2.94058047e-01
6.78169882e+00 3.28688124e+01 2.90971662e-01
6.25698655e+00 3.30339246e+01 2.95084779e-01
5.68507772e+00 3.29379515e+01 2.81657369e-01
5.13646480e+00 3.29508752e+01 2.76448065e-01
4.56552376e+00 3.27865225e+01 2.59625052e-01
3.97806373e+00 3.24229685e+01 2.29748879e-01
3.51866201e+00 3.31319341e+01 2.74357640e-01
2.93461036e+00 3.26913390e+01 2.40467028e-01
2.41124307e+00 3.28592922e+01 2.49007165e-01
1.86985514e+00 3.27851460e+01 2.41536448e-01
1.33914032e+00 3.28892286e+01 2.46875561e-01
7.99810317e-01 3.27504192e+01 2.36184618e-01
2.69290081e-01 3.30862997e+01 2.58566501e-01
-2.67263771e-01 3.28373374e+01 2.41536448e-01
-8.02102018e-01 3.28442592e+01 2.42605362e-01
-1.33596481e+00 3.28112382e+01 2.41536448e-01
-1.87784650e+00 3.29252626e+01 2.51136262e-01
-2.41238239e+00 3.28748184e+01 2.50072039e-01
-2.98436837e+00 3.32456396e+01 2.78534683e-01
-3.51381011e+00 3.30862483e+01 2.71215076e-01
-4.03501886e+00 3.28871780e+01 2.61739776e-01
-4.57404521e+00 3.28477179e+01 2.63851315e-01
-5.13646480e+00 3.29508752e+01 2.76448065e-01
-5.75141861e+00 3.33223144e+01 3.08337254e-01
-6.24018381e+00 3.29452141e+01 2.88908924e-01
-6.75418292e+00 3.27354513e+01 2.81657369e-01
-7.37437137e+00 3.30162846e+01 3.09349401e-01
-7.85501019e+00 3.26599159e+01 2.93030291e-01
-8.52186417e+00 3.30564052e+01 3.30374764e-01
-9.02015797e+00 3.27729428e+01 3.20415944e-01
-9.52353211e+00 3.25231717e+01 3.13387698e-01
-9.98117382e+00 3.21369363e+01 2.97135083e-01
-1.03942363e+01 3.16393193e+01 2.73311032e-01
-1.08625546e+01 3.13352735e+01 2.63851315e-01
-1.20913842e+01 3.31275622e+01 4.07534945e-01
-1.28809864e+01 3.52908876e+01 5.16447364e-02
-1.21163888e+01 3.49522162e+01 2.01757010e-02
-1.11603994e+01 3.39714657e+01 -4.73693090e-02
-1.02786418e+01 3.30947104e+01 -1.07724637e-01
-9.51970164e+00 3.25100905e+01 -1.50324995e-01
-9.29020369e+00 3.37541000e+01 -8.83044387e-02
-8.70760133e+00 3.37768817e+01 -9.53057373e-02
-8.22003457e+00 3.41776307e+01 -8.04843002e-02
-7.49816938e+00 3.35705488e+01 -1.21748264e-01
-6.97670623e+00 3.38139534e+01 -1.14722986e-01
-6.43598614e+00 3.39789576e+01 -1.11610062e-01
-5.77417670e+00 3.34541693e+01 -1.46299748e-01
-5.25809760e+00 3.37311603e+01 -1.35924867e-01
-4.70635874e+00 3.37979047e+01 -1.36718515e-01
-4.11449512e+00 3.35349444e+01 -1.55182176e-01
-3.56653421e+00 3.35827016e+01 -1.55994590e-01
-2.99394392e+00 3.33523105e+01 -1.71588937e-01
-2.44400114e+00 3.33057040e+01 -1.76574816e-01
-1.90675267e+00 3.34320895e+01 -1.71588937e-01
-1.36662684e+00 3.35642965e+01 -1.65808809e-01
-8.09320614e-01 3.31398443e+01 -1.90003046e-01
-2.68282146e-01 3.29624598e+01 -2.00185032e-01
2.67010928e-01 3.28062718e+01 -2.08727370e-01
8.10826814e-01 3.32015198e+01 -1.86628958e-01
1.34168883e+00 3.29518198e+01 -1.99333416e-01
1.88846018e+00 3.31113578e+01 -1.89158526e-01
2.41012609e+00 3.28440706e+01 -2.01889808e-01
2.94858768e+00 3.28470454e+01 -1.99333416e-01
3.49923205e+00 3.29489804e+01 -1.90848230e-01
4.09449368e+00 3.33719239e+01 -1.64164759e-01
4.59109142e+00 3.29701322e+01 -1.82426884e-01
5.14126968e+00 3.29816988e+01 -1.77408543e-01
5.67483524e+00 3.28786091e+01 -1.78243041e-01
6.19215568e+00 3.26916483e+01 -1.83265868e-01
6.71414061e+00 3.25413785e+01 -1.85787134e-01
7.28628080e+00 3.26218885e+01 -1.74909694e-01
7.77698204e+00 3.23354869e+01 -1.84105580e-01
8.30993768e+00 3.22343400e+01 -1.82426884e-01
9.00490735e+00 3.27175327e+01 -1.47103198e-01
9.43167503e+00 3.22094768e+01 -1.67456174e-01
9.98588882e+00 3.21521175e+01 -1.61704944e-01
1.05125745e+01 3.19995324e+01 -1.60886676e-01
1.10710608e+01 3.19367526e+01 -1.54370571e-01
1.16601239e+01 3.19460101e+01 -1.43093854e-01
1.18461140e+01 3.24555794e+01 -5.85126220e-01
1.14419276e+01 3.30065941e+01 -5.69396129e-01
1.09076065e+01 3.32019820e+01 -5.68812629e-01
1.01841335e+01 3.27904168e+01 -5.93915487e-01
9.68927090e+00 3.30891751e+01 -5.88048255e-01
9.12283820e+00 3.31460109e+01 -5.92151581e-01
8.42183640e+00 3.26683964e+01 -6.18475490e-01
7.94085438e+00 3.30168427e+01 -6.09379875e-01
7.32793504e+00 3.28083814e+01 -6.23383669e-01
6.79597798e+00 3.29380191e+01 -6.22767953e-01
6.22522427e+00 3.28662348e+01 -6.30197368e-01
5.70746014e+00 3.30676298e+01 -6.25852768e-01
5.18005191e+00 3.32304903e+01 -6.22767953e-01
4.58820236e+00 3.29493849e+01 -6.37712620e-01
4.01926920e+00 3.27588113e+01 -6.48489409e-01
3.51328140e+00 3.30812700e+01 -6.37712620e-01
2.93969827e+00 3.27480180e+01 -6.53604615e-01
2.43238750e+00 3.31474386e+01 -6.38972994e-01
1.87309501e+00 3.28419522e+01 -6.52963942e-01
1.33126995e+00 3.26959326e+01 -6.60028273e-01
7.95833001e-01 3.25875571e+01 -6.65184074e-01
2.66707664e-01 3.27690113e+01 -6.58098277e-01
-2.66452305e-01 3.27376366e+01 -6.59384689e-01
-8.12565983e-01 3.32727348e+01 -6.37083245e-01
-1.36885225e+00 3.36189525e+01 -6.22152874e-01
-1.88989452e+00 3.31365068e+01 -6.40867507e-01
-2.41767658e+00 3.29469652e+01 -6.47214555e-01
-2.94249174e+00 3.27791370e+01 -6.52323597e-01
-3.50026345e+00 3.29586921e+01 -6.42766604e-01
-4.09931949e+00 3.34112564e+01 -6.21538406e-01
-4.60928872e+00 3.31008131e+01 -6.31444125e-01
-5.16381175e+00 3.31263083e+01 -6.27091026e-01
-5.70746014e+00 3.30676298e+01 -6.25852768e-01
-6.27843042e+00 3.31471381e+01 -6.18475490e-01
-6.82915434e+00 3.30988147e+01 -6.16036429e-01
-7.37991257e+00 3.30410935e+01 -6.13607319e-01
-7.92364963e+00 3.29453080e+01 -6.12396451e-01
-8.53179318e+00 3.30949199e+01 -6.00416158e-01
-9.08851659e+00 3.30213102e+01 -5.97454458e-01
-9.58002521e+00 3.27160975e+01 -6.03986835e-01
-1.01026335e+01 3.25280067e+01 -6.05181334e-01
-1.05434839e+01 3.20936184e+01 -6.16645265e-01
-1.12835708e+01 3.25497814e+01 -5.89219006e-01
-1.28874869e+01 3.53086974e+01 -4.60599218e-01
-1.32777442e+01 3.63779109e+01 -9.42577181e-01
-1.29902494e+01 3.74730470e+01 -9.17016477e-01
-1.12191783e+01 3.41503843e+01 -1.01852081e+00
-1.02697169e+01 3.30659746e+01 -1.05464417e+00
-9.59722663e+00 3.27748409e+01 -1.06756816e+00
-9.15776868e+00 3.32729239e+01 -1.05775616e+00
-8.70015362e+00 3.37479919e+01 -1.04843237e+00
-8.10649872e+00 3.37055663e+01 -1.05347895e+00
-7.54130457e+00 3.37636722e+01 -1.05542142e+00
-6.93008293e+00 3.35879846e+01 -1.06362318e+00
-6.37173260e+00 3.36397294e+01 -1.06519745e+00
-5.81842503e+00 3.37105333e+01 -1.06598639e+00
-5.23535166e+00 3.35852431e+01 -1.07194689e+00
-4.72006899e+00 3.38963625e+01 -1.06559176e+00
-4.10518841e+00 3.34590907e+01 -1.07962126e+00
-3.54418953e+00 3.33723028e+01 -1.08372040e+00
-3.00590161e+00 3.34855182e+01 -1.08207573e+00
-2.44385213e+00 3.33036733e+01 -1.08827699e+00
-1.91863262e+00 3.36403870e+01 -1.08002929e+00
-1.34286692e+00 3.29807538e+01 -1.09880088e+00
-8.03960758e-01 3.29203704e+01 -1.10092936e+00
-2.69276432e-01 3.30846227e+01 -1.09667943e+00
2.66737291e-01 3.27726514e+01 -1.10520433e+00
8.09269353e-01 3.31377453e+01 -1.09498782e+00
1.33141790e+00 3.26995664e+01 -1.10649069e+00
1.85274336e+00 3.24851162e+01 -1.11164836e+00
2.40653684e+00 3.27951580e+01 -1.10220952e+00
2.95534450e+00 3.29223158e+01 -1.09752712e+00
3.45452674e+00 3.25280325e+01 -1.10691981e+00
4.01781560e+00 3.27469638e+01 -1.09922604e+00
4.52229228e+00 3.24760631e+01 -1.10477590e+00
5.07918968e+00 3.25834502e+01 -1.09965146e+00
5.60622662e+00 3.24811075e+01 -1.10007717e+00
6.15154530e+00 3.24772447e+01 -1.09752712e+00
6.61941820e+00 3.20822880e+01 -1.10563295e+00
7.17826620e+00 3.21382892e+01 -1.10092936e+00
7.70407655e+00 3.20323572e+01 -1.10050313e+00
8.27483222e+00 3.20981655e+01 -1.09498782e+00
8.81665906e+00 3.20335702e+01 -1.09288078e+00
9.40134656e+00 3.21059041e+01 -1.08661440e+00
9.89559157e+00 3.18613824e+01 -1.08911064e+00
1.04744556e+01 3.18835013e+01 -1.08372040e+00
1.10117485e+01 3.17656539e+01 -1.08207573e+00
1.16343121e+01 3.18752919e+01 -1.07355044e+00
1.17675817e+01 3.22404192e+01 -1.53136558e+00
1.13487548e+01 3.27378181e+01 -1.52688191e+00
1.07921857e+01 3.28506491e+01 -1.52785323e+00
1.02052815e+01 3.28585082e+01 -1.53019120e+00
9.64493245e+00 3.29377578e+01 -1.53136558e+00
9.09226867e+00 3.30349427e+01 -1.53215108e+00
8.48088307e+00 3.28974390e+01 -1.53611674e+00
7.90294516e+00 3.28592221e+01 -1.53853187e+00
7.23854405e+00 3.24081631e+01 -1.54658466e+00
6.81117614e+00 3.30116799e+01 -1.53975046e+00
6.21969802e+00 3.28370588e+01 -1.54365872e+00
5.69985396e+00 3.30235614e+01 -1.54241649e+00
5.09077067e+00 3.26577432e+01 -1.54869603e+00
4.55424455e+00 3.27055228e+01 -1.54912022e+00
4.00801906e+00 3.26671177e+01 -1.55060933e+00
3.47246818e+00 3.26969702e+01 -1.55103597e+00
2.92158195e+00 3.25462035e+01 -1.55381949e+00
2.40978206e+00 3.28393823e+01 -1.55039619e+00
1.86692377e+00 3.27337488e+01 -1.55231863e+00
1.33832604e+00 3.28692299e+01 -1.55082259e+00
7.98548366e-01 3.26987452e+01 -1.55339025e+00
2.67736142e-01 3.28953752e+01 -1.55082259e+00
-2.66972312e-01 3.28015273e+01 -1.55210459e+00
-8.02756119e-01 3.28710431e+01 -1.55103597e+00
-1.32876096e+00 3.26343120e+01 -1.55403421e+00
-1.87315999e+00 3.28430916e+01 -1.55082259e+00
-2.40292110e+00 3.27458844e+01 -1.55167681e+00
-2.98127505e+00 3.32111802e+01 -1.54469942e+00
-3.50199859e+00 3.29750303e+01 -1.54721632e+00
-4.02696506e+00 3.28215360e+01 -1.54848417e+00
-4.58408800e+00 3.29198384e+01 -1.54616443e+00
-5.16390195e+00 3.31268869e+01 -1.54221016e+00
-5.73051170e+00 3.32011849e+01 -1.53995428e+00
-6.27016700e+00 3.31035111e+01 -1.53995428e+00
-6.82620581e+00 3.30845241e+01 -1.53873445e+00
-7.35734166e+00 3.29400397e+01 -1.53914023e+00
-7.97158629e+00 3.31446212e+01 -1.53452216e+00
-8.54256191e+00 3.31366920e+01 -1.53274170e+00
-9.09608757e+00 3.30488179e+01 -1.53195450e+00
-9.67311124e+00 3.30339893e+01 -1.52999587e+00
-1.01840380e+01 3.27901093e+01 -1.53116955e+00
-1.04735634e+01 3.18807855e+01 -1.54179813e+00
-1.14605849e+01 3.30604150e+01 -1.52221799e+00
-1.28858597e+01 3.53042393e+01 -1.48681334e+00
-1.47662716e+01 4.04561275e+01 -2.00000000e+00
-1.40826073e+01 4.06241781e+01 -2.00000000e+00
-1.22162710e+01 3.71854641e+01 -2.00000000e+00
-1.04653191e+01 3.36957657e+01 -2.00000000e+00
-9.58545099e+00 3.27346267e+01 -2.00000000e+00
-9.18069204e+00 3.33562113e+01 -2.00000000e+00
-8.57958175e+00 3.32802923e+01 -2.00000000e+00
-8.05679224e+00 3.34988944e+01 -2.00000000e+00
-7.56010039e+00 3.38478242e+01 -2.00000000e+00
-6.99379890e+00 3.38967964e+01 -2.00000000e+00
-6.42789781e+00 3.39362551e+01 -2.00000000e+00
-5.78413334e+00 3.35118556e+01 -2.00000000e+00
-5.25357921e+00 3.37021744e+01 -2.00000000e+00
-4.74203836e+00 3.40541317e+01 -2.00000000e+00
-4.11995397e+00 3.35794365e+01 -2.00000000e+00
-3.54133308e+00 3.33454062e+01 -2.00000000e+00
-3.01150573e+00 3.35479477e+01 -2.00000000e+00
-2.45076330e+00 3.33978555e+01 -2.00000000e+00
-1.91878611e+00 3.36430781e+01 -2.00000000e+00
-1.36237739e+00 3.34599301e+01 -2.00000000e+00
-8.10496205e-01 3.31879821e+01 -2.00000000e+00
-2.70189265e-01 3.31967778e+01 -2.00000000e+00
2.69184365e-01 3.30733110e+01 -2.00000000e+00
8.11995884e-01 3.32493905e+01 -2.00000000e+00
1.34996230e+00 3.31550160e+01 -2.00000000e+00
1.88944644e+00 3.31286504e+01 -2.00000000e+00
2.42730272e+00 3.30781456e+01 -2.00000000e+00
2.96539291e+00 3.30342544e+01 -2.00000000e+00
3.49780948e+00 3.29355854e+01 -2.00000000e+00
4.02212474e+00 3.27820852e+01 -2.00000000e+00
4.57225401e+00 3.28348546e+01 -2.00000000e+00
5.07506709e+00 3.25570034e+01 -2.00000000e+00
5.63859311e+00 3.26686310e+01 -2.00000000e+00
6.23493090e+00 3.29174812e+01 -2.00000000e+00
6.73924209e+00 3.26630377e+01 -2.00000000e+00
7.22318310e+00 3.23393896e+01 -2.00000000e+00
7.77739035e+00 3.23371846e+01 -2.00000000e+00
8.35971557e+00 3.24274290e+01 -2.00000000e+00
8.92633226e+00 3.24320458e+01 -2.00000000e+00
9.47819405e+00 3.23683408e+01 -2.00000000e+00
9.95054583e+00 3.20383217e+01 -2.00000000e+00
1.06819611e+01 3.25151332e+01 -2.00000000e+00
1.11194148e+01 3.20762395e+01 -2.00000000e+00
1.17148648e+01 3.20959872e+01 -2.00000000e+00
1.18711370e+01 3.25241365e+01 -2.47313323e+00
1.15179810e+01 3.32259858e+01 -2.48054891e+00
1.08860823e+01 3.31364638e+01 -2.47662944e+00
1.02862213e+01 3.31191147e+01 -2.47390959e+00
9.72980832e+00 3.32276117e+01 -2.47313323e+00
9.16126247e+00 3.32856178e+01 -2.47177363e+00
8.53612164e+00 3.31117101e+01 -2.46727906e+00
8.00612848e+00 3.32882423e+01 -2.46786881e+00
7.40006013e+00 3.31312974e+01 -2.46390988e+00
6.83310062e+00 3.31179411e+01 -2.46210481e+00
6.24048118e+00 3.29467841e+01 -2.45823994e+00
5.79626484e+00 3.35821425e+01 -2.46569969e+00
5.18781076e+00 3.32802640e+01 -2.46028343e+00
4.63513202e+00 3.32864022e+01 -2.45926430e+00
4.04846560e+00 3.29967747e+01 -2.45430071e+00
3.49622875e+00 3.29207011e+01 -2.45241054e+00
2.95300386e+00 3.28962412e+01 -2.45135441e+00
2.42394903e+00 3.30324432e+01 -2.45262127e+00
1.88771470e+00 3.30982870e+01 -2.45304220e+00
1.36420526e+00 3.35048225e+01 -2.45823994e+00
8.05225442e-01 3.29721563e+01 -2.45071882e+00
2.70566320e-01 3.32431047e+01 -2.45430071e+00
-2.71559796e-01 3.33651680e+01 -2.45596814e+00
-8.13120129e-01 3.32954258e+01 -2.45513598e+00
-1.36359323e+00 3.34897910e+01 -2.45803444e+00
-1.91109190e+00 3.35081716e+01 -2.45865031e+00
-2.45295046e+00 3.34276610e+01 -2.45803444e+00
-3.00744834e+00 3.35027486e+01 -2.45967258e+00
-3.51084197e+00 3.30583001e+01 -2.45430071e+00
-4.06333090e+00 3.31179335e+01 -2.45596814e+00
-4.62063769e+00 3.31823137e+01 -2.45782874e+00
-5.20152286e+00 3.33682283e+01 -2.46149953e+00
-5.74648188e+00 3.32937122e+01 -2.46170149e+00
-6.32859006e+00 3.34119572e+01 -2.46470716e+00
-6.90089897e+00 3.34465390e+01 -2.46668799e+00
-7.45068342e+00 3.33579463e+01 -2.46708218e+00
-7.99603270e+00 3.32462656e+01 -2.46727906e+00
-8.54330937e+00 3.31395913e+01 -2.46767237e+00
-9.08540563e+00 3.30100072e+01 -2.46786881e+00
-9.61341911e+00 3.28301387e+01 -2.46747579e+00
-1.01933178e+01 3.28199880e+01 -2.46963099e+00
-1.07083099e+01 3.25953371e+01 -2.46884901e+00
-1.22075205e+01 3.52151043e+01 -2.50930645e+00
-1.49027521e+01 4.08300523e+01 -2.59391292e+00
-1.61778541e+01 4.43235332e+01 -3.29004000e+00
-1.60271106e+01 4.62334979e+01 -3.33783102e+00
-1.42170928e+01 4.32758240e+01 -3.24543607e+00
-1.14078900e+01 3.67306133e+01 -3.05170358e+00
-9.86786134e+00 3.36990672e+01 -2.96023981e+00
-9.26468056e+00 3.36613668e+01 -2.95474576e+00
-8.65514348e+00 3.35733971e+01 -2.94813387e+00
-8.25199234e+00 3.43105062e+01 -2.96501542e+00
-7.47707123e+00 3.34760889e+01 -2.93801977e+00
-7.01459823e+00 3.39976044e+01 -2.94929847e+00
-6.42592019e+00 3.39258142e+01 -2.94425184e+00
-5.87527727e+00 3.40399212e+01 -2.94464024e+00
-5.19813585e+00 3.33465004e+01 -2.92294371e+00
-4.69302428e+00 3.37021455e+01 -2.93054309e+00
-4.10275474e+00 3.34392552e+01 -2.92132570e+00
-3.53900734e+00 3.33235069e+01 -2.91643179e+00
-2.99344503e+00 3.33467528e+01 -2.91561029e+00
-2.45903858e+00 3.35106272e+01 -2.91888626e+00
-1.90729131e+00 3.34415339e+01 -2.91602125e+00
-1.35718319e+00 3.33323608e+01 -2.91230778e+00
-8.11480044e-01 3.32282681e+01 -2.90897948e+00
-2.72001378e-01 3.34194230e+01 -2.91396232e+00
2.71878359e-01 3.34043082e+01 -2.91354929e+00
8.19966904e-01 3.35757857e+01 -2.91847823e+00
1.35532935e+00 3.32868305e+01 -2.91106263e+00
1.89435617e+00 3.32147352e+01 -2.90981391e+00
2.43474023e+00 3.31795006e+01 -2.90981391e+00
2.96352851e+00 3.30134850e+01 -2.90646713e+00
3.50373755e+00 3.29914045e+01 -2.90730606e+00
4.06441062e+00 3.31267337e+01 -2.91272202e+00
4.58207611e+00 3.29053904e+01 -2.90856169e+00
5.15215974e+00 3.30515595e+01 -2.91478713e+00
5.64289022e+00 3.26935274e+01 -2.90730606e+00
6.18284572e+00 3.26424962e+01 -2.90856169e+00
6.74717357e+00 3.27014791e+01 -2.91313586e+00
7.34389474e+00 3.28798356e+01 -2.92132570e+00
7.86768368e+00 3.27126103e+01 -2.92010786e+00
8.41022932e+00 3.26233724e+01 -2.92132570e+00
8.89658059e+00 3.23239491e+01 -2.91684191e+00
9.41309771e+00 3.21460346e+01 -2.91602125e+00
1.00407984e+01 3.23289128e+01 -2.92575964e+00
1.05930796e+01 3.22445843e+01 -2.92815803e+00
1.11688190e+01 3.22187562e+01 -2.93252113e+00
1.17754635e+01 3.22620135e+01 -2.93919165e+00
1.19117211e+01 3.26353275e+01 -3.42607968e+00
1.14069142e+01 3.29055909e+01 -3.42958158e+00
1.08920755e+01 3.31547067e+01 -3.43250779e+00
1.03552164e+01 3.33412619e+01 -3.43309413e+00
9.69921198e+00 3.31231242e+01 -3.41676274e+00
9.14370072e+00 3.32218107e+01 -3.41443242e+00
8.61947314e+00 3.34350315e+01 -3.41734505e+00
8.03420302e+00 3.34049719e+01 -3.41034793e+00
7.41432585e+00 3.31951674e+01 -3.39622603e+00
6.86423966e+00 3.32688625e+01 -3.39444305e+00
6.32990727e+00 3.34189114e+01 -3.39622603e+00
5.79494330e+00 3.35744858e+01 -3.39859636e+00
5.15250027e+00 3.30537441e+01 -3.37325852e+00
4.61794332e+00 3.31629646e+01 -3.37448932e+00
4.05918660e+00 3.30841557e+01 -3.36831045e+00
3.50729404e+00 3.30248926e+01 -3.36332352e+00
2.96928443e+00 3.30776056e+01 -3.36332352e+00
2.42713279e+00 3.30758300e+01 -3.36144377e+00
1.88930818e+00 3.31262262e+01 -3.36207093e+00
1.35667061e+00 3.33197718e+01 -3.36893111e+00
8.11179491e-01 3.32159611e+01 -3.36394895e+00
2.70665002e-01 3.32552292e+01 -3.36519807e+00
-2.70168630e-01 3.31942425e+01 -3.36269751e+00
-8.15252733e-01 3.33827511e+01 -3.37078942e+00
-1.36340461e+00 3.34851585e+01 -3.37571762e+00
-1.89883559e+00 3.32932752e+01 -3.36893111e+00
-2.44491796e+00 3.33181979e+01 -3.37140763e+00
-2.99764899e+00 3.33935846e+01 -3.37633084e+00
-3.53447037e+00 3.32807865e+01 -3.37387424e+00
-4.09027572e+00 3.33375457e+01 -3.37877740e+00
-4.66090996e+00 3.34715221e+01 -3.38726232e+00
-5.20510722e+00 3.33912223e+01 -3.38726232e+00
-5.73038830e+00 3.32004700e+01 -3.38303487e+00
-6.34603278e+00 3.35040465e+01 -3.39977866e+00
-6.88179225e+00 3.33539346e+01 -3.39800450e+00
-7.44888771e+00 3.33499066e+01 -3.40272671e+00
-7.95366013e+00 3.30700871e+01 -3.39622603e+00
-8.54478238e+00 3.31453052e+01 -3.40507782e+00
-9.13237883e+00 3.31806749e+01 -3.41268313e+00
-9.70320323e+00 3.31367544e+01 -3.41734505e+00
-1.02075579e+01 3.28658378e+01 -3.41268313e+00
-1.07766503e+01 3.28033604e+01 -3.41734505e+00
-1.20489828e+01 3.47577697e+01 -3.50995480e+00
-1.46051197e+01 4.00146092e+01 -3.74815533e+00
-1.59113427e+01 4.35933543e+01 -4.54099161e+00
-1.46274363e+01 4.21958495e+01 -4.44544190e+00
-1.29163816e+01 3.93165511e+01 -4.26630644e+00
-1.07964669e+01 3.47619806e+01 -3.99373411e+00
-9.78100774e+00 3.34024594e+01 -3.90650645e+00
-9.22845730e+00 3.35297569e+01 -3.90494751e+00
-8.66016424e+00 3.35928727e+01 -3.90027933e+00
-8.14552537e+00 3.38678330e+01 -3.90806717e+00
-7.55904327e+00 3.38430913e+01 -3.89950229e+00
-6.98423260e+00 3.38504315e+01 -3.89329176e+00
-6.37147508e+00 3.36383698e+01 -3.87540942e+00
-5.79874708e+00 3.35965240e+01 -3.86757857e+00
-5.24891602e+00 3.36722596e+01 -3.86679261e+00
-4.68622180e+00 3.36532947e+01 -3.86127404e+00
-4.09511163e+00 3.33769604e+01 -3.84209046e+00
-3.53085725e+00 3.32467652e+01 -3.83150716e+00
-3.00123550e+00 3.34335381e+01 -3.83884904e+00
-2.41568765e+00 3.29198610e+01 -3.80824408e+00
-1.88390350e+00 3.30314632e+01 -3.81244258e+00
-1.34849070e+00 3.31188737e+01 -3.81578817e+00
-8.14420523e-01 3.33486740e+01 -3.82739913e+00
-2.70759837e-01 3.32668811e+01 -3.82244228e+00
2.70759837e-01 3.32668811e+01 -3.82244228e+00
8.14420523e-01 3.33486740e+01 -3.82739913e+00
1.34225265e+00 3.29656675e+01 -3.80740226e+00
1.89775859e+00 3.32743917e+01 -3.82575013e+00
2.41343377e+00 3.28891462e+01 -3.80655974e+00
2.97712045e+00 3.31648983e+01 -3.82409783e+00
3.50050399e+00 3.29609571e+01 -3.81578817e+00
4.05504757e+00 3.30504208e+01 -3.82409783e+00
4.56519072e+00 3.27841309e+01 -3.81328010e+00
5.11231928e+00 3.27959795e+01 -3.81828935e+00
5.65837627e+00 3.27832498e+01 -3.82244228e+00
6.25258795e+00 3.30107020e+01 -3.84047140e+00
6.75292334e+00 3.27293465e+01 -3.83068723e+00
7.31405600e+00 3.27462427e+01 -3.83803662e+00
7.87033787e+00 3.27236460e+01 -3.84370622e+00
8.47128547e+00 3.28602099e+01 -3.85889930e+00
8.94694200e+00 3.25069272e+01 -3.84692802e+00
9.48312355e+00 3.23851752e+01 -3.84853412e+00
1.00436729e+01 3.23381679e+01 -3.85492748e+00
1.06229457e+01 3.23354946e+01 -3.86443121e+00
1.12136087e+01 3.23479613e+01 -3.87540942e+00
1.18312995e+01 3.24149911e+01 -3.89018790e+00
1.19239727e+01 3.26688940e+01 -4.38348339e+00
1.15670244e+01 3.33674616e+01 -4.42031877e+00
1.09532226e+01 3.33408342e+01 -4.40516431e+00
1.04090840e+01 3.35147024e+01 -4.40516431e+00
9.75309819e+00 3.33071473e+01 -4.37861160e+00
9.13436312e+00 3.31878844e+01 -4.35920085e+00
8.57524755e+00 3.32634799e+01 -4.35434888e+00
8.08242322e+00 3.36054640e+01 -4.36889859e+00
7.47250765e+00 3.34556570e+01 -4.34949055e+00
6.99576279e+00 3.39063148e+01 -4.37278029e+00
6.30758996e+00 3.33010866e+01 -4.32303080e+00
5.75238305e+00 3.33279022e+01 -4.31807183e+00
5.20914394e+00 3.34171183e+01 -4.31807183e+00
4.61791078e+00 3.31627309e+01 -4.29495341e+00
4.04462520e+00 3.29654738e+01 -4.27648223e+00
3.52025036e+00 3.31468901e+01 -4.28473312e+00
2.97890991e+00 3.31848327e+01 -4.28370537e+00
2.42508630e+00 3.30479414e+01 -4.27129253e+00
1.87727011e+00 3.29151564e+01 -4.25979057e+00
1.35364876e+00 3.32455554e+01 -4.28061589e+00
8.09376211e-01 3.31421209e+01 -4.27233245e+00
2.70063018e-01 3.31812665e+01 -4.27440934e+00
-2.69815900e-01 3.31509044e+01 -4.27233245e+00
-8.09747036e-01 3.31573053e+01 -4.27337140e+00
-1.34872207e+00 3.31245560e+01 -4.27233245e+00
-1.88771058e+00 3.30982147e+01 -4.27233245e+00
-2.42062542e+00 3.29871505e+01 -4.26712314e+00
-2.98828499e+00 3.32892704e+01 -4.29087783e+00
-3.52025036e+00 3.31468901e+01 -4.28473312e+00
-4.09910157e+00 3.34094802e+01 -4.30708084e+00
-4.63424551e+00 3.32800359e+01 -4.30305472e+00
-5.20241995e+00 3.33739833e+01 -4.31508568e+00
-5.77699180e+00 3.34704792e+01 -4.32796857e+00
-6.31834177e+00 3.33578511e+01 -4.32698263e+00
-6.87791113e+00 3.33351239e+01 -4.33288681e+00
-7.43832929e+00 3.33026348e+01 -4.33876563e+00
-8.02604268e+00 3.33710425e+01 -4.35240647e+00
-8.53263455e+00 3.30981836e+01 -4.34267263e+00
-9.09291857e+00 3.30373039e+01 -4.34851786e+00
-9.79319307e+00 3.34440726e+01 -4.38837083e+00
-1.02139816e+01 3.28865204e+01 -4.36017077e+00
-1.06502515e+01 3.24186115e+01 -4.33876563e+00
-1.12092298e+01 3.23353295e+01 -4.34559732e+00
-1.27418637e+01 3.49097239e+01 -4.54665110e+00
-1.32908949e+01 3.64139407e+01 -5.19072871e+00
-1.27685515e+01 3.68335138e+01 -5.20881632e+00
-1.15456562e+01 3.51441599e+01 -5.04521212e+00
-1.03945934e+01 3.34680463e+01 -4.88528821e+00
-9.84845820e+00 3.36328049e+01 -4.88528821e+00
-9.33876152e+00 3.39305252e+01 -4.89737478e+00
-8.78523842e+00 3.40780368e+01 -4.89737478e+00
-8.11086333e+00 3.37237136e+01 -4.85574216e+00
-7.57640705e+00 3.39208319e+01 -4.86159698e+00
-6.97444888e+00 3.38030128e+01 -4.84174978e+00
-6.44707696e+00 3.40375119e+01 -4.85223764e+00
-5.82227421e+00 3.37328344e+01 -4.81847073e+00
-5.23068960e+00 3.35553355e+01 -4.79620845e+00
-4.70943531e+00 3.38199985e+01 -4.81146517e+00
-4.12343955e+00 3.36078455e+01 -4.78793576e+00
-3.62261006e+00 3.41107152e+01 -4.82429690e+00
-3.01177013e+00 3.35508931e+01 -4.77363891e+00
-2.45669212e+00 3.34786506e+01 -4.76401766e+00
-1.90976017e+00 3.34848216e+01 -4.76160041e+00
-1.36865594e+00 3.36141311e+01 -4.77003977e+00
-8.23119906e-01 3.37048940e+01 -4.77603262e+00
-2.74515960e-01 3.37283768e+01 -4.77722778e+00
2.74160354e-01 3.36846853e+01 -4.77363891e+00
8.27361818e-01 3.38785907e+01 -4.79030407e+00
1.36925075e+00 3.36287394e+01 -4.77124067e+00
1.91394321e+00 3.35581651e+01 -4.76763452e+00
2.45129962e+00 3.34051642e+01 -4.75796536e+00
2.97742274e+00 3.31682658e+01 -4.74208407e+00
3.54665917e+00 3.33955571e+01 -4.76522449e+00
4.10579183e+00 3.34640087e+01 -4.77603262e+00
4.61143625e+00 3.31162352e+01 -4.75310130e+00
5.15897794e+00 3.30952989e+01 -4.75796536e+00
5.69447128e+00 3.29923755e+01 -4.75675120e+00
6.21970076e+00 3.28370733e+01 -4.75188216e+00
6.85660869e+00 3.32318775e+01 -4.79384941e+00
7.32064782e+00 3.27757553e+01 -4.76522449e+00
7.91107106e+00 3.28930083e+01 -4.78556350e+00
8.42734192e+00 3.26897523e+01 -4.77961477e+00
9.05743600e+00 3.29083851e+01 -4.81029571e+00
9.62783090e+00 3.28793555e+01 -4.82080225e+00
1.01068772e+01 3.25416705e+01 -4.80561157e+00
1.07017936e+01 3.25755020e+01 -4.82313234e+00
1.13002040e+01 3.25977633e+01 -4.84058602e+00
1.17953076e+01 3.23163819e+01 -4.83244285e+00
1.20626969e+01 3.30489658e+01 -5.38330488e+00
1.17016907e+01 3.37559343e+01 -5.43558034e+00
1.11254000e+01 3.38649298e+01 -5.42780722e+00
1.04798437e+01 3.37425313e+01 -5.39778008e+00
9.89101595e+00 3.37781410e+01 -5.38473875e+00
9.24270580e+00 3.35815259e+01 -5.34961149e+00
8.70207117e+00 3.37554301e+01 -5.35237573e+00
8.17180108e+00 3.39770833e+01 -5.36070909e+00
7.48703173e+00 3.35206837e+01 -5.30323036e+00
6.93184994e+00 3.35965488e+01 -5.29916052e+00
6.35508913e+00 3.35518598e+01 -5.28421937e+00
5.80571160e+00 3.36368748e+01 -5.28285862e+00
5.22452338e+00 3.35157787e+01 -5.26236452e+00
4.64050951e+00 3.33250198e+01 -5.23608851e+00
4.08145984e+00 3.32656923e+01 -5.22348412e+00
3.54563827e+00 3.33859442e+01 -5.22909967e+00
2.99125573e+00 3.33223641e+01 -5.21784611e+00
2.44954973e+00 3.33813175e+01 -5.21925773e+00
1.90083728e+00 3.33283720e+01 -5.21076638e+00
1.36468781e+00 3.35166739e+01 -5.22629469e+00
8.16446948e-01 3.34316515e+01 -5.21643306e+00
2.73722623e-01 3.36309035e+01 -5.23469340e+00
-2.71088263e-01 3.33072332e+01 -5.20365040e+00
-8.18241884e-01 3.35051501e+01 -5.22348412e+00
-1.35930389e+00 3.33844450e+01 -5.21360261e+00
-1.90922276e+00 3.34753990e+01 -5.22489009e+00
-2.44631490e+00 3.33372348e+01 -5.21501856e+00
-3.01991387e+00 3.36416137e+01 -5.24858721e+00
-3.58528876e+00 3.37592956e+01 -5.26510771e+00
-4.13431260e+00 3.36964656e+01 -5.26510771e+00
-4.66840905e+00 3.35253755e+01 -5.25548925e+00
-5.18008436e+00 3.32306985e+01 -5.23469340e+00
-5.80088215e+00 3.36088941e+01 -5.28013542e+00
-6.37354774e+00 3.36493125e+01 -5.29373187e+00
-6.87163905e+00 3.33047251e+01 -5.27058332e+00
-7.45926971e+00 3.33963885e+01 -5.29101596e+00
-8.01842323e+00 3.33393620e+01 -5.29780365e+00
-8.62008329e+00 3.34373983e+01 -5.32087728e+00
-9.10311214e+00 3.30743402e+01 -5.29916052e+00
-9.74783099e+00 3.32891597e+01 -5.33587323e+00
-1.02210020e+01 3.29091243e+01 -5.31408494e+00
-1.07508910e+01 3.27249510e+01 -5.31272752e+00
-1.11661694e+01 3.22111129e+01 -5.27877292e+00
-1.19570732e+01 3.27595816e+01 -5.35376026e+00
-1.22568580e+01 3.35809219e+01 -5.93388990e+00
-1.16709480e+01 3.36672507e+01 -5.92126511e+00
-1.09380516e+01 3.32946545e+01 -5.85681616e+00
-1.03296179e+01 3.32588411e+01 -5.83275572e+00
-9.86522890e+00 3.36900774e+01 -5.86333628e+00
-9.37179733e+00 3.40505542e+01 -5.88659074e+00
-8.73017236e+00 3.38644349e+01 -5.84873230e+00
-8.15052417e+00 3.38886172e+01 -5.83593282e+00
-7.60417036e+00 3.40451328e+01 -5.83911853e+00
-7.00246545e+00 3.39388005e+01 -5.81384724e+00
-6.39630560e+00 3.37694632e+01 -5.78271407e+00
-5.82176728e+00 3.37298974e+01 -5.76721616e+00
-5.24583209e+00 3.36524760e+01 -5.74859412e+00
-4.72468375e+00 3.39295026e+01 -5.77031564e+00
-4.16318588e+00 3.39317955e+01 -5.76256559e+00
-3.54084320e+00 3.33407935e+01 -5.69038201e+00
-3.01964797e+00 3.36386517e+01 -5.71732944e+00
-2.46117172e+00 3.35396965e+01 -5.70152732e+00
-1.92230571e+00 3.37047891e+01 -5.71575513e+00
-1.37051331e+00 3.36597480e+01 -5.70786427e+00
-8.19982118e-01 3.35764087e+01 -5.69675966e+00
-2.74760681e-01 3.37584445e+01 -5.71575513e+00
2.72046008e-01 3.34249064e+01 -5.67916151e+00
8.30478411e-01 3.40062081e+01 -5.74392693e+00
1.36106140e+00 3.34276094e+01 -5.68237529e+00
1.89744856e+00 3.32689557e+01 -5.66786223e+00
2.47276220e+00 3.36976462e+01 -5.71890254e+00
3.01064499e+00 3.35383592e+01 -5.70628213e+00
3.57735960e+00 3.36846341e+01 -5.72831684e+00
4.10597450e+00 3.34654976e+01 -5.71102453e+00
4.66202700e+00 3.34795439e+01 -5.72047446e+00
5.23052866e+00 3.35543031e+01 -5.73769353e+00
5.74198646e+00 3.32676669e+01 -5.71575513e+00
6.27469780e+00 3.31274316e+01 -5.71102453e+00
6.81308053e+00 3.30209099e+01 -5.71102453e+00
7.35279373e+00 3.29196779e+01 -5.71260268e+00
7.97430181e+00 3.31559119e+01 -5.75325563e+00
8.54116214e+00 3.31312622e+01 -5.76566618e+00
9.02295796e+00 3.27831160e+01 -5.74236977e+00
9.62298623e+00 3.28628108e+01 -5.76876595e+00
1.01901363e+01 3.28097443e+01 -5.78116375e+00
1.07360633e+01 3.26798167e+01 -5.78581562e+00
1.12526813e+01 3.24606741e+01 -5.78116375e+00
1.18964007e+01 3.25933533e+01 -5.81855253e+00
1.21015116e+01 3.31553091e+01 -6.37605074e+00
1.16810003e+01 3.36962485e+01 -6.42160461e+00
1.10850181e+01 3.37420104e+01 -6.40340970e+00
1.05681974e+01 3.40270085e+01 -6.41751668e+00
9.90992927e+00 3.38427306e+01 -6.37222636e+00
9.33740289e+00 3.39255889e+01 -6.36274821e+00
8.67672653e+00 3.36571180e+01 -6.30967383e+00
8.17902404e+00 3.40071153e+01 -6.33677013e+00
7.53283776e+00 3.37257649e+01 -6.28486758e+00
7.01180136e+00 3.39840488e+01 -6.30254729e+00
6.35476237e+00 3.35501346e+01 -6.23419583e+00
5.80062782e+00 3.36074206e+01 -6.22896671e+00
5.24848496e+00 3.36694944e+01 -6.22547908e+00
4.67634191e+00 3.35823439e+01 -6.20450669e+00
4.11178341e+00 3.35128428e+01 -6.18693379e+00
3.56122589e+00 3.35327182e+01 -6.18163923e+00
3.02768393e+00 3.37281716e+01 -6.19924588e+00
2.46576724e+00 3.36023221e+01 -6.17810296e+00
1.92419036e+00 3.37378337e+01 -6.19045724e+00
1.37420608e+00 3.37504421e+01 -6.18869611e+00
8.24669316e-01 3.37683388e+01 -6.18869611e+00
2.75377627e-01 3.38342455e+01 -6.19573368e+00
-2.73632299e-01 3.36198059e+01 -6.16923774e+00
-8.25017310e-01 3.37825884e+01 -6.19045724e+00
-1.36955187e+00 3.36361349e+01 -6.17456119e+00
-1.92337873e+00 3.37236030e+01 -6.18869611e+00
-2.47725075e+00 3.37588141e+01 -6.19749030e+00
-3.02641355e+00 3.37140196e+01 -6.19749030e+00
-3.56122589e+00 3.35327182e+01 -6.18163923e+00
-4.14805553e+00 3.38084765e+01 -6.22373469e+00
-4.65672600e+00 3.34414757e+01 -6.18693379e+00
-5.25935119e+00 3.37392022e+01 -6.23419583e+00
-5.77659515e+00 3.34681811e+01 -6.21150862e+00
-6.36788487e+00 3.36194152e+01 -6.24290799e+00
-6.89716451e+00 3.34284392e+01 -6.23245303e+00
-7.43113723e+00 3.32704348e+01 -6.22722309e+00
-8.02777311e+00 3.33782373e+01 -6.25685346e+00
-8.61240692e+00 3.34076215e+01 -6.27783944e+00
-9.16635727e+00 3.33041288e+01 -6.28310854e+00
-9.76359518e+00 3.33429949e+01 -6.30788883e+00
-1.03394724e+01 3.32905701e+01 -6.32223856e+00
-1.08891024e+01 3.31456568e+01 -6.32585298e+00
-1.13418971e+01 3.27180357e+01 -6.29368551e+00
-1.19773187e+01 3.28150496e+01 -6.33129718e+00
-1.18619906e+01 3.24990776e+01 -6.77394111e+00
-1.16840625e+01 3.37050822e+01 -6.92191910e+00
-1.11712646e+01 3.40045385e+01 -6.93837438e+00
-1.03919916e+01 3.34596692e+01 -6.83443308e+00
-1.03919916e+01 3.34596692e+01 -6.83443308e+00
-9.88454571e+00 3.37560449e+01 -6.85328897e+00
-9.24214419e+00 3.35794854e+01 -6.80582038e+00
-8.54787255e+00 3.31572920e+01 -6.72517266e+00
-8.04668761e+00 3.34568809e+01 -6.74847662e+00
-7.47946084e+00 3.34867876e+01 -6.73486694e+00
-6.91345989e+00 3.35074179e+01 -6.72129920e+00
-6.39603668e+00 3.37680434e+01 -6.74263733e+00
-5.80956214e+00 3.36591838e+01 -6.71355676e+00
-5.24791386e+00 3.36658307e+01 -6.70194746e+00
-4.63873712e+00 3.33122917e+01 -6.64165071e+00
-4.10457547e+00 3.34540949e+01 -6.65144270e+00
-3.55950062e+00 3.35164729e+01 -6.65144270e+00
-3.01602439e+00 3.35982853e+01 -6.65535011e+00
-2.46666626e+00 3.36145736e+01 -6.65144270e+00
-1.91676408e+00 3.36076249e+01 -6.64557170e+00
-1.37237439e+00 3.37054560e+01 -6.65535011e+00
-8.23570109e-01 3.37233288e+01 -6.65535011e+00
-2.73736424e-01 3.36325992e+01 -6.64165071e+00
2.72804097e-01 3.35180490e+01 -6.62590563e+00
8.13042826e-01 3.32922604e+01 -6.59608346e+00
1.34827639e+00 3.31136101e+01 -6.57393536e+00
1.91676408e+00 3.36076249e+01 -6.64557170e+00
2.44144636e+00 3.32708886e+01 -6.60407727e+00
3.01221053e+00 3.35557991e+01 -6.64948705e+00
3.55950062e+00 3.35164729e+01 -6.65144270e+00
4.10457547e+00 3.34540949e+01 -6.65144270e+00
4.64070508e+00 3.33264242e+01 -6.64361192e+00
5.25658659e+00 3.37214670e+01 -6.70968685e+00
5.73511696e+00 3.32278666e+01 -6.65339702e+00
6.26195699e+00 3.30601662e+01 -6.64361192e+00
6.75866827e+00 3.27571904e+01 -6.61601081e+00
7.37189671e+00 3.30052051e+01 -6.66704396e+00
7.92797825e+00 3.29633058e+01 -6.67870177e+00
8.50920446e+00 3.30072980e+01 -6.70388241e+00
8.98922449e+00 3.26605522e+01 -6.67481929e+00
9.55136709e+00 3.26182291e+01 -6.69033284e+00
1.01269683e+01 3.26063589e+01 -6.71162175e+00
1.05816052e+01 3.22096569e+01 -6.67870177e+00
1.11921493e+01 3.22860572e+01 -6.71549195e+00
1.17161855e+01 3.20996058e+01 -6.71549195e+00
1.19085289e+01 3.26265815e+01 -7.28089165e+00
1.15090363e+01 3.32001831e+01 -7.34243403e+00
1.09478145e+01 3.33243721e+01 -7.33307297e+00
1.02203356e+01 3.29069786e+01 -7.23935700e+00
9.69138347e+00 3.30963896e+01 -7.24368157e+00
9.19726339e+00 3.34164200e+01 -7.26985198e+00
8.56638645e+00 3.32291076e+01 -7.21785476e+00
8.03100356e+00 3.33916690e+01 -7.22214121e+00
7.39741522e+00 3.31194557e+01 -7.16032381e+00
6.87154792e+00 3.33042834e+01 -7.17096011e+00
6.33377408e+00 3.34393264e+01 -7.17521390e+00
5.78147571e+00 3.34964579e+01 -7.16883319e+00
5.20949723e+00 3.34193847e+01 -7.14328531e+00
4.64732401e+00 3.33739570e+01 -7.12405731e+00
4.07054734e+00 3.31767507e+01 -7.08311480e+00
3.52240360e+00 3.31671652e+01 -7.07223762e+00
2.98464917e+00 3.32487676e+01 -7.07659428e+00
2.45040713e+00 3.33930018e+01 -7.09178289e+00
1.89508471e+00 3.32275091e+01 -7.06131081e+00
1.35926647e+00 3.33835261e+01 -7.08094320e+00
8.15703968e-01 3.34012282e+01 -7.08094320e+00
2.71222689e-01 3.33237494e+01 -7.06787302e+00
-2.72042083e-01 3.34244242e+01 -7.08311480e+00
-8.13948295e-01 3.33293373e+01 -7.07005633e+00
-1.35399070e+00 3.32539534e+01 -7.06131081e+00
-1.90817197e+00 3.34569749e+01 -7.09610633e+00
-2.43779243e+00 3.32210945e+01 -7.06568769e+00
-2.97691618e+00 3.31626227e+01 -7.06350028e+00
-3.52696026e+00 3.32100710e+01 -7.07876970e+00
-4.08099778e+00 3.32619264e+01 -7.09610633e+00
-4.61002484e+00 3.31060993e+01 -7.08311480e+00
-5.16808338e+00 3.31537111e+01 -7.10257899e+00
-5.64091186e+00 3.26820653e+01 -7.04371847e+00
-6.29976552e+00 3.32597773e+01 -7.14754847e+00
-6.83745447e+00 3.31390429e+01 -7.14541726e+00
-7.34519593e+00 3.28856613e+01 -7.12405731e+00
-7.84965344e+00 3.26376433e+01 -7.10473333e+00
-8.42230310e+00 3.26702067e+01 -7.13047573e+00
-8.87374613e+00 3.22409847e+01 -7.08528454e+00
-9.47330213e+00 3.23516347e+01 -7.12619792e+00
-1.00696618e+01 3.24218459e+01 -7.16245151e+00
-1.06970441e+01 3.25610448e+01 -7.21143573e+00
-1.14637521e+01 3.30695513e+01 -7.32150298e+00
-1.22326280e+01 3.35145372e+01 -7.42399467e+00
-1.26534086e+01 3.46673775e+01 -8.13090224e+00
-1.23193612e+01 3.55377319e+01 -8.24800779e+00
-1.18672157e+01 3.61229643e+01 -8.31580151e+00
-1.07945916e+01 3.47559426e+01 -8.04642762e+00
-9.76886357e+00 3.33609866e+01 -7.77653684e+00
-9.07162273e+00 3.29599297e+01 -7.68121981e+00
-8.45331758e+00 3.27905122e+01 -7.62780884e+00
-7.78621177e+00 3.23738627e+01 -7.53426577e+00
-7.20152132e+00 3.22424062e+01 -7.49123716e+00
-6.72543192e+00 3.25961040e+01 -7.53189429e+00
-6.18059707e+00 3.26306243e+01 -7.52000471e+00
-5.58661289e+00 3.23674704e+01 -7.45967810e+00
-5.04990692e+00 3.23955987e+01 -7.44988296e+00
-4.56244461e+00 3.27644101e+01 -7.49846101e+00
-4.01074228e+00 3.26893131e+01 -7.47429600e+00
-3.47035394e+00 3.26770623e+01 -7.46212067e+00
-2.94064758e+00 3.27585932e+01 -7.46699831e+00
-2.40596900e+00 3.27874198e+01 -7.46456075e+00
-1.87699293e+00 3.29102966e+01 -7.47914869e+00
-1.33807586e+00 3.28630855e+01 -7.46699831e+00
-7.97551569e-01 3.26579286e+01 -7.43017364e+00
-2.67205559e-01 3.28301852e+01 -7.45723306e+00
2.65995660e-01 3.26815310e+01 -7.43264588e+00
8.03346798e-01 3.28952301e+01 -7.46943335e+00
1.33747627e+00 3.28483598e+01 -7.46456075e+00
1.87448564e+00 3.28663349e+01 -7.47186591e+00
2.40164359e+00 3.27284750e+01 -7.45478549e+00
2.94983370e+00 3.28609259e+01 -7.48399147e+00
3.45625996e+00 3.25443526e+01 -7.44004797e+00
3.99637661e+00 3.25722266e+01 -7.45478549e+00
4.53010400e+00 3.25321616e+01 -7.45967810e+00
5.05447241e+00 3.24248867e+01 -7.45478549e+00
5.60414188e+00 3.24690290e+01 -7.47672355e+00
6.09893287e+00 3.21994760e+01 -7.44742791e+00
6.66098964e+00 3.22837721e+01 -7.47914869e+00
7.22684734e+00 3.23557950e+01 -7.51045297e+00
7.75592505e+00 3.22479352e+01 -7.51284432e+00
8.28340188e+00 3.21314073e+01 -7.51523335e+00
8.74741032e+00 3.17819687e+01 -7.47914869e+00
9.34107654e+00 3.19000800e+01 -7.52476708e+00
9.93528243e+00 3.19891773e+01 -7.56726144e+00
1.03968583e+01 3.16473007e+01 -7.53663516e+00
1.09758944e+01 3.16622254e+01 -7.56960501e+00
1.14508406e+01 3.13726227e+01 -7.55080932e+00
1.16408198e+01 3.18931214e+01 -8.12476711e+00
1.12217058e+01 3.23713191e+01 -8.18040785e+00
1.06535446e+01 3.24286355e+01 -8.15754208e+00
1.00161744e+01 3.22496296e+01 -8.09212579e+00
9.54891152e+00 3.26098432e+01 -8.12979632e+00
9.02057758e+00 3.27744674e+01 -8.13231226e+00
8.34592815e+00 3.23739474e+01 -8.03167928e+00
7.87045532e+00 3.27241343e+01 -8.07203297e+00
7.25997273e+00 3.25041029e+01 -8.00881432e+00
6.78128925e+00 3.28668273e+01 -8.05441507e+00
6.09592683e+00 3.21836056e+01 -7.91025985e+00
5.63065391e+00 3.26226332e+01 -7.97291873e+00
5.06095285e+00 3.24664593e+01 -7.92869250e+00
4.53987648e+00 3.26023410e+01 -7.93916635e+00
3.93807658e+00 3.20970557e+01 -7.83522902e+00
3.42943400e+00 3.22917578e+01 -7.85956585e+00
2.90872440e+00 3.24029714e+01 -7.87031734e+00
2.38419435e+00 3.24906849e+01 -7.87835369e+00
1.83616401e+00 3.21944217e+01 -7.81889843e+00
1.31682532e+00 3.23411733e+01 -7.84065413e+00
8.00781070e-01 3.27901693e+01 -7.91817575e+00
2.63311894e-01 3.23517904e+01 -7.83794276e+00
-2.62571890e-01 3.22608698e+01 -7.82162577e+00
-7.90603322e-01 3.23734136e+01 -7.84336314e+00
-1.31559546e+00 3.23109678e+01 -7.83522902e+00
-1.84735701e+00 3.23906745e+01 -7.85417487e+00
-2.38310299e+00 3.24758124e+01 -7.87567751e+00
-2.38310299e+00 3.24758124e+01 -7.87567751e+00
-2.89394594e+00 3.22383404e+01 -7.84065413e+00
-3.44520557e+00 3.24402638e+01 -7.88636638e+00
-3.94175803e+00 3.21270612e+01 -7.84065413e+00
-4.45999747e+00 3.20287036e+01 -7.83522902e+00
-4.98306575e+00 3.19668067e+01 -7.83794276e+00
-5.51555415e+00 3.19557734e+01 -7.85147564e+00
-6.08769262e+00 3.21401329e+01 -7.90231959e+00
-6.61301319e+00 3.20512450e+01 -7.90496906e+00
-7.14987595e+00 3.20111813e+01 -7.91817575e+00
-7.63893434e+00 3.17615060e+01 -7.89435508e+00
-8.18437229e+00 3.17472704e+01 -7.91553984e+00
-8.66084010e+00 3.14674331e+01 -7.88903196e+00
-9.31535295e+00 3.18122331e+01 -7.98064799e+00
-9.99957597e+00 3.21961867e+01 -8.08208311e+00
-1.08956035e+01 3.31654458e+01 -8.29672152e+00
-1.18372694e+01 3.41470389e+01 -8.51767981e+00
-1.27974163e+01 3.50619250e+01 -8.73013088e+00
-1.28141176e+01 3.51076828e+01 -9.27230706e+00
-1.25699280e+01 3.62605433e+01 -9.46673949e+00
-1.21302666e+01 3.69236726e+01 -9.56115384e+00
-1.12850183e+01 3.63349965e+01 -9.40278703e+00
-1.02738183e+01 3.50854234e+01 -9.11463807e+00
-9.28680215e+00 3.37417412e+01 -8.81219349e+00
-8.56332813e+00 3.32172444e+01 -8.67800797e+00
-7.86679193e+00 3.27089025e+01 -8.54991312e+00
-7.29069958e+00 3.26416721e+01 -8.51203673e+00
-6.74709276e+00 3.27010874e+01 -8.50117853e+00
-6.22436256e+00 3.28616854e+01 -8.51203673e+00
-5.61404440e+00 3.25264018e+01 -8.42712011e+00
-5.08166195e+00 3.25993100e+01 -8.42434527e+00
-4.57788763e+00 3.28753115e+01 -8.46296953e+00
-4.00736630e+00 3.26617974e+01 -8.40764066e+00
-3.46143022e+00 3.25930361e+01 -8.38239784e+00
-2.91342720e+00 3.24553602e+01 -8.34552567e+00
-2.38692303e+00 3.25278701e+01 -8.35123024e+00
-1.85463376e+00 3.25182616e+01 -8.34266901e+00
-1.32568983e+00 3.25588853e+01 -8.34552567e+00
-7.98065942e-01 3.26789910e+01 -8.36544087e+00
-2.64847579e-01 3.25404722e+01 -8.33694699e+00
2.64967917e-01 3.25552575e+01 -8.33980942e+00
7.94472564e-01 3.25318503e+01 -8.33694699e+00
1.31965944e+00 3.24107791e+01 -8.31682961e+00
1.85463376e+00 3.25182616e+01 -8.34266901e+00
2.36845447e+00 3.22761893e+01 -8.30237561e+00
2.91210789e+00 3.24406632e+01 -8.34266901e+00
3.43975759e+00 3.23889653e+01 -8.34266901e+00
3.96469707e+00 3.23140245e+01 -8.33980942e+00
4.51244143e+00 3.24053209e+01 -8.37110478e+00
5.06169748e+00 3.24712362e+01 -8.39925164e+00
5.60183186e+00 3.24556453e+01 -8.41321961e+00
6.08071256e+00 3.21032815e+01 -8.36260459e+00
6.66109419e+00 3.22842788e+01 -8.41878769e+00
7.22307744e+00 3.23389166e+01 -8.45198121e+00
7.76177270e+00 3.22722489e+01 -8.46296953e+00
8.39466801e+00 3.25630099e+01 -8.54721178e+00
8.87164900e+00 3.22333651e+01 -8.50932417e+00
9.41087509e+00 3.21384443e+01 -8.52016732e+00
1.00279828e+01 3.22876499e+01 -8.58232863e+00
1.05391285e+01 3.20803609e+01 -8.57422125e+00
1.10416236e+01 3.18518348e+01 -8.56341690e+00
1.17321017e+01 3.21432123e+01 -8.66137359e+00
1.18819292e+01 3.25537046e+01 -9.24398205e+00
1.15805803e+01 3.34065664e+01 -9.38996831e+00
1.10081573e+01 3.35080513e+01 -9.37190434e+00
1.05728523e+01 3.40419962e+01 -9.45006517e+00
9.83627553e+00 3.35912007e+01 -9.31616853e+00
9.30126526e+00 3.37942900e+01 -9.32639212e+00
8.64714804e+00 3.35423827e+01 -9.24080529e+00
8.07877183e+00 3.35902821e+01 -9.22191041e+00
7.49211874e+00 3.35434591e+01 -9.18488934e+00
6.98723500e+00 3.38649832e+01 -9.22817795e+00
6.30591595e+00 3.32922486e+01 -9.08394131e+00
5.74890521e+00 3.33077524e+01 -9.06649628e+00
5.23191015e+00 3.35631655e+01 -9.10146084e+00
4.65208332e+00 3.34081351e+01 -9.05200008e+00
4.09581357e+00 3.33826816e+01 -9.03174456e+00
3.56366862e+00 3.35557190e+01 -9.05489699e+00
2.97590405e+00 3.31513477e+01 -8.95935506e+00
2.44101978e+00 3.32650753e+01 -8.97387384e+00
1.89446677e+00 3.32166746e+01 -8.95644705e+00
1.35525630e+00 3.32850364e+01 -8.96516662e+00
8.05739493e-01 3.29932055e+01 -8.90083660e+00
2.72258351e-01 3.34509959e+01 -8.99415259e+00
-2.68140927e-01 3.29451090e+01 -8.88902459e+00
-8.14320425e-01 3.33445752e+01 -8.97387384e+00
-1.34208456e+00 3.29615392e+01 -8.89788743e+00
-1.88325921e+00 3.30201664e+01 -8.91554583e+00
-2.42357617e+00 3.30273620e+01 -8.92434362e+00
-2.96084026e+00 3.29835381e+01 -8.92434362e+00
-3.49583060e+00 3.29169521e+01 -8.92141324e+00
-4.03972972e+00 3.29255735e+01 -8.93604413e+00
-4.60792520e+00 3.30910212e+01 -8.98546723e+00
-5.17595053e+00 3.32041796e+01 -9.02596182e+00
-5.68732346e+00 3.29509628e+01 -8.99125829e+00
-6.22031887e+00 3.28403366e+01 -8.98836321e+00
-6.79903245e+00 3.29528232e+01 -9.03463638e+00
-7.42308220e+00 3.32343711e+01 -9.11907748e+00
-7.91369013e+00 3.29038980e+01 -9.07521087e+00
-8.43774832e+00 3.27301189e+01 -9.06649628e+00
-8.98050601e+00 3.26288753e+01 -9.07521087e+00
-9.65873949e+00 3.29849093e+01 -9.18488934e+00
-1.04460387e+01 3.36336875e+01 -9.36121958e+00
-1.16865851e+01 3.55731376e+01 -9.82359839e+00
-1.27339257e+01 3.67336284e+01 -1.01217027e+01
-1.30185010e+01 3.56676452e+01 -9.93282180e+00
-1.23720830e+01 3.38966113e+01 -1.00627072e+01
-1.11536665e+01 3.21750458e+01 -9.61175760e+00
-1.09564915e+01 3.33507844e+01 -9.84516669e+00
-1.13103318e+01 3.64164997e+01 -1.05176765e+01
-1.09613022e+01 3.74332034e+01 -1.07114735e+01
-1.02949476e+01 3.74046365e+01 -1.06649369e+01
-9.30658015e+00 3.61003271e+01 -1.03284917e+01
-8.46246489e+00 3.51856185e+01 -1.00860384e+01
-7.93579199e+00 3.55298579e+01 -1.01340905e+01
-7.15766013e+00 3.46909815e+01 -9.91563307e+00
-6.61262932e+00 3.49115499e+01 -9.94019458e+00
-5.92279869e+00 3.43152487e+01 -9.78258652e+00
-5.34870781e+00 3.43124328e+01 -9.76130594e+00
-4.78731767e+00 3.43792973e+01 -9.75779653e+00
-4.19335475e+00 3.41776850e+01 -9.69626735e+00
-3.60693322e+00 3.39631012e+01 -9.63410886e+00
-3.05105803e+00 3.39885573e+01 -9.62769703e+00
-2.49321821e+00 3.39764112e+01 -9.61493572e+00
-1.92854491e+00 3.38141843e+01 -9.57082142e+00
-1.37618206e+00 3.37989722e+01 -9.56145840e+00
-8.26884369e-01 3.38590402e+01 -9.57082142e+00
-2.73831634e-01 3.36442972e+01 -9.52113394e+00
2.74171592e-01 3.36860661e+01 -9.53041081e+00
8.22782408e-01 3.36910743e+01 -9.53350627e+00
1.37390222e+00 3.37429794e+01 -9.54901248e+00
1.93014919e+00 3.38423129e+01 -9.57707874e+00
2.48488089e+00 3.38627940e+01 -9.58963432e+00
3.03320504e+00 3.37896763e+01 -9.58334940e+00
3.55321236e+00 3.34572623e+01 -9.52113394e+00
4.10750601e+00 3.34779801e+01 -9.53970266e+00
4.67120641e+00 3.35454643e+01 -9.57082142e+00
5.27844273e+00 3.38616761e+01 -9.65998713e+00
5.81401765e+00 3.36849980e+01 -9.64054273e+00
6.34274663e+00 3.34866972e+01 -9.61811857e+00
6.92803069e+00 3.35780381e+01 -9.66325000e+00
7.51593670e+00 3.36500961e+01 -9.70632210e+00
8.15052295e+00 3.38886122e+01 -9.78976851e+00
8.68495204e+00 3.36890249e+01 -9.77544947e+00
9.32910979e+00 3.38954576e+01 -9.85659310e+00
9.95429455e+00 3.39942394e+01 -9.91563307e+00
1.06362873e+01 3.42462415e+01 -1.00129658e+01
1.13694201e+01 3.46077098e+01 -1.01389990e+01
1.20355213e+01 3.47189372e+01 -1.02097215e+01
1.28349093e+01 3.51646471e+01 -1.03625014e+01
1.32506270e+01 3.63036161e+01 -1.11938375e+01
1.29690378e+01 3.74118578e+01 -1.14184274e+01
1.23485093e+01 3.75879881e+01 -1.14109578e+01
1.17350551e+01 3.77840048e+01 -1.14109578e+01
1.10393655e+01 3.76997919e+01 -1.13443761e+01
1.01321804e+01 3.68132543e+01 -1.10840953e+01
9.44796139e+00 3.66487465e+01 -1.10048392e+01
8.73775682e+00 3.63302397e+01 -1.08911526e+01
8.02007715e+00 3.59072166e+01 -1.07553612e+01
7.44427734e+00 3.60801271e+01 -1.07667396e+01
6.94430044e+00 3.66626163e+01 -1.08789177e+01
6.31628190e+00 3.65949943e+01 -1.08367323e+01
5.65943184e+00 3.63057548e+01 -1.07440650e+01
5.00143671e+00 3.59169563e+01 -1.06303935e+01
4.37210465e+00 3.56345753e+01 -1.05448568e+01
3.76190272e+00 3.54223033e+01 -1.04785782e+01
3.16943887e+00 3.53073110e+01 -1.04378529e+01
2.61267286e+00 3.56042832e+01 -1.04971439e+01
2.02943765e+00 3.55831893e+01 -1.04831923e+01
1.44839798e+00 3.55725921e+01 -1.04739821e+01
8.64547646e-01 3.54012661e+01 -1.04289947e+01
2.87307305e-01 3.52999842e+01 -1.04028251e+01
-2.87307305e-01 3.52999842e+01 -1.04028251e+01
-8.66847394e-01 3.54954355e+01 -1.04512696e+01
-1.43394307e+00 3.52175801e+01 -1.03899629e+01
-2.02501941e+00 3.55057221e+01 -1.04648439e+01
-2.58616164e+00 3.52430008e+01 -1.04114817e+01
-3.23057687e+00 3.59883838e+01 -1.05995539e+01
-3.82048591e+00 3.59739261e+01 -1.06097541e+01
-4.41082001e+00 3.59501225e+01 -1.06200338e+01
-5.01058787e+00 3.59826738e+01 -1.06460837e+01
-5.79999547e+00 3.72074830e+01 -1.09598719e+01
-6.24558917e+00 3.61854179e+01 -1.07384476e+01
-7.04340068e+00 3.71858186e+01 -1.10048392e+01
-7.76774278e+00 3.76478648e+01 -1.11452714e+01
-8.56304666e+00 3.83381811e+01 -1.13443761e+01
-9.30377619e+00 3.86836605e+01 -1.14635357e+01
-9.94818413e+00 3.85891160e+01 -1.14786805e+01
-1.07922486e+01 3.92114802e+01 -1.16722919e+01
-1.14290627e+01 3.90306205e+01 -1.16722919e+01
-1.20529510e+01 3.88075518e+01 -1.16644011e+01
-1.21648599e+01 3.70289722e+01 -1.12718166e+01
-1.17190936e+01 3.38061364e+01 -1.05160039e+01
-1.11747234e+01 3.06161263e+01 -9.76213024e+00
-1.12530848e+01 3.08308181e+01 -1.02979537e+01
-1.03526957e+01 2.98644808e+01 -9.99374100e+00
-9.93966042e+00 3.02556226e+01 -1.00535909e+01
-1.04274250e+01 3.35737558e+01 -1.08840216e+01
-1.11538692e+01 3.80908259e+01 -1.20219188e+01
-1.29562097e+01 4.70738008e+01 -1.43139950e+01
-1.28565876e+01 4.98708452e+01 -1.49858012e+01
-1.21846733e+01 5.06619846e+01 -1.51376858e+01
-1.12102574e+01 5.01901831e+01 -1.49671048e+01
-1.04219933e+01 5.05122024e+01 -1.50045650e+01
-9.27962698e+00 4.89920340e+01 -1.45746934e+01
-8.09384266e+00 4.68937472e+01 -1.40035517e+01
-7.39955170e+00 4.74687774e+01 -1.41177116e+01
-6.61793280e+00 4.75255445e+01 -1.41031720e+01
-5.54442192e+00 4.51894765e+01 -1.34869196e+01
-4.73381172e+00 4.45738572e+01 -1.33103039e+01
-3.97391953e+00 4.42691651e+01 -1.32156113e+01
-3.22897812e+00 4.40030029e+01 -1.31338412e+01
-2.44848331e+00 4.29305356e+01 -1.28525330e+01
-1.75089974e+00 4.30020222e+01 -1.28619059e+01
-1.05255518e+00 4.30997483e+01 -1.28807129e+01
-3.41114350e-01 4.19109815e+01 -1.25795267e+01
3.46072656e-01 4.25201833e+01 -1.27324052e+01
1.04708943e+00 4.28759383e+01 -1.28245332e+01
1.72400834e+00 4.23415705e+01 -1.26960345e+01
2.39056621e+00 4.19150449e+01 -1.25972911e+01
3.09339007e+00 4.21552725e+01 -1.26689238e+01
3.85124444e+00 4.29025738e+01 -1.28712991e+01
4.46768539e+00 4.20679955e+01 -1.26779451e+01
5.15621824e+00 4.20254459e+01 -1.26869820e+01
5.96164943e+00 4.28125586e+01 -1.29090810e+01
6.71666216e+00 4.30879807e+01 -1.30051154e+01
7.37786808e+00 4.27455653e+01 -1.29472128e+01
8.07265867e+00 4.26198132e+01 -1.29472128e+01
9.09239674e+00 4.40680559e+01 -1.33534051e+01
9.79907230e+00 4.38720731e+01 -1.33425678e+01
1.05321153e+01 4.37909042e+01 -1.33642847e+01
1.16919546e+01 4.53532209e+01 -1.38150805e+01
1.23475266e+01 4.48622724e+01 -1.37383964e+01
1.35008986e+01 4.61060075e+01 -1.41177116e+01
1.43369020e+01 4.61613148e+01 -1.41915930e+01
1.57130182e+01 4.78293148e+01 -1.46954251e+01
1.65818186e+01 4.78336673e+01 -1.47661915e+01
1.77096356e+01 4.85202559e+01 -1.50233949e+01
1.98361363e+01 5.43463701e+01 -1.74299570e+01
9.85183328e+00 2.84196399e+01 -1.00555406e+01
0.00000000e+00 0.00000000e+00 -0.00000000e+00
7.90198329e+00 2.54424518e+01 -9.14285015e+00
7.98027594e+00 2.72529017e+01 -9.60907727e+00
7.53562424e+00 2.73791860e+01 -9.60907727e+00
9.34893559e+00 3.62646244e+01 -1.20127535e+01
1.13667161e+01 4.72610452e+01 -1.49754340e+01
1.21655712e+01 5.44672817e+01 -1.68872814e+01
1.10065810e+01 5.33455193e+01 -1.65314406e+01
1.05820491e+01 5.58682059e+01 -1.71666469e+01
9.82694815e+00 5.69349370e+01 -1.74096487e+01
8.87669873e+00 5.69448060e+01 -1.73713454e+01
7.94384023e+00 5.70473204e+01 -1.73621164e+01
6.99512161e+00 5.70133169e+01 -1.73204537e+01
6.01337643e+00 5.66223158e+01 -1.71876707e+01
5.15849327e+00 5.74652276e+01 -1.73882798e+01
4.15434478e+00 5.66134667e+01 -1.71411934e+01
3.16293595e+00 5.54574065e+01 -1.68177598e+01
2.29668268e+00 5.64064279e+01 -1.70582156e+01
1.38137562e+00 5.65641999e+01 -1.70921744e+01
4.45930443e-01 5.47892007e+01 -1.66168970e+01
-4.51486369e-01 5.54718290e+01 -1.67981482e+01
-1.40130569e+00 5.73802910e+01 -1.73089199e+01
-2.31879832e+00 5.69495870e+01 -1.72025497e+01
-3.29422695e+00 5.77594002e+01 -1.74299570e+01
-4.14541039e+00 5.64917131e+01 -1.71087796e+01
-5.14297862e+00 5.72923957e+01 -1.73422066e+01
-6.11221662e+00 5.75530010e+01 -1.74361672e+01
-7.04819497e+00 5.74458881e+01 -1.74361672e+01
-7.88836958e+00 5.66489675e+01 -1.72553289e+01
-8.07372029e+00 5.17936284e+01 -1.59871353e+01
-9.32807673e+00 5.40445978e+01 -1.66308857e+01
-8.15105554e+00 4.30337115e+01 -1.36983617e+01
-7.15559114e+00 3.46809537e+01 -1.14714157e+01
-5.40786462e+00 2.42119075e+01 -8.65621687e+00
-6.22983301e+00 2.59026808e+01 -9.14285015e+00
-0.00000000e+00 0.00000000e+00 -0.00000000e+00
-3.51340835e+00 1.27652677e+01 -5.58464224e+00
-1.24479837e+01 4.25102689e+01 -1.38301771e+01
-1.69830161e+01 5.46811545e+01 -1.72718451e+01
-1.29826582e+01 3.95182924e+01 -1.31135354e+01
-1.08109815e+01 3.11865004e+01 -1.08330602e+01
-1.02118838e+01 2.79781710e+01 -9.97715051e+00
-9.97851586e+00 2.73387976e+01 -1.02312807e+01
-9.43108528e+00 2.72059058e+01 -1.01447816e+01
-9.03436830e+00 2.74999775e+01 -1.01872991e+01
-9.59006518e+00 3.08776622e+01 -1.11362015e+01
-1.06013433e+01 3.62039321e+01 -1.26468390e+01
-1.41121708e+01 5.12737548e+01 -1.69774613e+01
-0.00000000e+00 0.00000000e+00 -0.00000000e+00
-0.00000000e+00 0.00000000e+00 -0.00000000e+00
-0.00000000e+00 0.00000000e+00 -0.00000000e+00
-0.00000000e+00 0.00000000e+00 -0.00000000e+00
-0.00000000e+00 0.00000000e+00 -0.00000000e+00
-0.00000000e+00 0.00000000e+00 -0.00000000e+00
-0.00000000e+00 0.00000000e+00 -0.00000000e+00
-0.00000000e+00 0.00000000e+00 -0.00000000e+00
-0.00000000e+00 0.00000000e+00 -0.00000000e+00
-0.00000000e+00 0.00000000e+00 -0.00000000e+00
-0.00000000e+00 0.00000000e+00 -0.00000000e+00
-0.00000000e+00 0.00000000e+00 -0.00000000e+00
-0.00000000e+00 0.00000000e+00 -0.00000000e+00
-0.00000000e+00 0.00000000e+00 -0.00000000e+00
-0.00000000e+00 0.00000000e+00 -0.00000000e+00
-0.00000000e+00 0.00000000e+00 -0.00000000e+00
0.00000000e+00 0.00000000e+00 -0.00000000e+00
0.00000000e+00 0.00000000e+00 -0.00000000e+00
0.00000000e+00 0.00000000e+00 -0.00000000e+00
0.00000000e+00 0.00000000e+00 -0.00000000e+00
0.00000000e+00 0.00000000e+00 -0.00000000e+00
0.00000000e+00 0.00000000e+00 -0.00000000e+00
0.00000000e+00 0.00000000e+00 -0.00000000e+00
0.00000000e+00 0.00000000e+00 -0.00000000e+00
3.89806509e+00 2.79932830e+01 -9.99605007e+00
4.35319432e+00 2.79261259e+01 -9.99605007e+00
0.00000000e+00 0.00000000e+00 -0.00000000e+00
5.72249096e+00 3.02120411e+01 -1.06925481e+01
2.89374966e+00 1.40251163e+01 -6.08944686e+00
0.00000000e+00 0.00000000e+00 -0.00000000e+00
0.00000000e+00 0.00000000e+00 -0.00000000e+00
0.00000000e+00 0.00000000e+00 -0.00000000e+00
0.00000000e+00 0.00000000e+00 -0.00000000e+00
0.00000000e+00 0.00000000e+00 -0.00000000e+00
0.00000000e+00 0.00000000e+00 -0.00000000e+00
0.00000000e+00 0.00000000e+00 -0.00000000e+00
0.00000000e+00 0.00000000e+00 -0.00000000e+00
0.00000000e+00 0.00000000e+00 -0.00000000e+00
0.00000000e+00 0.00000000e+00 -0.00000000e+00
0.00000000e+00 0.00000000e+00 -0.00000000e+00
0.00000000e+00 0.00000000e+00 -0.00000000e+00
0.00000000e+00 0.00000000e+00 -0.00000000e+00
0.00000000e+00 0.00000000e+00 -0.00000000e+00
0.00000000e+00 0.00000000e+00 -0.00000000e+00
0.00000000e+00 0.00000000e+00 -0.00000000e+00
0.00000000e+00 0.00000000e+00 -0.00000000e+00
0.00000000e+00 0.00000000e+00 -0.00000000e+00
0.00000000e+00 0.00000000e+00 -0.00000000e+00
0.00000000e+00 0.00000000e+00 -0.00000000e+00
0.00000000e+00 0.00000000e+00 -0.00000000e+00
0.00000000e+00 0.00000000e+00 -0.00000000e+00
0.00000000e+00 0.00000000e+00 -0.00000000e+00
0.00000000e+00 0.00000000e+00 -0.00000000e+00
0.00000000e+00 0.00000000e+00 -0.00000000e+00
0.00000000e+00 0.00000000e+00 -0.00000000e+00
0.00000000e+00 0.00000000e+00 -0.00000000e+00
0.00000000e+00 0.00000000e+00 -0.00000000e+00
0.00000000e+00 0.00000000e+00 -0.00000000e+00
0.00000000e+00 0.00000000e+00 -0.00000000e+00
0.00000000e+00 0.00000000e+00 -0.00000000e+00
-0.00000000e+00 0.00000000e+00 -0.00000000e+00
-0.00000000e+00 0.00000000e+00 -0.00000000e+00
-0.00000000e+00 0.00000000e+00 -0.00000000e+00
-0.00000000e+00 0.00000000e+00 -0.00000000e+00
-0.00000000e+00 0.00000000e+00 -0.00000000e+00
-0.00000000e+00 0.00000000e+00 -0.00000000e+00
-0.00000000e+00 0.00000000e+00 -0.00000000e+00
-0.00000000e+00 0.00000000e+00 -0.00000000e+00
-0.00000000e+00 0.00000000e+00 -0.00000000e+00
-0.00000000e+00 0.00000000e+00 -0.00000000e+00
-0.00000000e+00 0.00000000e+00 -0.00000000e+00
-0.00000000e+00 0.00000000e+00 -0.00000000e+00
-0.00000000e+00 0.00000000e+00 -0.00000000e+00
-0.00000000e+00 0.00000000e+00 -0.00000000e+00
-0.00000000e+00 0.00000000e+00 -0.00000000e+00
-0.00000000e+00 0.00000000e+00 -0.00000000e+00
-1.32471977e+01 4.81310474e+01 -1.68106222e+01
-1.50679958e+01 5.14576953e+01 -1.79013422e+01
-1.16258232e+01 3.74323046e+01 -1.36471073e+01
-1.01247407e+01 3.08189939e+01 -1.16540611e+01
-9.15189557e+00 2.64005256e+01 -1.03273544e+01
-9.14048387e+00 2.50427861e+01 -9.94888519e+00
-9.06619298e+00 2.48392465e+01 -1.02878170e+01
-8.62910789e+00 2.48924370e+01 -1.02579421e+01
-8.26516654e+00 2.51585818e+01 -1.03000148e+01
-8.11451557e+00 2.61267537e+01 -1.05716011e+01
-8.37095959e+00 2.85870991e+01 -1.13245081e+01
-9.60931650e+00 3.49135327e+01 -1.33152948e+01
-9.87308512e+00 3.82978062e+01 -1.43497432e+01
-1.11465200e+01 4.63455041e+01 -1.68651105e+01
-1.23369668e+01 5.52346480e+01 -1.96319329e+01
-1.12324558e+01 5.44402653e+01 -1.93193582e+01
-7.10799349e+00 3.75268381e+01 -1.39295731e+01
-4.75893654e+00 2.75721158e+01 -1.07643290e+01
-0.00000000e+00 0.00000000e+00 -0.00000000e+00
-0.00000000e+00 0.00000000e+00 -0.00000000e+00
-0.00000000e+00 0.00000000e+00 -0.00000000e+00
-0.00000000e+00 0.00000000e+00 -0.00000000e+00
-0.00000000e+00 0.00000000e+00 -0.00000000e+00
-0.00000000e+00 0.00000000e+00 -0.00000000e+00
-0.00000000e+00 0.00000000e+00 -0.00000000e+00
-0.00000000e+00 0.00000000e+00 -0.00000000e+00
-0.00000000e+00 0.00000000e+00 -0.00000000e+00
-0.00000000e+00 0.00000000e+00 -0.00000000e+00
0.00000000e+00 0.00000000e+00 -0.00000000e+00
0.00000000e+00 0.00000000e+00 -0.00000000e+00
0.00000000e+00 0.00000000e+00 -0.00000000e+00
0.00000000e+00 0.00000000e+00 -0.00000000e+00
0.00000000e+00 0.00000000e+00 -0.00000000e+00
0.00000000e+00 0.00000000e+00 -0.00000000e+00
0.00000000e+00 0.00000000e+00 -0.00000000e+00
0.00000000e+00 0.00000000e+00 -0.00000000e+00
0.00000000e+00 0.00000000e+00 -0.00000000e+00
0.00000000e+00 0.00000000e+00 -0.00000000e+00
4.61294405e+00 2.67262710e+01 -1.04983393e+01
0.00000000e+00 0.00000000e+00 -0.00000000e+00
2.85905924e+00 1.38569825e+01 -6.47833726e+00
0.00000000e+00 0.00000000e+00 -0.00000000e+00
1.24750136e+01 5.18691745e+01 -1.86256200e+01
1.34169753e+01 5.20445953e+01 -1.87489375e+01
1.42623258e+01 5.18193128e+01 -1.87489375e+01
1.58810684e+01 5.42343649e+01 -1.96059262e+01
1.61701815e+01 5.20640261e+01 -1.89878906e+01
1.64864870e+01 5.01836991e+01 -1.84626689e+01
1.66478557e+01 4.80241647e+01 -1.78445868e+01
1.63436018e+01 4.47776433e+01 -1.68651105e+01
1.67156791e+01 4.57970477e+01 -1.79434961e+01
1.75969778e+01 5.07621028e+01 -1.95594440e+01
1.67445456e+01 5.09692114e+01 -1.95346173e+01
1.66333693e+01 5.35553772e+01 -2.03240763e+01
1.59695523e+01 5.45365403e+01 -2.05670014e+01
1.29451437e+01 4.70335946e+01 -1.79533310e+01
1.21778646e+01 4.72380713e+01 -1.79533310e+01
0.00000000e+00 0.00000000e+00 -0.00000000e+00
5.88024254e+00 2.63268218e+01 -1.08678029e+01
0.00000000e+00 0.00000000e+00 -0.00000000e+00
0.00000000e+00 0.00000000e+00 -0.00000000e+00
0.00000000e+00 0.00000000e+00 -0.00000000e+00
0.00000000e+00 0.00000000e+00 -0.00000000e+00
0.00000000e+00 0.00000000e+00 -0.00000000e+00
0.00000000e+00 0.00000000e+00 -0.00000000e+00
3.59405275e+00 3.38418179e+01 -1.31606337e+01
4.16910606e+00 4.64435285e+01 -1.72540201e+01
3.09158330e+00 4.21306506e+01 -1.58288093e+01
2.34797651e+00 4.11682974e+01 -1.55010531e+01
1.68330216e+00 4.13418287e+01 -1.55468290e+01
9.97376626e-01 4.08403117e+01 -1.53767026e+01
3.27228813e-01 4.02049363e+01 -1.51667328e+01
-3.29425555e-01 4.04748389e+01 -1.52544324e+01
-9.52104576e-01 3.89865238e+01 -1.47741908e+01
-1.54279758e+00 3.78910422e+01 -1.44246715e+01
-2.18858231e+00 3.83735557e+01 -1.45915107e+01
-2.78185362e+00 3.79097994e+01 -1.44536841e+01
-3.34126107e+00 3.72213975e+01 -1.42455193e+01
-3.89121252e+00 3.66398922e+01 -1.40748958e+01
-4.53388204e+00 3.69531322e+01 -1.41997596e+01
-5.05969627e+00 3.63353373e+01 -1.40229048e+01
-5.52304206e+00 3.54308024e+01 -1.37541196e+01
-6.00649270e+00 3.48001514e+01 -1.35773681e+01
-6.42633966e+00 3.39280288e+01 -1.33228160e+01
-6.80000749e+00 3.29575489e+01 -1.30370401e+01
-7.22288921e+00 3.23380738e+01 -1.28691039e+01
-7.62235969e+00 3.16925911e+01 -1.26941139e+01
-7.93004572e+00 3.07607349e+01 -1.24244753e+01
-7.95753573e+00 2.89121171e+01 -1.18463603e+01
-8.05762227e+00 2.75170419e+01 -1.14191879e+01
-8.00524624e+00 2.57749332e+01 -1.08723328e+01
-8.12082758e+00 2.47192242e+01 -1.05570071e+01
-8.07057783e+00 2.32812421e+01 -1.01090833e+01
-8.23385091e+00 2.25588241e+01 -9.90571278e+00
-8.16591634e+00 2.23726992e+01 -1.02121871e+01
-7.78427292e+00 2.24553367e+01 -1.01951563e+01
-7.40021971e+00 2.25257449e+01 -1.01760688e+01
-7.20179720e+00 2.31880240e+01 -1.03700835e+01
-6.97217465e+00 2.38102030e+01 -1.05501131e+01
-7.00023541e+00 2.54339576e+01 -1.10839508e+01
-6.75691180e+00 2.62101355e+01 -1.13177168e+01
-6.61972491e+00 2.75237910e+01 -1.17399607e+01
-6.35992229e+00 2.84744277e+01 -1.20349516e+01
-6.13767643e+00 2.97474336e+01 -1.24423684e+01
-5.72663142e+00 3.02339008e+01 -1.25775363e+01
-5.31192466e+00 3.07759938e+01 -1.27338353e+01
-4.90406720e+00 3.14600240e+01 -1.29409194e+01
-4.47132946e+00 3.21100824e+01 -1.31381524e+01
-3.98453985e+00 3.24757518e+01 -1.32399655e+01
-3.48339695e+00 3.27998762e+01 -1.33301070e+01
-2.96315630e+00 3.30093387e+01 -1.33837528e+01
-2.45863491e+00 3.35051261e+01 -1.35378623e+01
-1.90937588e+00 3.34780836e+01 -1.35165303e+01
-1.37064326e+00 3.36629395e+01 -1.35703811e+01
-8.24512728e-01 3.37619269e+01 -1.35979832e+01
-2.78640931e-01 3.42351910e+01 -1.37558973e+01
2.79234146e-01 3.43080763e+01 -1.37806856e+01
8.29830259e-01 3.39796678e+01 -1.36720566e+01
1.38775457e+00 3.40831926e+01 -1.37134230e+01
1.98222206e+00 3.47553339e+01 -1.39516151e+01
2.51358656e+00 3.42539814e+01 -1.37932246e+01
3.02241408e+00 3.36694659e+01 -1.36091576e+01
3.58597300e+00 3.37657384e+01 -1.36604335e+01
4.07229046e+00 3.31909579e+01 -1.34850232e+01
4.53944332e+00 3.25992304e+01 -1.33061114e+01
5.10685937e+00 3.27609537e+01 -1.33886945e+01
5.61496325e+00 3.25317254e+01 -1.33397693e+01
6.11230299e+00 3.22700640e+01 -1.32823256e+01
6.55654736e+00 3.17775724e+01 -1.31473392e+01
7.02006259e+00 3.14299854e+01 -1.30648718e+01
7.48347570e+00 3.11151330e+01 -1.29961655e+01
7.85585788e+00 3.04729594e+01 -1.28148565e+01
8.21182109e+00 2.98360122e+01 -1.26367108e+01
8.66791336e+00 2.96012059e+01 -1.26022695e+01
9.02232149e+00 2.90496666e+01 -1.24574982e+01
9.25230879e+00 2.81633729e+01 -1.21941783e+01
9.54674146e+00 2.75395398e+01 -1.20251838e+01
9.83123527e+00 2.69352833e+01 -1.18640002e+01
1.00556368e+01 2.75500910e+01 -1.25456781e+01
9.68792227e+00 2.79468049e+01 -1.26347082e+01
9.27802258e+00 2.82416439e+01 -1.26873989e+01
9.06228081e+00 2.91783258e+01 -1.29811735e+01
8.57387026e+00 2.92800456e+01 -1.29656491e+01
8.34375511e+00 3.03153681e+01 -1.32972723e+01
7.94388600e+00 3.08144215e+01 -1.34320635e+01
7.53843426e+00 3.13436422e+01 -1.35797397e+01
7.00094167e+00 3.13443778e+01 -1.35368366e+01
6.58273884e+00 3.19045145e+01 -1.37002569e+01
6.10399325e+00 3.22261924e+01 -1.37793857e+01
5.60288809e+00 3.24617649e+01 -1.38300532e+01
5.09623270e+00 3.26927827e+01 -1.38818921e+01
4.58406842e+00 3.29196978e+01 -1.39351047e+01
4.03300168e+00 3.28707370e+01 -1.38924182e+01
3.53810246e+00 3.33149866e+01 -1.40292873e+01
2.98405883e+00 3.32421912e+01 -1.39843370e+01
2.46742428e+00 3.36249035e+01 -1.41049794e+01
1.94063004e+00 3.40260792e+01 -1.42350779e+01
1.39714761e+00 3.43138852e+01 -1.43278167e+01
8.36121292e-01 3.42372713e+01 -1.42941114e+01
2.75931787e-01 3.39023323e+01 -1.41718452e+01
-2.77085770e-01 3.40441163e+01 -1.42222369e+01
-8.28577815e-01 3.39283830e+01 -1.41842998e+01
-1.38143600e+00 3.39280086e+01 -1.41905625e+01
-1.92950701e+00 3.38310534e+01 -1.41656530e+01
-2.43804146e+00 3.32244882e+01 -1.39622891e+01
-2.92872540e+00 3.26257811e+01 -1.37643839e+01
-3.29874831e+00 3.10612134e+01 -1.32237917e+01
-3.63637284e+00 2.96380376e+01 -1.27349013e+01
-3.95249012e+00 2.83841270e+01 -1.23076092e+01
-4.23976767e+00 2.71984839e+01 -1.19056359e+01
-4.61165904e+00 2.67188259e+01 -1.17588333e+01
-4.99450723e+00 2.63686319e+01 -1.16605938e+01
-5.32909654e+00 2.58284950e+01 -1.14953543e+01
-5.73446805e+00 2.56741652e+01 -1.14719876e+01
-6.06101724e+00 2.52007710e+01 -1.13343078e+01
-6.43355940e+00 2.49558479e+01 -1.12818498e+01
-6.67998350e+00 2.42703862e+01 -1.10689976e+01
-6.88009917e+00 2.34957623e+01 -1.08235920e+01
-6.98840187e+00 2.25009433e+01 -1.04962073e+01
-7.22989295e+00 2.20072823e+01 -1.03552025e+01
-7.54175305e+00 2.17557383e+01 -1.03059466e+01
-7.88010191e+00 2.15896346e+01 -1.02906375e+01
-7.83117426e+00 2.14555843e+01 -1.06035919e+01
-7.46501580e+00 2.15343739e+01 -1.05856008e+01
-7.04852666e+00 2.14552161e+01 -1.05083825e+01
-6.74461348e+00 2.17160043e+01 -1.05662064e+01
-6.41342603e+00 2.19020584e+01 -1.05967923e+01
-6.06858160e+00 2.20489795e+01 -1.06142676e+01
-5.72228235e+00 2.21967964e+01 -1.06341675e+01
-5.38322016e+00 2.23825958e+01 -1.06706322e+01
-5.03069249e+00 2.25232453e+01 -1.06919091e+01
-4.70535728e+00 2.28054223e+01 -1.07688843e+01
-4.32742521e+00 2.28467549e+01 -1.07567170e+01
-4.01205385e+00 2.32448599e+01 -1.08811718e+01
-3.64694582e+00 2.33954794e+01 -1.09143499e+01
-3.27853986e+00 2.35442693e+01 -1.09489960e+01
-2.91149432e+00 2.37299589e+01 -1.09996035e+01
-2.54966637e+00 2.40078126e+01 -1.10867264e+01
-2.15855431e+00 2.40461329e+01 -1.10867264e+01
-1.78849683e+00 2.43727979e+01 -1.11963187e+01
-1.39516942e+00 2.44622335e+01 -1.12199264e+01
-9.91202109e-01 2.43438812e+01 -1.11687718e+01
-5.93532999e-01 2.43038307e+01 -1.11491254e+01
-1.99846602e-01 2.45541334e+01 -1.12395670e+01
1.98897492e-01 2.44375211e+01 -1.11963187e+01
6.04103940e-01 2.47366867e+01 -1.13097025e+01
1.00750804e+00 2.47443541e+01 -1.13174144e+01
1.41659025e+00 2.48378162e+01 -1.13594415e+01
1.80705067e+00 2.46256410e+01 -1.12903404e+01
2.18971830e+00 2.43932974e+01 -1.12159937e+01
2.58199508e+00 2.43122217e+01 -1.12002545e+01
2.97479726e+00 2.42459057e+01 -1.11923826e+01
3.36027224e+00 2.41312163e+01 -1.11687718e+01
3.74119235e+00 2.40000792e+01 -1.11412799e+01
4.13854508e+00 2.39777192e+01 -1.11569790e+01
4.53222580e+00 2.39280050e+01 -1.11648396e+01
4.90612835e+00 2.37784981e+01 -1.11373609e+01
5.22027322e+00 2.33720297e+01 -1.10144460e+01
5.62619598e+00 2.33928516e+01 -1.10559800e+01
6.02171323e+00 2.33582921e+01 -1.10790039e+01
6.33641259e+00 2.30220899e+01 -1.09885753e+01
6.65149167e+00 2.27150603e+01 -1.09109633e+01
7.00434503e+00 2.25522764e+01 -1.08909606e+01
7.32805288e+00 2.23060741e+01 -1.08405241e+01
7.66690400e+00 2.21167619e+01 -1.08141949e+01
7.98170134e+00 2.18679933e+01 -1.07664075e+01
7.99334762e+00 2.18999014e+01 -1.07790045e+01
