1.61535641e+01 4.65982788e+01 1.08826104e+01
1.31418822e+01 4.00029588e+01 9.58829036e+00
1.23380097e+01 3.97253708e+01 9.49692659e+00
1.17994545e+01 4.02955205e+01 9.56697215e+00
1.11059761e+01 4.03513466e+01 9.54260848e+00
1.08925282e+01 4.22522371e+01 9.86238166e+00
1.00962017e+01 4.19784429e+01 9.78015427e+00
9.21552201e+00 4.12594216e+01 9.61874495e+00
8.25467164e+00 4.00078595e+01 9.36292640e+00
7.33708258e+00 3.87363199e+01 9.10710786e+00
6.55839526e+00 3.79977400e+01 8.95178946e+00
5.78221040e+00 3.70933902e+01 8.76906192e+00
5.17065505e+00 3.71321686e+01 8.75992555e+00
4.50977200e+00 3.67566248e+01 8.67769816e+00
3.95031652e+00 3.71964190e+01 8.74469825e+00
3.33524480e+00 3.71543766e+01 8.72642550e+00
2.75612356e+00 3.75591623e+01 8.79038014e+00
2.29708565e+00 4.02760014e+01 9.27156264e+00
1.99676706e+00 4.90405130e+01 1.08399740e+01
1.19785758e+00 4.90495523e+01 1.08369285e+01
3.95177622e-01 4.85534603e+01 1.07455647e+01
-3.98354310e-01 4.89437637e+01 1.08156103e+01
-1.20738680e+00 4.94397523e+01 1.09069741e+01
-2.03266793e+00 4.99222369e+01 1.09983378e+01
-2.84498106e+00 4.98825376e+01 1.09983378e+01
-3.65529845e+00 4.98126968e+01 1.09952924e+01
-4.42161270e+00 4.92564334e+01 1.09069741e+01
-5.16721417e+00 4.86548009e+01 1.08125648e+01
-5.89648303e+00 4.80589295e+01 1.07212011e+01
-6.68029584e+00 4.79733939e+01 1.07242465e+01
-7.45765821e+00 4.78415358e+01 1.07212011e+01
-8.45186406e+00 4.89680357e+01 1.09496105e+01
-1.00973518e+01 5.33092339e+01 1.17688389e+01
-1.09397223e+01 5.30214760e+01 1.17475207e+01
-1.15793463e+01 5.18426554e+01 1.15647932e+01
-1.16835407e+01 4.85783527e+01 1.09983378e+01
-1.23583184e+01 4.79380537e+01 1.09161104e+01
-1.31504771e+01 4.77796326e+01 1.09252468e+01
-1.36832217e+01 4.67286468e+01 1.07699284e+01
-1.45829472e+01 4.69535201e+01 1.08552013e+01
-1.53558692e+01 4.67421788e+01 1.08612922e+01
-1.61146556e+01 4.64860395e+01 1.08612922e+01
-1.68691724e+01 4.62175835e+01 1.08612922e+01
-1.70934332e+01 4.68320057e+01 1.02726746e+01
-1.64514578e+01 4.74576145e+01 1.03345690e+01
-1.55175392e+01 4.72342906e+01 1.02501675e+01
-1.47466526e+01 4.74806115e+01 1.02501675e+01
-1.39718588e+01 4.77143521e+01 1.02501675e+01
-1.30579454e+01 4.74434371e+01 1.01657660e+01
-1.21905601e+01 4.72873172e+01 1.01038716e+01
-1.15067607e+01 4.78433289e+01 1.01657660e+01
-1.08228996e+01 4.84559179e+01 1.02389140e+01
-0.00000000e+00 0.00000000e+00 0.00000000e+00
-9.91422670e+00 5.23424199e+01 1.08381646e+01
-9.30107249e+00 5.38881419e+01 1.10716754e+01
-8.44104475e+00 5.41500473e+01 1.10913691e+01
-7.43418767e+00 5.33873383e+01 1.09422598e+01
-6.02355591e+00 4.90946292e+01 1.02079668e+01
-5.22364643e+00 4.91861704e+01 1.02079668e+01
-4.42235292e+00 4.92646794e+01 1.02079668e+01
-3.61864279e+00 4.93131707e+01 1.02051534e+01
-2.79418587e+00 4.89919190e+01 1.01432589e+01
-1.98115139e+00 4.86569929e+01 1.00813645e+01
-8.82000849e-01 3.61159351e+01 8.00227425e+00
-2.94164694e-01 3.61425166e+01 8.00508764e+00
2.94164694e-01 3.61425166e+01 8.00508764e+00
8.73279739e-01 3.57588255e+01 7.94319321e+00
1.47320190e+00 3.61817753e+01 8.01634117e+00
2.06484191e+00 3.62039508e+01 8.02478132e+00
2.65510363e+00 3.61825099e+01 8.02759470e+00
3.25433923e+00 3.62530946e+01 8.04728839e+00
3.84399839e+00 3.61953211e+01 8.04728839e+00
4.44921111e+00 3.62630269e+01 8.06979545e+00
5.04591178e+00 3.62363464e+01 8.07823560e+00
5.63244102e+00 3.61326064e+01 8.07542222e+00
6.23718310e+00 3.61367152e+01 8.09230252e+00
6.91635663e+00 3.65150862e+01 8.17389064e+00
7.97038914e+00 3.86300295e+01 8.55088400e+00
9.18026536e+00 4.11015717e+01 8.99258517e+00
1.11249011e+01 4.62556157e+01 9.89568121e+00
1.16555166e+01 4.52118776e+01 9.74938527e+00
1.11079301e+01 4.03584459e+01 8.95038442e+00
1.16534251e+01 3.97968255e+01 8.88567661e+00
1.20372940e+01 3.87571400e+01 8.73938068e+00
1.27037116e+01 3.86691987e+01 8.75907436e+00
1.34985893e+01 3.89394579e+01 8.84347586e+00
1.44397298e+01 3.95614796e+01 8.99258517e+00
1.44688065e+01 3.96411430e+01 8.41135890e+00
1.41231622e+01 4.07411669e+01 8.55072117e+00
1.31389123e+01 3.99939187e+01 8.39587420e+00
1.22232651e+01 3.93559216e+01 8.26167350e+00
1.12984038e+01 3.85844164e+01 8.10940731e+00
1.05286352e+01 3.82536936e+01 8.02940304e+00
9.90884199e+00 3.84365075e+01 8.03198383e+00
9.33770813e+00 3.88247443e+01 8.06811479e+00
8.89775459e+00 3.98367241e+01 8.20231549e+00
8.43072474e+00 4.08611349e+01 8.33909698e+00
8.91930468e+00 4.70897030e+01 9.27850192e+00
8.45898815e+00 4.90093109e+01 9.55206490e+00
5.60164268e+00 3.59350323e+01 7.52873118e+00
4.99952949e+00 3.59032599e+01 7.51066570e+00
4.41239512e+00 3.59629604e+01 7.50808491e+00
3.81384063e+00 3.59113538e+01 7.49001944e+00
3.22880759e+00 3.59686741e+01 7.49001944e+00
2.60673927e+00 3.55234230e+01 7.41517673e+00
2.02138571e+00 3.54420104e+01 7.39711125e+00
1.44353608e+00 3.54531841e+01 7.39453047e+00
8.63777527e-01 3.53697314e+01 7.37904577e+00
2.87812531e-01 3.53620588e+01 7.37646499e+00
-2.87812531e-01 3.53620588e+01 7.37646499e+00
-8.63361336e-01 3.53526894e+01 7.37646499e+00
-1.43868139e+00 3.53339530e+01 7.37646499e+00
-2.03497525e+00 3.56802831e+01 7.43324221e+00
-2.57804496e+00 3.51323904e+01 7.35581873e+00
-3.19527640e+00 3.55951392e+01 7.43324221e+00
-3.77423387e+00 3.55384142e+01 7.43324221e+00
-4.35219133e+00 3.54722730e+01 7.43324221e+00
-4.98307159e+00 3.57850703e+01 7.49260022e+00
-5.56225808e+00 3.56823766e+01 7.49001944e+00
-6.14522139e+00 3.56039115e+01 7.49260022e+00
-6.72393084e+00 3.54991692e+01 7.49260022e+00
-7.40420014e+00 3.58858852e+01 7.57002370e+00
-7.98361647e+00 3.57439760e+01 7.56744292e+00
-8.56436220e+00 3.56092917e+01 7.56744292e+00
-9.27050595e+00 3.59603949e+01 7.64486640e+00
-9.85912754e+00 3.58211712e+01 7.64744719e+00
-1.04744157e+01 3.57704701e+01 7.66551267e+00
-1.14749346e+01 3.69464803e+01 7.87971764e+00
-1.22290885e+01 3.72244796e+01 7.95456034e+00
-1.31181292e+01 3.78419426e+01 8.08618026e+00
-1.72276213e+01 4.71996497e+01 9.62948839e+00
-1.72711106e+01 4.73188000e+01 8.94230490e+00
-1.65042107e+01 4.76097911e+01 8.94465260e+00
-1.29389095e+01 3.93851246e+01 7.71680506e+00
-1.16121785e+01 3.73883723e+01 7.39986545e+00
-1.06132639e+01 3.62446412e+01 7.20970168e+00
-9.88139357e+00 3.59020704e+01 7.13692295e+00
-9.20190033e+00 3.56942730e+01 7.08527353e+00
-8.49986120e+00 3.53411065e+01 7.01484251e+00
-7.92721260e+00 3.54914465e+01 7.01719021e+00
-7.34156641e+00 3.55823188e+01 7.01249481e+00
-6.67241616e+00 3.52271961e+01 6.94675918e+00
-6.09523525e+00 3.53143040e+01 6.94441148e+00
-5.49857153e+00 3.52738218e+01 6.92562987e+00
-4.87186544e+00 3.49864625e+01 6.87398046e+00
-4.30174665e+00 3.50611267e+01 6.87398046e+00
-3.73048809e+00 3.51265013e+01 6.87398046e+00
-3.15976826e+00 3.51995811e+01 6.87632816e+00
-2.58515733e+00 3.52293144e+01 6.87398046e+00
-2.01138859e+00 3.52667258e+01 6.87398046e+00
-1.43708692e+00 3.52947930e+01 6.87398046e+00
-8.51562173e-01 3.48695404e+01 6.81294023e+00
-2.84435195e-01 3.49471027e+01 6.82233104e+00
2.84296179e-01 3.49300224e+01 6.81998334e+00
8.53230222e-01 3.49378432e+01 6.82233104e+00
1.42179918e+00 3.49193267e+01 6.82233104e+00
1.99777221e+00 3.50279827e+01 6.84111264e+00
2.56640670e+00 3.49737896e+01 6.83876494e+00
3.13686095e+00 3.49443954e+01 6.84111264e+00
3.71786106e+00 3.50076043e+01 6.85754655e+00
4.34958876e+00 3.54510610e+01 6.92797758e+00
4.92604816e+00 3.53755664e+01 6.92797758e+00
5.52224895e+00 3.54257145e+01 6.94675918e+00
6.09523525e+00 3.53143040e+01 6.94441148e+00
6.76777925e+00 3.57306681e+01 7.01719021e+00
7.36917853e+00 3.57161462e+01 7.03127641e+00
8.86921912e+00 3.97089661e+01 7.61115852e+00
9.13094326e+00 3.79650480e+01 7.38577924e+00
9.39377927e+00 3.64385735e+01 7.19092007e+00
1.00173725e+01 3.63961229e+01 7.20735398e+00
1.08964691e+01 3.72117961e+01 7.34821603e+00
1.18046969e+01 3.80082341e+01 7.48907808e+00
1.29762273e+01 3.94987173e+01 7.73323897e+00
1.39251272e+01 4.01698942e+01 7.86236251e+00
1.49109461e+01 4.08525019e+01 7.99618146e+00
1.46419218e+01 4.01154382e+01 7.29150077e+00
1.39646064e+01 4.02837802e+01 7.28304405e+00
1.32856963e+01 4.04407189e+01 7.27458732e+00
1.26256841e+01 4.06516122e+01 7.27458732e+00
1.19238575e+01 4.07203609e+01 7.25767388e+00
1.07826985e+01 3.91767820e+01 7.03568489e+00
9.46013764e+00 3.66959783e+01 6.69741594e+00
8.72954185e+00 3.62960831e+01 6.62764798e+00
8.22338510e+00 3.68174600e+01 6.67627414e+00
7.51928905e+00 3.64436858e+01 6.61284871e+00
6.80409162e+00 3.59223801e+01 6.53250984e+00
6.13117200e+00 3.55225128e+01 6.46908441e+00
5.53371249e+00 3.54992541e+01 6.45428514e+00
4.95515933e+00 3.55846233e+01 6.45428514e+00
4.31486299e+00 3.51680306e+01 6.39297390e+00
3.72740598e+00 3.50974799e+01 6.37606045e+00
3.15563178e+00 3.51535011e+01 6.37606045e+00
2.54545331e+00 3.46882467e+01 6.31263503e+00
1.97952244e+00 3.47080000e+01 6.31052084e+00
1.41014253e+00 3.46330399e+01 6.29783576e+00
8.55425632e-01 3.50277403e+01 6.34434774e+00
2.85167063e-01 3.50370236e+01 6.34434774e+00
-2.85167063e-01 3.50370236e+01 6.34434774e+00
-8.55425632e-01 3.50277403e+01 6.34434774e+00
-1.42058459e+00 3.48894964e+01 6.32954847e+00
-1.98926578e+00 3.48788350e+01 6.33166265e+00
-2.55547149e+00 3.48247697e+01 6.32954847e+00
-3.12197445e+00 3.47785609e+01 6.32954847e+00
-3.68765021e+00 3.47231372e+01 6.32954847e+00
-4.25234891e+00 3.46585134e+01 6.32954847e+00
-4.81592091e+00 3.45847065e+01 6.32954847e+00
-5.37821691e+00 3.45017362e+01 6.32954847e+00
-5.93908790e+00 3.44096245e+01 6.32954847e+00
-6.59391852e+00 3.48127658e+01 6.39297390e+00
-7.15969108e+00 3.47008249e+01 6.39297390e+00
-7.71983664e+00 3.45629899e+01 6.39085972e+00
-8.40143393e+00 3.49318612e+01 6.45428514e+00
-8.96890554e+00 3.47904836e+01 6.45428514e+00
-9.67476307e+00 3.51513197e+01 6.51982475e+00
-1.02408295e+01 3.49727655e+01 6.51771057e+00
-1.10726393e+01 3.56511880e+01 6.62764798e+00
-1.23724497e+01 3.76608609e+01 6.91306239e+00
-1.35666853e+01 3.91358950e+01 7.13293721e+00
-1.82794220e+01 5.00813372e+01 8.60229291e+00
-1.83121263e+01 5.01709395e+01 7.87142511e+00
-1.74930698e+01 5.04623587e+01 7.87142511e+00
-1.66693784e+01 5.07404076e+01 7.87142511e+00
-1.58819375e+01 5.11359509e+01 7.88646724e+00
-1.49270875e+01 5.09764891e+01 7.83946058e+00
-9.69294388e+00 3.52173761e+01 6.01936264e+00
-8.99007602e+00 3.48726041e+01 5.96295464e+00
-8.42126493e+00 3.50143154e+01 5.96295464e+00
-7.73814450e+00 3.46449573e+01 5.90654665e+00
-7.17666785e+00 3.47831061e+01 5.90842692e+00
-6.52343678e+00 3.44406555e+01 5.85765972e+00
-5.95323826e+00 3.44916082e+01 5.85201892e+00
-5.39103094e+00 3.45839394e+01 5.85201892e+00
-4.75648316e+00 3.41578646e+01 5.79561093e+00
-4.19986672e+00 3.42307605e+01 5.79561093e+00
-3.64213749e+00 3.42945867e+01 5.79561093e+00
-3.08344326e+00 3.43493263e+01 5.79561093e+00
-2.52393204e+00 3.43949649e+01 5.79561093e+00
-1.96375209e+00 3.44314902e+01 5.79561093e+00
-1.40305184e+00 3.44588927e+01 5.79561093e+00
-8.41561406e-01 3.44600317e+01 5.79373066e+00
-2.80963705e-01 3.45205784e+01 5.79937146e+00
2.81661137e-01 3.46062683e+01 5.80877279e+00
8.44908783e-01 3.45970992e+01 5.80877279e+00
1.40793257e+00 3.45787632e+01 5.80877279e+00
1.97839040e+00 3.46881513e+01 5.82381492e+00
2.54149181e+00 3.46342611e+01 5.82193466e+00
3.10642803e+00 3.46053750e+01 5.82381492e+00
3.68195664e+00 3.46695262e+01 5.83697679e+00
4.24578347e+00 3.46050022e+01 5.83697679e+00
4.82503150e+00 3.46501326e+01 5.85013866e+00
5.46758282e+00 3.50750265e+01 5.90654665e+00
6.04068841e+00 3.49982730e+01 5.90842692e+00
6.63188038e+00 3.50131864e+01 5.92158878e+00
7.20091015e+00 3.49006010e+01 5.92158878e+00
7.90626160e+00 3.53976454e+01 5.99115864e+00
8.59760353e+00 3.57475040e+01 6.04568637e+00
9.21255249e+00 3.57355928e+01 6.06072850e+00
9.79299896e+00 3.55809062e+01 6.06072850e+00
1.04093812e+01 3.55483753e+01 6.07577063e+00
1.25726431e+01 4.04808330e+01 6.66241377e+00
1.32352317e+01 4.02871082e+01 6.66429404e+00
1.33166574e+01 3.84146379e+01 6.47250686e+00
1.36522287e+01 3.74039109e+01 6.38037380e+00
1.35101835e+01 3.70147403e+01 5.78818989e+00
1.29115275e+01 3.72459574e+01 5.78983589e+00
1.23035659e+01 3.74511835e+01 5.78983589e+00
1.16516201e+01 3.75153643e+01 5.77666788e+00
1.14011717e+01 3.89353719e+01 5.90011797e+00
1.11393683e+01 4.04726704e+01 6.03509008e+00
9.13381700e+00 3.54301770e+01 5.51824568e+00
8.52380466e+00 3.54406597e+01 5.50507767e+00
7.94955030e+00 3.55914561e+01 5.50672367e+00
7.24085841e+00 3.50942180e+01 5.44582163e+00
6.66867186e+00 3.52074280e+01 5.44582163e+00
6.07136558e+00 3.51760090e+01 5.43265362e+00
5.42134319e+00 3.47783951e+01 5.38491958e+00
4.83560185e+00 3.47260418e+01 5.37175157e+00
4.26972673e+00 3.48001503e+01 5.37175157e+00
3.69003278e+00 3.47455716e+01 5.36022956e+00
3.07642293e+00 3.42711204e+01 5.30920352e+00
2.52069766e+00 3.43508882e+01 5.31249552e+00
1.95244025e+00 3.42331537e+01 5.29768151e+00
1.39566803e+00 3.42775468e+01 5.29932751e+00
8.37129752e-01 3.42785655e+01 5.29768151e+00
2.78229804e-01 3.41846779e+01 5.28780551e+00
-2.78090121e-01 3.41675158e+01 5.28615950e+00
-8.34196682e-01 3.41584629e+01 5.28615950e+00
-1.39078044e+00 3.41575078e+01 5.28780551e+00
-1.93778137e+00 3.39761320e+01 5.27299149e+00
-2.42523928e+00 3.30500261e+01 5.18739943e+00
-3.00890619e+00 3.35189890e+01 5.23677947e+00
-3.55409493e+00 3.34655726e+01 5.23677947e+00
-4.09834199e+00 3.34032893e+01 5.23677947e+00
-4.64150316e+00 3.33321555e+01 5.23677947e+00
-5.32089287e+00 3.41339975e+01 5.32237153e+00
-5.87578579e+00 3.40428675e+01 5.32237153e+00
-6.42912188e+00 3.39427176e+01 5.32237153e+00
-6.98422258e+00 3.38503829e+01 5.32401753e+00
-7.64651431e+00 3.42347137e+01 5.37339757e+00
-8.20273849e+00 3.41057163e+01 5.37339757e+00
-8.75250489e+00 3.39510631e+01 5.37175157e+00
-9.44059606e+00 3.43005207e+01 5.42113161e+00
-1.01423463e+01 3.46364422e+01 5.47051165e+00
-1.58004140e+01 5.08734653e+01 7.11815891e+00
-1.65781764e+01 5.04627954e+01 7.10334489e+00
-1.70600805e+01 4.92133121e+01 7.00458482e+00
-1.81648601e+01 4.97674647e+01 7.09017688e+00
-1.35890555e+01 3.72308312e+01 5.26215667e+00
-1.23508937e+01 3.56286939e+01 5.10407663e+00
-1.14904456e+01 3.49761028e+01 5.03068233e+00
-1.07820067e+01 3.47154221e+01 4.99257374e+00
-1.00513322e+01 3.43256262e+01 4.94458516e+00
-9.46392431e+00 3.43852792e+01 4.93611659e+00
-8.77000445e+00 3.40189441e+01 4.89236229e+00
-8.21913571e+00 3.41738934e+01 4.89377372e+00
-7.54942754e+00 3.38000401e+01 4.85143085e+00
-6.99479312e+00 3.39016151e+01 4.85001942e+00
-6.44524900e+00 3.40278611e+01 4.85143085e+00
-5.71516572e+00 3.31122740e+01 4.76674511e+00
-5.17544131e+00 3.32009129e+01 4.76674511e+00
-4.57983708e+00 3.28893112e+01 4.73428224e+00
-4.09202206e+00 3.33517791e+01 4.76674511e+00
-3.54861427e+00 3.34139664e+01 4.76674511e+00
-3.00580259e+00 3.34844151e+01 4.76815654e+00
-2.46289490e+00 3.35631793e+01 4.77097940e+00
-1.91724043e+00 3.36159770e+01 4.77239083e+00
-1.36912134e+00 3.36255612e+01 4.77097940e+00
-8.11129936e-01 3.32139319e+01 4.73569367e+00
-2.66204957e-01 3.27072463e+01 4.69335080e+00
2.70260674e-01 3.32055516e+01 4.73428224e+00
8.13647055e-01 3.33170023e+01 4.74416225e+00
1.39288993e+00 3.42093168e+01 4.81896798e+00
1.95050765e+00 3.41992684e+01 4.82037941e+00
2.51068216e+00 3.42144017e+01 4.82461370e+00
3.07186513e+00 3.42203468e+01 4.82884798e+00
3.64479389e+00 3.43195995e+01 4.84155084e+00
4.20292990e+00 3.42557267e+01 4.84155084e+00
4.75995231e+00 3.41827776e+01 4.84155084e+00
5.33424005e+00 3.42196208e+01 4.85143085e+00
5.97820448e+00 3.46362564e+01 4.89377372e+00
6.56357077e+00 3.46525440e+01 4.90365372e+00
7.12673943e+00 3.45411183e+01 4.90365372e+00
7.71798570e+00 3.45547030e+01 4.91494515e+00
8.31155454e+00 3.45581566e+01 4.92623658e+00
8.99306460e+00 3.48841969e+01 4.96575659e+00
9.70103861e+00 3.52467867e+01 5.00951089e+00
1.03024378e+01 3.51831600e+01 5.01797946e+00
1.10725208e+01 3.56508063e+01 5.07302519e+00
1.19463152e+01 3.63637377e+01 5.15065379e+00
1.25591365e+01 3.62294132e+01 5.15629950e+00
1.38070487e+01 3.78280814e+01 5.31437955e+00
1.39603996e+01 3.82482270e+01 4.78974671e+00
1.34655666e+01 3.88441970e+01 4.81680835e+00
1.27080372e+01 3.86823656e+01 4.78974671e+00
1.13930568e+01 3.66828540e+01 4.63208320e+00
1.05237624e+01 3.59389908e+01 4.56619397e+00
9.78675946e+00 3.55582363e+01 4.52736639e+00
9.04780368e+00 3.50965304e+01 4.48383244e+00
8.44316136e+00 3.51053573e+01 4.47441969e+00
7.87063421e+00 3.52381357e+01 4.47441969e+00
7.16741548e+00 3.47382627e+01 4.43088574e+00
6.60103253e+00 3.48503244e+01 4.43088574e+00
5.91879987e+00 3.42920806e+01 4.38499860e+00
5.36249419e+00 3.44008736e+01 4.38617519e+00
4.78523539e+00 3.43643437e+01 4.37793904e+00
4.22525429e+00 3.44376803e+01 4.37793904e+00
3.55334250e+00 3.34584877e+01 4.30616685e+00
3.00980710e+00 3.35290251e+01 4.30734344e+00
2.45484568e+00 3.34534883e+01 4.29910729e+00
1.90999927e+00 3.34890139e+01 4.29910729e+00
1.35904842e+00 3.33781707e+01 4.28969454e+00
8.15993066e-01 3.34130661e+01 4.29087113e+00
2.72021713e-01 3.34219214e+01 4.29087113e+00
-2.67681832e-01 3.28887024e+01 4.25439674e+00
-8.12633455e-01 3.32754976e+01 4.28145839e+00
-1.35414985e+00 3.32578621e+01 4.28145839e+00
-1.89530746e+00 3.32314147e+01 4.28145839e+00
-2.46743421e+00 3.36250389e+01 4.31087322e+00
-3.01442086e+00 3.35804220e+01 4.31087322e+00
-3.56060881e+00 3.35269077e+01 4.31087322e+00
-4.10585335e+00 3.34645102e+01 4.31087322e+00
-4.65238239e+00 3.34102828e+01 4.31204981e+00
-5.19558400e+00 3.33301300e+01 4.31204981e+00
-5.72570636e+00 3.31733439e+01 4.30734344e+00
-6.26490913e+00 3.30757521e+01 4.30734344e+00
-6.83025871e+00 3.31041673e+01 4.31675619e+00
-7.36443958e+00 3.29718183e+01 4.31557959e+00
-8.12539624e+00 3.37841392e+01 4.38146882e+00
-8.66563494e+00 3.36140936e+01 4.37911563e+00
-9.34399513e+00 3.39495405e+01 4.41323684e+00
-9.92919013e+00 3.39085070e+01 4.42147299e+00
-1.06277597e+01 3.42187846e+01 4.45559420e+00
-1.11886983e+01 3.40576056e+01 4.45677079e+00
-1.17528384e+01 3.39034804e+01 4.45912398e+00
-1.24682646e+01 3.41601264e+01 4.49206859e+00
-1.24881385e+01 3.42145763e+01 3.99495965e+00
-1.17942456e+01 3.40229279e+01 3.97236274e+00
-1.12442664e+01 3.42267508e+01 3.97330427e+00
-1.04967371e+01 3.37969240e+01 3.93846736e+00
-9.94523526e+00 3.39633017e+01 3.93846736e+00
-9.39109831e+00 3.41206805e+01 3.93846736e+00
-8.70984151e+00 3.37855714e+01 3.91116275e+00
-8.12655533e+00 3.37889585e+01 3.90363045e+00
-7.48918400e+00 3.35303198e+01 3.88197507e+00
-6.83805707e+00 3.31419636e+01 3.85372892e+00
-6.27527358e+00 3.31304715e+01 3.84713816e+00
-5.74396313e+00 3.32791192e+01 3.84996277e+00
-5.20151918e+00 3.33682047e+01 3.84996277e+00
-4.66007141e+00 3.34655002e+01 3.85090431e+00
-4.11473734e+00 3.35369186e+01 3.85090431e+00
-3.56649492e+00 3.35823317e+01 3.84996277e+00
-3.01324721e+00 3.35673476e+01 3.84619662e+00
-2.47277309e+00 3.36977946e+01 3.85090431e+00
-1.92296746e+00 3.37163919e+01 3.84996277e+00
-1.37461261e+00 3.37604267e+01 3.85090431e+00
-8.13985362e-01 3.33308551e+01 3.82642432e+00
-2.67149002e-01 3.28232363e+01 3.79817817e+00
2.68129800e-01 3.29437419e+01 3.80476894e+00
8.13985362e-01 3.33308551e+01 3.82642432e+00
1.36130532e+00 3.34336001e+01 3.83301508e+00
1.90630274e+00 3.34242007e+01 3.83395662e+00
2.44883477e+00 3.33715744e+01 3.83301508e+00
2.95783558e+00 3.29500663e+01 3.81230124e+00
3.54831388e+00 3.34111379e+01 3.84054739e+00
4.10635128e+00 3.34685685e+01 3.84713816e+00
4.65294830e+00 3.34143468e+01 3.84807969e+00
5.21212556e+00 3.34362456e+01 3.85372892e+00
5.90793783e+00 3.42291486e+01 3.90268891e+00
6.49313656e+00 3.42806848e+01 3.91116275e+00
7.04330428e+00 3.41367337e+01 3.90927968e+00
7.62803550e+00 3.41519810e+01 3.91681198e+00
8.21512130e+00 3.41572021e+01 3.92434429e+00
8.89893776e+00 3.45190778e+01 3.95259043e+00
9.62408770e+00 3.49672009e+01 3.98648581e+00
1.01968106e+01 3.48224395e+01 3.98742735e+00
1.08184323e+01 3.48327035e+01 3.99778427e+00
1.15236730e+01 3.50772447e+01 4.02226426e+00
1.36155497e+01 3.92768542e+01 4.27647957e+00
1.42412484e+01 3.90176869e+01 4.27459650e+00
1.39173565e+01 3.81302990e+01 3.66591285e+00
1.28321906e+01 3.70170938e+01 3.60799564e+00
1.19429988e+01 3.63536427e+01 3.57056135e+00
1.22694194e+01 3.95045270e+01 3.69769668e+00
1.02450527e+01 3.49871880e+01 3.49639907e+00
9.67878170e+00 3.51659206e+01 3.49710538e+00
8.94168791e+00 3.46849061e+01 3.47026570e+00
8.37996674e+00 3.48426039e+01 3.47097201e+00
7.66902732e+00 3.43355082e+01 3.44413233e+00
7.10913354e+00 3.44557880e+01 3.44413233e+00
6.52491440e+00 3.44484567e+01 3.43918817e+00
5.93989345e+00 3.44142916e+01 3.43353771e+00
5.30199982e+00 3.40127969e+01 3.41305480e+00
4.72866499e+00 3.39580932e+01 3.40740434e+00
4.11236735e+00 3.35176021e+01 3.38621512e+00
3.51349827e+00 3.30833120e+01 3.36573221e+00
3.00842175e+00 3.35135924e+01 3.38127097e+00
2.46252369e+00 3.35581205e+01 3.38127097e+00
1.90812581e+00 3.34561656e+01 3.37562051e+00
1.36330824e+00 3.34827918e+01 3.37562051e+00
8.18550040e-01 3.35177684e+01 3.37632682e+00
2.71752469e-01 3.33888408e+01 3.37067636e+00
-2.71752469e-01 3.33888408e+01 3.37067636e+00
-8.15605985e-01 3.33972160e+01 3.37138266e+00
-1.35770151e+00 3.33450907e+01 3.36997005e+00
-1.90027846e+00 3.33185739e+01 3.36997005e+00
-2.43352677e+00 3.31629642e+01 3.36502590e+00
-2.97453695e+00 3.31361183e+01 3.36573221e+00
-3.51167898e+00 3.30661815e+01 3.36502590e+00
-4.04943078e+00 3.30046414e+01 3.36502590e+00
-4.64788364e+00 3.33779758e+01 3.38338989e+00
-5.19055998e+00 3.32979005e+01 3.38338989e+00
-5.73772112e+00 3.32429545e+01 3.38480250e+00
-6.29408515e+00 3.32297876e+01 3.38833404e+00
-6.83761239e+00 3.31398083e+01 3.38904035e+00
-7.37612200e+00 3.30241225e+01 3.38904035e+00
-7.80793995e+00 3.24642051e+01 3.37067636e+00
-8.55894772e+00 3.32002527e+01 3.40740434e+00
-9.13478439e+00 3.31894150e+01 3.41305480e+00
-9.81419045e+00 3.35157794e+01 3.43353771e+00
-1.03584254e+01 3.33515940e+01 3.43353771e+00
-1.10612173e+01 3.36695623e+01 3.45472694e+00
-1.16247173e+01 3.35338887e+01 3.45684586e+00
-1.21926335e+01 3.34049617e+01 3.45967109e+00
-1.22136076e+01 3.34624259e+01 2.97410953e+00
-1.16673229e+01 3.36567933e+01 2.97410953e+00
-1.10749131e+01 3.37112512e+01 2.97034197e+00
-1.03713692e+01 3.33932700e+01 2.95621363e+00
-9.82645421e+00 3.35576605e+01 2.95621363e+00
-9.14630296e+00 3.32312655e+01 2.94255623e+00
-8.60418718e+00 3.33757371e+01 2.94255623e+00
-8.02754976e+00 3.33773087e+01 2.93878867e+00
-7.28784370e+00 3.26288859e+01 2.91429954e+00
-6.84632833e+00 3.31820518e+01 2.92654410e+00
-6.30211084e+00 3.32721595e+01 2.92607316e+00
-5.75970623e+00 3.33703309e+01 2.92607316e+00
-5.19719356e+00 3.33404555e+01 2.92277654e+00
-4.59439789e+00 3.29938771e+01 2.91100292e+00
-4.05465024e+00 3.30471823e+01 2.91053198e+00
-3.51802546e+00 3.31259403e+01 2.91100292e+00
-2.97682874e+00 3.31616486e+01 2.91053198e+00
-2.43666344e+00 3.32057092e+01 2.91053198e+00
-1.89585252e+00 3.32409716e+01 2.91053198e+00
-1.35453929e+00 3.32674266e+01 2.91053198e+00
-8.13287932e-01 3.33022970e+01 2.91100292e+00
-2.72101819e-01 3.34317636e+01 2.91429954e+00
2.71961548e-01 3.34145292e+01 2.91382859e+00
8.16233362e-01 3.34229056e+01 2.91429954e+00
1.36014864e+00 3.34051920e+01 2.91429954e+00
1.91057317e+00 3.34990763e+01 2.91759615e+00
2.45684462e+00 3.34807288e+01 2.91806710e+00
2.99994280e+00 3.34191375e+01 2.91759615e+00
3.54896787e+00 3.34172959e+01 2.91900899e+00
4.10712186e+00 3.34748491e+01 2.92230560e+00
4.65382367e+00 3.34206331e+01 2.92277654e+00
5.21046640e+00 3.34256019e+01 2.92513127e+00
5.83885406e+00 3.38288941e+01 2.93878867e+00
6.41437187e+00 3.38648445e+01 2.94255623e+00
6.98911759e+00 3.38741075e+01 2.94585284e+00
7.53955929e+00 3.37558583e+01 2.94585284e+00
8.11621500e+00 3.37459650e+01 2.94914945e+00
8.79779782e+00 3.41267549e+01 2.96374874e+00
9.38412702e+00 3.40953517e+01 2.96704536e+00
1.00831549e+01 3.44343016e+01 2.98117370e+00
1.06832009e+01 3.43972916e+01 2.98494126e+00
1.12793236e+01 3.43334626e+01 2.98823787e+00
1.21753758e+01 3.51223763e+01 3.01649456e+00
1.27868138e+01 3.50328767e+01 3.01979118e+00
1.27997632e+01 3.50683548e+01 2.51012974e+00
1.22442010e+01 3.53209167e+01 2.51083623e+00
1.16515194e+01 3.54664002e+01 2.51012974e+00
1.07198642e+01 3.45153385e+01 2.49388063e+00
1.01663287e+01 3.47183428e+01 2.49435162e+00
9.46262806e+00 3.43805695e+01 2.48728679e+00
8.86733389e+00 3.43964860e+01 2.48540283e+00
8.27806925e+00 3.44189299e+01 2.48375437e+00
7.57393289e+00 3.39097547e+01 2.47480559e+00
7.02098168e+00 3.40285430e+01 2.47480559e+00
6.45654513e+00 3.40874994e+01 2.47409910e+00
5.86566214e+00 3.39842135e+01 2.47127317e+00
5.15506192e+00 3.30701773e+01 2.45737900e+00
4.61609692e+00 3.31497049e+01 2.45737900e+00
4.13049461e+00 3.36653473e+01 2.46350186e+00
3.56559192e+00 3.35738290e+01 2.46138241e+00
3.02018094e+00 3.36445889e+01 2.46161790e+00
2.46205568e+00 3.35517427e+01 2.45973395e+00
1.91266407e+00 3.35357373e+01 2.45902746e+00
1.36725208e+00 3.35796523e+01 2.45926296e+00
8.17129035e-01 3.34595814e+01 2.45737900e+00
2.68191097e-01 3.29512731e+01 2.45031417e+00
-2.68050787e-01 3.29340339e+01 2.45007868e+00
-8.04502231e-01 3.29425424e+01 2.45031417e+00
-1.36164116e+00 3.34418484e+01 2.45737900e+00
-1.89793930e+00 3.32775602e+01 2.45549505e+00
-2.43934550e+00 3.32422590e+01 2.45549505e+00
-2.98010537e+00 3.31981500e+01 2.45549505e+00
-3.51825498e+00 3.31281015e+01 2.45525955e+00
-4.05911324e+00 3.30835577e+01 2.45549505e+00
-4.59707535e+00 3.30131048e+01 2.45549505e+00
-5.13381943e+00 3.29339048e+01 2.45549505e+00
-5.66920327e+00 3.28459788e+01 2.45549505e+00
-6.20629337e+00 3.27662886e+01 2.45573054e+00
-6.73532321e+00 3.26440440e+01 2.45549505e+00
-7.26201883e+00 3.25132636e+01 2.45525955e+00
-7.92734041e+00 3.29606537e+01 2.46326636e+00
-8.35089432e+00 3.23932112e+01 2.45714351e+00
-8.87705111e+00 3.22529926e+01 2.45714351e+00
-9.69154174e+00 3.30969301e+01 2.47127317e+00
-1.02289753e+01 3.29347966e+01 2.47127317e+00
-1.07636987e+01 3.27639368e+01 2.47127317e+00
-1.14649685e+01 3.30730603e+01 2.47833800e+00
-1.20431556e+01 3.29954272e+01 2.47998646e+00
-1.20595579e+01 3.30403656e+01 2.00000000e+00
-1.15201634e+01 3.32322814e+01 2.00000000e+00
-1.09777166e+01 3.34153921e+01 2.00000000e+00
-1.02789441e+01 3.30956838e+01 2.00000000e+00
-9.70496862e+00 3.31427833e+01 2.00000000e+00
-8.92630622e+00 3.24319512e+01 2.00000000e+00
-8.36279748e+00 3.24393838e+01 2.00000000e+00
-7.83367493e+00 3.25712072e+01 2.00000000e+00
-7.30247679e+00 3.26944006e+01 2.00000000e+00
-6.76934381e+00 3.28089315e+01 2.00000000e+00
-6.21195666e+00 3.27961881e+01 2.00000000e+00
-5.67437886e+00 3.28759649e+01 2.00000000e+00
-5.13850625e+00 3.29639712e+01 2.00000000e+00
-4.60127216e+00 3.30432435e+01 2.00000000e+00
-4.06281893e+00 3.31137607e+01 2.00000000e+00
-3.52328922e+00 3.31755042e+01 2.00000000e+00
-2.97665995e+00 3.31597683e+01 2.00000000e+00
-2.40498041e+00 3.27739477e+01 2.00000000e+00
-1.87120146e+00 3.28087516e+01 2.00000000e+00
-1.33692672e+00 3.28348626e+01 2.00000000e+00
-8.05244276e-01 3.29729275e+01 2.00000000e+00
-2.68438467e-01 3.29816662e+01 2.00000000e+00
2.68438467e-01 3.29816662e+01 2.00000000e+00
8.05665209e-01 3.29901637e+01 2.00000000e+00
1.34183673e+00 3.29554524e+01 2.00000000e+00
1.88494585e+00 3.30497393e+01 2.00000000e+00
2.46049937e+00 3.35305341e+01 2.00000000e+00
3.00594868e+00 3.34860425e+01 2.00000000e+00
3.55788483e+00 3.35012585e+01 2.00000000e+00
4.11740978e+00 3.35587001e+01 2.00000000e+00
4.66309804e+00 3.34872354e+01 2.00000000e+00
5.22879525e+00 3.35431831e+01 2.00000000e+00
5.69783882e+00 3.30118862e+01 2.00000000e+00
6.26008649e+00 3.30502908e+01 2.00000000e+00
6.97489774e+00 3.38051883e+01 2.00000000e+00
7.55052799e+00 3.38049670e+01 2.00000000e+00
8.13202385e+00 3.38116958e+01 2.00000000e+00
8.68129826e+00 3.36748518e+01 2.00000000e+00
9.40213188e+00 3.41607687e+01 2.00000000e+00
9.99083639e+00 3.41190310e+01 2.00000000e+00
1.05499809e+01 3.39683560e+01 2.00000000e+00
1.11391536e+01 3.39067949e+01 2.00000000e+00
1.18985217e+01 3.43237338e+01 2.00000000e+00
1.26329780e+01 3.46114026e+01 2.00000000e+00
1.26411658e+01 3.46338353e+01 1.49656195e+00
1.20757575e+01 3.48350069e+01 1.49656195e+00
1.15071496e+01 3.50269486e+01 1.49656195e+00
1.07411826e+01 3.45839786e+01 1.50551074e+00
1.00363393e+01 3.42744250e+01 1.51234008e+00
9.44510241e+00 3.43168936e+01 1.51398854e+00
8.87666900e+00 3.44326970e+01 1.51445952e+00
8.16587274e+00 3.39524342e+01 1.52317282e+00
7.58584240e+00 3.39630755e+01 1.52482128e+00
7.00763623e+00 3.39638617e+01 1.52646974e+00
6.45387934e+00 3.40734252e+01 1.52646974e+00
5.72247912e+00 3.31546461e+01 1.54059940e+00
5.10506004e+00 3.27494108e+01 1.54742874e+00
4.68307451e+00 3.36306930e+01 1.53636050e+00
4.12035238e+00 3.35826837e+01 1.53800896e+00
3.57318241e+00 3.36453015e+01 1.53800896e+00
3.57318241e+00 3.36453015e+01 1.53800896e+00
3.01273476e+00 3.35616390e+01 1.53989292e+00
2.46605407e+00 3.36062309e+01 1.53989292e+00
1.88730715e+00 3.30911411e+01 1.54742874e+00
1.34703110e+00 3.30830259e+01 1.54789973e+00
8.08782342e-01 3.31178033e+01 1.54766423e+00
2.68635755e-01 3.30059060e+01 1.54931269e+00
-2.68635755e-01 3.30059060e+01 1.54931269e+00
-8.04152514e-01 3.29282223e+01 1.55025467e+00
-1.34212154e+00 3.29624474e+01 1.54954819e+00
-1.87160073e+00 3.28157523e+01 1.55119665e+00
-2.40675526e+00 3.27981345e+01 1.55096115e+00
-2.93874908e+00 3.27374440e+01 1.55119665e+00
-3.47304658e+00 3.27024165e+01 1.55096115e+00
-4.00278306e+00 3.26244420e+01 1.55119665e+00
-4.60461052e+00 3.30672174e+01 1.54413182e+00
-5.14488971e+00 3.30049217e+01 1.54389632e+00
-5.66383469e+00 3.28148746e+01 1.54530929e+00
-6.21325264e+00 3.28030303e+01 1.54413182e+00
-6.74287960e+00 3.26806675e+01 1.54436731e+00
-7.28144434e+00 3.26002348e+01 1.54389632e+00
-7.83530073e+00 3.25779670e+01 1.54248336e+00
-8.36883675e+00 3.24628102e+01 1.54224786e+00
-8.89612403e+00 3.23222903e+01 1.54224786e+00
-9.41620946e+00 3.21566614e+01 1.54248336e+00
-1.02502938e+01 3.30034367e+01 1.52811820e+00
-1.07861315e+01 3.28322208e+01 1.52811820e+00
-1.13586378e+01 3.27663274e+01 1.52646974e+00
-1.20677992e+01 3.30629449e+01 1.51940491e+00
-1.20501517e+01 3.30145948e+01 1.04041012e+00
-1.15281130e+01 3.32552138e+01 1.03899729e+00
-1.08292944e+01 3.29636053e+01 1.05265468e+00
-1.02862003e+01 3.31190470e+01 1.05312563e+00
-9.71669966e+00 3.31828452e+01 1.05595130e+00
-8.90088408e+00 3.23395850e+01 1.08420799e+00
-8.37331467e+00 3.24801800e+01 1.08420799e+00
-7.84352668e+00 3.26121692e+01 1.08420799e+00
-7.29663270e+00 3.26682357e+01 1.08609177e+00
-6.74651306e+00 3.26982778e+01 1.08844649e+00
-2.96502869e+01 1.56539467e+02 -2.35274727e+00
-5.68155330e+00 3.29175319e+01 1.08797555e+00
-5.14765773e+00 3.30226788e+01 1.08750460e+00
-4.60708981e+00 3.30850220e+01 1.08797555e+00
-4.01338530e+00 3.27108549e+01 1.10022011e+00
-3.47495980e+00 3.27204315e+01 1.10163295e+00
-2.94036925e+00 3.27554926e+01 1.10210389e+00
-2.40681976e+00 3.27990135e+01 1.10210389e+00
-1.87361394e+00 3.28510510e+01 1.10163295e+00
-1.33865038e+00 3.28771957e+01 1.10163295e+00
-8.06277557e-01 3.30152380e+01 1.09833633e+00
-2.68923195e-01 3.30412223e+01 1.09786539e+00
2.68642653e-01 3.30067536e+01 1.09880728e+00
8.06277557e-01 3.30152380e+01 1.09833633e+00
1.34355856e+00 3.29977404e+01 1.09833633e+00
1.88833459e+00 3.31091558e+01 1.09456877e+00
2.42573962e+00 3.30568444e+01 1.09503972e+00
2.96348330e+00 3.30129814e+01 1.09503972e+00
3.51682307e+00 3.31146185e+01 1.09080121e+00
4.12252626e+00 3.36004017e+01 1.07573098e+00
4.67602372e+00 3.35800589e+01 1.07431815e+00
5.23260390e+00 3.35676160e+01 1.07243437e+00
5.70500452e+00 3.30534025e+01 1.08420799e+00
6.23905029e+00 3.29392296e+01 1.08467893e+00
6.80223570e+00 3.29683484e+01 1.08091137e+00
1.56934139e+01 7.02620189e+01 3.35301055e-02
8.14579452e+00 3.38689521e+01 1.04888713e+00
8.69169661e+00 3.37151871e+01 1.04935807e+00
9.27591432e+00 3.37021825e+01 1.04559051e+00
9.96855691e+00 3.40429459e+01 1.03146217e+00
1.05622480e+01 3.40078530e+01 1.02769461e+00
1.11520479e+01 3.39460443e+01 1.02439800e+00
1.19119752e+01 3.43625431e+01 1.00697304e+00
1.24874430e+01 3.42126707e+01 1.00556020e+00
1.25264268e+01 3.43194772e+01 5.03774657e-01
1.19492233e+01 3.44699929e+01 5.05893579e-01
1.13973269e+01 3.46926561e+01 5.04480964e-01
1.06369607e+01 3.42484096e+01 5.31320645e-01
1.00442034e+01 3.43012811e+01 5.36264797e-01
9.44798082e+00 3.43273517e+01 5.41915256e-01
8.75897057e+00 3.39761435e+01 5.63104477e-01
8.19269668e+00 3.40639640e+01 5.65223400e-01
7.59209107e+00 3.39910518e+01 5.73699088e-01
6.82895176e+00 3.30978329e+01 6.16077532e-01
6.29252082e+00 3.32215287e+01 6.15371224e-01
5.72750132e+00 3.31837435e+01 6.21021684e-01
5.16803867e+00 3.31534243e+01 6.25965835e-01
4.68711500e+00 3.36597091e+01 6.08308151e-01
4.06728810e+00 3.31501865e+01 6.32322602e-01
3.52898420e+00 3.32291284e+01 6.31616294e-01
2.97686585e+00 3.31620620e+01 6.36560446e-01
2.43669381e+00 3.32061231e+01 6.36560446e-01
1.88802881e+00 3.31037943e+01 6.42210905e-01
1.34894944e+00 3.31301402e+01 6.42210905e-01
8.09512655e-01 3.31477079e+01 6.42210905e-01
2.68739742e-01 3.30186823e+01 6.47861364e-01
-2.68879947e-01 3.30359086e+01 6.47155057e-01
-8.06568600e-01 3.30271555e+01 6.47155057e-01
-1.34404355e+00 3.30096517e+01 6.47155057e-01
-1.87429595e+00 3.28630090e+01 6.52099209e-01
-2.40769690e+00 3.28109668e+01 6.52805516e-01
-2.94298105e+00 3.27845879e+01 6.52099209e-01
-3.47440541e+00 3.27152113e+01 6.52805516e-01
-4.00854731e+00 3.26714232e+01 6.52099209e-01
-4.53980782e+00 3.26018479e+01 6.52099209e-01
-5.06986548e+00 3.25236346e+01 6.52099209e-01
-5.68355082e+00 3.29291050e+01 6.31616294e-01
-6.22198966e+00 3.28491576e+01 6.30909987e-01
-6.75236888e+00 3.27266592e+01 6.31616294e-01
-7.28416496e+00 3.26124155e+01 6.31616294e-01
-7.81805942e+00 3.25062803e+01 6.30909987e-01
-8.37623039e+00 3.24914901e+01 6.25965835e-01
-8.90398351e+00 3.23508461e+01 6.25965835e-01
-9.32287218e+00 3.18379115e+01 6.41504598e-01
-9.98804029e+00 3.21590447e+01 6.21021684e-01
-1.07951347e+01 3.28596256e+01 5.83587392e-01
-1.13680562e+01 3.27934970e+01 5.78643240e-01
-1.19003288e+01 3.26041151e+01 5.78643240e-01
-1.19078312e+01 3.26246702e+01 1.03582301e-01
-1.13695844e+01 3.27979054e+01 1.04523839e-01
-1.08342279e+01 3.29786227e+01 1.04523839e-01
-1.02551506e+01 3.30190745e+01 1.12056145e-01
-9.46476646e+00 3.23224851e+01 1.61016131e-01
-8.90542174e+00 3.23560716e+01 1.67606898e-01
-8.37328573e+00 3.24800678e+01 1.68548436e-01
-7.84752530e+00 3.26287949e+01 1.67606898e-01
-7.31538797e+00 3.27522061e+01 1.67606898e-01
-6.75348226e+00 3.27320554e+01 1.75139204e-01
-6.22301297e+00 3.28545602e+01 1.74197665e-01
-5.68448796e+00 3.29345346e+01 1.75139204e-01
-5.14500908e+00 3.30056874e+01 1.76080742e-01
-4.54061275e+00 3.26076284e+01 2.02443811e-01
-4.00925804e+00 3.26772160e+01 2.02443811e-01
-3.47502295e+00 3.27210261e+01 2.03385349e-01
-2.94196365e+00 3.27732541e+01 2.03385349e-01
-2.40812484e+00 3.28167986e+01 2.03385349e-01
-1.87364799e+00 3.28516480e+01 2.03385349e-01
-1.33867471e+00 3.28777932e+01 2.03385349e-01
-8.03346726e-01 3.28952271e+01 2.03385349e-01
-2.69066919e-01 3.30588810e+01 1.94911506e-01
2.68926806e-01 3.30416659e+01 1.95853044e-01
8.06709163e-01 3.30329113e+01 1.95853044e-01
1.34427778e+00 3.30154044e+01 1.95853044e-01
1.88835216e+00 3.31094638e+01 1.89262276e-01
2.42828343e+00 3.30915104e+01 1.88320738e-01
2.96505182e+00 3.30304547e+01 1.89262276e-01
3.51683935e+00 3.31147718e+01 1.81729971e-01
4.05538137e+00 3.30531414e+01 1.81729971e-01
0.00000000e+00 0.00000000e+00 0.00000000e+00
5.14766068e+00 3.30226977e+01 1.75139204e-01
5.78990027e+00 3.35452678e+01 1.41243829e-01
6.24223617e+00 3.29560496e+01 1.68548436e-01
6.79174868e+00 3.29175210e+01 1.64782283e-01
7.25909683e+00 3.25001813e+01 1.81729971e-01
7.90791119e+00 3.28798700e+01 1.53483825e-01
8.47642914e+00 3.28801622e+01 1.45951520e-01
9.28003214e+00 3.37171437e+01 9.04007662e-02
9.86148135e+00 3.36772793e+01 8.38099989e-02
1.05615269e+01 3.40055312e+01 5.55638531e-02
1.11566201e+01 3.39599618e+01 4.80315475e-02
1.17473782e+01 3.38877291e+01 4.14407802e-02
1.24744930e+01 3.41771908e+01 1.31946344e-02
1.26562219e+01 3.46750854e+01 -5.20219009e-01
1.20788722e+01 3.48439918e+01 -5.17865823e-01
1.13544256e+01 3.45620678e+01 -4.83744616e-01
1.06372965e+01 3.42494907e+01 -4.48446816e-01
9.91405626e+00 3.38568244e+01 -4.08442643e-01
9.34796283e+00 3.39639563e+01 -4.04912863e-01
8.75954210e+00 3.39783605e+01 -3.95500116e-01
8.18118307e+00 3.40160922e+01 -3.88440556e-01
7.39769557e+00 3.31207109e+01 -3.16668363e-01
6.83328004e+00 3.31188107e+01 -3.08432209e-01
6.19406468e+00 3.27017269e+01 -2.71957816e-01
5.72824945e+00 3.31880780e+01 -2.99019463e-01
5.16874387e+00 3.31579482e+01 -2.90783309e-01
4.62834842e+00 3.32376870e+01 -2.90783309e-01
4.06996862e+00 3.31720339e+01 -2.81370563e-01
3.52948946e+00 3.32338860e+01 -2.81370563e-01
2.97577179e+00 3.31498742e+01 -2.71957816e-01
2.43579827e+00 3.31939191e+01 -2.71957816e-01
1.88832320e+00 3.31089561e+01 -2.63721663e-01
1.34915978e+00 3.31353060e+01 -2.63721663e-01
8.10058831e-01 3.31700726e+01 -2.64898256e-01
2.68923491e-01 3.30412587e+01 -2.55485509e-01
-2.68923491e-01 3.30412587e+01 -2.55485509e-01
-8.06699220e-01 3.30325041e+01 -2.55485509e-01
-1.34356141e+00 3.29978105e+01 -2.54308916e-01
-1.87461085e+00 3.28685302e+01 -2.47249356e-01
-2.40810351e+00 3.28165078e+01 -2.46072763e-01
-2.94193758e+00 3.27729637e+01 -2.46072763e-01
-3.47499217e+00 3.27207362e+01 -2.46072763e-01
-4.01550504e+00 3.27281317e+01 -2.50779136e-01
-4.54057055e+00 3.26073253e+01 -2.47249356e-01
-5.06806789e+00 3.25121029e+01 -2.46072763e-01
-5.59952044e+00 3.24422535e+01 -2.47249356e-01
-6.12684000e+00 3.23468125e+01 -2.47249356e-01
-6.75681149e+00 3.27481912e+01 -2.82547156e-01
-7.28520788e+00 3.26170848e+01 -2.81370563e-01
-7.81917218e+00 3.25109070e+01 -2.82547156e-01
-8.38166739e+00 3.25125803e+01 -2.91959903e-01
-8.90976308e+00 3.23718450e+01 -2.91959903e-01
-9.42583022e+00 3.21895166e+01 -2.89606716e-01
-9.99444691e+00 3.21796724e+01 -3.00196056e-01
-1.05169102e+01 3.20127301e+01 -3.00196056e-01
-1.13689914e+01 3.27961948e+01 -3.69615063e-01
-1.19013078e+01 3.26067973e+01 -3.69615063e-01
-1.18866832e+01 3.25667294e+01 -8.40862148e-01
-1.13662774e+01 3.27883655e+01 -8.43685006e-01
-1.08310766e+01 3.29690302e+01 -8.43685006e-01
-9.99229842e+00 3.21727548e+01 -7.60410697e-01
-9.46247095e+00 3.23146459e+01 -7.58999269e-01
-8.90331384e+00 3.23484130e+01 -7.49119266e-01
-8.37560041e+00 3.24890464e+01 -7.49119266e-01
-7.84566780e+00 3.26210717e+01 -7.49119266e-01
-7.31365643e+00 3.27444537e+01 -7.49119266e-01
-6.75192909e+00 3.27245276e+01 -7.37827834e-01
-6.22157655e+00 3.28469766e+01 -7.39239263e-01
-5.59842370e+00 3.24358993e+01 -6.96896394e-01
-5.06707744e+00 3.25057491e+01 -6.95484965e-01
-4.53968122e+00 3.26009387e+01 -6.96896394e-01
-4.00843552e+00 3.26705120e+01 -6.96896394e-01
-3.47612776e+00 3.27314291e+01 -6.96896394e-01
-2.94289898e+00 3.27836736e+01 -6.96896394e-01
-2.40889046e+00 3.28272320e+01 -6.96896394e-01
-1.87326523e+00 3.28449369e+01 -6.95484965e-01
-1.33910031e+00 3.28882460e+01 -6.96896394e-01
-8.03602133e-01 3.29056855e+01 -6.96896394e-01
-2.69009856e-01 3.30518699e+01 -7.08187826e-01
2.68730151e-01 3.30175040e+01 -7.05364968e-01
8.06538772e-01 3.30259342e+01 -7.06776397e-01
1.34469292e+00 3.30256002e+01 -7.08187826e-01
1.88892039e+00 3.31194270e+01 -7.18067829e-01
2.42649629e+00 3.30671560e+01 -7.16656400e-01
2.96440772e+00 3.30232793e+01 -7.16656400e-01
3.51605138e+00 3.31073523e+01 -7.27947831e-01
4.05447274e+00 3.30457356e+01 -7.27947831e-01
4.60840939e+00 3.30944983e+01 -7.37827834e-01
5.14647681e+00 3.30151031e+01 -7.37827834e-01
5.70363921e+00 3.30454922e+01 -7.47707837e-01
6.24396175e+00 3.29651598e+01 -7.49119266e-01
6.80748543e+00 3.29937922e+01 -7.60410697e-01
7.36609675e+00 3.29792377e+01 -7.68879271e-01
7.90594095e+00 3.28716781e+01 -7.70290700e-01
8.46997201e+00 3.28551149e+01 -7.80170703e-01
9.27722484e+00 3.37069440e+01 -8.64856441e-01
9.85844518e+00 3.36669107e+01 -8.74736443e-01
1.04255212e+01 3.35676260e+01 -8.80382159e-01
1.10295139e+01 3.35730595e+01 -8.95907878e-01
1.17433657e+01 3.38761545e+01 -9.38250746e-01
1.35245776e+01 3.70541767e+01 -1.23323940e+00
1.35175405e+01 3.70348968e+01 -1.77189389e+00
1.29129341e+01 3.72500149e+01 -1.77189389e+00
1.23102629e+01 3.74715687e+01 -1.77353989e+00
1.06296943e+01 3.42250136e+01 -1.42787963e+00
9.88792956e+00 3.37676008e+01 -1.36533158e+00
9.34153997e+00 3.39406201e+01 -1.36697758e+00
8.75357694e+00 3.39552216e+01 -1.35380957e+00
8.17163609e+00 3.39763973e+01 -1.34228756e+00
7.39304985e+00 3.30999112e+01 -1.24352749e+00
6.83249607e+00 3.31150111e+01 -1.23365148e+00
6.28938509e+00 3.32049736e+01 -1.23200548e+00
5.72472294e+00 3.31676462e+01 -1.21883747e+00
5.16559197e+00 3.31377285e+01 -1.20731546e+00
4.62315899e+00 3.32004200e+01 -1.20566946e+00
4.07378427e+00 3.32031331e+01 -1.19908545e+00
3.52736089e+00 3.32138432e+01 -1.19414745e+00
2.97399731e+00 3.31301067e+01 -1.18097944e+00
2.43434579e+00 3.31741253e+01 -1.18097944e+00
1.88720846e+00 3.30894107e+01 -1.16945743e+00
1.34766509e+00 3.30985967e+01 -1.16781143e+00
8.09579931e-01 3.31504627e+01 -1.17110343e+00
2.68626672e-01 3.30047900e+01 -1.15628942e+00
-2.68766354e-01 3.30219520e+01 -1.15793542e+00
-8.05808840e-01 3.29960451e+01 -1.15628942e+00
-1.34347573e+00 3.29957062e+01 -1.15793542e+00
-1.88036765e+00 3.29694672e+01 -1.15793542e+00
-2.40796913e+00 3.28146766e+01 -1.14641341e+00
-2.94023894e+00 3.27540410e+01 -1.14476741e+00
-3.47298575e+00 3.27018436e+01 -1.14476741e+00
-4.00690242e+00 3.26580166e+01 -1.14641341e+00
-4.53794493e+00 3.25884699e+01 -1.14641341e+00
-5.06514165e+00 3.24933308e+01 -1.14476741e+00
-5.59628248e+00 3.24234936e+01 -1.14641341e+00
-6.12329711e+00 3.23281077e+01 -1.14641341e+00
-6.64868932e+00 3.22241562e+01 -1.14641341e+00
-7.28455548e+00 3.26141639e+01 -1.19579345e+00
-7.84254327e+00 3.26080804e+01 -1.20731546e+00
-8.37226483e+00 3.24761077e+01 -1.20731546e+00
-8.89976810e+00 3.23355303e+01 -1.20731546e+00
-9.42009022e+00 3.21699143e+01 -1.20566946e+00
-9.98828568e+00 3.21598348e+01 -1.22048347e+00
-1.05050702e+01 3.19766901e+01 -1.21883747e+00
-1.10747541e+01 3.19474065e+01 -1.23365148e+00
-1.18992901e+01 3.26012694e+01 -1.31924355e+00
-1.18861256e+01 3.25652018e+01 -1.79126426e+00
-1.13601018e+01 3.27705508e+01 -1.79314453e+00
-1.08198426e+01 3.29348349e+01 -1.79126426e+00
-9.97224265e+00 3.21081801e+01 -1.67656801e+00
-9.45793050e+00 3.22991401e+01 -1.68032854e+00
-8.92639765e+00 3.24322834e+01 -1.67844827e+00
-8.36736725e+00 3.24571100e+01 -1.66528641e+00
-7.83795557e+00 3.25890054e+01 -1.66528641e+00
-7.30646716e+00 3.27122662e+01 -1.66528641e+00
-6.77304286e+00 3.28268596e+01 -1.66528641e+00
-6.14213845e+00 3.24275810e+01 -1.60887841e+00
-5.59309716e+00 3.24050386e+01 -1.59571655e+00
-5.06226085e+00 3.24748503e+01 -1.59383628e+00
-4.53299827e+00 3.25529463e+01 -1.59383628e+00
-4.00253463e+00 3.26224172e+01 -1.59383628e+00
-3.47101049e+00 3.26832445e+01 -1.59383628e+00
-2.93856668e+00 3.27354122e+01 -1.59383628e+00
-2.40534428e+00 3.27789064e+01 -1.59383628e+00
-1.87246046e+00 3.28308263e+01 -1.59571655e+00
-1.33712899e+00 3.28398306e+01 -1.59383628e+00
-8.05348090e-01 3.29771784e+01 -1.60699815e+00
-2.68612561e-01 3.30030563e+01 -1.60887841e+00
2.68612561e-01 3.30030563e+01 -1.60887841e+00
8.05766512e-01 3.29943119e+01 -1.60887841e+00
1.34270697e+00 3.29768254e+01 -1.60887841e+00
1.88709877e+00 3.30874874e+01 -1.62392055e+00
2.42917539e+00 3.31036656e+01 -1.62956135e+00
2.96155145e+00 3.29914608e+01 -1.62204028e+00
3.51082964e+00 3.30581840e+01 -1.63520215e+00
4.05053850e+00 3.30136699e+01 -1.63708241e+00
4.60391034e+00 3.30621891e+01 -1.65024428e+00
5.14145246e+00 3.29828714e+01 -1.65024428e+00
5.70095236e+00 3.30299253e+01 -1.66528641e+00
6.23782398e+00 3.29327553e+01 -1.66528641e+00
6.79728515e+00 3.29443546e+01 -1.67844827e+00
7.36250619e+00 3.29631622e+01 -1.69349041e+00
7.89807100e+00 3.28389561e+01 -1.69349041e+00
8.46149192e+00 3.28222206e+01 -1.70665227e+00
9.28568637e+00 3.37376872e+01 -1.82698932e+00
9.82878699e+00 3.35656270e+01 -1.82510906e+00
1.04348322e+01 3.35976052e+01 -1.84767226e+00
1.10231099e+01 3.35535661e+01 -1.86271439e+00
1.17362035e+01 3.38554934e+01 -1.91912238e+00
1.24972597e+01 3.42395662e+01 -1.98681197e+00
1.23577168e+01 3.38572512e+01 -2.43795962e+00
1.18049864e+01 3.40539120e+01 -2.43795962e+00
1.12117439e+01 3.41277546e+01 -2.42316035e+00
1.06192352e+01 3.41913377e+01 -2.40836109e+00
9.90742036e+00 3.38341626e+01 -2.34070730e+00
9.32814610e+00 3.38919562e+01 -2.32802221e+00
8.74535111e+00 3.39233135e+01 -2.31322295e+00
8.16001348e+00 3.39280723e+01 -2.29630950e+00
7.37915716e+00 3.30377114e+01 -2.16734447e+00
6.81967993e+00 3.30528952e+01 -2.15465938e+00
6.28077570e+00 3.31595201e+01 -2.15465938e+00
5.63252383e+00 3.26334671e+01 -2.07643469e+00
5.15594978e+00 3.30758730e+01 -2.12083249e+00
4.61925193e+00 3.31723621e+01 -2.12294667e+00
4.06202424e+00 3.31072836e+01 -2.10603322e+00
3.52440714e+00 3.31860306e+01 -2.10814740e+00
2.97306328e+00 3.31197017e+01 -2.09334814e+00
2.43232897e+00 3.31466411e+01 -2.09123395e+00
1.89150574e+00 3.31647573e+01 -2.08911977e+00
1.34725680e+00 3.30885690e+01 -2.07643469e+00
8.08496892e-01 3.31061148e+01 -2.07643469e+00
2.68408653e-01 3.29780032e+01 -2.05952124e+00
-2.68408653e-01 3.29780032e+01 -2.05952124e+00
-8.05154844e-01 3.29692654e+01 -2.05952124e+00
-1.34099157e+00 3.29346952e+01 -2.05740706e+00
-1.87786507e+00 3.29255882e+01 -2.05952124e+00
-2.41229261e+00 3.28735950e+01 -2.05740706e+00
-2.93787606e+00 3.27277187e+01 -2.04472198e+00
-3.47019474e+00 3.26755633e+01 -2.04472198e+00
-4.00159395e+00 3.26147503e+01 -2.04472198e+00
-4.53193292e+00 3.25452957e+01 -2.04472198e+00
-5.05843561e+00 3.24503110e+01 -2.04260779e+00
-5.58595799e+00 3.23636760e+01 -2.04260779e+00
-6.11518478e+00 3.22852784e+01 -2.04472198e+00
-6.66408465e+00 3.22987726e+01 -2.05952124e+00
-7.27471748e+00 3.25701176e+01 -2.10814740e+00
-7.83190556e+00 3.25638504e+01 -2.12294667e+00
-8.36090860e+00 3.24320567e+01 -2.12294667e+00
-8.88769635e+00 3.22916700e+01 -2.12294667e+00
-9.40732060e+00 3.21263056e+01 -2.12083249e+00
-9.96959551e+00 3.20996570e+01 -2.13774593e+00
-1.04961003e+01 3.19493862e+01 -2.13986011e+00
-1.13454156e+01 3.27281854e+01 -2.26459679e+00
-1.18766281e+01 3.25391807e+01 -2.26459679e+00
-1.19059101e+01 3.26194068e+01 -2.75394072e+00
-1.13733880e+01 3.28088774e+01 -2.75394072e+00
-1.08005346e+01 3.28760625e+01 -2.73750681e+00
-1.02639812e+01 3.30475070e+01 -2.73750681e+00
-9.43670316e+00 3.22266480e+01 -2.59664476e+00
-8.91090103e+00 3.23759795e+01 -2.59664476e+00
-8.34862608e+00 3.23844127e+01 -2.57786315e+00
-7.82439436e+00 3.25326200e+01 -2.58021085e+00
-7.29010219e+00 3.26389975e+01 -2.57786315e+00
-6.74751810e+00 3.27031489e+01 -2.57082005e+00
-6.20160116e+00 3.27415160e+01 -2.56142925e+00
-5.66784713e+00 3.28381217e+01 -2.56142925e+00
-5.05366661e+00 3.24197175e+01 -2.49099822e+00
-4.52530256e+00 3.24976809e+01 -2.49099822e+00
-3.99781959e+00 3.25839875e+01 -2.49334592e+00
-3.46692159e+00 3.26447432e+01 -2.49334592e+00
-2.93357786e+00 3.26798370e+01 -2.49099822e+00
-2.40126071e+00 3.27232574e+01 -2.49099822e+00
-1.86830734e+00 3.27580075e+01 -2.49099822e+00
-1.33972322e+00 3.29035447e+01 -2.50743213e+00
-8.04809971e-01 3.29551437e+01 -2.51212753e+00
-2.68154669e-01 3.29467975e+01 -2.50977983e+00
2.68154669e-01 3.29467975e+01 -2.50977983e+00
8.03975947e-01 3.29209923e+01 -2.50743213e+00
1.34041812e+00 3.29206113e+01 -2.50977983e+00
1.88386891e+00 3.30308568e+01 -2.52856143e+00
2.42001134e+00 3.29787822e+01 -2.52621373e+00
2.95801233e+00 3.29520352e+01 -2.52856143e+00
3.50660656e+00 3.30184192e+01 -2.54499534e+00
4.04358161e+00 3.29569681e+01 -2.54499534e+00
4.59597567e+00 3.30052077e+01 -2.56142925e+00
5.13259136e+00 3.29260267e+01 -2.56142925e+00
5.69108858e+00 3.29727770e+01 -2.58021085e+00
6.22703132e+00 3.28757752e+01 -2.58021085e+00
6.78548476e+00 3.28871617e+01 -2.59664476e+00
7.34967572e+00 3.29057181e+01 -2.61542637e+00
7.88031303e+00 3.27651212e+01 -2.61307866e+00
8.44669754e+00 3.27648330e+01 -2.63186027e+00
9.24631584e+00 3.35946423e+01 -2.77037462e+00
9.83031036e+00 3.35708294e+01 -2.78915623e+00
1.04159694e+01 3.35368716e+01 -2.80793783e+00
1.09977857e+01 3.34764811e+01 -2.82437174e+00
1.17090604e+01 3.37771937e+01 -2.89480277e+00
1.22982948e+01 3.36944489e+01 -2.91123667e+00
1.22835138e+01 3.36539524e+01 -3.40088403e+00
1.22835138e+01 3.36539524e+01 -3.40088403e+00
1.17341024e+01 3.38494323e+01 -3.40088403e+00
1.11762613e+01 3.40197480e+01 -3.39830325e+00
1.05907047e+01 3.40994767e+01 -3.38281855e+00
9.89054690e+00 3.37765391e+01 -3.30539506e+00
9.32588602e+00 3.38837447e+01 -3.29765272e+00
8.72205919e+00 3.38329639e+01 -3.26668332e+00
8.17020579e+00 3.39704504e+01 -3.26668332e+00
7.36349906e+00 3.29676074e+01 -3.09119009e+00
6.82935573e+00 3.30997908e+01 -3.09377087e+00
6.26747936e+00 3.30893217e+01 -3.07570539e+00
5.70485973e+00 3.30525636e+01 -3.05505913e+00
5.14510347e+00 3.30062929e+01 -3.03441287e+00
4.60953076e+00 3.31025512e+01 -3.03699365e+00
4.05350314e+00 3.30378330e+01 -3.01634739e+00
3.51521054e+00 3.30994349e+01 -3.01634739e+00
2.97598657e+00 3.31522669e+01 -3.01634739e+00
2.42599345e+00 3.30603036e+01 -2.99570113e+00
1.88852139e+00 3.31124311e+01 -2.99828191e+00
1.34375315e+00 3.30025196e+01 -2.97763565e+00
8.06810523e-01 3.30370618e+01 -2.98021643e+00
2.68960595e-01 3.30458175e+01 -2.98021643e+00
-2.67850656e-01 3.29094449e+01 -2.95957017e+00
-8.03481000e-01 3.29007254e+01 -2.95957017e+00
-1.33889846e+00 3.28832885e+01 -2.95957017e+00
-4.00946156e+00 7.02999819e+01 -8.63729235e+00
-2.40353703e+00 3.27542780e+01 -2.94924704e+00
-2.93026222e+00 3.26429010e+01 -2.93892391e+00
-3.46300163e+00 3.26078326e+01 -2.94150469e+00
-3.99329935e+00 3.25471456e+01 -2.94150469e+00
-4.52724128e+00 3.25116035e+01 -2.94666625e+00
-5.04795477e+00 3.23830755e+01 -2.93892391e+00
-5.57438416e+00 3.22966201e+01 -2.93892391e+00
-6.19768424e+00 3.27208365e+01 -3.01892817e+00
-6.72601432e+00 3.25989268e+01 -3.01634739e+00
-7.25573481e+00 3.24851290e+01 -3.01634739e+00
-7.81143707e+00 3.24787456e+01 -3.03441287e+00
-8.34331314e+00 3.23638038e+01 -3.03699365e+00
-8.86899228e+00 3.22237125e+01 -3.03699365e+00
-9.38753089e+00 3.20587231e+01 -3.03441287e+00
-9.95361249e+00 3.20481956e+01 -3.05763992e+00
-1.07506127e+01 3.27241039e+01 -3.19184062e+00
-1.13209221e+01 3.26575290e+01 -3.20990610e+00
-1.18685226e+01 3.25169737e+01 -3.21764845e+00
-1.18348498e+01 3.24247181e+01 -3.68170653e+00
-1.12999345e+01 3.25969859e+01 -3.67889314e+00
-1.07731667e+01 3.27927567e+01 -3.68170653e+00
-1.02379730e+01 3.29637668e+01 -3.68170653e+00
-9.66182445e+00 3.29954445e+01 -3.65919946e+00
-8.88875476e+00 3.22955155e+01 -3.51290353e+00
-8.32793325e+00 3.23041450e+01 -3.49039646e+00
-7.80499430e+00 3.24519576e+01 -3.49320985e+00
-7.27574098e+00 3.25747000e+01 -3.49320985e+00
-6.74455991e+00 3.26888115e+01 -3.49320985e+00
-6.18943226e+00 3.26772700e+01 -3.47351616e+00
-5.65383238e+00 3.27569237e+01 -3.47070278e+00
-5.11990013e+00 3.28446113e+01 -3.47070278e+00
-4.58461132e+00 3.29235965e+01 -3.47070278e+00
-4.05017929e+00 3.30107421e+01 -3.47351616e+00
-3.50873525e+00 3.30384631e+01 -3.46788940e+00
-2.92792074e+00 3.26168171e+01 -3.38911466e+00
-2.39538523e+00 3.26431891e+01 -3.38630128e+00
-1.86373590e+00 3.26778541e+01 -3.38630128e+00
-1.33159276e+00 3.27038610e+01 -3.38630128e+00
-8.02419138e-01 3.28572445e+01 -3.40880835e+00
-2.67496671e-01 3.28659526e+01 -3.40880835e+00
2.67496671e-01 3.28659526e+01 -3.40880835e+00
8.02003847e-01 3.28402393e+01 -3.40599496e+00
1.33712900e+00 3.28398307e+01 -3.40880835e+00
1.87826467e+00 3.29325945e+01 -3.42850203e+00
2.41405847e+00 3.28976592e+01 -3.42850203e+00
2.94921265e+00 3.28540075e+01 -3.42850203e+00
3.49616034e+00 3.29200570e+01 -3.44819571e+00
4.10196694e+00 3.34328343e+01 -3.54385075e+00
4.64560854e+00 3.33616376e+01 -3.54385075e+00
5.20635901e+00 3.33992527e+01 -3.56354443e+00
5.67697791e+00 3.28910232e+01 -3.49320985e+00
6.23375136e+00 3.29112538e+01 -3.51290353e+00
6.76862079e+00 3.28054272e+01 -3.51290353e+00
7.33136065e+00 3.28237185e+01 -3.53541060e+00
8.10332213e+00 3.36923585e+01 -3.70421359e+00
8.68038254e+00 3.36712997e+01 -3.72390728e+00
9.25889655e+00 3.36403518e+01 -3.74360096e+00
9.80523272e+00 3.34851884e+01 -3.74360096e+00
1.03893338e+01 3.34511116e+01 -3.76610803e+00
1.10917132e+01 3.37623897e+01 -3.85050952e+00
1.16787931e+01 3.36898815e+01 -3.87020321e+00
1.24005844e+01 3.39746984e+01 -3.95460471e+00
1.25089167e+01 3.42715036e+01 -4.51522967e+00
1.24107661e+01 3.58014081e+01 -4.76800276e+00
1.18263837e+01 3.59986747e+01 -4.76800276e+00
1.05643799e+01 3.40147172e+01 -4.35991127e+00
9.82810087e+00 3.35632839e+01 -4.24418383e+00
9.27598721e+00 3.37024473e+01 -4.24113837e+00
8.69653013e+00 3.37339364e+01 -4.21982016e+00
8.15026033e+00 3.38875202e+01 -4.22286562e+00
7.56800063e+00 3.38831949e+01 -4.19850195e+00
6.98804904e+00 3.38689286e+01 -4.17413828e+00
6.41373254e+00 3.38614692e+01 -4.15282006e+00
5.86172097e+00 3.39613794e+01 -4.15282006e+00
5.15394191e+00 3.30629923e+01 -3.97313799e+00
4.59636978e+00 3.30080379e+01 -3.94877432e+00
4.11222271e+00 3.35164232e+01 -4.02795625e+00
3.55179481e+00 3.34439145e+01 -4.00359258e+00
3.00695890e+00 3.34972963e+01 -4.00359258e+00
2.45263260e+00 3.34233294e+01 -3.98227437e+00
1.90537845e+00 3.34079947e+01 -3.97313799e+00
1.33994288e+00 3.29089396e+01 -3.87872876e+00
8.04107767e-01 3.29263900e+01 -3.87872876e+00
2.68059597e-01 3.29351164e+01 -3.87872876e+00
-2.67092779e-01 3.28163284e+01 -3.85741055e+00
-8.00793255e-01 3.27906683e+01 -3.85436509e+00
-1.33511007e+00 3.27902460e+01 -3.85741055e+00
-1.86962514e+00 3.27811132e+01 -3.86045601e+00
-2.39301879e+00 3.26109404e+01 -3.83609234e+00
-2.92199158e+00 3.25507667e+01 -3.83304688e+00
-3.45143211e+00 3.24988933e+01 -3.83304688e+00
-4.04402380e+00 3.29605722e+01 -3.92745611e+00
-4.57764555e+00 3.28735731e+01 -3.92441065e+00
-5.11212106e+00 3.27947079e+01 -3.92441065e+00
-5.64524207e+00 3.27071535e+01 -3.92441065e+00
-6.17686733e+00 3.26109331e+01 -3.92441065e+00
-6.71028518e+00 3.25226924e+01 -3.92745611e+00
-7.26466167e+00 3.25250960e+01 -3.94877432e+00
-7.79310905e+00 3.24025405e+01 -3.94877432e+00
-8.31525521e+00 3.22549667e+01 -3.94572886e+00
-8.84366983e+00 3.21317084e+01 -3.94877432e+00
-9.40365712e+00 3.21137947e+01 -3.97313799e+00
-1.01868680e+01 3.27992212e+01 -4.13150185e+00
-1.07564665e+01 3.27419225e+01 -4.15282006e+00
-1.12879806e+01 3.25625023e+01 -4.15282006e+00
-1.18165038e+01 3.23744544e+01 -4.15282006e+00
-1.19642632e+01 3.27792805e+01 -4.71819084e+00
-1.14346752e+01 3.29856732e+01 -4.72146780e+00
-1.08909707e+01 3.31513436e+01 -4.71819084e+00
-1.02093455e+01 3.28715931e+01 -4.62643578e+00
-9.66342943e+00 3.30009256e+01 -4.61988185e+00
-9.09355144e+00 3.30396033e+01 -4.59694309e+00
-8.55878794e+00 3.31996329e+01 -4.60022005e+00
-7.77976986e+00 3.23470782e+01 -4.40360208e+00
-7.17105045e+00 3.21059831e+01 -4.33150882e+00
-6.82195590e+00 3.30639261e+01 -4.49863410e+00
-6.19151698e+00 3.26882763e+01 -4.40360208e+00
-5.63847757e+00 3.26679617e+01 -4.38066331e+00
-5.10338823e+00 3.27386860e+01 -4.37738635e+00
-4.57916404e+00 3.28844779e+01 -4.39049421e+00
-4.03711384e+00 3.29042529e+01 -4.38066331e+00
-3.50099769e+00 3.29656058e+01 -4.38066331e+00
-2.96395392e+00 3.30182241e+01 -4.38066331e+00
-2.42612484e+00 3.30620941e+01 -4.38066331e+00
-1.86644830e+00 3.27254121e+01 -4.30857005e+00
-1.33284206e+00 3.27345437e+01 -4.30529309e+00
-7.99846521e-01 3.27519017e+01 -4.30529309e+00
-2.66639056e-01 3.27605818e+01 -4.30529309e+00
2.66639056e-01 3.27605818e+01 -4.30529309e+00
8.00259781e-01 3.27688237e+01 -4.30857005e+00
1.33766257e+00 3.28529353e+01 -4.32823185e+00
1.89439987e+00 3.32155015e+01 -4.40360208e+00
2.44470675e+00 3.33153197e+01 -4.42981781e+00
2.98514171e+00 3.32542544e+01 -4.42654084e+00
3.53138741e+00 3.32517572e+01 -4.43637174e+00
4.08864821e+00 3.33242807e+01 -4.46258747e+00
4.63052465e+00 3.32533152e+01 -4.46258747e+00
5.18942426e+00 3.32906148e+01 -4.48552623e+00
5.65575182e+00 3.27680444e+01 -4.40032511e+00
6.21356815e+00 3.28046960e+01 -4.42654084e+00
6.95193331e+00 3.36938867e+01 -4.62315882e+00
7.52527538e+00 3.36919069e+01 -4.64609758e+00
8.07268038e+00 3.35649548e+01 -4.64609758e+00
8.65175133e+00 3.35602389e+01 -4.67231331e+00
9.23279872e+00 3.35455305e+01 -4.69852904e+00
9.77759494e+00 3.33908045e+01 -4.69852904e+00
1.03549453e+01 3.33403890e+01 -4.72146780e+00
1.10494649e+01 3.36337890e+01 -4.81649983e+00
1.23383800e+01 3.55925956e+01 -5.25561331e+00
1.29276924e+01 3.54188510e+01 -5.26216724e+00
1.28960551e+01 3.53321721e+01 -5.77316032e+00
1.23192461e+01 3.55373999e+01 -5.77316032e+00
1.17339045e+01 3.57171744e+01 -5.76965246e+00
0.00000000e+00 0.00000000e+00 -0.00000000e+00
9.93417138e+00 3.39255182e+01 -5.30310677e+00
9.24178482e+00 3.35781797e+01 -5.19436304e+00
8.66872543e+00 3.36260817e+01 -5.17331587e+00
8.12024652e+00 3.37627274e+01 -5.17331587e+00
7.54017814e+00 3.37586290e+01 -5.14525297e+00
6.96240251e+00 3.37446277e+01 -5.11719007e+00
6.41222007e+00 3.38534840e+01 -5.11719007e+00
5.84024055e+00 3.38369271e+01 -5.09263504e+00
5.13270351e+00 3.29267461e+01 -4.88216330e+00
4.57977882e+00 3.28888928e+01 -4.85760826e+00
4.09728983e+00 3.33947137e+01 -4.94881268e+00
3.53892060e+00 3.33226902e+01 -4.92074978e+00
2.99605956e+00 3.33758785e+01 -4.92074978e+00
2.44375688e+00 3.33023752e+01 -4.89619475e+00
1.90137159e+00 3.33377403e+01 -4.89619475e+00
1.35642224e+00 3.33136720e+01 -4.88567116e+00
8.10700103e-01 3.31963312e+01 -4.85760826e+00
2.67234694e-01 3.28337647e+01 -4.78043529e+00
-2.66135587e-01 3.26987231e+01 -4.75237239e+00
-7.98336247e-01 3.26900594e+01 -4.75237239e+00
-1.33032538e+00 3.26727342e+01 -4.75237239e+00
-1.86196204e+00 3.26467521e+01 -4.75237239e+00
-2.39434076e+00 3.26289555e+01 -4.75588026e+00
-2.95530927e+00 3.29219233e+01 -4.82603750e+00
-3.49435217e+00 3.29030311e+01 -4.83305323e+00
-4.02739494e+00 3.28250396e+01 -4.82954536e+00
-4.56348155e+00 3.27718567e+01 -4.83305323e+00
-5.10410334e+00 3.27432735e+01 -4.84357681e+00
-5.62490358e+00 3.25893172e+01 -4.82954536e+00
-6.15461352e+00 3.24934435e+01 -4.82954536e+00
-6.68610385e+00 3.24054929e+01 -4.83305323e+00
-7.33043285e+00 3.28195645e+01 -4.94530482e+00
-7.76497921e+00 3.22855810e+01 -4.85760826e+00
-8.28946173e+00 3.21549136e+01 -4.85760826e+00
-8.81174790e+00 3.20157265e+01 -4.85760826e+00
-9.61633180e+00 3.28400857e+01 -5.06808000e+00
-1.01445878e+01 3.26630893e+01 -5.06457214e+00
-1.07223179e+01 3.26379764e+01 -5.09614290e+00
-1.12466155e+01 3.24431762e+01 -5.09263504e+00
-1.19468390e+01 3.27315424e+01 -5.19787090e+00
-1.20945102e+01 3.31361269e+01 -5.78544736e+00
-1.15700909e+01 3.33763075e+01 -5.79666168e+00
-1.10095335e+01 3.35122404e+01 -5.78544736e+00
-1.03128296e+01 3.32047867e+01 -5.67330425e+00
-9.73315051e+00 3.32390254e+01 -5.64339942e+00
-9.06130453e+00 3.29224406e+01 -5.53499440e+00
-8.52002505e+00 3.30492712e+01 -5.53125630e+00
-7.98489040e+00 3.31999377e+01 -5.53499440e+00
-7.22330113e+00 3.23399180e+01 -5.31070817e+00
-6.69594854e+00 3.24532071e+01 -5.31070817e+00
-6.16682181e+00 3.25578975e+01 -5.31070817e+00
-5.71049244e+00 3.30851982e+01 -5.40789887e+00
-5.10380714e+00 3.27413734e+01 -5.31070817e+00
-4.55395137e+00 3.27034174e+01 -5.28454145e+00
-4.01898604e+00 3.27565034e+01 -5.28080334e+00
-3.48705471e+00 3.28343179e+01 -5.28454145e+00
-2.95214977e+00 3.28867267e+01 -5.28454145e+00
-2.41523084e+00 3.29136358e+01 -5.28080334e+00
-1.87917683e+00 3.29485881e+01 -5.28080334e+00
-1.34262492e+00 3.29748104e+01 -5.28080334e+00
-8.08593719e-01 3.31100796e+01 -5.30697007e+00
-2.69692032e-01 3.31356854e+01 -5.31070817e+00
2.69966003e-01 3.31693468e+01 -5.31818438e+00
8.08593719e-01 3.31100796e+01 -5.30697007e+00
1.34741815e+00 3.30925318e+01 -5.30697007e+00
1.89451109e+00 3.32174515e+01 -5.34061300e+00
2.43370756e+00 3.31654279e+01 -5.33687490e+00
2.97923698e+00 3.31884763e+01 -5.35182732e+00
3.53149249e+00 3.32527466e+01 -5.37799404e+00
4.07227838e+00 3.31908594e+01 -5.37799404e+00
4.63055614e+00 3.32535414e+01 -5.40789887e+00
5.10380714e+00 3.27413734e+01 -5.31070817e+00
5.80782569e+00 3.36491233e+01 -5.53499440e+00
6.35476182e+00 3.35501317e+01 -5.53499440e+00
6.92382188e+00 3.35576393e+01 -5.56116113e+00
7.46912109e+00 3.34404948e+01 -5.56116113e+00
8.04392803e+00 3.34454070e+01 -5.59106596e+00
8.61666386e+00 3.34241342e+01 -5.61723269e+00
9.29355832e+00 3.37662884e+01 -5.72937581e+00
1.04379156e+01 3.56458212e+01 -6.20037689e+00
1.12913130e+01 3.63552637e+01 -6.40597260e+00
1.17922654e+01 3.58948211e+01 -6.34242484e+00
1.22481671e+01 3.53323580e+01 -6.25644845e+00
1.25446432e+01 3.43693857e+01 -6.07701946e+00
1.24977547e+01 3.42409223e+01 -6.56428218e+00
1.19387608e+01 3.44398116e+01 -6.56428218e+00
1.13766036e+01 3.46295759e+01 -6.56428218e+00
1.10702180e+01 3.56433921e+01 -6.77059987e+00
1.05545978e+01 3.60442945e+01 -6.82614694e+00
1.00822716e+01 3.66319208e+01 -6.92930579e+00
9.48886808e+00 3.68074240e+01 -6.93327344e+00
8.55107384e+00 3.55540407e+01 -6.59205571e+00
7.58719352e+00 3.39691247e+01 -6.17545267e+00
6.93495083e+00 3.36115779e+01 -6.06039088e+00
6.36195736e+00 3.35881208e+01 -6.02864969e+00
5.81440193e+00 3.36872244e+01 -6.02864969e+00
5.24721592e+00 3.36613534e+01 -6.00087616e+00
4.69861616e+00 3.37423027e+01 -6.00087616e+00
4.08747258e+00 3.33146988e+01 -5.88184672e+00
3.53580918e+00 3.32933929e+01 -5.86200848e+00
2.98292445e+00 3.32295543e+01 -5.83423494e+00
2.44165304e+00 3.32737051e+01 -5.83423494e+00
1.89304693e+00 3.31917798e+01 -5.80646140e+00
1.35048695e+00 3.31679014e+01 -5.79455846e+00
8.10435324e-01 3.31854892e+01 -5.79455846e+00
2.70168969e-01 3.31942842e+01 -5.79455846e+00
-2.69076511e-01 3.30600595e+01 -5.76281728e+00
-8.07158241e-01 3.30513000e+01 -5.76281728e+00
-1.34502611e+00 3.30337833e+01 -5.76281728e+00
-1.88253760e+00 3.30075141e+01 -5.76281728e+00
-2.41955030e+00 3.29724994e+01 -5.76281728e+00
-2.94542094e+00 3.28117681e+01 -5.73504374e+00
-3.47733473e+00 3.27427939e+01 -5.73107609e+00
-4.01187061e+00 3.26985095e+01 -5.73504374e+00
-4.54125747e+00 3.26122583e+01 -5.73107609e+00
-5.07148438e+00 3.25340200e+01 -5.73107609e+00
-5.62319790e+00 3.25794350e+01 -5.76281728e+00
-6.15274722e+00 3.24835903e+01 -5.76281728e+00
-6.68066632e+00 3.23791389e+01 -5.76281728e+00
-7.20681533e+00 3.22661084e+01 -5.76281728e+00
-7.73105484e+00 3.21445287e+01 -5.76281728e+00
-8.16109787e+00 3.16569887e+01 -5.67552902e+00
-9.04039753e+00 3.28464792e+01 -6.00087616e+00
-9.56912563e+00 3.26788751e+01 -5.99690851e+00
-1.02490704e+01 3.29994976e+01 -6.11593795e+00
-1.08215018e+01 3.29398855e+01 -6.14371149e+00
-1.15265924e+01 3.32508273e+01 -6.26670857e+00
-1.21928515e+01 3.34055590e+01 -6.35399683e+00
-1.23339706e+01 3.37921922e+01 -6.96501612e+00
-1.58300382e+01 4.56650018e+01 -1.00661941e+01
-1.52412356e+01 4.63932422e+01 -1.01920877e+01
-1.03771006e+01 3.34117238e+01 -6.71742545e+00
-9.82718499e+00 3.35601561e+01 -6.71322900e+00
-9.15093360e+00 3.32480900e+01 -6.59153189e+00
-8.60854336e+00 3.33926347e+01 -6.59153189e+00
-7.94655730e+00 3.30405546e+01 -6.46563834e+00
-7.40770466e+00 3.31655232e+01 -6.46563834e+00
-6.66413770e+00 3.22990297e+01 -6.21385122e+00
-6.13752472e+00 3.24032227e+01 -6.21385122e+00
-5.60644125e+00 3.24823510e+01 -6.20965477e+00
-5.07698448e+00 3.25693037e+01 -6.20965477e+00
-4.54618253e+00 3.26476268e+01 -6.20965477e+00
-4.01621254e+00 3.27338982e+01 -6.21385122e+00
-3.48287202e+00 3.27949334e+01 -6.21385122e+00
-2.94860869e+00 3.28472793e+01 -6.21385122e+00
-2.41478795e+00 3.29076002e+01 -6.21804767e+00
-1.87788002e+00 3.29258503e+01 -6.21385122e+00
-1.34169838e+00 3.29520545e+01 -6.21385122e+00
-8.05161253e-01 3.29695279e+01 -6.21385122e+00
-2.68410790e-01 3.29782657e+01 -6.21385122e+00
2.68410790e-01 3.29782657e+01 -6.21385122e+00
8.08019172e-01 3.30865532e+01 -6.24322638e+00
1.34714108e+00 3.30857269e+01 -6.24742284e+00
1.88835443e+00 3.31095036e+01 -6.26001219e+00
2.43069799e+00 3.31244148e+01 -6.27260155e+00
2.96505539e+00 3.30304944e+01 -6.26001219e+00
3.51642725e+00 3.31108914e+01 -6.29358381e+00
4.05286965e+00 3.30326698e+01 -6.28938736e+00
4.60845556e+00 3.30948298e+01 -6.32295897e+00
5.21349655e+00 3.34450406e+01 -6.43206672e+00
5.77709973e+00 3.34711046e+01 -6.46144188e+00
6.32114233e+00 3.33726367e+01 -6.46144188e+00
6.89054364e+00 3.33963498e+01 -6.49501350e+00
7.43322195e+00 3.32797684e+01 -6.49501350e+00
8.79122473e+00 3.65525509e+01 -7.37207196e+00
9.38502461e+00 3.64046141e+01 -7.37207196e+00
1.00118391e+01 3.63760183e+01 -7.40564357e+00
1.03535299e+01 3.53576413e+01 -7.18323162e+00
1.08135907e+01 3.48171150e+01 -7.08671322e+00
1.22400771e+01 3.72579280e+01 -7.77912779e+00
1.28394241e+01 3.70379604e+01 -7.77493134e+00
1.23339706e+01 3.37921922e+01 -6.96501612e+00
1.23173426e+01 3.37466354e+01 -7.46897993e+00
1.17500440e+01 3.38954192e+01 -7.45570651e+00
1.12071749e+01 3.41138469e+01 -7.46455546e+00
1.08975529e+01 3.50874527e+01 -7.68577911e+00
1.09618749e+01 3.74351592e+01 -8.28750743e+00
1.03422479e+01 3.75764927e+01 -8.27865848e+00
8.95549920e+00 3.47384802e+01 -7.45570651e+00
8.55643517e+00 3.55763323e+01 -7.64595885e+00
8.06340682e+00 3.61012107e+01 -7.75214620e+00
7.65992178e+00 3.71252895e+01 -7.99549221e+00
6.42197410e+00 3.39049807e+01 -7.09289973e+00
5.78422438e+00 3.35123831e+01 -6.96016555e+00
5.21744522e+00 3.34703717e+01 -6.92476976e+00
4.67195801e+00 3.35508618e+01 -6.92476976e+00
4.10899824e+00 3.34901424e+01 -6.88937398e+00
3.51230052e+00 3.30720339e+01 -6.76106426e+00
2.97799260e+00 3.31746139e+01 -6.77433768e+00
2.42907933e+00 3.31023564e+01 -6.74336637e+00
1.88995168e+00 3.31375091e+01 -6.74336637e+00
1.34557769e+00 3.30473303e+01 -6.71239506e+00
8.08709761e-01 3.31148313e+01 -6.72566848e+00
2.69051234e-01 3.30569538e+01 -6.70797059e+00
-2.68508737e-01 3.29902999e+01 -6.69027270e+00
-8.05861904e-01 3.29982180e+01 -6.69469717e+00
-1.33812034e+00 3.28641779e+01 -6.66372586e+00
-1.87287208e+00 3.28380436e+01 -6.66372586e+00
-2.40712760e+00 3.28032086e+01 -6.66372586e+00
-2.94074533e+00 3.27596822e+01 -6.66372586e+00
-3.47182404e+00 3.26909050e+01 -6.65930139e+00
-4.00347276e+00 3.26300634e+01 -6.65930139e+00
-4.53635902e+00 3.25770810e+01 -6.66372586e+00
-5.06601400e+00 3.24989271e+01 -6.66372586e+00
-5.59432671e+00 3.24121623e+01 -6.66372586e+00
-6.12115716e+00 3.23168098e+01 -6.66372586e+00
-6.64636576e+00 3.22128946e+01 -6.66372586e+00
-7.16981337e+00 3.21004445e+01 -6.66372586e+00
-7.72253511e+00 3.21091050e+01 -6.69912164e+00
-8.45630731e+00 3.28021094e+01 -6.92476976e+00
-8.99352780e+00 3.26761874e+01 -6.92919424e+00
-9.66469433e+00 3.30052453e+01 -7.06192842e+00
-1.02006391e+01 3.28435609e+01 -7.06192842e+00
-1.08847111e+01 3.31322898e+01 -7.19023814e+00
-1.73336092e+01 5.00023618e+01 -1.19819423e+01
-1.66939488e+01 4.57375120e+01 -1.08581262e+01
-1.29016794e+01 3.53475815e+01 -8.46599278e+00
-1.20364194e+01 3.47215279e+01 -8.21945435e+00
-1.13142133e+01 3.44396641e+01 -8.07990430e+00
-1.02104721e+01 3.28752205e+01 -7.56822077e+00
-9.66467955e+00 3.30051948e+01 -7.55891743e+00
-9.13058043e+00 3.31741408e+01 -7.56356910e+00
-8.44848497e+00 3.27717665e+01 -7.40541237e+00
-7.92946982e+00 3.29695075e+01 -7.42401905e+00
-7.36282402e+00 3.29645852e+01 -7.38680570e+00
-6.65083722e+00 3.22345664e+01 -7.14491894e+00
-6.12836494e+00 3.23548634e+01 -7.14957061e+00
-5.57550038e+00 3.23030872e+01 -7.10770559e+00
-5.05152267e+00 3.24059638e+01 -7.11235726e+00
-4.52338276e+00 3.24838942e+01 -7.11235726e+00
-3.99404436e+00 3.25532177e+01 -7.11235726e+00
-3.46364770e+00 3.26139160e+01 -7.11235726e+00
-2.93233333e+00 3.26659731e+01 -7.11235726e+00
-2.39902701e+00 3.26928175e+01 -7.10770559e+00
-1.86751473e+00 3.27441104e+01 -7.11235726e+00
-1.33429264e+00 3.27701699e+01 -7.11235726e+00
-8.00717025e-01 3.27875468e+01 -7.11235726e+00
-2.68010208e-01 3.29290482e+01 -7.14957061e+00
2.68010208e-01 3.29290482e+01 -7.14957061e+00
8.03554288e-01 3.29037263e+01 -7.14491894e+00
1.33902058e+00 3.28862879e+01 -7.14491894e+00
1.87791344e+00 3.29264363e+01 -7.16352561e+00
2.41239205e+00 3.28749500e+01 -7.15887394e+00
2.95905160e+00 3.29636126e+01 -7.19608729e+00
3.49696041e+00 3.29275905e+01 -7.20073896e+00
4.04458904e+00 3.29651791e+01 -7.22864897e+00
4.52338276e+00 3.24838942e+01 -7.11235726e+00
5.20494767e+00 3.33901988e+01 -7.39145737e+00
5.74492542e+00 3.32846945e+01 -7.38680570e+00
6.31065545e+00 3.33172710e+01 -7.42401905e+00
6.84876865e+00 3.31938793e+01 -7.41936738e+00
7.52929717e+00 3.37099131e+01 -7.60078245e+00
8.30604654e+00 3.45352552e+01 -7.87523089e+00
8.99140899e+00 3.48777747e+01 -8.01478094e+00
9.43897131e+00 3.42946175e+01 -7.88918589e+00
1.07470855e+01 3.67016462e+01 -8.63810452e+00
1.12347192e+01 3.61730456e+01 -8.53576781e+00
1.12831232e+01 3.43450281e+01 -8.05199429e+00
1.17155934e+01 3.37960395e+01 -7.94500591e+00
1.21389070e+01 3.32577635e+01 -7.84266921e+00
1.20953762e+01 3.31384995e+01 -8.32062912e+00
1.15597961e+01 3.33466101e+01 -8.32550712e+00
1.10154831e+01 3.35303507e+01 -8.32550712e+00
1.05565408e+01 3.39894772e+01 -8.41331105e+00
9.98330782e+00 3.40933207e+01 -8.39379906e+00
9.39633132e+00 3.41396936e+01 -8.35965309e+00
9.17790926e+00 3.56012113e+01 -8.75964877e+00
8.68615511e+00 3.61156877e+01 -8.87184268e+00
8.20168969e+00 3.67203260e+01 -9.01330457e+00
7.05822393e+00 3.42090447e+01 -8.21819120e+00
6.40814278e+00 3.38319579e+01 -8.07185132e+00
5.76941920e+00 3.34266054e+01 -7.92063344e+00
5.20674183e+00 3.34017085e+01 -7.88648746e+00
4.66465443e+00 3.34984123e+01 -7.89136546e+00
4.10267314e+00 3.34385901e+01 -7.85234149e+00
3.45306531e+00 3.25142716e+01 -7.55966172e+00
2.92337424e+00 3.25661695e+01 -7.55966172e+00
2.42316463e+00 3.30217537e+01 -7.68161162e+00
1.87875832e+00 3.29412500e+01 -7.64746565e+00
1.34232591e+00 3.29674665e+01 -7.64746565e+00
8.05537833e-01 3.29849480e+01 -7.64746565e+00
2.67459608e-01 3.28613988e+01 -7.60844168e+00
-0.00000000e+00 0.00000000e+00 -0.00000000e+00
-8.01500489e-01 3.28196279e+01 -7.59868569e+00
-1.33559819e+00 3.28022340e+01 -7.59868569e+00
-1.86934201e+00 3.27761490e+01 -7.59868569e+00
-2.40017006e+00 3.27083944e+01 -7.58892970e+00
-2.93520248e+00 3.26979352e+01 -7.59868569e+00
-3.45306531e+00 3.25142716e+01 -7.55966172e+00
-3.98184145e+00 3.24537587e+01 -7.55966172e+00
-4.50728182e+00 3.23682681e+01 -7.55478372e+00
-5.03863593e+00 3.23232943e+01 -7.56453972e+00
-5.58096958e+00 3.23347744e+01 -7.59380769e+00
-6.01729300e+00 3.17684562e+01 -7.45234581e+00
-6.63049677e+00 3.21359825e+01 -7.59380769e+00
-7.15269458e+00 3.20238008e+01 -7.59380769e+00
-7.67686425e+00 3.19192126e+01 -7.59868569e+00
-8.19126687e+00 3.17740146e+01 -7.59380769e+00
-8.97066496e+00 3.25931198e+01 -7.88648746e+00
-9.49999355e+00 3.24427868e+01 -7.88648746e+00
-1.00268051e+01 3.22838577e+01 -7.88648746e+00
-1.07058010e+01 3.25877002e+01 -8.03282735e+00
-1.13973038e+01 3.28778676e+01 -8.17916723e+00
-1.21010462e+01 3.31540340e+01 -8.32550712e+00
-1.22246805e+01 3.34927629e+01 -8.95479075e+00
-1.23629490e+01 3.56634697e+01 -9.60292429e+00
-1.09789637e+01 3.34191881e+01 -8.80679175e+00
-1.02870041e+01 3.31216348e+01 -8.65368934e+00
-9.60767876e+00 3.28105352e+01 -8.50058692e+00
-8.97620515e+00 3.26132490e+01 -8.38831182e+00
-8.41128180e+00 3.26274549e+01 -8.34748451e+00
-7.87909159e+00 3.27600426e+01 -8.34748451e+00
-7.12941771e+00 3.19195864e+01 -8.04127969e+00
-6.60891928e+00 3.20314030e+01 -8.04127969e+00
-6.08973464e+00 3.21509138e+01 -8.04638310e+00
-5.56280755e+00 3.22295480e+01 -8.04127969e+00
-5.04000799e+00 3.23320962e+01 -8.04638310e+00
-4.44265978e+00 3.19041960e+01 -7.88817727e+00
-3.96689011e+00 3.23318986e+01 -8.00045238e+00
-3.44183868e+00 3.24085610e+01 -8.00555579e+00
-2.91386975e+00 3.24602902e+01 -8.00555579e+00
-2.39356553e+00 3.26183911e+01 -8.04127969e+00
-1.86325783e+00 3.26694719e+01 -8.04638310e+00
-1.32790120e+00 3.26131964e+01 -8.02086603e+00
-8.00098043e-01 3.27622009e+01 -8.06169334e+00
-2.66186764e-01 3.27050109e+01 -8.04127969e+00
2.66186764e-01 3.27050109e+01 -8.04127969e+00
8.00098043e-01 3.27622009e+01 -8.06169334e+00
1.33259119e+00 3.27283823e+01 -8.05658993e+00
1.87263533e+00 3.28338924e+01 -8.09741724e+00
2.40682330e+00 3.27990618e+01 -8.09741724e+00
2.93890114e+00 3.27391380e+01 -8.09231382e+00
3.48705860e+00 3.28343544e+01 -8.13824455e+00
3.96889567e+00 3.23482448e+01 -8.00555579e+00
4.49490107e+00 3.22793578e+01 -8.00555579e+00
5.17190907e+00 3.31782533e+01 -8.31176062e+00
5.71126512e+00 3.30896749e+01 -8.31176062e+00
6.27056202e+00 3.31055966e+01 -8.34748451e+00
6.83521264e+00 3.31281774e+01 -8.38831182e+00
7.48123127e+00 3.34947141e+01 -8.54141423e+00
8.62619994e+00 3.58664034e+01 -9.33754678e+00
9.34452266e+00 3.62475066e+01 -9.50595943e+00
9.82402847e+00 3.56936458e+01 -9.37837409e+00
9.91313305e+00 3.38536716e+01 -8.83741223e+00
1.04677395e+01 3.37035587e+01 -8.84251564e+00
1.09378429e+01 3.32940195e+01 -8.76596444e+00
1.14783194e+01 3.31115739e+01 -8.76596444e+00
1.20552812e+01 3.30286485e+01 -8.80168833e+00
1.20185592e+01 3.29280389e+01 -9.28643332e+00
1.14809985e+01 3.31193023e+01 -9.28643332e+00
1.09403959e+01 3.33017905e+01 -9.28643332e+00
1.03579856e+01 3.33501781e+01 -9.24381028e+00
9.81377378e+00 3.35143565e+01 -9.24381028e+00
9.33223149e+00 3.39067996e+01 -9.32372847e+00
8.78318885e+00 3.40700865e+01 -9.32905635e+00
8.51888322e+00 3.54201971e+01 -9.73397517e+00
8.13423925e+00 3.64183392e+01 -1.00216806e+01
7.51387409e+00 3.64174412e+01 -9.97905761e+00
6.36166821e+00 3.35865942e+01 -9.00405572e+00
5.79461489e+00 3.35725831e+01 -8.96676056e+00
5.17414551e+00 3.31926002e+01 -8.81225207e+00
4.63092378e+00 3.32561815e+01 -8.80692419e+00
4.07502245e+00 3.32132247e+01 -8.76962903e+00
3.53214045e+00 3.32588479e+01 -8.76430115e+00
2.90382162e+00 3.23483548e+01 -8.44995628e+00
2.37570391e+00 3.23749812e+01 -8.44462840e+00
1.87363250e+00 3.28513763e+01 -8.58848114e+00
1.33332683e+00 3.27464497e+01 -8.54585810e+00
8.00137436e-01 3.27638140e+01 -8.54585810e+00
2.66736037e-01 3.27724973e+01 -8.54585810e+00
-2.65668393e-01 3.26413214e+01 -8.50323507e+00
-7.96934790e-01 3.26326729e+01 -8.50323507e+00
-1.32598873e+00 3.25662262e+01 -8.48725143e+00
-1.85589234e+00 3.25403288e+01 -8.48725143e+00
-2.38530421e+00 3.25058096e+01 -8.48725143e+00
-2.91555014e+00 3.24790097e+01 -8.49257931e+00
-3.44382355e+00 3.24272506e+01 -8.49257931e+00
-3.97118448e+00 3.23668997e+01 -8.49257931e+00
-4.49523169e+00 3.22817321e+01 -8.48725143e+00
-5.02261032e+00 3.22204886e+01 -8.49257931e+00
-5.46272758e+00 3.16497091e+01 -8.33274294e+00
-6.06566180e+00 3.20238206e+01 -8.48725143e+00
-6.58942223e+00 3.19369068e+01 -8.49257931e+00
-7.10838513e+00 3.18254201e+01 -8.49257931e+00
-7.85169508e+00 3.26461322e+01 -8.80692419e+00
-8.38203480e+00 3.25140055e+01 -8.80692419e+00
-8.91015363e+00 3.23732640e+01 -8.80692419e+00
-9.57415390e+00 3.26960468e+01 -8.96676056e+00
-1.01050779e+01 3.25358771e+01 -8.96676056e+00
-1.07868602e+01 3.28344387e+01 -9.12659694e+00
-1.20341856e+01 3.47150842e+01 -9.83520487e+00
-1.30249359e+01 3.56852755e+01 -1.02401237e+01
-1.29813617e+01 3.55658922e+01 -1.07635855e+01
-1.24007372e+01 3.57724776e+01 -1.07635855e+01
-1.15468097e+01 3.51476712e+01 -1.04693639e+01
-1.08618265e+01 3.49724223e+01 -1.03416828e+01
-9.79113850e+00 3.34370562e+01 -9.73658558e+00
-9.13729762e+00 3.31985463e+01 -9.59780181e+00
-8.47346979e+00 3.28686828e+01 -9.43126129e+00
-7.93734489e+00 3.30022508e+01 -9.43126129e+00
-7.27813786e+00 3.25854312e+01 -9.24251537e+00
-6.75997553e+00 3.27635263e+01 -9.26472077e+00
-6.04352217e+00 3.19069338e+01 -8.93163973e+00
-5.52337354e+00 3.20010770e+01 -8.93163973e+00
-5.00427560e+00 3.21028697e+01 -8.93719108e+00
-4.48107541e+00 3.21800712e+01 -8.93719108e+00
-3.95470009e+00 3.22325446e+01 -8.93163973e+00
-3.43125208e+00 3.23088769e+01 -8.93719108e+00
-2.90490711e+00 3.23604471e+01 -8.93719108e+00
-2.37779246e+00 3.24034431e+01 -8.93719108e+00
-1.85004780e+00 3.24378536e+01 -8.93719108e+00
-1.32181296e+00 3.24636694e+01 -8.93719108e+00
-7.93227890e-01 3.24808838e+01 -8.93719108e+00
-2.64432651e-01 3.24894921e+01 -8.93719108e+00
2.64698353e-01 3.25221374e+01 -8.94829378e+00
7.93626407e-01 3.24972021e+01 -8.94274243e+00
1.32778965e+00 3.26104568e+01 -8.98715324e+00
1.85934242e+00 3.26008210e+01 -8.99270459e+00
2.38854387e+00 3.25499581e+01 -8.98715324e+00
2.91950133e+00 3.25230256e+01 -8.99270459e+00
3.41746123e+00 3.21790214e+01 -8.89278028e+00
4.04614052e+00 3.29778244e+01 -9.18700186e+00
4.59814234e+00 3.30207672e+01 -9.22586132e+00
5.13501100e+00 3.29415489e+01 -9.22586132e+00
5.75380905e+00 3.33361641e+01 -9.39240184e+00
6.61158794e+00 3.49060520e+01 -9.96974231e+00
7.27782958e+00 3.52734059e+01 -1.01362828e+01
7.87591682e+00 3.52617868e+01 -1.01751423e+01
8.33431704e+00 3.46527995e+01 -1.00086018e+01
8.71796141e+00 3.38170686e+01 -9.76434233e+00
9.16761883e+00 3.33087124e+01 -9.63666127e+00
9.71315620e+00 3.31707441e+01 -9.64221262e+00
1.02856794e+01 3.31173698e+01 -9.68107207e+00
1.08590297e+01 3.30541174e+01 -9.71993153e+00
1.13902653e+01 3.28575636e+01 -9.71438017e+00
1.19739484e+01 3.28058156e+01 -9.76434233e+00
1.19271035e+01 3.26774718e+01 -1.02404296e+01
1.13936334e+01 3.28672797e+01 -1.02404296e+01
1.08520740e+01 3.30329449e+01 -1.02346558e+01
1.02840485e+01 3.31121187e+01 -1.02000131e+01
9.70719770e+00 3.31503957e+01 -1.01538228e+01
9.16201285e+00 3.32883442e+01 -1.01480490e+01
8.59057706e+00 3.33229432e+01 -1.01076325e+01
8.04704267e+00 3.34583572e+01 -1.01076325e+01
7.58282715e+00 3.39495757e+01 -1.02404296e+01
7.17366997e+00 3.47685762e+01 -1.04944762e+01
6.69749448e+00 3.53595978e+01 -1.06676898e+01
6.09895493e+00 3.53358549e+01 -1.06214995e+01
5.45042188e+00 3.49649375e+01 -1.04540597e+01
4.64531175e+00 3.33595062e+01 -9.84781215e+00
4.05026607e+00 3.30114494e+01 -9.69769371e+00
3.50725628e+00 3.30245370e+01 -9.68037235e+00
2.91841473e+00 3.25109209e+01 -9.47828982e+00
2.35912554e+00 3.21490590e+01 -9.33394516e+00
1.85865040e+00 3.25886873e+01 -9.47828982e+00
1.32333278e+00 3.25009962e+01 -9.43787332e+00
7.94139946e-01 3.25182304e+01 -9.43787332e+00
2.64736697e-01 3.25268486e+01 -9.43787332e+00
-2.63811149e-01 3.24131312e+01 -9.39745681e+00
-7.90966919e-01 3.23883021e+01 -9.39168303e+00
-1.31870627e+00 3.23873692e+01 -9.39745681e+00
-1.84199936e+00 3.22967360e+01 -9.37436167e+00
-2.36863706e+00 3.22786775e+01 -9.38013545e+00
-2.89226961e+00 3.22196662e+01 -9.37436167e+00
-3.41804046e+00 3.21844755e+01 -9.38013545e+00
-3.94145317e+00 3.21245764e+01 -9.38013545e+00
-4.46158094e+00 3.20400751e+01 -9.37436167e+00
-4.98250501e+00 3.19632095e+01 -9.37436167e+00
-5.50210892e+00 3.18778750e+01 -9.37436167e+00
-6.18049471e+00 3.26300839e+01 -9.68037235e+00
-6.71736021e+00 3.25569829e+01 -9.69191992e+00
-7.34201551e+00 3.28714220e+01 -9.84781215e+00
-7.89128559e+00 3.28107434e+01 -9.87090730e+00
-8.41213278e+00 3.26307559e+01 -9.85358594e+00
-9.06716918e+00 3.29437487e+01 -1.00210257e+01
-9.83959598e+00 3.36025401e+01 -1.03212626e+01
-1.06743576e+01 3.43688184e+01 -1.06676898e+01
-1.13489856e+01 3.45455086e+01 -1.08004869e+01
-1.19044570e+01 3.43408552e+01 -1.07947131e+01
-1.25064065e+01 3.42646262e+01 -1.08409034e+01
-1.24544703e+01 3.41223332e+01 -1.13381015e+01
-1.17385698e+01 3.38623197e+01 -1.11582471e+01
-1.10344758e+01 3.35881631e+01 -1.09783928e+01
-1.06301444e+01 3.42264627e+01 -1.11582471e+01
-1.00716332e+01 3.43949548e+01 -1.11582471e+01
-9.47613556e+00 3.44296464e+01 -1.11102860e+01
-8.91850557e+00 3.45949816e+01 -1.11162811e+01
-8.35422282e+00 3.47355647e+01 -1.11162811e+01
-7.60448757e+00 3.40465530e+01 -1.08045336e+01
-6.87944441e+00 3.33425553e+01 -1.04927860e+01
-6.24255609e+00 3.29577386e+01 -1.03069365e+01
-5.70527719e+00 3.30549823e+01 -1.03069365e+01
-5.09179115e+00 3.26642897e+01 -1.01270822e+01
-4.56167068e+00 3.27588523e+01 -1.01330773e+01
-4.02785172e+00 3.28287626e+01 -1.01330773e+01
-3.49296555e+00 3.28899747e+01 -1.01330773e+01
-2.88055192e+00 3.20891321e+01 -9.81533465e+00
-2.35903974e+00 3.21478898e+01 -9.82132979e+00
-1.83453672e+00 3.21658896e+01 -9.81533465e+00
-1.31073068e+00 3.21914890e+01 -9.81533465e+00
-7.89734675e-01 3.23378445e+01 -9.86329581e+00
-2.63136576e-01 3.23302499e+01 -9.85730066e+00
2.63268143e-01 3.23464149e+01 -9.86329581e+00
7.89734675e-01 3.23378445e+01 -9.86329581e+00
1.31599196e+00 3.23207059e+01 -9.86329581e+00
1.84834393e+00 3.24079787e+01 -9.90526182e+00
2.37087032e+00 3.23091113e+01 -9.88128124e+00
2.90367705e+00 3.23467443e+01 -9.91125697e+00
3.51857356e+00 3.31311012e+01 -1.02230045e+01
4.17549881e+00 3.40321513e+01 -1.05827132e+01
4.79131268e+00 3.44079868e+01 -1.07505773e+01
5.35073547e+00 3.43254404e+01 -1.07505773e+01
5.91149005e+00 3.42497293e+01 -1.07565724e+01
6.49225595e+00 3.42760356e+01 -1.08045336e+01
6.95130878e+00 3.36908598e+01 -1.06246792e+01
7.52343956e+00 3.36836876e+01 -1.06666452e+01
7.98754755e+00 3.32109857e+01 -1.05347520e+01
8.52706336e+00 3.30765729e+01 -1.05347520e+01
9.09863785e+00 3.30580838e+01 -1.05827132e+01
9.63551769e+00 3.29056061e+01 -1.05827132e+01
1.02034081e+01 3.28524762e+01 -1.06246792e+01
1.07721130e+01 3.27895492e+01 -1.06666452e+01
1.14632427e+01 3.30680820e+01 -1.08464996e+01
1.19999721e+01 3.28771144e+01 -1.08464996e+01
1.19999721e+01 3.28771144e+01 -1.08464996e+01
