3.46416470e-01 4.37199572e-01 4.44787665e-01 1.00000000e+00
5.63020580e-01 5.72095284e-01 5.68108896e-01 1.00000000e+00
5.59617566e-01 5.79906012e-01 5.96694215e-01 1.00000000e+00
5.73132393e-01 5.77540107e-01 5.78836493e-01 1.00000000e+00
5.69859018e-01 5.71738778e-01 5.65678172e-01 1.00000000e+00
5.66293956e-01 5.64932750e-01 5.54658888e-01 1.00000000e+00
5.65256847e-01 5.62469616e-01 5.46621293e-01 1.00000000e+00
5.69567331e-01 5.67169016e-01 5.56149733e-01 1.00000000e+00
5.73553719e-01 5.70572030e-01 5.64576244e-01 1.00000000e+00
5.75271431e-01 5.75595527e-01 5.70474801e-01 1.00000000e+00
5.77442878e-01 5.81980230e-01 5.80132880e-01 1.00000000e+00
6.07486631e-01 6.16982661e-01 6.15880732e-01 1.00000000e+00
6.06352293e-01 6.18376276e-01 6.16464106e-01 1.00000000e+00
6.02009399e-01 6.19316156e-01 6.15264949e-01 1.00000000e+00
5.98120240e-01 6.09560849e-01 6.10662778e-01 1.00000000e+00
5.95819154e-01 6.00000000e-01 6.03403014e-01 1.00000000e+00
6.02657592e-01 6.05412413e-01 6.04926268e-01 1.00000000e+00
5.96532167e-01 5.95397829e-01 5.91638308e-01 1.00000000e+00
5.87911198e-01 5.87749149e-01 5.80748663e-01 1.00000000e+00
5.90406741e-01 5.90439151e-01 5.88689029e-01 1.00000000e+00
5.87133366e-01 5.91152163e-01 5.88105655e-01 1.00000000e+00
5.98314698e-01 6.00032410e-01 5.98217469e-01 1.00000000e+00
5.94328310e-01 5.99092530e-01 5.99157349e-01 1.00000000e+00
5.98476746e-01 6.05606871e-01 6.04440123e-01 1.00000000e+00
6.08296872e-01 6.28585318e-01 6.27094474e-01 1.00000000e+00
6.37854481e-01 6.59115216e-01 6.57073408e-01 1.00000000e+00
6.72370766e-01 6.80635229e-01 6.79306433e-01 1.00000000e+00
6.43299303e-01 6.49230271e-01 6.48128342e-01 1.00000000e+00
5.65548533e-02 5.60038892e-02 4.86793064e-02 1.00000000e+00
1.75174202e-01 1.18813807e-01 8.77329444e-02 1.00000000e+00
1.37384541e-01 9.29184897e-02 6.74769081e-02 1.00000000e+00
2.08070005e-01 1.66585643e-01 1.38972614e-01 1.00000000e+00
3.97828553e-01 3.84508183e-01 3.76146492e-01 1.00000000e+00
1.76016853e-01 1.28180198e-01 1.04780425e-01 1.00000000e+00
2.07681089e-01 1.46556474e-01 1.16545130e-01 1.00000000e+00
3.43315508e-01 2.27969535e-01 1.73618538e-01 1.00000000e+00
3.75563118e-01 2.48938584e-01 1.82109869e-01 1.00000000e+00
2.89418247e-01 1.94944093e-01 1.37708637e-01 1.00000000e+00
6.59212445e-02 6.15783503e-02 5.40593097e-02 1.00000000e+00
5.27305137e-02 5.15313563e-02 4.69940042e-02 1.00000000e+00
4.27483390e-02 4.54707503e-02 4.08361692e-02 1.00000000e+00
4.99108734e-02 4.94895479e-02 4.62161724e-02 1.00000000e+00
3.68076487e-01 3.65354076e-01 3.67687571e-01 1.00000000e+00
6.40641711e-01 6.41776049e-01 6.41776049e-01 1.00000000e+00
6.39928699e-01 6.41614001e-01 6.41549182e-01 1.00000000e+00
6.51434127e-01 6.54999190e-01 6.54124129e-01 1.00000000e+00
6.57267866e-01 6.63879436e-01 6.63328472e-01 1.00000000e+00
6.62258953e-01 6.70361368e-01 6.70264139e-01 1.00000000e+00
6.57786420e-01 6.74574623e-01 6.78334144e-01 1.00000000e+00
6.63004375e-01 6.79079566e-01 6.76713661e-01 1.00000000e+00
6.68384379e-01 6.78496192e-01 6.78723059e-01 1.00000000e+00
6.72630044e-01 6.77912818e-01 6.79306433e-01 1.00000000e+00
6.46151353e-01 6.46572679e-01 6.46767137e-01 1.00000000e+00
6.39410144e-01 6.41743640e-01 6.40706531e-01 1.00000000e+00
6.43688219e-01 6.41289904e-01 6.40252795e-01 1.00000000e+00
6.40900988e-01 6.40512073e-01 6.35650624e-01 1.00000000e+00
6.42586291e-01 6.42262194e-01 6.40382434e-01 1.00000000e+00
6.43817858e-01 6.45665208e-01 6.44109545e-01 1.00000000e+00
6.47609788e-01 6.48646897e-01 6.48095933e-01 1.00000000e+00
6.46216172e-01 6.52536056e-01 6.50364609e-01 1.00000000e+00
6.40512073e-01 6.45276292e-01 6.44822557e-01 1.00000000e+00
6.41257495e-01 6.43785448e-01 6.44044725e-01 1.00000000e+00
6.28390860e-01 6.31178091e-01 6.31242910e-01 1.00000000e+00
6.20871820e-01 6.21098687e-01 6.18635553e-01 1.00000000e+00
6.14649165e-01 6.14292659e-01 6.12088802e-01 1.00000000e+00
6.03565062e-01 6.00226868e-01 5.97083131e-01 1.00000000e+00
5.03127532e-01 5.00534759e-01 4.76551612e-01 1.00000000e+00
5.04197051e-01 5.01312591e-01 4.78690650e-01 1.00000000e+00
5.47625993e-01 5.43704424e-01 5.30708151e-01 1.00000000e+00
5.69761789e-01 5.69308054e-01 5.60589856e-01 1.00000000e+00
5.76146492e-01 5.78642035e-01 5.75984443e-01 1.00000000e+00
5.80878302e-01 5.91897585e-01 5.88721439e-01 1.00000000e+00
5.79128180e-01 5.91346621e-01 5.88948307e-01 1.00000000e+00
5.73683358e-01 5.85123967e-01 5.83795171e-01 1.00000000e+00
5.99578674e-01 6.04537352e-01 6.04666991e-01 1.00000000e+00
5.84670232e-01 5.86938908e-01 5.79679144e-01 1.00000000e+00
5.82466375e-01 5.77572517e-01 5.72678658e-01 1.00000000e+00
5.82628423e-01 5.79841193e-01 5.76114082e-01 1.00000000e+00
5.86874088e-01 5.87036137e-01 5.86387944e-01 1.00000000e+00
6.18830011e-01 6.19348566e-01 6.18279047e-01 1.00000000e+00
6.19510614e-01 6.29914114e-01 6.28941825e-01 1.00000000e+00
6.17112299e-01 6.34127370e-01 6.35747853e-01 1.00000000e+00
6.19996759e-01 6.32993032e-01 6.39669421e-01 1.00000000e+00
6.11343380e-01 6.22168206e-01 6.23659050e-01 1.00000000e+00
5.92027224e-01 6.04504942e-01 6.00713012e-01 1.00000000e+00
5.84054448e-01 5.87165775e-01 5.85286015e-01 1.00000000e+00
6.39215686e-01 6.41840869e-01 6.39021228e-01 1.00000000e+00
6.43850267e-01 6.47026414e-01 6.46443040e-01 1.00000000e+00
6.45730028e-01 6.52924972e-01 6.52536056e-01 1.00000000e+00
6.54869551e-01 6.62550640e-01 6.70555826e-01 1.00000000e+00
6.58661481e-01 6.80440771e-01 6.77102577e-01 1.00000000e+00
6.78658240e-01 7.00891266e-01 6.99011505e-01 1.00000000e+00
6.58985578e-01 6.70231729e-01 6.68611246e-01 1.00000000e+00
5.71965646e-01 5.72451791e-01 5.69470102e-01 1.00000000e+00
5.90503970e-02 5.89855777e-02 5.91476260e-02 1.00000000e+00
4.41743640e-02 4.39474964e-02 3.96046022e-02 1.00000000e+00
4.12250851e-02 4.14843623e-02 4.10306271e-02 1.00000000e+00
4.09658078e-02 4.08361692e-02 4.01879760e-02 1.00000000e+00
5.69113596e-02 5.47075028e-02 5.01053314e-02 1.00000000e+00
6.75417274e-02 6.00226868e-02 5.47075028e-02 1.00000000e+00
7.22411279e-02 5.76891914e-02 5.03646087e-02 1.00000000e+00
4.44012316e-02 4.12250851e-02 3.89239994e-02 1.00000000e+00
4.48225571e-02 4.04796629e-02 3.95721925e-02 1.00000000e+00
4.71884622e-02 4.24566521e-02 4.11278561e-02 1.00000000e+00
4.71236428e-02 4.56327986e-02 4.34937611e-02 1.00000000e+00
6.14487117e-02 6.26154594e-02 5.50315994e-02 1.00000000e+00
6.33576406e-01 6.36007130e-01 6.31955923e-01 1.00000000e+00
6.80959326e-01 6.82612218e-01 6.83454870e-01 1.00000000e+00
6.63587749e-01 6.72273538e-01 6.74704262e-01 1.00000000e+00
6.47512559e-01 6.64624858e-01 6.64560039e-01 1.00000000e+00
6.45730028e-01 6.66990763e-01 6.65856425e-01 1.00000000e+00
6.48614487e-01 6.60022687e-01 6.64754497e-01 1.00000000e+00
6.47318101e-01 6.56230757e-01 6.58207746e-01 1.00000000e+00
6.47382920e-01 6.56522444e-01 6.57170637e-01 1.00000000e+00
6.49262680e-01 6.51823043e-01 6.49748825e-01 1.00000000e+00
6.48128342e-01 6.50526657e-01 6.47966294e-01 1.00000000e+00
6.49878464e-01 6.50267380e-01 6.47285691e-01 1.00000000e+00
6.53540755e-01 6.54188948e-01 6.47707017e-01 1.00000000e+00
6.58045698e-01 6.58920758e-01 6.52341598e-01 1.00000000e+00
6.69194620e-01 6.71625344e-01 6.71236428e-01 1.00000000e+00
6.80408362e-01 6.83228002e-01 6.84816075e-01 1.00000000e+00
6.55128828e-01 6.62485821e-01 6.64041484e-01 1.00000000e+00
6.52406417e-01 6.58791120e-01 6.58434614e-01 1.00000000e+00
6.53378707e-01 6.56587263e-01 6.57883649e-01 1.00000000e+00
6.48614487e-01 6.50105331e-01 6.50040512e-01 1.00000000e+00
6.44044725e-01 6.46767137e-01 6.45827257e-01 1.00000000e+00
6.46637498e-01 6.45114244e-01 6.44141954e-01 1.00000000e+00
6.43169665e-01 6.42327013e-01 6.37595203e-01 1.00000000e+00
6.29622427e-01 6.27548209e-01 6.22913628e-01 1.00000000e+00
6.25214714e-01 6.25117485e-01 6.18635553e-01 1.00000000e+00
6.28779776e-01 6.27418571e-01 6.23270135e-01 1.00000000e+00
6.13871334e-01 6.13676876e-01 6.10889645e-01 1.00000000e+00
5.63020580e-01 5.67817210e-01 5.53848647e-01 1.00000000e+00
5.61076001e-01 5.65807811e-01 5.57867444e-01 1.00000000e+00
6.26770378e-01 6.29687247e-01 6.28423270e-01 1.00000000e+00
6.17177119e-01 6.21779290e-01 6.21066278e-01 1.00000000e+00
6.28034354e-01 6.28585318e-01 6.24955437e-01 1.00000000e+00
6.22070977e-01 6.22330254e-01 6.20709772e-01 1.00000000e+00
6.21844110e-01 6.20709772e-01 6.18376276e-01 1.00000000e+00
6.17630854e-01 6.17857722e-01 6.12283260e-01 1.00000000e+00
6.23302544e-01 6.21617242e-01 6.19640253e-01 1.00000000e+00
6.22459893e-01 6.25441582e-01 6.20418085e-01 1.00000000e+00
6.25473991e-01 6.33252309e-01 6.31404959e-01 1.00000000e+00
6.33025442e-01 6.43072436e-01 6.40933398e-01 1.00000000e+00
6.27224113e-01 6.42294604e-01 6.39410144e-01 1.00000000e+00
6.26122184e-01 6.36752552e-01 6.35456166e-01 1.00000000e+00
6.17728083e-01 6.27191703e-01 6.26608329e-01 1.00000000e+00
6.04310485e-01 6.08685788e-01 6.08685788e-01 1.00000000e+00
6.02560363e-01 6.03662291e-01 6.03597472e-01 1.00000000e+00
6.24598930e-01 6.23172906e-01 6.23367363e-01 1.00000000e+00
6.17177119e-01 6.18765192e-01 6.17339167e-01 1.00000000e+00
6.19089289e-01 6.20288446e-01 6.20158807e-01 1.00000000e+00
6.21617242e-01 6.27418571e-01 6.26187004e-01 1.00000000e+00
6.19575433e-01 6.30043753e-01 6.29816885e-01 1.00000000e+00
6.15362178e-01 6.34451467e-01 6.30108572e-01 1.00000000e+00
6.36363636e-01 6.51401718e-01 6.51239669e-01 1.00000000e+00
6.40706531e-01 6.53540755e-01 6.58726300e-01 1.00000000e+00
6.66407389e-01 6.75287636e-01 6.75125587e-01 1.00000000e+00
6.49295090e-01 6.54966780e-01 6.52147140e-01 1.00000000e+00
3.56441420e-01 3.60006482e-01 3.63150219e-01 1.00000000e+00
5.09803922e-02 5.12720791e-02 5.26981040e-02 1.00000000e+00
1.31129477e-01 8.21584832e-02 6.56295576e-02 1.00000000e+00
3.33009237e-01 1.95592287e-01 1.46556474e-01 1.00000000e+00
1.09512235e-01 7.41532977e-02 6.63425701e-02 1.00000000e+00
2.73764382e-01 1.85059148e-01 1.48565873e-01 1.00000000e+00
3.75174202e-01 2.55031599e-01 2.02009399e-01 1.00000000e+00
3.07567655e-01 2.04731810e-01 1.58774915e-01 1.00000000e+00
2.38373035e-01 1.60946362e-01 1.25068871e-01 1.00000000e+00
3.61626965e-01 2.16853022e-01 1.59649976e-01 1.00000000e+00
4.07972776e-01 2.46118943e-01 1.86938908e-01 1.00000000e+00
1.32944417e-01 8.09269162e-02 6.42359423e-02 1.00000000e+00
5.01377410e-02 4.89709934e-02 4.83876195e-02 1.00000000e+00
3.75919624e-01 3.83795171e-01 3.91346621e-01 1.00000000e+00
6.89871982e-01 7.04099822e-01 7.08345487e-01 1.00000000e+00
6.78820288e-01 6.92691622e-01 6.96191865e-01 1.00000000e+00
6.66763896e-01 6.75093178e-01 6.75968239e-01 1.00000000e+00
6.57300275e-01 6.60346783e-01 6.59406903e-01 1.00000000e+00
6.55031599e-01 6.54869551e-01 6.53249068e-01 1.00000000e+00
6.50818344e-01 6.53216659e-01 6.52892562e-01 1.00000000e+00
6.52827743e-01 6.55517744e-01 6.54869551e-01 1.00000000e+00
6.63749797e-01 6.69940042e-01 6.68708475e-01 1.00000000e+00
6.67541727e-01 6.81153784e-01 6.86015233e-01 1.00000000e+00
6.74704262e-01 6.82126074e-01 6.89839572e-01 1.00000000e+00
6.74801491e-01 6.86144871e-01 6.91492465e-01 1.00000000e+00
6.84816075e-01 6.88381138e-01 6.93501864e-01 1.00000000e+00
6.79598120e-01 6.83292821e-01 6.85788365e-01 1.00000000e+00
6.52892562e-01 6.51693405e-01 6.48744126e-01 1.00000000e+00
6.49586777e-01 6.50461838e-01 6.43331713e-01 1.00000000e+00
6.52471236e-01 6.52762923e-01 6.49035813e-01 1.00000000e+00
6.52179550e-01 6.54253768e-01 6.51790634e-01 1.00000000e+00
6.54837141e-01 6.60184735e-01 6.55679793e-01 1.00000000e+00
6.56619673e-01 6.66342570e-01 6.67152812e-01 1.00000000e+00
6.58726300e-01 6.71819802e-01 6.68708475e-01 1.00000000e+00
6.68384379e-01 6.71139199e-01 6.71917031e-01 1.00000000e+00
6.30918814e-01 6.31631826e-01 6.30789175e-01 1.00000000e+00
6.21033868e-01 6.21487603e-01 6.19348566e-01 1.00000000e+00
6.14389888e-01 6.13676876e-01 6.10889645e-01 1.00000000e+00
5.98217469e-01 5.96823854e-01 5.84184087e-01 1.00000000e+00
5.30870199e-01 5.33300924e-01 5.17193324e-01 1.00000000e+00
5.36088154e-01 5.40009723e-01 5.23415978e-01 1.00000000e+00
6.16366877e-01 6.16204829e-01 6.15945552e-01 1.00000000e+00
6.24112786e-01 6.27483390e-01 6.27742667e-01 1.00000000e+00
6.26316642e-01 6.29136283e-01 6.27645438e-01 1.00000000e+00
6.17598444e-01 6.27224113e-01 6.26057365e-01 1.00000000e+00
6.21746881e-01 6.26835197e-01 6.25668449e-01 1.00000000e+00
6.17177119e-01 6.18441095e-01 6.18181818e-01 1.00000000e+00
6.05833738e-01 6.06546751e-01 6.05088316e-01 1.00000000e+00
6.05120726e-01 6.04991087e-01 6.04148436e-01 1.00000000e+00
6.16269648e-01 6.14389888e-01 6.14260250e-01 1.00000000e+00
6.12672176e-01 6.21163507e-01 6.20061578e-01 1.00000000e+00
6.21876519e-01 6.28585318e-01 6.27062064e-01 1.00000000e+00
6.22070977e-01 6.32020742e-01 6.33835683e-01 1.00000000e+00
6.22589532e-01 6.30789175e-01 6.32571706e-01 1.00000000e+00
6.40285205e-01 6.48808945e-01 6.48193162e-01 1.00000000e+00
6.21876519e-01 6.30886404e-01 6.29881705e-01 1.00000000e+00
6.08912656e-01 6.17112299e-01 6.15491817e-01 1.00000000e+00
6.25798088e-01 6.28779776e-01 6.26900016e-01 1.00000000e+00
6.32636526e-01 6.31534597e-01 6.31469778e-01 1.00000000e+00
6.29460379e-01 6.30335440e-01 6.28909415e-01 1.00000000e+00
6.29590018e-01 6.32636526e-01 6.28358451e-01 1.00000000e+00
6.33317129e-01 6.37303516e-01 6.36622914e-01 1.00000000e+00
2.91978610e-01 2.86728245e-01 3.04261870e-01 1.00000000e+00
2.62745098e-01 1.60849133e-01 1.20952844e-01 1.00000000e+00
4.88251499e-01 4.38243397e-01 4.49975693e-01 1.00000000e+00
6.74185707e-01 6.82871496e-01 6.80667639e-01 1.00000000e+00
5.68983957e-01 5.50251175e-01 5.49635391e-01 1.00000000e+00
2.96256684e-01 1.85545292e-01 1.45551774e-01 1.00000000e+00
3.38454059e-01 2.16917842e-01 1.45324907e-01 1.00000000e+00
3.01733917e-01 1.90341922e-01 1.24777184e-01 1.00000000e+00
5.88202884e-01 4.13385189e-01 3.14470912e-01 1.00000000e+00
6.06514341e-01 4.35423756e-01 3.35213094e-01 1.00000000e+00
7.04294280e-01 5.39231891e-01 4.22265435e-01 1.00000000e+00
6.91686923e-01 5.26494895e-01 4.12412899e-01 1.00000000e+00
6.51142440e-01 4.80991736e-01 3.73262032e-01 1.00000000e+00
5.02058013e-01 3.47107438e-01 2.69842813e-01 1.00000000e+00
5.07988981e-01 3.50542862e-01 2.67801005e-01 1.00000000e+00
3.86938908e-01 2.43915087e-01 1.76146492e-01 1.00000000e+00
4.48549668e-01 2.83584508e-01 2.15815913e-01 1.00000000e+00
5.01280181e-01 3.38454059e-01 2.45697618e-01 1.00000000e+00
3.93744936e-01 2.46118943e-01 1.75012154e-01 1.00000000e+00
1.47042619e-01 1.37838276e-01 1.31097067e-01 1.00000000e+00
6.77459083e-01 6.84167882e-01 6.85367039e-01 1.00000000e+00
6.82936315e-01 6.90196078e-01 6.95349214e-01 1.00000000e+00
6.80732458e-01 6.86306919e-01 6.92140658e-01 1.00000000e+00
6.78820288e-01 6.82450170e-01 6.86825474e-01 1.00000000e+00
6.80375952e-01 6.88964511e-01 6.90844272e-01 1.00000000e+00
6.80311133e-01 6.84880895e-01 6.84654027e-01 1.00000000e+00
6.80375952e-01 6.82255712e-01 6.81056555e-01 1.00000000e+00
6.81672338e-01 6.83876195e-01 6.84265111e-01 1.00000000e+00
6.84135472e-01 6.87732944e-01 6.87149571e-01 1.00000000e+00
6.86371739e-01 6.90876681e-01 6.92432345e-01 1.00000000e+00
6.87084751e-01 6.89742343e-01 6.97002107e-01 1.00000000e+00
6.77783179e-01 6.87279209e-01 6.94603792e-01 1.00000000e+00
6.78755469e-01 6.87603306e-01 6.90844272e-01 1.00000000e+00
6.78301734e-01 6.87603306e-01 6.87376438e-01 1.00000000e+00
6.25733269e-01 6.40090747e-01 6.37303516e-01 1.00000000e+00
6.21487603e-01 6.37692432e-01 6.34192189e-01 1.00000000e+00
6.20839410e-01 6.30886404e-01 6.28423270e-01 1.00000000e+00
6.30886404e-01 6.33608815e-01 6.32960622e-01 1.00000000e+00
6.29881705e-01 6.31307730e-01 6.30205801e-01 1.00000000e+00
6.23950737e-01 6.23659050e-01 6.20936639e-01 1.00000000e+00
6.14325069e-01 6.14584346e-01 6.10176633e-01 1.00000000e+00
6.17630854e-01 6.14130611e-01 6.08556150e-01 1.00000000e+00
6.03727111e-01 6.03986388e-01 5.91962405e-01 1.00000000e+00
5.59487927e-01 5.59617566e-01 5.48727921e-01 1.00000000e+00
5.38778156e-01 5.40819964e-01 5.33592611e-01 1.00000000e+00
6.21390374e-01 6.23302544e-01 6.22459893e-01 1.00000000e+00
6.23918328e-01 6.33900502e-01 6.30432669e-01 1.00000000e+00
6.35196889e-01 6.36493275e-01 6.37530384e-01 1.00000000e+00
6.34386647e-01 6.38891590e-01 6.38243397e-01 1.00000000e+00
6.40285205e-01 6.43623400e-01 6.42521471e-01 1.00000000e+00
6.33770864e-01 6.35099660e-01 6.33803273e-01 1.00000000e+00
6.22200616e-01 6.26900016e-01 6.25052666e-01 1.00000000e+00
6.23205315e-01 6.22881219e-01 6.22946038e-01 1.00000000e+00
6.14260250e-01 6.15102901e-01 6.14908443e-01 1.00000000e+00
6.12348080e-01 6.13903743e-01 6.13838924e-01 1.00000000e+00
6.15329768e-01 6.16626155e-01 6.15783503e-01 1.00000000e+00
6.15751094e-01 6.17436396e-01 6.17598444e-01 1.00000000e+00
6.17436396e-01 6.20904229e-01 6.20256036e-01 1.00000000e+00
6.36493275e-01 6.39928699e-01 6.40674121e-01 1.00000000e+00
6.33738454e-01 6.39896289e-01 6.39377735e-01 1.00000000e+00
6.34840382e-01 6.44141954e-01 6.46378221e-01 1.00000000e+00
6.25441582e-01 6.37465565e-01 6.37238697e-01 1.00000000e+00
6.45827257e-01 6.59763409e-01 6.60606061e-01 1.00000000e+00
6.41516772e-01 6.54675093e-01 6.56814131e-01 1.00000000e+00
6.43169665e-01 6.48420029e-01 6.49781235e-01 1.00000000e+00
6.30238211e-01 6.42002917e-01 6.38794361e-01 1.00000000e+00
5.37416950e-01 5.34694539e-01 5.37708637e-01 1.00000000e+00
1.06076811e-01 1.04359099e-01 1.09577054e-01 1.00000000e+00
1.07438017e-01 8.36493275e-02 7.32782369e-02 1.00000000e+00
4.18149409e-01 2.68578836e-01 1.94393129e-01 1.00000000e+00
4.69421488e-01 3.09058499e-01 2.31761465e-01 1.00000000e+00
4.07421812e-01 2.63004375e-01 2.02236266e-01 1.00000000e+00
2.31178091e-01 1.38648517e-01 9.38259601e-02 1.00000000e+00
2.68611246e-01 1.62404797e-01 1.23318749e-01 1.00000000e+00
2.82190893e-01 1.82433965e-01 1.29573813e-01 1.00000000e+00
6.01199157e-01 4.36104359e-01 3.37676228e-01 1.00000000e+00
6.29363150e-01 4.54675093e-01 3.44871172e-01 1.00000000e+00
6.18732782e-01 4.50072922e-01 3.32458273e-01 1.00000000e+00
4.69162210e-01 3.18878626e-01 2.30367850e-01 1.00000000e+00
2.43753038e-01 1.25425377e-01 1.03484038e-01 1.00000000e+00
3.25425377e-01 1.68011667e-01 1.57932264e-01 1.00000000e+00
2.67801005e-01 1.64284557e-01 1.16836817e-01 1.00000000e+00
4.17760493e-01 2.72143899e-01 1.99027710e-01 1.00000000e+00
5.00016205e-01 3.40398639e-01 2.62064495e-01 1.00000000e+00
1.44611894e-01 1.05655485e-01 9.13304165e-02 1.00000000e+00
1.70766488e-01 1.53589370e-01 1.72840707e-01 1.00000000e+00
5.12558743e-01 5.10322476e-01 5.39847675e-01 1.00000000e+00
5.89077945e-01 5.82466375e-01 5.98800843e-01 1.00000000e+00
6.34840382e-01 6.52049911e-01 6.61157025e-01 1.00000000e+00
7.07697294e-01 7.12299465e-01 7.14762599e-01 1.00000000e+00
7.18911035e-01 7.24712364e-01 7.28342246e-01 1.00000000e+00
6.80602820e-01 6.81996435e-01 6.80700049e-01 1.00000000e+00
6.79209204e-01 6.84686437e-01 6.85042943e-01 1.00000000e+00
6.86306919e-01 6.87246800e-01 6.92918490e-01 1.00000000e+00
6.92237887e-01 6.92302706e-01 6.90487765e-01 1.00000000e+00
7.01507049e-01 7.04359099e-01 7.06530546e-01 1.00000000e+00
6.94441744e-01 7.04585967e-01 7.04910063e-01 1.00000000e+00
6.95608491e-01 7.10484524e-01 7.14308864e-01 1.00000000e+00
6.96548371e-01 7.03289580e-01 7.01863555e-01 1.00000000e+00
6.83001134e-01 6.87797764e-01 6.89029331e-01 1.00000000e+00
6.77880408e-01 6.81510290e-01 6.81121374e-01 1.00000000e+00
6.80700049e-01 6.82126074e-01 6.81607519e-01 1.00000000e+00
6.80700049e-01 6.82741857e-01 6.82741857e-01 1.00000000e+00
6.81964025e-01 6.84816075e-01 6.84751256e-01 1.00000000e+00
6.18992060e-01 6.20288446e-01 6.18797602e-01 1.00000000e+00
6.11635067e-01 6.12088802e-01 6.11051693e-01 1.00000000e+00
6.10046994e-01 6.07810728e-01 6.03467833e-01 1.00000000e+00
6.12736996e-01 6.12769405e-01 6.10241452e-01 1.00000000e+00
6.08815427e-01 6.08167234e-01 6.00939880e-01 1.00000000e+00
5.74299141e-01 5.77280830e-01 5.73942635e-01 1.00000000e+00
5.67201426e-01 5.75952034e-01 5.72354562e-01 1.00000000e+00
6.11861935e-01 6.19737482e-01 6.17728083e-01 1.00000000e+00
6.17533625e-01 6.24890617e-01 6.23205315e-01 1.00000000e+00
6.21131097e-01 6.22881219e-01 6.22427483e-01 1.00000000e+00
6.19802301e-01 6.21131097e-01 6.16853022e-01 1.00000000e+00
6.19348566e-01 6.20158807e-01 6.18538324e-01 1.00000000e+00
6.23432183e-01 6.23010857e-01 6.21228326e-01 1.00000000e+00
6.26575920e-01 6.26219413e-01 6.26089775e-01 1.00000000e+00
6.24015557e-01 6.26154594e-01 6.22070977e-01 1.00000000e+00
6.23432183e-01 6.29687247e-01 6.26802787e-01 1.00000000e+00
6.22978448e-01 6.37919300e-01 6.35909901e-01 1.00000000e+00
6.24760979e-01 6.42521471e-01 6.38956409e-01 1.00000000e+00
6.20644952e-01 6.33349538e-01 6.31955923e-01 1.00000000e+00
6.38502674e-01 6.47998704e-01 6.46605088e-01 1.00000000e+00
6.35164479e-01 6.40576892e-01 6.39280506e-01 1.00000000e+00
6.23043267e-01 6.25506401e-01 6.25960136e-01 1.00000000e+00
6.43882677e-01 6.44660509e-01 6.42975207e-01 1.00000000e+00
6.38599903e-01 6.38923999e-01 6.38470264e-01 1.00000000e+00
6.39896289e-01 6.44790147e-01 6.43428942e-01 1.00000000e+00
6.38891590e-01 6.46410630e-01 6.45762437e-01 1.00000000e+00
5.43283098e-01 5.44968401e-01 5.55760817e-01 1.00000000e+00
5.10484524e-01 4.75968239e-01 5.23642846e-01 1.00000000e+00
4.87797764e-01 4.92659212e-01 5.01701507e-01 1.00000000e+00
4.03662291e-01 4.02301086e-01 4.34094960e-01 1.00000000e+00
1.99643494e-01 1.87943607e-01 2.03111327e-01 1.00000000e+00
6.67963053e-02 6.43979906e-02 6.56943769e-02 1.00000000e+00
2.72954140e-01 1.81980230e-01 1.34435262e-01 1.00000000e+00
4.19510614e-01 2.60994977e-01 1.91573489e-01 1.00000000e+00
3.04067412e-01 1.85545292e-01 1.25911522e-01 1.00000000e+00
3.04067412e-01 1.97115540e-01 1.34986226e-01 1.00000000e+00
6.18797602e-01 4.60994977e-01 3.45616594e-01 1.00000000e+00
7.04877654e-01 5.53913466e-01 4.29006644e-01 1.00000000e+00
7.05914763e-01 5.56214552e-01 4.32733755e-01 1.00000000e+00
7.00210663e-01 5.48987198e-01 4.26900016e-01 1.00000000e+00
6.72435586e-01 5.06303678e-01 3.94717226e-01 1.00000000e+00
5.97083131e-01 4.32733755e-01 3.30157187e-01 1.00000000e+00
3.29865500e-01 2.04634581e-01 1.43931292e-01 1.00000000e+00
2.96094636e-01 1.83211797e-01 1.22443688e-01 1.00000000e+00
2.94150057e-01 1.92480959e-01 1.26559715e-01 1.00000000e+00
6.68287150e-02 6.12218441e-02 5.85642521e-02 1.00000000e+00
3.17647059e-01 3.07470426e-01 3.44125749e-01 1.00000000e+00
4.64689678e-01 4.59731000e-01 4.81575109e-01 1.00000000e+00
5.20434289e-01 5.12688381e-01 5.47399125e-01 1.00000000e+00
5.18684168e-01 5.28082969e-01 5.42602496e-01 1.00000000e+00
5.35180684e-01 5.25392967e-01 5.50737320e-01 1.00000000e+00
5.76535408e-01 5.75271431e-01 5.76373359e-01 1.00000000e+00
6.94020418e-01 7.01669097e-01 6.99951386e-01 1.00000000e+00
7.05363798e-01 7.08961270e-01 7.08604764e-01 1.00000000e+00
7.16771998e-01 7.18327662e-01 7.22994652e-01 1.00000000e+00
6.86209690e-01 6.87408848e-01 6.90617404e-01 1.00000000e+00
6.93501864e-01 6.96678010e-01 7.02058013e-01 1.00000000e+00
6.94863069e-01 7.04974883e-01 7.07049101e-01 1.00000000e+00
6.97617890e-01 7.01766326e-01 7.03905364e-01 1.00000000e+00
6.98233674e-01 7.00275482e-01 7.05234160e-01 1.00000000e+00
6.93145357e-01 7.00243072e-01 7.04456328e-01 1.00000000e+00
6.92886080e-01 6.98363312e-01 7.00826446e-01 1.00000000e+00
6.91071139e-01 6.97812348e-01 6.95738130e-01 1.00000000e+00
6.90455356e-01 6.90325717e-01 6.90390536e-01 1.00000000e+00
6.92659212e-01 6.92950899e-01 6.93404635e-01 1.00000000e+00
6.81639929e-01 6.81899206e-01 6.81251013e-01 1.00000000e+00
6.76972938e-01 6.79047156e-01 6.75611732e-01 1.00000000e+00
6.72500405e-01 6.74898720e-01 6.73796791e-01 1.00000000e+00
6.61934857e-01 6.63328472e-01 6.57527143e-01 1.00000000e+00
6.08945066e-01 6.07583860e-01 6.01523254e-01 1.00000000e+00
6.05606871e-01 6.02787231e-01 5.90017825e-01 1.00000000e+00
5.65418895e-01 5.66423594e-01 5.59487927e-01 1.00000000e+00
5.65289256e-01 5.65062389e-01 5.62177929e-01 1.00000000e+00
5.42494542e-01 5.41935484e-01 5.21617596e-01 1.00000000e+00
6.24858208e-01 6.27321342e-01 6.26997245e-01 1.00000000e+00
6.19283747e-01 6.28877005e-01 6.26964836e-01 1.00000000e+00
6.23334954e-01 6.33543996e-01 6.31955923e-01 1.00000000e+00
6.19737482e-01 6.30465079e-01 6.28617728e-01 1.00000000e+00
6.23108086e-01 6.33576406e-01 6.30659537e-01 1.00000000e+00
6.42553881e-01 6.48841355e-01 6.47026414e-01 1.00000000e+00
6.39734241e-01 6.44498461e-01 6.42424242e-01 1.00000000e+00
6.33155080e-01 6.34127370e-01 6.32312429e-01 1.00000000e+00
6.22783990e-01 6.29557608e-01 6.27969535e-01 1.00000000e+00
6.24112786e-01 6.23918328e-01 6.22427483e-01 1.00000000e+00
6.18700373e-01 6.19607843e-01 6.18570734e-01 1.00000000e+00
6.42327013e-01 6.44401232e-01 6.43493761e-01 1.00000000e+00
6.43461351e-01 6.47966294e-01 6.47220872e-01 1.00000000e+00
6.44660509e-01 6.45924485e-01 6.45146654e-01 1.00000000e+00
6.44336412e-01 6.47156053e-01 6.48128342e-01 1.00000000e+00
6.43137255e-01 6.48873764e-01 6.47707017e-01 1.00000000e+00
6.38437854e-01 6.49619187e-01 6.49392319e-01 1.00000000e+00
6.32895803e-01 6.47415330e-01 6.46216172e-01 1.00000000e+00
4.57397504e-01 4.56943769e-01 4.72143899e-01 1.00000000e+00
4.84816075e-01 4.79306433e-01 5.07794523e-01 1.00000000e+00
4.85529088e-01 4.83746556e-01 5.19202722e-01 1.00000000e+00
5.22800194e-01 5.00307892e-01 5.17841517e-01 1.00000000e+00
4.78658240e-01 4.64948955e-01 5.02058013e-01 1.00000000e+00
4.63360882e-01 4.35196889e-01 4.53800032e-01 1.00000000e+00
1.19559229e-01 1.14211635e-01 1.25911522e-01 1.00000000e+00
1.85707341e-01 1.23415978e-01 9.62566845e-02 1.00000000e+00
3.63798412e-01 2.47966294e-01 1.70377573e-01 1.00000000e+00
6.06222654e-01 4.45179063e-01 3.29379355e-01 1.00000000e+00
6.90066440e-01 5.44190569e-01 4.17954951e-01 1.00000000e+00
6.62485821e-01 5.60784314e-01 4.49457138e-01 1.00000000e+00
5.99902771e-01 5.23027062e-01 4.35942311e-01 1.00000000e+00
6.19024469e-01 5.39815265e-01 4.29622427e-01 1.00000000e+00
7.00761627e-01 5.67428294e-01 4.40285205e-01 1.00000000e+00
6.46734727e-01 4.95802949e-01 3.85286015e-01 1.00000000e+00
5.90763247e-01 4.28488089e-01 3.14276454e-01 1.00000000e+00
2.80926916e-01 1.84702641e-01 1.46394426e-01 1.00000000e+00
6.30367850e-02 6.29395560e-02 6.48841355e-02 1.00000000e+00
3.51093826e-01 3.31939718e-01 3.63150219e-01 1.00000000e+00
4.49521958e-01 4.50850754e-01 4.78204505e-01 1.00000000e+00
5.17744288e-01 4.90520175e-01 5.35439961e-01 1.00000000e+00
5.23902123e-01 5.10030789e-01 5.48079728e-01 1.00000000e+00
5.23772484e-01 5.12915249e-01 5.59034192e-01 1.00000000e+00
4.94927889e-01 4.82223303e-01 5.24679955e-01 1.00000000e+00
4.89969211e-01 4.74704262e-01 4.97520661e-01 1.00000000e+00
7.05136931e-01 7.08313077e-01 7.12396694e-01 1.00000000e+00
7.23383568e-01 7.28633933e-01 7.29671042e-01 1.00000000e+00
7.20499109e-01 7.22735375e-01 7.23318749e-01 1.00000000e+00
7.09771512e-01 7.12331875e-01 7.12655971e-01 1.00000000e+00
7.13174526e-01 7.14081996e-01 7.14146816e-01 1.00000000e+00
6.80084265e-01 6.82288122e-01 6.82352941e-01 1.00000000e+00
6.93112948e-01 6.94668611e-01 6.98104035e-01 1.00000000e+00
6.93599093e-01 7.00696808e-01 7.00307892e-01 1.00000000e+00
6.93274996e-01 6.99951386e-01 7.00664398e-01 1.00000000e+00
6.87765354e-01 6.94247286e-01 6.95219575e-01 1.00000000e+00
6.88316318e-01 6.91460055e-01 6.92853670e-01 1.00000000e+00
6.85399449e-01 6.90001620e-01 6.90196078e-01 1.00000000e+00
6.90001620e-01 6.92335116e-01 6.92853670e-01 1.00000000e+00
6.91395236e-01 6.91492465e-01 6.89094150e-01 1.00000000e+00
6.83876195e-01 6.84491979e-01 6.83908605e-01 1.00000000e+00
6.85431859e-01 6.86501377e-01 6.86306919e-01 1.00000000e+00
6.82806676e-01 6.85529088e-01 6.85204991e-01 1.00000000e+00
5.90414397e-01 5.92132378e-01 5.77698884e-01 1.00000000e+00
5.39976740e-01 5.38887189e-01 5.21180959e-01 1.00000000e+00
5.06396523e-01 5.05653833e-01 4.75158638e-01 1.00000000e+00
5.03637959e-01 5.03727735e-01 4.72653078e-01 1.00000000e+00
5.05221277e-01 5.01605762e-01 4.68837608e-01 1.00000000e+00
6.73634743e-01 6.74088478e-01 6.64365581e-01 1.00000000e+00
6.75384865e-01 6.74833901e-01 6.72727273e-01 1.00000000e+00
6.78301734e-01 6.79274024e-01 6.78496192e-01 1.00000000e+00
6.71430886e-01 6.79695349e-01 6.78982337e-01 1.00000000e+00
6.71852212e-01 6.79565711e-01 6.77847999e-01 1.00000000e+00
6.77945228e-01 6.80019446e-01 6.81380651e-01 1.00000000e+00
6.71949441e-01 6.77556312e-01 6.76195106e-01 1.00000000e+00
6.70199319e-01 6.72824502e-01 6.70231729e-01 1.00000000e+00
6.66083293e-01 6.69259439e-01 6.68546427e-01 1.00000000e+00
6.62032086e-01 6.64041484e-01 6.62745098e-01 1.00000000e+00
6.64592449e-01 6.66569438e-01 6.64624858e-01 1.00000000e+00
6.76778480e-01 6.81088965e-01 6.85302220e-01 1.00000000e+00
6.72046670e-01 6.82320532e-01 6.80764868e-01 1.00000000e+00
6.72759682e-01 6.80764868e-01 6.79338843e-01 1.00000000e+00
6.61740399e-01 6.74963539e-01 6.72856911e-01 1.00000000e+00
6.70717874e-01 6.80862097e-01 6.79500891e-01 1.00000000e+00
6.66018474e-01 6.69648355e-01 6.70685464e-01 1.00000000e+00
6.62485821e-01 6.65111003e-01 6.65435100e-01 1.00000000e+00
6.72079080e-01 6.74315346e-01 6.74509804e-01 1.00000000e+00
5.47042619e-01 5.46686112e-01 5.52066116e-01 1.00000000e+00
4.76389564e-01 4.66601847e-01 4.86047642e-01 1.00000000e+00
4.50397018e-01 4.48160752e-01 4.53897261e-01 1.00000000e+00
4.74995949e-01 4.62291363e-01 4.87117161e-01 1.00000000e+00
5.23902123e-01 5.18165613e-01 5.42699725e-01 1.00000000e+00
5.65710582e-01 5.70701669e-01 5.90536380e-01 1.00000000e+00
5.47496354e-01 5.36477070e-01 5.45357316e-01 1.00000000e+00
5.09544644e-01 5.12558743e-01 5.30902609e-01 1.00000000e+00
1.34759358e-01 1.19073084e-01 1.30286825e-01 1.00000000e+00
6.68287150e-02 6.46248582e-02 7.04585967e-02 1.00000000e+00
1.70345163e-01 1.10841031e-01 8.88348728e-02 1.00000000e+00
1.17322962e-01 1.02544158e-01 9.84605412e-02 1.00000000e+00
1.10030789e-01 1.03710906e-01 1.03840544e-01 1.00000000e+00
9.89466861e-02 9.72937936e-02 9.47334306e-02 1.00000000e+00
1.43736834e-01 1.39037433e-01 1.38292011e-01 1.00000000e+00
2.03662291e-01 1.97958192e-01 2.15783503e-01 1.00000000e+00
2.92983309e-01 2.97682709e-01 3.12526333e-01 1.00000000e+00
3.91800357e-01 3.91865176e-01 4.13093502e-01 1.00000000e+00
3.96759034e-01 3.95689515e-01 4.22816399e-01 1.00000000e+00
6.43753038e-01 4.71657754e-01 3.59682385e-01 1.00000000e+00
4.90422946e-01 3.26786582e-01 2.50980392e-01 1.00000000e+00
2.88770053e-01 2.82968725e-01 2.87149571e-01 1.00000000e+00
4.45794847e-01 4.39474964e-01 4.45114244e-01 1.00000000e+00
4.77167396e-01 4.69129801e-01 4.81866796e-01 1.00000000e+00
6.47156053e-01 6.52276778e-01 6.54156539e-01 1.00000000e+00
7.07567655e-01 7.18230433e-01 7.09415006e-01 1.00000000e+00
7.23351159e-01 7.31615621e-01 7.26624534e-01 1.00000000e+00
7.27953330e-01 7.35926106e-01 7.35083455e-01 1.00000000e+00
7.06595365e-01 7.21341760e-01 7.25425377e-01 1.00000000e+00
6.75644142e-01 6.78366553e-01 6.81153784e-01 1.00000000e+00
6.61870037e-01 6.69162210e-01 6.55452925e-01 1.00000000e+00
6.61481121e-01 6.64138713e-01 6.57300275e-01 1.00000000e+00
6.54513045e-01 6.55420515e-01 6.47156053e-01 1.00000000e+00
6.28455680e-01 6.34483876e-01 6.34419057e-01 1.00000000e+00
6.18992060e-01 6.32442068e-01 6.25960136e-01 1.00000000e+00
5.87133366e-01 5.97180360e-01 5.89855777e-01 1.00000000e+00
5.91087344e-01 5.97374818e-01 5.90925296e-01 1.00000000e+00
5.86387944e-01 5.92513369e-01 5.83924810e-01 1.00000000e+00
5.92448550e-01 6.03694701e-01 5.82758062e-01 1.00000000e+00
5.80035651e-01 5.89402042e-01 5.71576730e-01 1.00000000e+00
5.67428294e-01 5.79322638e-01 5.62793713e-01 1.00000000e+00
5.38680927e-01 5.48371415e-01 5.25068871e-01 1.00000000e+00
5.26365257e-01 5.35893696e-01 5.05136931e-01 1.00000000e+00
5.24128990e-01 5.22897423e-01 4.93793550e-01 1.00000000e+00
4.56068708e-01 4.48679306e-01 4.01004699e-01 1.00000000e+00
4.45956895e-01 4.31729055e-01 3.99124939e-01 1.00000000e+00
4.91200778e-01 4.65143413e-01 4.28326041e-01 1.00000000e+00
4.75417274e-01 4.65726787e-01 4.29978934e-01 1.00000000e+00
4.72143899e-01 4.62907146e-01 4.26057365e-01 1.00000000e+00
4.78528602e-01 4.69907632e-01 4.33868093e-01 1.00000000e+00
4.71722573e-01 4.72435586e-01 4.31858694e-01 1.00000000e+00
4.68740885e-01 4.69583536e-01 4.31242910e-01 1.00000000e+00
4.45017015e-01 4.43947496e-01 4.20839410e-01 1.00000000e+00
4.37757252e-01 4.37400745e-01 4.18181818e-01 1.00000000e+00
4.36169178e-01 4.35715443e-01 4.22297845e-01 1.00000000e+00
4.36752552e-01 4.38275806e-01 4.18116999e-01 1.00000000e+00
4.44206774e-01 4.51758224e-01 4.26089775e-01 1.00000000e+00
4.33738454e-01 4.42780749e-01 4.10792416e-01 1.00000000e+00
4.32636526e-01 4.40058337e-01 4.00097229e-01 1.00000000e+00
4.37919300e-01 4.46605088e-01 4.10630368e-01 1.00000000e+00
4.39410144e-01 4.50332199e-01 4.20904229e-01 1.00000000e+00
4.43137255e-01 4.47577378e-01 4.12996273e-01 1.00000000e+00
4.39734241e-01 4.30724356e-01 4.17436396e-01 1.00000000e+00
4.20353265e-01 4.28390860e-01 4.25927726e-01 1.00000000e+00
4.39053638e-01 4.46994004e-01 4.29654837e-01 1.00000000e+00
4.39345325e-01 4.41257495e-01 4.21131097e-01 1.00000000e+00
4.78528602e-01 4.76259925e-01 4.97682709e-01 1.00000000e+00
4.77588721e-01 4.71009561e-01 4.99173554e-01 1.00000000e+00
4.64495220e-01 4.65921245e-01 4.75546913e-01 1.00000000e+00
4.99368012e-01 4.92075839e-01 5.17906336e-01 1.00000000e+00
3.69210825e-01 3.62696484e-01 3.76340950e-01 1.00000000e+00
1.90341922e-01 1.62923351e-01 1.53556960e-01 1.00000000e+00
2.54966780e-01 2.08426511e-01 1.80619024e-01 1.00000000e+00
1.56182142e-01 1.48241776e-01 1.53524550e-01 1.00000000e+00
2.83163183e-01 2.52082321e-01 2.81542700e-01 1.00000000e+00
1.90179874e-01 1.77053962e-01 1.99027710e-01 1.00000000e+00
1.60719494e-01 1.52390212e-01 1.61432507e-01 1.00000000e+00
1.60200940e-01 1.51385513e-01 1.61108410e-01 1.00000000e+00
1.52519851e-01 1.46653703e-01 1.64025280e-01 1.00000000e+00
1.54010695e-01 1.48857560e-01 1.76178901e-01 1.00000000e+00
2.38437854e-01 2.31534597e-01 2.53735213e-01 1.00000000e+00
2.64786906e-01 2.69648355e-01 2.67898234e-01 1.00000000e+00
2.45308702e-01 2.02495544e-01 1.88915897e-01 1.00000000e+00
4.43590990e-01 3.34791768e-01 2.64560039e-01 1.00000000e+00
4.56522444e-01 3.34467671e-01 2.64754497e-01 1.00000000e+00
2.59147626e-01 2.30108572e-01 2.36169178e-01 1.00000000e+00
5.05752714e-01 4.99983795e-01 5.24388268e-01 1.00000000e+00
5.08021390e-01 5.00826446e-01 5.19883325e-01 1.00000000e+00
5.39458759e-01 5.38616108e-01 5.54043105e-01 1.00000000e+00
6.04991087e-01 5.98768433e-01 5.94652406e-01 1.00000000e+00
7.22022363e-01 7.19948145e-01 6.97391023e-01 1.00000000e+00
7.21698266e-01 7.19299951e-01 6.98201264e-01 1.00000000e+00
7.41338519e-01 7.42213580e-01 7.13239345e-01 1.00000000e+00
7.60265759e-01 7.61367688e-01 7.20661157e-01 1.00000000e+00
7.60427807e-01 7.62793713e-01 7.29411765e-01 1.00000000e+00
7.66456004e-01 7.69794199e-01 7.44676714e-01 1.00000000e+00
7.34921407e-01 7.39750446e-01 7.06757414e-01 1.00000000e+00
7.44320207e-01 7.47204667e-01 7.14892238e-01 1.00000000e+00
7.62015881e-01 7.61691784e-01 7.31032248e-01 1.00000000e+00
7.75303841e-01 7.74688057e-01 7.45746232e-01 1.00000000e+00
7.43736834e-01 7.47269486e-01 7.10128018e-01 1.00000000e+00
7.49408524e-01 7.51450332e-01 7.26332847e-01 1.00000000e+00
7.56959974e-01 7.59585156e-01 7.26332847e-01 1.00000000e+00
7.64284557e-01 7.67914439e-01 7.45681413e-01 1.00000000e+00
7.74104683e-01 7.76308540e-01 7.50153946e-01 1.00000000e+00
7.68108896e-01 7.70993356e-01 7.46426835e-01 1.00000000e+00
7.64219737e-01 7.66002269e-01 7.35634419e-01 1.00000000e+00
7.73488900e-01 7.76016853e-01 7.46102739e-01 1.00000000e+00
7.70118295e-01 7.72970345e-01 7.38032734e-01 1.00000000e+00
7.65613353e-01 7.59909253e-01 7.24355858e-01 1.00000000e+00
7.98962891e-01 7.92513369e-01 7.57997083e-01 1.00000000e+00
8.01750122e-01 7.97212769e-01 7.64219737e-01 1.00000000e+00
7.97860963e-01 7.96823854e-01 7.60330579e-01 1.00000000e+00
7.93031924e-01 7.95527467e-01 7.71576730e-01 1.00000000e+00
7.91249392e-01 7.95754335e-01 7.69210825e-01 1.00000000e+00
7.99024709e-01 7.99481749e-01 7.75780947e-01 1.00000000e+00
7.96046022e-01 7.96013612e-01 7.65678172e-01 1.00000000e+00
7.94101442e-01 7.96499757e-01 7.76729865e-01 1.00000000e+00
7.90017825e-01 7.91994814e-01 7.67719981e-01 1.00000000e+00
7.87943607e-01 7.86323124e-01 7.65613353e-01 1.00000000e+00
7.86128666e-01 7.88526981e-01 7.62826122e-01 1.00000000e+00
7.74850105e-01 7.78285529e-01 7.51774429e-01 1.00000000e+00
7.76502998e-01 7.80100470e-01 7.48889969e-01 1.00000000e+00
7.66682871e-01 7.70474801e-01 7.33592611e-01 1.00000000e+00
7.67104197e-01 7.68951548e-01 7.46491655e-01 1.00000000e+00
7.78253119e-01 7.81494085e-01 7.59585156e-01 1.00000000e+00
7.79906012e-01 7.82109869e-01 7.53265273e-01 1.00000000e+00
8.29784476e-01 7.88494571e-01 5.79355048e-01 1.00000000e+00
7.77702155e-01 7.28698752e-01 4.46054124e-01 1.00000000e+00
7.60200940e-01 7.19429590e-01 4.56068708e-01 1.00000000e+00
8.02754821e-01 7.49116837e-01 4.74282936e-01 1.00000000e+00
6.31048452e-01 6.14584346e-01 5.02997893e-01 1.00000000e+00
4.96094636e-01 4.91200778e-01 5.01085724e-01 1.00000000e+00
4.76648841e-01 4.70847513e-01 4.88251499e-01 1.00000000e+00
3.51450332e-01 3.44806352e-01 3.49246475e-01 1.00000000e+00
2.21844110e-01 2.09463620e-01 2.14616756e-01 1.00000000e+00
1.73715767e-01 1.33560201e-01 1.17582240e-01 1.00000000e+00
4.97455842e-01 3.40139362e-01 2.57397504e-01 1.00000000e+00
6.10760006e-01 4.45535570e-01 3.30286825e-01 1.00000000e+00
2.15491817e-01 1.62728893e-01 1.43121050e-01 1.00000000e+00
3.81040350e-01 3.05590666e-01 2.50591476e-01 1.00000000e+00
1.80424567e-01 1.50315994e-01 1.47463944e-01 1.00000000e+00
4.59666181e-01 3.81169989e-01 3.23869713e-01 1.00000000e+00
