1.20515061e+01 3.47650488e+01 8.63506173e+00
1.14840401e+01 3.49566051e+01 8.63506173e+00
1.08782969e+01 3.50254532e+01 8.61374352e+00
1.02685955e+01 3.50675875e+01 8.58937985e+00
9.69644133e+00 3.52300834e+01 8.58937985e+00
9.09206326e+00 3.52682138e+01 8.56806164e+00
8.48505256e+00 3.52795345e+01 8.54369797e+00
7.80240637e+00 3.49326683e+01 8.45537966e+00
7.23277496e+00 3.50550400e+01 8.45537966e+00
6.63596155e+00 3.50347330e+01 8.43101599e+00
6.06482336e+00 3.51381050e+01 8.43101599e+00
5.47378163e+00 3.51147924e+01 8.40969778e+00
4.89915376e+00 3.51824289e+01 8.40665232e+00
4.31137519e+00 3.51396035e+01 8.38533411e+00
3.73883798e+00 3.52051244e+01 8.38533411e+00
3.15468924e+00 3.51430012e+01 8.36401589e+00
2.58100801e+00 3.51727695e+01 8.36097044e+00
2.00816020e+00 3.52101208e+01 8.36097044e+00
1.42994751e+00 3.51194494e+01 8.33965222e+00
8.58534399e-01 3.51550372e+01 8.34269768e+00
2.86203410e-01 3.51643543e+01 8.34269768e+00
-2.86065293e-01 3.51473846e+01 8.33965222e+00
-8.55219887e-01 3.50193155e+01 8.31833401e+00
-1.42511470e+00 3.50007558e+01 8.31833401e+00
-1.99366562e+00 3.49559796e+01 8.31528855e+00
-2.56362065e+00 3.49358227e+01 8.31833401e+00
-3.13193013e+00 3.48894665e+01 8.31833401e+00
-3.68507226e+00 3.46988630e+01 8.29397034e+00
-4.25144282e+00 3.46511284e+01 8.29701580e+00
-4.81255421e+00 3.45605291e+01 8.29397034e+00
-5.37445711e+00 3.44776168e+01 8.29397034e+00
-5.93782240e+00 3.44022925e+01 8.29701580e+00
-6.49700062e+00 3.43010852e+01 8.29701580e+00
-7.15733292e+00 3.46893956e+01 8.38837957e+00
-7.71732349e+00 3.45517382e+01 8.38533411e+00
-8.27869849e+00 3.44215462e+01 8.38533411e+00
-8.83787998e+00 3.42822340e+01 8.38533411e+00
-9.39922312e+00 3.41502004e+01 8.38837957e+00
-9.95383949e+00 3.39926854e+01 8.38837957e+00
-1.05007850e+01 3.38099572e+01 8.38533411e+00
-1.10550139e+01 3.36506797e+01 8.38837957e+00
-1.16346303e+01 3.35624848e+01 8.40665232e+00
-1.21852029e+01 3.33846036e+01 8.40969778e+00
-1.22234501e+01 3.34893919e+01 7.92349952e+00
-1.16767251e+01 3.36839159e+01 7.92349952e+00
-1.10897426e+01 3.37563913e+01 7.90380584e+00
-1.05337765e+01 3.39161818e+01 7.90099246e+00
-9.98032860e+00 3.40831466e+01 7.90099246e+00
-9.42423629e+00 3.42410807e+01 7.90099246e+00
-8.86989334e+00 3.44064142e+01 7.90380584e+00
-8.30470863e+00 3.45296923e+01 7.90099246e+00
-7.74156989e+00 3.46602933e+01 7.90099246e+00
-7.07326191e+00 3.42819292e+01 7.81659096e+00
-6.51431915e+00 3.43925188e+01 7.81659096e+00
-5.94207761e+00 3.44269461e+01 7.80533742e+00
-5.39402410e+00 3.46031408e+01 7.81940434e+00
-4.83007546e+00 3.46863550e+01 7.81940434e+00
-4.26277554e+00 3.47434950e+01 7.81659096e+00
-3.69848864e+00 3.48251925e+01 7.81940434e+00
-3.12962943e+00 3.48638369e+01 7.81659096e+00
-2.56049255e+00 3.48931944e+01 7.81377757e+00
-1.99413526e+00 3.49642142e+01 7.81940434e+00
-1.42406782e+00 3.49750444e+01 7.81659096e+00
-8.57498684e-01 3.51126270e+01 7.83628464e+00
-2.85858141e-01 3.51219329e+01 7.83628464e+00
2.85996584e-01 3.51389426e+01 7.83909802e+00
8.57913975e-01 3.51296323e+01 7.83909802e+00
1.43168014e+00 3.51620027e+01 7.84753817e+00
2.00382111e+00 3.51340411e+01 7.84753817e+00
2.58165555e+00 3.51815939e+01 7.86160509e+00
3.15244220e+00 3.51179694e+01 7.85879171e+00
3.73621339e+00 3.51804110e+01 7.87848539e+00
4.31249169e+00 3.51487035e+01 7.88411216e+00
4.89576477e+00 3.51580915e+01 7.89817907e+00
5.46738315e+00 3.50737456e+01 7.89817907e+00
6.04044611e+00 3.49968691e+01 7.90099246e+00
6.63461383e+00 3.50276177e+01 7.92349952e+00
7.20387813e+00 3.49149859e+01 7.92349952e+00
7.80089754e+00 3.49259131e+01 7.94600659e+00
8.36437419e+00 3.47777725e+01 7.94319321e+00
8.96331363e+00 3.47687925e+01 7.96570027e+00
9.65896036e+00 3.50939037e+01 8.04728839e+00
1.02623649e+01 3.50463096e+01 8.06698207e+00
1.08364982e+01 3.48908714e+01 8.06979545e+00
1.14454529e+01 3.48391482e+01 8.09230252e+00
1.20444408e+01 3.47446675e+01 8.10918282e+00
1.26142152e+01 3.45599969e+01 8.11199620e+00
1.26510282e+01 3.46608558e+01 7.60873544e+00
1.20907622e+01 3.48782911e+01 7.61131623e+00
1.15161272e+01 3.50542758e+01 7.60873544e+00
1.09086304e+01 3.51231194e+01 7.59066996e+00
1.03354875e+01 3.52960257e+01 7.59066996e+00
9.72341653e+00 3.53280924e+01 7.57002370e+00
9.11304973e+00 3.53496205e+01 7.54937744e+00
8.43281367e+00 3.50623333e+01 7.48227709e+00
7.82011210e+00 3.50119398e+01 7.45388848e+00
7.24918804e+00 3.51345891e+01 7.45388848e+00
6.66048073e+00 3.51641827e+01 7.44098456e+00
6.08143333e+00 3.52343391e+01 7.43582300e+00
5.48611451e+00 3.51939089e+01 7.41517673e+00
4.91253775e+00 3.52785437e+01 7.41517673e+00
4.32312743e+00 3.52353895e+01 7.39711125e+00
3.74902957e+00 3.53010889e+01 7.39711125e+00
3.17241423e+00 3.53404563e+01 7.39453047e+00
2.58802559e+00 3.52684017e+01 7.37646499e+00
2.01362025e+00 3.53058546e+01 7.37646499e+00
1.43937492e+00 3.53509860e+01 7.37904577e+00
8.60031814e-01 3.52163530e+01 7.35581873e+00
2.86841335e-01 3.52427328e+01 7.35839951e+00
-2.86841335e-01 3.52427328e+01 7.35839951e+00
-8.57118481e-01 3.50970586e+01 7.33775325e+00
-1.42827847e+00 3.50784577e+01 7.33775325e+00
-2.00294275e+00 3.51186404e+01 7.34807638e+00
-2.56931191e+00 3.50133804e+01 7.33775325e+00
-3.13888304e+00 3.49669213e+01 7.33775325e+00
-3.70762250e+00 3.49111975e+01 7.33775325e+00
-4.27537960e+00 3.48462237e+01 7.33775325e+00
-4.82554601e+00 3.46538275e+01 7.31968777e+00
-5.39159145e+00 3.45875351e+01 7.32226855e+00
-5.94805831e+00 3.44615968e+01 7.31710699e+00
-6.51137297e+00 3.43769644e+01 7.31968777e+00
-7.06661823e+00 3.42497293e+01 7.31710699e+00
-7.62687965e+00 3.41468061e+01 7.31968777e+00
-8.18167556e+00 3.40181399e+01 7.31968777e+00
-8.73430368e+00 3.38804604e+01 7.31968777e+00
-9.41580490e+00 3.42104469e+01 7.39453047e+00
-9.97619032e+00 3.40690142e+01 7.39711125e+00
-1.05294088e+01 3.39021187e+01 7.39711125e+00
-1.11170817e+01 3.38396095e+01 7.41517673e+00
-1.16440809e+01 3.35897469e+01 7.40485360e+00
-1.22126572e+01 3.34598219e+01 7.41517673e+00
-1.22521008e+01 3.35678881e+01 6.93032528e+00
-1.17040943e+01 3.37628681e+01 6.93032528e+00
-1.11529868e+01 3.39489023e+01 6.93032528e+00
-1.05786592e+01 3.40606930e+01 6.92093447e+00
-1.00036527e+01 3.41627993e+01 6.91154367e+00
-9.44626084e+00 3.43211025e+01 6.91154367e+00
-8.89063006e+00 3.44868522e+01 6.91389137e+00
-8.20429112e+00 3.41121719e+01 6.84111264e+00
-7.64796166e+00 3.42411937e+01 6.84111264e+00
-7.08960581e+00 3.43611431e+01 6.84111264e+00
-6.52937153e+00 3.44719882e+01 6.84111264e+00
-5.96740724e+00 3.45736998e+01 6.84111264e+00
-5.40386184e+00 3.46662508e+01 6.84111264e+00
-4.83888465e+00 3.47496167e+01 6.84111264e+00
-4.27262537e+00 3.48237754e+01 6.84111264e+00
-3.70523402e+00 3.48887074e+01 6.84111264e+00
-3.13686095e+00 3.49443954e+01 6.84111264e+00
-2.56765674e+00 3.49908246e+01 6.84111264e+00
-1.99777221e+00 3.50279827e+01 6.84111264e+00
-1.42805326e+00 3.50729265e+01 6.84346035e+00
-8.59485404e-01 3.51939787e+01 6.85754655e+00
-2.86520440e-01 3.52033061e+01 6.85754655e+00
2.86520440e-01 3.52033061e+01 6.85754655e+00
8.61153452e-01 3.52622815e+01 6.86693735e+00
1.43778182e+00 3.53118597e+01 6.87632816e+00
2.00847079e+00 3.52155665e+01 6.86693735e+00
2.58640737e+00 3.52463494e+01 6.87632816e+00
3.17045834e+00 3.53186678e+01 6.89276206e+00
3.74491899e+00 3.52623834e+01 6.89276206e+00
4.31838739e+00 3.51967560e+01 6.89276206e+00
4.90720199e+00 3.52402259e+01 6.90919597e+00
5.48015576e+00 3.51556830e+01 6.90919597e+00
6.07489897e+00 3.51964806e+01 6.92797758e+00
6.64698600e+00 3.50929369e+01 6.92797758e+00
7.21731187e+00 3.49800951e+01 6.92797758e+00
7.81551222e+00 3.49913454e+01 6.94675918e+00
8.39201806e+00 3.48927114e+01 6.95145458e+00
8.98017357e+00 3.48341924e+01 6.96319309e+00
9.58223982e+00 3.48151550e+01 6.98197470e+00
1.01476554e+01 3.46545730e+01 6.98197470e+00
1.08623704e+01 3.49741736e+01 7.05240572e+00
1.14675225e+01 3.49063265e+01 7.06883963e+00
1.20789286e+01 3.48441546e+01 7.08762123e+00
1.26444854e+01 3.46429302e+01 7.08762123e+00
1.26764983e+01 3.47306379e+01 6.58325018e+00
1.21039051e+01 3.49162043e+01 6.58113600e+00
1.15393124e+01 3.51248500e+01 6.58325018e+00
1.09254553e+01 3.51772916e+01 6.56633673e+00
1.03370025e+01 3.53011995e+01 6.55999419e+00
9.73833314e+00 3.53822889e+01 6.54942328e+00
9.03725088e+00 3.50555959e+01 6.48811204e+00
8.43344446e+00 3.50649560e+01 6.47119859e+00
7.86157621e+00 3.51975815e+01 6.47119859e+00
7.26342126e+00 3.52035732e+01 6.45639933e+00
6.66397622e+00 3.51826372e+01 6.43948588e+00
6.09042689e+00 3.52864456e+01 6.43948588e+00
5.49681523e+00 3.52625550e+01 6.42468661e+00
4.92211971e+00 3.53473549e+01 6.42468661e+00
4.34403623e+00 3.54058054e+01 6.42257243e+00
3.75451218e+00 3.53527135e+01 6.40777316e+00
3.17857997e+00 3.54091421e+01 6.40777316e+00
2.59178739e+00 3.53196658e+01 6.39085972e+00
2.01752146e+00 3.53742566e+01 6.39297390e+00
1.44146871e+00 3.54024094e+01 6.39297390e+00
8.61274217e-01 3.52672266e+01 6.37394627e+00
2.87395292e-01 3.53107947e+01 6.37817463e+00
-2.87256028e-01 3.52936840e+01 6.37606045e+00
-8.60856461e-01 3.52501204e+01 6.37183209e+00
-1.43102665e+00 3.51459529e+01 6.36126119e+00
-2.00290645e+00 3.51180040e+01 6.36126119e+00
-2.57425558e+00 3.50807504e+01 6.36126119e+00
-3.14492263e+00 3.50342019e+01 6.36126119e+00
-3.71475641e+00 3.49783708e+01 6.36126119e+00
-4.27527074e+00 3.48453364e+01 6.35280446e+00
-4.85132051e+00 3.48389227e+01 6.36126119e+00
-5.39930105e+00 3.46369929e+01 6.34646192e+00
-5.96237082e+00 3.45445200e+01 6.34646192e+00
-6.52067638e+00 3.44260820e+01 6.34434774e+00
-7.08362228e+00 3.43321427e+01 6.34646192e+00
-7.64150688e+00 3.42122946e+01 6.34646192e+00
-8.19736681e+00 3.40833817e+01 6.34646192e+00
-8.75959795e+00 3.39785772e+01 6.35069028e+00
-9.43410496e+00 3.42769366e+01 6.40777316e+00
-9.99558824e+00 3.41352587e+01 6.40988735e+00
-1.05854096e+01 3.40824275e+01 6.42468661e+00
-1.11387656e+01 3.39056140e+01 6.42468661e+00
-1.16835659e+01 3.37036495e+01 6.42257243e+00
-1.22364781e+01 3.35250856e+01 6.42468661e+00
-1.22654244e+01 3.36043916e+01 5.93663091e+00
-1.17168220e+01 3.37995836e+01 5.93663091e+00
-1.11651152e+01 3.39858202e+01 5.93663091e+00
-1.05748663e+01 3.40484808e+01 5.92346905e+00
-1.00144432e+01 3.41996489e+01 5.92158878e+00
-9.46099800e+00 3.43746470e+01 5.92346905e+00
-8.90022975e+00 3.45240895e+01 5.92346905e+00
-8.21687246e+00 3.41644832e+01 5.86706105e+00
-7.65968986e+00 3.42937028e+01 5.86706105e+00
-7.10047777e+00 3.44138361e+01 5.86706105e+00
-6.53938436e+00 3.45248513e+01 5.86706105e+00
-5.97655830e+00 3.46267188e+01 5.86706105e+00
-5.41214870e+00 3.47194117e+01 5.86706105e+00
-4.85339632e+00 3.48538298e+01 5.87270185e+00
-4.27917747e+00 3.48771780e+01 5.86706105e+00
-3.71272599e+00 3.49592522e+01 5.86894132e+00
-3.14167134e+00 3.49979829e+01 5.86706105e+00
-2.57159426e+00 3.50444832e+01 5.86706105e+00
-2.00083581e+00 3.50816983e+01 5.86706105e+00
-1.43442795e+00 3.52294888e+01 5.88022292e+00
-8.60808824e-01 3.52481698e+01 5.88022292e+00
-2.86961619e-01 3.52575115e+01 5.88022292e+00
2.86961619e-01 3.52575115e+01 5.88022292e+00
8.60390402e-01 3.52310363e+01 5.87834265e+00
1.44000593e+00 3.53664837e+01 5.89526505e+00
2.01547412e+00 3.53383594e+01 5.89526505e+00
2.59040829e+00 3.53008721e+01 5.89526505e+00
3.17538234e+00 3.53735208e+01 5.90842692e+00
3.75073517e+00 3.53171490e+01 5.90842692e+00
4.32509422e+00 3.52514197e+01 5.90842692e+00
4.91485345e+00 3.52951735e+01 5.92158878e+00
5.49134031e+00 3.52274328e+01 5.92346905e+00
6.07275347e+00 3.51840501e+01 5.92910985e+00
6.65739652e+00 3.51478996e+01 5.93663091e+00
7.25285793e+00 3.51523760e+01 5.94979278e+00
7.82780695e+00 3.50463909e+01 5.95167304e+00
8.42527262e+00 3.50309788e+01 5.96483491e+00
8.99435441e+00 3.48892001e+01 5.96483491e+00
9.59743675e+00 3.48703700e+01 5.97987704e+00
1.01589327e+01 3.46930854e+01 5.97799678e+00
1.07629522e+01 3.46540712e+01 5.99303891e+00
1.14860635e+01 3.49627641e+01 6.04944690e+00
1.20985371e+01 3.49007194e+01 6.06448903e+00
1.27002698e+01 3.47957663e+01 6.07577063e+00
1.27334233e+01 3.48865992e+01 5.57091772e+00
1.21638885e+01 3.50892390e+01 5.57091772e+00
1.15857742e+01 3.52662763e+01 5.56927172e+00
1.09796681e+01 3.53518436e+01 5.55939571e+00
1.03642082e+01 3.53941080e+01 5.54622770e+00
9.64554177e+00 3.50451500e+01 5.49520166e+00
9.04384448e+00 3.50811726e+01 5.48367966e+00
8.47163141e+00 3.52237314e+01 5.48367966e+00
7.87098542e+00 3.52397081e+01 5.47215765e+00
7.27207088e+00 3.52454953e+01 5.46063564e+00
6.69741785e+00 3.53591932e+01 5.46063564e+00
6.09763749e+00 3.53282220e+01 5.44746763e+00
5.51915008e+00 3.54058350e+01 5.44582163e+00
4.92555003e+00 3.53719892e+01 5.43429962e+00
4.34914893e+00 3.54474761e+01 5.43429962e+00
3.75890796e+00 3.53941045e+01 5.42277761e+00
3.18076697e+00 3.54335052e+01 5.42113161e+00
2.60485176e+00 3.54977009e+01 5.42277761e+00
2.01889383e+00 3.53983190e+01 5.40960960e+00
1.44314745e+00 3.54436394e+01 5.41125560e+00
8.65622439e-01 3.54452764e+01 5.40960960e+00
2.87588522e-01 3.53345359e+01 5.39808759e+00
-2.87588522e-01 3.53345359e+01 5.39808759e+00
-8.62689368e-01 3.53251738e+01 5.39808759e+00
-1.43756164e+00 3.53064520e+01 5.39808759e+00
-2.00521221e+00 3.51584320e+01 5.38656558e+00
-2.57721907e+00 3.51211355e+01 5.38656558e+00
-3.14700861e+00 3.50574395e+01 5.38491958e+00
-3.71903286e+00 3.50186381e+01 5.38656558e+00
-4.28853725e+00 3.49534643e+01 5.38656558e+00
-4.85690537e+00 3.48790294e+01 5.38656558e+00
-5.42134319e+00 3.47783951e+01 5.38491958e+00
-5.98671164e+00 3.46855447e+01 5.38491958e+00
-6.55368787e+00 3.46003670e+01 5.38656558e+00
-7.11600855e+00 3.44891090e+01 5.38656558e+00
-7.66147905e+00 3.43017133e+01 5.37998158e+00
-8.23083178e+00 3.42225238e+01 5.38491958e+00
-8.79106454e+00 3.41006364e+01 5.38656558e+00
-9.48158520e+00 3.44494465e+01 5.43594562e+00
-1.00362384e+01 3.42740803e+01 5.43429962e+00
-1.05927867e+01 3.41061802e+01 5.43429962e+00
-1.11518851e+01 3.39455488e+01 5.43594562e+00
-1.17198022e+01 3.38081807e+01 5.44088362e+00
-1.22508905e+01 3.35645722e+01 5.43594562e+00
-1.22752050e+01 3.36311883e+01 4.94740802e+00
-1.17205370e+01 3.38103003e+01 4.94599659e+00
-1.11686553e+01 3.39965959e+01 4.94599659e+00
-1.06189110e+01 3.41902941e+01 4.94740802e+00
-1.00609901e+01 3.43586082e+01 4.94740802e+00
-9.46392431e+00 3.43852792e+01 4.93611659e+00
-8.90298262e+00 3.45347679e+01 4.93611659e+00
-8.22315392e+00 3.41906005e+01 4.89518515e+00
-7.66179965e+00 3.43031487e+01 4.89377372e+00
-7.10243353e+00 3.44233151e+01 4.89377372e+00
-6.54438346e+00 3.45512441e+01 4.89518515e+00
-5.98112713e+00 3.46531895e+01 4.89518515e+00
-5.41363942e+00 3.47289748e+01 4.89377372e+00
-4.85000992e+00 3.48295109e+01 4.89518515e+00
-4.28035613e+00 3.48867845e+01 4.89377372e+00
-3.71375287e+00 3.49689214e+01 4.89518515e+00
-3.14253669e+00 3.50076227e+01 4.89377372e+00
-2.58236305e+00 3.51912353e+01 4.90506515e+00
-2.00921450e+00 3.52286063e+01 4.90506515e+00
-1.43553359e+00 3.52566432e+01 4.90506515e+00
-8.61472323e-01 3.52753385e+01 4.90506515e+00
-2.87182805e-01 3.52846875e+01 4.90506515e+00
2.87182805e-01 3.52846875e+01 4.90506515e+00
8.64408962e-01 3.53955873e+01 4.91494515e+00
1.44112620e+00 3.53939974e+01 4.91635658e+00
2.01704208e+00 3.53658513e+01 4.91635658e+00
2.60122644e+00 3.54482968e+01 4.92623658e+00
3.17787247e+00 3.54012606e+01 4.92623658e+00
3.75367649e+00 3.53448446e+01 4.92623658e+00
4.34104155e+00 3.53813974e+01 4.93470516e+00
4.92110804e+00 3.53400897e+01 4.93752801e+00
5.51156531e+00 3.53571780e+01 4.94599659e+00
6.08926529e+00 3.52797156e+01 4.94740802e+00
6.66270523e+00 3.51759270e+01 4.94740802e+00
7.25521347e+00 3.51637925e+01 4.95587659e+00
7.83410354e+00 3.50745818e+01 4.95869945e+00
8.43210084e+00 3.50593694e+01 4.96857945e+00
8.99306460e+00 3.48841969e+01 4.96575659e+00
9.60072102e+00 3.48823027e+01 4.97845945e+00
1.02010298e+01 3.48368483e+01 4.98833946e+00
1.07820067e+01 3.47154221e+01 4.99257374e+00
1.13670926e+01 3.46006252e+01 4.99821946e+00
1.21201381e+01 3.49630319e+01 5.04620804e+00
1.27170830e+01 3.48418305e+01 5.05326519e+00
1.27395619e+01 3.49034174e+01 4.54619189e+00
1.21641185e+01 3.50899024e+01 4.54501529e+00
1.15859813e+01 3.52669068e+01 4.54383870e+00
1.09797964e+01 3.53522565e+01 4.53677914e+00
1.02192254e+01 3.48989869e+01 4.49206859e+00
9.64982204e+00 3.50607015e+01 4.49206859e+00
9.04780368e+00 3.50965304e+01 4.48383244e+00
8.47534010e+00 3.52391516e+01 4.48383244e+00
7.87063421e+00 3.52381357e+01 4.47441969e+00
7.26821493e+00 3.52268066e+01 4.46500695e+00
6.69706778e+00 3.53573450e+01 4.46618354e+00
6.11189338e+00 3.54108172e+01 4.46265376e+00
5.52145627e+00 3.54206294e+01 4.45677079e+00
4.92757789e+00 3.53865519e+01 4.44853464e+00
4.35093948e+00 3.54620699e+01 4.44853464e+00
3.77314826e+00 3.55281920e+01 4.44853464e+00
3.18205398e+00 3.54478423e+01 4.43912189e+00
2.60590805e+00 3.55120955e+01 4.44029849e+00
2.02361593e+00 3.54811141e+01 4.43559211e+00
1.44232407e+00 3.54234172e+01 4.42970915e+00
8.65967285e-01 3.54593970e+01 4.43088574e+00
2.88681258e-01 3.54687948e+01 4.43088574e+00
-2.87561288e-01 3.53311898e+01 4.42147299e+00
-8.62607673e-01 3.53218286e+01 4.42147299e+00
-1.43812530e+00 3.53202955e+01 4.42264959e+00
-2.01284193e+00 3.52922080e+01 4.42264959e+00
-2.58828410e+00 3.52719247e+01 4.42382618e+00
-3.14975769e+00 3.50880641e+01 4.41441343e+00
-3.72410070e+00 3.50663572e+01 4.41676662e+00
-4.28809688e+00 3.49498751e+01 4.41323684e+00
-4.85640664e+00 3.48754478e+01 4.41323684e+00
-5.42342965e+00 3.47917800e+01 4.41323684e+00
-5.98901569e+00 3.46988939e+01 4.41323684e+00
-6.55301490e+00 3.45968140e+01 4.41323684e+00
-7.11527784e+00 3.44855675e+01 4.41323684e+00
-7.67190594e+00 3.43483963e+01 4.41206025e+00
-8.23399951e+00 3.42356948e+01 4.41323684e+00
-8.79016183e+00 3.40971348e+01 4.41323684e+00
-9.34399513e+00 3.39495405e+01 4.41323684e+00
-1.00403703e+01 3.42881910e+01 4.44853464e+00
-1.05971478e+01 3.41202218e+01 4.44853464e+00
-1.11511175e+01 3.39432122e+01 4.44853464e+00
-1.17415705e+01 3.38709756e+01 4.45677079e+00
-1.22913316e+01 3.36753713e+01 4.45677079e+00
-1.23110567e+01 3.37294136e+01 3.96671351e+00
-1.17660521e+01 3.39415978e+01 3.96765504e+00
-1.11690415e+01 3.39977716e+01 3.96012274e+00
-1.06141814e+01 3.41750657e+01 3.96012274e+00
-1.00516710e+01 3.43267830e+01 3.95918120e+00
-9.37282463e+00 3.40542867e+01 3.93470121e+00
-8.80009199e+00 3.41356540e+01 3.93093506e+00
-8.24732711e+00 3.42911089e+01 3.93187659e+00
-7.68807939e+00 3.44208075e+01 3.93187659e+00
-7.12679466e+00 3.45413860e+01 3.93187659e+00
-6.56362164e+00 3.46528126e+01 3.93187659e+00
-5.99870954e+00 3.47550577e+01 3.93187659e+00
-5.43485964e+00 3.48651044e+01 3.93281813e+00
-4.86426724e+00 3.49318974e+01 3.93187659e+00
-4.29713413e+00 3.50235327e+01 3.93281813e+00
-3.72648810e+00 3.50888371e+01 3.93281813e+00
-3.15331549e+00 3.51276978e+01 3.93187659e+00
-2.58238541e+00 3.51915400e+01 3.93281813e+00
-2.00923189e+00 3.52289113e+01 3.93281813e+00
-1.43414525e+00 3.52225456e+01 3.93093506e+00
-8.61479781e-01 3.52756439e+01 3.93281813e+00
-2.88166088e-01 3.54054985e+01 3.93940890e+00
2.88166088e-01 3.54054985e+01 3.93940890e+00
8.64421913e-01 3.53961176e+01 3.93940890e+00
1.44044870e+00 3.53773582e+01 3.93940890e+00
2.02295578e+00 3.54695394e+01 3.94599967e+00
2.60002417e+00 3.54319128e+01 3.94599967e+00
3.17794288e+00 3.54020451e+01 3.94694120e+00
3.76648639e+00 3.54654635e+01 3.95353197e+00
4.34325746e+00 3.53994581e+01 3.95353197e+00
4.93787272e+00 3.54604824e+01 3.96106428e+00
5.51175593e+00 3.53584009e+01 3.96012274e+00
6.08655313e+00 3.52640020e+01 3.96012274e+00
6.68536860e+00 3.52955789e+01 3.96765504e+00
7.25898778e+00 3.51820855e+01 3.96765504e+00
7.86070558e+00 3.51936836e+01 3.97518735e+00
8.42848477e+00 3.50443344e+01 3.97424581e+00
9.02786702e+00 3.50191958e+01 3.98083658e+00
9.63779296e+00 3.50169962e+01 3.98931042e+00
1.02016485e+01 3.48389614e+01 3.98836889e+00
1.08082197e+01 3.47998216e+01 3.99590119e+00
1.13732233e+01 3.46192864e+01 3.99590119e+00
1.21382071e+01 3.50151555e+01 4.02979657e+00
1.27065394e+01 3.48129436e+01 4.02979657e+00
1.27242262e+01 3.48614013e+01 3.52323875e+00
1.21663876e+01 3.50964480e+01 3.52465137e+00
1.15881355e+01 3.52734640e+01 3.52394506e+00
1.09715785e+01 3.53257971e+01 3.51829460e+00
1.02498939e+01 3.50037207e+01 3.49710538e+00
9.64678186e+00 3.50496556e+01 3.49216123e+00
9.07070146e+00 3.51853511e+01 3.49145492e+00
8.46859061e+00 3.52110882e+01 3.48651077e+00
7.89809431e+00 3.53610791e+01 3.48721708e+00
7.29014763e+00 3.53331077e+01 3.48086031e+00
6.69162441e+00 3.53286066e+01 3.47591616e+00
6.11569548e+00 3.54328456e+01 3.47591616e+00
5.51691952e+00 3.53915257e+01 3.47026570e+00
4.94249800e+00 3.54936981e+01 3.47097201e+00
4.36621149e+00 3.55865435e+01 3.47167831e+00
3.77183785e+00 3.55158531e+01 3.46602785e+00
3.19324793e+00 3.55725421e+01 3.46602785e+00
2.60498678e+00 3.54995409e+01 3.46108370e+00
2.02485511e+00 3.55028413e+01 3.45967109e+00
1.44740926e+00 3.55483091e+01 3.46037740e+00
8.65654928e-01 3.54466068e+01 3.45543324e+00
2.88436924e-01 3.54387747e+01 3.45472694e+00
-2.88577130e-01 3.54560011e+01 3.45543324e+00
-8.65234349e-01 3.54293850e+01 3.45472694e+00
-1.43689663e+00 3.52901195e+01 3.44978278e+00
-2.01112225e+00 3.52620560e+01 3.44978278e+00
-2.58481501e+00 3.52246495e+01 3.44978278e+00
-3.15936313e+00 3.51950680e+01 3.45048909e+00
-3.72999412e+00 3.51218500e+01 3.44978278e+00
-4.30117704e+00 3.50564841e+01 3.44978278e+00
-4.87122033e+00 3.49818298e+01 3.44978278e+00
-5.41874632e+00 3.47617360e+01 3.44413233e+00
-5.98677399e+00 3.46859060e+01 3.44483863e+00
-6.55056209e+00 3.45838644e+01 3.44483863e+00
-7.11261458e+00 3.44726595e+01 3.44483863e+00
-7.70282409e+00 3.44868219e+01 3.45048909e+00
-8.26314437e+00 3.43568746e+01 3.45048909e+00
-8.82127527e+00 3.42178241e+01 3.45048909e+00
-9.37706891e+00 3.40697074e+01 3.45048909e+00
-9.92553688e+00 3.38960311e+01 3.44978278e+00
-1.04759464e+01 3.37299830e+01 3.44978278e+00
-1.11848818e+01 3.40459882e+01 3.47097201e+00
-1.17432077e+01 3.38756986e+01 3.47167831e+00
-1.22930455e+01 3.36800670e+01 3.47167831e+00
-1.23022478e+01 3.37052791e+01 2.98117370e+00
-1.17519984e+01 3.39010571e+01 2.98117370e+00
-1.11986352e+01 3.40878528e+01 2.98117370e+00
-1.06371929e+01 3.42491573e+01 2.98070276e+00
-9.93785261e+00 3.39380897e+01 2.96704536e+00
-9.38412702e+00 3.40953517e+01 2.96704536e+00
-8.82791503e+00 3.42435799e+01 2.96704536e+00
-8.23712213e+00 3.42486781e+01 2.96327780e+00
-7.67856641e+00 3.43782163e+01 2.96327780e+00
-7.12145886e+00 3.45155250e+01 2.96374874e+00
-6.55550003e+00 3.46099343e+01 2.96327780e+00
-5.99421834e+00 3.47290367e+01 2.96374874e+00
-5.42548641e+00 3.48049743e+01 2.96327780e+00
-4.86062539e+00 3.49057440e+01 2.96374874e+00
-4.29182194e+00 3.49802360e+01 2.96374874e+00
-3.71824107e+00 3.50111826e+01 2.96280685e+00
-3.15095462e+00 3.51013978e+01 2.96374874e+00
-2.57919302e+00 3.51480356e+01 2.96374874e+00
-2.00674805e+00 3.51853607e+01 2.96374874e+00
-1.43867955e+00 3.53339079e+01 2.96704536e+00
-8.63781010e-01 3.53698741e+01 2.96751630e+00
-2.87812164e-01 3.53620137e+01 2.96704536e+00
2.87812164e-01 3.53620137e+01 2.96704536e+00
8.63360235e-01 3.53526443e+01 2.96704536e+00
1.44428890e+00 3.54716733e+01 2.97081292e+00
2.02146869e+00 3.54434654e+01 2.97081292e+00
2.59811288e+00 3.54058666e+01 2.97081292e+00
3.18485523e+00 3.54790481e+01 2.97410953e+00
3.76192447e+00 3.54225081e+01 2.97410953e+00
4.33799696e+00 3.53565827e+01 2.97410953e+00
4.92955929e+00 3.54007810e+01 2.97740614e+00
5.50512344e+00 3.53158529e+01 2.97740614e+00
6.10561159e+00 3.53744220e+01 2.98164465e+00
6.68059090e+00 3.52703548e+01 2.98164465e+00
7.27469612e+00 3.52582190e+01 2.98447032e+00
7.84762912e+00 3.51351381e+01 2.98447032e+00
8.45072473e+00 3.51368047e+01 2.98823787e+00
9.02152567e+00 3.49945977e+01 2.98823787e+00
9.62195108e+00 3.49594379e+01 2.99153449e+00
1.01897099e+01 3.47981904e+01 2.99153449e+00
1.07956648e+01 3.47593978e+01 2.99530205e+00
1.14030458e+01 3.47100641e+01 2.99906960e+00
1.19552195e+01 3.44872903e+01 2.99812771e+00
1.27395391e+01 3.49033550e+01 3.01602362e+00
1.27583862e+01 3.49549916e+01 2.50848128e+00
1.21877349e+01 3.51580286e+01 2.50848128e+00
1.16084736e+01 3.53353716e+01 2.50824579e+00
1.08579267e+01 3.49598659e+01 2.50023898e+00
1.03794983e+01 3.54463241e+01 2.50471337e+00
9.65019567e+00 3.50620590e+01 2.49694206e+00
9.06099873e+00 3.51477141e+01 2.49600008e+00
8.48770028e+00 3.52905433e+01 2.49600008e+00
7.88208896e+00 3.52894205e+01 2.49411613e+00
7.28573831e+00 3.53117371e+01 2.49270316e+00
6.69396348e+00 3.53409557e+01 2.49152569e+00
6.10610434e+00 3.53772769e+01 2.49058371e+00
5.53211609e+00 3.54890131e+01 2.49081920e+00
4.93708596e+00 3.54548325e+01 2.48917074e+00
4.35723544e+00 3.55133848e+01 2.48893525e+00
3.76586358e+00 3.54595990e+01 2.48728679e+00
3.18819009e+00 3.55161982e+01 2.48728679e+00
2.60967187e+00 3.55633871e+01 2.48728679e+00
2.02260899e+00 3.54634589e+01 2.48540283e+00
1.44510362e+00 3.54916827e+01 2.48540283e+00
8.67215354e-01 3.55105027e+01 2.48540283e+00
2.87974836e-01 3.53820003e+01 2.48351888e+00
-2.88115146e-01 3.53992395e+01 2.48375437e+00
-8.64689994e-01 3.54070949e+01 2.48398987e+00
-1.43949270e+00 3.53538787e+01 2.48351888e+00
-2.00886587e+00 3.52224937e+01 2.48210591e+00
-2.58191498e+00 3.51851292e+01 2.48210591e+00
-3.15273862e+00 3.51212715e+01 2.48187042e+00
-3.72580925e+00 3.50824450e+01 2.48210591e+00
-4.29425188e+00 3.50000410e+01 2.48187042e+00
-4.86575506e+00 3.49425819e+01 2.48210591e+00
-5.43121427e+00 3.48417190e+01 2.48187042e+00
-5.99761213e+00 3.47486995e+01 2.48187042e+00
-6.56562924e+00 3.46634118e+01 2.48210591e+00
-7.12897451e+00 3.45519511e+01 2.48210591e+00
-7.69043092e+00 3.44313356e+01 2.48210591e+00
-8.24984969e+00 3.43015974e+01 2.48210591e+00
-8.80277894e+00 3.41460767e+01 2.48187042e+00
-9.36198202e+00 3.40148922e+01 2.48210591e+00
-9.90955615e+00 3.38414563e+01 2.48187042e+00
-1.04590795e+01 3.36756756e+01 2.48187042e+00
-1.10273545e+01 3.35664865e+01 2.48281240e+00
-1.17247127e+01 3.38223458e+01 2.48917074e+00
-1.23150614e+01 3.37403856e+01 2.49081920e+00
-1.23314891e+01 3.37853934e+01 2.00000000e+00
-1.17347547e+01 3.38513141e+01 2.00000000e+00
-1.11822035e+01 3.40378357e+01 2.00000000e+00
-1.04732724e+01 3.37213733e+01 2.00000000e+00
-9.92784858e+00 3.39039256e+01 2.00000000e+00
-9.36552990e+00 3.40277828e+01 2.00000000e+00
-8.81472426e+00 3.41924127e+01 2.00000000e+00
-8.25297611e+00 3.43145965e+01 2.00000000e+00
-7.69334534e+00 3.44443840e+01 2.00000000e+00
-7.13167616e+00 3.45650451e+01 2.00000000e+00
-6.55528277e+00 3.46087873e+01 2.00000000e+00
-6.00575086e+00 3.47958533e+01 2.00000000e+00
-5.43858439e+00 3.48889990e+01 2.00000000e+00
-4.86997694e+00 3.49729006e+01 2.00000000e+00
-4.29797951e+00 3.50304228e+01 2.00000000e+00
-3.72722121e+00 3.50957401e+01 2.00000000e+00
-3.15085082e+00 3.51002415e+01 2.00000000e+00
-2.58289344e+00 3.51984632e+01 2.00000000e+00
-2.00962717e+00 3.52358418e+01 2.00000000e+00
-1.43652986e+00 3.52811116e+01 2.00000000e+00
-8.62070192e-01 3.52998199e+01 2.00000000e+00
-2.88364375e-01 3.54298610e+01 2.00000000e+00
2.88364375e-01 3.54298610e+01 2.00000000e+00
8.65437654e-01 3.54377098e+01 2.00000000e+00
1.44143987e+00 3.54017013e+01 2.00000000e+00
2.02533505e+00 3.55112563e+01 2.00000000e+00
2.60308215e+00 3.54735855e+01 2.00000000e+00
3.18013955e+00 3.54265158e+01 2.00000000e+00
3.75635435e+00 3.53700595e+01 2.00000000e+00
4.34837106e+00 3.54411361e+01 2.00000000e+00
4.92229115e+00 3.53485861e+01 2.00000000e+00
5.51825116e+00 3.54000683e+01 2.00000000e+00
6.09372572e+00 3.53055582e+01 2.00000000e+00
6.69004630e+00 3.53202749e+01 2.00000000e+00
7.26058286e+00 3.51898164e+01 2.00000000e+00
7.84743775e+00 3.51342813e+01 2.00000000e+00
8.43843625e+00 3.50857111e+01 2.00000000e+00
2.98788163e+01 1.15900258e+02 2.00000000e+00
9.60801798e+00 3.49088148e+01 2.00000000e+00
1.02088711e+01 3.48636267e+01 2.00000000e+00
1.07749926e+01 3.46928386e+01 2.00000000e+00
1.15427461e+01 3.51353020e+01 2.00000000e+00
1.21582901e+01 3.50730891e+01 2.00000000e+00
1.27157397e+01 3.48381502e+01 2.00000000e+00
1.27298308e+01 3.48767565e+01 1.49302954e+00
1.21604567e+01 3.50793391e+01 1.49302954e+00
1.15878606e+01 3.52726271e+01 1.49302954e+00
1.09764002e+01 3.53413216e+01 1.49467800e+00
1.03609385e+01 3.53829419e+01 1.49656195e+00
9.64639449e+00 3.50482482e+01 1.50362678e+00
9.07033384e+00 3.51839251e+01 1.50386228e+00
8.47628792e+00 3.52430925e+01 1.50503975e+00
7.89775647e+00 3.53595666e+01 1.50527524e+00
7.29677834e+00 3.53652447e+01 1.50692370e+00
6.69771439e+00 3.53607588e+01 1.50857217e+00
6.11246465e+00 3.54141270e+01 1.50927865e+00
5.51928857e+00 3.54067234e+01 1.51069161e+00
4.94462114e+00 3.55089450e+01 1.51045612e+00
4.34919267e+00 3.54478326e+01 1.51234008e+00
3.77163342e+00 3.55139282e+01 1.51234008e+00
3.19461622e+00 3.55877848e+01 1.51210458e+00
2.60483852e+00 3.54975205e+01 1.51398854e+00
2.02571995e+00 3.55180049e+01 1.51422403e+00
1.44241676e+00 3.54256936e+01 1.51587249e+00
8.66023851e-01 3.54617133e+01 1.51563700e+00
2.88559804e-01 3.54538724e+01 1.51587249e+00
-2.88700115e-01 3.54711116e+01 1.51563700e+00
-8.62656703e-01 3.53238362e+01 1.51752095e+00
-1.43750721e+00 3.53051151e+01 1.51752095e+00
-2.01197683e+00 3.52770397e+01 1.51752095e+00
-2.58591337e+00 3.52396174e+01 1.51752095e+00
-3.15762338e+00 3.51756874e+01 1.51775645e+00
-3.72975844e+00 3.51196308e+01 1.51775645e+00
-4.28830855e+00 3.49516003e+01 1.51916941e+00
-4.85664636e+00 3.48771693e+01 1.51916941e+00
-5.42104206e+00 3.47764634e+01 1.51940491e+00
-5.98931133e+00 3.47006067e+01 1.51916941e+00
-6.55333837e+00 3.45985218e+01 1.51916941e+00
-7.11562907e+00 3.44872698e+01 1.51916941e+00
-7.67227642e+00 3.43500550e+01 1.51940491e+00
-8.23037460e+00 3.42206229e+01 1.51940491e+00
-8.82072138e+00 3.42156756e+01 1.51752095e+00
-9.37648012e+00 3.40675682e+01 1.51752095e+00
-9.92975449e+00 3.39104343e+01 1.51752095e+00
-1.04803979e+01 3.37443157e+01 1.51752095e+00
-1.10282645e+01 3.35692562e+01 1.51752095e+00
-1.15675624e+01 3.33690136e+01 1.51775645e+00
-1.22865061e+01 3.36621505e+01 1.51069161e+00
-1.22983441e+01 3.36945838e+01 1.02063044e+00
-1.17482693e+01 3.38902997e+01 1.02063044e+00
-1.11950817e+01 3.40770361e+01 1.02063044e+00
-1.04855681e+01 3.37609625e+01 1.03475878e+00
-9.93949646e+00 3.39437035e+01 1.03428784e+00
-9.38110573e+00 3.40843744e+01 1.03475878e+00
-8.82507282e+00 3.42325549e+01 1.03475878e+00
-8.23445975e+00 3.42376084e+01 1.03852634e+00
-7.67608456e+00 3.43671046e+01 1.03852634e+00
-7.11567555e+00 3.44874951e+01 1.03852634e+00
-6.55338118e+00 3.45987478e+01 1.03852634e+00
-5.98935045e+00 3.47008334e+01 1.03852634e+00
-5.43435107e+00 3.48618418e+01 1.03664256e+00
-4.85905512e+00 3.48944674e+01 1.03805540e+00
-4.29043543e+00 3.49689353e+01 1.03805540e+00
-3.72067896e+00 3.50341379e+01 1.03805540e+00
-3.14839574e+00 3.50728921e+01 1.03852634e+00
-2.57709847e+00 3.51194920e+01 1.03852634e+00
-2.00609975e+00 3.51739937e+01 1.03805540e+00
-1.43821636e+00 3.53225319e+01 1.03475878e+00
-8.63082270e-01 3.53412622e+01 1.03475878e+00
-2.87719501e-01 3.53506286e+01 1.03475878e+00
2.87719501e-01 3.53506286e+01 1.03475878e+00
8.63082270e-01 3.53412622e+01 1.03475878e+00
1.44382571e+00 3.54602973e+01 1.03099122e+00
2.01983902e+00 3.54148915e+01 1.03146217e+00
2.59980229e+00 3.54288891e+01 1.03004933e+00
3.18383729e+00 3.54677083e+01 1.02769461e+00
3.76072209e+00 3.54111864e+01 1.02769461e+00
4.34290705e+00 3.53966020e+01 1.02628178e+00
4.92798902e+00 3.53895044e+01 1.02439800e+00
5.50602440e+00 3.53216326e+01 1.02392705e+00
6.10074370e+00 3.53462187e+01 1.02063044e+00
6.67205713e+00 3.52253006e+01 1.02110138e+00
7.26891280e+00 3.52301890e+01 1.01780477e+00
7.84514727e+00 3.51240264e+01 1.01733382e+00
8.44806235e+00 3.51257349e+01 1.01356627e+00
9.01868346e+00 3.49835727e+01 1.01356627e+00
9.61892979e+00 3.49484607e+01 1.01026965e+00
1.01865103e+01 3.47872638e+01 1.01026965e+00
1.09405356e+01 3.52258465e+01 9.92844693e-01
1.15178353e+01 3.50594751e+01 9.92373748e-01
1.21264864e+01 3.49813449e+01 9.89077135e-01
1.27356354e+01 3.48926597e+01 9.85780521e-01
1.27390639e+01 3.49020531e+01 4.78347591e-01
1.21692768e+01 3.51047826e+01 4.78347591e-01
1.16016421e+01 3.53145772e+01 4.77641283e-01
1.09844142e+01 3.53671247e+01 4.83291742e-01
1.03734015e+01 3.54255034e+01 4.88235894e-01
9.75883642e+00 3.54567835e+01 4.93886353e-01
9.05570173e+00 3.51271670e+01 5.14369268e-01
8.47871008e+00 3.52531634e+01 5.15075575e-01
7.87373081e+00 3.52519997e+01 5.20726034e-01
7.30237324e+00 3.53923615e+01 5.20019727e-01
6.69967797e+00 3.53711256e+01 5.25670186e-01
6.10254566e+00 3.53566588e+01 5.30614338e-01
5.52623816e+00 3.54513057e+01 5.30614338e-01
4.92945907e+00 3.54000613e+01 5.36264797e-01
4.35260053e+00 3.54756082e+01 5.36264797e-01
3.77458873e+00 3.55417555e+01 5.36264797e-01
3.18479530e+00 3.54783805e+01 5.41208948e-01
2.60689308e+00 3.55255191e+01 5.41208948e-01
2.02045281e+00 3.54256534e+01 5.46859407e-01
1.44356308e+00 3.54538471e+01 5.46859407e-01
8.66290868e-01 3.54726471e+01 5.46859407e-01
2.88789128e-01 3.54820483e+01 5.46859407e-01
-2.87807690e-01 3.53614639e+01 5.51803559e-01
-8.63346813e-01 3.53520947e+01 5.51803559e-01
-1.43865719e+00 3.53333586e+01 5.51803559e-01
-2.01358638e+00 3.53052607e+01 5.51803559e-01
-2.57915691e+00 3.51475435e+01 5.56747711e-01
-3.15091050e+00 3.51009063e+01 5.56747711e-01
-3.72000994e+00 3.50278384e+01 5.57454018e-01
-4.29176185e+00 3.49797462e+01 5.56747711e-01
-4.86055733e+00 3.49052553e+01 5.56747711e-01
-5.42806497e+00 3.48215160e+01 5.56747711e-01
-5.99413440e+00 3.47285504e+01 5.56747711e-01
-6.55540969e+00 3.46094574e+01 5.57454018e-01
-7.11439707e+00 3.44812987e+01 5.58160326e-01
-7.67846059e+00 3.43777425e+01 5.57454018e-01
-8.24103697e+00 3.42649555e+01 5.56747711e-01
-8.78907373e+00 3.40929140e+01 5.58160326e-01
-9.35198129e+00 3.39785566e+01 5.56747711e-01
-9.93769812e+00 3.39375621e+01 5.51803559e-01
-1.04938917e+01 3.37877622e+01 5.51097252e-01
-1.10370869e+01 3.35961111e+01 5.51803559e-01
-1.15768250e+01 3.33957334e+01 5.52509867e-01
-1.23019766e+01 3.37045361e+01 5.30614338e-01
-1.23033139e+01 3.37082002e+01 4.04992420e-02
-1.17530169e+01 3.39039952e+01 4.04992420e-02
-1.11996058e+01 3.40908070e+01 4.04992420e-02
-1.04900391e+01 3.37753580e+01 6.87453878e-02
-9.93405114e+00 3.39251076e+01 6.96869260e-02
-9.35312685e+00 3.39827188e+01 7.53361551e-02
-8.79875229e+00 3.41304573e+01 7.53361551e-02
-8.23802072e+00 3.42524143e+01 7.62776933e-02
-7.68315681e+00 3.43987682e+01 7.53361551e-02
-7.11875270e+00 3.45024091e+01 7.62776933e-02
-6.55941904e+00 3.46306248e+01 7.53361551e-02
-5.99194053e+00 3.47158396e+01 7.62776933e-02
-5.42872987e+00 3.48257814e+01 7.53361551e-02
-4.85877834e+00 3.48924798e+01 7.62776933e-02
-4.29228756e+00 3.49840310e+01 7.53361551e-02
-3.72046703e+00 3.50321424e+01 7.62776933e-02
-3.15129647e+00 3.51052060e+01 7.53361551e-02
-2.57821292e+00 3.51346793e+01 7.62776933e-02
-2.00696576e+00 3.51891779e+01 7.53361551e-02
-1.43392692e+00 3.52171834e+01 7.53361551e-02
-8.63450283e-01 3.53563315e+01 6.87453878e-02
-2.87842183e-01 3.53657019e+01 6.87453878e-02
2.87702069e-01 3.53484868e+01 6.96869260e-02
8.63450283e-01 3.53563315e+01 6.87453878e-02
1.43882961e+00 3.53375932e+01 6.87453878e-02
2.02166992e+00 3.54469937e+01 6.12130822e-02
2.59711160e+00 3.53922216e+01 6.21546204e-02
3.17438464e+00 3.53624065e+01 6.12130822e-02
3.76228343e+00 3.54258881e+01 5.46223149e-02
4.33841089e+00 3.53599564e+01 5.46223149e-02
4.93000945e+00 3.54040137e+01 4.80315475e-02
5.50562616e+00 3.53190778e+01 4.80315475e-02
6.07978412e+00 3.52247840e+01 4.80315475e-02
6.67796213e+00 3.52564762e+01 4.04992420e-02
7.25094581e+00 3.51431085e+01 4.04992420e-02
7.84827751e+00 3.51380410e+01 3.39084746e-02
8.44735847e+00 3.51228083e+01 2.73177073e-02
9.01793204e+00 3.49806579e+01 2.73177073e-02
9.62723202e+00 3.49786252e+01 1.88438635e-02
1.01904644e+01 3.48007673e+01 1.97854017e-02
1.07964154e+01 3.47618146e+01 1.22530962e-02
1.15219980e+01 3.50721461e+01 -1.59930496e-02
1.21308106e+01 3.49938189e+01 -2.25838169e-02
1.27401157e+01 3.49049348e+01 -2.91745843e-02
1.27387906e+01 3.49013044e+01 -5.36691316e-01
1.21690158e+01 3.51040296e+01 -5.36691316e-01
1.15584358e+01 3.51830603e+01 -5.28455163e-01
1.09842312e+01 3.53665355e+01 -5.28455163e-01
1.03684448e+01 3.54085762e+01 -5.19042416e-01
9.65378973e+00 3.50751173e+01 -4.83744616e-01
9.05153620e+00 3.51110088e+01 -4.75508463e-01
8.44665772e+00 3.51198947e+01 -4.66095716e-01
7.87389348e+00 3.52527280e+01 -4.66095716e-01
7.27471210e+00 3.52582964e+01 -4.57859563e-01
6.70305153e+00 3.53889364e+01 -4.59036156e-01
6.10273383e+00 3.53577490e+01 -4.49623409e-01
5.52640856e+00 3.54523988e+01 -4.49623409e-01
4.93201241e+00 3.54183977e+01 -4.41387256e-01
4.35276031e+00 3.54769105e+01 -4.40210663e-01
3.76201126e+00 3.54233253e+01 -4.31974509e-01
3.18492871e+00 3.54798666e+01 -4.31974509e-01
2.60700228e+00 3.55270073e+01 -4.31974509e-01
2.02054949e+00 3.54273486e+01 -4.22561763e-01
1.44433195e+00 3.54727305e+01 -4.23738356e-01
8.66332321e-01 3.54743445e+01 -4.22561763e-01
2.87822974e-01 3.53633418e+01 -4.14325609e-01
-2.87962970e-01 3.53805424e+01 -4.15502203e-01
-8.62972710e-01 3.53367760e+01 -4.13149016e-01
-1.43873359e+00 3.53352350e+01 -4.14325609e-01
-2.00585768e+00 3.51697494e+01 -4.04912863e-01
-2.57804867e+00 3.51324409e+01 -4.04912863e-01
-3.14955658e+00 3.50858238e+01 -4.04912863e-01
-3.72023000e+00 3.50299105e+01 -4.04912863e-01
-4.28991772e+00 3.49647157e+01 -4.04912863e-01
-4.85846879e+00 3.48902568e+01 -4.04912863e-01
-5.42573258e+00 3.48065535e+01 -4.04912863e-01
-5.99155878e+00 3.47136279e+01 -4.04912863e-01
-6.55579747e+00 3.46115047e+01 -4.04912863e-01
-7.11829916e+00 3.45002109e+01 -4.04912863e-01
-7.67891481e+00 3.43797761e+01 -4.04912863e-01
-8.23749587e+00 3.42502321e+01 -4.04912863e-01
-8.79389435e+00 3.41116133e+01 -4.04912863e-01
-9.35709199e+00 3.39971253e+01 -4.07266049e-01
-9.90438842e+00 3.38238084e+01 -4.06089456e-01
-1.04485232e+01 3.36416869e+01 -4.04912863e-01
-1.09947235e+01 3.34671599e+01 -4.04912863e-01
-1.15830825e+01 3.34137844e+01 -4.14325609e-01
-1.23023559e+01 3.37055754e+01 -4.49623409e-01
-1.22755358e+01 3.36320946e+01 -9.34016460e-01
-1.17489939e+01 3.38923901e+01 -9.39662175e-01
-1.11528669e+01 3.39485371e+01 -9.28370744e-01
-1.04510049e+01 3.36496773e+01 -8.87439304e-01
-9.90190576e+00 3.38153300e+01 -8.87439304e-01
-9.34562319e+00 3.39554557e+01 -8.86027875e-01
-8.79598301e+00 3.41197152e+01 -8.87439304e-01
-8.23543417e+00 3.42416599e+01 -8.86027875e-01
-7.67699291e+00 3.43711714e+01 -8.86027875e-01
-7.11304530e+00 3.44747471e+01 -8.84616446e-01
-6.55735456e+00 3.46197254e+01 -8.87439304e-01
-5.99298185e+00 3.47218728e+01 -8.87439304e-01
-5.42437461e+00 3.47978420e+01 -8.86027875e-01
-4.85725280e+00 3.48815244e+01 -8.86027875e-01
-4.29093663e+00 3.49730203e+01 -8.87439304e-01
-3.71929889e+00 3.50211431e+01 -8.86027875e-01
-3.14723196e+00 3.50599277e+01 -8.84616446e-01
-2.57866098e+00 3.51407853e+01 -8.87439304e-01
-2.00535565e+00 3.51609470e+01 -8.86027875e-01
-1.43277653e+00 3.51889300e+01 -8.86027875e-01
-8.59817799e-01 3.52075895e+01 -8.86027875e-01
-2.86631248e-01 3.52169205e+01 -8.86027875e-01
2.87750066e-01 3.53543840e+01 -8.97319307e-01
8.63173958e-01 3.53450166e+01 -8.97319307e-01
1.43836915e+00 3.53262843e+01 -8.97319307e-01
2.01318323e+00 3.52981921e+01 -8.97319307e-01
2.59626682e+00 3.53807093e+01 -9.07199309e-01
3.17181337e+00 3.53337628e+01 -9.07199309e-01
3.74651954e+00 3.52774543e+01 -9.07199309e-01
4.33488124e+00 3.53311882e+01 -9.17079312e-01
4.91176135e+00 3.52729682e+01 -9.18490741e-01
5.50112733e+00 3.52902175e+01 -9.26959315e-01
6.07773878e+00 3.52129338e+01 -9.28370744e-01
6.67567633e+00 3.52444083e+01 -9.39662175e-01
7.24499161e+00 3.51142504e+01 -9.38250746e-01
7.84555107e+00 3.51258343e+01 -9.49542178e-01
8.41625362e+00 3.49934791e+01 -9.49542178e-01
9.01904317e+00 3.49849680e+01 -9.60833610e-01
9.58273749e+00 3.48169632e+01 -9.59422181e-01
1.01868140e+01 3.47883011e+01 -9.70713613e-01
1.09046146e+01 3.51101895e+01 -1.01305648e+00
1.15121994e+01 3.50423199e+01 -1.02293648e+00
1.21204541e+01 3.49639435e+01 -1.03281649e+00
1.26938470e+01 3.47781693e+01 -1.03422792e+00
1.26878194e+01 3.47616551e+01 -1.53980771e+00
1.21147030e+01 3.49473532e+01 -1.53816171e+00
1.15496179e+01 3.51562193e+01 -1.53980771e+00
1.09351270e+01 3.52084321e+01 -1.52663970e+00
1.03220073e+01 3.52499904e+01 -1.51347169e+00
9.75143139e+00 3.54298788e+01 -1.51511770e+00
9.04491653e+00 3.50853311e+01 -1.46573766e+00
8.44052901e+00 3.50944124e+01 -1.45256965e+00
7.87192154e+00 3.52438993e+01 -1.45421565e+00
7.26947061e+00 3.52328925e+01 -1.44104764e+00
6.67266506e+00 3.52285102e+01 -1.42952563e+00
6.10128701e+00 3.53493665e+01 -1.43117163e+00
5.50395094e+00 3.53083312e+01 -1.41800362e+00
4.92850938e+00 3.53932412e+01 -1.41800362e+00
4.34967191e+00 3.54517386e+01 -1.41635762e+00
3.75936149e+00 3.53983749e+01 -1.40483561e+00
3.18268540e+00 3.54548764e+01 -1.40483561e+00
2.59511779e+00 3.53650510e+01 -1.39166760e+00
2.02011562e+00 3.54197413e+01 -1.39331360e+00
1.44332216e+00 3.54479303e+01 -1.39331360e+00
8.62375203e-01 3.53123095e+01 -1.37849959e+00
2.87623474e-01 3.53388302e+01 -1.38014559e+00
-2.87623474e-01 3.53388302e+01 -1.38014559e+00
-8.62794214e-01 3.53294670e+01 -1.38014559e+00
-1.43215054e+00 3.51735555e+01 -1.36697758e+00
-2.00447948e+00 3.51455847e+01 -1.36697758e+00
-2.57753335e+00 3.51254185e+01 -1.36862358e+00
-3.14892703e+00 3.50788107e+01 -1.36862358e+00
-3.71767388e+00 3.50058419e+01 -1.36697758e+00
-4.28906023e+00 3.49577268e+01 -1.36862358e+00
-4.85513060e+00 3.48662842e+01 -1.36697758e+00
-5.42464806e+00 3.47995962e+01 -1.36862358e+00
-5.96700835e+00 3.45713887e+01 -1.35545557e+00
-6.55448707e+00 3.46045864e+01 -1.36862358e+00
-7.11687633e+00 3.44933149e+01 -1.36862358e+00
-7.67363873e+00 3.43561542e+01 -1.36697758e+00
-8.23183600e+00 3.42266992e+01 -1.36697758e+00
-8.78785218e+00 3.40881756e+01 -1.36697758e+00
-9.34609432e+00 3.39571675e+01 -1.36862358e+00
-9.89275264e+00 3.37840718e+01 -1.36697758e+00
-1.04413442e+01 3.36185722e+01 -1.36697758e+00
-1.09925258e+01 3.34604704e+01 -1.36862358e+00
-1.17043448e+01 3.37635905e+01 -1.41800362e+00
-1.22464784e+01 3.35524840e+01 -1.41635762e+00
-1.22328267e+01 3.35150816e+01 -1.90219998e+00
-1.16912958e+01 3.37259480e+01 -1.90408025e+00
-1.11407909e+01 3.39117788e+01 -1.90408025e+00
-1.04399156e+01 3.36139725e+01 -1.84955252e+00
-9.89139912e+00 3.37794495e+01 -1.84955252e+00
-9.33571391e+00 3.39194523e+01 -1.84767226e+00
-8.78664984e+00 3.40835117e+01 -1.84955252e+00
-8.23070973e+00 3.42220164e+01 -1.84955252e+00
-7.65390915e+00 3.42678216e+01 -1.84015119e+00
-7.08126636e+00 3.43207243e+01 -1.83263012e+00
-6.52488059e+00 3.44482782e+01 -1.83451039e+00
-5.96038781e+00 3.45330309e+01 -1.83263012e+00
-5.40014503e+00 3.46424071e+01 -1.83451039e+00
-4.83555644e+00 3.47257157e+01 -1.83451039e+00
-4.26968663e+00 3.47998235e+01 -1.83451039e+00
-3.70268554e+00 3.48647108e+01 -1.83451039e+00
-3.14542962e+00 3.50398498e+01 -1.84767226e+00
-2.57467057e+00 3.50864058e+01 -1.84767226e+00
-2.00322934e+00 3.51236654e+01 -1.84767226e+00
-1.43125734e+00 3.51516188e+01 -1.84767226e+00
-8.58906122e-01 3.51702585e+01 -1.84767226e+00
-2.86327329e-01 3.51795795e+01 -1.84767226e+00
2.87443220e-01 3.53166834e+01 -1.86271439e+00
8.62253499e-01 3.53073260e+01 -1.86271439e+00
1.43613807e+00 3.52714893e+01 -1.86083412e+00
2.01103644e+00 3.52605513e+01 -1.86271439e+00
2.59348460e+00 3.53427946e+01 -1.87587625e+00
3.16994671e+00 3.53129683e+01 -1.87775652e+00
3.74250469e+00 3.52396503e+01 -1.87587625e+00
4.33230038e+00 3.53101531e+01 -1.89091838e+00
4.90646851e+00 3.52349585e+01 -1.89091838e+00
5.49781468e+00 3.52689665e+01 -1.90408025e+00
6.07115801e+00 3.51748064e+01 -1.90408025e+00
6.64289275e+00 3.50713265e+01 -1.90408025e+00
7.23710970e+00 3.50760491e+01 -1.91724212e+00
7.81081844e+00 3.49703305e+01 -1.91912238e+00
8.39101754e+00 3.48885514e+01 -1.92476318e+00
9.10325097e+00 3.53116110e+01 -1.98869224e+00
9.57675570e+00 3.47952295e+01 -1.94732638e+00
1.01803782e+01 3.47663225e+01 -1.96236851e+00
1.08923383e+01 3.50706630e+01 -2.01689624e+00
1.14617392e+01 3.48887227e+01 -2.01689624e+00
1.20673974e+01 3.48108906e+01 -2.03005810e+00
1.26794247e+01 3.47386556e+01 -2.04510023e+00
1.26686644e+01 3.47091749e+01 -2.55001120e+00
1.21076306e+01 3.49269514e+01 -2.55212539e+00
1.15268407e+01 3.50868869e+01 -2.54789702e+00
1.09237538e+01 3.51718130e+01 -2.53521194e+00
1.03161557e+01 3.52300072e+01 -2.52041267e+00
9.73227010e+00 3.53602600e+01 -2.51618431e+00
9.12552204e+00 3.53980007e+01 -2.50138504e+00
8.42810166e+00 3.50427415e+01 -2.43795962e+00
7.94238544e+00 3.55593778e+01 -2.48658578e+00
7.25880437e+00 3.51811965e+01 -2.42316035e+00
6.66290860e+00 3.51770007e+01 -2.40836109e+00
6.08945116e+00 3.52807924e+01 -2.40836109e+00
5.49329613e+00 3.52399796e+01 -2.39144764e+00
4.91896853e+00 3.53247252e+01 -2.39144764e+00
4.32875099e+00 3.52812240e+01 -2.37664837e+00
3.75390634e+00 3.53470089e+01 -2.37664837e+00
3.17653718e+00 3.53863856e+01 -2.37453419e+00
2.59261982e+00 3.53310098e+01 -2.36184911e+00
2.01622047e+00 3.53514457e+01 -2.35973493e+00
1.43566622e+00 3.52599006e+01 -2.34493566e+00
8.61551916e-01 3.52785977e+01 -2.34493566e+00
2.87209338e-01 3.52879475e+01 -2.34493566e+00
-2.87209338e-01 3.52879475e+01 -2.34493566e+00
-8.58627624e-01 3.51588546e+01 -2.33013639e+00
-1.43009712e+00 3.51231238e+01 -2.32802221e+00
-2.00160546e+00 3.50951931e+01 -2.32802221e+00
-2.57383574e+00 3.50750291e+01 -2.33013639e+00
-3.13676033e+00 3.49432745e+01 -2.31956549e+00
-3.71234349e+00 3.49556506e+01 -2.32802221e+00
-4.28082353e+00 3.48905941e+01 -2.32802221e+00
-4.83164952e+00 3.46976588e+01 -2.31322295e+00
-5.39051091e+00 3.45806034e+01 -2.30899458e+00
-0.00000000e+00 0.00000000e+00 0.00000000e+00
-6.51960877e+00 3.44204455e+01 -2.31322295e+00
-7.07900539e+00 3.43097661e+01 -2.31322295e+00
-7.63652637e+00 3.41899960e+01 -2.31322295e+00
-8.18802269e+00 3.40445303e+01 -2.31110877e+00
-8.74535111e+00 3.39233135e+01 -2.31322295e+00
-9.32814610e+00 3.38919562e+01 -2.32802221e+00
-9.88337710e+00 3.37520541e+01 -2.33013639e+00
-1.05786327e+01 3.40606077e+01 -2.39144764e+00
-1.11316345e+01 3.38839074e+01 -2.39144764e+00
-1.16816869e+01 3.36982293e+01 -2.39144764e+00
-1.22286442e+01 3.35036226e+01 -2.39144764e+00
-1.22397299e+01 3.35339948e+01 -2.88775966e+00
-1.16698986e+01 3.36642235e+01 -2.87836886e+00
-1.11204013e+01 3.38497142e+01 -2.87836886e+00
-1.05679575e+01 3.40262362e+01 -2.87836886e+00
-1.05679575e+01 3.40262362e+01 -2.87836886e+00
-1.00127137e+01 3.41937428e+01 -2.87836886e+00
-9.45481694e+00 3.43521894e+01 -2.87836886e+00
-8.86456722e+00 3.43857541e+01 -2.86193495e+00
-8.29970300e+00 3.45088797e+01 -2.85958725e+00
-7.62892667e+00 3.41559709e+01 -2.79150393e+00
-7.07196051e+00 3.42756217e+01 -2.79150393e+00
-6.51312059e+00 3.43861910e+01 -2.79150393e+00
-5.95255497e+00 3.44876494e+01 -2.79150393e+00
-5.39041218e+00 3.45799700e+01 -2.79150393e+00
-4.82684117e+00 3.46631285e+01 -2.79150393e+00
-4.26199124e+00 3.47371027e+01 -2.79150393e+00
-3.69601208e+00 3.48018730e+01 -2.79150393e+00
-3.13058078e+00 3.48744348e+01 -2.79385163e+00
-2.57001640e+00 3.50229809e+01 -2.80793783e+00
-1.99960815e+00 3.50601732e+01 -2.80793783e+00
-1.42867009e+00 3.50880760e+01 -2.80793783e+00
-8.57770510e-01 3.51237577e+01 -2.81028554e+00
-2.85809742e-01 3.51159862e+01 -2.80793783e+00
2.85809742e-01 3.51159862e+01 -2.80793783e+00
8.61106607e-01 3.52603633e+01 -2.82906714e+00
1.43422927e+00 3.52246092e+01 -2.82671944e+00
2.00641634e+00 3.51795447e+01 -2.82437174e+00
2.58876703e+00 3.52785058e+01 -2.84315335e+00
3.16265102e+00 3.52316949e+01 -2.84315335e+00
3.73750090e+00 3.51925343e+01 -2.84550105e+00
4.32439400e+00 3.52457125e+01 -2.86193495e+00
4.89751428e+00 3.51706552e+01 -2.86193495e+00
5.46670610e+00 3.50694023e+01 -2.85958725e+00
6.05714153e+00 3.50935983e+01 -2.87602116e+00
6.63073507e+00 3.50071397e+01 -2.87836886e+00
7.22382718e+00 3.50116728e+01 -2.89480277e+00
7.79647724e+00 3.49061226e+01 -2.89715047e+00
8.49142413e+00 3.53060265e+01 -2.97227689e+00
9.08203001e+00 3.52292947e+01 -2.98166770e+00
9.69504646e+00 3.52250154e+01 -3.00279701e+00
1.01519163e+01 3.46691240e+01 -2.94645218e+00
1.08719338e+01 3.50049655e+01 -3.01923091e+00
1.14829170e+01 3.49531862e+01 -3.03801252e+00
1.20447329e+01 3.47455100e+01 -3.03566482e+00
1.26496840e+01 3.46571732e+01 -3.05209872e+00
1.26400555e+01 3.46307934e+01 -3.55831178e+00
1.20746969e+01 3.48319472e+01 -3.55831178e+00
1.15061389e+01 3.50238721e+01 -3.55831178e+00
1.08991383e+01 3.50925572e+01 -3.54024630e+00
1.02881691e+01 3.51344318e+01 -3.51960004e+00
9.71492426e+00 3.52972374e+01 -3.51960004e+00
9.10506082e+00 3.53186314e+01 -3.49895378e+00
8.52897452e+00 3.54621552e+01 -3.49895378e+00
7.92461636e+00 3.54798227e+01 -3.48088830e+00
7.33228389e+00 3.55373292e+01 -3.47056516e+00
6.74018269e+00 3.55849713e+01 -3.46024203e+00
6.07309078e+00 3.51860044e+01 -3.38281855e+00
5.48118544e+00 3.51622885e+01 -3.36475307e+00
4.90812402e+00 3.52468473e+01 -3.36475307e+00
4.31715421e+00 3.51867051e+01 -3.34410681e+00
3.74564988e+00 3.52692656e+01 -3.34668759e+00
3.15888396e+00 3.51897301e+01 -3.32604133e+00
2.58568353e+00 3.52364853e+01 -3.32604133e+00
2.01179801e+00 3.52739043e+01 -3.32604133e+00
1.43183121e+00 3.51657130e+01 -3.30539506e+00
8.60915268e-01 3.52525284e+01 -3.31571820e+00
2.86580876e-01 3.52107316e+01 -3.30797585e+00
-2.86442134e-01 3.51936850e+01 -3.30539506e+00
-8.56753365e-01 3.50821079e+01 -3.28991037e+00
-1.42767005e+00 3.50635149e+01 -3.28991037e+00
-1.99820846e+00 3.50356316e+01 -3.28991037e+00
-2.56696985e+00 3.49814640e+01 -3.28732959e+00
-3.13754593e+00 3.49520261e+01 -3.28991037e+00
-3.70604312e+00 3.48963260e+01 -3.28991037e+00
-4.25695043e+00 3.46960178e+01 -3.26926411e+00
-4.82113228e+00 3.46221311e+01 -3.26926411e+00
-5.38403674e+00 3.45390710e+01 -3.26926411e+00
-5.94551466e+00 3.44468595e+01 -3.26926411e+00
-6.50541728e+00 3.43455212e+01 -3.26926411e+00
-7.06704095e+00 3.42517781e+01 -3.27184489e+00
-7.61990365e+00 3.41155734e+01 -3.26926411e+00
-8.29378169e+00 3.44842598e+01 -3.34668759e+00
-8.85398197e+00 3.43446938e+01 -3.34668759e+00
-9.42088373e+00 3.42288999e+01 -3.35184916e+00
-1.00007314e+01 3.41528227e+01 -3.36475307e+00
-1.05553107e+01 3.39855166e+01 -3.36475307e+00
-1.11124140e+01 3.38254014e+01 -3.36733385e+00
-1.16559331e+01 3.36239371e+01 -3.36475307e+00
-1.22016846e+01 3.34297595e+01 -3.36475307e+00
-1.21906210e+01 3.33994479e+01 -3.85332291e+00
-1.16397930e+01 3.35773775e+01 -3.85050952e+00
-1.10917132e+01 3.37623897e+01 -3.85050952e+00
-1.05406946e+01 3.39384564e+01 -3.85050952e+00
-9.98688320e+00 3.41055307e+01 -3.85050952e+00
-9.43493960e+00 3.42799691e+01 -3.85332291e+00
-8.84174486e+00 3.42972259e+01 -3.83081584e+00
-8.28231883e+00 3.44365990e+01 -3.83081584e+00
-7.71699036e+00 3.45502467e+01 -3.82800246e+00
-7.15703220e+00 3.46879381e+01 -3.83081584e+00
-6.59146975e+00 3.47998374e+01 -3.83081584e+00
-6.02416084e+00 3.49025163e+01 -3.83081584e+00
-5.37665681e+00 3.44917281e+01 -3.74641434e+00
-4.81452392e+00 3.45746743e+01 -3.74641434e+00
-4.25732992e+00 3.46991108e+01 -3.75485449e+00
-3.69915543e+00 3.48314710e+01 -3.76610803e+00
-3.13171479e+00 3.48870676e+01 -3.76610803e+00
-2.56344439e+00 3.49334206e+01 -3.76610803e+00
-1.99546336e+00 3.49875005e+01 -3.76892141e+00
-1.42501672e+00 3.49983492e+01 -3.76610803e+00
-8.55576376e-01 3.50339129e+01 -3.76892141e+00
-2.85078873e-01 3.50261881e+01 -3.76610803e+00
2.86186413e-01 3.51622659e+01 -3.78861509e+00
8.58068121e-01 3.51359442e+01 -3.78580171e+00
1.43124498e+00 3.51513151e+01 -3.79142847e+00
2.00321204e+00 3.51233620e+01 -3.79142847e+00
2.58211763e+00 3.51878908e+01 -3.80830877e+00
3.15452756e+00 3.51412001e+01 -3.80830877e+00
3.72430526e+00 3.50682834e+01 -3.80549539e+00
4.29668854e+00 3.50199009e+01 -3.80830877e+00
4.88255929e+00 3.50632586e+01 -3.82800246e+00
5.45525579e+00 3.49959475e+01 -3.83081584e+00
6.04441318e+00 3.50198534e+01 -3.85050952e+00
6.61362930e+00 3.49168293e+01 -3.85050952e+00
7.20859124e+00 3.49378289e+01 -3.87301659e+00
7.88755735e+00 3.53139034e+01 -3.95741809e+00
8.45733783e+00 3.51643009e+01 -3.95460471e+00
9.05831008e+00 3.51372848e+01 -3.97429839e+00
9.66514974e+00 3.51163916e+01 -3.99680545e+00
1.02402378e+01 3.49707450e+01 -3.99961884e+00
1.08434163e+01 3.49131459e+01 -4.01931252e+00
1.14527326e+01 3.48613072e+01 -4.04181959e+00
1.21802236e+01 3.51363609e+01 -4.12340770e+00
1.26222123e+01 3.45819071e+01 -4.06151327e+00
1.27765721e+01 3.50048167e+01 -4.65532078e+00
1.21995490e+01 3.51921089e+01 -4.65227532e+00
1.16304088e+01 3.54021409e+01 -4.65532078e+00
1.10123607e+01 3.54571057e+01 -4.63095711e+00
1.02525446e+01 3.50127732e+01 -4.51522967e+00
9.68578807e+00 3.51913769e+01 -4.51827513e+00
9.07356867e+00 3.51964730e+01 -4.49086600e+00
8.50344326e+00 3.53560002e+01 -4.49391146e+00
7.90093363e+00 3.53737912e+01 -4.47259324e+00
7.29667555e+00 3.53647466e+01 -4.44822957e+00
6.72007822e+00 3.54788292e+01 -4.44822957e+00
6.05799518e+00 3.50985442e+01 -4.35991127e+00
5.46759828e+00 3.50751257e+01 -4.33859305e+00
4.88425477e+00 3.50754344e+01 -4.32336576e+00
4.30648625e+00 3.50997565e+01 -4.31422938e+00
3.73280609e+00 3.51483277e+01 -4.31118392e+00
3.19510083e+00 3.55931833e+01 -4.38122948e+00
2.57806998e+00 3.51327313e+01 -4.28986571e+00
2.00587426e+00 3.51700402e+01 -4.28986571e+00
1.43038547e+00 3.51302055e+01 -4.27768388e+00
8.56725648e-01 3.50809730e+01 -4.26550204e+00
2.85600440e-01 3.50902704e+01 -4.26550204e+00
-2.85600440e-01 3.50902704e+01 -4.26550204e+00
-8.57139962e-01 3.50979382e+01 -4.26854750e+00
-1.42210065e+00 3.49267308e+01 -4.24113837e+00
-1.99137967e+00 3.49158990e+01 -4.24418383e+00
-2.55944067e+00 3.48788598e+01 -4.24418383e+00
-2.55944067e+00 3.48788598e+01 -4.24418383e+00
-3.12682352e+00 3.48325792e+01 -4.24418383e+00
-3.69337789e+00 3.47770694e+01 -4.24418383e+00
-4.25895368e+00 3.47123452e+01 -4.24418383e+00
-4.80935786e+00 3.45375751e+01 -4.22591108e+00
-5.36827376e+00 3.44379501e+01 -4.22286562e+00
-5.92810783e+00 3.43460086e+01 -4.22286562e+00
-6.58111729e+00 3.47451814e+01 -4.31422938e+00
-7.14579148e+00 3.46334578e+01 -4.31422938e+00
-7.70857234e+00 3.45125578e+01 -4.31422938e+00
-8.26534241e+00 3.43660137e+01 -4.31118392e+00
-8.82785816e+00 3.42433593e+01 -4.31422938e+00
-9.38406656e+00 3.40951320e+01 -4.31422938e+00
-9.95209568e+00 3.39867302e+01 -4.32336576e+00
-1.05190785e+01 3.38688577e+01 -4.33250214e+00
-1.10742637e+01 3.37092746e+01 -4.33554760e+00
-1.16214812e+01 3.35245535e+01 -4.33554760e+00
-1.21656196e+01 3.33309498e+01 -4.33554760e+00
-1.21441807e+01 3.32722123e+01 -4.81977679e+00
-1.16010013e+01 3.34654749e+01 -4.81977679e+00
-1.10547481e+01 3.36498705e+01 -4.81977679e+00
-1.05055659e+01 3.38253503e+01 -4.81977679e+00
-9.94884321e+00 3.39756229e+01 -4.81649983e+00
-9.38102969e+00 3.40840982e+01 -4.80666893e+00
-8.82077568e+00 3.42158862e+01 -4.80339196e+00
-8.25475989e+00 3.43220132e+01 -4.79683803e+00
-7.69131832e+00 3.44353087e+01 -4.79356106e+00
-7.12979713e+00 3.45559380e+01 -4.79356106e+00
-6.56638685e+00 3.46674116e+01 -4.79356106e+00
-5.98972059e+00 3.47029779e+01 -4.78045320e+00
-5.43710374e+00 3.48795005e+01 -4.79683803e+00
-4.86631652e+00 3.49466139e+01 -4.79356106e+00
-4.29890846e+00 3.50379942e+01 -4.79683803e+00
-3.67082262e+00 3.45646875e+01 -4.69197511e+00
-3.11075498e+00 3.46535769e+01 -4.69852904e+00
-2.55495943e+00 3.48177917e+01 -4.72146780e+00
-1.98789304e+00 3.48547660e+01 -4.72146780e+00
-1.42029994e+00 3.48825054e+01 -4.72146780e+00
-8.52330518e-01 3.49010024e+01 -4.72146780e+00
-2.84135267e-01 3.49102521e+01 -4.72146780e+00
2.84135267e-01 3.49102521e+01 -4.72146780e+00
8.55223337e-01 3.50194567e+01 -4.74440657e+00
1.42236587e+00 3.49332446e+01 -4.73129870e+00
1.99560382e+00 3.49899631e+01 -4.74768353e+00
2.56363099e+00 3.49359636e+01 -4.74440657e+00
3.14405007e+00 3.50244817e+01 -4.77062230e+00
3.71372575e+00 3.49686661e+01 -4.77062230e+00
4.34219734e+00 3.53908176e+01 -4.86565432e+00
4.92001170e+00 3.53322166e+01 -4.86893129e+00
5.51271117e+00 3.53645288e+01 -4.89187005e+00
6.02426908e+00 3.49031434e+01 -4.81977679e+00
6.59158818e+00 3.48004627e+01 -4.81977679e+00
7.25977454e+00 3.51858987e+01 -4.91808578e+00
7.85736126e+00 3.51787105e+01 -4.94102454e+00
8.43288115e+00 3.50626139e+01 -4.94430151e+00
9.03205612e+00 3.50354454e+01 -4.96724027e+00
9.59663838e+00 3.48674693e+01 -4.96396331e+00
1.02057156e+01 3.48528506e+01 -4.99345600e+00
1.08068069e+01 3.47952729e+01 -5.01639477e+00
1.13717367e+01 3.46147612e+01 -5.01639477e+00
1.20944352e+01 3.48888865e+01 -5.11142679e+00
1.27071484e+01 3.48146120e+01 -5.13764252e+00
1.26819027e+01 3.47454446e+01 -5.64336942e+00
1.21146723e+01 3.49472645e+01 -5.64336942e+00
1.15495007e+01 3.51558623e+01 -5.64687728e+00
1.09356844e+01 3.52102267e+01 -5.61881438e+00
1.02188038e+01 3.48975473e+01 -5.51357851e+00
9.63150577e+00 3.49941530e+01 -5.49954706e+00
9.04377510e+00 3.50809034e+01 -5.48551561e+00
8.43998709e+00 3.50921593e+01 -5.45745271e+00
7.87135493e+00 3.52413625e+01 -5.46096058e+00
7.27281212e+00 3.52490878e+01 -5.43640554e+00
6.69810052e+00 3.53627974e+01 -5.43640554e+00
6.09864493e+00 3.53340589e+01 -5.40834264e+00
5.44730536e+00 3.49449448e+01 -5.30661464e+00
4.87545795e+00 3.50122615e+01 -5.30310677e+00
4.35220059e+00 3.54723485e+01 -5.38378761e+00
3.75998001e+00 3.54041989e+01 -5.35572471e+00
3.13793094e+00 3.49563150e+01 -5.25048884e+00
2.56853257e+00 3.50027601e+01 -5.25048884e+00
1.99941487e+00 3.50567842e+01 -5.25399670e+00
1.42303792e+00 3.49497501e+01 -5.22593380e+00
8.53973597e-01 3.49682827e+01 -5.22593380e+00
2.84545620e-01 3.49606701e+01 -5.22242594e+00
-2.84683009e-01 3.49775503e+01 -5.22593380e+00
-8.51088698e-01 3.48501526e+01 -5.20137877e+00
-1.42029088e+00 3.48822829e+01 -5.21190235e+00
-1.98403553e+00 3.47871303e+01 -5.19787090e+00
-2.55000153e+00 3.47502277e+01 -5.19787090e+00
-3.11529189e+00 3.47041177e+01 -5.19787090e+00
-3.67975683e+00 3.46488127e+01 -5.19787090e+00
-4.24324680e+00 3.45843272e+01 -5.19787090e+00
-4.78931521e+00 3.43936423e+01 -5.17331587e+00
-5.34850478e+00 3.43111303e+01 -5.17331587e+00
-5.99241202e+00 3.47185714e+01 -5.27855174e+00
-6.55673107e+00 3.46164336e+01 -5.27855174e+00
-7.11931286e+00 3.45051240e+01 -5.27855174e+00
-7.68000834e+00 3.43846720e+01 -5.27855174e+00
-8.23866895e+00 3.42551096e+01 -5.27855174e+00
-8.79514667e+00 3.41164710e+01 -5.27855174e+00
-9.34929405e+00 3.39687930e+01 -5.27855174e+00
-9.90096426e+00 3.38121148e+01 -5.27855174e+00
-1.04500112e+01 3.36464778e+01 -5.27855174e+00
-1.10331700e+01 3.35841883e+01 -5.30310677e+00
-1.15783569e+01 3.34001526e+01 -5.30310677e+00
-1.21378398e+01 3.32548398e+01 -5.31363036e+00
-1.20945102e+01 3.31361269e+01 -5.78544736e+00
-1.17189369e+01 3.38056845e+01 -5.89759048e+00
-1.10095335e+01 3.35122404e+01 -5.78544736e+00
-1.04625974e+01 3.36870025e+01 -5.78544736e+00
-9.91288926e+00 3.38528390e+01 -5.78544736e+00
-9.36055460e+00 3.40097060e+01 -5.78544736e+00
-8.80573979e+00 3.41575619e+01 -5.78544736e+00
-8.22104094e+00 3.41818151e+01 -5.75928064e+00
-7.65990672e+00 3.42946738e+01 -5.75554253e+00
-7.10407990e+00 3.44312945e+01 -5.75928064e+00
-6.54270184e+00 3.45423660e+01 -5.75928064e+00
-5.98817848e+00 3.46940433e+01 -5.77049495e+00
-5.41489432e+00 3.47370251e+01 -5.75928064e+00
-4.84876368e+00 3.48205612e+01 -5.75928064e+00
-0.00000000e+00 0.00000000e+00 -0.00000000e+00
-3.71279860e+00 3.49599359e+01 -5.75928064e+00
-3.14176029e+00 3.49989737e+01 -5.75554253e+00
-2.57166707e+00 3.50454754e+01 -5.75554253e+00
-2.00185085e+00 3.50994955e+01 -5.75928064e+00
-1.41520803e+00 3.47574482e+01 -5.67704235e+00
-8.49274831e-01 3.47758789e+01 -5.67704235e+00
-2.82979629e-01 3.47682647e+01 -5.67330425e+00
2.82979629e-01 3.47682647e+01 -5.67330425e+00
8.52151273e-01 3.48936627e+01 -5.70320908e+00
1.42000125e+00 3.48751696e+01 -5.70320908e+00
1.98747499e+00 3.48474361e+01 -5.70320908e+00
2.55442213e+00 3.48104695e+01 -5.70320908e+00
3.16734267e+00 3.52839594e+01 -5.81909030e+00
3.75190384e+00 3.53281532e+01 -5.84151892e+00
4.32644185e+00 3.52624034e+01 -5.84151892e+00
4.91840439e+00 3.53206740e+01 -5.87142375e+00
5.49525851e+00 3.52525685e+01 -5.87516186e+00
6.06547253e+00 3.51418661e+01 -5.87142375e+00
6.65859819e+00 3.51542438e+01 -5.89759048e+00
7.22992040e+00 3.50412048e+01 -5.89759048e+00
7.82867863e+00 3.50502936e+01 -5.92749531e+00
8.39421800e+00 3.49018585e+01 -5.92375721e+00
8.99481572e+00 3.48909895e+01 -5.95366204e+00
9.55707704e+00 3.47237310e+01 -5.94992393e+00
1.01588476e+01 3.46927946e+01 -5.97982876e+00
1.07271873e+01 3.45389173e+01 -5.98356687e+00
1.22650565e+01 3.73339638e+01 -6.67885419e+00
1.27443205e+01 3.67636144e+01 -6.59287780e+00
1.33468031e+01 3.65671162e+01 -6.59661590e+00
1.26645885e+01 3.46980079e+01 -6.67934397e+00
1.21036281e+01 3.49154054e+01 -6.68331162e+00
1.19997839e+01 3.65264925e+01 -7.03643229e+00
1.15181168e+01 3.70855164e+01 -7.12768819e+00
1.10166852e+01 3.76223380e+01 -7.21497645e+00
9.57023950e+00 3.47715542e+01 -6.47302627e+00
9.00718488e+00 3.49389696e+01 -6.47699392e+00
8.43336776e+00 3.50646371e+01 -6.47302627e+00
7.83590233e+00 3.50826353e+01 -6.44525273e+00
7.26043501e+00 3.51890998e+01 -6.44128509e+00
6.66484370e+00 3.51872171e+01 -6.41351155e+00
6.07409696e+00 3.51918339e+01 -6.38970566e+00
5.49789179e+00 3.52694612e+01 -6.38573801e+00
4.92308371e+00 3.53542777e+01 -6.38573801e+00
4.33266815e+00 3.53131506e+01 -6.35796448e+00
3.75730331e+00 3.53789950e+01 -6.35796448e+00
3.16894182e+00 3.53017739e+01 -6.32622329e+00
2.59268840e+00 3.53319443e+01 -6.32225565e+00
2.01915895e+00 3.54029675e+01 -6.33019094e+00
1.43717781e+00 3.52970251e+01 -6.29844976e+00
8.50169965e-01 3.48125326e+01 -6.17942032e+00
2.83415019e-01 3.48217589e+01 -6.17942032e+00
-2.83415019e-01 3.48217589e+01 -6.17942032e+00
-8.59591581e-01 3.51983264e+01 -6.27067622e+00
-1.43171697e+00 3.51629071e+01 -6.26670857e+00
-2.00482804e+00 3.51516962e+01 -6.27067622e+00
-2.57549738e+00 3.50976732e+01 -6.26670857e+00
-3.14643972e+00 3.50511022e+01 -6.26670857e+00
-3.71654839e+00 3.49952442e+01 -6.26670857e+00
-4.27136926e+00 3.48135376e+01 -6.23893504e+00
-4.83514797e+00 3.47227824e+01 -6.23496739e+00
-5.40227316e+00 3.46560592e+01 -6.23893504e+00
-5.96565288e+00 3.45635355e+01 -6.23893504e+00
-6.52432942e+00 3.44453683e+01 -6.23496739e+00
-7.08413108e+00 3.43346087e+01 -6.23496739e+00
-7.64205575e+00 3.42147520e+01 -6.23496739e+00
-8.20187915e+00 3.41021433e+01 -6.23893504e+00
-8.78938030e+00 3.40941032e+01 -6.27067622e+00
-9.33871191e+00 3.39303450e+01 -6.26670857e+00
-9.88975772e+00 3.37738441e+01 -6.26670857e+00
-1.04381832e+01 3.36083945e+01 -6.26670857e+00
-1.09838429e+01 3.34340402e+01 -6.26670857e+00
-1.15265924e+01 3.32508273e+01 -6.26670857e+00
-1.22388746e+01 3.35316516e+01 -6.38573801e+00
-1.22250289e+01 3.34937175e+01 -6.88528353e+00
-1.16618014e+01 3.36408653e+01 -6.87269417e+00
-1.11126853e+01 3.38262274e+01 -6.87269417e+00
-1.04118214e+01 3.35235163e+01 -6.74680062e+00
-9.87887958e+00 3.37366949e+01 -6.75938997e+00
-9.33287755e+00 3.39091470e+01 -6.76358642e+00
-8.76300468e+00 3.39917919e+01 -6.74680062e+00
-8.20856062e+00 3.41299238e+01 -6.74680062e+00
-7.63371501e+00 3.41774091e+01 -6.72581836e+00
-7.07977846e+00 3.43135129e+01 -6.73001481e+00
-6.53276940e+00 3.44899274e+01 -6.74680062e+00
-5.96766836e+00 3.45752126e+01 -6.74260416e+00
-5.40667400e+00 3.46842910e+01 -6.74680062e+00
-4.84140280e+00 3.47677003e+01 -6.74680062e+00
-4.27484884e+00 3.48418977e+01 -6.74680062e+00
-3.70539616e+00 3.48902341e+01 -6.74260416e+00
-3.13849336e+00 3.49625804e+01 -6.74680062e+00
-2.56776909e+00 3.49923557e+01 -6.74260416e+00
-1.99881185e+00 3.50462112e+01 -6.74680062e+00
-1.42742082e+00 3.50573939e+01 -6.74260416e+00
-8.57012075e-01 3.50927015e+01 -6.74680062e+00
-2.85695924e-01 3.51020020e+01 -6.74680062e+00
3.61505527e-01 4.44163416e+01 -9.08422435e+00
8.60278268e-01 3.52264447e+01 -6.78037223e+00
1.43286351e+00 3.51910662e+01 -6.77617578e+00
2.00928626e+00 3.52298645e+01 -6.79296159e+00
2.58735068e+00 3.52592044e+01 -6.80974740e+00
3.15942553e+00 3.51957632e+01 -6.80555094e+00
3.73365319e+00 3.51563040e+01 -6.80974740e+00
4.32168848e+00 3.52236614e+01 -6.84331901e+00
4.89214379e+00 3.51320880e+01 -6.83912256e+00
5.48394498e+00 3.51799912e+01 -6.87269417e+00
6.05584190e+00 3.50860686e+01 -6.87269417e+00
6.62613429e+00 3.49828498e+01 -6.87269417e+00
7.21832538e+00 3.49850073e+01 -6.90206934e+00
7.89982396e+00 3.53688231e+01 -7.03215935e+00
8.50575842e+00 3.53656262e+01 -7.06573096e+00
9.07192733e+00 3.51901063e+01 -7.05733806e+00
9.55032276e+00 3.46991907e+01 -6.96921257e+00
1.02501407e+01 3.50045638e+01 -7.09090968e+00
1.08582317e+01 3.49608481e+01 -7.12448129e+00
1.14571661e+01 3.48748026e+01 -7.14966000e+00
1.21985783e+01 3.51893087e+01 -7.28394647e+00
1.26493281e+01 3.46561979e+01 -7.19582097e+00
1.26087354e+01 3.45449836e+01 -7.69462805e+00
1.20393196e+01 3.47298942e+01 -7.69020358e+00
1.14724274e+01 3.49212568e+01 -7.69020358e+00
1.09024956e+01 3.51033668e+01 -7.69020358e+00
1.02922113e+01 3.51482361e+01 -7.65480780e+00
9.68778702e+00 3.51986396e+01 -7.62383649e+00
9.11357662e+00 3.53516643e+01 -7.62383649e+00
8.38887582e+00 3.48796465e+01 -7.45570651e+00
7.90357710e+00 3.53856265e+01 -7.55746939e+00
7.32655950e+00 3.55095849e+01 -7.55746939e+00
6.72279103e+00 3.54931516e+01 -7.52207361e+00
6.05915087e+00 3.51052400e+01 -7.38933942e+00
5.48950809e+00 3.52156790e+01 -7.39376389e+00
4.89719023e+00 3.51683281e+01 -7.35836811e+00
4.32410787e+00 3.52433805e+01 -7.35836811e+00
3.73580103e+00 3.51765283e+01 -7.32297233e+00
3.16273906e+00 3.52326756e+01 -7.32297233e+00
2.58030231e+00 3.51631526e+01 -7.29200102e+00
2.00666227e+00 3.51838567e+01 -7.28757654e+00
1.43438803e+00 3.52285082e+01 -7.29200102e+00
8.57937007e-01 3.51305754e+01 -7.26102971e+00
2.85868638e-01 3.51232225e+01 -7.25660523e+00
-2.86004262e-01 3.51398859e+01 -7.26102971e+00
-8.57937007e-01 3.51305754e+01 -7.26102971e+00
-1.42489684e+00 3.49954052e+01 -7.23005839e+00
-1.99622474e+00 3.50008500e+01 -7.23890734e+00
-2.56200921e+00 3.49138627e+01 -7.22563392e+00
-3.13145135e+00 3.48841329e+01 -7.23005839e+00
-3.69708441e+00 3.48119702e+01 -7.22563392e+00
-4.26119845e+00 3.47306410e+01 -7.22120945e+00
-4.82824159e+00 3.46731854e+01 -7.22563392e+00
-5.39197612e+00 3.45900028e+01 -7.22563392e+00
-5.95711630e+00 3.45140766e+01 -7.23005839e+00
-6.51501026e+00 3.43961675e+01 -7.22563392e+00
-7.07401232e+00 3.42855662e+01 -7.22563392e+00
-7.63114007e+00 3.41658807e+01 -7.22563392e+00
-8.18624589e+00 3.40371426e+01 -7.22563392e+00
-8.73918271e+00 3.38993862e+01 -7.22563392e+00
-9.28980403e+00 3.37526479e+01 -7.22563392e+00
-9.83796394e+00 3.35969666e+01 -7.22563392e+00
-1.03884599e+01 3.34482977e+01 -7.23005839e+00
-1.09263193e+01 3.32589424e+01 -7.22563392e+00
-1.15098906e+01 3.32026475e+01 -7.26102971e+00
-1.21745030e+01 3.33552883e+01 -7.35836811e+00
-1.21389070e+01 3.32577635e+01 -7.84266921e+00
-1.15959634e+01 3.34509421e+01 -7.84266921e+00
-1.10447658e+01 3.36194850e+01 -7.83801754e+00
-1.03532758e+01 3.33350135e+01 -7.70311915e+00
-9.80931137e+00 3.34991172e+01 -7.70311915e+00
-9.26274795e+00 3.36543451e+01 -7.70311915e+00
-8.71373029e+00 3.38006560e+01 -7.70311915e+00
-8.16240387e+00 3.39380112e+01 -7.70311915e+00
-7.60891477e+00 3.40663743e+01 -7.70311915e+00
-7.05340962e+00 3.41857113e+01 -7.70311915e+00
-6.49603563e+00 3.42959905e+01 -7.70311915e+00
-5.93411671e+00 3.43808226e+01 -7.69846749e+00
-5.37627227e+00 3.44892612e+01 -7.70311915e+00
-4.81417959e+00 3.45722015e+01 -7.70311915e+00
-4.25081135e+00 3.46459816e+01 -7.70311915e+00
-3.68631684e+00 3.47105821e+01 -7.70311915e+00
-3.12084561e+00 3.47659857e+01 -7.70311915e+00
-2.55454749e+00 3.48121779e+01 -7.70311915e+00
-1.98757253e+00 3.48491463e+01 -7.70311915e+00
-1.42007094e+00 3.48768812e+01 -7.70311915e+00
-8.52193094e-01 3.48953752e+01 -7.70311915e+00
-2.84089455e-01 3.49046234e+01 -7.70311915e+00
2.84629934e-01 3.49710293e+01 -7.72172583e+00
8.55030358e-01 3.50115547e+01 -7.73568083e+00
1.42547430e+00 3.50095874e+01 -7.74033250e+00
1.99513522e+00 3.49817470e+01 -7.74033250e+00
2.57277255e+00 3.50605404e+01 -7.77289418e+00
3.14162649e+00 3.49974832e+01 -7.76824251e+00
3.71261634e+00 3.49582198e+01 -7.77289418e+00
4.29529068e+00 3.50085077e+01 -7.80545586e+00
4.86684358e+00 3.49503989e+01 -7.81010753e+00
5.45298477e+00 3.49813787e+01 -7.84266921e+00
6.02165298e+00 3.48879864e+01 -7.84266921e+00
6.58872572e+00 3.47853502e+01 -7.84266921e+00
7.16411703e+00 3.47222761e+01 -7.85662421e+00
7.85138653e+00 3.51519606e+01 -8.01478094e+00
8.45357144e+00 3.51486408e+01 -8.05199429e+00
9.02456466e+00 3.50063859e+01 -8.05199429e+00
9.49183832e+00 3.44866992e+01 -7.94500591e+00
1.01918859e+01 3.48056215e+01 -8.08455597e+00
1.07964596e+01 3.47619570e+01 -8.12176932e+00
1.14023019e+01 3.47077996e+01 -8.15898266e+00
1.19983553e+01 3.46117242e+01 -8.18689268e+00
1.25601395e+01 3.44118421e+01 -8.18689268e+00
1.25376375e+01 3.43501918e+01 -8.70111282e+00
1.19660269e+01 3.45184663e+01 -8.69135683e+00
1.14025858e+01 3.47086639e+01 -8.69135683e+00
1.07968839e+01 3.47633231e+01 -8.65233286e+00
1.02249649e+01 3.49185877e+01 -8.64745486e+00
9.62891191e+00 3.49847287e+01 -8.61818688e+00
9.02516545e+00 3.50087164e+01 -8.57916292e+00
8.34199079e+00 3.46847058e+01 -8.43770103e+00
7.77271918e+00 3.47997538e+01 -8.43282303e+00
7.28211237e+00 3.52941633e+01 -8.54501694e+00
6.68204538e+00 3.52780339e+01 -8.50599297e+00
6.01974779e+00 3.48769481e+01 -8.35477509e+00
5.43343008e+00 3.48559336e+01 -8.32062912e+00
4.86536152e+00 3.49397557e+01 -8.32062912e+00
4.29801770e+00 3.50307341e+01 -8.32550712e+00
3.71328291e+00 3.49644963e+01 -8.28648315e+00
3.14515369e+00 3.50367759e+01 -8.29136114e+00
2.56476278e+00 3.49513871e+01 -8.25233717e+00
1.99552056e+00 3.49885033e+01 -8.25233717e+00
1.42574961e+00 3.50163491e+01 -8.25233717e+00
8.52371025e-01 3.49026610e+01 -8.21331320e+00
2.84148771e-01 3.49119112e+01 -8.21331320e+00
-2.84283361e-01 3.49284476e+01 -8.21819120e+00
-8.52371025e-01 3.49026610e+01 -8.21331320e+00
-1.41565803e+00 3.47685004e+01 -8.17916723e+00
-1.98045447e+00 3.47243416e+01 -8.17428923e+00
-2.54660917e+00 3.47039982e+01 -8.17916723e+00
-3.11114751e+00 3.46579496e+01 -8.17916723e+00
-3.67311510e+00 3.45862737e+01 -8.17428923e+00
-4.22954641e+00 3.44726630e+01 -8.15965525e+00
-4.78097331e+00 3.43337363e+01 -8.14014326e+00
-5.34937714e+00 3.43167266e+01 -8.15965525e+00
-5.89598983e+00 3.41599248e+01 -8.14014326e+00
-6.45430614e+00 3.40756786e+01 -8.14502126e+00
-7.00809965e+00 3.39661078e+01 -8.14502126e+00
-7.56003632e+00 3.38475374e+01 -8.14502126e+00
-8.10610289e+00 3.37039204e+01 -8.14014326e+00
-8.68665217e+00 3.36956197e+01 -8.17916723e+00
-9.23396374e+00 3.35497634e+01 -8.17916723e+00
-9.77882870e+00 3.33950179e+01 -8.17916723e+00
-1.04339168e+01 3.35946579e+01 -8.29136114e+00
-1.10154831e+01 3.35303507e+01 -8.32550712e+00
-1.15597961e+01 3.33466101e+01 -8.32550712e+00
-1.21010462e+01 3.31540340e+01 -8.32550712e+00
-1.27780515e+01 3.50088699e+01 -9.45492529e+00
-1.22065206e+01 3.52122199e+01 -9.45492529e+00
-1.16317555e+01 3.54062401e+01 -9.45492529e+00
-1.10539084e+01 3.55908792e+01 -9.45492529e+00
-1.04407359e+01 3.56554525e+01 -9.41920140e+00
-9.40011681e+00 3.41534474e+01 -8.88334295e+00
-8.75251084e+00 3.39510862e+01 -8.77106785e+00
-8.19487966e+00 3.40730405e+01 -8.76596444e+00
-7.53149035e+00 3.37197324e+01 -8.61286203e+00
-6.98496559e+00 3.38539840e+01 -8.61796544e+00
-6.43300017e+00 3.39631931e+01 -8.61796544e+00
-5.87933029e+00 3.40634035e+01 -8.61796544e+00
-5.32410264e+00 3.41545884e+01 -8.61796544e+00
-4.76746432e+00 3.42367239e+01 -8.61796544e+00
-4.20956284e+00 3.43097881e+01 -8.61796544e+00
-3.64880677e+00 3.43573850e+01 -8.61286203e+00
-3.09056192e+00 3.44286277e+01 -8.61796544e+00
-2.53819574e+00 3.45893439e+01 -8.65368934e+00
-1.97485000e+00 3.46260756e+01 -8.65368934e+00
-1.41098101e+00 3.46536330e+01 -8.65368934e+00
-8.46738176e-01 3.46720086e+01 -8.65368934e+00
-2.82270988e-01 3.46811976e+01 -8.65368934e+00
2.82270988e-01 3.46811976e+01 -8.65368934e+00
8.49552666e-01 3.47872556e+01 -8.68941323e+00
1.41567100e+00 3.47688189e+01 -8.68941323e+00
1.98141425e+00 3.47411700e+01 -8.68941323e+00
2.54783775e+00 3.47207407e+01 -8.69451665e+00
3.12295549e+00 3.47894896e+01 -8.73024054e+00
3.68880901e+00 3.47340485e+01 -8.73024054e+00
4.26972963e+00 3.48001739e+01 -8.77106785e+00
4.83560514e+00 3.47260654e+01 -8.77106785e+00
5.39766286e+00 3.46264837e+01 -8.76596444e+00
5.98297048e+00 3.46638694e+01 -8.80679175e+00
6.54333552e+00 3.45457115e+01 -8.80168833e+00
7.20793110e+00 3.49346294e+01 -8.95989416e+00
7.80073542e+00 3.49251872e+01 -8.99561806e+00
8.36817799e+00 3.47935881e+01 -8.99561806e+00
8.96629288e+00 3.47803491e+01 -9.03644537e+00
9.52685329e+00 3.46139191e+01 -9.03134195e+00
1.01260254e+01 3.45807060e+01 -9.07216926e+00
1.07070918e+01 3.44742145e+01 -9.09258292e+00
1.12873692e+01 3.43579528e+01 -9.11299657e+00
1.18828756e+01 3.42785994e+01 -9.14872047e+00
1.24844260e+01 3.42044049e+01 -9.18954778e+00
1.24346032e+01 3.40679021e+01 -9.68069638e+00
1.18730632e+01 3.42502934e+01 -9.67536850e+00
1.13139995e+01 3.44390134e+01 -9.67536850e+00
1.07227564e+01 3.45246507e+01 -9.64340122e+00
1.01271229e+01 3.45844538e+01 -9.60610607e+00
9.56285135e+00 3.47447109e+01 -9.60610607e+00
8.96329883e+00 3.47687351e+01 -9.56348303e+00
8.39618196e+00 3.49100243e+01 -9.56348303e+00
7.80181963e+00 3.49300414e+01 -9.52618788e+00
7.20903692e+00 3.49399890e+01 -9.48889273e+00
6.63936495e+00 3.50527014e+01 -9.48889273e+00
6.04562209e+00 3.50268575e+01 -9.44626969e+00
5.47469030e+00 3.51206216e+01 -9.44626969e+00
4.83446191e+00 3.47178555e+01 -9.28643332e+00
4.25474200e+00 3.46780181e+01 -9.24913816e+00
3.68799380e+00 3.47263725e+01 -9.24381028e+00
3.34217511e+00 3.72315797e+01 -1.00429922e+01
2.73091513e+00 3.72156336e+01 -1.00216806e+01
2.12386215e+00 3.72387834e+01 -1.00163528e+01
1.49543217e+00 3.67277497e+01 -9.84053275e+00
8.97417820e-01 3.67472252e+01 -9.84053275e+00
2.99165695e-01 3.67569642e+01 -9.84053275e+00
-2.98231508e-01 3.66421853e+01 -9.80323760e+00
-8.94615504e-01 3.66324767e+01 -9.80323760e+00
-1.49076247e+00 3.66130620e+01 -9.80323760e+00
-2.08651444e+00 3.65839465e+01 -9.80323760e+00
-2.68171358e+00 3.65451378e+01 -9.80323760e+00
-3.23222022e+00 3.60066905e+01 -9.64340122e+00
-3.81787160e+00 3.59493097e+01 -9.64340122e+00
-4.40051453e+00 3.58661283e+01 -9.63807334e+00
-4.97015400e+00 3.56923049e+01 -9.60610607e+00
-5.55045790e+00 3.56066774e+01 -9.60610607e+00
-6.12929116e+00 3.55116157e+01 -9.60610607e+00
-6.70344882e+00 3.53910338e+01 -9.60077819e+00
-7.28193276e+00 3.52932928e+01 -9.60610607e+00
-7.85543569e+00 3.51700894e+01 -9.60610607e+00
-8.42302286e+00 3.50216246e+01 -9.60077819e+00
-8.99604610e+00 3.48957621e+01 -9.60610607e+00
-9.59331058e+00 3.48553784e+01 -9.64340122e+00
-1.01593794e+01 3.46946108e+01 -9.64340122e+00
-1.07227564e+01 3.45246507e+01 -9.64340122e+00
-1.12832923e+01 3.43455430e+01 -9.64340122e+00
-1.18408387e+01 3.41573352e+01 -9.64340122e+00
-1.22715590e+01 3.36211990e+01 -9.52618788e+00
-1.22258017e+01 3.34958348e+01 -1.00141531e+01
-1.16522395e+01 3.36132821e+01 -9.98639636e+00
-1.11290470e+01 3.38760311e+01 -1.00141531e+01
-1.05422827e+01 3.39435696e+01 -9.97529366e+00
-9.98380066e+00 3.40950038e+01 -9.96974231e+00
-9.42751490e+00 3.42529929e+01 -9.96974231e+00
-8.86873125e+00 3.44019064e+01 -9.96974231e+00
-8.30759776e+00 3.45417049e+01 -9.96974231e+00
-7.83321832e+00 3.50706185e+01 -1.01085261e+01
-7.25144211e+00 3.51455140e+01 -1.00918720e+01
-6.67841921e+00 3.52588894e+01 -1.00918720e+01
-6.11473214e+00 3.54272643e+01 -1.01140774e+01
-5.52973136e+00 3.54737149e+01 -1.00974234e+01
-4.95834830e+00 3.56075243e+01 -1.01140774e+01
-4.37214555e+00 3.56349087e+01 -1.00974234e+01
-3.78981437e+00 3.56851211e+01 -1.00918720e+01
-3.17635961e+00 3.53844076e+01 -9.96974231e+00
-2.62746392e+00 3.58058488e+01 -1.00974234e+01
-2.05081158e+00 3.59579496e+01 -1.01362828e+01
-1.46458959e+00 3.59702572e+01 -1.01307315e+01
-8.79307518e-01 3.60056494e+01 -1.01362828e+01
-2.93128395e-01 3.60151918e+01 -1.01362828e+01
2.92995544e-01 3.59988692e+01 -1.01307315e+01
8.82097136e-01 3.61198779e+01 -1.01751423e+01
1.46990220e+00 3.61007349e+01 -1.01751423e+01
2.05638835e+00 3.60557301e+01 -1.01695909e+01
2.64299372e+00 3.60174817e+01 -1.01695909e+01
3.24057418e+00 3.60997530e+01 -1.02140017e+01
3.82773923e+00 3.60422239e+01 -1.02140017e+01
4.41587793e+00 3.59913468e+01 -1.02195531e+01
5.01913305e+00 3.60440395e+01 -1.02639639e+01
5.60515563e+00 3.59575682e+01 -1.02639639e+01
6.27020670e+00 3.63280459e+01 -1.04249531e+01
6.88498858e+00 3.63494778e+01 -1.04693639e+01
7.47243715e+00 3.62166091e+01 -1.04638125e+01
8.09652572e+00 3.62494895e+01 -1.05193260e+01
8.68930175e+00 3.61287710e+01 -1.05248774e+01
9.30881617e+00 3.61090007e+01 -1.05692882e+01
9.77837460e+00 3.55277715e+01 -1.04194017e+01
1.03920610e+01 3.54892260e+01 -1.04638125e+01
1.10119152e+01 3.54556713e+01 -1.05137747e+01
1.15977564e+01 3.53027493e+01 -1.05248774e+01
1.22136128e+01 3.52326787e+01 -1.05692882e+01
1.26399605e+01 3.46305329e+01 -1.04249531e+01
1.25843896e+01 3.44782816e+01 -1.09217364e+01
1.20268418e+01 3.46938994e+01 -1.09275102e+01
1.14605371e+01 3.48850637e+01 -1.09275102e+01
1.10164804e+01 3.54703700e+01 -1.10776287e+01
1.04011473e+01 3.55202562e+01 -1.10314384e+01
9.81298535e+00 3.56535228e+01 -1.10198908e+01
9.19485429e+00 3.56669413e+01 -1.09679267e+01
8.58649400e+00 3.57013123e+01 -1.09275102e+01
8.09278121e+00 3.62327247e+01 -1.10718549e+01
7.47897074e+00 3.62482753e+01 -1.10314384e+01
6.88796808e+00 3.63652082e+01 -1.10314384e+01
6.26750866e+00 3.63124141e+01 -1.09737005e+01
5.67562252e+00 3.64096195e+01 -1.09737005e+01
5.01501399e+00 3.60144592e+01 -1.08004869e+01
4.41627308e+00 3.59945675e+01 -1.07658442e+01
3.82637438e+00 3.60293724e+01 -1.07542966e+01
3.22779865e+00 3.59574345e+01 -1.07081063e+01
2.64328213e+00 3.60214120e+01 -1.07138801e+01
2.04828723e+00 3.59136889e+01 -1.06619160e+01
1.46411101e+00 3.59585034e+01 -1.06676898e+01
8.79018433e-01 3.59938120e+01 -1.06734636e+01
2.92899804e-01 3.59871060e+01 -1.06676898e+01
-2.91842034e-01 3.58571433e+01 -1.06214995e+01
-8.75845406e-01 3.58638837e+01 -1.06272733e+01
-1.46014543e+00 3.58611088e+01 -1.06330471e+01
-2.04181182e+00 3.58001522e+01 -1.06214995e+01
-2.58859090e+00 3.52761056e+01 -1.04482859e+01
-3.16534086e+00 3.52616595e+01 -1.04598335e+01
-3.73372719e+00 3.51570008e+01 -1.04425122e+01
-4.30746018e+00 3.51076945e+01 -1.04482859e+01
-4.88057681e+00 3.50490217e+01 -1.04540597e+01
-5.37535500e+00 3.44833769e+01 -1.02808461e+01
-5.93592754e+00 3.43913141e+01 -1.02808461e+01
-6.49795071e+00 3.43061012e+01 -1.02866199e+01
-7.05220622e+00 3.41798787e+01 -1.02808461e+01
-7.60761658e+00 3.40605621e+01 -1.02808461e+01
-8.16101126e+00 3.39322209e+01 -1.02808461e+01
-8.70818806e+00 3.37791576e+01 -1.02750723e+01
-9.26547868e+00 3.36642666e+01 -1.02866199e+01
-9.80763778e+00 3.34934018e+01 -1.02808461e+01
-1.03900584e+01 3.34534446e+01 -1.03270364e+01
-1.09332024e+01 3.32798941e+01 -1.03270364e+01
-1.14734496e+01 3.30975259e+01 -1.03270364e+01
-1.20106569e+01 3.29063883e+01 -1.03270364e+01
-1.19556308e+01 3.27556297e+01 -1.07985384e+01
-1.14261795e+01 3.29611654e+01 -1.08045336e+01
-1.08881581e+01 3.31427823e+01 -1.08045336e+01
-1.03472518e+01 3.33156177e+01 -1.08045336e+01
-9.80814676e+00 3.34951400e+01 -1.08105287e+01
-9.25306873e+00 3.36191776e+01 -1.07985384e+01
-8.68041186e+00 3.36714134e+01 -1.07625676e+01
-8.13119353e+00 3.38082434e+01 -1.07625676e+01
-7.57629695e+00 3.39203389e+01 -1.07565724e+01
-7.02643971e+00 3.40549964e+01 -1.07625676e+01
-6.47119693e+00 3.41648539e+01 -1.07625676e+01
-5.91149005e+00 3.42497293e+01 -1.07565724e+01
-5.35322532e+00 3.43414130e+01 -1.07565724e+01
-4.79577175e+00 3.44400088e+01 -1.07625676e+01
-4.23455765e+00 3.45135068e+01 -1.07625676e+01
-3.67051438e+00 3.45617852e+01 -1.07565724e+01
-3.11324849e+00 3.46813543e+01 -1.07805530e+01
-2.54359669e+00 3.46629454e+01 -1.07565724e+01
-1.97997270e+00 3.47158946e+01 -1.07625676e+01
-1.41924468e+00 3.48565883e+01 -1.08045336e+01
-8.51697251e-01 3.48750715e+01 -1.08045336e+01
-2.83924160e-01 3.48843144e+01 -1.08045336e+01
2.83924160e-01 3.48843144e+01 -1.08045336e+01
8.51697251e-01 3.48750715e+01 -1.08045336e+01
1.41924468e+00 3.48565883e+01 -1.08045336e+01
1.99377992e+00 3.49579837e+01 -1.08524947e+01
2.56252560e+00 3.49208999e+01 -1.08524947e+01
3.13059233e+00 3.48745634e+01 -1.08524947e+01
3.70977998e+00 3.49315125e+01 -1.08944607e+01
4.27786747e+00 3.48665009e+01 -1.08944607e+01
4.84482150e+00 3.47922511e+01 -1.08944607e+01
5.42792080e+00 3.48205911e+01 -1.09364268e+01
5.99397520e+00 3.47276281e+01 -1.09364268e+01
6.57950048e+00 3.47366454e+01 -1.09783928e+01
7.14730250e+00 3.46407812e+01 -1.09843879e+01
7.73486915e+00 3.46302930e+01 -1.10263539e+01
8.32398156e+00 3.46098262e+01 -1.10683199e+01
8.88622168e+00 3.44697520e+01 -1.10683199e+01
9.47613556e+00 3.44296464e+01 -1.11102860e+01
1.00398331e+01 3.42863565e+01 -1.11162811e+01
1.06349392e+01 3.42419007e+01 -1.11642423e+01
1.13321567e+01 3.44942828e+01 -1.13321063e+01
1.19397704e+01 3.44427241e+01 -1.13860626e+01
1.25376102e+01 3.43501172e+01 -1.14280286e+01
1.25431529e+01 3.43653027e+01 -1.14340238e+01
