1.43304029e+00
1.46786325e+00
1.46559219e+00
1.47013431e+00
1.46105006e+00
1.46862027e+00
1.45423687e+00
1.45120879e+00
1.49208791e+00
1.45196581e+00
1.45423687e+00
1.45120879e+00
1.44061050e+00
1.45953602e+00
1.45802198e+00
1.46634921e+00
1.45877900e+00
1.48300366e+00
1.47240537e+00
1.47694750e+00
1.45347985e+00
1.46483516e+00
1.46407814e+00
1.47543346e+00
1.47997558e+00
1.44288156e+00
1.49965812e+00
1.45575092e+00
1.47089133e+00
1.43833944e+00
1.46256410e+00
1.47770452e+00
1.47467643e+00
1.47391941e+00
1.47089133e+00
1.47997558e+00
1.47467643e+00
1.46862027e+00
1.46407814e+00
1.46559219e+00
1.45499389e+00
1.48527473e+00
1.47694750e+00
1.46786325e+00
1.40805861e+00
1.44742369e+00
1.44515263e+00
1.44893773e+00
1.41789988e+00
1.47240537e+00
1.42244200e+00
1.46029304e+00
1.46180708e+00
1.43304029e+00
1.46180708e+00
1.46634921e+00
1.44590965e+00
1.45953602e+00
1.46634921e+00
1.46407814e+00
1.44363858e+00
1.47921856e+00
1.44818071e+00
1.44136752e+00
1.47921856e+00
1.47013431e+00
1.46256410e+00
1.46483516e+00
1.47921856e+00
1.45877900e+00
1.47467643e+00
1.47013431e+00
1.45953602e+00
1.45650794e+00
1.47391941e+00
1.48830281e+00
1.50420024e+00
1.47770452e+00
1.46634921e+00
1.50117216e+00
1.46710623e+00
1.51782662e+00
1.48905983e+00
1.46483516e+00
1.43228327e+00
1.46256410e+00
1.45802198e+00
1.47013431e+00
1.46634921e+00
1.45196581e+00
1.45726496e+00
1.47997558e+00
1.45726496e+00
1.43682540e+00
1.45726496e+00
1.46634921e+00
1.46483516e+00
1.43455433e+00
1.47543346e+00
1.46407814e+00
1.48527473e+00
1.47846154e+00
1.47543346e+00
1.47013431e+00
1.46180708e+00
1.47164835e+00
1.46483516e+00
1.46937729e+00
1.46786325e+00
1.46483516e+00
1.45120879e+00
1.44515263e+00
1.49360195e+00
1.46180708e+00
1.48224664e+00
1.47694750e+00
1.49965812e+00
1.47316239e+00
1.46105006e+00
1.46029304e+00
1.45575092e+00
1.45423687e+00
1.44969475e+00
1.45045177e+00
1.46862027e+00
1.45272283e+00
1.45650794e+00
1.45272283e+00
1.43606838e+00
1.46407814e+00
1.41260073e+00
1.42168498e+00
1.40730159e+00
1.44893773e+00
1.41941392e+00
1.43985348e+00
1.44742369e+00
1.46332112e+00
1.44288156e+00
1.44666667e+00
1.44742369e+00
1.45272283e+00
1.45575092e+00
1.48603175e+00
1.39670330e+00
1.45802198e+00
1.41714286e+00
1.45045177e+00
1.44590965e+00
1.43379731e+00
1.45196581e+00
1.43909646e+00
1.43985348e+00
1.44363858e+00
1.44288156e+00
1.44439560e+00
1.44136752e+00
1.46256410e+00
1.44136752e+00
1.45045177e+00
1.42244200e+00
1.43606838e+00
1.48905983e+00
1.45120879e+00
1.44969475e+00
1.44818071e+00
1.46256410e+00
1.43909646e+00
1.42698413e+00
1.43833944e+00
1.42168498e+00
1.43076923e+00
1.43152625e+00
1.44515263e+00
1.42244200e+00
1.43304029e+00
1.44893773e+00
1.45953602e+00
1.46407814e+00
1.42774115e+00
1.43758242e+00
1.47694750e+00
1.43455433e+00
1.43833944e+00
1.43985348e+00
1.45120879e+00
1.43228327e+00
1.44666667e+00
1.43531136e+00
1.44212454e+00
1.43379731e+00
1.45953602e+00
1.43909646e+00
1.42017094e+00
1.44666667e+00
1.47164835e+00
1.44666667e+00
1.43531136e+00
1.41638584e+00
1.42698413e+00
1.43833944e+00
1.43833944e+00
1.42849817e+00
1.43758242e+00
1.43985348e+00
1.43304029e+00
1.42849817e+00
1.43304029e+00
1.44212454e+00
1.46256410e+00
1.42319902e+00
1.48981685e+00
1.44212454e+00
1.42925519e+00
1.40048840e+00
1.42168498e+00
1.43228327e+00
1.45272283e+00
1.44590965e+00
1.43758242e+00
1.43152625e+00
1.44363858e+00
1.45196581e+00
1.46786325e+00
1.46407814e+00
1.48148962e+00
1.44590965e+00
1.47770452e+00
1.43455433e+00
1.49133089e+00
1.44212454e+00
1.40730159e+00
1.43531136e+00
1.44515263e+00
1.45272283e+00
1.44969475e+00
1.43001221e+00
1.45347985e+00
1.43606838e+00
1.44893773e+00
1.43985348e+00
1.46483516e+00
1.41487179e+00
1.45499389e+00
1.48224664e+00
1.47391941e+00
1.43152625e+00
1.47164835e+00
1.45272283e+00
1.45045177e+00
1.43985348e+00
1.45499389e+00
1.43606838e+00
1.43455433e+00
1.44212454e+00
1.44969475e+00
1.45575092e+00
1.45196581e+00
1.42925519e+00
1.46786325e+00
1.45120879e+00
1.49965812e+00
1.46105006e+00
1.45575092e+00
1.46332112e+00
1.45575092e+00
1.50571429e+00
1.46332112e+00
1.44363858e+00
1.46483516e+00
1.46483516e+00
1.45196581e+00
1.46180708e+00
1.45877900e+00
1.43152625e+00
1.42395604e+00
1.45272283e+00
1.44893773e+00
1.45953602e+00
1.46105006e+00
1.46180708e+00
1.42168498e+00
1.47543346e+00
1.48678877e+00
1.47770452e+00
1.45499389e+00
1.44742369e+00
1.44212454e+00
1.43985348e+00
1.43152625e+00
1.44136752e+00
1.44818071e+00
1.43152625e+00
1.44212454e+00
1.44212454e+00
1.43228327e+00
1.43758242e+00
1.45802198e+00
1.43985348e+00
1.45575092e+00
1.45272283e+00
1.44363858e+00
1.45575092e+00
1.45196581e+00
1.46710623e+00
1.45272283e+00
1.44439560e+00
1.46180708e+00
1.46483516e+00
1.42244200e+00
1.46483516e+00
1.43455433e+00
1.42547009e+00
1.43985348e+00
1.43985348e+00
1.44742369e+00
1.48754579e+00
1.46180708e+00
1.45650794e+00
1.45272283e+00
1.46105006e+00
1.45272283e+00
1.46256410e+00
1.46029304e+00
1.48376068e+00
1.49360195e+00
1.45045177e+00
1.45575092e+00
1.44136752e+00
1.44061050e+00
1.41487179e+00
1.47770452e+00
1.40427350e+00
1.44212454e+00
1.44136752e+00
1.43833944e+00
1.45575092e+00
1.45347985e+00
1.44969475e+00
1.44818071e+00
1.44893773e+00
1.44590965e+00
1.43985348e+00
1.47846154e+00
1.44288156e+00
1.45953602e+00
1.44439560e+00
1.45045177e+00
1.44363858e+00
1.45953602e+00
1.46105006e+00
1.46634921e+00
1.43379731e+00
1.44742369e+00
1.45877900e+00
1.44666667e+00
1.44666667e+00
1.44212454e+00
1.45045177e+00
1.42622711e+00
1.37929182e+00
1.46786325e+00
1.44136752e+00
1.43758242e+00
1.41562882e+00
1.44742369e+00
1.41638584e+00
1.43985348e+00
1.40957265e+00
1.42622711e+00
1.42319902e+00
1.43606838e+00
1.41714286e+00
1.43228327e+00
1.40351648e+00
1.42849817e+00
1.44363858e+00
1.42774115e+00
1.48981685e+00
1.43228327e+00
1.43152625e+00
1.45120879e+00
1.43758242e+00
1.41638584e+00
1.43531136e+00
1.44061050e+00
1.42319902e+00
1.43304029e+00
1.44363858e+00
1.42925519e+00
1.43531136e+00
1.35355311e+00
1.44288156e+00
1.42925519e+00
1.40578755e+00
1.45877900e+00
1.43228327e+00
1.42774115e+00
1.39746032e+00
1.42925519e+00
1.46483516e+00
1.43606838e+00
1.43758242e+00
1.42925519e+00
1.41941392e+00
1.44212454e+00
1.42168498e+00
1.44061050e+00
1.43531136e+00
1.43455433e+00
1.40654457e+00
1.42244200e+00
1.41411477e+00
1.41789988e+00
1.40730159e+00
1.40881563e+00
1.40730159e+00
1.39443223e+00
1.42319902e+00
1.43001221e+00
1.42774115e+00
1.41335775e+00
1.42168498e+00
1.42319902e+00
1.40275946e+00
1.41638584e+00
1.40805861e+00
1.41260073e+00
1.41487179e+00
1.41108669e+00
1.42471306e+00
1.41335775e+00
1.42622711e+00
1.39216117e+00
1.41714286e+00
1.40427350e+00
1.40427350e+00
1.40503053e+00
1.42471306e+00
1.42092796e+00
1.40957265e+00
1.41562882e+00
1.40124542e+00
1.40503053e+00
1.38837607e+00
1.41108669e+00
1.40200244e+00
1.41032967e+00
1.38913309e+00
1.40048840e+00
1.37626374e+00
1.39518926e+00
1.38383394e+00
1.39670330e+00
1.39746032e+00
1.39291819e+00
1.40124542e+00
1.39973138e+00
1.37702076e+00
1.43455433e+00
1.41638584e+00
1.39140415e+00
1.41032967e+00
1.38913309e+00
1.43152625e+00
1.43758242e+00
1.40427350e+00
1.42168498e+00
1.40124542e+00
1.39973138e+00
1.40730159e+00
1.39518926e+00
1.38383394e+00
1.40578755e+00
1.40200244e+00
1.41487179e+00
1.39897436e+00
1.42017094e+00
1.39897436e+00
1.41260073e+00
1.39140415e+00
1.39746032e+00
1.38837607e+00
1.38534799e+00
1.39518926e+00
1.39973138e+00
1.40351648e+00
1.40654457e+00
1.38383394e+00
1.39746032e+00
1.38004884e+00
1.39443223e+00
1.38610501e+00
1.35582418e+00
1.38459096e+00
1.38761905e+00
1.39670330e+00
1.39367521e+00
1.37853480e+00
1.38156288e+00
1.41714286e+00
1.39897436e+00
1.39746032e+00
1.38686203e+00
1.38307692e+00
1.40200244e+00
1.40124542e+00
1.41335775e+00
1.38837607e+00
1.40427350e+00
1.39216117e+00
1.35733822e+00
1.43379731e+00
1.40730159e+00
1.41638584e+00
1.39821734e+00
1.39064713e+00
1.38231990e+00
1.39291819e+00
1.40503053e+00
1.40124542e+00
1.40351648e+00
1.39594628e+00
1.41638584e+00
1.43379731e+00
1.42017094e+00
1.38989011e+00
1.40351648e+00
1.38913309e+00
1.42849817e+00
1.44666667e+00
1.40048840e+00
1.40275946e+00
1.40427350e+00
1.41335775e+00
1.42017094e+00
1.39518926e+00
1.40578755e+00
1.40503053e+00
1.40654457e+00
1.40048840e+00
1.41487179e+00
1.43909646e+00
1.38534799e+00
1.39594628e+00
1.41411477e+00
1.45272283e+00
1.40351648e+00
1.41108669e+00
1.43304029e+00
1.41335775e+00
1.42395604e+00
1.40805861e+00
1.40730159e+00
1.41941392e+00
1.41335775e+00
1.42849817e+00
1.41638584e+00
1.43985348e+00
1.42395604e+00
1.43001221e+00
1.46180708e+00
1.39064713e+00
1.43531136e+00
1.42395604e+00
1.40805861e+00
1.42168498e+00
1.42774115e+00
1.41865690e+00
1.43833944e+00
1.43304029e+00
1.42925519e+00
1.40503053e+00
1.42319902e+00
1.44061050e+00
1.43304029e+00
1.43379731e+00
1.42849817e+00
1.39518926e+00
1.39216117e+00
1.43001221e+00
1.41487179e+00
1.46407814e+00
1.41638584e+00
1.43076923e+00
1.41865690e+00
1.44893773e+00
1.42319902e+00
1.42622711e+00
1.43758242e+00
1.42698413e+00
1.44515263e+00
1.43531136e+00
1.42774115e+00
1.45423687e+00
1.43001221e+00
1.44061050e+00
1.43076923e+00
1.44363858e+00
1.45953602e+00
1.42017094e+00
1.45272283e+00
1.44061050e+00
1.44666667e+00
1.42471306e+00
1.43758242e+00
1.43985348e+00
1.42622711e+00
1.33841270e+00
1.42547009e+00
1.43304029e+00
1.40124542e+00
1.43076923e+00
1.39746032e+00
1.42471306e+00
1.40048840e+00
1.39291819e+00
1.42244200e+00
1.42774115e+00
1.44288156e+00
1.44363858e+00
1.43001221e+00
1.44969475e+00
1.44666667e+00
1.42471306e+00
1.42244200e+00
1.44061050e+00
1.44666667e+00
1.43833944e+00
1.43379731e+00
1.45196581e+00
1.42925519e+00
1.44893773e+00
1.48754579e+00
1.44288156e+00
1.45650794e+00
1.44363858e+00
1.44288156e+00
1.45499389e+00
1.45272283e+00
1.44439560e+00
1.44515263e+00
1.43758242e+00
1.42244200e+00
1.41941392e+00
1.48224664e+00
1.47467643e+00
1.45575092e+00
1.45423687e+00
1.44212454e+00
1.44818071e+00
1.44969475e+00
1.45347985e+00
1.45045177e+00
1.44818071e+00
1.44288156e+00
1.44893773e+00
1.45650794e+00
1.44363858e+00
1.35658120e+00
1.45877900e+00
1.44590965e+00
1.43152625e+00
1.43833944e+00
1.41638584e+00
1.44439560e+00
1.45802198e+00
1.47694750e+00
1.45272283e+00
1.44893773e+00
1.44590965e+00
1.43985348e+00
1.44969475e+00
1.44363858e+00
1.43833944e+00
1.44515263e+00
1.44818071e+00
1.41638584e+00
1.45575092e+00
1.43379731e+00
1.40805861e+00
1.47770452e+00
1.44969475e+00
1.43985348e+00
1.44288156e+00
1.43985348e+00
1.44363858e+00
1.43758242e+00
1.41714286e+00
1.42698413e+00
1.42244200e+00
1.43379731e+00
1.42849817e+00
1.42244200e+00
1.42925519e+00
1.42698413e+00
1.41714286e+00
1.40730159e+00
1.42547009e+00
1.42849817e+00
1.46029304e+00
1.43228327e+00
1.42925519e+00
1.43379731e+00
1.44136752e+00
1.42471306e+00
1.44742369e+00
1.43455433e+00
1.41865690e+00
1.42319902e+00
1.45272283e+00
1.44893773e+00
1.40427350e+00
1.44515263e+00
1.44742369e+00
1.40124542e+00
1.38080586e+00
1.44363858e+00
1.42774115e+00
1.42774115e+00
1.42547009e+00
1.42698413e+00
1.43985348e+00
1.41411477e+00
1.42017094e+00
1.41184371e+00
1.43531136e+00
1.40578755e+00
1.43758242e+00
1.42017094e+00
1.43152625e+00
1.41941392e+00
1.41638584e+00
1.43304029e+00
1.42244200e+00
1.40730159e+00
1.41714286e+00
1.41789988e+00
1.42168498e+00
1.41638584e+00
1.42698413e+00
1.40124542e+00
1.40048840e+00
1.39367521e+00
1.43076923e+00
1.39746032e+00
1.45120879e+00
1.46180708e+00
1.43758242e+00
1.41108669e+00
1.42925519e+00
1.41789988e+00
1.41260073e+00
1.40957265e+00
1.41865690e+00
1.40957265e+00
1.40730159e+00
1.41487179e+00
1.43379731e+00
1.43001221e+00
1.39518926e+00
1.42395604e+00
1.41789988e+00
1.42471306e+00
1.40427350e+00
1.40805861e+00
1.41714286e+00
1.42925519e+00
1.42168498e+00
1.42092796e+00
1.43076923e+00
1.41335775e+00
1.41260073e+00
1.41335775e+00
1.41865690e+00
1.42395604e+00
1.41941392e+00
1.38231990e+00
1.41411477e+00
1.40048840e+00
1.40730159e+00
1.39367521e+00
1.43682540e+00
1.42319902e+00
1.38004884e+00
1.42547009e+00
1.41487179e+00
1.42244200e+00
1.41941392e+00
1.42774115e+00
1.42244200e+00
1.41638584e+00
1.40957265e+00
1.40654457e+00
1.41941392e+00
1.42092796e+00
1.37853480e+00
1.43001221e+00
1.39897436e+00
1.41487179e+00
1.39973138e+00
1.41941392e+00
1.43076923e+00
1.43758242e+00
1.43001221e+00
1.42547009e+00
1.42319902e+00
1.42774115e+00
1.42925519e+00
1.41714286e+00
1.40957265e+00
1.36945055e+00
1.41335775e+00
1.39216117e+00
1.41335775e+00
1.42925519e+00
1.39367521e+00
1.41941392e+00
1.29753358e+00
1.40124542e+00
1.39973138e+00
1.42925519e+00
1.41865690e+00
1.37853480e+00
1.42698413e+00
1.39897436e+00
1.39216117e+00
1.41714286e+00
1.43152625e+00
1.42471306e+00
1.41865690e+00
1.42017094e+00
1.43531136e+00
1.41411477e+00
1.41638584e+00
1.41032967e+00
1.41865690e+00
1.42244200e+00
1.42698413e+00
1.41562882e+00
1.42319902e+00
1.42017094e+00
1.44061050e+00
1.38913309e+00
1.44363858e+00
1.41108669e+00
1.44818071e+00
1.41487179e+00
1.41941392e+00
1.42471306e+00
1.40957265e+00
1.41335775e+00
1.42244200e+00
1.40351648e+00
1.42622711e+00
1.40124542e+00
1.42547009e+00
1.39746032e+00
1.39670330e+00
1.40427350e+00
1.40427350e+00
1.40881563e+00
1.40957265e+00
1.38534799e+00
1.39291819e+00
1.39670330e+00
1.40957265e+00
1.41487179e+00
1.41108669e+00
1.42244200e+00
1.40503053e+00
1.41638584e+00
1.41184371e+00
1.41789988e+00
1.44061050e+00
1.41260073e+00
1.40881563e+00
1.38610501e+00
1.43076923e+00
1.40048840e+00
1.40881563e+00
1.39821734e+00
1.40654457e+00
1.45877900e+00
1.42017094e+00
1.42319902e+00
1.42471306e+00
1.41411477e+00
1.42168498e+00
1.42244200e+00
1.43833944e+00
1.46029304e+00
1.37777778e+00
1.39064713e+00
1.42092796e+00
1.39897436e+00
1.40048840e+00
1.42925519e+00
1.41108669e+00
1.41638584e+00
1.38534799e+00
1.41184371e+00
1.41260073e+00
1.39443223e+00
1.39670330e+00
1.41108669e+00
1.41335775e+00
1.41562882e+00
1.40427350e+00
1.39518926e+00
1.39821734e+00
1.41108669e+00
1.40730159e+00
1.40124542e+00
1.43531136e+00
1.37777778e+00
1.42471306e+00
1.40654457e+00
1.40957265e+00
1.41411477e+00
1.40503053e+00
1.41714286e+00
1.41941392e+00
1.41638584e+00
1.40881563e+00
1.40124542e+00
1.41032967e+00
1.40427350e+00
1.42547009e+00
1.40730159e+00
1.41108669e+00
1.40503053e+00
1.41865690e+00
1.45499389e+00
1.39670330e+00
1.42698413e+00
1.41714286e+00
1.41260073e+00
1.40881563e+00
1.40200244e+00
1.39518926e+00
1.42622711e+00
1.39216117e+00
1.42244200e+00
1.43228327e+00
1.44969475e+00
1.40275946e+00
1.43379731e+00
1.42092796e+00
1.39216117e+00
1.41638584e+00
1.42622711e+00
1.41411477e+00
1.41260073e+00
1.41411477e+00
1.41487179e+00
1.41865690e+00
1.40957265e+00
1.41638584e+00
1.43455433e+00
1.42319902e+00
1.41335775e+00
1.41865690e+00
1.39594628e+00
1.39216117e+00
1.43228327e+00
1.41335775e+00
1.45196581e+00
1.42092796e+00
1.41865690e+00
1.43379731e+00
1.43455433e+00
1.43152625e+00
1.41789988e+00
1.40654457e+00
1.42925519e+00
1.41032967e+00
1.42092796e+00
1.42622711e+00
1.39973138e+00
1.44363858e+00
1.43833944e+00
1.39746032e+00
1.42092796e+00
1.40730159e+00
1.41411477e+00
1.42925519e+00
1.42244200e+00
1.41789988e+00
1.41108669e+00
1.42774115e+00
1.45953602e+00
1.43985348e+00
1.46483516e+00
1.40881563e+00
1.40503053e+00
1.43152625e+00
1.40654457e+00
1.42017094e+00
1.42168498e+00
1.42017094e+00
1.43152625e+00
1.41260073e+00
1.43379731e+00
1.42547009e+00
1.43304029e+00
1.42092796e+00
1.41865690e+00
1.41108669e+00
1.41638584e+00
1.43152625e+00
1.43531136e+00
1.36415140e+00
1.42925519e+00
1.42017094e+00
1.41184371e+00
1.39216117e+00
1.43001221e+00
1.41260073e+00
1.40805861e+00
1.41562882e+00
1.40578755e+00
1.39821734e+00
1.40351648e+00
1.42774115e+00
1.38761905e+00
1.39973138e+00
1.41638584e+00
1.42168498e+00
1.42319902e+00
1.38989011e+00
1.42319902e+00
1.45423687e+00
1.45650794e+00
1.41638584e+00
1.41789988e+00
1.42168498e+00
1.41638584e+00
1.42244200e+00
1.41562882e+00
1.43379731e+00
1.44136752e+00
1.40957265e+00
1.39518926e+00
1.46029304e+00
1.42092796e+00
1.40730159e+00
1.46029304e+00
1.42622711e+00
1.45272283e+00
1.38383394e+00
1.41714286e+00
1.42168498e+00
1.40805861e+00
1.42774115e+00
1.41789988e+00
1.39367521e+00
1.40427350e+00
1.39140415e+00
1.37626374e+00
1.41638584e+00
1.42849817e+00
1.42092796e+00
1.40881563e+00
1.40805861e+00
1.45045177e+00
1.39443223e+00
1.43001221e+00
1.41411477e+00
1.41411477e+00
1.42547009e+00
1.42319902e+00
1.41260073e+00
1.42622711e+00
1.43531136e+00
1.43379731e+00
1.40427350e+00
1.41789988e+00
1.42471306e+00
1.42547009e+00
1.44363858e+00
1.40805861e+00
1.46483516e+00
1.37702076e+00
1.42168498e+00
1.42622711e+00
1.41941392e+00
1.42395604e+00
1.43531136e+00
1.41789988e+00
1.42849817e+00
1.41108669e+00
1.40730159e+00
1.42017094e+00
1.47164835e+00
1.45272283e+00
1.41941392e+00
1.40124542e+00
1.42244200e+00
1.44666667e+00
1.42244200e+00
1.41032967e+00
1.41941392e+00
1.45272283e+00
1.41108669e+00
1.43001221e+00
1.41865690e+00
1.42925519e+00
1.41032967e+00
1.42547009e+00
1.38686203e+00
1.44212454e+00
1.41562882e+00
1.42698413e+00
1.44363858e+00
1.43076923e+00
1.40427350e+00
1.45499389e+00
1.42622711e+00
1.44212454e+00
1.42622711e+00
1.42849817e+00
1.43833944e+00
1.44363858e+00
1.43758242e+00
1.48224664e+00
1.41941392e+00
1.44136752e+00
1.39518926e+00
1.43682540e+00
1.44288156e+00
1.44061050e+00
1.45499389e+00
1.43682540e+00
1.43304029e+00
1.44288156e+00
1.44061050e+00
1.40730159e+00
1.43076923e+00
1.43379731e+00
1.41865690e+00
1.42925519e+00
1.43833944e+00
1.45272283e+00
1.42471306e+00
1.47846154e+00
1.42698413e+00
1.43152625e+00
1.43455433e+00
1.44893773e+00
1.44288156e+00
1.44590965e+00
1.41714286e+00
1.45347985e+00
1.44439560e+00
1.43909646e+00
1.43304029e+00
1.42774115e+00
1.43758242e+00
1.41865690e+00
1.43682540e+00
1.43606838e+00
1.44136752e+00
1.44136752e+00
1.48905983e+00
1.46483516e+00
1.45272283e+00
1.44969475e+00
1.43833944e+00
1.45802198e+00
1.43379731e+00
1.44893773e+00
1.42395604e+00
1.44666667e+00
1.44969475e+00
1.41108669e+00
1.43606838e+00
1.42547009e+00
1.43455433e+00
1.42547009e+00
1.42622711e+00
1.44212454e+00
1.43682540e+00
1.40503053e+00
1.43833944e+00
1.44590965e+00
1.43379731e+00
1.43152625e+00
1.44136752e+00
1.44666667e+00
1.43833944e+00
1.44515263e+00
1.45726496e+00
1.45575092e+00
1.46710623e+00
1.45499389e+00
1.44742369e+00
1.43682540e+00
1.45575092e+00
1.44288156e+00
1.45272283e+00
1.44363858e+00
1.46937729e+00
1.46105006e+00
1.44288156e+00
1.43379731e+00
1.44439560e+00
1.45120879e+00
1.46105006e+00
1.41714286e+00
1.46105006e+00
1.47391941e+00
1.46180708e+00
1.48451770e+00
1.43531136e+00
1.44893773e+00
1.45953602e+00
1.41335775e+00
1.43455433e+00
1.43606838e+00
1.44818071e+00
1.43758242e+00
1.43758242e+00
1.45045177e+00
1.43304029e+00
1.41714286e+00
1.49435897e+00
1.43455433e+00
1.47391941e+00
1.48678877e+00
1.44363858e+00
1.45347985e+00
1.43152625e+00
1.42547009e+00
1.45575092e+00
1.45499389e+00
1.43531136e+00
1.43606838e+00
1.45499389e+00
1.44136752e+00
1.46862027e+00
1.44893773e+00
1.43152625e+00
1.44212454e+00
1.48148962e+00
1.47089133e+00
1.44590965e+00
1.49057387e+00
1.45802198e+00
1.47619048e+00
1.45423687e+00
1.42244200e+00
1.44590965e+00
1.44363858e+00
1.43606838e+00
1.45272283e+00
1.44288156e+00
1.44742369e+00
1.44061050e+00
1.44515263e+00
1.43379731e+00
1.43001221e+00
1.41562882e+00
1.42319902e+00
1.43001221e+00
1.44363858e+00
1.41865690e+00
1.43379731e+00
1.44363858e+00
1.43909646e+00
1.46105006e+00
1.45575092e+00
1.44969475e+00
1.44742369e+00
1.43758242e+00
1.47013431e+00
1.44212454e+00
1.46105006e+00
1.40200244e+00
1.45575092e+00
1.42849817e+00
1.45272283e+00
1.44061050e+00
1.41865690e+00
1.46180708e+00
1.44969475e+00
1.45877900e+00
1.45726496e+00
1.45120879e+00
1.47770452e+00
1.43758242e+00
1.44742369e+00
1.44288156e+00
1.46407814e+00
1.44439560e+00
1.47921856e+00
1.44363858e+00
1.44363858e+00
1.42547009e+00
1.44515263e+00
1.45120879e+00
1.44893773e+00
1.43758242e+00
1.43985348e+00
1.45120879e+00
1.43379731e+00
1.43985348e+00
1.43455433e+00
1.43682540e+00
1.46483516e+00
1.42547009e+00
1.49284493e+00
1.43228327e+00
1.44818071e+00
1.42017094e+00
1.44061050e+00
1.48376068e+00
1.42849817e+00
1.45120879e+00
1.45877900e+00
1.45650794e+00
1.45272283e+00
1.46256410e+00
1.46105006e+00
1.45272283e+00
1.44439560e+00
1.42925519e+00
1.44818071e+00
1.41865690e+00
1.44363858e+00
1.43985348e+00
1.45802198e+00
1.44363858e+00
1.44590965e+00
1.45045177e+00
1.44288156e+00
1.46332112e+00
1.45423687e+00
1.44742369e+00
1.44969475e+00
1.41789988e+00
1.42774115e+00
1.44969475e+00
1.45802198e+00
1.43909646e+00
1.44742369e+00
1.39216117e+00
1.44742369e+00
1.44439560e+00
1.46786325e+00
1.47997558e+00
1.46105006e+00
1.46105006e+00
1.46710623e+00
1.46256410e+00
1.45045177e+00
1.48224664e+00
1.45347985e+00
1.43606838e+00
1.44666667e+00
1.45650794e+00
1.46407814e+00
1.46483516e+00
1.47240537e+00
1.48603175e+00
1.45877900e+00
1.45802198e+00
1.46786325e+00
1.45726496e+00
1.45120879e+00
1.46029304e+00
1.44969475e+00
1.45272283e+00
1.47316239e+00
1.49738706e+00
1.46256410e+00
1.47467643e+00
1.44969475e+00
1.45650794e+00
1.46407814e+00
1.45120879e+00
1.49663004e+00
1.45272283e+00
1.43379731e+00
1.46105006e+00
1.46180708e+00
1.46332112e+00
1.45953602e+00
1.45272283e+00
1.44212454e+00
1.46029304e+00
1.45423687e+00
1.49133089e+00
1.46483516e+00
1.46256410e+00
1.45120879e+00
1.46710623e+00
1.45272283e+00
1.41865690e+00
1.45120879e+00
1.46180708e+00
1.48376068e+00
1.45347985e+00
1.45575092e+00
1.45953602e+00
1.46937729e+00
1.45575092e+00
1.46180708e+00
1.44515263e+00
1.45045177e+00
1.45802198e+00
1.49814408e+00
1.47770452e+00
1.47013431e+00
1.41638584e+00
1.47316239e+00
1.42774115e+00
1.43152625e+00
1.46483516e+00
1.45120879e+00
1.44969475e+00
1.44969475e+00
1.48300366e+00
1.43909646e+00
1.44969475e+00
1.44515263e+00
1.45499389e+00
1.50722833e+00
1.45196581e+00
1.45726496e+00
1.46105006e+00
1.46937729e+00
1.46483516e+00
1.45045177e+00
1.45045177e+00
1.47316239e+00
1.47013431e+00
1.45272283e+00
1.46407814e+00
1.47391941e+00
1.47997558e+00
1.47619048e+00
1.49814408e+00
1.47997558e+00
1.50420024e+00
1.48905983e+00
1.47089133e+00
1.46407814e+00
1.50117216e+00
1.48527473e+00
1.43379731e+00
1.47619048e+00
1.45650794e+00
1.46937729e+00
1.46332112e+00
1.47619048e+00
1.46786325e+00
1.45726496e+00
1.46180708e+00
1.42698413e+00
1.48905983e+00
1.44212454e+00
1.46029304e+00
1.46710623e+00
1.46105006e+00
1.49587302e+00
1.44969475e+00
1.43758242e+00
1.45499389e+00
1.45726496e+00
1.46332112e+00
1.46332112e+00
1.46786325e+00
1.46256410e+00
1.44515263e+00
1.49663004e+00
1.45423687e+00
1.42925519e+00
1.46407814e+00
1.45877900e+00
1.46029304e+00
1.47013431e+00
1.46029304e+00
1.45196581e+00
1.46256410e+00
1.46332112e+00
1.46483516e+00
1.45953602e+00
1.45272283e+00
1.47391941e+00
1.45953602e+00
1.48830281e+00
1.44969475e+00
1.46710623e+00
1.46634921e+00
1.47770452e+00
1.47089133e+00
1.46407814e+00
1.45953602e+00
1.45877900e+00
1.45726496e+00
1.46332112e+00
1.44818071e+00
1.45347985e+00
1.45272283e+00
1.46029304e+00
1.44969475e+00
1.44439560e+00
1.47164835e+00
1.46105006e+00
1.46786325e+00
1.42774115e+00
1.43758242e+00
1.46256410e+00
1.48905983e+00
1.45272283e+00
1.44969475e+00
1.46407814e+00
1.47316239e+00
1.48678877e+00
1.46786325e+00
1.46937729e+00
1.46029304e+00
1.47997558e+00
1.48300366e+00
1.48224664e+00
1.45802198e+00
1.46937729e+00
1.49965812e+00
1.47694750e+00
1.49284493e+00
1.49814408e+00
1.46786325e+00
1.46105006e+00
1.47316239e+00
1.43228327e+00
1.47316239e+00
1.45726496e+00
1.46559219e+00
1.47089133e+00
1.45650794e+00
1.48905983e+00
1.45726496e+00
1.41865690e+00
1.44288156e+00
1.44136752e+00
1.45499389e+00
1.43758242e+00
1.44742369e+00
1.45272283e+00
1.46105006e+00
1.45347985e+00
1.45272283e+00
1.46407814e+00
1.45045177e+00
1.46180708e+00
1.44969475e+00
1.47619048e+00
1.43833944e+00
1.45650794e+00
1.50420024e+00
1.46407814e+00
1.44893773e+00
1.44515263e+00
1.46937729e+00
1.45196581e+00
1.47013431e+00
1.44893773e+00
1.47013431e+00
1.45045177e+00
1.46332112e+00
1.47164835e+00
1.47164835e+00
1.45650794e+00
1.40730159e+00
1.46105006e+00
1.45575092e+00
1.43833944e+00
1.43758242e+00
1.47694750e+00
1.47013431e+00
1.44136752e+00
1.45272283e+00
1.42547009e+00
1.42319902e+00
1.44288156e+00
1.45196581e+00
1.44969475e+00
1.44666667e+00
1.45423687e+00
1.44439560e+00
1.43152625e+00
1.45877900e+00
1.48300366e+00
1.47467643e+00
1.44666667e+00
1.44061050e+00
1.43304029e+00
1.49284493e+00
1.49890110e+00
1.45650794e+00
1.45575092e+00
1.44969475e+00
1.46407814e+00
1.44969475e+00
1.46407814e+00
1.46407814e+00
1.44893773e+00
1.44893773e+00
1.45499389e+00
1.45272283e+00
1.41714286e+00
1.41865690e+00
1.44742369e+00
1.46180708e+00
1.44742369e+00
1.44136752e+00
1.44818071e+00
1.44061050e+00
1.45272283e+00
1.44742369e+00
1.44515263e+00
1.47164835e+00
1.43758242e+00
1.44666667e+00
1.47921856e+00
1.43758242e+00
1.44061050e+00
1.44061050e+00
1.46710623e+00
1.47846154e+00
1.42471306e+00
1.48451770e+00
1.44590965e+00
1.50268620e+00
1.45802198e+00
1.45499389e+00
1.45045177e+00
1.44969475e+00
1.44969475e+00
1.44818071e+00
1.47164835e+00
1.43682540e+00
1.45650794e+00
1.44439560e+00
1.43606838e+00
1.44515263e+00
1.50722833e+00
1.44061050e+00
1.40503053e+00
1.45196581e+00
1.45726496e+00
1.45196581e+00
1.45272283e+00
1.43985348e+00
1.46483516e+00
1.44969475e+00
1.43682540e+00
1.45196581e+00
1.48830281e+00
1.49511600e+00
1.44969475e+00
1.40275946e+00
1.43833944e+00
1.45045177e+00
1.43682540e+00
1.39518926e+00
1.46786325e+00
1.44742369e+00
1.45423687e+00
1.46029304e+00
1.45272283e+00
1.42547009e+00
1.45272283e+00
1.44893773e+00
1.42622711e+00
1.46483516e+00
1.47770452e+00
1.45196581e+00
1.45802198e+00
1.46483516e+00
1.45877900e+00
1.48830281e+00
1.45499389e+00
1.49663004e+00
1.46256410e+00
1.47619048e+00
1.44893773e+00
1.46483516e+00
1.45272283e+00
1.46634921e+00
1.42244200e+00
1.48754579e+00
1.45120879e+00
1.44969475e+00
1.46180708e+00
1.47164835e+00
1.46483516e+00
1.47694750e+00
1.47316239e+00
1.43833944e+00
1.47543346e+00
1.44515263e+00
1.43682540e+00
1.44288156e+00
1.45423687e+00
1.45120879e+00
1.44742369e+00
1.44061050e+00
1.43606838e+00
1.44818071e+00
1.44893773e+00
1.44061050e+00
1.44742369e+00
1.46105006e+00
1.45575092e+00
1.45423687e+00
1.44136752e+00
1.45877900e+00
1.46483516e+00
1.46332112e+00
1.46710623e+00
1.45802198e+00
1.44439560e+00
1.43758242e+00
1.47770452e+00
1.45120879e+00
1.44288156e+00
1.43833944e+00
1.46029304e+00
1.42395604e+00
1.46407814e+00
1.47770452e+00
1.44212454e+00
1.47013431e+00
1.45802198e+00
1.46256410e+00
1.47391941e+00
1.45272283e+00
1.43909646e+00
1.46256410e+00
1.42849817e+00
1.45347985e+00
1.42319902e+00
1.46710623e+00
1.44288156e+00
1.48224664e+00
1.43076923e+00
1.45120879e+00
1.44742369e+00
1.44363858e+00
1.46256410e+00
1.46332112e+00
1.44515263e+00
1.45802198e+00
1.44666667e+00
1.45423687e+00
1.45045177e+00
1.46634921e+00
1.45877900e+00
1.44969475e+00
1.45575092e+00
1.45272283e+00
1.46710623e+00
1.44515263e+00
1.46786325e+00
1.44590965e+00
1.43304029e+00
1.45423687e+00
1.44439560e+00
1.44742369e+00
1.45045177e+00
1.44969475e+00
1.47013431e+00
1.48300366e+00
1.47997558e+00
1.47694750e+00
1.48905983e+00
1.49511600e+00
1.44818071e+00
1.41941392e+00
1.45196581e+00
1.47240537e+00
1.46180708e+00
1.44439560e+00
1.44061050e+00
1.44061050e+00
1.43758242e+00
1.44136752e+00
1.44363858e+00
1.44288156e+00
1.43758242e+00
1.48073260e+00
1.45575092e+00
1.44212454e+00
1.46407814e+00
1.44969475e+00
1.43531136e+00
1.44666667e+00
1.45120879e+00
1.42471306e+00
1.46559219e+00
1.44742369e+00
1.44288156e+00
1.45423687e+00
1.44893773e+00
1.43379731e+00
1.45272283e+00
1.44061050e+00
1.48148962e+00
1.42244200e+00
1.38913309e+00
1.49814408e+00
1.46180708e+00
1.44666667e+00
1.49738706e+00
1.42774115e+00
1.48905983e+00
1.44818071e+00
1.43531136e+00
1.44439560e+00
1.44363858e+00
1.43985348e+00
1.46483516e+00
1.43758242e+00
1.41714286e+00
1.43455433e+00
1.43758242e+00
1.43455433e+00
1.48678877e+00
1.40578755e+00
1.46180708e+00
1.44666667e+00
1.45196581e+00
1.46256410e+00
1.44363858e+00
1.45499389e+00
1.46180708e+00
1.43909646e+00
1.45650794e+00
1.44136752e+00
1.46483516e+00
1.48073260e+00
1.44288156e+00
1.40427350e+00
1.36642247e+00
1.43076923e+00
1.49284493e+00
1.44061050e+00
1.47921856e+00
1.44212454e+00
1.46862027e+00
1.45120879e+00
1.45802198e+00
1.43304029e+00
1.43985348e+00
1.45120879e+00
1.47316239e+00
1.44969475e+00
1.44742369e+00
1.46634921e+00
1.46634921e+00
1.41411477e+00
1.43758242e+00
1.43909646e+00
1.46029304e+00
1.47997558e+00
1.41789988e+00
1.43152625e+00
1.43001221e+00
1.43758242e+00
1.42547009e+00
1.42319902e+00
1.44288156e+00
1.42319902e+00
1.42319902e+00
1.44212454e+00
1.42395604e+00
1.49284493e+00
1.41789988e+00
1.41487179e+00
1.43606838e+00
1.48603175e+00
1.44439560e+00
1.44061050e+00
1.44893773e+00
1.43531136e+00
1.43758242e+00
1.44666667e+00
1.43531136e+00
1.43076923e+00
1.45953602e+00
1.40351648e+00
1.46332112e+00
1.42168498e+00
1.42774115e+00
1.44666667e+00
1.40275946e+00
1.45499389e+00
1.43001221e+00
1.44212454e+00
1.45347985e+00
1.45120879e+00
1.44061050e+00
1.43152625e+00
1.42017094e+00
1.43076923e+00
1.42319902e+00
1.40048840e+00
1.44136752e+00
1.41562882e+00
1.40730159e+00
1.43379731e+00
1.41865690e+00
1.46862027e+00
1.42622711e+00
1.44136752e+00
1.45196581e+00
1.44590965e+00
1.43001221e+00
1.44363858e+00
1.42925519e+00
1.43531136e+00
1.42849817e+00
1.42698413e+00
1.42547009e+00
1.43152625e+00
1.43304029e+00
1.43531136e+00
1.44969475e+00
1.43076923e+00
1.43152625e+00
1.41865690e+00
1.44969475e+00
1.42471306e+00
1.44363858e+00
1.43682540e+00
1.43076923e+00
1.43985348e+00
1.43001221e+00
1.43758242e+00
1.45045177e+00
1.42319902e+00
1.42547009e+00
1.43758242e+00
1.41260073e+00
1.45726496e+00
1.42849817e+00
1.40503053e+00
1.41335775e+00
1.43455433e+00
1.41638584e+00
1.43304029e+00
1.42849817e+00
1.43531136e+00
1.43758242e+00
1.46256410e+00
1.43758242e+00
1.46029304e+00
1.44136752e+00
1.41865690e+00
1.43152625e+00
1.46332112e+00
1.47997558e+00
1.44515263e+00
1.45045177e+00
1.44742369e+00
1.44363858e+00
1.45499389e+00
1.44439560e+00
1.45272283e+00
1.44363858e+00
1.43985348e+00
1.44363858e+00
1.43985348e+00
1.45575092e+00
1.48451770e+00
1.41335775e+00
1.49284493e+00
1.45272283e+00
1.43758242e+00
1.41487179e+00
1.42925519e+00
1.46710623e+00
1.46256410e+00
1.45120879e+00
1.42849817e+00
1.41638584e+00
1.43379731e+00
1.43985348e+00
1.42698413e+00
1.42395604e+00
1.46559219e+00
1.45120879e+00
1.44666667e+00
1.44363858e+00
1.41789988e+00
1.42849817e+00
1.44969475e+00
1.46407814e+00
1.44288156e+00
1.44136752e+00
1.44590965e+00
1.46029304e+00
1.44969475e+00
1.45045177e+00
1.44969475e+00
1.44969475e+00
1.44439560e+00
1.45272283e+00
1.45347985e+00
1.43455433e+00
1.46710623e+00
1.45272283e+00
1.45802198e+00
1.49133089e+00
1.44818071e+00
1.46483516e+00
1.45877900e+00
1.45650794e+00
1.44288156e+00
1.45423687e+00
1.45953602e+00
1.44288156e+00
1.47013431e+00
1.45953602e+00
1.43152625e+00
1.43758242e+00
1.43606838e+00
1.44439560e+00
1.45423687e+00
1.42849817e+00
1.46332112e+00
1.45499389e+00
1.44136752e+00
1.44061050e+00
1.43379731e+00
1.44363858e+00
1.44893773e+00
1.44742369e+00
1.44288156e+00
1.44515263e+00
1.45045177e+00
1.45575092e+00
1.45877900e+00
1.45877900e+00
1.48830281e+00
1.46180708e+00
1.43606838e+00
1.45877900e+00
1.41184371e+00
1.44590965e+00
1.45272283e+00
1.43758242e+00
1.43531136e+00
1.44742369e+00
1.45575092e+00
1.44288156e+00
1.46180708e+00
1.47997558e+00
1.44590965e+00
1.49133089e+00
1.42547009e+00
1.45272283e+00
1.45953602e+00
1.42168498e+00
1.42168498e+00
1.39367521e+00
1.44061050e+00
1.44969475e+00
1.43228327e+00
1.44515263e+00
1.43152625e+00
1.44363858e+00
1.42698413e+00
1.43304029e+00
1.43909646e+00
1.42319902e+00
1.44590965e+00
1.42849817e+00
1.43379731e+00
1.42849817e+00
1.41638584e+00
1.45726496e+00
1.45272283e+00
1.46105006e+00
1.44818071e+00
1.44893773e+00
1.44969475e+00
1.43228327e+00
1.45045177e+00
1.44893773e+00
1.43228327e+00
1.39367521e+00
1.42319902e+00
1.44363858e+00
1.46483516e+00
1.48678877e+00
1.42244200e+00
1.44818071e+00
1.46483516e+00
1.44061050e+00
1.43228327e+00
1.43531136e+00
1.43606838e+00
1.42925519e+00
1.43606838e+00
1.43606838e+00
1.46634921e+00
1.45726496e+00
1.40730159e+00
1.40427350e+00
1.43833944e+00
1.43304029e+00
1.44061050e+00
1.46105006e+00
1.41411477e+00
1.45575092e+00
1.45650794e+00
1.45272283e+00
1.44818071e+00
1.44515263e+00
1.45802198e+00
1.44666667e+00
1.44061050e+00
1.48300366e+00
1.43833944e+00
1.44590965e+00
1.44136752e+00
1.46029304e+00
1.45272283e+00
1.46029304e+00
1.45045177e+00
1.43909646e+00
1.43758242e+00
1.45045177e+00
1.46407814e+00
1.45272283e+00
1.44666667e+00
1.45196581e+00
1.47089133e+00
1.42849817e+00
1.44742369e+00
1.46407814e+00
1.47770452e+00
1.43909646e+00
1.46180708e+00
1.45272283e+00
1.45575092e+00
1.43152625e+00
1.45877900e+00
1.44439560e+00
1.46180708e+00
1.46483516e+00
1.46710623e+00
1.47694750e+00
1.47013431e+00
1.44969475e+00
1.45650794e+00
1.45575092e+00
1.50949939e+00
1.45196581e+00
1.49511600e+00
1.48300366e+00
1.44061050e+00
1.45877900e+00
1.44363858e+00
1.46786325e+00
1.45499389e+00
1.47997558e+00
1.46862027e+00
1.48300366e+00
1.46786325e+00
1.46483516e+00
1.46937729e+00
1.48376068e+00
1.47543346e+00
1.45045177e+00
1.45802198e+00
1.46483516e+00
1.45347985e+00
1.49663004e+00
1.46710623e+00
1.50117216e+00
1.46710623e+00
1.47316239e+00
1.46634921e+00
1.46786325e+00
1.45120879e+00
1.45423687e+00
1.45120879e+00
1.46180708e+00
1.43076923e+00
1.45575092e+00
1.46483516e+00
1.50041514e+00
1.53978022e+00
1.45575092e+00
1.44136752e+00
1.46256410e+00
1.48603175e+00
1.45953602e+00
1.47089133e+00
1.48300366e+00
1.47316239e+00
1.46634921e+00
1.46862027e+00
1.45877900e+00
1.46937729e+00
1.48073260e+00
1.50722833e+00
1.51101343e+00
1.45575092e+00
1.47013431e+00
1.45575092e+00
1.47316239e+00
1.51328449e+00
1.46105006e+00
1.47013431e+00
1.47467643e+00
1.46029304e+00
1.45726496e+00
1.46029304e+00
1.49057387e+00
1.46256410e+00
1.49208791e+00
1.49587302e+00
1.47619048e+00
1.47013431e+00
1.46180708e+00
1.42471306e+00
1.47089133e+00
1.44818071e+00
1.45575092e+00
1.46483516e+00
1.47467643e+00
1.47543346e+00
1.47619048e+00
1.46634921e+00
1.47391941e+00
1.46786325e+00
1.47997558e+00
1.48981685e+00
1.48300366e+00
1.48224664e+00
1.50874237e+00
1.46559219e+00
1.49057387e+00
1.46256410e+00
1.46180708e+00
1.48300366e+00
1.47619048e+00
1.48148962e+00
1.46483516e+00
1.47391941e+00
1.46180708e+00
1.46407814e+00
1.46559219e+00
1.48830281e+00
1.48148962e+00
1.46029304e+00
1.45877900e+00
1.45877900e+00
1.46483516e+00
1.46559219e+00
1.46029304e+00
1.48830281e+00
1.46105006e+00
1.46634921e+00
1.45953602e+00
1.46559219e+00
1.45877900e+00
1.45499389e+00
1.45120879e+00
1.44363858e+00
1.45499389e+00
1.46332112e+00
1.46256410e+00
1.46256410e+00
1.48376068e+00
1.49208791e+00
1.46105006e+00
1.46937729e+00
1.48981685e+00
1.44969475e+00
1.46559219e+00
1.47846154e+00
1.47619048e+00
1.47694750e+00
1.47391941e+00
1.45272283e+00
1.49435897e+00
1.50117216e+00
1.46786325e+00
1.46483516e+00
1.46180708e+00
1.49738706e+00
1.46256410e+00
1.47240537e+00
1.46029304e+00
1.46180708e+00
1.46180708e+00
1.46407814e+00
1.46029304e+00
1.46559219e+00
1.46029304e+00
1.46862027e+00
1.46862027e+00
1.43455433e+00
1.46029304e+00
1.51631258e+00
1.45120879e+00
1.46710623e+00
1.45877900e+00
1.44363858e+00
1.45347985e+00
1.46937729e+00
1.47467643e+00
1.46407814e+00
1.47089133e+00
1.47391941e+00
1.45953602e+00
1.46256410e+00
1.45802198e+00
1.48148962e+00
1.44742369e+00
1.46180708e+00
1.46483516e+00
1.43304029e+00
1.47467643e+00
1.45272283e+00
1.44969475e+00
1.50949939e+00
1.46180708e+00
1.45499389e+00
1.46483516e+00
1.46483516e+00
1.45953602e+00
1.46180708e+00
1.46483516e+00
1.47543346e+00
1.44061050e+00
1.43531136e+00
1.45877900e+00
1.49284493e+00
1.40427350e+00
1.43076923e+00
1.45045177e+00
1.47694750e+00
1.44590965e+00
1.46180708e+00
1.45499389e+00
1.44439560e+00
1.44742369e+00
1.43682540e+00
1.43606838e+00
1.44893773e+00
1.48148962e+00
1.44136752e+00
1.43531136e+00
1.46256410e+00
1.45120879e+00
1.44590965e+00
1.44363858e+00
1.42547009e+00
1.37702076e+00
1.49965812e+00
1.48754579e+00
1.45650794e+00
1.46105006e+00
1.44363858e+00
1.45575092e+00
1.45575092e+00
1.44136752e+00
1.45120879e+00
1.45575092e+00
1.41411477e+00
1.43379731e+00
1.49511600e+00
1.43909646e+00
1.44363858e+00
1.44363858e+00
1.41638584e+00
1.47694750e+00
1.43682540e+00
1.44515263e+00
1.44212454e+00
1.42698413e+00
1.43304029e+00
1.45347985e+00
1.42244200e+00
1.46105006e+00
1.43531136e+00
1.45877900e+00
1.44439560e+00
1.47013431e+00
1.47619048e+00
1.43909646e+00
1.42168498e+00
1.46256410e+00
1.45877900e+00
1.46786325e+00
1.44515263e+00
1.43228327e+00
1.45272283e+00
1.44439560e+00
1.43379731e+00
1.44363858e+00
1.44288156e+00
1.45120879e+00
1.44742369e+00
1.43606838e+00
1.49814408e+00
1.45499389e+00
1.43758242e+00
1.43455433e+00
1.47240537e+00
1.43379731e+00
1.42774115e+00
1.42622711e+00
1.44818071e+00
1.44515263e+00
1.43152625e+00
1.43455433e+00
1.43531136e+00
1.44439560e+00
1.43228327e+00
1.43531136e+00
1.42774115e+00
1.37550672e+00
1.42698413e+00
1.42471306e+00
1.42471306e+00
1.40578755e+00
1.42471306e+00
1.42017094e+00
1.42017094e+00
1.41260073e+00
1.42092796e+00
1.43455433e+00
1.42698413e+00
1.44515263e+00
1.43909646e+00
1.45045177e+00
1.41487179e+00
1.43985348e+00
1.43076923e+00
1.39821734e+00
1.43152625e+00
1.38383394e+00
1.42774115e+00
1.43909646e+00
1.43682540e+00
1.45120879e+00
1.43682540e+00
1.44363858e+00
1.43833944e+00
1.43228327e+00
1.39821734e+00
1.49890110e+00
1.44288156e+00
1.41638584e+00
1.44590965e+00
1.43606838e+00
1.42168498e+00
1.41789988e+00
1.43228327e+00
1.43758242e+00
1.43909646e+00
1.41941392e+00
1.43758242e+00
1.43606838e+00
1.43152625e+00
1.43833944e+00
1.41941392e+00
1.41487179e+00
1.39064713e+00
1.41335775e+00
1.44439560e+00
1.44061050e+00
1.40427350e+00
1.41411477e+00
1.40124542e+00
1.43682540e+00
1.43304029e+00
1.45120879e+00
1.42774115e+00
1.43833944e+00
1.43833944e+00
1.44666667e+00
1.44969475e+00
1.47013431e+00
1.41032967e+00
1.43531136e+00
1.47013431e+00
1.43304029e+00
1.43606838e+00
1.44515263e+00
1.43682540e+00
1.43379731e+00
1.46710623e+00
1.43758242e+00
1.43909646e+00
1.44363858e+00
1.44136752e+00
1.42547009e+00
1.43909646e+00
1.43228327e+00
1.44590965e+00
1.47846154e+00
1.46483516e+00
1.42395604e+00
1.44969475e+00
1.48073260e+00
1.44439560e+00
1.45196581e+00
1.40881563e+00
1.45650794e+00
1.43304029e+00
1.42471306e+00
1.43833944e+00
1.42244200e+00
1.44136752e+00
1.44212454e+00
1.44893773e+00
1.43758242e+00
1.43833944e+00
1.45423687e+00
1.44439560e+00
1.49284493e+00
1.41941392e+00
1.46029304e+00
1.44439560e+00
1.44666667e+00
1.47543346e+00
1.45726496e+00
1.44893773e+00
1.45650794e+00
1.44363858e+00
1.45272283e+00
1.47089133e+00
1.43833944e+00
1.46180708e+00
1.45953602e+00
1.46710623e+00
1.43909646e+00
1.45196581e+00
1.43758242e+00
1.46105006e+00
1.47997558e+00
1.43455433e+00
1.44136752e+00
1.44363858e+00
1.43152625e+00
1.43304029e+00
1.43001221e+00
1.44439560e+00
1.44742369e+00
1.45953602e+00
1.45196581e+00
1.46559219e+00
1.44666667e+00
1.43076923e+00
1.40730159e+00
1.47921856e+00
1.44515263e+00
1.46332112e+00
1.47316239e+00
1.44818071e+00
1.45726496e+00
1.44439560e+00
1.44363858e+00
1.45196581e+00
1.44136752e+00
1.43001221e+00
1.44061050e+00
1.43758242e+00
1.44590965e+00
1.43985348e+00
1.43076923e+00
1.44288156e+00
1.45272283e+00
1.43682540e+00
1.45423687e+00
1.43455433e+00
1.44742369e+00
1.44061050e+00
1.44742369e+00
1.44363858e+00
1.44590965e+00
1.44212454e+00
1.45802198e+00
1.49360195e+00
1.44969475e+00
1.43001221e+00
1.43076923e+00
1.42395604e+00
1.43682540e+00
1.40578755e+00
1.41487179e+00
1.45575092e+00
1.45272283e+00
1.42849817e+00
1.44288156e+00
1.44590965e+00
1.43531136e+00
1.44136752e+00
1.44515263e+00
1.47240537e+00
1.43833944e+00
1.42244200e+00
1.46483516e+00
1.47164835e+00
1.44212454e+00
1.45272283e+00
1.43531136e+00
1.44288156e+00
1.43001221e+00
1.43909646e+00
1.43758242e+00
1.43455433e+00
1.43758242e+00
1.44061050e+00
1.44363858e+00
1.44061050e+00
1.44742369e+00
1.43531136e+00
1.44666667e+00
1.48073260e+00
1.44818071e+00
1.44969475e+00
1.43909646e+00
1.42017094e+00
1.43833944e+00
1.41638584e+00
1.43833944e+00
1.42092796e+00
1.42244200e+00
1.42849817e+00
1.44666667e+00
1.41335775e+00
1.43152625e+00
1.45499389e+00
1.44136752e+00
1.43304029e+00
1.44061050e+00
1.42849817e+00
1.42925519e+00
1.43606838e+00
1.39064713e+00
1.44969475e+00
1.43076923e+00
1.42168498e+00
1.42774115e+00
1.41714286e+00
1.44590965e+00
1.44969475e+00
1.43076923e+00
1.41335775e+00
1.40654457e+00
1.43228327e+00
1.42774115e+00
1.47316239e+00
1.40275946e+00
1.43455433e+00
1.40881563e+00
1.43379731e+00
1.45499389e+00
1.43909646e+00
1.43909646e+00
1.42622711e+00
1.44288156e+00
1.43909646e+00
1.41789988e+00
1.42698413e+00
1.42395604e+00
1.41032967e+00
1.40957265e+00
1.42547009e+00
1.40957265e+00
1.42017094e+00
1.39897436e+00
1.41487179e+00
1.41941392e+00
1.41487179e+00
1.41789988e+00
1.42319902e+00
1.41335775e+00
1.41714286e+00
1.43531136e+00
1.45272283e+00
1.43152625e+00
1.47997558e+00
1.41789988e+00
1.44363858e+00
1.42698413e+00
1.43304029e+00
1.39670330e+00
1.42698413e+00
1.43228327e+00
1.44893773e+00
1.43076923e+00
1.42698413e+00
1.42395604e+00
1.43985348e+00
1.43076923e+00
1.43152625e+00
1.42547009e+00
1.43001221e+00
1.43985348e+00
1.45045177e+00
1.44061050e+00
1.40124542e+00
1.35960928e+00
1.41335775e+00
1.41562882e+00
1.41335775e+00
1.41714286e+00
1.42925519e+00
1.42849817e+00
1.41562882e+00
1.43076923e+00
1.42395604e+00
1.42168498e+00
1.42849817e+00
1.43379731e+00
1.44439560e+00
1.40578755e+00
1.41562882e+00
1.42244200e+00
1.36945055e+00
1.42244200e+00
1.39518926e+00
1.44136752e+00
1.45272283e+00
1.42017094e+00
1.43455433e+00
1.44288156e+00
1.43909646e+00
1.43909646e+00
1.42017094e+00
1.44363858e+00
1.45877900e+00
1.42395604e+00
1.41108669e+00
1.42395604e+00
1.41789988e+00
1.41638584e+00
1.40654457e+00
1.42471306e+00
1.42774115e+00
1.43152625e+00
1.43455433e+00
1.41941392e+00
1.43606838e+00
1.40654457e+00
1.43985348e+00
1.41638584e+00
1.41714286e+00
1.45196581e+00
1.41487179e+00
1.38383394e+00
1.42471306e+00
1.41638584e+00
1.40427350e+00
1.39821734e+00
1.43076923e+00
1.41184371e+00
1.42168498e+00
1.42319902e+00
1.43076923e+00
1.41865690e+00
1.42017094e+00
1.43304029e+00
1.46180708e+00
1.44061050e+00
1.44363858e+00
1.42471306e+00
1.44818071e+00
1.44742369e+00
1.47694750e+00
1.42849817e+00
1.41032967e+00
1.43152625e+00
1.42395604e+00
1.42471306e+00
1.43531136e+00
1.43682540e+00
1.43228327e+00
1.41638584e+00
1.41638584e+00
1.42244200e+00
1.43455433e+00
1.44969475e+00
1.41184371e+00
1.41562882e+00
1.40503053e+00
1.42849817e+00
1.40654457e+00
1.42017094e+00
