8.70573871e-01
8.38021978e-01
8.22881563e-01
8.56947497e-01
8.33479853e-01
8.63760684e-01
8.47106227e-01
8.82686203e-01
8.90256410e-01
9.16752137e-01
8.70573871e-01
8.98583639e-01
8.63003663e-01
8.64517705e-01
8.55433455e-01
8.74358974e-01
8.59218559e-01
8.72087912e-01
8.59975580e-01
8.47863248e-01
8.67545788e-01
8.57704518e-01
8.66788767e-01
8.85714286e-01
8.63760684e-01
8.90256410e-01
8.69059829e-01
8.63003663e-01
8.64517705e-01
8.59975580e-01
8.67545788e-01
8.41050061e-01
8.56190476e-01
8.49377289e-01
8.47106227e-01
8.24395604e-01
8.47106227e-01
8.74358974e-01
8.01684982e-01
8.89499389e-01
8.57704518e-01
8.88742369e-01
8.63003663e-01
9.05396825e-01
8.73601954e-01
8.66031746e-01
8.58461538e-01
8.61489621e-01
8.59218559e-01
8.65274725e-01
8.74358974e-01
8.55433455e-01
8.46349206e-01
8.18339438e-01
8.91013431e-01
8.56190476e-01
8.56190476e-01
8.63003663e-01
8.47106227e-01
8.66788767e-01
8.44835165e-01
8.60732601e-01
8.59218559e-01
8.66031746e-01
8.64517705e-01
8.47863248e-01
8.43321123e-01
8.47863248e-01
8.66031746e-01
8.66031746e-01
8.47106227e-01
8.38021978e-01
8.41807082e-01
8.37264957e-01
8.41807082e-01
8.67545788e-01
8.28180708e-01
8.66788767e-01
8.65274725e-01
8.67545788e-01
8.66788767e-01
8.56190476e-01
8.56190476e-01
8.66788767e-01
8.47106227e-01
8.80415140e-01
8.83443223e-01
8.91770452e-01
8.68302808e-01
8.59218559e-01
9.00097680e-01
8.59218559e-01
8.64517705e-01
8.41807082e-01
8.91770452e-01
8.66031746e-01
8.61489621e-01
8.53919414e-01
8.71330891e-01
8.46349206e-01
8.86471306e-01
8.75115995e-01
8.78901099e-01
8.70573871e-01
8.49377289e-01
8.57704518e-01
8.72087912e-01
8.69816850e-01
8.34993895e-01
8.68302808e-01
8.54676435e-01
8.59218559e-01
8.47106227e-01
8.50891331e-01
8.34236874e-01
8.58461538e-01
8.43321123e-01
8.39536020e-01
8.56190476e-01
8.35750916e-01
8.91770452e-01
8.47106227e-01
8.49377289e-01
8.57704518e-01
8.51648352e-01
8.69816850e-01
8.58461538e-01
8.94041514e-01
8.61489621e-01
8.83443223e-01
8.62246642e-01
8.56947497e-01
8.55433455e-01
8.63760684e-01
8.74358974e-01
8.05470085e-01
8.34236874e-01
8.13040293e-01
8.86471306e-01
8.85714286e-01
8.55433455e-01
8.28937729e-01
8.38021978e-01
8.85714286e-01
8.31208791e-01
8.58461538e-01
8.56947497e-01
8.29694750e-01
8.44835165e-01
8.19853480e-01
8.39536020e-01
8.53162393e-01
8.23638584e-01
8.33479853e-01
8.72844933e-01
8.74358974e-01
8.38778999e-01
8.87228327e-01
8.53162393e-01
8.66788767e-01
8.59975580e-01
8.75873016e-01
8.63003663e-01
8.69059829e-01
8.50134310e-01
8.78144078e-01
8.47863248e-01
8.72087912e-01
8.64517705e-01
8.53919414e-01
8.63760684e-01
9.07667888e-01
8.63003663e-01
8.44078144e-01
8.64517705e-01
8.42564103e-01
8.89499389e-01
8.89499389e-01
8.65274725e-01
8.58461538e-01
8.54676435e-01
8.72844933e-01
8.56190476e-01
8.60732601e-01
8.69059829e-01
8.59218559e-01
8.44078144e-01
9.08424908e-01
8.50134310e-01
8.46349206e-01
8.44078144e-01
8.42564103e-01
8.40293040e-01
8.84200244e-01
8.53919414e-01
8.66031746e-01
8.71330891e-01
8.42564103e-01
8.38021978e-01
8.63003663e-01
8.55433455e-01
8.49377289e-01
8.96312576e-01
8.47863248e-01
8.52405372e-01
8.62246642e-01
8.85714286e-01
8.59975580e-01
8.51648352e-01
8.70573871e-01
9.04639805e-01
8.60732601e-01
8.59218559e-01
8.57704518e-01
8.74358974e-01
8.72087912e-01
8.49377289e-01
8.68302808e-01
8.58461538e-01
8.44835165e-01
8.31208791e-01
8.92527473e-01
8.44078144e-01
8.78901099e-01
8.61489621e-01
8.81929182e-01
8.59218559e-01
9.04639805e-01
8.67545788e-01
8.53919414e-01
8.44835165e-01
8.59975580e-01
8.34236874e-01
8.48620269e-01
8.45592186e-01
8.16825397e-01
8.84957265e-01
8.85714286e-01
8.56190476e-01
8.60732601e-01
8.62246642e-01
8.74358974e-01
8.67545788e-01
8.59975580e-01
8.92527473e-01
8.67545788e-01
8.59975580e-01
8.67545788e-01
8.67545788e-01
8.54676435e-01
8.75873016e-01
8.81172161e-01
8.91013431e-01
8.88742369e-01
8.75873016e-01
8.72087912e-01
8.97069597e-01
8.19096459e-01
8.56947497e-01
8.75873016e-01
8.60732601e-01
8.87985348e-01
8.90256410e-01
8.66031746e-01
8.68302808e-01
8.58461538e-01
8.78144078e-01
8.92527473e-01
8.44835165e-01
8.64517705e-01
8.28937729e-01
8.10012210e-01
8.47106227e-01
8.61489621e-01
8.56947497e-01
9.08424908e-01
9.06910867e-01
8.56947497e-01
8.66031746e-01
8.59218559e-01
8.83443223e-01
8.85714286e-01
8.73601954e-01
8.76630037e-01
8.80415140e-01
8.84957265e-01
8.64517705e-01
8.81172161e-01
8.68302808e-01
8.53919414e-01
8.75873016e-01
8.92527473e-01
8.59218559e-01
8.78901099e-01
8.70573871e-01
8.83443223e-01
8.91013431e-01
8.72087912e-01
8.75873016e-01
8.82686203e-01
8.78144078e-01
9.19023199e-01
8.74358974e-01
8.86471306e-01
8.28180708e-01
8.69816850e-01
8.66788767e-01
8.84200244e-01
9.07667888e-01
8.84200244e-01
8.76630037e-01
8.47106227e-01
8.60732601e-01
8.67545788e-01
8.84957265e-01
8.72087912e-01
8.75873016e-01
8.91770452e-01
9.06910867e-01
8.00170940e-01
8.91770452e-01
9.00854701e-01
8.71330891e-01
8.68302808e-01
9.16752137e-01
8.84957265e-01
8.51648352e-01
8.63003663e-01
8.71330891e-01
8.93284493e-01
8.69059829e-01
8.91013431e-01
8.71330891e-01
8.84200244e-01
8.94798535e-01
8.52405372e-01
8.87985348e-01
8.87228327e-01
8.67545788e-01
8.84200244e-01
8.31965812e-01
8.79658120e-01
8.73601954e-01
8.69816850e-01
8.86471306e-01
8.62246642e-01
9.01611722e-01
8.77387057e-01
8.86471306e-01
8.84957265e-01
8.87228327e-01
8.70573871e-01
8.52405372e-01
8.56190476e-01
9.13724054e-01
8.44835165e-01
8.50891331e-01
8.95555556e-01
8.97069597e-01
8.71330891e-01
8.63760684e-01
8.76630037e-01
8.85714286e-01
8.82686203e-01
8.94798535e-01
8.96312576e-01
8.72844933e-01
8.91770452e-01
8.80415140e-01
8.95555556e-01
9.05396825e-01
8.84957265e-01
8.88742369e-01
8.72087912e-01
9.05396825e-01
8.76630037e-01
8.67545788e-01
8.88742369e-01
8.73601954e-01
8.71330891e-01
8.75115995e-01
8.76630037e-01
8.83443223e-01
8.88742369e-01
9.00097680e-01
8.82686203e-01
8.61489621e-01
8.81929182e-01
8.68302808e-01
9.04639805e-01
8.64517705e-01
8.66788767e-01
8.59975580e-01
9.19780220e-01
8.51648352e-01
8.72844933e-01
8.53919414e-01
8.58461538e-01
8.59975580e-01
8.76630037e-01
8.66788767e-01
8.70573871e-01
9.02368742e-01
8.57704518e-01
9.05396825e-01
8.68302808e-01
8.77387057e-01
8.92527473e-01
8.87228327e-01
9.13724054e-01
8.92527473e-01
9.01611722e-01
8.88742369e-01
8.82686203e-01
8.84957265e-01
8.89499389e-01
8.75115995e-01
8.63003663e-01
9.34163614e-01
8.89499389e-01
8.88742369e-01
9.05396825e-01
8.88742369e-01
9.20537241e-01
8.71330891e-01
8.85714286e-01
8.62246642e-01
8.84957265e-01
8.92527473e-01
8.94041514e-01
8.63003663e-01
8.66031746e-01
8.72087912e-01
8.59975580e-01
8.57704518e-01
8.61489621e-01
9.18266178e-01
8.94798535e-01
8.53919414e-01
8.19853480e-01
8.47863248e-01
8.53162393e-01
9.10695971e-01
8.65274725e-01
9.15995116e-01
8.51648352e-01
8.94798535e-01
8.92527473e-01
8.75115995e-01
8.74358974e-01
8.71330891e-01
8.89499389e-01
8.52405372e-01
9.58388278e-01
8.91013431e-01
8.84957265e-01
8.81172161e-01
8.57704518e-01
8.80415140e-01
8.75873016e-01
8.04713065e-01
8.74358974e-01
8.75115995e-01
8.75873016e-01
8.70573871e-01
8.75115995e-01
8.63760684e-01
8.74358974e-01
8.68302808e-01
9.17509158e-01
8.38778999e-01
8.50134310e-01
8.72087912e-01
8.73601954e-01
8.72844933e-01
8.68302808e-01
8.63003663e-01
8.66788767e-01
8.67545788e-01
8.69816850e-01
8.65274725e-01
8.66788767e-01
8.63760684e-01
8.66031746e-01
8.76630037e-01
8.34993895e-01
9.15995116e-01
9.05396825e-01
8.90256410e-01
8.78144078e-01
8.86471306e-01
9.08424908e-01
8.80415140e-01
8.84200244e-01
8.81929182e-01
8.82686203e-01
8.91013431e-01
8.98583639e-01
8.99340659e-01
8.80415140e-01
8.82686203e-01
8.81929182e-01
8.83443223e-01
8.41050061e-01
8.90256410e-01
8.74358974e-01
8.86471306e-01
8.75873016e-01
8.71330891e-01
8.67545788e-01
8.97826618e-01
8.74358974e-01
8.61489621e-01
8.72087912e-01
8.66031746e-01
8.59218559e-01
8.91770452e-01
8.68302808e-01
8.66788767e-01
8.55433455e-01
8.45592186e-01
8.63003663e-01
9.08424908e-01
8.77387057e-01
8.81929182e-01
8.69816850e-01
8.87985348e-01
8.71330891e-01
8.75115995e-01
8.71330891e-01
8.84200244e-01
8.85714286e-01
8.70573871e-01
8.91770452e-01
8.85714286e-01
8.48620269e-01
8.74358974e-01
8.64517705e-01
8.78901099e-01
8.66788767e-01
8.63003663e-01
8.65274725e-01
8.30451770e-01
8.90256410e-01
8.86471306e-01
8.77387057e-01
8.73601954e-01
8.88742369e-01
8.60732601e-01
8.66788767e-01
8.66788767e-01
8.79658120e-01
8.40293040e-01
8.83443223e-01
7.83516484e-01
8.67545788e-01
8.51648352e-01
8.70573871e-01
9.01611722e-01
8.53162393e-01
8.43321123e-01
8.59218559e-01
8.46349206e-01
8.74358974e-01
8.72844933e-01
8.78901099e-01
8.73601954e-01
8.57704518e-01
8.74358974e-01
9.01611722e-01
9.03882784e-01
8.25152625e-01
8.86471306e-01
8.82686203e-01
9.10695971e-01
8.83443223e-01
8.86471306e-01
8.61489621e-01
8.81172161e-01
8.78144078e-01
8.97826618e-01
8.92527473e-01
8.86471306e-01
8.87228327e-01
8.65274725e-01
9.01611722e-01
8.77387057e-01
8.66031746e-01
8.81929182e-01
8.69816850e-01
8.62246642e-01
8.92527473e-01
8.47106227e-01
8.16825397e-01
8.73601954e-01
8.73601954e-01
8.69059829e-01
8.69059829e-01
8.68302808e-01
8.82686203e-01
8.65274725e-01
8.68302808e-01
8.71330891e-01
8.87985348e-01
8.81172161e-01
8.76630037e-01
9.03882784e-01
8.91013431e-01
9.00854701e-01
9.09938950e-01
9.03125763e-01
9.03125763e-01
8.90256410e-01
8.68302808e-01
8.80415140e-01
8.75115995e-01
8.75115995e-01
8.96312576e-01
8.40293040e-01
9.08424908e-01
8.47863248e-01
9.22051282e-01
8.73601954e-01
8.88742369e-01
8.74358974e-01
8.95555556e-01
8.92527473e-01
9.15995116e-01
8.80415140e-01
8.78144078e-01
8.78144078e-01
8.75873016e-01
8.75873016e-01
8.66031746e-01
8.59975580e-01
8.95555556e-01
8.62246642e-01
8.53919414e-01
8.43321123e-01
8.40293040e-01
8.47863248e-01
8.74358974e-01
8.71330891e-01
8.63003663e-01
8.75115995e-01
8.84200244e-01
8.75873016e-01
8.86471306e-01
8.72087912e-01
8.89499389e-01
8.91013431e-01
8.89499389e-01
9.15238095e-01
8.74358974e-01
8.84200244e-01
8.71330891e-01
8.90256410e-01
8.71330891e-01
8.88742369e-01
8.77387057e-01
8.61489621e-01
8.75115995e-01
8.73601954e-01
8.65274725e-01
8.89499389e-01
8.83443223e-01
8.87985348e-01
8.70573871e-01
8.83443223e-01
8.57704518e-01
9.10695971e-01
8.93284493e-01
8.20610501e-01
8.72087912e-01
8.63760684e-01
8.69059829e-01
8.66031746e-01
8.78144078e-01
8.78144078e-01
8.62246642e-01
8.73601954e-01
8.74358974e-01
8.69059829e-01
8.62246642e-01
8.73601954e-01
8.85714286e-01
8.66788767e-01
8.83443223e-01
8.73601954e-01
8.89499389e-01
8.59218559e-01
8.55433455e-01
8.79658120e-01
8.69816850e-01
8.72844933e-01
8.63760684e-01
8.74358974e-01
8.81929182e-01
8.79658120e-01
8.87228327e-01
8.99340659e-01
8.76630037e-01
8.73601954e-01
8.75873016e-01
8.49377289e-01
8.84200244e-01
8.41050061e-01
8.66788767e-01
8.78901099e-01
9.10695971e-01
8.82686203e-01
8.77387057e-01
8.78144078e-01
8.55433455e-01
8.63003663e-01
8.78144078e-01
8.66031746e-01
8.62246642e-01
8.97069597e-01
8.65274725e-01
8.72087912e-01
8.52405372e-01
8.84200244e-01
8.66031746e-01
8.73601954e-01
8.82686203e-01
8.84200244e-01
8.93284493e-01
8.68302808e-01
8.86471306e-01
8.91770452e-01
8.86471306e-01
8.87228327e-01
8.83443223e-01
8.82686203e-01
8.80415140e-01
8.92527473e-01
8.77387057e-01
8.87228327e-01
8.98583639e-01
8.94798535e-01
8.74358974e-01
8.84200244e-01
8.78901099e-01
8.90256410e-01
8.86471306e-01
8.85714286e-01
8.75873016e-01
8.81929182e-01
8.72844933e-01
8.63760684e-01
8.90256410e-01
8.65274725e-01
8.98583639e-01
8.71330891e-01
8.81172161e-01
8.58461538e-01
8.50891331e-01
8.70573871e-01
8.86471306e-01
9.02368742e-01
8.63003663e-01
8.73601954e-01
8.78144078e-01
8.75115995e-01
8.79658120e-01
8.70573871e-01
8.85714286e-01
8.75873016e-01
8.71330891e-01
8.62246642e-01
8.80415140e-01
8.98583639e-01
9.10695971e-01
8.89499389e-01
8.88742369e-01
9.26593407e-01
8.80415140e-01
8.69816850e-01
8.79658120e-01
8.85714286e-01
8.87228327e-01
8.91770452e-01
8.72844933e-01
8.87228327e-01
8.80415140e-01
8.33479853e-01
8.66788767e-01
8.56947497e-01
8.81172161e-01
8.75115995e-01
8.78901099e-01
8.56190476e-01
8.60732601e-01
8.63760684e-01
8.65274725e-01
8.59975580e-01
8.68302808e-01
8.51648352e-01
8.44835165e-01
8.68302808e-01
8.71330891e-01
8.88742369e-01
8.76630037e-01
8.89499389e-01
8.99340659e-01
8.79658120e-01
8.56190476e-01
8.87985348e-01
8.98583639e-01
8.87985348e-01
8.78901099e-01
8.86471306e-01
8.89499389e-01
8.76630037e-01
8.84957265e-01
8.40293040e-01
8.99340659e-01
8.77387057e-01
8.66788767e-01
9.38705739e-01
8.75873016e-01
9.09938950e-01
8.51648352e-01
8.76630037e-01
8.59218559e-01
9.07667888e-01
8.81172161e-01
8.88742369e-01
8.83443223e-01
8.54676435e-01
8.75115995e-01
8.88742369e-01
8.90256410e-01
8.78144078e-01
8.79658120e-01
8.99340659e-01
9.10695971e-01
8.75873016e-01
8.86471306e-01
8.86471306e-01
8.63003663e-01
9.29621490e-01
8.38021978e-01
8.68302808e-01
8.74358974e-01
8.33479853e-01
8.86471306e-01
8.68302808e-01
8.72087912e-01
8.59218559e-01
8.72087912e-01
8.76630037e-01
8.37264957e-01
9.00854701e-01
8.72087912e-01
8.75873016e-01
8.77387057e-01
8.80415140e-01
8.54676435e-01
8.84200244e-01
8.74358974e-01
8.78901099e-01
8.84957265e-01
8.72844933e-01
9.18266178e-01
8.79658120e-01
8.81929182e-01
8.75873016e-01
9.17509158e-01
9.06153846e-01
8.77387057e-01
8.41807082e-01
8.87228327e-01
8.78901099e-01
8.74358974e-01
8.59218559e-01
8.82686203e-01
8.66031746e-01
8.51648352e-01
8.66788767e-01
8.62246642e-01
8.72087912e-01
8.75115995e-01
8.81929182e-01
8.76630037e-01
8.49377289e-01
8.49377289e-01
8.76630037e-01
8.72844933e-01
8.69816850e-01
8.63760684e-01
8.74358974e-01
8.87985348e-01
9.06153846e-01
8.86471306e-01
8.90256410e-01
8.85714286e-01
8.82686203e-01
8.84200244e-01
8.72087912e-01
9.07667888e-01
8.79658120e-01
8.33479853e-01
8.77387057e-01
8.86471306e-01
9.19780220e-01
9.09938950e-01
8.97826618e-01
8.53919414e-01
8.77387057e-01
8.62246642e-01
8.84200244e-01
8.74358974e-01
9.03125763e-01
8.66031746e-01
8.75873016e-01
8.70573871e-01
8.68302808e-01
8.71330891e-01
8.56190476e-01
8.33479853e-01
8.28180708e-01
8.71330891e-01
8.61489621e-01
8.92527473e-01
8.90256410e-01
8.80415140e-01
8.80415140e-01
8.83443223e-01
8.91013431e-01
8.68302808e-01
8.86471306e-01
8.83443223e-01
8.74358974e-01
8.83443223e-01
8.75115995e-01
8.94798535e-01
8.79658120e-01
8.78144078e-01
8.59218559e-01
8.83443223e-01
8.76630037e-01
8.81929182e-01
8.80415140e-01
8.87985348e-01
8.69059829e-01
8.87985348e-01
8.89499389e-01
8.90256410e-01
8.56190476e-01
8.62246642e-01
8.97069597e-01
8.56947497e-01
8.74358974e-01
9.00097680e-01
8.51648352e-01
8.49377289e-01
8.81929182e-01
8.84200244e-01
8.62246642e-01
8.72087912e-01
8.66788767e-01
8.84200244e-01
8.71330891e-01
8.44835165e-01
8.71330891e-01
8.48620269e-01
8.47106227e-01
9.13724054e-01
9.06153846e-01
8.79658120e-01
8.84957265e-01
8.90256410e-01
8.91770452e-01
8.91770452e-01
8.57704518e-01
8.85714286e-01
8.94798535e-01
8.90256410e-01
8.97069597e-01
8.63760684e-01
8.88742369e-01
8.69816850e-01
9.20537241e-01
8.88742369e-01
8.75873016e-01
8.80415140e-01
9.01611722e-01
8.34993895e-01
8.84200244e-01
8.72844933e-01
8.65274725e-01
8.86471306e-01
8.97826618e-01
8.88742369e-01
8.77387057e-01
8.66788767e-01
8.70573871e-01
8.69059829e-01
8.54676435e-01
8.56190476e-01
8.59218559e-01
8.74358974e-01
8.52405372e-01
8.67545788e-01
8.73601954e-01
8.81929182e-01
9.13724054e-01
8.80415140e-01
8.99340659e-01
8.76630037e-01
8.80415140e-01
8.74358974e-01
8.92527473e-01
8.77387057e-01
8.68302808e-01
8.87228327e-01
8.98583639e-01
8.87228327e-01
8.67545788e-01
8.62246642e-01
8.79658120e-01
9.11452991e-01
8.83443223e-01
8.70573871e-01
8.75115995e-01
8.72844933e-01
8.67545788e-01
8.83443223e-01
8.78144078e-01
8.60732601e-01
8.75115995e-01
8.82686203e-01
8.82686203e-01
8.84957265e-01
8.81172161e-01
8.97826618e-01
8.63003663e-01
8.49377289e-01
8.78901099e-01
8.59975580e-01
8.65274725e-01
8.67545788e-01
8.54676435e-01
8.71330891e-01
8.89499389e-01
8.73601954e-01
8.77387057e-01
8.77387057e-01
8.88742369e-01
8.92527473e-01
9.02368742e-01
9.21294261e-01
8.63003663e-01
8.87985348e-01
8.86471306e-01
8.63760684e-01
8.72844933e-01
8.83443223e-01
8.91013431e-01
8.65274725e-01
8.74358974e-01
8.72087912e-01
8.92527473e-01
8.76630037e-01
8.84200244e-01
8.85714286e-01
8.86471306e-01
8.48620269e-01
8.83443223e-01
8.55433455e-01
8.59218559e-01
8.57704518e-01
9.03882784e-01
8.34993895e-01
8.52405372e-01
8.54676435e-01
8.69816850e-01
8.71330891e-01
8.73601954e-01
8.66031746e-01
8.76630037e-01
8.75873016e-01
8.81929182e-01
8.95555556e-01
8.59975580e-01
8.65274725e-01
8.47863248e-01
8.72087912e-01
8.76630037e-01
8.47106227e-01
8.69816850e-01
8.53162393e-01
8.68302808e-01
8.72087912e-01
8.76630037e-01
8.78144078e-01
8.63760684e-01
8.71330891e-01
8.76630037e-01
9.11452991e-01
8.86471306e-01
8.78901099e-01
8.91013431e-01
8.72844933e-01
8.79658120e-01
8.93284493e-01
8.56190476e-01
9.18266178e-01
8.78144078e-01
8.80415140e-01
8.58461538e-01
8.79658120e-01
8.64517705e-01
8.92527473e-01
8.75873016e-01
8.73601954e-01
9.03882784e-01
8.66031746e-01
8.69059829e-01
8.56190476e-01
8.71330891e-01
8.60732601e-01
8.77387057e-01
8.87228327e-01
8.55433455e-01
8.61489621e-01
8.71330891e-01
8.86471306e-01
8.83443223e-01
8.91770452e-01
8.78144078e-01
8.82686203e-01
8.73601954e-01
8.70573871e-01
8.76630037e-01
8.91013431e-01
9.26593407e-01
8.81929182e-01
9.10695971e-01
8.74358974e-01
8.21367521e-01
8.46349206e-01
8.77387057e-01
8.79658120e-01
8.75873016e-01
8.79658120e-01
8.87985348e-01
8.73601954e-01
8.34993895e-01
8.74358974e-01
8.30451770e-01
8.47106227e-01
8.84957265e-01
8.87228327e-01
8.65274725e-01
8.78144078e-01
8.45592186e-01
8.69059829e-01
8.46349206e-01
8.78901099e-01
8.66031746e-01
8.84200244e-01
8.64517705e-01
8.75873016e-01
8.67545788e-01
8.62246642e-01
8.59218559e-01
8.68302808e-01
8.38021978e-01
8.89499389e-01
8.72087912e-01
8.63003663e-01
8.76630037e-01
8.63003663e-01
8.67545788e-01
8.50891331e-01
8.80415140e-01
8.64517705e-01
8.91770452e-01
8.77387057e-01
8.83443223e-01
8.69816850e-01
8.75115995e-01
8.80415140e-01
8.63003663e-01
9.07667888e-01
8.69059829e-01
8.85714286e-01
8.77387057e-01
8.82686203e-01
8.64517705e-01
9.08424908e-01
8.64517705e-01
8.78144078e-01
8.83443223e-01
8.86471306e-01
8.84957265e-01
8.75115995e-01
8.92527473e-01
8.44078144e-01
8.44835165e-01
8.67545788e-01
8.84200244e-01
8.86471306e-01
8.65274725e-01
8.76630037e-01
8.58461538e-01
8.73601954e-01
8.74358974e-01
8.68302808e-01
8.91770452e-01
8.78901099e-01
8.91770452e-01
8.91013431e-01
8.80415140e-01
8.72087912e-01
9.09938950e-01
8.57704518e-01
8.76630037e-01
9.23565324e-01
8.82686203e-01
8.94798535e-01
8.62246642e-01
9.03882784e-01
8.88742369e-01
8.82686203e-01
8.81929182e-01
8.84200244e-01
9.24322344e-01
8.75115995e-01
8.94041514e-01
8.68302808e-01
8.89499389e-01
8.85714286e-01
8.39536020e-01
9.12210012e-01
8.72844933e-01
8.59975580e-01
8.75873016e-01
8.31208791e-01
8.60732601e-01
8.83443223e-01
8.86471306e-01
8.89499389e-01
8.77387057e-01
8.36507937e-01
8.65274725e-01
8.62246642e-01
8.66788767e-01
8.50891331e-01
8.50891331e-01
8.17582418e-01
8.74358974e-01
8.63760684e-01
8.59218559e-01
8.90256410e-01
8.65274725e-01
7.98656899e-01
8.66788767e-01
8.87985348e-01
8.72844933e-01
8.97826618e-01
8.80415140e-01
8.72087912e-01
8.90256410e-01
8.78901099e-01
8.92527473e-01
8.64517705e-01
8.59218559e-01
8.90256410e-01
8.31965812e-01
8.97826618e-01
8.70573871e-01
8.68302808e-01
8.97069597e-01
8.78901099e-01
8.83443223e-01
8.78144078e-01
8.60732601e-01
8.72087912e-01
8.59975580e-01
8.60732601e-01
8.66031746e-01
8.89499389e-01
8.81929182e-01
8.85714286e-01
8.53162393e-01
8.58461538e-01
8.72087912e-01
8.80415140e-01
8.80415140e-01
9.12967033e-01
8.65274725e-01
8.91770452e-01
8.58461538e-01
8.72844933e-01
8.71330891e-01
8.87985348e-01
8.80415140e-01
8.94798535e-01
8.78144078e-01
8.71330891e-01
9.10695971e-01
8.64517705e-01
9.04639805e-01
9.03882784e-01
8.73601954e-01
9.25836386e-01
9.37948718e-01
8.75873016e-01
8.85714286e-01
9.11452991e-01
8.83443223e-01
8.80415140e-01
8.81172161e-01
8.94798535e-01
8.58461538e-01
9.31892552e-01
8.73601954e-01
8.88742369e-01
8.39536020e-01
8.74358974e-01
8.83443223e-01
8.81172161e-01
8.59218559e-01
8.53919414e-01
8.71330891e-01
8.69059829e-01
8.71330891e-01
8.76630037e-01
8.72087912e-01
9.01611722e-01
8.66031746e-01
8.58461538e-01
8.50891331e-01
8.78901099e-01
9.40219780e-01
8.54676435e-01
8.90256410e-01
8.66788767e-01
9.13724054e-01
8.84957265e-01
8.70573871e-01
8.86471306e-01
8.93284493e-01
8.69059829e-01
8.88742369e-01
8.68302808e-01
8.95555556e-01
8.82686203e-01
8.80415140e-01
9.05396825e-01
8.87228327e-01
8.67545788e-01
8.81929182e-01
8.74358974e-01
8.75115995e-01
8.76630037e-01
8.72844933e-01
8.70573871e-01
8.74358974e-01
8.80415140e-01
8.69816850e-01
8.75115995e-01
8.66788767e-01
8.75873016e-01
8.50134310e-01
8.34236874e-01
9.02368742e-01
8.47106227e-01
9.07667888e-01
9.07667888e-01
8.72087912e-01
8.97069597e-01
8.72844933e-01
8.72087912e-01
8.89499389e-01
8.89499389e-01
8.73601954e-01
8.78144078e-01
8.80415140e-01
8.91770452e-01
8.68302808e-01
8.86471306e-01
8.55433455e-01
8.58461538e-01
9.09181929e-01
8.53162393e-01
8.51648352e-01
9.18266178e-01
8.36507937e-01
9.11452991e-01
8.64517705e-01
8.79658120e-01
8.66788767e-01
8.79658120e-01
8.86471306e-01
8.82686203e-01
8.80415140e-01
8.39536020e-01
8.74358974e-01
8.73601954e-01
8.72844933e-01
8.78144078e-01
8.15311355e-01
8.22124542e-01
9.06910867e-01
8.90256410e-01
8.40293040e-01
8.65274725e-01
8.59975580e-01
8.97069597e-01
8.94798535e-01
8.78144078e-01
8.64517705e-01
8.83443223e-01
8.76630037e-01
8.75115995e-01
8.84957265e-01
8.81929182e-01
8.86471306e-01
8.91013431e-01
9.00097680e-01
8.81172161e-01
8.59975580e-01
8.77387057e-01
8.52405372e-01
8.63003663e-01
8.75873016e-01
8.85714286e-01
8.79658120e-01
8.84200244e-01
8.87228327e-01
8.75873016e-01
8.83443223e-01
8.72844933e-01
9.20537241e-01
8.94798535e-01
9.09938950e-01
9.06910867e-01
8.69816850e-01
8.83443223e-01
8.65274725e-01
8.71330891e-01
8.73601954e-01
8.66031746e-01
8.57704518e-01
8.60732601e-01
8.59218559e-01
8.76630037e-01
8.81929182e-01
8.29694750e-01
8.62246642e-01
8.65274725e-01
8.80415140e-01
8.72087912e-01
8.63760684e-01
8.69059829e-01
9.13724054e-01
8.65274725e-01
8.80415140e-01
8.79658120e-01
8.72087912e-01
8.81929182e-01
8.76630037e-01
8.81172161e-01
8.60732601e-01
8.71330891e-01
8.66788767e-01
9.11452991e-01
8.85714286e-01
8.67545788e-01
8.71330891e-01
8.74358974e-01
8.42564103e-01
8.65274725e-01
8.83443223e-01
8.87228327e-01
8.72087912e-01
8.87228327e-01
8.72087912e-01
8.95555556e-01
8.75115995e-01
8.52405372e-01
8.60732601e-01
8.72844933e-01
8.86471306e-01
8.42564103e-01
8.91770452e-01
8.66031746e-01
8.43321123e-01
8.89499389e-01
9.02368742e-01
8.80415140e-01
8.81172161e-01
8.83443223e-01
8.80415140e-01
8.58461538e-01
8.75873016e-01
8.51648352e-01
8.91770452e-01
8.70573871e-01
8.64517705e-01
8.84200244e-01
8.84200244e-01
8.91770452e-01
8.87985348e-01
8.76630037e-01
8.41807082e-01
8.73601954e-01
8.93284493e-01
8.87228327e-01
8.89499389e-01
8.86471306e-01
8.73601954e-01
8.74358974e-01
8.84200244e-01
8.77387057e-01
9.37191697e-01
8.86471306e-01
8.75873016e-01
8.79658120e-01
8.68302808e-01
7.95628816e-01
8.64517705e-01
8.78901099e-01
8.86471306e-01
8.64517705e-01
8.76630037e-01
8.63760684e-01
8.81929182e-01
8.59975580e-01
8.81929182e-01
9.20537241e-01
8.62246642e-01
8.81172161e-01
8.66031746e-01
9.14481074e-01
8.75115995e-01
8.53919414e-01
8.88742369e-01
8.89499389e-01
8.95555556e-01
8.79658120e-01
8.79658120e-01
8.81929182e-01
8.81929182e-01
8.82686203e-01
8.66788767e-01
8.78901099e-01
8.90256410e-01
8.75873016e-01
8.69816850e-01
8.65274725e-01
8.81929182e-01
8.92527473e-01
8.87985348e-01
8.72844933e-01
8.80415140e-01
8.83443223e-01
8.62246642e-01
8.71330891e-01
8.75115995e-01
8.68302808e-01
8.72087912e-01
8.61489621e-01
8.59218559e-01
8.47863248e-01
8.56947497e-01
8.71330891e-01
8.38021978e-01
8.44835165e-01
8.72087912e-01
8.70573871e-01
9.17509158e-01
8.75115995e-01
8.67545788e-01
9.05396825e-01
8.79658120e-01
8.80415140e-01
8.71330891e-01
8.85714286e-01
8.63003663e-01
9.19780220e-01
9.15238095e-01
8.65274725e-01
8.62246642e-01
8.50134310e-01
8.62246642e-01
8.62246642e-01
8.94041514e-01
8.78901099e-01
8.64517705e-01
8.79658120e-01
8.71330891e-01
8.87985348e-01
8.81929182e-01
8.88742369e-01
8.61489621e-01
8.79658120e-01
8.64517705e-01
8.60732601e-01
8.83443223e-01
8.89499389e-01
8.55433455e-01
8.63760684e-01
8.42564103e-01
8.69059829e-01
8.90256410e-01
8.75115995e-01
8.74358974e-01
8.70573871e-01
8.92527473e-01
8.92527473e-01
8.86471306e-01
8.82686203e-01
8.85714286e-01
8.77387057e-01
8.55433455e-01
8.86471306e-01
8.68302808e-01
8.72087912e-01
8.73601954e-01
8.87985348e-01
8.88742369e-01
8.79658120e-01
8.71330891e-01
8.83443223e-01
8.87985348e-01
8.81172161e-01
8.84200244e-01
8.80415140e-01
8.77387057e-01
8.93284493e-01
8.50134310e-01
8.84957265e-01
8.98583639e-01
8.49377289e-01
8.78901099e-01
8.69059829e-01
8.83443223e-01
9.03125763e-01
8.78901099e-01
8.50891331e-01
8.56190476e-01
8.61489621e-01
8.64517705e-01
8.69059829e-01
8.51648352e-01
8.54676435e-01
8.07741148e-01
8.69059829e-01
8.66788767e-01
8.69059829e-01
8.65274725e-01
8.67545788e-01
8.69059829e-01
8.56947497e-01
8.90256410e-01
8.81929182e-01
8.63760684e-01
8.66788767e-01
8.71330891e-01
8.76630037e-01
8.63003663e-01
8.55433455e-01
8.59218559e-01
8.52405372e-01
8.44078144e-01
8.91013431e-01
8.51648352e-01
9.15995116e-01
8.43321123e-01
8.78144078e-01
8.62246642e-01
8.66031746e-01
8.66788767e-01
8.71330891e-01
8.74358974e-01
8.70573871e-01
8.56947497e-01
9.01611722e-01
8.49377289e-01
8.41807082e-01
8.95555556e-01
8.47106227e-01
8.77387057e-01
8.71330891e-01
8.56947497e-01
8.44078144e-01
8.72087912e-01
8.78144078e-01
8.64517705e-01
8.53919414e-01
8.63760684e-01
8.80415140e-01
8.59975580e-01
8.71330891e-01
8.67545788e-01
8.59975580e-01
8.82686203e-01
8.72087912e-01
8.98583639e-01
8.91013431e-01
8.51648352e-01
8.61489621e-01
8.28180708e-01
8.84200244e-01
8.92527473e-01
8.64517705e-01
8.63760684e-01
8.77387057e-01
8.55433455e-01
8.63003663e-01
8.53919414e-01
8.45592186e-01
8.34993895e-01
8.52405372e-01
8.93284493e-01
8.39536020e-01
8.68302808e-01
8.53919414e-01
8.37264957e-01
8.53919414e-01
8.47863248e-01
8.52405372e-01
8.60732601e-01
8.62246642e-01
8.34993895e-01
8.59975580e-01
8.58461538e-01
8.44835165e-01
8.39536020e-01
8.44078144e-01
8.46349206e-01
8.69816850e-01
8.47106227e-01
8.51648352e-01
7.96385836e-01
8.05470085e-01
8.41807082e-01
8.64517705e-01
8.56190476e-01
8.59218559e-01
8.53162393e-01
8.64517705e-01
8.33479853e-01
8.56190476e-01
8.43321123e-01
8.40293040e-01
8.82686203e-01
8.67545788e-01
8.31965812e-01
8.60732601e-01
8.50134310e-01
8.53162393e-01
8.22881563e-01
8.52405372e-01
8.51648352e-01
8.45592186e-01
8.43321123e-01
8.63003663e-01
8.52405372e-01
8.34236874e-01
8.50134310e-01
8.38778999e-01
8.25152625e-01
8.56190476e-01
8.16068376e-01
8.25909646e-01
8.10769231e-01
8.39536020e-01
8.39536020e-01
8.83443223e-01
8.73601954e-01
8.34993895e-01
8.52405372e-01
8.50891331e-01
8.48620269e-01
8.48620269e-01
8.35750916e-01
8.56947497e-01
8.63760684e-01
8.26666667e-01
8.42564103e-01
8.44835165e-01
8.48620269e-01
8.65274725e-01
8.74358974e-01
8.38021978e-01
8.84957265e-01
8.28180708e-01
8.42564103e-01
8.41807082e-01
8.50891331e-01
8.53162393e-01
8.44835165e-01
8.55433455e-01
8.38021978e-01
8.35750916e-01
8.76630037e-01
8.52405372e-01
8.32722833e-01
8.38021978e-01
8.34993895e-01
8.66031746e-01
8.30451770e-01
8.28180708e-01
7.90329670e-01
8.25909646e-01
8.36507937e-01
8.35750916e-01
8.62246642e-01
8.34993895e-01
8.38778999e-01
8.52405372e-01
8.28937729e-01
8.44078144e-01
8.48620269e-01
8.44078144e-01
8.52405372e-01
7.62319902e-01
8.41807082e-01
8.50134310e-01
8.38778999e-01
8.54676435e-01
8.39536020e-01
8.34993895e-01
8.42564103e-01
8.53919414e-01
8.50134310e-01
8.54676435e-01
8.53919414e-01
8.77387057e-01
8.99340659e-01
8.28937729e-01
8.53162393e-01
8.65274725e-01
8.41807082e-01
8.38021978e-01
8.47863248e-01
8.55433455e-01
8.28180708e-01
8.60732601e-01
7.56263736e-01
8.28180708e-01
8.41807082e-01
8.28180708e-01
8.61489621e-01
8.38778999e-01
8.34993895e-01
8.31208791e-01
8.45592186e-01
8.28937729e-01
8.38778999e-01
8.16068376e-01
8.50134310e-01
8.83443223e-01
8.38021978e-01
8.59975580e-01
8.69059829e-01
8.53162393e-01
8.53162393e-01
8.35750916e-01
8.47106227e-01
8.53919414e-01
8.57704518e-01
8.22124542e-01
8.56190476e-01
8.66031746e-01
8.56190476e-01
8.97826618e-01
8.56947497e-01
8.47863248e-01
8.42564103e-01
8.56947497e-01
8.58461538e-01
8.37264957e-01
8.59975580e-01
8.38778999e-01
8.63760684e-01
8.48620269e-01
8.51648352e-01
8.75115995e-01
8.28180708e-01
8.21367521e-01
8.56190476e-01
8.57704518e-01
8.35750916e-01
8.52405372e-01
8.38778999e-01
8.56190476e-01
8.40293040e-01
8.49377289e-01
8.45592186e-01
8.43321123e-01
8.48620269e-01
8.55433455e-01
8.60732601e-01
8.63003663e-01
8.19853480e-01
8.74358974e-01
8.43321123e-01
8.61489621e-01
8.56947497e-01
8.56947497e-01
8.56947497e-01
8.44835165e-01
8.31208791e-01
8.56190476e-01
8.69816850e-01
8.72844933e-01
8.76630037e-01
8.76630037e-01
8.38021978e-01
8.51648352e-01
8.72844933e-01
8.60732601e-01
8.50134310e-01
8.66788767e-01
8.53919414e-01
8.52405372e-01
8.62246642e-01
8.60732601e-01
8.56190476e-01
7.88058608e-01
8.66788767e-01
8.44078144e-01
8.50891331e-01
8.50134310e-01
8.47863248e-01
8.50891331e-01
8.75115995e-01
8.47863248e-01
8.74358974e-01
8.80415140e-01
8.32722833e-01
8.81172161e-01
8.68302808e-01
8.56947497e-01
8.95555556e-01
8.43321123e-01
8.55433455e-01
8.64517705e-01
8.55433455e-01
8.56947497e-01
8.65274725e-01
8.65274725e-01
8.59975580e-01
8.69059829e-01
9.00097680e-01
8.45592186e-01
8.56190476e-01
8.41807082e-01
8.72844933e-01
8.44835165e-01
8.70573871e-01
8.53919414e-01
8.44835165e-01
8.47863248e-01
8.72087912e-01
8.63003663e-01
8.72844933e-01
8.53162393e-01
8.47863248e-01
8.41050061e-01
8.31208791e-01
8.58461538e-01
8.45592186e-01
8.31208791e-01
8.47106227e-01
8.56947497e-01
8.41050061e-01
8.68302808e-01
8.32722833e-01
8.44078144e-01
8.56947497e-01
8.69059829e-01
8.58461538e-01
8.62246642e-01
8.71330891e-01
8.08498168e-01
7.61562882e-01
8.47106227e-01
8.72844933e-01
8.56190476e-01
8.66788767e-01
8.66031746e-01
8.56947497e-01
8.27423687e-01
8.81929182e-01
8.62246642e-01
8.38021978e-01
8.69816850e-01
8.81929182e-01
8.57704518e-01
8.69059829e-01
8.47863248e-01
8.70573871e-01
8.58461538e-01
8.66031746e-01
8.41807082e-01
8.38021978e-01
8.75873016e-01
8.50891331e-01
8.60732601e-01
8.10012210e-01
8.62246642e-01
8.55433455e-01
8.55433455e-01
8.68302808e-01
8.64517705e-01
8.43321123e-01
8.57704518e-01
8.47863248e-01
7.77460317e-01
8.68302808e-01
8.28937729e-01
8.50891331e-01
8.67545788e-01
8.75115995e-01
8.44078144e-01
8.58461538e-01
8.74358974e-01
8.12283272e-01
8.61489621e-01
8.56947497e-01
8.59218559e-01
8.77387057e-01
8.72844933e-01
8.69816850e-01
8.45592186e-01
9.00854701e-01
8.69059829e-01
8.59975580e-01
8.52405372e-01
8.51648352e-01
8.49377289e-01
8.28180708e-01
8.60732601e-01
8.53919414e-01
8.86471306e-01
8.62246642e-01
8.55433455e-01
8.56190476e-01
8.56190476e-01
8.45592186e-01
8.58461538e-01
8.35750916e-01
8.43321123e-01
8.41807082e-01
8.22124542e-01
8.50134310e-01
8.32722833e-01
8.65274725e-01
8.21367521e-01
8.44078144e-01
8.66031746e-01
8.56190476e-01
8.38021978e-01
8.53162393e-01
8.27423687e-01
8.58461538e-01
8.72844933e-01
8.53919414e-01
8.59975580e-01
8.52405372e-01
8.80415140e-01
8.13797314e-01
8.61489621e-01
8.41050061e-01
8.80415140e-01
8.46349206e-01
8.41050061e-01
8.38021978e-01
8.17582418e-01
8.44078144e-01
8.57704518e-01
8.47106227e-01
8.37264957e-01
8.55433455e-01
8.25909646e-01
8.24395604e-01
8.47863248e-01
8.43321123e-01
8.76630037e-01
8.76630037e-01
8.33479853e-01
8.81929182e-01
8.22881563e-01
8.38778999e-01
8.53919414e-01
8.24395604e-01
8.34993895e-01
8.47106227e-01
8.40293040e-01
8.47863248e-01
8.59975580e-01
8.53162393e-01
8.40293040e-01
8.45592186e-01
8.53919414e-01
8.81929182e-01
8.47106227e-01
8.56190476e-01
7.73675214e-01
8.13797314e-01
8.50891331e-01
8.70573871e-01
8.46349206e-01
8.40293040e-01
8.43321123e-01
8.40293040e-01
8.44078144e-01
8.52405372e-01
8.35750916e-01
8.34236874e-01
8.41807082e-01
8.19096459e-01
8.34236874e-01
8.33479853e-01
8.51648352e-01
8.37264957e-01
8.32722833e-01
8.22881563e-01
8.35750916e-01
8.47863248e-01
8.47863248e-01
8.30451770e-01
8.22881563e-01
8.22881563e-01
8.06984127e-01
8.32722833e-01
8.23638584e-01
8.25909646e-01
8.35750916e-01
8.13797314e-01
8.25909646e-01
8.17582418e-01
8.15311355e-01
8.87985348e-01
8.49377289e-01
8.50891331e-01
8.30451770e-01
8.33479853e-01
8.28180708e-01
8.30451770e-01
8.30451770e-01
8.30451770e-01
8.62246642e-01
8.74358974e-01
8.24395604e-01
8.37264957e-01
8.14554335e-01
8.24395604e-01
8.36507937e-01
8.25152625e-01
8.31208791e-01
8.29694750e-01
8.08498168e-01
8.22124542e-01
8.11526252e-01
8.61489621e-01
8.17582418e-01
8.17582418e-01
8.28937729e-01
8.00927961e-01
8.07741148e-01
7.77460317e-01
8.47106227e-01
8.24395604e-01
7.89572650e-01
8.30451770e-01
8.18339438e-01
8.31208791e-01
8.10012210e-01
8.06227106e-01
7.88058608e-01
8.16068376e-01
8.13797314e-01
8.10012210e-01
8.31965812e-01
8.23638584e-01
8.27423687e-01
8.15311355e-01
8.78901099e-01
8.27423687e-01
8.16068376e-01
8.22881563e-01
8.14554335e-01
8.22124542e-01
7.92600733e-01
8.19096459e-01
8.17582418e-01
8.19853480e-01
8.28937729e-01
8.13797314e-01
8.35750916e-01
8.34993895e-01
8.17582418e-01
8.28937729e-01
8.34993895e-01
7.98656899e-01
8.27423687e-01
8.10012210e-01
8.10769231e-01
7.98656899e-01
8.39536020e-01
8.19853480e-01
8.01684982e-01
8.21367521e-01
8.18339438e-01
8.19096459e-01
8.19853480e-01
8.19096459e-01
8.19853480e-01
8.41050061e-01
8.14554335e-01
7.78217338e-01
8.30451770e-01
8.44835165e-01
8.53162393e-01
8.27423687e-01
8.25909646e-01
8.14554335e-01
8.34236874e-01
8.15311355e-01
8.29694750e-01
8.46349206e-01
8.45592186e-01
8.28937729e-01
8.22124542e-01
8.34236874e-01
8.29694750e-01
8.22124542e-01
8.26666667e-01
8.31208791e-01
8.36507937e-01
8.23638584e-01
8.23638584e-01
8.58461538e-01
8.35750916e-01
8.25909646e-01
8.38021978e-01
8.26666667e-01
8.27423687e-01
8.38778999e-01
8.40293040e-01
8.18339438e-01
8.87985348e-01
8.13797314e-01
8.15311355e-01
8.44078144e-01
7.80488400e-01
8.33479853e-01
7.92600733e-01
8.30451770e-01
7.98656899e-01
8.10012210e-01
8.53162393e-01
8.34993895e-01
8.32722833e-01
8.26666667e-01
8.49377289e-01
8.13797314e-01
8.25909646e-01
8.31965812e-01
8.38021978e-01
8.40293040e-01
7.95628816e-01
8.44835165e-01
8.34236874e-01
8.28937729e-01
8.31965812e-01
8.38778999e-01
8.47106227e-01
8.34993895e-01
8.34236874e-01
8.28937729e-01
8.43321123e-01
8.28937729e-01
8.31965812e-01
8.19853480e-01
8.20610501e-01
8.69816850e-01
8.44078144e-01
8.12283272e-01
8.03199023e-01
8.26666667e-01
8.17582418e-01
8.26666667e-01
8.07741148e-01
8.30451770e-01
8.24395604e-01
8.20610501e-01
8.44078144e-01
8.30451770e-01
7.65347985e-01
8.38021978e-01
8.30451770e-01
8.50134310e-01
8.58461538e-01
8.27423687e-01
8.35750916e-01
8.34236874e-01
8.38021978e-01
8.38021978e-01
8.53919414e-01
8.59975580e-01
8.71330891e-01
8.41050061e-01
8.62246642e-01
8.49377289e-01
8.36507937e-01
8.55433455e-01
8.50891331e-01
8.44078144e-01
8.50891331e-01
8.50134310e-01
8.41807082e-01
8.25152625e-01
8.21367521e-01
8.45592186e-01
8.44078144e-01
8.56190476e-01
8.89499389e-01
8.50134310e-01
8.59218559e-01
8.31965812e-01
8.22881563e-01
8.23638584e-01
8.28937729e-01
8.50891331e-01
8.22881563e-01
8.21367521e-01
7.95628816e-01
8.29694750e-01
8.59218559e-01
8.39536020e-01
8.22124542e-01
8.10769231e-01
8.31208791e-01
8.43321123e-01
8.43321123e-01
8.54676435e-01
8.42564103e-01
8.38021978e-01
8.34993895e-01
8.60732601e-01
8.56190476e-01
8.65274725e-01
8.34236874e-01
8.26666667e-01
8.19853480e-01
8.12283272e-01
8.73601954e-01
8.07741148e-01
8.00927961e-01
8.35750916e-01
8.16825397e-01
8.54676435e-01
8.42564103e-01
8.31208791e-01
8.28937729e-01
8.44835165e-01
8.51648352e-01
8.30451770e-01
8.46349206e-01
8.68302808e-01
8.41050061e-01
8.32722833e-01
8.03956044e-01
8.41050061e-01
8.34236874e-01
8.40293040e-01
8.29694750e-01
8.73601954e-01
8.42564103e-01
8.32722833e-01
8.41050061e-01
8.31208791e-01
8.58461538e-01
8.38778999e-01
8.30451770e-01
8.45592186e-01
9.02368742e-01
8.45592186e-01
8.38778999e-01
8.63003663e-01
8.35750916e-01
8.58461538e-01
8.38021978e-01
8.43321123e-01
8.50891331e-01
8.47106227e-01
8.41807082e-01
8.38021978e-01
8.53919414e-01
8.48620269e-01
8.37264957e-01
8.53919414e-01
8.66031746e-01
8.44078144e-01
8.22881563e-01
8.46349206e-01
8.34236874e-01
8.33479853e-01
8.56947497e-01
8.35750916e-01
8.47863248e-01
8.28937729e-01
8.31208791e-01
8.38778999e-01
8.34993895e-01
8.23638584e-01
8.34236874e-01
8.25152625e-01
8.34236874e-01
8.83443223e-01
8.41050061e-01
8.34993895e-01
8.63003663e-01
8.46349206e-01
8.34993895e-01
8.38778999e-01
8.22124542e-01
8.34993895e-01
8.34993895e-01
8.57704518e-01
8.25909646e-01
8.38021978e-01
8.74358974e-01
8.51648352e-01
8.56190476e-01
8.19853480e-01
8.41050061e-01
8.53919414e-01
8.27423687e-01
8.43321123e-01
8.41050061e-01
8.44078144e-01
8.42564103e-01
8.38021978e-01
8.31208791e-01
8.66031746e-01
8.31208791e-01
8.41050061e-01
8.34993895e-01
8.32722833e-01
8.23638584e-01
8.59975580e-01
8.11526252e-01
8.14554335e-01
8.55433455e-01
8.30451770e-01
8.31965812e-01
8.40293040e-01
8.31965812e-01
8.22881563e-01
8.34993895e-01
8.32722833e-01
8.41807082e-01
8.47863248e-01
8.36507937e-01
8.63003663e-01
8.41050061e-01
8.26666667e-01
8.13040293e-01
8.66788767e-01
8.87228327e-01
8.70573871e-01
8.54676435e-01
8.50134310e-01
8.44835165e-01
8.60732601e-01
8.48620269e-01
8.35750916e-01
8.46349206e-01
8.46349206e-01
8.53162393e-01
8.53162393e-01
8.57704518e-01
8.80415140e-01
8.69059829e-01
8.48620269e-01
8.38021978e-01
8.28180708e-01
8.43321123e-01
8.34993895e-01
8.34236874e-01
8.33479853e-01
8.53162393e-01
8.12283272e-01
8.31965812e-01
8.13797314e-01
8.07741148e-01
8.16825397e-01
8.17582418e-01
8.34993895e-01
8.45592186e-01
8.53162393e-01
8.22124542e-01
8.28937729e-01
8.68302808e-01
8.07741148e-01
8.41807082e-01
7.77460317e-01
8.47106227e-01
8.13797314e-01
8.40293040e-01
8.22881563e-01
8.38778999e-01
8.37264957e-01
8.31965812e-01
8.40293040e-01
8.43321123e-01
8.31208791e-01
8.20610501e-01
8.38021978e-01
8.41807082e-01
8.15311355e-01
8.72087912e-01
8.45592186e-01
8.42564103e-01
8.32722833e-01
8.44835165e-01
8.31965812e-01
8.39536020e-01
8.42564103e-01
8.41050061e-01
8.39536020e-01
8.49377289e-01
8.47106227e-01
8.31965812e-01
8.20610501e-01
8.25152625e-01
8.66031746e-01
8.62246642e-01
8.27423687e-01
8.37264957e-01
8.31208791e-01
8.24395604e-01
8.38021978e-01
8.42564103e-01
8.23638584e-01
8.47106227e-01
8.47106227e-01
8.47863248e-01
8.31965812e-01
8.34993895e-01
8.32722833e-01
8.71330891e-01
8.06984127e-01
8.22124542e-01
8.22881563e-01
8.44078144e-01
8.29694750e-01
8.39536020e-01
8.60732601e-01
8.43321123e-01
8.39536020e-01
8.22881563e-01
8.34993895e-01
8.42564103e-01
8.39536020e-01
8.39536020e-01
8.28937729e-01
8.09255189e-01
8.54676435e-01
8.84957265e-01
8.75115995e-01
8.35750916e-01
8.33479853e-01
8.31965812e-01
8.87228327e-01
8.30451770e-01
8.28180708e-01
8.22124542e-01
8.39536020e-01
8.44078144e-01
8.28937729e-01
8.26666667e-01
8.28180708e-01
8.33479853e-01
8.37264957e-01
8.41050061e-01
8.38021978e-01
8.49377289e-01
8.53919414e-01
8.47863248e-01
8.71330891e-01
8.43321123e-01
8.41807082e-01
8.25152625e-01
8.45592186e-01
8.34236874e-01
8.40293040e-01
8.26666667e-01
8.44835165e-01
8.81929182e-01
8.53919414e-01
8.18339438e-01
8.22124542e-01
8.31208791e-01
8.51648352e-01
8.03956044e-01
8.38021978e-01
8.30451770e-01
8.50891331e-01
8.53919414e-01
8.50891331e-01
8.47863248e-01
8.25909646e-01
8.37264957e-01
8.38021978e-01
8.31208791e-01
8.43321123e-01
8.22881563e-01
8.66031746e-01
8.24395604e-01
8.38021978e-01
8.75115995e-01
8.36507937e-01
8.45592186e-01
8.43321123e-01
8.46349206e-01
8.59218559e-01
8.44078144e-01
8.47106227e-01
8.70573871e-01
8.65274725e-01
8.06227106e-01
8.73601954e-01
8.79658120e-01
8.56190476e-01
8.47863248e-01
8.74358974e-01
8.14554335e-01
8.66788767e-01
8.44078144e-01
8.53919414e-01
8.78901099e-01
8.87985348e-01
8.53919414e-01
8.52405372e-01
8.42564103e-01
8.74358974e-01
8.59975580e-01
8.66031746e-01
8.68302808e-01
9.15238095e-01
8.41807082e-01
8.47106227e-01
8.23638584e-01
8.31965812e-01
9.02368742e-01
8.38021978e-01
7.31282051e-01
8.61489621e-01
8.44835165e-01
8.62246642e-01
8.28180708e-01
8.44835165e-01
8.36507937e-01
8.70573871e-01
8.62246642e-01
8.62246642e-01
8.31208791e-01
8.48620269e-01
8.52405372e-01
8.76630037e-01
8.66788767e-01
8.56947497e-01
8.21367521e-01
8.59218559e-01
8.41807082e-01
8.84200244e-01
8.57704518e-01
8.63003663e-01
8.53919414e-01
8.69059829e-01
8.68302808e-01
8.75873016e-01
8.68302808e-01
8.34236874e-01
8.59975580e-01
8.28937729e-01
8.66031746e-01
8.44078144e-01
8.46349206e-01
8.71330891e-01
8.63760684e-01
8.36507937e-01
8.60732601e-01
8.64517705e-01
8.54676435e-01
8.53919414e-01
8.52405372e-01
8.47863248e-01
8.58461538e-01
8.73601954e-01
8.51648352e-01
8.96312576e-01
8.56947497e-01
8.44078144e-01
8.52405372e-01
9.04639805e-01
8.57704518e-01
8.40293040e-01
8.59975580e-01
8.69816850e-01
8.44078144e-01
8.59975580e-01
8.61489621e-01
8.66788767e-01
8.71330891e-01
8.76630037e-01
8.74358974e-01
8.54676435e-01
8.59975580e-01
8.64517705e-01
8.84200244e-01
8.63760684e-01
8.84200244e-01
8.69059829e-01
8.83443223e-01
8.67545788e-01
8.73601954e-01
8.78144078e-01
8.52405372e-01
8.64517705e-01
8.74358974e-01
8.63003663e-01
8.61489621e-01
8.98583639e-01
8.28937729e-01
8.34236874e-01
8.67545788e-01
8.44078144e-01
8.38021978e-01
8.78144078e-01
8.72087912e-01
8.53162393e-01
8.50891331e-01
8.38778999e-01
8.48620269e-01
8.52405372e-01
8.57704518e-01
8.18339438e-01
8.66031746e-01
8.75873016e-01
8.76630037e-01
8.62246642e-01
8.40293040e-01
8.65274725e-01
8.94041514e-01
8.39536020e-01
8.59218559e-01
8.59975580e-01
8.52405372e-01
8.59218559e-01
8.75115995e-01
8.80415140e-01
8.62246642e-01
8.65274725e-01
8.69059829e-01
8.75115995e-01
8.66031746e-01
8.87985348e-01
8.87228327e-01
8.66031746e-01
8.55433455e-01
8.54676435e-01
8.62246642e-01
8.84200244e-01
8.36507937e-01
8.53162393e-01
8.66788767e-01
8.55433455e-01
8.61489621e-01
8.61489621e-01
8.59975580e-01
8.40293040e-01
8.95555556e-01
8.33479853e-01
9.01611722e-01
8.56190476e-01
8.57704518e-01
8.57704518e-01
8.83443223e-01
8.86471306e-01
8.78144078e-01
8.76630037e-01
8.78901099e-01
8.71330891e-01
8.71330891e-01
8.61489621e-01
8.83443223e-01
8.91770452e-01
8.56947497e-01
8.94798535e-01
9.06153846e-01
8.52405372e-01
9.56117216e-01
