3.23983988e-01 3.95997015e-01 4.05359929e-01 1.00000000e+00
4.91640130e-01 5.00596050e-01 4.58888850e-01 1.00000000e+00
4.54344403e-01 4.53280610e-01 4.04063874e-01 1.00000000e+00
4.05414611e-01 4.07854802e-01 3.59932813e-01 1.00000000e+00
3.69094027e-01 3.76311953e-01 3.24253771e-01 1.00000000e+00
3.30554875e-01 3.35857508e-01 2.77036311e-01 1.00000000e+00
3.08345873e-01 3.12995299e-01 2.53070651e-01 1.00000000e+00
3.05110170e-01 3.08980415e-01 2.49083762e-01 1.00000000e+00
3.10641425e-01 3.14961916e-01 2.59626040e-01 1.00000000e+00
3.24981629e-01 3.30799827e-01 2.74614783e-01 1.00000000e+00
3.42130618e-01 3.47561559e-01 3.01587524e-01 1.00000000e+00
3.39604111e-01 3.45025720e-01 3.01370566e-01 1.00000000e+00
3.34884697e-01 3.40005366e-01 2.93226488e-01 1.00000000e+00
3.24426404e-01 3.24519719e-01 2.69711073e-01 1.00000000e+00
3.01403226e-01 3.05870689e-01 2.48925126e-01 1.00000000e+00
3.02128752e-01 3.03617128e-01 2.41133312e-01 1.00000000e+00
3.06236950e-01 3.09325681e-01 2.51080706e-01 1.00000000e+00
3.27624780e-01 3.32694125e-01 2.74124879e-01 1.00000000e+00
3.79015759e-01 3.87579755e-01 3.35008340e-01 1.00000000e+00
4.32324363e-01 4.42211102e-01 3.94807013e-01 1.00000000e+00
4.68110718e-01 4.82303951e-01 4.41760857e-01 1.00000000e+00
5.05945341e-01 5.22291820e-01 4.83782996e-01 1.00000000e+00
5.17019515e-01 5.33419650e-01 4.96849448e-01 1.00000000e+00
5.16298655e-01 5.30937467e-01 4.90450362e-01 1.00000000e+00
5.01722831e-01 5.13517864e-01 4.72757812e-01 1.00000000e+00
4.56534976e-01 4.65171292e-01 4.20258716e-01 1.00000000e+00
4.26793109e-01 4.33145537e-01 3.82223466e-01 1.00000000e+00
3.84421038e-01 3.90929769e-01 3.40777548e-01 1.00000000e+00
3.39083879e-01 3.44570809e-01 2.87937852e-01 1.00000000e+00
3.09253362e-01 3.13158601e-01 2.55807118e-01 1.00000000e+00
2.99089011e-01 3.03138888e-01 2.44446000e-01 1.00000000e+00
3.03719775e-01 3.09148383e-01 2.53833502e-01 1.00000000e+00
3.10030211e-01 3.16011711e-01 2.59535057e-01 1.00000000e+00
2.95645682e-01 2.98176856e-01 2.39446641e-01 1.00000000e+00
2.94015000e-01 2.96441194e-01 2.33873395e-01 1.00000000e+00
3.00190130e-01 3.02406364e-01 2.34008702e-01 1.00000000e+00
3.08065927e-01 3.10286827e-01 2.44632630e-01 1.00000000e+00
3.74114381e-01 3.78840793e-01 3.25095940e-01 1.00000000e+00
4.57531115e-01 4.59896653e-01 4.24908143e-01 1.00000000e+00
4.98783404e-01 5.04921207e-01 4.68903897e-01 1.00000000e+00
5.42895802e-01 5.62377670e-01 5.27116212e-01 1.00000000e+00
5.83669851e-01 6.06532060e-01 5.74681270e-01 1.00000000e+00
5.99085512e-01 6.20783614e-01 5.95765826e-01 1.00000000e+00
5.82225799e-01 6.02300218e-01 5.68377833e-01 1.00000000e+00
5.82627054e-01 6.00786180e-01 5.69665582e-01 1.00000000e+00
5.85335526e-01 6.02118254e-01 5.69145350e-01 1.00000000e+00
5.82909333e-01 5.99969673e-01 5.75250493e-01 1.00000000e+00
5.78959770e-01 5.97440832e-01 5.65988965e-01 1.00000000e+00
5.74275350e-01 5.95208268e-01 5.71776837e-01 1.00000000e+00
5.64313959e-01 5.84297395e-01 5.58470098e-01 1.00000000e+00
5.33671601e-01 5.52985501e-01 5.22669746e-01 1.00000000e+00
4.78559681e-01 4.90191413e-01 4.54899628e-01 1.00000000e+00
4.22995183e-01 4.35993981e-01 3.91580642e-01 1.00000000e+00
3.91461665e-01 4.02111255e-01 3.51604437e-01 1.00000000e+00
3.49577166e-01 3.58369785e-01 3.02518342e-01 1.00000000e+00
3.49796456e-01 3.58304464e-01 2.99625573e-01 1.00000000e+00
3.51326825e-01 3.56918734e-01 2.97271699e-01 1.00000000e+00
3.80179865e-01 3.86847231e-01 3.31760973e-01 1.00000000e+00
4.11370449e-01 4.21898730e-01 3.73909088e-01 1.00000000e+00
4.50812425e-01 4.66083447e-01 4.19925115e-01 1.00000000e+00
4.95230430e-01 5.10772066e-01 4.78953937e-01 1.00000000e+00
5.40947849e-01 5.60597683e-01 5.25207918e-01 1.00000000e+00
5.68415159e-01 5.87722061e-01 5.53979307e-01 1.00000000e+00
5.72835964e-01 5.92194189e-01 5.56659785e-01 1.00000000e+00
5.83550874e-01 5.94335771e-01 5.68433822e-01 1.00000000e+00
5.84404708e-01 6.02568499e-01 5.69954859e-01 1.00000000e+00
6.03438663e-01 6.26622809e-01 5.95873138e-01 1.00000000e+00
6.15702605e-01 6.30973627e-01 6.09662782e-01 1.00000000e+00
6.15681609e-01 6.32291703e-01 6.06501732e-01 1.00000000e+00
5.99752715e-01 6.24208279e-01 5.95245594e-01 1.00000000e+00
5.96414366e-01 6.11398444e-01 5.81994844e-01 1.00000000e+00
5.83896140e-01 6.03914570e-01 5.71275268e-01 1.00000000e+00
5.76251298e-01 5.94874666e-01 5.60933618e-01 1.00000000e+00
5.72821966e-01 5.83543876e-01 5.56102227e-01 1.00000000e+00
5.57877547e-01 5.75689074e-01 5.38617303e-01 1.00000000e+00
5.43691314e-01 5.55122418e-01 5.24790333e-01 1.00000000e+00
5.06544890e-01 5.16286991e-01 4.83664019e-01 1.00000000e+00
5.33806908e-01 5.53941981e-01 5.26071083e-01 1.00000000e+00
5.44356184e-01 5.64390944e-01 5.29549405e-01 1.00000000e+00
5.52943509e-01 5.72208419e-01 5.41118149e-01 1.00000000e+00
5.59734518e-01 5.78327559e-01 5.43500017e-01 1.00000000e+00
5.71592539e-01 5.83651188e-01 5.52530590e-01 1.00000000e+00
5.78728815e-01 5.89012143e-01 5.59295937e-01 1.00000000e+00
5.85582811e-01 5.98632933e-01 5.73794777e-01 1.00000000e+00
5.95964120e-01 6.12525224e-01 5.87080519e-01 1.00000000e+00
5.95821815e-01 6.21768089e-01 5.91683288e-01 1.00000000e+00
6.02188240e-01 6.27968879e-01 6.00230955e-01 1.00000000e+00
6.05736548e-01 6.32809602e-01 6.07560859e-01 1.00000000e+00
6.06735020e-01 6.29170312e-01 5.95490546e-01 1.00000000e+00
6.05643233e-01 6.25927611e-01 5.91256372e-01 1.00000000e+00
6.10745238e-01 6.23636724e-01 5.96670982e-01 1.00000000e+00
6.05027353e-01 6.18523055e-01 5.91694953e-01 1.00000000e+00
6.00100314e-01 6.14963082e-01 5.91048745e-01 1.00000000e+00
5.87297477e-01 6.10749904e-01 5.84306727e-01 1.00000000e+00
5.85405513e-01 6.03301023e-01 5.82676045e-01 1.00000000e+00
5.77546045e-01 5.95023970e-01 5.74914558e-01 1.00000000e+00
5.69532608e-01 5.85734448e-01 5.54889130e-01 1.00000000e+00
5.60516033e-01 5.74039729e-01 5.42753496e-01 1.00000000e+00
5.51469130e-01 5.61484177e-01 5.26675298e-01 1.00000000e+00
5.59097643e-01 5.77667355e-01 5.45912214e-01 1.00000000e+00
5.63219839e-01 5.84313725e-01 5.46530427e-01 1.00000000e+00
5.73857764e-01 5.89170778e-01 5.63980357e-01 1.00000000e+00
5.81413958e-01 5.97051242e-01 5.72905950e-01 1.00000000e+00
5.85750779e-01 6.04668090e-01 5.80189196e-01 1.00000000e+00
5.92985035e-01 6.10078035e-01 5.85627136e-01 1.00000000e+00
5.91823261e-01 6.15450654e-01 5.83361911e-01 1.00000000e+00
6.04808062e-01 6.19346561e-01 5.87005867e-01 1.00000000e+00
6.05199986e-01 6.25782972e-01 5.97076903e-01 1.00000000e+00
6.18063478e-01 6.31631499e-01 6.06413083e-01 1.00000000e+00
6.19827134e-01 6.42164445e-01 6.14720463e-01 1.00000000e+00
6.02715470e-01 6.20464010e-01 5.94863002e-01 1.00000000e+00
6.05104338e-01 6.24716847e-01 6.04493124e-01 1.00000000e+00
6.02258226e-01 6.22997515e-01 5.99519427e-01 1.00000000e+00
5.97121228e-01 6.15721268e-01 5.90740806e-01 1.00000000e+00
5.84493357e-01 6.08281718e-01 5.77597369e-01 1.00000000e+00
5.83000315e-01 5.98775239e-01 5.65461735e-01 1.00000000e+00
5.72605009e-01 5.93027026e-01 5.47351600e-01 1.00000000e+00
5.69523276e-01 5.83702511e-01 5.45370986e-01 1.00000000e+00
5.64283631e-01 5.78959770e-01 5.39216853e-01 1.00000000e+00
5.59477902e-01 5.76435595e-01 5.36249431e-01 1.00000000e+00
5.45240345e-01 5.71018651e-01 5.34964015e-01 1.00000000e+00
5.48263755e-01 5.74275350e-01 5.38276703e-01 1.00000000e+00
5.50111395e-01 5.73897423e-01 5.36965625e-01 1.00000000e+00
5.60560357e-01 5.77184449e-01 5.41435420e-01 1.00000000e+00
5.67059757e-01 5.81558596e-01 5.51634765e-01 1.00000000e+00
5.67614982e-01 5.88440587e-01 5.48772323e-01 1.00000000e+00
5.79687628e-01 5.94020833e-01 5.57690917e-01 1.00000000e+00
5.87948350e-01 6.02526507e-01 5.71935473e-01 1.00000000e+00
5.97146890e-01 6.13983273e-01 5.87645076e-01 1.00000000e+00
6.04010218e-01 6.24299262e-01 6.02479850e-01 1.00000000e+00
6.08881268e-01 6.30940967e-01 6.12604542e-01 1.00000000e+00
6.05666562e-01 6.35217133e-01 6.07868799e-01 1.00000000e+00
6.06898321e-01 6.31948770e-01 6.00067653e-01 1.00000000e+00
6.12564883e-01 6.29123654e-01 6.04220177e-01 1.00000000e+00
6.12238280e-01 6.29331280e-01 6.02225566e-01 1.00000000e+00
6.08587325e-01 6.23746369e-01 5.96887940e-01 1.00000000e+00
6.04817394e-01 6.21838075e-01 5.93745553e-01 1.00000000e+00
6.01644679e-01 6.18812332e-01 5.93344298e-01 1.00000000e+00
5.95490546e-01 6.14480176e-01 5.89823984e-01 1.00000000e+00
5.88816181e-01 6.09387503e-01 5.83821488e-01 1.00000000e+00
5.76909169e-01 6.03886575e-01 5.74331339e-01 1.00000000e+00
5.71536550e-01 5.97594802e-01 5.65382417e-01 1.00000000e+00
5.71746509e-01 5.85645799e-01 5.52675228e-01 1.00000000e+00
5.65802335e-01 5.84547013e-01 5.45727916e-01 1.00000000e+00
5.74748924e-01 5.90117927e-01 5.51749076e-01 1.00000000e+00
5.81423289e-01 5.96710641e-01 5.62016074e-01 1.00000000e+00
5.88690205e-01 6.07028963e-01 5.78157259e-01 1.00000000e+00
5.96731637e-01 6.16850381e-01 5.84397709e-01 1.00000000e+00
6.03942565e-01 6.25517024e-01 6.00940150e-01 1.00000000e+00
6.08722632e-01 6.31820462e-01 6.09828417e-01 1.00000000e+00
6.14984078e-01 6.36600530e-01 6.10115361e-01 1.00000000e+00
6.18562714e-01 6.36980789e-01 6.08594324e-01 1.00000000e+00
6.21492809e-01 6.37167419e-01 6.08867271e-01 1.00000000e+00
6.23331117e-01 6.38224213e-01 6.15511309e-01 1.00000000e+00
