-1.68089203e+01 4.60525070e+01 2.68117449e+00
-1.68373047e+01 4.85706693e+01 2.81145138e+00
-1.65795294e+01 5.04669137e+01 2.90520532e+00
-1.58825980e+01 5.11380776e+01 2.92856977e+00
-1.52632689e+01 5.21245593e+01 2.97044043e+00
-1.39599678e+01 5.07207554e+01 2.87710944e+00
-1.27347461e+01 4.93982207e+01 2.78996009e+00
-1.10980883e+01 4.61441324e+01 2.59562476e+00
-9.05847158e+00 4.05562807e+01 2.27270998e+00
-7.66789564e+00 3.71639363e+01 2.07533830e+00
-6.73623910e+00 3.55641510e+01 1.97961579e+00
-6.00494819e+00 3.47912029e+01 1.93089378e+00
-5.36736075e+00 3.44320930e+01 1.90586153e+00
-4.75732056e+00 3.41638782e+01 1.88647886e+00
-4.11975587e+00 3.35778218e+01 1.85016926e+00
-3.53318614e+00 3.32686942e+01 1.82972436e+00
-2.96394168e+00 3.30180877e+01 1.81304750e+00
-2.41361041e+00 3.28915532e+01 1.80370289e+00
-1.86722660e+00 3.27390583e+01 1.79343587e+00
-1.31015615e+00 3.21773787e+01 1.76126552e+00
-7.80528976e-01 3.19608920e+01 1.74848871e+00
-2.57620300e-01 3.16524932e+01 1.73115829e+00
2.56174456e-01 3.14748497e+01 1.72144250e+00
7.73494111e-01 3.16728302e+01 1.73272968e+00
1.26796928e+00 3.11412709e+01 1.70455297e+00
1.75171007e+00 3.07136468e+01 1.68248444e+00
2.26537865e+00 3.08715202e+01 1.69292857e+00
2.76301623e+00 3.07797933e+01 1.69014110e+00
3.31447981e+00 3.12093422e+01 1.71646333e+00
3.86187716e+00 3.14759969e+01 1.73435675e+00
4.42737649e+00 3.17944417e+01 1.75564208e+00
5.03192336e+00 3.22802326e+01 1.78675323e+00
5.67550467e+00 3.28824876e+01 1.82496107e+00
6.26994221e+00 3.31023244e+01 1.84258254e+00
7.05965124e+00 3.42159625e+01 1.91071518e+00
7.81488534e+00 3.49885388e+01 1.96070251e+00
9.03791383e+00 3.75782460e+01 2.11379044e+00
1.03670481e+01 4.02138940e+01 2.27123887e+00
1.18304324e+01 4.29835137e+01 2.43821828e+00
1.25907745e+01 4.29979042e+01 2.45033655e+00
1.33497647e+01 4.29829744e+01 2.46154423e+00
1.42880110e+01 4.34916940e+01 2.50366609e+00
1.53831092e+01 4.43757432e+01 2.56863342e+00
1.65959834e+01 4.54691096e+01 3.31086734e+00
1.70718175e+01 4.92471699e+01 3.56526072e+00
1.60493864e+01 4.88531960e+01 3.51735816e+00
1.42220612e+01 4.57915557e+01 3.27982071e+00
1.27001170e+01 4.33713124e+01 3.09125294e+00
1.15263868e+01 4.18788247e+01 2.97110966e+00
1.07584823e+01 4.17322715e+01 2.94789653e+00
9.93947697e+00 4.13268059e+01 2.90744021e+00
9.11857611e+00 4.08253787e+01 2.86134120e+00
7.78425584e+00 3.77278985e+01 2.63501648e+00
6.79866612e+00 3.58937361e+01 2.49885270e+00
5.96813411e+00 3.45779111e+01 2.40016567e+00
5.21687915e+00 3.34667403e+01 2.31683371e+00
4.54702365e+00 3.26536672e+01 2.25512317e+00
3.96614495e+00 3.23258252e+01 2.22772762e+00
3.39844507e+00 3.19999641e+01 2.20116670e+00
2.83893698e+00 3.16255448e+01 2.17194492e+00
2.28483940e+00 3.11367222e+01 2.13553669e+00
1.76498977e+00 3.09464866e+01 2.12023768e+00
1.26425071e+00 3.10499430e+01 2.12563409e+00
7.58244738e-01 3.10484030e+01 2.12440216e+00
2.51654949e-01 3.09195610e+01 2.11502596e+00
-2.53359125e-01 3.11289443e+01 2.12934865e+00
-7.57521724e-01 3.10187972e+01 2.12237647e+00
-1.27720195e+00 3.13680250e+01 2.14740952e+00
-1.79793840e+00 3.15241922e+01 2.15981804e+00
-2.34532234e+00 3.19609555e+01 2.19206739e+00
-2.88072435e+00 3.20910529e+01 2.20391459e+00
-3.43728057e+00 3.23656415e+01 2.22632039e+00
-3.98127651e+00 3.24491542e+01 2.23622681e+00
-4.55515366e+00 3.27120514e+01 2.25915529e+00
-5.12305243e+00 3.28648336e+01 2.27516494e+00
-5.78463399e+00 3.35147562e+01 2.32636862e+00
-6.33495104e+00 3.34455402e+01 2.32841402e+00
-7.01434045e+00 3.39963550e+01 2.37439558e+00
-7.87841750e+00 3.52729828e+01 2.47218868e+00
-8.76418949e+00 3.64401426e+01 2.56365169e+00
-9.91974472e+00 3.84787993e+01 2.71807679e+00
-1.20284801e+01 4.37030807e+01 3.10053223e+00
-1.34472271e+01 4.59227177e+01 3.27310216e+00
-1.51073102e+01 4.86418405e+01 3.48397240e+00
-1.59828341e+01 4.86506153e+01 3.50277264e+00
-1.66192868e+01 4.79417519e+01 3.47075467e+00
-1.68494551e+01 4.61635627e+01 4.03648909e+00
-1.65917687e+01 4.78623703e+01 4.16086240e+00
-1.58908493e+01 4.83706201e+01 4.18200360e+00
-1.56136825e+01 5.02722356e+01 4.32386414e+00
-1.50012189e+01 5.12296503e+01 4.38462549e+00
-1.38632372e+01 5.03693042e+01 4.29110641e+00
-1.22153467e+01 4.73834649e+01 4.01926056e+00
-1.03621395e+01 4.30841713e+01 3.63978584e+00
-8.68197370e+00 3.88706373e+01 3.27144951e+00
-7.41776873e+00 3.59516480e+01 3.01521759e+00
-6.56699491e+00 3.46706218e+01 2.89842960e+00
-5.92627478e+00 3.43353884e+01 2.86196004e+00
-5.23561655e+00 3.35869424e+01 2.79210055e+00
-4.66020929e+00 3.34664904e+01 2.77541295e+00
-4.03923717e+00 3.29215590e+01 2.72440706e+00
-3.42806104e+00 3.22788299e+01 2.66624689e+00
-2.88240525e+00 3.21097780e+01 2.64805640e+00
-2.33081087e+00 3.17631999e+01 2.61599874e+00
-1.81752958e+00 3.18676945e+01 2.62182064e+00
-1.26790283e+00 3.11396390e+01 2.55988471e+00
-7.64824997e-01 3.13178497e+01 2.57317035e+00
-2.54073838e-01 3.12167575e+01 2.56418473e+00
2.50968668e-01 3.08352411e+01 2.53284648e+00
7.58367270e-01 3.10534204e+01 2.55144403e+00
1.24718252e+00 3.06307491e+01 2.51805059e+00
1.74516109e+00 3.05988200e+01 2.51742772e+00
2.24310900e+00 3.05680399e+01 2.51756605e+00
2.76524843e+00 3.08046598e+01 2.54042481e+00
3.29334127e+00 3.10103004e+01 2.56146574e+00
3.79408887e+00 3.09234925e+01 2.55905808e+00
4.35866844e+00 3.13010267e+01 2.59582866e+00
4.93763267e+00 3.16753495e+01 2.63318880e+00
5.52600758e+00 3.20163380e+01 2.66866007e+00
6.14522217e+00 3.24438616e+01 2.71227466e+00
6.87344516e+00 3.33134787e+01 2.79395779e+00
7.69004133e+00 3.44295914e+01 2.89768005e+00
8.69802287e+00 3.61650320e+01 3.05525132e+00
9.62472809e+00 3.73344265e+01 3.16685975e+00
1.06415280e+01 3.86638670e+01 3.29388643e+00
1.17164018e+01 4.00118929e+01 3.42452397e+00
1.26549100e+01 4.07457124e+01 3.50449751e+00
1.31936129e+01 4.01604235e+01 3.47217040e+00
1.46449015e+01 4.22462313e+01 3.67262955e+00
1.69327397e+01 4.63917432e+01 4.73635630e+00
1.71685258e+01 4.95261448e+01 5.02716204e+00
1.60675796e+01 4.89085747e+01 4.93727096e+00
1.47371104e+01 4.74498879e+01 4.76516826e+00
1.24693884e+01 4.25833668e+01 4.25549729e+00
1.13272864e+01 4.11554332e+01 4.09382919e+00
1.04966553e+01 4.07166417e+01 4.03264977e+00
9.68120527e+00 4.02529522e+01 3.97058990e+00
8.67102085e+00 3.88215995e+01 3.81497060e+00
7.56604528e+00 3.66702989e+01 3.59098437e+00
6.68797619e+00 3.53093457e+01 3.44659302e+00
5.83457816e+00 3.38041206e+01 3.28995875e+00
5.17616422e+00 3.32055504e+01 3.22307549e+00
4.49101274e+00 3.22514345e+01 3.12295470e+00
3.92114877e+00 3.19590867e+01 3.08805604e+00
3.34327483e+00 3.14804778e+01 3.03614916e+00
2.78092210e+00 3.09792634e+01 2.98304788e+00
2.25628191e+00 3.07475541e+01 2.95680759e+00
1.74796610e+00 3.06480018e+01 2.94410778e+00
1.23827275e+00 3.04119254e+01 2.91910663e+00
7.41039741e-01 3.03438973e+01 2.91103330e+00
2.48412211e-01 3.05211422e+01 2.92726143e+00
-2.51601136e-01 3.09129492e+01 2.96483936e+00
-7.41700686e-01 3.03709615e+01 2.91362969e+00
-1.25263239e+00 3.07645976e+01 2.95295808e+00
-1.76316626e+00 3.09145141e+01 2.96970949e+00
-2.25532181e+00 3.07344703e+01 2.95554940e+00
-2.76920757e+00 3.08487643e+01 2.97048189e+00
-3.32092517e+00 3.12700321e+01 3.01585262e+00
-3.80912881e+00 3.10460747e+01 2.99983599e+00
-4.38733193e+00 3.15068686e+01 3.05085727e+00
-5.00318604e+00 3.20958802e+01 3.11536605e+00
-5.62092533e+00 3.25662682e+01 3.16948577e+00
-6.28131559e+00 3.31623704e+01 3.23702386e+00
-7.07042399e+00 3.42681747e+01 3.35575338e+00
-7.87165836e+00 3.52427210e+01 3.46327679e+00
-8.79933521e+00 3.65862731e+01 3.60890514e+00
-1.01206846e+01 3.92582474e+01 3.88820777e+00
-1.18494439e+01 4.30525885e+01 4.28254376e+00
-1.32151035e+01 4.51300079e+01 4.50999159e+00
-1.46970822e+01 4.73210069e+01 4.75222535e+00
-1.59846344e+01 4.86560953e+01 4.91178343e+00
-1.64498708e+01 4.74530367e+01 4.81673076e+00
-1.62430465e+01 4.45021452e+01 5.19737081e+00
-1.69038448e+01 4.87626181e+01 5.66205989e+00
-1.59066175e+01 4.84186174e+01 5.59130808e+00
-1.52529920e+01 4.91109003e+01 5.64183042e+00
-1.50658567e+01 5.14503903e+01 5.88163513e+00
-1.33108350e+01 4.83622611e+01 5.50311034e+00
-1.18136753e+01 4.58253770e+01 5.19186851e+00
-1.03246592e+01 4.29283342e+01 4.84395851e+00
-9.01071718e+00 4.03424764e+01 4.53502209e+00
-8.15912295e+00 3.95447643e+01 4.42983080e+00
-7.13446681e+00 3.76666046e+01 4.20587045e+00
-6.19797212e+00 3.59095364e+01 3.99787942e+00
-5.38016859e+00 3.45142565e+01 3.83228146e+00
-4.71314694e+00 3.38466530e+01 3.74913829e+00
-4.05586918e+00 3.30571172e+01 3.65388499e+00
-3.37608117e+00 3.17893843e+01 3.50721982e+00
-2.82542506e+00 3.14750229e+01 3.46700346e+00
-2.29157054e+00 3.12284510e+01 3.43527901e+00
-1.77844783e+00 3.11824538e+01 3.42658028e+00
-1.24684789e+00 3.06225305e+01 3.36237541e+00
-7.44205683e-01 3.04735355e+01 3.34424232e+00
-2.46649735e-01 3.03045958e+01 3.32482129e+00
2.45779100e-01 3.01976253e+01 3.31308518e+00
7.30117780e-01 2.98966678e+01 3.28093541e+00
1.21507800e+00 2.98422635e+01 3.27670155e+00
1.70495904e+00 2.98939366e+01 3.28498759e+00
2.20553234e+00 3.00559627e+01 3.30629969e+00
2.69930204e+00 3.00700221e+01 3.31224129e+00
3.20775230e+00 3.02043894e+01 3.33235247e+00
3.70815774e+00 3.02231161e+01 3.34063584e+00
4.25180252e+00 3.05335874e+01 3.38215545e+00
4.87178414e+00 3.12529253e+01 3.47016040e+00
5.50739437e+00 3.19084976e+01 3.55243590e+00
6.16134263e+00 3.25289700e+01 3.63219979e+00
6.89025821e+00 3.33949664e+01 3.74092635e+00
7.68185167e+00 3.43929249e+01 3.86621468e+00
8.69163650e+00 3.61384785e+01 4.07780301e+00
9.49710377e+00 3.68393703e+01 4.17378272e+00
1.03335421e+01 3.75448618e+01 4.27220549e+00
1.10840727e+01 3.78524685e+01 4.32716656e+00
1.18666190e+01 3.82076084e+01 4.38926686e+00
1.26011384e+01 3.83569732e+01 4.42940476e+00
1.43134409e+01 4.12900651e+01 4.79438616e+00
1.63334414e+01 4.47498059e+01 5.88584067e+00
1.69223295e+01 4.88159409e+01 6.38357106e+00
1.58051388e+01 4.81097235e+01 6.25674548e+00
1.32168912e+01 4.25551541e+01 5.50565367e+00
1.11131889e+01 3.79519015e+01 4.88604581e+00
1.00814168e+01 3.66288147e+01 4.69395669e+00
9.34126488e+00 3.62348696e+01 4.62337297e+00
8.67202456e+00 3.60569351e+01 4.58204949e+00
8.13957033e+00 3.64422073e+01 4.61355940e+00
7.55692311e+00 3.66260866e+01 4.62065192e+00
6.77716967e+00 3.57802450e+01 4.49942811e+00
6.00607364e+00 3.47977235e+01 4.36300103e+00
5.21318780e+00 3.34430600e+01 4.18195613e+00
4.48655833e+00 3.22194459e+01 4.01928116e+00
3.85762232e+00 3.14413181e+01 3.91385949e+00
3.29095605e+00 3.09878410e+01 3.85023093e+00
2.74828839e+00 3.06157263e+01 3.79793366e+00
2.20146904e+00 3.00005899e+01 3.71668673e+00
1.69882567e+00 2.97863970e+01 3.68623643e+00
1.20965467e+00 2.97090666e+01 3.67374258e+00
7.29024478e-01 2.98518996e+01 3.68944853e+00
2.40075645e-01 2.94968708e+01 3.64460399e+00
-2.42732766e-01 2.98233378e+01 3.68494192e+00
-7.28955597e-01 2.98490791e+01 3.68909994e+00
-1.21911698e+00 2.99414605e+01 3.70247977e+00
-1.71794622e+00 3.01216475e+01 3.72772559e+00
-2.25706661e+00 3.07582476e+01 3.81055076e+00
-2.79486428e+00 3.11345782e+01 3.86229814e+00
-3.31887549e+00 3.12507321e+01 3.88289508e+00
-3.88178249e+00 3.16382341e+01 3.93837187e+00
-4.46964846e+00 3.20980106e+01 4.00413247e+00
-5.13710867e+00 3.29550056e+01 4.12092637e+00
-5.90090853e+00 3.41884225e+01 4.28660578e+00
-6.62816682e+00 3.49935806e+01 4.40050368e+00
-7.46815408e+00 3.61958503e+01 4.56637443e+00
-8.51929775e+00 3.81423100e+01 4.82879128e+00
-9.39849738e+00 3.90774966e+01 4.96589693e+00
-1.02918906e+01 3.99223574e+01 5.09387643e+00
-1.13461836e+01 4.12240923e+01 5.28283826e+00
-1.27106083e+01 4.34071404e+01 5.58837023e+00
-1.47477297e+01 4.74840795e+01 6.14334273e+00
-1.58889956e+01 4.83649777e+01 6.28994169e+00
-1.63321147e+01 4.71133448e+01 6.16092569e+00
-1.65844931e+01 4.54376288e+01 6.64825605e+00
-1.68893480e+01 4.87207991e+01 7.08746893e+00
-1.59032287e+01 4.84083021e+01 7.00342062e+00
-1.56963806e+01 5.05385029e+01 7.27367391e+00
-1.50205129e+01 5.12955397e+01 7.34646358e+00
-1.34623145e+01 4.89126317e+01 6.97287653e+00
-1.13536293e+01 4.40408532e+01 6.25118978e+00
-9.58827778e+00 3.98665741e+01 5.63578759e+00
-8.66071713e+00 3.87754681e+01 5.46088743e+00
-7.86404822e+00 3.81146277e+01 5.34908071e+00
-7.13050232e+00 3.76456740e+01 5.26627842e+00
-6.41225614e+00 3.71510456e+01 5.18179535e+00
-5.71686495e+00 3.66741933e+01 5.10162776e+00
-5.01202118e+00 3.59929668e+01 4.99485286e+00
-4.35333830e+00 3.54816213e+01 4.91340625e+00
-3.63680789e+00 3.42444029e+01 4.73325377e+00
-2.97253809e+00 3.31138511e+01 4.56969519e+00
-2.39976213e+00 3.27028354e+01 4.50698698e+00
-1.83345209e+00 3.21468722e+01 4.42566635e+00
-1.27516815e+00 3.13180749e+01 4.30813700e+00
-7.53090367e-01 3.08373431e+01 4.23975900e+00
-2.45518198e-01 3.01655696e+01 4.14629944e+00
2.42757840e-01 2.98264185e+01 4.09968264e+00
7.30012633e-01 2.98923623e+01 4.10983564e+00
1.21413267e+00 2.98190461e+01 4.10192952e+00
1.70435376e+00 2.98833238e+01 4.11404318e+00
2.20662797e+00 3.00708935e+01 4.14426222e+00
2.71007045e+00 3.01899813e+01 4.16620259e+00
3.25395766e+00 3.06394619e+01 4.23497963e+00
3.86626012e+00 3.15117200e+01 4.36366424e+00
4.45887135e+00 3.20206166e+01 4.44359781e+00
5.08486220e+00 3.26198399e+01 4.53763984e+00
5.79893573e+00 3.35976170e+01 4.68616623e+00
6.45988484e+00 3.41051315e+01 4.77098957e+00
7.16558449e+00 3.47293884e+01 4.87398967e+00
7.88598908e+00 3.53068820e+01 4.97239408e+00
8.39598206e+00 3.49091931e+01 4.93498130e+00
8.89438979e+00 3.45014362e+01 4.89715820e+00
9.29522185e+00 3.37723325e+01 4.81450899e+00
9.86075818e+00 3.36748097e+01 4.82285136e+00
1.05287300e+01 3.38999332e+01 4.87899414e+00
1.13485770e+01 3.45442650e+01 4.99765552e+00
1.31382336e+01 3.78999377e+01 5.51334617e+00
1.61675201e+01 4.42952205e+01 7.13862097e+00
1.58679925e+01 4.57744888e+01 7.33441779e+00
1.49273492e+01 4.54377942e+01 7.24057368e+00
1.24053010e+01 3.99420324e+01 6.33179712e+00
1.01671747e+01 3.47212320e+01 5.47720796e+00
9.22731633e+00 3.35256114e+01 5.26420785e+00
8.58741918e+00 3.33106938e+01 5.20782060e+00
8.11419549e+00 3.37375682e+01 5.25321109e+00
7.60409667e+00 3.40448029e+01 5.28107549e+00
7.19881784e+00 3.48904603e+01 5.39336167e+00
6.65843734e+00 3.51533946e+01 5.41653289e+00
6.09181844e+00 3.52945079e+01 5.42227729e+00
5.47752739e+00 3.51388218e+01 5.38394692e+00
4.79747944e+00 3.44522723e+01 5.26609029e+00
4.13929689e+00 3.37370898e+01 5.14579181e+00
3.55244529e+00 3.34500395e+01 5.09251367e+00
2.98536910e+00 3.32567876e+01 5.05502392e+00
2.40006552e+00 3.27069699e+01 4.96485516e+00
1.82895329e+00 3.20679924e+01 4.86269572e+00
1.27131448e+00 3.12234291e+01 4.73086354e+00
7.45477689e-01 3.05256213e+01 4.62268292e+00
2.46747182e-01 3.03165686e+01 4.58980836e+00
-2.47021785e-01 3.03503077e+01 4.59491634e+00
-7.40858843e-01 3.03364900e+01 4.59404161e+00
-1.23834192e+00 3.04136242e+01 4.60816478e+00
-1.75834269e+00 3.08299400e+01 4.67496110e+00
-2.33680858e+00 3.18449339e+01 4.83399976e+00
-2.95874496e+00 3.29601967e+01 5.00994217e+00
-3.54948690e+00 3.34221831e+01 5.08827275e+00
-4.15734512e+00 3.38841907e+01 5.16822857e+00
-4.84120109e+00 3.47662518e+01 5.31408261e+00
-5.50175943e+00 3.52942724e+01 5.40776497e+00
-6.13196229e+00 3.55270915e+01 5.45800900e+00
-6.81224790e+00 3.59654414e+01 5.54165534e+00
-7.47620050e+00 3.62348488e+01 5.60117704e+00
-8.28027172e+00 3.70721508e+01 5.75068177e+00
-8.80706106e+00 3.66183959e+01 5.70177917e+00
-9.55633166e+00 3.70691160e+01 5.79541535e+00
-1.04696198e+01 3.80392731e+01 5.97294522e+00
-1.22038873e+01 4.16766720e+01 6.57441532e+00
-1.45917764e+01 4.69819479e+01 7.44779732e+00
-1.59095619e+01 4.84275799e+01 7.71700006e+00
-1.68249472e+01 4.85350216e+01 7.77673625e+00
-1.66855032e+01 4.57143729e+01 8.04872762e+00
-1.72339304e+01 4.97148177e+01 8.70251944e+00
-1.61024888e+01 4.90148359e+01 8.53297156e+00
-1.54067044e+01 4.96058165e+01 8.59105386e+00
-1.46518735e+01 5.00366244e+01 8.62321302e+00
-1.31940458e+01 4.79379310e+01 8.22342273e+00
-1.08987216e+01 4.22762613e+01 7.22081001e+00
-9.00216053e+00 3.74295893e+01 6.36712165e+00
-8.10666031e+00 3.62948637e+01 6.15083009e+00
-7.47648420e+00 3.62362239e+01 6.11945560e+00
-6.78128737e+00 3.58019845e+01 6.02668128e+00
-6.17753408e+00 3.57911234e+01 6.00712861e+00
-5.54403445e+00 3.55654704e+01 5.95331880e+00
-4.96440212e+00 3.56509988e+01 5.95331880e+00
-4.32366101e+00 3.52397384e+01 5.87211130e+00
-3.70402765e+00 3.48773482e+01 5.80090875e+00
-3.10163489e+00 3.45519798e+01 5.73763428e+00
-2.45915674e+00 3.35122374e+01 5.55759255e+00
-1.87245711e+00 3.28307676e+01 5.43880348e+00
-1.30261496e+00 3.19921674e+01 5.29566491e+00
-7.61137289e-01 3.11668464e+01 5.15631526e+00
-2.50936164e-01 3.08312475e+01 5.09944152e+00
2.51534922e-01 3.09048138e+01 5.11160926e+00
7.59016087e-01 3.10799880e+01 5.14194520e+00
1.25218598e+00 3.07536339e+01 5.09065039e+00
1.80014002e+00 3.15627944e+01 5.22874879e+00
2.36976206e+00 3.22940085e+01 5.35556427e+00
2.95760705e+00 3.29475205e+01 5.47120091e+00
3.56782202e+00 3.35948277e+01 5.58759597e+00
4.16277243e+00 3.39284257e+01 5.65360304e+00
4.70395957e+00 3.37806754e+01 5.64099568e+00
5.30320040e+00 3.40204987e+01 5.69470535e+00
5.91171660e+00 3.42510418e+01 5.74864363e+00
6.54306624e+00 3.45442898e+01 5.81496885e+00
7.12700477e+00 3.45424043e+01 5.83340887e+00
7.66907559e+00 3.43357243e+01 5.81881799e+00
8.16163296e+00 3.39348059e+01 5.77262644e+00
8.59879619e+00 3.33548254e+01 5.69702357e+00
8.92424881e+00 3.24244760e+01 5.56219611e+00
9.46669268e+00 3.23290632e+01 5.57152691e+00
1.00367962e+01 3.23160269e+01 5.59669707e+00
1.10420769e+01 3.36113002e+01 5.85137669e+00
1.30752586e+01 3.77182733e+01 6.60253867e+00
1.60307490e+01 4.39204998e+01 8.39051043e+00
1.62530582e+01 4.68852901e+01 8.90517385e+00
1.47627298e+01 4.49367042e+01 8.48829777e+00
1.28742736e+01 4.14520094e+01 7.78943705e+00
1.04766940e+01 3.57782504e+01 6.69031947e+00
9.07250346e+00 3.29631297e+01 6.13547816e+00
8.34909164e+00 3.23862186e+01 6.00200334e+00
7.90996820e+00 3.28884228e+01 6.07040653e+00
7.47242258e+00 3.34552761e+01 6.15176623e+00
6.95584516e+00 3.37128463e+01 6.17748812e+00
6.42839192e+00 3.39388638e+01 6.19890623e+00
5.88636500e+00 3.41041609e+01 6.21077238e+00
5.33851477e+00 3.42470435e+01 6.22014219e+00
4.79572196e+00 3.44396512e+01 6.24011837e+00
4.18860275e+00 3.41389542e+01 6.17246251e+00
3.61733257e+00 3.40610220e+01 6.14691060e+00
3.04581739e+00 3.39301770e+01 6.11353913e+00
2.48024527e+00 3.37996220e+01 6.08193490e+00
1.89240760e+00 3.31805700e+01 5.96420849e+00
1.32112256e+00 3.24467132e+01 5.82765974e+00
7.72104788e-01 3.16159406e+01 5.67543761e+00
2.53229397e-01 3.11130054e+01 5.58367492e+00
-2.53611249e-01 3.11599216e+01 5.59209470e+00
-7.67929513e-01 3.14449726e+01 5.64474681e+00
-1.27747793e+00 3.13748029e+01 5.63513706e+00
-1.77001547e+00 3.10346049e+01 5.57847121e+00
-2.26846116e+00 3.09135273e+01 5.56260838e+00
-2.85814568e+00 3.18395282e+01 5.73684604e+00
-3.46166213e+00 3.25952197e+01 5.88238079e+00
-4.11429913e+00 3.35333470e+01 6.06296624e+00
-4.79103961e+00 3.44060258e+01 6.23402577e+00
-5.42512159e+00 3.48026339e+01 6.32105167e+00
-6.04829481e+00 3.50423426e+01 6.38162641e+00
-6.58527382e+00 3.47671259e+01 6.35018764e+00
-7.20209621e+00 3.49063495e+01 6.39618375e+00
-7.81852221e+00 3.50048216e+01 6.43669712e+00
-8.42617633e+00 3.50347362e+01 6.46656402e+00
-8.99476673e+00 3.48907994e+01 6.46616689e+00
-1.03571168e+01 3.76305159e+01 7.00422594e+00
-1.19001811e+01 4.06395053e+01 7.59934514e+00
-1.41752995e+01 4.56409944e+01 8.57660841e+00
-1.56749134e+01 4.77133266e+01 9.01278657e+00
-1.69570374e+01 4.89160629e+01 9.29088939e+00
-1.67587702e+01 4.59151073e+01 9.46242373e+00
-1.69505344e+01 4.88973039e+01 1.00188157e+01
-1.59951585e+01 4.86881300e+01 9.92129047e+00
-1.56966301e+01 5.05393066e+01 1.02450821e+01
-1.48464782e+01 5.07012058e+01 1.02275527e+01
-1.30454876e+01 4.73981743e+01 9.51715779e+00
-1.09461752e+01 4.24603344e+01 8.48877613e+00
-9.06128435e+00 3.76754170e+01 7.50167903e+00
-7.87854317e+00 3.52735454e+01 6.99696979e+00
-7.14713326e+00 3.46399610e+01 6.84730342e+00
-6.55272220e+00 3.45952687e+01 6.81647988e+00
-5.95619492e+00 3.45087384e+01 6.77942729e+00
-5.40652385e+00 3.46833278e+01 6.79553523e+00
-4.87368006e+00 3.49994939e+01 6.84103052e+00
-4.22232697e+00 3.44138214e+01 6.71222999e+00
-3.61815398e+00 3.40687565e+01 6.63255995e+00
-2.95197893e+00 3.28848236e+01 6.39186756e+00
-2.33893220e+00 3.18738736e+01 6.18714723e+00
-1.79614560e+00 3.14927582e+01 6.10668268e+00
-1.27612849e+00 3.13416609e+01 6.07255092e+00
-7.81324138e-01 3.19934521e+01 6.19555234e+00
-2.60574278e-01 3.20154335e+01 6.19816636e+00
2.63295558e-01 3.23497833e+01 6.26289626e+00
7.87900494e-01 3.22627389e+01 6.24769990e+00
1.29176713e+00 3.17257450e+01 6.14696849e+00
1.80250327e+00 3.16042305e+01 6.12829801e+00
2.32374340e+00 3.16668877e+01 6.14696849e+00
2.87956343e+00 3.20781203e+01 6.23506756e+00
3.50598235e+00 3.30125416e+01 6.42693436e+00
4.13615032e+00 3.37114438e+01 6.57523503e+00
4.68660725e+00 3.36560627e+01 6.57844233e+00
5.25835109e+00 3.37327864e+01 6.60929482e+00
5.82538312e+00 3.37508468e+01 6.63053541e+00
6.37916347e+00 3.36789608e+01 6.63593513e+00
6.86649928e+00 3.32798142e+01 6.57844233e+00
7.39739690e+00 3.31193737e+01 6.56966161e+00
7.93917240e+00 3.30098493e+01 6.57270215e+00
8.38553431e+00 3.25275802e+01 6.50299508e+00
9.01289536e+00 3.27465556e+01 6.57523503e+00
9.59807146e+00 3.27777260e+01 6.61199106e+00
1.04450425e+01 3.36304799e+01 6.81740711e+00
1.19090088e+01 3.62501795e+01 7.38678114e+00
1.40612214e+01 4.05624861e+01 8.31105278e+00
1.62846638e+01 4.46161669e+01 9.86961300e+00
1.66052454e+01 4.79012465e+01 1.05351172e+01
1.60636428e+01 4.88965914e+01 1.06950972e+01
1.38391570e+01 4.45586976e+01 9.69571256e+00
1.20364324e+01 4.11048080e+01 8.90035112e+00
1.02126840e+01 3.71057481e+01 7.99738358e+00
9.09002622e+00 3.52603121e+01 7.56674155e+00
8.17471375e+00 3.39891938e+01 7.26444354e+00
7.44644951e+00 3.33389904e+01 7.09862785e+00
6.79620303e+00 3.29391098e+01 6.98900122e+00
6.25294536e+00 3.30125890e+01 6.98206864e+00
5.67202818e+00 3.28623457e+01 6.92984569e+00
5.21398487e+00 3.34481732e+01 7.03455113e+00
4.67089916e+00 3.35432578e+01 7.03762436e+00
4.12673373e+00 3.36346944e+01 7.04178067e+00
3.58468145e+00 3.37535771e+01 7.05351812e+00
2.98946122e+00 3.33023735e+01 6.94813931e+00
2.37463685e+00 3.23604399e+01 6.74265751e+00
1.80600506e+00 3.16656292e+01 6.59088686e+00
1.28314545e+00 3.15139971e+01 6.55411002e+00
7.85720272e-01 3.21734638e+01 6.68771605e+00
2.62753153e-01 3.22831407e+01 6.70873597e+00
-2.66682263e-01 3.27658904e+01 6.80905585e+00
-7.91805734e-01 3.24226497e+01 6.73951291e+00
-1.31848027e+00 3.23818186e+01 6.73459482e+00
-1.84694638e+00 3.23834747e+01 6.74029928e+00
-2.35528751e+00 3.20967560e+01 6.68771605e+00
-2.84926579e+00 3.17406069e+01 6.62229552e+00
-3.35017681e+00 3.15454672e+01 6.59208723e+00
-3.91049779e+00 3.18722765e+01 6.67279974e+00
-4.60342077e+00 3.30586734e+01 6.93595496e+00
-5.23807350e+00 3.36027039e+01 7.06705078e+00
-5.87738798e+00 3.40521502e+01 7.18074567e+00
-6.45513660e+00 3.40800630e+01 7.20783634e+00
-6.97996967e+00 3.38297704e+01 7.17798106e+00
-7.56061725e+00 3.38501383e+01 7.20746284e+00
-8.22975293e+00 3.42180382e+01 7.31335400e+00
-9.04692203e+00 3.50931104e+01 7.53086066e+00
-1.03881371e+01 3.77432219e+01 8.13477800e+00
-1.19934127e+01 4.09578942e+01 8.86854014e+00
-1.37632232e+01 4.43142095e+01 9.64251338e+00
-1.58962429e+01 4.83870380e+01 1.05836431e+01
-1.67694902e+01 4.83750444e+01 1.06393215e+01
-1.62229075e+01 4.44469690e+01 1.05083345e+01
-1.69193123e+01 4.88072371e+01 1.14725682e+01
-1.59113582e+01 4.84330478e+01 1.13222260e+01
-1.54781107e+01 4.98357273e+01 1.15896925e+01
-1.43070350e+01 4.88589896e+01 1.13068822e+01
-1.20678690e+01 4.38461922e+01 1.01000259e+01
-1.07338201e+01 4.16366066e+01 9.54952889e+00
-9.64561232e+00 4.01049622e+01 9.16101241e+00
-8.50598072e+00 3.80826875e+01 8.66629410e+00
-7.31156727e+00 3.54369221e+01 8.03605912e+00
-6.44843428e+00 3.40446779e+01 7.69551392e+00
-5.85985692e+00 3.39505795e+01 7.65166710e+00
-5.29885342e+00 3.39926125e+01 7.64068685e+00
-4.77927615e+00 3.43215485e+01 7.69611567e+00
-4.14131298e+00 3.37535218e+01 7.55262585e+00
-3.48068359e+00 3.27743270e+01 7.31987448e+00
-2.89641990e+00 3.22659001e+01 7.19483745e+00
-2.34272542e+00 3.19255659e+01 7.10950163e+00
-1.84383890e+00 3.23289897e+01 7.19170290e+00
-1.32522307e+00 3.25474216e+01 7.23453623e+00
-7.95546973e-01 3.25758449e+01 7.23701655e+00
-2.63414912e-01 3.23644477e+01 7.18814769e+00
2.62523156e-01 3.22548822e+01 7.16381318e+00
7.81016247e-01 3.19808446e+01 7.10483189e+00
1.30228035e+00 3.19839493e+01 7.10928942e+00
1.82042314e+00 3.19184289e+01 7.10037213e+00
2.30553456e+00 3.14187461e+01 6.99663799e+00
2.79066939e+00 3.10878475e+01 6.93214843e+00
3.32465270e+00 3.13051307e+01 6.99174167e+00
3.97187771e+00 3.23725498e+01 7.24362211e+00
4.57012632e+00 3.28195750e+01 7.35931963e+00
5.15383544e+00 3.30623093e+01 7.43157803e+00
5.68008747e+00 3.29090392e+01 7.41692827e+00
6.20481082e+00 3.27584614e+01 7.40477548e+00
6.64635251e+00 3.22128304e+01 7.30492926e+00
7.21751412e+00 3.23140086e+01 7.35354360e+00
7.85722146e+00 3.26691100e+01 7.46247112e+00
8.75794603e+00 3.39721693e+01 7.79165832e+00
9.85094856e+00 3.57914545e+01 8.24460690e+00
1.08853487e+01 3.71738198e+01 8.60271580e+00
1.19948943e+01 3.86206234e+01 8.98153143e+00
1.36117932e+01 4.14333347e+01 9.68589837e+00
1.53712407e+01 4.43415061e+01 1.04228591e+01
1.63822382e+01 4.48834977e+01 1.12984866e+01
1.67208670e+01 4.82347808e+01 1.20719819e+01
1.60260354e+01 4.87821172e+01 1.21420637e+01
1.40227236e+01 4.51497372e+01 1.11796494e+01
1.27659740e+01 4.35962160e+01 1.07420959e+01
1.11210606e+01 4.04061531e+01 9.91014373e+00
1.00548482e+01 3.90028672e+01 9.52456166e+00
9.29882467e+00 3.86630729e+01 9.40337100e+00
8.18190749e+00 3.66317578e+01 8.87575769e+00
7.06995075e+00 3.42658810e+01 8.27353054e+00
6.24459267e+00 3.29684908e+01 7.93467802e+00
5.56334026e+00 3.22326344e+01 7.73475426e+00
5.05742919e+00 3.24438547e+01 7.76465473e+00
4.59234746e+00 3.29791523e+01 7.87383019e+00
4.02813060e+00 3.28310356e+01 7.82177470e+00
3.46664514e+00 3.26421401e+01 7.76229814e+00
2.87246390e+00 3.19990322e+01 7.59724072e+00
2.27437068e+00 3.09940594e+01 7.34887497e+00
1.74719426e+00 3.06344687e+01 7.25590856e+00
1.26670946e+00 3.11103300e+01 7.36275870e+00
7.75521919e-01 3.17558644e+01 7.51155166e+00
2.60043630e-01 3.19502355e+01 7.55552589e+00
-2.59640712e-01 3.19007310e+01 7.54381917e+00
-7.73024099e-01 3.16535843e+01 7.48735826e+00
-1.30466346e+00 3.20424784e+01 7.58336657e+00
-1.85028848e+00 3.24420734e+01 7.68404768e+00
-2.39285819e+00 3.26087518e+01 7.73172810e+00
-2.88005490e+00 3.20835953e+01 7.61731778e+00
-3.36091484e+00 3.16465772e+01 7.52555337e+00
-3.85963739e+00 3.14577418e+01 7.49459665e+00
-4.47794851e+00 3.21576160e+01 7.67768696e+00
-5.17671363e+00 3.32090749e+01 7.94779173e+00
-5.81173618e+00 3.36717797e+01 8.08010100e+00
-6.35321104e+00 3.35419443e+01 8.07269372e+00
-6.92000562e+00 3.35391430e+01 8.09805894e+00
-7.67586612e+00 3.43661266e+01 8.32680250e+00
-8.73104938e+00 3.63023512e+01 8.82921224e+00
-1.02374798e+01 3.97112971e+01 9.69756133e+00
-1.11267714e+01 4.04269021e+01 9.91523271e+00
-1.20072956e+01 4.10053046e+01 1.01036960e+01
-1.35777393e+01 4.37169968e+01 1.08248846e+01
-1.51560683e+01 4.61339989e+01 1.14829365e+01
-1.58054923e+01 4.55941942e+01 1.14111079e+01
-1.62292502e+01 4.44643466e+01 1.18779158e+01
-1.65675857e+01 4.77926095e+01 1.26932770e+01
-1.55611286e+01 4.73669736e+01 1.25112945e+01
-1.53388272e+01 4.93872686e+01 1.29772512e+01
-1.42584355e+01 4.86930206e+01 1.27321484e+01
-1.22987767e+01 4.46851495e+01 1.16302864e+01
-1.09536892e+01 4.24894813e+01 1.10109461e+01
-1.01229051e+01 4.20894718e+01 1.08631412e+01
-9.56746276e+00 4.28351187e+01 1.10139322e+01
-8.46248323e+00 4.10150585e+01 1.05091370e+01
-7.02336829e+00 3.70800571e+01 9.47033588e+00
-6.02894672e+00 3.49302445e+01 8.89502330e+00
-5.29699319e+00 3.39806789e+01 8.63011331e+00
-4.73300349e+00 3.39892493e+01 8.61158069e+00
-4.14279715e+00 3.37656184e+01 8.53670305e+00
-3.44996486e+00 3.24850775e+01 8.19766843e+00
-2.80386062e+00 3.12347967e+01 7.86959665e+00
-2.30457334e+00 3.14056471e+01 7.90214310e+00
-1.81556117e+00 3.18331814e+01 8.00122049e+00
-1.30159482e+00 3.19671128e+01 8.02849442e+00
-7.80057845e-01 3.19416002e+01 8.01783539e+00
-2.57795002e-01 3.16739579e+01 7.94854644e+00
2.55094785e-01 3.13421960e+01 7.86529115e+00
7.83048633e-01 3.20640662e+01 8.04857625e+00
1.27773471e+00 3.13811096e+01 7.88132054e+00
1.78308957e+00 3.12638398e+01 7.85811737e+00
2.28964244e+00 3.12021759e+01 7.85094661e+00
2.74392493e+00 3.05671176e+01 7.70137513e+00
3.23914862e+00 3.05000191e+01 7.69673532e+00
3.84158630e+00 3.13106175e+01 7.91602395e+00
4.49184026e+00 3.22573772e+01 8.17279027e+00
5.10217912e+00 3.27309295e+01 8.31271297e+00
5.63724955e+00 3.26608468e+01 8.31711879e+00
6.17024413e+00 3.25759657e+01 8.31998008e+00
6.76519184e+00 3.27888082e+01 8.40135523e+00
7.61446271e+00 3.40912134e+01 8.76566527e+00
8.94115030e+00 3.71759183e+01 9.59497072e+00
1.01977992e+01 3.95573755e+01 1.02511049e+01
1.10032658e+01 3.99781690e+01 1.04051919e+01
1.13926270e+01 3.89061917e+01 1.01731090e+01
1.21761255e+01 3.92041433e+01 1.03014811e+01
1.36772571e+01 4.16326023e+01 1.09966440e+01
1.52070292e+01 4.38678043e+01 1.16508849e+01
1.62556267e+01 4.45366121e+01 1.25879948e+01
1.61835458e+01 4.66847673e+01 1.31189557e+01
1.52668812e+01 4.64713055e+01 1.29874095e+01
1.40129360e+01 4.51182236e+01 1.25438469e+01
1.24734402e+01 4.25972036e+01 1.17849330e+01
1.10808962e+01 4.02602236e+01 1.10870097e+01
1.02476316e+01 3.97506760e+01 1.08993043e+01
9.82315936e+00 4.08431753e+01 1.11535341e+01
9.57907344e+00 4.28871017e+01 1.16675635e+01
8.61170433e+00 4.17382874e+01 1.13153865e+01
7.53761551e+00 3.97950388e+01 1.07538747e+01
6.19086210e+00 3.58683426e+01 9.66424265e+00
5.18282696e+00 3.32482925e+01 8.93438872e+00
4.61459426e+00 3.31389139e+01 8.88363332e+00
4.07385049e+00 3.32036728e+01 8.88203835e+00
3.47018126e+00 3.26754364e+01 8.72446669e+00
2.83539963e+00 3.15861390e+01 8.42018016e+00
2.23501567e+00 3.04577477e+01 8.10860193e+00
1.72342709e+00 3.02177466e+01 8.03617379e+00
1.24139821e+00 3.04886867e+01 8.10178035e+00
7.59256782e-01 3.10898439e+01 8.25714780e+00
2.55217476e-01 3.13572705e+01 8.32596699e+00
-2.53239056e-01 3.11141921e+01 8.26142493e+00
-7.57177567e-01 3.10047047e+01 8.23453571e+00
-1.26266278e+00 3.10109434e+01 8.24056001e+00
-1.77092478e+00 3.10505483e+01 8.25765090e+00
-2.31369236e+00 3.15299169e+01 8.39403975e+00
-2.79594238e+00 3.11465882e+01 8.30300543e+00
-3.27960416e+00 3.08809510e+01 8.24533220e+00
-3.76526269e+00 3.06885465e+01 8.20923783e+00
-4.40114336e+00 3.16060530e+01 8.47271538e+00
-5.05996211e+00 3.24601036e+01 8.72258881e+00
-5.82124680e+00 3.37268819e+01 9.08725485e+00
-6.51775810e+00 3.44106748e+01 9.29884972e+00
-7.63061199e+00 3.69832340e+01 1.00262760e+01
-9.11603859e+00 4.08140178e+01 1.11035749e+01
-1.05482418e+01 4.38579560e+01 1.19768163e+01
-1.13535643e+01 4.40406012e+01 1.20755661e+01
-1.16047298e+01 4.21634686e+01 1.16111324e+01
-1.23303328e+01 4.21084874e+01 1.16497249e+01
-1.32409660e+01 4.26326690e+01 1.18528087e+01
-1.47953123e+01 4.50358832e+01 1.25862497e+01
-1.59245108e+01 4.59375275e+01 1.29089727e+01
-1.60857481e+01 4.40711845e+01 1.31449766e+01
-1.61857452e+01 4.66911119e+01 1.38459895e+01
-1.52006781e+01 4.62697880e+01 1.36458592e+01
-1.47718257e+01 4.75616627e+01 1.39540893e+01
-1.35337911e+01 4.62183365e+01 1.34935447e+01
-1.18664154e+01 4.31142509e+01 1.25292423e+01
-1.10875974e+01 4.30089128e+01 1.24445283e+01
-1.03890103e+01 4.31958957e+01 1.24480464e+01
-9.93520229e+00 4.44815496e+01 1.27702412e+01
-8.97495835e+00 4.34988681e+01 1.24445283e+01
-8.07541347e+00 4.26343572e+01 1.21579814e+01
-6.82386529e+00 3.95358085e+01 1.12412047e+01
-5.59792734e+00 3.59111981e+01 1.01833602e+01
-4.68755533e+00 3.36628712e+01 9.52290003e+00
-3.98819404e+00 3.25055350e+01 9.17591861e+00
-3.31715131e+00 3.12344971e+01 8.80071032e+00
-2.73780508e+00 3.04989430e+01 8.57976408e+00
-2.24176024e+00 3.05496595e+01 8.58262792e+00
-1.74706994e+00 3.06322889e+01 8.59671266e+00
-1.24759334e+00 3.06408388e+01 8.59227391e+00
-7.41131493e-01 3.03476544e+01 8.50554923e+00
-2.45999642e-01 3.02247222e+01 8.46885050e+00
2.46109228e-01 3.02381864e+01 8.47262312e+00
7.47530180e-01 3.06096661e+01 8.57898336e+00
1.23341317e+00 3.02925745e+01 8.49461397e+00
1.72766359e+00 3.02920274e+01 8.50122091e+00
2.20486296e+00 3.00468407e+01 8.44136588e+00
2.67991573e+00 2.98540600e+01 8.39834979e+00
3.15648061e+00 2.97216122e+01 8.37443606e+00
3.79133794e+00 3.09010713e+01 8.72299794e+00
4.47307400e+00 3.21226105e+01 9.08717520e+00
5.16933565e+00 3.31617446e+01 9.40369605e+00
5.74236131e+00 3.32698387e+01 9.45960335e+00
6.42635644e+00 3.39281174e+01 9.67523489e+00
7.49301957e+00 3.63163657e+01 1.03896966e+01
8.95322661e+00 4.00850816e+01 1.15080559e+01
1.00545473e+01 4.18052505e+01 1.20472950e+01
1.07205787e+01 4.15852432e+01 1.20325929e+01
1.12124779e+01 4.07382995e+01 1.18387775e+01
1.13085884e+01 3.86191971e+01 1.12749593e+01
1.17766956e+01 3.79180770e+01 1.11247632e+01
1.30414624e+01 3.96972881e+01 1.17075013e+01
1.43932323e+01 4.15202398e+01 1.23125961e+01
1.55868595e+01 4.27043464e+01 1.34095983e+01
1.56003566e+01 4.50024380e+01 1.40496148e+01
1.42535569e+01 4.33868179e+01 1.34709979e+01
1.28811594e+01 4.14741801e+01 1.28103464e+01
1.18602950e+01 4.05032929e+01 1.24491778e+01
1.05820823e+01 3.84478831e+01 1.17629158e+01
9.88798320e+00 3.83555960e+01 1.16838858e+01
9.95855724e+00 4.14061387e+01 1.25620941e+01
9.56060365e+00 4.28044094e+01 1.29373788e+01
8.77320735e+00 4.25210429e+01 1.28068696e+01
8.09796852e+00 4.27534372e+01 1.28354584e+01
7.10473111e+00 4.11630765e+01 1.23216438e+01
5.88781991e+00 3.77708845e+01 1.12760492e+01
4.94411859e+00 3.55053361e+01 1.05742675e+01
4.20614216e+00 3.42819081e+01 1.01881613e+01
3.51714974e+00 3.31176944e+01 9.82385394e+00
2.86457535e+00 3.19111543e+01 9.45086729e+00
2.23636460e+00 3.04761303e+01 9.01389150e+00
1.69629594e+00 2.97420418e+01 8.78743925e+00
1.20740923e+00 2.96539187e+01 8.75443554e+00
7.27326018e-01 2.97823515e+01 8.78769169e+00
2.43086942e-01 2.98668536e+01 8.81029024e+00
-2.43931782e-01 2.99706547e+01 8.84091007e+00
-7.26992137e-01 2.97686798e+01 8.78365768e+00
-1.20114755e+00 2.95001323e+01 8.70903469e+00
-1.69834788e+00 2.97780196e+01 8.79806907e+00
-2.18566066e+00 2.97851608e+01 8.80952423e+00
-2.66709575e+00 2.97112464e+01 8.79933844e+00
-3.15171661e+00 2.96767541e+01 8.80315198e+00
-3.71728316e+00 3.02974922e+01 9.00404197e+00
-4.36115295e+00 3.13188688e+01 9.32744572e+00
-5.02947287e+00 3.22645125e+01 9.63218720e+00
-5.86030429e+00 3.39531714e+01 1.01634504e+01
-6.82364593e+00 3.60256177e+01 1.08156291e+01
-8.32127664e+00 4.03306735e+01 1.21471544e+01
-9.68171136e+00 4.33466287e+01 1.31012614e+01
-1.05705859e+01 4.39508593e+01 1.33341299e+01
-1.13463557e+01 4.40126391e+01 1.34071349e+01
-1.18465290e+01 4.30419974e+01 1.31684595e+01
-1.20698664e+01 4.12189861e+01 1.26691548e+01
-1.28096605e+01 4.12439711e+01 1.27392405e+01
-1.40901257e+01 4.28893451e+01 1.33165396e+01
-1.56048852e+01 4.50155018e+01 1.40536933e+01
-1.55724005e+01 4.26647322e+01 1.40742744e+01
-1.56681523e+01 4.51980088e+01 1.48238489e+01
-1.48499193e+01 4.52021029e+01 1.47439521e+01
-1.40721045e+01 4.53087317e+01 1.47020627e+01
-1.26846798e+01 4.33185937e+01 1.39874320e+01
-1.15510849e+01 4.19685605e+01 1.34890055e+01
-1.07170898e+01 4.15717096e+01 1.33036177e+01
-1.03806142e+01 4.31609863e+01 1.37563106e+01
-9.87113910e+00 4.41947281e+01 1.40327101e+01
-9.10716487e+00 4.41396325e+01 1.39662912e+01
-8.20217791e+00 4.33036134e+01 1.36577069e+01
-6.99889292e+00 4.05498758e+01 1.27515699e+01
-5.76414407e+00 3.69774931e+01 1.15971313e+01
-4.85523001e+00 3.48669981e+01 1.09089895e+01
-4.15898455e+00 3.38975528e+01 1.05830897e+01
-3.44777594e+00 3.24644666e+01 1.01168049e+01
-2.77317716e+00 3.08929853e+01 9.61174701e+00
-2.17810382e+00 2.96821796e+01 9.22277463e+00
-1.66725014e+00 2.92327667e+01 9.07349863e+00
-1.18338347e+00 2.90638471e+01 9.01389425e+00
-7.15335029e-01 2.92913477e+01 9.07963693e+00
-2.38640991e-01 2.93206022e+01 9.08629703e+00
2.37882740e-01 2.92274398e+01 9.05742651e+00
7.28842545e-01 2.98444498e+01 9.25108574e+00
1.20094036e+00 2.94950435e+01 9.14762600e+00
1.65932424e+00 2.90937977e+01 9.03036434e+00
2.14037178e+00 2.91679851e+01 9.06300537e+00
2.65342437e+00 2.95589482e+01 9.19668751e+00
3.19031133e+00 3.00401642e+01 9.36132680e+00
3.85847761e+00 3.14482891e+01 9.81840977e+00
4.54459733e+00 3.26362430e+01 1.02110434e+01
5.40188197e+00 3.46535497e+01 1.08682805e+01
6.40941314e+00 3.71345740e+01 1.16775725e+01
7.46128572e+00 3.93920536e+01 1.24240238e+01
8.50635295e+00 4.12276816e+01 1.30449162e+01
9.37184523e+00 4.19593066e+01 1.33229191e+01
1.00817808e+01 4.19184830e+01 1.33602988e+01
1.07755586e+01 4.17985109e+01 1.33761978e+01
1.11230621e+01 4.04134251e+01 1.29891735e+01
1.14936458e+01 3.92511739e+01 1.26740755e+01
1.17098686e+01 3.77029103e+01 1.22340779e+01
1.25994309e+01 3.83517756e+01 1.25095229e+01
1.39271625e+01 4.01757655e+01 1.31766751e+01
1.49844371e+01 4.10538502e+01 1.41999646e+01
1.50739828e+01 4.34840047e+01 1.49536630e+01
1.42489329e+01 4.33727429e+01 1.48336675e+01
1.27983026e+01 4.12074013e+01 1.40199986e+01
1.16549164e+01 3.98019183e+01 1.34754731e+01
1.05490663e+01 3.83279260e+01 1.29165805e+01
1.01228147e+01 3.92665100e+01 1.31756046e+01
1.00588258e+01 4.18230399e+01 1.39766338e+01
9.46690873e+00 4.23849216e+01 1.41110344e+01
8.56371374e+00 4.15056917e+01 1.37700785e+01
7.89284878e+00 4.16705021e+01 1.37803029e+01
7.16078294e+00 4.14878271e+01 1.36795306e+01
6.34666357e+00 4.07144071e+01 1.33886751e+01
5.40887183e+00 3.88428815e+01 1.27425922e+01
4.38596271e+00 3.57475246e+01 1.17021721e+01
3.60539168e+00 3.39485859e+01 1.10925954e+01
2.94052758e+00 3.27572564e+01 1.06862751e+01
2.29559682e+00 3.12833193e+01 1.01918967e+01
1.69446852e+00 2.97100007e+01 9.66905206e+00
1.18272518e+00 2.90476796e+01 9.44598352e+00
6.99279017e-01 2.86338904e+01 9.30648894e+00
2.36721022e-01 2.90847055e+01 9.45050668e+00
-2.36164592e-01 2.90163398e+01 9.42829257e+00
-7.05881707e-01 2.89042556e+01 9.39436210e+00
-1.17224938e+00 2.87903943e+01 9.36231718e+00
-1.64331526e+00 2.88131041e+01 9.37715908e+00
-2.13145588e+00 2.90464834e+01 9.46315046e+00
-2.60020593e+00 2.89660988e+01 9.44950023e+00
-3.11173288e+00 2.93002648e+01 9.57377083e+00
-3.83854550e+00 3.12858337e+01 1.02416102e+01
-4.62732090e+00 3.32303080e+01 1.09013607e+01
-5.38885819e+00 3.45700010e+01 1.13681260e+01
-6.03861349e+00 3.49862514e+01 1.15358053e+01
-6.82178019e+00 3.60157674e+01 1.19103000e+01
-8.06481247e+00 3.90876704e+01 1.29678670e+01
-9.38539146e+00 4.20199553e+01 1.39895277e+01
-1.02235629e+01 4.25079914e+01 1.42055344e+01
-1.09522635e+01 4.24839511e+01 1.42551946e+01
-1.12994560e+01 4.10543171e+01 1.38353792e+01
-1.15506517e+01 3.94458511e+01 1.33549218e+01
-1.20705151e+01 3.88641039e+01 1.32227383e+01
-1.31930243e+01 4.01586320e+01 1.37344275e+01
-1.46828467e+01 4.23556920e+01 1.45656489e+01
-1.48849104e+01 4.07811700e+01 1.47641930e+01
-1.53775956e+01 4.43598383e+01 1.59670495e+01
-1.43909942e+01 4.38051673e+01 1.56809965e+01
-1.32851066e+01 4.27747910e+01 1.52327145e+01
-1.20108267e+01 4.10173638e+01 1.45353142e+01
-1.08862045e+01 3.95528502e+01 1.39516857e+01
-1.00436752e+01 3.89595268e+01 1.36829137e+01
-9.55357377e+00 3.97222802e+01 1.38943369e+01
-9.03936537e+00 4.04707391e+01 1.41027973e+01
-8.49073057e+00 4.11519647e+01 1.42901240e+01
-7.42670183e+00 3.92094671e+01 1.35718056e+01
-6.47583285e+00 3.75193936e+01 1.29486049e+01
-5.73872723e+00 3.68144418e+01 1.26713933e+01
-5.12375450e+00 3.67953605e+01 1.26344421e+01
-4.46426493e+00 3.63857221e+01 1.24671783e+01
-3.77650587e+00 3.55598075e+01 1.21615113e+01
-3.01894957e+00 3.36308715e+01 1.14834826e+01
-2.28175511e+00 3.10946909e+01 1.06033987e+01
-1.66559469e+00 2.92037409e+01 9.94801393e+00
-1.17222753e+00 2.87898578e+01 9.79922931e+00
-7.04685827e-01 2.88552870e+01 9.81629425e+00
-2.34885361e-01 2.88591671e+01 9.81501297e+00
2.35255316e-01 2.89046216e+01 9.83047207e+00
7.05685006e-01 2.88962011e+01 9.83021284e+00
1.15611792e+00 2.83942063e+01 9.66456104e+00
1.61057127e+00 2.82389865e+01 9.61937831e+00
2.11409298e+00 2.88098699e+01 9.82426673e+00
2.68336495e+00 2.98924840e+01 1.02069856e+01
3.42046739e+00 3.22073276e+01 1.10149578e+01
4.12821979e+00 3.36468065e+01 1.15287181e+01
4.75422404e+00 3.41416411e+01 1.17232331e+01
5.42931342e+00 3.48295249e+01 1.19881923e+01
6.36764032e+00 3.68925525e+01 1.27322710e+01
7.41248556e+00 3.91344119e+01 1.35458264e+01
8.20827243e+00 3.97829768e+01 1.38147394e+01
8.83211937e+00 3.95428643e+01 1.37794617e+01
9.41825053e+00 3.91596271e+01 1.36975281e+01
1.01026716e+01 3.91883746e+01 1.37632869e+01
1.07644687e+01 3.91105474e+01 1.37956699e+01
1.13856687e+01 3.88824288e+01 1.37787578e+01
1.17176641e+01 3.77280099e+01 1.34354836e+01
1.24742005e+01 3.79705832e+01 1.35923823e+01
1.38055418e+01 3.98249256e+01 1.43347358e+01
1.52062571e+01 4.16615850e+01 1.57619754e+01
1.50214218e+01 4.33323816e+01 1.62994182e+01
1.38222989e+01 4.20740992e+01 1.57393925e+01
1.26702760e+01 4.07951871e+01 1.51817964e+01
1.15107249e+01 3.93094998e+01 1.45572394e+01
1.03178391e+01 3.74878082e+01 1.38185914e+01
9.74764426e+00 3.78112197e+01 1.38774741e+01
9.26840784e+00 3.85366044e+01 1.40864619e+01
8.51131663e+00 3.81065772e+01 1.38767862e+01
7.82101050e+00 3.79060371e+01 1.37555713e+01
7.07213370e+00 3.73375153e+01 1.35056948e+01
6.47267063e+00 3.75010724e+01 1.35249504e+01
5.83621053e+00 3.74398058e+01 1.34668048e+01
4.96639190e+00 3.56652880e+01 1.27977484e+01
4.28451719e+00 3.49206990e+01 1.25038837e+01
3.69091700e+00 3.47538975e+01 1.24209979e+01
3.07620074e+00 3.42686453e+01 1.22280514e+01
2.45482221e+00 3.34531684e+01 1.19212263e+01
1.79866054e+00 3.15368539e+01 1.12264150e+01
1.19021986e+00 2.92317486e+01 1.03975740e+01
6.93591807e-01 2.84010120e+01 1.00967316e+01
2.29548349e-01 2.82034356e+01 1.00238354e+01
-2.31018307e-01 2.83840419e+01 1.00880250e+01
-6.97055143e-01 2.85428278e+01 1.01471480e+01
-1.16398670e+00 2.85874632e+01 1.01684052e+01
-1.64998025e+00 2.89299648e+01 1.02984207e+01
-2.12641035e+00 2.89777252e+01 1.03263767e+01
-2.63392248e+00 2.93416987e+01 1.04699733e+01
-3.29310717e+00 3.10080961e+01 1.10822533e+01
-4.13142331e+00 3.36729166e+01 1.20570964e+01
-5.01213230e+00 3.59937648e+01 1.29156155e+01
-5.73871578e+00 3.68143684e+01 1.32418398e+01
-6.41410768e+00 3.71617730e+01 1.34025804e+01
-7.01487058e+00 3.70351932e+01 1.33963391e+01
-7.58997940e+00 3.67863003e+01 1.33492344e+01
-8.24820418e+00 3.69285791e+01 1.34478096e+01
-8.86194771e+00 3.68466061e+01 1.34687091e+01
-9.61591021e+00 3.73002219e+01 1.36899277e+01
-1.01714033e+01 3.69557630e+01 1.36224712e+01
-1.05834210e+01 3.61427269e+01 1.33845083e+01
-1.14102316e+01 3.67381525e+01 1.36719841e+01
-1.24056882e+01 3.77620367e+01 1.41263040e+01
-1.34506028e+01 3.88010311e+01 1.45949567e+01
-1.46066950e+01 4.00189251e+01 1.57991343e+01
-1.42951734e+01 4.12373685e+01 1.61861478e+01
-1.32278246e+01 4.02645617e+01 1.57177048e+01
-1.20926819e+01 3.89354754e+01 1.51200327e+01
-1.10761094e+01 3.78252736e+01 1.46169445e+01
-1.01549099e+01 3.68958373e+01 1.41920165e+01
-9.39911057e+00 3.64592536e+01 1.39633790e+01
-8.76338252e+00 3.64367873e+01 1.38982964e+01
-8.25447572e+00 3.69566578e+01 1.40434773e+01
-6.43422364e+00 3.72783199e+01 1.40294724e+01
-5.97347499e+00 3.83203694e+01 1.43831390e+01
-5.30207489e+00 3.80759376e+01 1.42571084e+01
-4.59597056e+00 3.74591809e+01 1.39963015e+01
-3.96696171e+00 3.73531511e+01 1.39307093e+01
-3.25908158e+00 3.63059240e+01 1.35185723e+01
-2.49364744e+00 3.39822605e+01 1.26365626e+01
-1.75598507e+00 3.07886026e+01 1.14368313e+01
-1.19458002e+00 2.93388339e+01 1.08896291e+01
-7.06389423e-01 2.89250454e+01 1.07303542e+01
-2.31759973e-01 2.84751666e+01 1.05606634e+01
2.29749409e-01 2.82281389e+01 1.04690475e+01
6.89597996e-01 2.82374745e+01 1.04752853e+01
1.14048092e+00 2.80101623e+01 1.03964691e+01
1.62757503e+00 2.85371223e+01 1.06004894e+01
2.21696633e+00 3.02117798e+01 1.12344806e+01
2.90226943e+00 3.23310635e+01 1.20385262e+01
3.61060732e+00 3.39976967e+01 1.26793059e+01
4.21081848e+00 3.43200221e+01 1.28233817e+01
4.72154797e+00 3.39069835e+01 1.26960903e+01
5.23908308e+00 3.36091805e+01 1.26148448e+01
5.83403820e+00 3.38009921e+01 1.27208009e+01
6.49718108e+00 3.43020379e+01 1.29474563e+01
7.11154290e+00 3.44674654e+01 1.30518661e+01
7.71202042e+00 3.45279954e+01 1.31205890e+01
8.29993320e+00 3.45098369e+01 1.31632885e+01
8.98633499e+00 3.48580926e+01 1.33501570e+01
9.67138847e+00 3.51390588e+01 1.35162701e+01
1.06018077e+01 3.62055180e+01 1.39910170e+01
1.13148436e+01 3.64310266e+01 1.41474659e+01
1.21527822e+01 3.69922087e+01 1.44403066e+01
1.34069726e+01 3.86751707e+01 1.51804553e+01
1.40102711e+01 3.83848633e+01 1.57921925e+01
1.35829236e+01 3.91827375e+01 1.60273564e+01
1.26821363e+01 3.86035249e+01 1.57039056e+01
1.17494218e+01 3.78302621e+01 1.53095053e+01
1.10245203e+01 3.76490951e+01 1.51615507e+01
1.01587877e+01 3.69099267e+01 1.47953241e+01
9.13144801e+00 3.54209876e+01 1.41370235e+01
8.28002609e+00 3.44270662e+01 1.36847248e+01
7.58982329e+00 3.39808986e+01 1.34564774e+01
6.94809917e+00 3.36753038e+01 1.32889095e+01
6.32224980e+00 3.33784836e+01 1.31294247e+01
5.69849782e+00 3.30157043e+01 1.29485201e+01
5.13525734e+00 3.29431292e+01 1.28855630e+01
4.60864394e+00 3.30961827e+01 1.29143726e+01
4.11290112e+00 3.35219526e+01 1.30526556e+01
3.61488141e+00 3.40379417e+01 1.32289031e+01
3.04620319e+00 3.39344748e+01 1.31676728e+01
2.49777925e+00 3.40385669e+01 1.31905382e+01
1.91259466e+00 3.35345203e+01 1.29814258e+01
1.30402742e+00 3.20268573e+01 1.23879409e+01
7.27472710e-01 2.97883582e+01 1.15159863e+01
2.31676542e-01 2.84649158e+01 1.10014363e+01
-2.28760545e-01 2.81066422e+01 1.08629668e+01
-6.83750857e-01 2.79980474e+01 1.08238637e+01
-1.14696978e+00 2.81695285e+01 1.08959319e+01
-1.61955963e+00 2.83965841e+01 1.09924981e+01
-2.18906801e+00 2.98315945e+01 1.15602630e+01
-2.81155798e+00 3.13205448e+01 1.21533835e+01
-3.57475711e+00 3.36601290e+01 1.30820656e+01
-4.39225907e+00 3.57988427e+01 1.39392228e+01
-5.08899405e+00 3.65457342e+01 1.42604128e+01
-5.69347832e+00 3.65241660e+01 1.42862702e+01
-6.36519773e+00 3.68784007e+01 1.44634416e+01
-6.89184784e+00 3.63856914e+01 1.43123097e+01
-7.40294183e+00 3.58797866e+01 1.41588400e+01
-9.16951728e+00 3.33156100e+01 1.33545442e+01
-9.93778280e+00 3.39378513e+01 1.36670072e+01
-1.06441072e+01 3.42714197e+01 1.38692796e+01
-1.13957701e+01 3.46879175e+01 1.41110374e+01
-1.15799289e+01 3.34046873e+01 1.36638954e+01
-1.20869571e+01 3.31154331e+01 1.41806669e+01
-1.15664080e+01 3.33656835e+01 1.42053170e+01
-1.07113437e+01 3.26045720e+01 1.38052095e+01
-1.04026879e+01 3.34941086e+01 1.41082783e+01
-1.01392413e+01 3.46258386e+01 1.45135337e+01
-9.42717577e+00 3.42517607e+01 1.42905185e+01
-6.60608433e+00 3.48769955e+01 1.42791364e+01
-5.96260217e+00 3.45458604e+01 1.41019564e+01
-5.44883805e+00 3.49547771e+01 1.42307855e+01
-5.00557784e+00 3.59466951e+01 1.45995060e+01
-4.33077274e+00 3.52977021e+01 1.43053929e+01
-3.74653419e+00 3.52775923e+01 1.42706340e+01
-3.14366039e+00 3.50201407e+01 1.41439127e+01
-2.51910752e+00 3.43292186e+01 1.38464662e+01
-1.83364127e+00 3.21501892e+01 1.29538128e+01
-1.23822176e+00 3.04106733e+01 1.22431909e+01
-7.07823934e-01 2.89837854e+01 1.16625484e+01
-2.30341229e-01 2.83008528e+01 1.13847315e+01
2.30359355e-01 2.83030798e+01 1.13856274e+01
7.07119744e-01 2.89549504e+01 1.16509458e+01
1.19211430e+00 2.92782760e+01 1.17872932e+01
1.77786794e+00 3.11722863e+01 1.25598005e+01
2.38004352e+00 3.24341195e+01 1.30820904e+01
3.01879994e+00 3.36292046e+01 1.35821423e+01
3.59400642e+00 3.38413816e+01 1.36896523e+01
4.10276991e+00 3.34393788e+01 1.35522548e+01
4.60717446e+00 3.30856299e+01 1.34375038e+01
5.08429423e+00 3.26161963e+01 1.32787027e+01
5.49813068e+00 3.18548260e+01 1.30034500e+01
5.94365455e+00 3.13796801e+01 1.28472859e+01
6.45831875e+00 3.13014885e+01 1.28566138e+01
6.90498549e+00 3.09147661e+01 1.27422546e+01
7.41649671e+00 3.08366447e+01 1.27581280e+01
7.97111574e+00 3.09200460e+01 1.28446191e+01
8.64936849e+00 3.14257533e+01 1.31114517e+01
9.48296518e+00 3.23846343e+01 1.35741256e+01
1.06012277e+01 3.41333581e+01 1.43775408e+01
1.13474527e+01 3.45408427e+01 1.46250523e+01
1.17153006e+01 3.37951947e+01 1.43881798e+01
1.16482826e+01 3.19135677e+01 1.42081451e+01
1.08983149e+01 3.14384316e+01 1.39157810e+01
1.03440727e+01 3.14866250e+01 1.38607401e+01
9.94035327e+00 3.20055042e+01 1.40160641e+01
1.02036674e+01 3.48458559e+01 1.51851753e+01
9.35589753e+00 3.39927855e+01 1.47450974e+01
8.32061654e+00 3.22757634e+01 1.39397001e+01
7.21280247e+00 2.99897156e+01 1.28999491e+01
6.50366398e+00 2.91179831e+01 1.24777825e+01
6.03031598e+00 2.92270904e+01 1.24808165e+01
5.48505131e+00 2.89584722e+01 1.23263454e+01
5.04191242e+00 2.92116089e+01 1.23975150e+01
4.67008498e+00 2.99590074e+01 1.26807683e+01
4.35726511e+00 3.12909489e+01 1.32127657e+01
3.92989631e+00 3.20303829e+01 1.34961935e+01
3.48043664e+00 3.27720017e+01 1.37829794e+01
3.01127086e+00 3.35453313e+01 1.40857370e+01
2.53041513e+00 3.44833134e+01 1.44603842e+01
1.98353231e+00 3.47783070e+01 1.45686171e+01
1.38594963e+00 3.40388633e+01 1.42475255e+01
7.95682269e-01 3.25813850e+01 1.36302464e+01
2.54798395e-01 3.13057801e+01 1.30931339e+01
-2.47132584e-01 3.03639210e+01 1.26992167e+01
-7.19981738e-01 2.94816199e+01 1.23334764e+01
-1.18424339e+00 2.90849667e+01 1.21739907e+01
-1.67650939e+00 2.93951140e+01 1.23136000e+01
-2.24257387e+00 3.05607473e+01 1.28154781e+01
-2.81293204e+00 3.13358516e+01 1.31579730e+01
-3.48304376e+00 3.27965505e+01 1.37933040e+01
-4.07640392e+00 3.32244844e+01 1.39993353e+01
-4.72070634e+00 3.39009395e+01 1.43148478e+01
-5.25342449e+00 3.37011819e+01 1.42647208e+01
-5.80661537e+00 3.36421110e+01 1.42778364e+01
-6.23349488e+00 3.29098997e+01 1.40082939e+01
-6.83326639e+00 3.31187446e+01 1.41426659e+01
-7.49235778e+00 3.35445293e+01 1.43746681e+01
-8.15218324e+00 3.38955154e+01 1.45800123e+01
-8.39267015e+00 3.25552602e+01 1.40604130e+01
-9.40193813e+00 3.21079243e+01 1.39920357e+01
-1.02301302e+01 3.29385149e+01 1.44246544e+01
-1.08873636e+01 3.31403639e+01 1.45887332e+01
-1.06310093e+01 3.06673335e+01 1.35744652e+01
-1.05625360e+01 2.89388762e+01 1.33810475e+01
-1.04062474e+01 3.00189615e+01 1.38003087e+01
-9.77687946e+00 2.97601289e+01 1.36063469e+01
-9.67494197e+00 3.11509447e+01 1.41683426e+01
-7.41843377e+00 3.08446988e+01 1.37797902e+01
-7.25879586e+00 3.24988338e+01 1.44640637e+01
-6.81616616e+00 3.30358650e+01 1.46517508e+01
-6.29905849e+00 3.32560445e+01 1.47019758e+01
-5.64210828e+00 3.26889971e+01 1.44087791e+01
-5.05248632e+00 3.24121457e+01 1.42486052e+01
-4.52157863e+00 3.24709381e+01 1.42402057e+01
-3.96991006e+00 3.23565126e+01 1.41598058e+01
-3.44714709e+00 3.24585453e+01 1.41780210e+01
-2.89103366e+00 3.22058979e+01 1.40452452e+01
-2.31196984e+00 3.15064431e+01 1.37219756e+01
-1.71550699e+00 3.00788792e+01 1.30863330e+01
-1.16596138e+00 2.86359612e+01 1.24486594e+01
-6.94177262e-01 2.84249851e+01 1.23503946e+01
-2.31419457e-01 2.84333291e+01 1.23507468e+01
2.35826274e-01 2.89747722e+01 1.25859365e+01
7.50206418e-01 3.07192520e+01 1.33472325e+01
1.27547269e+00 3.13255543e+01 1.36178826e+01
1.88243715e+00 3.30057530e+01 1.43597197e+01
2.52250427e+00 3.43755078e+01 1.49715371e+01
3.11542381e+00 3.47055873e+01 1.51353794e+01
3.68844834e+00 3.47306524e+01 1.51704864e+01
4.24701935e+00 3.46150751e+01 1.51481944e+01
4.78130812e+00 3.43361407e+01 1.50581946e+01
5.05751750e+00 3.24444212e+01 1.42627937e+01
5.31102800e+00 3.07707988e+01 1.35632685e+01
5.42494897e+00 2.86411604e+01 1.26618079e+01
5.55988880e+00 2.69470743e+01 1.19513086e+01
5.79776836e+00 2.59575712e+01 1.15527826e+01
6.09920636e+00 2.53595555e+01 1.13293165e+01
6.54208172e+00 2.53768072e+01 1.13830937e+01
7.23590247e+00 2.62902068e+01 1.18440797e+01
8.94131374e+00 3.05348770e+01 1.38201028e+01
1.01876053e+01 3.28015953e+01 1.49191057e+01
1.09484073e+01 3.33261768e+01 1.52367460e+01
1.05847066e+01 3.05337637e+01 1.40369734e+01
9.94904085e+00 2.72580430e+01 1.30778125e+01
9.54574903e+00 2.75366769e+01 1.31351989e+01
9.18648303e+00 2.79630039e+01 1.32654669e+01
9.01459034e+00 2.90247742e+01 1.36977319e+01
9.95855356e+00 3.40087841e+01 1.59712236e+01
9.32491935e+00 3.38802324e+01 1.58374656e+01
8.22036868e+00 3.18869009e+01 1.48411525e+01
6.36639466e+00 2.64704831e+01 1.22703210e+01
5.63812112e+00 2.52428040e+01 1.16571431e+01
5.15625570e+00 2.49907886e+01 1.15004752e+01
4.75605632e+00 2.51097241e+01 1.15180520e+01
4.52510444e+00 2.62173497e+01 1.19907503e+01
4.43015979e+00 2.84198661e+01 1.29633899e+01
4.32515743e+00 3.10603731e+01 1.41338370e+01
4.10106554e+00 3.34254875e+01 1.51776776e+01
3.64112700e+00 3.42850718e+01 1.55390195e+01
3.09227114e+00 3.44476682e+01 1.55878324e+01
2.52990617e+00 3.44763775e+01 1.55801229e+01
1.97951335e+00 3.47078406e+01 1.56680842e+01
1.36933332e+00 3.36307675e+01 1.51697905e+01
8.05083987e-01 3.29663640e+01 1.48622179e+01
2.55337894e-01 3.13720655e+01 1.41397133e+01
-2.47051301e-01 3.03539341e+01 1.36808309e+01
-6.94589414e-01 2.84418618e+01 1.28224376e+01
-1.12310340e+00 2.75833713e+01 1.24419987e+01
-1.55394209e+00 2.72460776e+01 1.22996369e+01
-1.99237145e+00 2.71511059e+01 1.22697800e+01
-2.53740104e+00 2.82664570e+01 1.27907872e+01
-3.15529602e+00 2.97104579e+01 1.34656678e+01
-3.79647152e+00 3.09429122e+01 1.40504023e+01
-4.31400522e+00 3.09802855e+01 1.40973936e+01
-4.82902288e+00 3.09786081e+01 1.41305301e+01
-5.32039411e+00 3.08250637e+01 1.40981315e+01
-5.83192147e+00 3.07897823e+01 1.41235449e+01
-6.48202155e+00 3.14163687e+01 1.44574537e+01
-7.05259306e+00 3.15756297e+01 1.45816460e+01
-7.52639245e+00 3.12935742e+01 1.45060519e+01
-7.84566047e+00 3.04334036e+01 1.41646498e+01
-7.92179629e+00 2.87822650e+01 1.34543980e+01
-1.05363057e+01 3.03941413e+01 1.44982305e+01
-1.05005539e+01 2.87690598e+01 1.43092021e+01
-1.01753850e+01 2.93529915e+01 1.45153264e+01
-9.72287951e+00 2.95957568e+01 1.45551767e+01
-8.26267314e+00 3.20510003e+01 1.54648681e+01
-6.82619039e+00 2.83822425e+01 1.36392371e+01
-6.33333089e+00 2.83553736e+01 1.35749807e+01
-6.16172282e+00 2.98639791e+01 1.42473080e+01
-5.75737935e+00 3.03962353e+01 1.44546043e+01
-5.17439424e+00 2.99791762e+01 1.42143361e+01
-4.65346288e+00 2.98523752e+01 1.41164261e+01
-4.12916958e+00 2.96529201e+01 1.39884692e+01
-3.59820416e+00 2.93269461e+01 1.38052327e+01
-3.08341744e+00 2.90336449e+01 1.36417292e+01
-2.47652337e+00 2.75882844e+01 1.29419556e+01
-1.98251321e+00 2.70167624e+01 1.26570318e+01
-1.45152156e+00 2.54502850e+01 1.19105075e+01
-9.81073125e-01 2.40951137e+01 1.12673322e+01
-5.81443558e-01 2.38087955e+01 1.11275438e+01
-1.98027888e-01 2.43306772e+01 1.13684433e+01
2.08795831e-01 2.56536795e+01 1.19866126e+01
6.95690026e-01 2.84869293e+01 1.33139685e+01
1.22974841e+00 3.02025680e+01 1.41232937e+01
1.82888374e+00 3.20667729e+01 1.50069651e+01
2.42786650e+00 3.30858286e+01 1.55003171e+01
2.94902830e+00 3.28519538e+01 1.54111986e+01
3.54965887e+00 3.34238024e+01 1.57044857e+01
4.19246313e+00 3.41704180e+01 1.60852265e+01
4.86915063e+00 3.49669666e+01 1.64953176e+01
5.53608383e+00 3.55144665e+01 1.67938846e+01
5.99829840e+00 3.47526756e+01 1.64776447e+01
6.01053015e+00 3.17327515e+01 1.50901703e+01
5.69514191e+00 2.76026046e+01 1.31684665e+01
5.71196815e+00 2.55734295e+01 1.22431401e+01
5.82277314e+00 2.42101890e+01 1.16343346e+01
6.25277444e+00 2.42545811e+01 1.17030325e+01
7.09824294e+00 2.57900483e+01 1.24980073e+01
9.10133959e+00 3.10813705e+01 1.51320079e+01
1.06620019e+01 3.43290360e+01 1.67954148e+01
1.13185858e+01 3.44529739e+01 1.69439533e+01
1.06122354e+01 3.06131763e+01 1.51384994e+01
9.91717988e+00 2.71707514e+01 1.39986784e+01
9.75626941e+00 2.81439663e+01 1.44163520e+01
9.16579047e+00 2.79000173e+01 1.42130781e+01
9.32097136e+00 3.00112460e+01 1.52092848e+01
1.02234828e+01 3.49135262e+01 1.76070157e+01
9.78032862e+00 3.55348711e+01 1.78377059e+01
8.67489938e+00 3.36500305e+01 1.68184408e+01
6.54658049e+00 2.72196678e+01 1.35494551e+01
5.62335515e+00 2.51766944e+01 1.24852773e+01
5.11052358e+00 2.47691390e+01 1.22402895e+01
4.85722685e+00 2.56438565e+01 1.26318043e+01
4.82793885e+00 2.79718983e+01 1.37380302e+01
5.03405163e+00 3.22938856e+01 1.58183729e+01
4.85438485e+00 3.48609287e+01 1.70348109e+01
4.36799941e+00 3.56011158e+01 1.73594571e+01
3.76157247e+00 3.54191936e+01 1.72386071e+01
3.06505999e+00 3.41445381e+01 1.65917461e+01
2.45127580e+00 3.34048397e+01 1.62107682e+01
1.89354155e+00 3.32004520e+01 1.60944912e+01
1.32349989e+00 3.25051003e+01 1.57448769e+01
7.65662439e-01 3.13521410e+01 1.51783559e+01
2.41711594e-01 2.96978716e+01 1.43736732e+01
-2.22518528e-01 2.73397174e+01 1.32323343e+01
-6.03066763e-01 2.46942167e+01 1.19550881e+01
-9.27784713e-01 2.27863526e+01 1.10372930e+01
-1.28466159e+00 2.25246421e+01 1.09192084e+01
-1.65736471e+00 2.25857908e+01 1.09604783e+01
-2.03633964e+00 2.26846707e+01 1.10230894e+01
-2.59575814e+00 2.44418155e+01 1.18958906e+01
-3.10316165e+00 2.52921319e+01 1.23326943e+01
-3.58624121e+00 2.57539736e+01 1.25846925e+01
-4.04543534e+00 2.59518248e+01 1.27118690e+01
-4.51319846e+00 2.61483694e+01 1.28424279e+01
-4.93102556e+00 2.60334788e+01 1.28237267e+01
-5.30443803e+00 2.57089828e+01 1.27047368e+01
-5.78791617e+00 2.59134613e+01 1.28506446e+01
-6.13160006e+00 2.54942435e+01 1.26905703e+01
-6.46325939e+00 2.50710545e+01 1.25306290e+01
-7.48665278e+00 2.72012579e+01 1.36544196e+01
-9.43476011e+00 3.22200124e+01 1.62486671e+01
-9.25102461e+00 3.36117506e+01 1.74640076e+01
-8.40859933e+00 3.26170496e+01 1.68738221e+01
-6.53725292e+00 2.71808852e+01 1.40046136e+01
-5.39756531e+00 2.41657958e+01 1.24042100e+01
-4.89239119e+00 2.37119183e+01 1.21287485e+01
-4.56664074e+00 2.41096995e+01 1.22925609e+01
-4.11617400e+00 2.38481066e+01 1.21234145e+01
-3.71138260e+00 2.38088470e+01 1.20711430e+01
-3.34979844e+00 2.40560005e+01 1.21671906e+01
-2.87217149e+00 2.34094606e+01 1.18149655e+01
-2.40194002e+00 2.26168124e+01 1.13936643e+01
-2.01029813e+00 2.23945702e+01 1.12637267e+01
-1.63212334e+00 2.22418132e+01 1.11720512e+01
-1.19207399e+00 2.09012554e+01 1.04875525e+01
-8.27144438e-01 2.03146318e+01 1.01850986e+01
-4.96342944e-01 2.03241183e+01 1.01844543e+01
-1.67521190e-01 2.05824748e+01 1.03111845e+01
1.83624863e-01 2.25610510e+01 1.13023901e+01
6.13925445e-01 2.51388551e+01 1.25971281e+01
1.08995806e+00 2.67693231e+01 1.34212717e+01
1.71957243e+00 3.01501608e+01 1.51283447e+01
2.32297704e+00 3.16564441e+01 1.59010154e+01
2.86714727e+00 3.19398053e+01 1.60646637e+01
3.44324998e+00 3.24218499e+01 1.63331449e+01
4.02151198e+00 3.27770909e+01 1.65428928e+01
4.63126202e+00 3.32586105e+01 1.68217428e+01
5.22541669e+00 3.35215094e+01 1.69954863e+01
5.75420564e+00 3.33384618e+01 1.69479278e+01
5.97464203e+00 3.15432793e+01 1.60826427e+01
5.81222386e+00 2.81700649e+01 1.44091097e+01
5.80420857e+00 2.59864051e+01 1.33387217e+01
5.99003663e+00 2.49056446e+01 1.28323241e+01
6.48476686e+00 2.51544822e+01 1.30132021e+01
7.89007883e+00 2.86670259e+01 1.48948254e+01
1.00657436e+01 3.43748417e+01 1.79432566e+01
1.09841472e+01 3.53662651e+01 1.85516476e+01
1.14183481e+01 3.47566432e+01 1.83269426e+01
1.03128260e+01 2.97494682e+01 1.57731272e+01
1.00863187e+01 2.76341521e+01 1.52428396e+01
9.71715590e+00 2.80311353e+01 1.53725215e+01
9.26250477e+00 2.81944087e+01 1.53773326e+01
9.06960503e+00 2.92019080e+01 1.58442008e+01
1.01612548e+01 3.47010154e+01 1.87356415e+01
9.80030198e+00 3.56074403e+01 1.91363611e+01
9.16287825e+00 3.55429059e+01 1.90189943e+01
7.14388220e+00 2.97031558e+01 1.58298190e+01
5.82986070e+00 2.61012540e+01 1.38578292e+01
5.18385162e+00 2.51245375e+01 1.32926999e+01
4.85838706e+00 2.56499819e+01 1.35270613e+01
4.72454323e+00 2.73728493e+01 1.43931841e+01
4.82163209e+00 3.09311955e+01 1.62208108e+01
4.56097379e+00 3.27538477e+01 1.71354311e+01
4.10554715e+00 3.34620145e+01 1.74686345e+01
3.54289801e+00 3.33601418e+01 1.73830403e+01
2.92484116e+00 3.25825108e+01 1.69507823e+01
2.34826489e+00 3.20010551e+01 1.66261942e+01
1.81131924e+00 3.17588055e+01 1.64828293e+01
1.27464862e+00 3.13053153e+01 1.62345474e+01
7.20745065e-01 2.95128764e+01 1.52968995e+01
2.15048856e-01 2.64219568e+01 1.36912080e+01
-1.96864127e-01 2.41876918e+01 1.25334668e+01
-5.46024754e-01 2.23584758e+01 1.15886826e+01
-8.35646369e-01 2.05234389e+01 1.06432003e+01
-1.32808224e+00 2.32859590e+01 1.20854195e+01
-1.63126658e+00 2.22301377e+01 1.15497000e+01
-1.86110932e+00 2.07326181e+01 1.07859734e+01
-2.13599192e+00 2.01126290e+01 1.04801305e+01
-2.56731944e+00 2.09247823e+01 1.09236511e+01
-3.01833396e+00 2.16756455e+01 1.13397831e+01
-3.42513044e+00 2.19725142e+01 1.15227359e+01
-3.79658775e+00 2.19965019e+01 1.15661946e+01
-4.12159005e+00 2.17600428e+01 1.14756195e+01
-4.50669539e+00 2.18425691e+01 1.15563010e+01
-4.88811372e+00 2.18848964e+01 1.16192562e+01
-5.27973308e+00 2.19523125e+01 1.16991318e+01
-6.05412399e+00 2.34840138e+01 1.25662861e+01
-7.98694999e+00 2.90189879e+01 1.55955561e+01
-9.37758507e+00 3.20247578e+01 1.72906865e+01
-1.01102260e+01 3.25524528e+01 1.76621199e+01
-9.40652762e+00 3.41767398e+01 1.89860615e+01
-8.49703036e+00 3.29600746e+01 1.82309144e+01
-6.97704686e+00 2.90094803e+01 1.59808162e+01
-5.45375088e+00 2.44173479e+01 1.34004065e+01
-4.51131427e+00 2.18649554e+01 1.19577473e+01
-4.10839128e+00 2.16903595e+01 1.18241191e+01
-3.62966752e+00 2.10294069e+01 1.14300873e+01
-3.19002956e+00 2.04643212e+01 1.10932512e+01
-2.79957301e+00 2.01046513e+01 1.08721367e+01
-2.44398282e+00 1.99195346e+01 1.07490903e+01
-2.15604659e+00 2.03014650e+01 1.09348008e+01
-2.06647436e+00 2.30203691e+01 1.23795008e+01
-1.79662584e+00 2.44835762e+01 1.31488889e+01
-1.32542996e+00 2.32394551e+01 1.24674947e+01
-4.71701426e-01 1.15849667e+01 6.21015650e+00
-2.83070857e-01 1.15911098e+01 6.21015650e+00
-1.87421849e-01 2.30275673e+01 1.23341862e+01
1.71599212e-01 2.10835206e+01 1.12929023e+01
5.50734314e-01 2.25513216e+01 1.20822974e+01
1.00577267e+00 2.47017336e+01 1.32414391e+01
1.61145581e+00 2.82544957e+01 1.51579620e+01
2.16527630e+00 2.95073722e+01 1.58469153e+01
2.71267908e+00 3.02190412e+01 1.62506796e+01
3.28914910e+00 3.09708267e+01 1.66815460e+01
3.88052422e+00 3.16279787e+01 1.70672662e+01
4.44913992e+00 3.19507320e+01 1.72782269e+01
4.95074033e+00 3.17594363e+01 1.72160807e+01
5.38691344e+00 3.12104605e+01 1.69637826e+01
5.61419581e+00 2.96402940e+01 1.61578865e+01
5.45959720e+00 2.64609917e+01 1.44712782e+01
5.70180803e+00 2.55279409e+01 1.40099075e+01
6.08216629e+00 2.52887055e+01 1.39311063e+01
6.82315470e+00 2.64670924e+01 1.46395086e+01
8.84746598e+00 3.21455010e+01 1.78576559e+01
1.03402134e+01 3.53121649e+01 1.97077197e+01
1.08669120e+01 3.49887963e+01 1.96233777e+01
1.09574283e+01 3.33536361e+01 1.88038533e+01
9.98231885e+00 2.87960524e+01 1.63238662e+01
9.81206437e+00 2.68827595e+01 1.58345439e+01
9.64120404e+00 2.78120365e+01 1.62873036e+01
9.44763118e+00 2.87579204e+01 1.67489456e+01
8.87519485e+00 2.85759548e+01 1.65566260e+01
9.42054654e+00 3.21714726e+01 1.85485217e+01
9.96384622e+00 3.62016456e+01 2.07758544e+01
9.59420256e+00 3.72160177e+01 2.12655438e+01
8.55025391e+00 3.55506316e+01 2.02317130e+01
6.62598210e+00 2.96656216e+01 1.68189648e+01
5.44242082e+00 2.63777431e+01 1.49026924e+01
4.82348738e+00 2.54657281e+01 1.43411663e+01
4.42303064e+00 2.56259590e+01 1.43889458e+01
4.30451979e+00 2.76138745e+01 1.54637628e+01
4.24448156e+00 3.04810133e+01 1.70284096e+01
3.80631734e+00 3.10231600e+01 1.72943755e+01
3.35981291e+00 3.16362014e+01 1.76033027e+01
2.84593474e+00 3.17034993e+01 1.76126367e+01
2.22687438e+00 3.03468021e+01 1.68365638e+01
1.66765139e+00 2.92398021e+01 1.62051856e+01
1.11451167e+00 2.73723586e+01 1.51581536e+01
6.44960782e-01 2.64096818e+01 1.46172953e+01
1.93556154e-01 2.37812581e+01 1.31590214e+01
-1.78958610e-01 2.19877322e+01 1.21665993e+01
-4.93159145e-01 2.01937489e+01 1.11768855e+01
-9.90760244e-01 2.43330290e+01 1.34750460e+01
-6.55315543e-01 1.14899894e+01 6.36794358e+00
-8.42250863e-01 1.14778007e+01 6.36794358e+00
-1.02896302e+00 1.14625708e+01 6.36794358e+00
-1.21540255e+00 1.14443039e+01 6.36794358e+00
-1.40152005e+00 1.14230047e+01 6.36794358e+00
-1.58726621e+00 1.13986789e+01 6.36794358e+00
-1.77259181e+00 1.13713329e+01 6.36794358e+00
-2.82004252e+00 1.63386375e+01 9.17412569e+00
-4.54028948e+00 2.39705774e+01 1.34991639e+01
-4.03869787e+00 1.95743288e+01 1.10589522e+01
-4.77657339e+00 2.13855119e+01 1.21245453e+01
-5.28379994e+00 2.19692218e+01 1.25025906e+01
-6.71483734e+00 2.60469282e+01 1.48834327e+01
-9.23152963e+00 3.35409196e+01 1.92488835e+01
-1.01943256e+01 3.48139532e+01 2.00720487e+01
-1.07018198e+01 3.44572399e+01 1.99641845e+01
-9.59455781e+00 3.48599099e+01 2.06558566e+01
-8.98467618e+00 3.48516581e+01 2.05615764e+01
-8.36975427e+00 3.48001420e+01 2.04480887e+01
-6.14748188e+00 2.75232967e+01 1.61113759e+01
-4.74793203e+00 2.30117691e+01 1.34234293e+01
-4.04507952e+00 2.13561034e+01 1.24175741e+01
-3.39371715e+00 1.96623681e+01 1.13991126e+01
-3.45861182e+00 2.21873001e+01 1.28285822e+01
-1.64297630e+00 1.17987513e+01 6.80561073e+00
-1.39079721e+00 1.13356088e+01 6.52454261e+00
-1.20610367e+00 1.13567450e+01 6.52454261e+00
-1.02109056e+00 1.13748722e+01 6.52454261e+00
-8.35806914e-01 1.13899855e+01 6.52454261e+00
-6.50301811e-01 1.14020810e+01 6.52454261e+00
-4.64624406e-01 1.14111554e+01 6.52454261e+00
-2.78823895e-01 1.14172064e+01 6.52454261e+00
-1.33407837e-01 1.63911409e+01 9.36449412e+00
1.79871791e-01 2.20999302e+01 1.26260074e+01
5.03481629e-01 2.06164312e+01 1.17815847e+01
8.90004156e-01 2.18584638e+01 1.24979876e+01
1.36872478e+00 2.39985659e+01 1.37325516e+01
1.83030747e+00 2.49425738e+01 1.42878922e+01
2.36207915e+00 2.63133843e+01 1.50931627e+01
3.01166977e+00 2.83580646e+01 1.62919393e+01
3.62007375e+00 2.95051928e+01 1.69825804e+01
4.11994599e+00 2.95866825e+01 1.70658266e+01
4.51206405e+00 2.89452892e+01 1.67360165e+01
4.81174031e+00 2.78780479e+01 1.61620922e+01
4.89880707e+00 2.58633804e+01 1.50383445e+01
5.09798410e+00 2.47083640e+01 1.44131021e+01
5.60173356e+00 2.50798909e+01 1.46810738e+01
6.41742859e+00 2.66826742e+01 1.56783754e+01
7.84965570e+00 3.04489011e+01 1.79640638e+01
1.01972590e+01 3.70497043e+01 2.19533952e+01
1.06566894e+01 3.63929407e+01 2.16641613e+01
1.09780267e+01 3.53465587e+01 2.11448494e+01
1.04323531e+01 3.17553442e+01 1.90955947e+01
9.71870462e+00 2.80356029e+01 1.69516770e+01
1.00033238e+01 2.74067656e+01 1.72004704e+01
1.02880850e+01 2.96780979e+01 1.85183927e+01
9.53470121e+00 2.90229554e+01 1.80103626e+01
8.77154774e+00 2.82422365e+01 1.74349618e+01
9.28993766e+00 3.17254391e+01 1.94893264e+01
9.86454272e+00 3.58408462e+01 2.19159178e+01
9.60450910e+00 3.72559968e+01 2.26826405e+01
9.63402645e+00 4.00567900e+01 2.42891494e+01
8.24671609e+00 3.69219167e+01 2.23039034e+01
6.42925274e+00 3.11606144e+01 1.87578882e+01
5.17491618e+00 2.73211057e+01 1.63937184e+01
4.27517665e+00 2.47693291e+01 1.48188302e+01
3.79094071e+00 2.43192193e+01 1.45106975e+01
3.57673250e+00 2.56856884e+01 1.52892691e+01
3.31827079e+00 2.70453660e+01 1.60643273e+01
2.91363109e+00 2.74349264e+01 1.62653890e+01
2.43590272e+00 2.71357734e+01 1.60623915e+01
1.92900235e+00 2.62875414e+01 1.55396534e+01
1.40532975e+00 2.46403799e+01 1.45504963e+01
9.00453630e-01 2.21151024e+01 1.30488988e+01
5.28836727e-01 2.16546650e+01 1.27704485e+01
1.64816025e-01 2.02501049e+01 1.19389703e+01
-1.60958912e-01 1.97762012e+01 1.16595681e+01
-5.68710570e-01 2.32874085e+01 1.37333295e+01
-5.88068514e-01 1.44429374e+01 8.52197857e+00
-6.45166753e-01 1.13120454e+01 6.67992437e+00
-8.29207030e-01 1.13000454e+01 6.67992437e+00
-1.01302760e+00 1.12850514e+01 6.67992437e+00
-1.19657977e+00 1.12670674e+01 6.67992437e+00
-1.37981489e+00 1.12460980e+01 6.67992437e+00
-1.56268442e+00 1.12221490e+01 6.67992437e+00
-1.74513990e+00 1.11952265e+01 6.67992437e+00
-1.92713300e+00 1.11653378e+01 6.67992437e+00
-4.43374360e+00 2.34080656e+01 1.40457433e+01
-4.10477675e+00 1.98945929e+01 1.19760331e+01
-4.88096442e+00 2.18528878e+01 1.32009587e+01
-5.95060703e+00 2.47417025e+01 1.50025728e+01
-8.15933031e+00 3.16501323e+01 1.92696112e+01
-9.36000479e+00 3.40077084e+01 2.07949928e+01
-9.96435796e+00 3.40286063e+01 2.09041903e+01
-8.84989803e+00 3.43288522e+01 2.15583798e+01
-8.50539686e+00 3.53641229e+01 2.21186424e+01
-7.26840301e+00 3.25418467e+01 2.02767453e+01
-5.45625467e+00 2.64447915e+01 1.64201641e+01
-4.30577070e+00 2.27324293e+01 1.40696879e+01
-3.63815162e+00 2.10785617e+01 1.30076866e+01
-3.36163301e+00 2.15651725e+01 1.32724473e+01
-1.54995504e+00 1.11307352e+01 6.83405986e+00
-1.36857514e+00 1.11544891e+01 6.83405986e+00
-1.18683262e+00 1.11752877e+01 6.83405986e+00
-1.00477564e+00 1.11931252e+01 6.83405986e+00
-8.72075042e-01 1.18842306e+01 7.24639230e+00
-1.30679522e+00 2.29127226e+01 1.39561786e+01
-9.62724521e-01 2.36444728e+01 1.43904362e+01
-5.41054761e-01 2.21549658e+01 1.34767502e+01
-1.89344782e-01 2.32638282e+01 1.41475159e+01
1.90919424e-01 2.34572966e+01 1.42651705e+01
5.50772340e-01 2.25528786e+01 1.37187985e+01
8.55169116e-01 2.10029167e+01 1.27827394e+01
1.10819689e+00 1.94305943e+01 1.18352083e+01
1.53761868e+00 2.09539478e+01 1.27766392e+01
1.92923345e+00 2.14915157e+01 1.31218317e+01
2.45215145e+00 2.30896062e+01 1.41200617e+01
2.93622297e+00 2.39315083e+01 1.46622009e+01
3.37111313e+00 2.42090683e+01 1.48639079e+01
3.67312365e+00 2.35634125e+01 1.45022791e+01
3.93253789e+00 2.27841639e+01 1.40602223e+01
4.29718199e+00 2.26870850e+01 1.40416232e+01
5.01876153e+00 2.43243965e+01 1.51035633e+01
6.31772738e+00 2.82855141e+01 1.76246348e+01
8.45760219e+00 3.51654001e+01 2.19943504e+01
1.06517931e+01 4.13184232e+01 2.59478020e+01
1.07097311e+01 3.89116693e+01 2.45426065e+01
1.07941005e+01 3.68622039e+01 2.33576906e+01
1.05046342e+01 3.38223505e+01 2.15369954e+01
9.69842408e+00 2.95213162e+01 1.88962642e+01
9.82965372e+00 2.83556584e+01 1.82501474e+01
1.08293201e+01 2.96698021e+01 1.98028089e+01
