1.01213675e+00
1.02727717e+00
1.05301587e+00
1.08178266e+00
1.27103785e+00
1.01440781e+00
1.04620269e+00
1.01970696e+00
9.94725275e-01
1.32024420e+00
1.02652015e+00
1.07118437e+00
1.01440781e+00
1.16202686e+00
1.79111111e+00
1.39064713e+00
1.04241758e+00
1.02349206e+00
1.04090354e+00
1.40275946e+00
1.29980464e+00
9.53846154e-01
1.01365079e+00
1.02954823e+00
1.32402930e+00
1.26422466e+00
1.01365079e+00
9.82612943e-01
8.84200244e-01
1.29223443e+00
1.54053724e+00
1.39670330e+00
1.39670330e+00
1.00608059e+00
9.65958486e-01
1.28996337e+00
1.01592186e+00
1.05377289e+00
1.00456654e+00
9.99267399e-01
1.30661783e+00
1.00759463e+00
9.51575092e-01
1.03711844e+00
9.82612943e-01
1.40654457e+00
1.02349206e+00
1.04090354e+00
1.41108669e+00
1.45045177e+00
1.29526252e+00
1.32175824e+00
1.03863248e+00
1.08026862e+00
1.02803419e+00
1.38989011e+00
1.29753358e+00
9.83369963e-01
1.06437118e+00
1.04090354e+00
1.29829060e+00
1.26573871e+00
1.02197802e+00
1.06891331e+00
9.93211233e-01
1.39897436e+00
1.69799756e+00
1.02046398e+00
1.02197802e+00
1.00835165e+00
1.03787546e+00
1.30283272e+00
1.04317460e+00
1.03106227e+00
9.53846154e-01
1.03030525e+00
1.33462759e+00
1.32781441e+00
9.97753358e-01
1.01743590e+00
1.00456654e+00
1.37626374e+00
1.72297924e+00
1.37702076e+00
1.00002442e+00
1.02954823e+00
1.29601954e+00
1.30358974e+00
1.02046398e+00
1.00153846e+00
1.05528694e+00
9.72014652e-01
1.31267399e+00
1.01743590e+00
1.06664225e+00
1.02349206e+00
1.00153846e+00
1.30056166e+00
9.61416361e-01
1.40427350e+00
1.38231990e+00
1.00002442e+00
1.27785104e+00
1.01365079e+00
9.99267399e-01
1.03560440e+00
9.97753358e-01
1.33008547e+00
1.29374847e+00
9.81098901e-01
1.04923077e+00
1.00759463e+00
1.29223443e+00
1.31040293e+00
1.00835165e+00
1.04317460e+00
1.02197802e+00
1.30434676e+00
1.28163614e+00
1.06210012e+00
1.02046398e+00
1.01592186e+00
1.02576313e+00
1.30207570e+00
1.05604396e+00
9.78827839e-01
1.00456654e+00
9.96239316e-01
1.31115995e+00
1.01213675e+00
1.00910867e+00
1.00153846e+00
1.08178266e+00
1.34901099e+00
1.50874237e+00
1.40275946e+00
9.93968254e-01
9.90940171e-01
1.27860806e+00
1.24075702e+00
9.99267399e-01
1.08708181e+00
1.01062271e+00
1.30434676e+00
1.30207570e+00
1.03484737e+00
1.00986569e+00
1.02197802e+00
1.07724054e+00
1.29980464e+00
1.06739927e+00
1.43152625e+00
1.38989011e+00
1.01667888e+00
1.32327228e+00
1.07724054e+00
1.04014652e+00
1.02197802e+00
1.02500611e+00
1.29526252e+00
1.00305250e+00
1.00380952e+00
9.95482295e-01
1.00002442e+00
1.23621490e+00
1.25514042e+00
1.08632479e+00
1.05301587e+00
9.67472527e-01
1.30207570e+00
1.27936508e+00
9.84884005e-01
1.04166056e+00
9.93211233e-01
1.29223443e+00
1.28617827e+00
9.84884005e-01
1.08178266e+00
1.00532357e+00
1.00683761e+00
1.25968254e+00
9.79584860e-01
1.00759463e+00
1.00986569e+00
1.01667888e+00
1.45272283e+00
1.44818071e+00
1.39594628e+00
1.06891331e+00
9.97753358e-01
1.31343101e+00
1.01970696e+00
1.04317460e+00
1.00608059e+00
9.87155067e-01
1.30131868e+00
1.32554335e+00
1.00153846e+00
9.96996337e-01
1.01137973e+00
1.30056166e+00
1.31570208e+00
1.49360195e+00
1.37172161e+00
1.36945055e+00
1.23545788e+00
1.31948718e+00
1.05831502e+00
9.96239316e-01
1.04090354e+00
9.99267399e-01
1.30737485e+00
1.00532357e+00
1.07951160e+00
9.95482295e-01
1.01592186e+00
1.31721612e+00
1.04998779e+00
1.00456654e+00
1.06891331e+00
1.02424908e+00
1.71389499e+00
1.24757021e+00
1.04317460e+00
1.07421245e+00
1.01516484e+00
1.34295482e+00
1.28844933e+00
1.05528694e+00
1.02122100e+00
1.02197802e+00
1.29753358e+00
1.32857143e+00
1.03409035e+00
9.78070818e-01
1.01970696e+00
1.00608059e+00
1.82139194e+00
1.40730159e+00
1.06285714e+00
1.00986569e+00
1.05225885e+00
1.30283272e+00
1.00456654e+00
1.00835165e+00
1.01213675e+00
1.00305250e+00
1.28693529e+00
1.03181929e+00
9.57631258e-01
9.71257631e-01
9.90940171e-01
1.25135531e+00
1.28315018e+00
1.36415140e+00
1.39216117e+00
1.09540904e+00
1.30813187e+00
1.27936508e+00
9.85641026e-01
1.03863248e+00
1.02954823e+00
1.25589744e+00
1.31797314e+00
1.03636142e+00
1.10373626e+00
1.02424908e+00
1.05755800e+00
1.30586081e+00
1.03181929e+00
1.02046398e+00
1.03863248e+00
1.40427350e+00
1.69572650e+00
1.02652015e+00
1.03636142e+00
1.00683761e+00
1.06058608e+00
1.29526252e+00
1.04317460e+00
1.07118437e+00
1.04014652e+00
9.71257631e-01
1.31040293e+00
1.31721612e+00
1.01137973e+00
1.03409035e+00
1.01440781e+00
1.31418803e+00
1.72903541e+00
9.89426129e-01
1.01365079e+00
1.04998779e+00
1.15142857e+00
1.32478632e+00
1.00759463e+00
1.02349206e+00
1.01062271e+00
1.02197802e+00
1.33916972e+00
1.00153846e+00
1.00910867e+00
1.00532357e+00
1.03787546e+00
1.32251526e+00
1.07799756e+00
1.40124542e+00
1.43758242e+00
1.02046398e+00
1.31570208e+00
1.30737485e+00
1.02349206e+00
1.05150183e+00
1.05074481e+00
1.35733822e+00
1.28466422e+00
1.07269841e+00
1.03333333e+00
1.08329670e+00
1.31115995e+00
1.32705739e+00
1.01743590e+00
1.11811966e+00
1.39216117e+00
1.45877900e+00
1.28617827e+00
1.01062271e+00
1.06134310e+00
1.03106227e+00
1.02879121e+00
1.34446886e+00
1.03787546e+00
9.89426129e-01
1.05755800e+00
9.87155067e-01
1.34068376e+00
9.81855922e-01
1.04771673e+00
9.96996337e-01
1.03938950e+00
1.33538462e+00
1.29299145e+00
9.83369963e-01
1.05831502e+00
9.49304029e-01
1.25286935e+00
1.26876679e+00
1.00759463e+00
9.56117216e-01
9.81855922e-01
1.28996337e+00
1.29072039e+00
1.03711844e+00
1.00456654e+00
1.05225885e+00
1.00759463e+00
1.40654457e+00
1.02879121e+00
1.43152625e+00
1.38231990e+00
1.44061050e+00
1.29147741e+00
1.00229548e+00
1.03560440e+00
1.02197802e+00
1.07724054e+00
1.30131868e+00
1.10146520e+00
1.00683761e+00
1.03257631e+00
1.00683761e+00
1.26271062e+00
1.28012210e+00
9.94725275e-01
1.01440781e+00
1.38761905e+00
1.68285714e+00
1.72146520e+00
1.04771673e+00
1.01667888e+00
1.06361416e+00
1.09919414e+00
1.32100122e+00
9.97753358e-01
9.70500611e-01
1.00608059e+00
1.06815629e+00
1.29299145e+00
1.10449328e+00
1.00986569e+00
1.12266178e+00
1.09162393e+00
1.32705739e+00
1.50798535e+00
1.40427350e+00
1.00759463e+00
1.00153846e+00
1.34295482e+00
1.29374847e+00
1.02349206e+00
1.00759463e+00
1.04090354e+00
1.27330891e+00
1.24378510e+00
9.85641026e-01
1.07724054e+00
9.85641026e-01
1.28315018e+00
1.32554335e+00
9.98510379e-01
1.51025641e+00
1.37172161e+00
1.00608059e+00
1.29147741e+00
1.04771673e+00
1.00456654e+00
9.93211233e-01
9.99267399e-01
1.29601954e+00
1.01440781e+00
1.04014652e+00
1.00532357e+00
1.03863248e+00
1.30661783e+00
1.01592186e+00
1.07118437e+00
1.00532357e+00
1.42547009e+00
1.75553114e+00
1.75855922e+00
1.00002442e+00
1.03560440e+00
1.00608059e+00
1.30737485e+00
1.28996337e+00
1.06739927e+00
1.00305250e+00
9.77313797e-01
1.22107448e+00
1.23318681e+00
1.07875458e+00
9.96996337e-01
1.05301587e+00
1.00002442e+00
1.46483516e+00
1.41487179e+00
1.38307692e+00
1.00002442e+00
1.00078144e+00
1.29753358e+00
1.03409035e+00
1.00380952e+00
1.00835165e+00
1.01365079e+00
1.29374847e+00
1.29072039e+00
1.09162393e+00
1.03560440e+00
1.01137973e+00
1.30358974e+00
1.29526252e+00
1.07345543e+00
1.01592186e+00
1.04695971e+00
1.30434676e+00
1.30964591e+00
1.01743590e+00
1.03181929e+00
1.02046398e+00
1.02652015e+00
1.34749695e+00
1.02500611e+00
1.05225885e+00
1.03636142e+00
1.01516484e+00
1.31267399e+00
9.84126984e-01
1.01289377e+00
1.17565324e+00
1.03711844e+00
1.68967033e+00
1.39140415e+00
9.82612943e-01
1.04393162e+00
1.00910867e+00
1.31721612e+00
1.31343101e+00
9.95482295e-01
1.02349206e+00
9.82612943e-01
1.31267399e+00
1.31948718e+00
1.02500611e+00
1.01894994e+00
1.00986569e+00
1.32554335e+00
1.32478632e+00
1.45423687e+00
1.40200244e+00
1.00759463e+00
9.93968254e-01
1.32630037e+00
1.05831502e+00
1.08102564e+00
1.04695971e+00
9.77313797e-01
1.31948718e+00
1.03484737e+00
1.03409035e+00
1.01667888e+00
1.07648352e+00
1.31645910e+00
1.04695971e+00
1.02349206e+00
1.00002442e+00
1.37626374e+00
1.33462759e+00
1.29601954e+00
1.08026862e+00
1.02879121e+00
9.91697192e-01
1.30434676e+00
1.25211233e+00
1.01137973e+00
1.02500611e+00
9.75042735e-01
1.18776557e+00
1.37853480e+00
1.06967033e+00
1.08708181e+00
1.02879121e+00
1.28996337e+00
1.74341880e+00
1.06891331e+00
1.03863248e+00
1.01894994e+00
9.39462759e-01
1.31494505e+00
1.00835165e+00
9.92454212e-01
1.04393162e+00
1.01970696e+00
1.33538462e+00
1.27936508e+00
1.00153846e+00
1.02727717e+00
1.15445665e+00
1.34295482e+00
1.36717949e+00
1.41638584e+00
1.59277167e+00
9.96996337e-01
1.37777778e+00
1.29980464e+00
1.02122100e+00
1.06967033e+00
1.04090354e+00
1.00380952e+00
1.30283272e+00
9.90940171e-01
1.00078144e+00
1.04090354e+00
9.98510379e-01
1.31115995e+00
1.01743590e+00
1.00759463e+00
1.42547009e+00
1.36490842e+00
1.30964591e+00
1.06361416e+00
1.00759463e+00
1.02576313e+00
1.01970696e+00
1.31115995e+00
1.33159951e+00
1.00986569e+00
1.04014652e+00
1.00229548e+00
1.37096459e+00
1.27406593e+00
1.03257631e+00
1.01365079e+00
1.00456654e+00
1.72827839e+00
1.28315018e+00
1.10222222e+00
9.75042735e-01
1.02122100e+00
1.02727717e+00
1.31948718e+00
1.01667888e+00
9.81855922e-01
9.89426129e-01
9.90183150e-01
1.29147741e+00
1.01440781e+00
1.00456654e+00
1.06891331e+00
1.00986569e+00
1.29223443e+00
1.45045177e+00
1.40275946e+00
1.07572650e+00
1.00910867e+00
1.29677656e+00
1.25741148e+00
1.00759463e+00
9.96239316e-01
1.00532357e+00
1.25135531e+00
1.31418803e+00
9.87912088e-01
9.65958486e-01
9.73528694e-01
1.03484737e+00
1.28542125e+00
1.06512821e+00
1.58065934e+00
1.41411477e+00
1.37626374e+00
1.25892552e+00
9.89426129e-01
1.00305250e+00
1.04771673e+00
1.00229548e+00
1.29677656e+00
1.01894994e+00
1.02197802e+00
1.00608059e+00
9.59145299e-01
1.30207570e+00
1.28844933e+00
1.14764347e+00
1.00910867e+00
1.17716728e+00
1.30888889e+00
1.30888889e+00
1.00910867e+00
1.07269841e+00
1.00305250e+00
1.31873016e+00
1.28693529e+00
1.02727717e+00
1.00532357e+00
1.00986569e+00
1.00910867e+00
1.33387057e+00
1.04544567e+00
1.01440781e+00
9.94725275e-01
1.01365079e+00
1.38004884e+00
1.03030525e+00
1.51631258e+00
1.39821734e+00
1.02273504e+00
1.29677656e+00
1.07118437e+00
1.00759463e+00
1.01970696e+00
9.78070818e-01
1.29299145e+00
1.28617827e+00
1.01213675e+00
1.08708181e+00
1.01743590e+00
1.30964591e+00
1.27406593e+00
1.09768010e+00
1.02046398e+00
1.53978022e+00
1.62002442e+00
1.64803419e+00
1.01819292e+00
1.00759463e+00
1.00683761e+00
1.03181929e+00
1.24075702e+00
1.04544567e+00
1.05074481e+00
1.04014652e+00
9.84884005e-01
1.30434676e+00
1.06134310e+00
1.02500611e+00
9.84884005e-01
9.98510379e-01
1.32781441e+00
1.58141636e+00
1.37929182e+00
1.00002442e+00
1.04014652e+00
1.29374847e+00
1.29526252e+00
1.08253968e+00
1.04393162e+00
9.73528694e-01
1.31721612e+00
1.31191697e+00
9.83369963e-01
1.03560440e+00
9.92454212e-01
1.08026862e+00
1.28012210e+00
1.06210012e+00
1.08708181e+00
1.00683761e+00
1.01213675e+00
1.30964591e+00
9.87155067e-01
1.06134310e+00
9.68229548e-01
9.98510379e-01
1.28693529e+00
1.02349206e+00
9.81855922e-01
1.01516484e+00
1.02273504e+00
1.29677656e+00
1.28012210e+00
1.01743590e+00
1.11811966e+00
9.12967033e-01
1.77218559e+00
1.67755800e+00
1.01894994e+00
1.03560440e+00
1.05982906e+00
1.29223443e+00
1.30207570e+00
1.08859585e+00
1.02727717e+00
1.05831502e+00
1.02803419e+00
1.36263736e+00
1.03181929e+00
1.06664225e+00
1.01062271e+00
1.03863248e+00
1.33462759e+00
1.36793651e+00
1.39140415e+00
1.01894994e+00
1.01137973e+00
1.31115995e+00
1.04241758e+00
1.02197802e+00
1.00380952e+00
1.01743590e+00
1.38459096e+00
1.29450549e+00
1.03409035e+00
9.99267399e-01
1.09843712e+00
1.30434676e+00
1.35809524e+00
1.01970696e+00
1.03560440e+00
1.08859585e+00
1.58595849e+00
1.34673993e+00
1.00153846e+00
1.05907204e+00
9.94725275e-01
1.04695971e+00
1.31115995e+00
9.68986569e-01
1.03106227e+00
1.06512821e+00
1.01365079e+00
1.36112332e+00
1.03484737e+00
1.01289377e+00
1.05680098e+00
1.04317460e+00
1.69269841e+00
1.68058608e+00
1.03257631e+00
1.00759463e+00
1.03787546e+00
1.31115995e+00
1.34068376e+00
1.00532357e+00
1.02879121e+00
1.00759463e+00
1.36112332e+00
1.28542125e+00
1.05301587e+00
9.75799756e-01
1.05150183e+00
1.01365079e+00
1.35279609e+00
1.65409035e+00
1.39443223e+00
1.41941392e+00
1.03409035e+00
1.31191697e+00
1.02197802e+00
1.00532357e+00
1.00078144e+00
1.04468864e+00
1.29223443e+00
1.01365079e+00
1.00456654e+00
1.03787546e+00
1.00456654e+00
1.41032967e+00
1.28239316e+00
1.02273504e+00
1.06285714e+00
1.39594628e+00
1.74493284e+00
1.28315018e+00
9.90940171e-01
1.02122100e+00
1.00229548e+00
1.28542125e+00
1.27028083e+00
1.00229548e+00
1.00229548e+00
1.01137973e+00
1.01894994e+00
1.29072039e+00
1.07042735e+00
1.05907204e+00
1.02727717e+00
1.05150183e+00
1.35128205e+00
9.75042735e-01
1.00683761e+00
1.01970696e+00
1.00229548e+00
1.31343101e+00
1.02349206e+00
1.00683761e+00
1.00078144e+00
1.03106227e+00
1.30434676e+00
1.30056166e+00
1.06967033e+00
9.84126984e-01
9.98510379e-01
1.28012210e+00
1.33462759e+00
1.01213675e+00
1.44136752e+00
1.39821734e+00
1.23242979e+00
1.30434676e+00
1.03484737e+00
1.00456654e+00
9.68229548e-01
1.02197802e+00
1.27255189e+00
1.01970696e+00
1.04241758e+00
1.10070818e+00
1.01667888e+00
1.27860806e+00
1.00683761e+00
9.93211233e-01
1.01592186e+00
9.94725275e-01
1.72373626e+00
1.68210012e+00
1.00153846e+00
1.03333333e+00
1.00986569e+00
1.34901099e+00
1.30434676e+00
1.00229548e+00
1.02197802e+00
9.78827839e-01
1.29374847e+00
1.28315018e+00
9.93211233e-01
9.83369963e-01
9.65201465e-01
1.01819292e+00
1.32478632e+00
1.41714286e+00
1.39746032e+00
1.00229548e+00
9.74285714e-01
1.31418803e+00
9.95482295e-01
1.06891331e+00
1.00229548e+00
9.66715507e-01
1.30207570e+00
1.05982906e+00
9.82612943e-01
1.05907204e+00
1.01894994e+00
1.27785104e+00
1.30434676e+00
1.05301587e+00
9.93211233e-01
1.40124542e+00
1.31418803e+00
1.30586081e+00
9.98510379e-01
1.03409035e+00
9.44004884e-01
1.27709402e+00
1.25135531e+00
1.04393162e+00
1.03636142e+00
1.00759463e+00
1.05907204e+00
1.32781441e+00
1.04468864e+00
1.02424908e+00
1.10373626e+00
1.03181929e+00
1.46710623e+00
1.42244200e+00
1.44818071e+00
1.02500611e+00
1.07799756e+00
1.31570208e+00
1.01365079e+00
1.08556777e+00
1.02197802e+00
1.06588523e+00
1.29829060e+00
1.31494505e+00
1.00835165e+00
1.09086691e+00
9.98510379e-01
1.31418803e+00
1.27103785e+00
1.21426129e+00
1.37626374e+00
1.44818071e+00
1.18700855e+00
1.32175824e+00
1.00305250e+00
1.01667888e+00
9.99267399e-01
1.00759463e+00
1.35052503e+00
9.84126984e-01
1.07648352e+00
1.05150183e+00
1.02879121e+00
1.28466422e+00
1.08102564e+00
1.01440781e+00
1.09238095e+00
9.67472527e-01
1.70253968e+00
1.25135531e+00
1.08405372e+00
9.95482295e-01
1.00910867e+00
1.33538462e+00
1.30586081e+00
1.02424908e+00
1.01894994e+00
1.04923077e+00
1.29223443e+00
1.27330891e+00
1.00986569e+00
9.67472527e-01
1.01440781e+00
1.09313797e+00
1.66544567e+00
1.41714286e+00
1.34673993e+00
1.05452991e+00
1.03787546e+00
1.30434676e+00
1.03257631e+00
1.00683761e+00
1.01592186e+00
1.00986569e+00
1.38307692e+00
1.01592186e+00
9.59145299e-01
1.01819292e+00
1.06891331e+00
1.26498168e+00
1.30131868e+00
1.16278388e+00
1.41562882e+00
1.39897436e+00
1.33841270e+00
1.33765568e+00
1.02803419e+00
1.10525031e+00
1.02500611e+00
1.25665446e+00
1.31040293e+00
1.06739927e+00
1.02500611e+00
1.01667888e+00
1.03636142e+00
1.28693529e+00
1.04014652e+00
9.82612943e-01
1.01592186e+00
1.39821734e+00
1.73811966e+00
1.00608059e+00
1.05377289e+00
1.01365079e+00
1.04695971e+00
1.30056166e+00
1.03106227e+00
9.86398046e-01
9.88669109e-01
1.01743590e+00
1.25968254e+00
1.29223443e+00
1.04393162e+00
1.01743590e+00
1.02424908e+00
1.24378510e+00
1.32630037e+00
9.74285714e-01
9.96996337e-01
1.01062271e+00
1.18019536e+00
1.32024420e+00
1.00986569e+00
1.01062271e+00
1.01062271e+00
1.01213675e+00
1.34295482e+00
9.89426129e-01
1.02197802e+00
1.02349206e+00
1.06815629e+00
1.32100122e+00
1.10827839e+00
1.32781441e+00
1.43001221e+00
1.40503053e+00
1.34219780e+00
1.30813187e+00
1.02424908e+00
9.96996337e-01
1.09465201e+00
1.37096459e+00
1.29829060e+00
9.96239316e-01
9.93211233e-01
1.03787546e+00
1.30131868e+00
1.33235653e+00
1.03484737e+00
1.08481074e+00
1.11887668e+00
1.44061050e+00
1.70708181e+00
1.06588523e+00
1.02273504e+00
1.00910867e+00
1.01440781e+00
1.36339438e+00
1.04771673e+00
9.88669109e-01
1.03409035e+00
9.96239316e-01
1.30586081e+00
1.00759463e+00
9.92454212e-01
1.01365079e+00
1.02576313e+00
1.32251526e+00
1.29526252e+00
1.01137973e+00
1.03560440e+00
9.98510379e-01
1.32327228e+00
1.32478632e+00
1.07269841e+00
9.84884005e-01
9.97753358e-01
1.31418803e+00
1.32251526e+00
9.95482295e-01
1.01289377e+00
1.06588523e+00
1.01289377e+00
1.31343101e+00
1.02197802e+00
1.12266178e+00
1.40200244e+00
1.36793651e+00
1.32857143e+00
1.04014652e+00
1.01213675e+00
1.11206349e+00
1.02273504e+00
1.29450549e+00
1.13477411e+00
1.01894994e+00
9.97753358e-01
1.00456654e+00
1.35733822e+00
1.28239316e+00
1.03863248e+00
1.02349206e+00
1.05528694e+00
1.71919414e+00
1.63743590e+00
1.00532357e+00
9.96996337e-01
1.03409035e+00
1.14991453e+00
1.30056166e+00
1.06512821e+00
1.00078144e+00
1.02046398e+00
1.00835165e+00
1.28920635e+00
1.01970696e+00
1.00078144e+00
1.01213675e+00
1.05831502e+00
1.31948718e+00
1.01365079e+00
1.40805861e+00
1.03636142e+00
9.95482295e-01
1.29829060e+00
1.25816850e+00
1.00759463e+00
9.95482295e-01
1.08556777e+00
1.30813187e+00
1.32478632e+00
1.01819292e+00
1.02727717e+00
1.00532357e+00
1.34144078e+00
1.32024420e+00
9.80341880e-01
1.01289377e+00
1.43001221e+00
1.04317460e+00
1.30131868e+00
9.75799756e-01
1.00456654e+00
1.08253968e+00
1.00608059e+00
1.33614164e+00
1.00986569e+00
1.01289377e+00
1.00835165e+00
1.07421245e+00
1.30283272e+00
1.02954823e+00
1.04014652e+00
1.11130647e+00
1.04090354e+00
1.69421245e+00
1.69118437e+00
1.10600733e+00
9.78070818e-01
1.01819292e+00
1.31115995e+00
1.27255189e+00
1.02424908e+00
1.00153846e+00
1.00835165e+00
1.19306471e+00
1.32478632e+00
9.88669109e-01
1.00002442e+00
1.02273504e+00
1.03863248e+00
1.31645910e+00
1.40427350e+00
1.43758242e+00
1.04393162e+00
1.04317460e+00
1.31040293e+00
1.02954823e+00
1.01062271e+00
9.90183150e-01
1.01365079e+00
1.32857143e+00
1.28087912e+00
9.93211233e-01
1.02197802e+00
9.75799756e-01
1.32024420e+00
1.31191697e+00
1.01894994e+00
1.03711844e+00
1.08859585e+00
1.30056166e+00
1.26043956e+00
9.95482295e-01
1.03484737e+00
1.00532357e+00
1.01062271e+00
1.29374847e+00
9.70500611e-01
1.00683761e+00
1.03257631e+00
1.05604396e+00
1.29829060e+00
1.00153846e+00
9.91697192e-01
1.01516484e+00
1.01743590e+00
1.81533578e+00
1.40730159e+00
1.01894994e+00
1.00759463e+00
1.02349206e+00
1.30131868e+00
1.24227106e+00
1.01970696e+00
1.00835165e+00
1.02122100e+00
1.31721612e+00
1.38610501e+00
1.02197802e+00
9.95482295e-01
1.00078144e+00
1.38156288e+00
1.35960928e+00
1.40427350e+00
1.41335775e+00
1.02349206e+00
1.00002442e+00
1.37550672e+00
1.01062271e+00
9.96996337e-01
1.02046398e+00
9.71257631e-01
1.33311355e+00
1.01592186e+00
1.10373626e+00
1.01970696e+00
1.05377289e+00
1.34598291e+00
1.03938950e+00
1.02424908e+00
1.00986569e+00
1.02046398e+00
1.32781441e+00
1.29223443e+00
1.01289377e+00
9.97753358e-01
1.03711844e+00
1.31721612e+00
1.33841270e+00
1.00456654e+00
1.00910867e+00
1.07042735e+00
1.16732601e+00
1.31267399e+00
1.01062271e+00
1.00153846e+00
1.02349206e+00
1.09086691e+00
1.71010989e+00
1.43152625e+00
1.03484737e+00
1.04847375e+00
1.03106227e+00
1.29299145e+00
9.81855922e-01
1.03257631e+00
1.01062271e+00
1.01516484e+00
1.34068376e+00
1.28769231e+00
1.06664225e+00
1.00456654e+00
1.04090354e+00
1.32630037e+00
1.50344322e+00
1.42471306e+00
1.44363858e+00
1.01592186e+00
