1.62986569e+00
1.19760684e+00
1.19836386e+00
1.18246642e+00
1.21956044e+00
1.17565324e+00
1.19457875e+00
1.18095238e+00
1.19306471e+00
1.17111111e+00
1.17489621e+00
1.18398046e+00
1.17111111e+00
1.14310134e+00
1.16808303e+00
1.14764347e+00
1.15975580e+00
1.18095238e+00
1.17792430e+00
1.18625153e+00
1.17338217e+00
1.19230769e+00
1.17111111e+00
1.16051282e+00
1.17035409e+00
1.16354090e+00
1.17413919e+00
1.16051282e+00
1.19382173e+00
1.21350427e+00
1.62835165e+00
1.63667888e+00
1.62910867e+00
1.63667888e+00
1.62608059e+00
1.61018315e+00
1.62305250e+00
1.59277167e+00
1.61169719e+00
1.61018315e+00
1.62608059e+00
1.59579976e+00
1.18473748e+00
1.16429792e+00
1.17035409e+00
1.17792430e+00
1.20214896e+00
1.15824176e+00
1.16126984e+00
1.16429792e+00
1.16505495e+00
1.17035409e+00
1.19912088e+00
1.16732601e+00
1.17111111e+00
1.16656899e+00
1.17716728e+00
1.16959707e+00
1.19609280e+00
1.16959707e+00
1.17338217e+00
1.16354090e+00
1.18246642e+00
1.17716728e+00
1.17716728e+00
1.14461538e+00
1.16808303e+00
1.16354090e+00
1.19079365e+00
1.14385836e+00
1.55719170e+00
1.64879121e+00
1.61926740e+00
1.62229548e+00
1.64727717e+00
1.62456654e+00
1.60715507e+00
1.63440781e+00
1.62153846e+00
1.58747253e+00
1.59579976e+00
1.59504274e+00
1.26422466e+00
1.29223443e+00
1.15975580e+00
1.17413919e+00
1.20139194e+00
1.33008547e+00
1.18700855e+00
1.17413919e+00
1.17641026e+00
1.16429792e+00
1.17716728e+00
1.18625153e+00
1.16959707e+00
1.16429792e+00
1.21199023e+00
1.17413919e+00
1.17868132e+00
1.16505495e+00
1.14840049e+00
1.16126984e+00
1.20063492e+00
1.16429792e+00
1.15142857e+00
1.30964591e+00
1.16884005e+00
1.31873016e+00
1.17792430e+00
1.33538462e+00
1.36339438e+00
1.80246642e+00
1.62229548e+00
1.80019536e+00
1.61245421e+00
1.83804640e+00
1.61321123e+00
1.82820513e+00
1.60034188e+00
1.77748474e+00
1.59504274e+00
1.79186813e+00
1.30207570e+00
1.35658120e+00
1.17641026e+00
1.33916972e+00
1.17943834e+00
1.35203907e+00
1.18398046e+00
1.32705739e+00
1.18246642e+00
1.21199023e+00
1.18625153e+00
1.20290598e+00
1.17035409e+00
1.22410256e+00
1.17262515e+00
1.20820513e+00
1.18776557e+00
1.21577534e+00
1.18549451e+00
1.19684982e+00
1.16884005e+00
1.21653236e+00
1.16202686e+00
1.18549451e+00
1.16126984e+00
1.19457875e+00
1.19609280e+00
1.22637363e+00
1.17641026e+00
1.61321123e+00
1.61548230e+00
1.63440781e+00
1.61851038e+00
1.62759463e+00
1.61926740e+00
1.62910867e+00
1.61926740e+00
1.62380952e+00
1.60336996e+00
1.61018315e+00
1.56930403e+00
1.17489621e+00
1.18625153e+00
1.19457875e+00
1.17716728e+00
1.17716728e+00
1.19155067e+00
1.15824176e+00
1.20744811e+00
1.18625153e+00
1.18246642e+00
1.17565324e+00
1.16656899e+00
1.17111111e+00
1.17262515e+00
1.17262515e+00
1.17111111e+00
1.14461538e+00
1.18927961e+00
1.18398046e+00
1.15748474e+00
1.18473748e+00
1.18322344e+00
1.21350427e+00
1.18927961e+00
1.19306471e+00
1.17338217e+00
1.17186813e+00
1.16808303e+00
1.49511600e+00
1.63062271e+00
1.62910867e+00
1.64122100e+00
1.63365079e+00
1.59050061e+00
1.61851038e+00
1.65030525e+00
1.61018315e+00
1.57460317e+00
1.59352869e+00
1.61851038e+00
1.27406593e+00
1.18398046e+00
1.18322344e+00
1.17338217e+00
1.18019536e+00
1.17413919e+00
1.17338217e+00
1.19836386e+00
1.16884005e+00
1.16051282e+00
1.22864469e+00
1.13780220e+00
1.18625153e+00
1.17792430e+00
1.17186813e+00
1.18398046e+00
1.15521368e+00
1.19306471e+00
1.16808303e+00
1.17413919e+00
1.18170940e+00
1.17489621e+00
1.17035409e+00
1.18019536e+00
1.17338217e+00
1.16732601e+00
1.16278388e+00
1.17035409e+00
1.26952381e+00
1.55946276e+00
1.60336996e+00
1.63365079e+00
1.66317460e+00
1.62532357e+00
1.61018315e+00
1.73130647e+00
1.61094017e+00
1.71616606e+00
1.60564103e+00
1.71313797e+00
1.58898657e+00
1.31267399e+00
1.17489621e+00
1.27179487e+00
1.18700855e+00
1.20593407e+00
1.19155067e+00
1.15975580e+00
1.14840049e+00
1.18776557e+00
1.16581197e+00
1.18625153e+00
1.17792430e+00
1.17413919e+00
1.16278388e+00
1.17565324e+00
1.17035409e+00
1.18170940e+00
1.17641026e+00
1.14991453e+00
1.20896215e+00
1.36490842e+00
1.17565324e+00
1.32554335e+00
1.17111111e+00
1.35052503e+00
1.17565324e+00
1.38383394e+00
1.17262515e+00
1.72903541e+00
1.62759463e+00
1.81230769e+00
1.62608059e+00
1.80625153e+00
1.60715507e+00
1.81836386e+00
1.61321123e+00
1.76007326e+00
1.61851038e+00
1.76764347e+00
1.56400488e+00
1.24681319e+00
1.16959707e+00
1.22334554e+00
1.18246642e+00
1.21728938e+00
1.18852259e+00
1.23242979e+00
1.17186813e+00
1.21199023e+00
1.16429792e+00
1.20669109e+00
1.18246642e+00
1.20971917e+00
1.18019536e+00
1.19533578e+00
1.18019536e+00
1.24151404e+00
1.19155067e+00
1.20517705e+00
1.13628816e+00
1.16808303e+00
1.17489621e+00
1.19155067e+00
1.17489621e+00
1.19684982e+00
1.16808303e+00
1.18927961e+00
1.20290598e+00
1.41714286e+00
1.58368742e+00
1.69799756e+00
1.63743590e+00
1.63137973e+00
1.62835165e+00
1.60412698e+00
1.59882784e+00
1.59579976e+00
1.61018315e+00
1.61926740e+00
1.59579976e+00
1.61396825e+00
1.18019536e+00
1.19533578e+00
1.17641026e+00
1.20593407e+00
1.15218559e+00
1.19836386e+00
1.15899878e+00
1.19382173e+00
1.19533578e+00
1.18095238e+00
1.12568987e+00
1.15218559e+00
1.15824176e+00
1.15521368e+00
1.17262515e+00
1.17565324e+00
1.17943834e+00
1.17111111e+00
1.18852259e+00
1.16581197e+00
1.17716728e+00
1.15294261e+00
1.14234432e+00
1.17716728e+00
1.17641026e+00
1.14764347e+00
1.16884005e+00
1.16202686e+00
1.58822955e+00
1.66166056e+00
1.64424908e+00
1.63137973e+00
1.62835165e+00
1.63213675e+00
1.63894994e+00
1.61548230e+00
1.60336996e+00
1.62456654e+00
1.63743590e+00
1.58520147e+00
1.18776557e+00
1.19912088e+00
1.17262515e+00
1.21653236e+00
1.19760684e+00
1.20290598e+00
1.18095238e+00
1.16354090e+00
1.17489621e+00
1.17111111e+00
1.18170940e+00
1.18095238e+00
1.17035409e+00
1.13250305e+00
1.17111111e+00
1.14385836e+00
1.20290598e+00
1.15218559e+00
1.17868132e+00
1.16278388e+00
1.16202686e+00
1.14310134e+00
1.17716728e+00
1.17716728e+00
1.16505495e+00
1.17338217e+00
1.17716728e+00
1.18095238e+00
1.61321123e+00
1.63667888e+00
1.72827839e+00
1.64500611e+00
1.75931624e+00
1.60942613e+00
1.74644689e+00
1.58671551e+00
1.76007326e+00
1.62002442e+00
1.76234432e+00
1.56930403e+00
1.35658120e+00
1.18170940e+00
1.17792430e+00
1.18700855e+00
1.18852259e+00
1.18246642e+00
1.17489621e+00
1.16959707e+00
1.16505495e+00
1.18398046e+00
1.16581197e+00
1.16884005e+00
1.20517705e+00
1.18095238e+00
1.12266178e+00
1.17338217e+00
1.17111111e+00
1.19382173e+00
1.33916972e+00
1.17641026e+00
1.32327228e+00
1.17262515e+00
1.34371184e+00
1.17035409e+00
1.28617827e+00
1.18625153e+00
1.35128205e+00
1.16884005e+00
1.45650794e+00
1.60412698e+00
1.72752137e+00
1.64273504e+00
1.68361416e+00
1.61623932e+00
1.66393162e+00
1.62305250e+00
1.63062271e+00
1.61775336e+00
1.66393162e+00
1.64954823e+00
1.66468864e+00
1.18473748e+00
1.27936508e+00
1.16959707e+00
1.23091575e+00
1.19912088e+00
1.20366300e+00
1.21426129e+00
1.19382173e+00
1.17489621e+00
1.19836386e+00
1.17792430e+00
1.18322344e+00
1.18549451e+00
1.18625153e+00
1.18322344e+00
1.24075702e+00
1.12871795e+00
1.17943834e+00
1.16505495e+00
1.18625153e+00
1.18625153e+00
1.17716728e+00
1.14461538e+00
1.19912088e+00
1.21274725e+00
1.16354090e+00
1.16656899e+00
1.17943834e+00
1.56930403e+00
1.64500611e+00
1.62683761e+00
1.62759463e+00
1.63137973e+00
1.62986569e+00
1.63894994e+00
1.65938950e+00
1.59807082e+00
1.62305250e+00
1.61094017e+00
1.59428571e+00
1.17338217e+00
1.21350427e+00
1.17641026e+00
1.17943834e+00
1.15369963e+00
1.18095238e+00
1.19230769e+00
1.18549451e+00
1.16581197e+00
1.19382173e+00
1.16884005e+00
1.18398046e+00
1.17641026e+00
1.21728938e+00
1.19760684e+00
1.16581197e+00
1.16732601e+00
1.17868132e+00
1.18019536e+00
1.18019536e+00
1.17716728e+00
1.15899878e+00
1.16581197e+00
1.19306471e+00
1.16884005e+00
1.18700855e+00
1.15824176e+00
1.21728938e+00
1.41638584e+00
1.62759463e+00
1.62759463e+00
1.62002442e+00
1.62910867e+00
1.59201465e+00
1.63970696e+00
1.62835165e+00
1.60412698e+00
1.61321123e+00
1.60185592e+00
1.60336996e+00
1.27406593e+00
1.17868132e+00
1.18927961e+00
1.15899878e+00
1.16354090e+00
1.18625153e+00
1.18095238e+00
1.18095238e+00
1.17641026e+00
1.17716728e+00
1.18625153e+00
1.17868132e+00
1.19155067e+00
1.18095238e+00
1.18095238e+00
1.17413919e+00
1.28769231e+00
1.20063492e+00
1.30131868e+00
1.16884005e+00
1.30207570e+00
1.13250305e+00
1.28769231e+00
1.14612943e+00
1.34901099e+00
1.19230769e+00
1.33462759e+00
1.17565324e+00
1.33462759e+00
1.58898657e+00
1.79262515e+00
1.63667888e+00
1.77975580e+00
1.62153846e+00
1.79338217e+00
1.64879121e+00
1.80852259e+00
1.58520147e+00
1.77218559e+00
1.59882784e+00
1.59807082e+00
1.18019536e+00
1.16808303e+00
1.18625153e+00
1.17792430e+00
1.18625153e+00
1.18322344e+00
1.18700855e+00
1.17489621e+00
1.20139194e+00
1.16808303e+00
1.19533578e+00
1.16505495e+00
1.18322344e+00
1.18549451e+00
1.18095238e+00
1.36112332e+00
1.15597070e+00
1.36793651e+00
1.13628816e+00
1.22258852e+00
1.16354090e+00
1.24832723e+00
1.18019536e+00
1.24302808e+00
1.17868132e+00
1.20669109e+00
1.18398046e+00
1.20971917e+00
1.51025641e+00
1.65409035e+00
1.61926740e+00
1.72070818e+00
1.63365079e+00
1.68210012e+00
1.60866911e+00
1.64879121e+00
1.61245421e+00
1.63440781e+00
1.60034188e+00
1.64424908e+00
1.19306471e+00
1.19533578e+00
1.18019536e+00
1.19912088e+00
1.17338217e+00
1.23394383e+00
1.17641026e+00
1.15597070e+00
1.16656899e+00
1.18776557e+00
1.17868132e+00
1.19533578e+00
1.16051282e+00
1.17565324e+00
1.17413919e+00
1.19003663e+00
1.17489621e+00
1.20214896e+00
1.18927961e+00
1.18700855e+00
1.17338217e+00
1.20442002e+00
1.17111111e+00
1.22334554e+00
1.16732601e+00
1.22713065e+00
1.17716728e+00
1.15142857e+00
1.35279609e+00
1.62078144e+00
1.64349206e+00
1.63137973e+00
1.62910867e+00
1.62835165e+00
1.62305250e+00
1.63440781e+00
1.60185592e+00
1.61018315e+00
1.61699634e+00
1.61169719e+00
1.60942613e+00
1.19457875e+00
1.22031746e+00
1.17111111e+00
1.19079365e+00
1.18549451e+00
1.15067155e+00
1.17716728e+00
1.17489621e+00
1.18776557e+00
1.18246642e+00
1.18170940e+00
1.17186813e+00
1.18019536e+00
1.18625153e+00
1.20744811e+00
1.17489621e+00
1.21728938e+00
1.14461538e+00
1.16808303e+00
1.17489621e+00
1.21728938e+00
1.18019536e+00
1.15142857e+00
1.18398046e+00
1.17868132e+00
1.17565324e+00
1.18170940e+00
1.18549451e+00
1.57460317e+00
1.64122100e+00
1.62380952e+00
1.60639805e+00
1.65636142e+00
1.63062271e+00
1.60715507e+00
1.63819292e+00
1.61018315e+00
1.61018315e+00
1.57687424e+00
1.59504274e+00
1.17489621e+00
1.19155067e+00
1.18398046e+00
1.17489621e+00
1.19155067e+00
1.17716728e+00
1.18700855e+00
1.27785104e+00
1.16656899e+00
1.31343101e+00
1.18246642e+00
1.35960928e+00
1.15597070e+00
1.32100122e+00
1.19457875e+00
1.31570208e+00
1.18170940e+00
1.32100122e+00
1.17792430e+00
1.33689866e+00
1.17413919e+00
1.34598291e+00
1.21501832e+00
1.36263736e+00
1.17186813e+00
1.37777778e+00
1.17186813e+00
1.32705739e+00
1.45877900e+00
1.80700855e+00
1.59201465e+00
1.90920635e+00
1.61094017e+00
1.80625153e+00
1.61926740e+00
1.79943834e+00
1.61018315e+00
1.60639805e+00
1.62532357e+00
1.60412698e+00
1.23697192e+00
1.18625153e+00
1.17413919e+00
1.17111111e+00
1.17716728e+00
1.18852259e+00
1.17338217e+00
1.16429792e+00
1.16354090e+00
1.14688645e+00
1.18095238e+00
1.19684982e+00
1.18322344e+00
1.19760684e+00
1.17641026e+00
1.21123321e+00
1.15521368e+00
1.23167277e+00
1.14915751e+00
1.22561661e+00
1.16656899e+00
1.20593407e+00
1.25059829e+00
1.21350427e+00
1.14007326e+00
1.21274725e+00
1.16808303e+00
1.18625153e+00
1.20063492e+00
1.62380952e+00
1.62759463e+00
1.64954823e+00
1.64273504e+00
1.55794872e+00
1.60942613e+00
1.63137973e+00
1.66166056e+00
1.65333333e+00
1.56930403e+00
1.63213675e+00
1.60791209e+00
1.18473748e+00
1.18019536e+00
1.20820513e+00
1.18473748e+00
1.20366300e+00
1.18322344e+00
1.20744811e+00
1.19079365e+00
1.18625153e+00
1.16808303e+00
1.20669109e+00
1.20669109e+00
1.17338217e+00
1.16581197e+00
1.19230769e+00
1.17792430e+00
1.18398046e+00
1.19533578e+00
1.19609280e+00
1.18398046e+00
1.18322344e+00
1.18776557e+00
1.18549451e+00
1.16884005e+00
1.19155067e+00
1.16126984e+00
1.18549451e+00
1.18927961e+00
1.56249084e+00
1.64727717e+00
1.63592186e+00
1.63440781e+00
1.61699634e+00
1.62229548e+00
1.61472527e+00
1.63062271e+00
1.61245421e+00
1.61321123e+00
1.61396825e+00
1.60791209e+00
1.21653236e+00
1.18322344e+00
1.18322344e+00
1.19609280e+00
1.20593407e+00
1.19382173e+00
1.19457875e+00
1.17641026e+00
1.20139194e+00
1.19912088e+00
1.18019536e+00
1.20669109e+00
1.19003663e+00
1.17413919e+00
1.16959707e+00
1.18322344e+00
1.18170940e+00
1.19306471e+00
1.20063492e+00
1.17338217e+00
1.18019536e+00
1.20214896e+00
1.19533578e+00
1.19003663e+00
1.19457875e+00
1.16202686e+00
1.19230769e+00
1.21199023e+00
1.36490842e+00
1.61851038e+00
1.64954823e+00
1.63137973e+00
1.63137973e+00
1.61699634e+00
1.62608059e+00
1.74720391e+00
1.62229548e+00
1.69042735e+00
1.61851038e+00
1.78278388e+00
1.33538462e+00
1.34219780e+00
1.21653236e+00
1.34295482e+00
1.18322344e+00
1.31494505e+00
1.19987790e+00
1.32175824e+00
1.17943834e+00
1.33235653e+00
1.17035409e+00
1.33765568e+00
1.17641026e+00
1.32175824e+00
1.17338217e+00
1.33084249e+00
1.19155067e+00
1.31115995e+00
1.17716728e+00
1.44363858e+00
1.17868132e+00
1.33008547e+00
1.17565324e+00
1.35279609e+00
1.16354090e+00
1.34901099e+00
1.18776557e+00
1.23242979e+00
1.18625153e+00
1.66771673e+00
1.62986569e+00
1.70102564e+00
1.64273504e+00
1.69421245e+00
1.63062271e+00
1.61321123e+00
1.62229548e+00
1.63516484e+00
1.59807082e+00
1.61094017e+00
1.61018315e+00
1.19987790e+00
1.18170940e+00
1.21426129e+00
1.19155067e+00
1.18549451e+00
1.19079365e+00
1.15369963e+00
1.18322344e+00
1.20290598e+00
1.21577534e+00
1.18549451e+00
1.19457875e+00
1.17111111e+00
1.17716728e+00
1.19760684e+00
1.18700855e+00
1.19230769e+00
1.17943834e+00
1.20744811e+00
1.19003663e+00
1.19533578e+00
1.19079365e+00
1.18625153e+00
1.17641026e+00
1.19079365e+00
1.17943834e+00
1.20063492e+00
1.19155067e+00
1.49208791e+00
1.65409035e+00
1.66317460e+00
1.63213675e+00
1.64046398e+00
1.62835165e+00
1.62608059e+00
1.63365079e+00
1.63289377e+00
1.60791209e+00
1.61926740e+00
1.60109890e+00
1.23318681e+00
1.17489621e+00
1.19079365e+00
1.18322344e+00
1.19533578e+00
1.19533578e+00
1.15899878e+00
1.22031746e+00
1.18852259e+00
1.17943834e+00
1.18852259e+00
1.18473748e+00
1.19003663e+00
1.18927961e+00
1.18927961e+00
1.16126984e+00
1.16505495e+00
1.20290598e+00
1.17868132e+00
1.16959707e+00
1.16505495e+00
1.24529915e+00
1.16732601e+00
1.19230769e+00
1.20139194e+00
1.17186813e+00
1.18322344e+00
1.16884005e+00
1.25438339e+00
1.59579976e+00
1.63894994e+00
1.65409035e+00
1.63062271e+00
1.62229548e+00
1.59958486e+00
1.61169719e+00
1.58520147e+00
1.57990232e+00
1.60791209e+00
1.65560440e+00
1.59807082e+00
1.18473748e+00
1.19230769e+00
1.18700855e+00
1.18019536e+00
1.17792430e+00
1.17868132e+00
1.19155067e+00
1.14991453e+00
1.20896215e+00
1.20366300e+00
1.15748474e+00
1.17792430e+00
1.20442002e+00
1.17338217e+00
1.16959707e+00
1.15521368e+00
1.17792430e+00
1.18322344e+00
1.26195360e+00
1.18549451e+00
1.24454212e+00
1.18927961e+00
1.31343101e+00
1.15294261e+00
1.27557998e+00
1.16959707e+00
1.30056166e+00
1.19457875e+00
1.68285714e+00
1.65106227e+00
1.77824176e+00
1.61548230e+00
1.77445665e+00
1.63137973e+00
1.77975580e+00
1.62910867e+00
1.78884005e+00
1.61018315e+00
1.77067155e+00
1.60109890e+00
1.35052503e+00
1.17489621e+00
1.40275946e+00
1.18019536e+00
1.32857143e+00
1.20063492e+00
1.43455433e+00
1.20063492e+00
1.37323565e+00
1.20820513e+00
1.35658120e+00
1.18095238e+00
1.35582418e+00
1.19382173e+00
1.25135531e+00
1.18927961e+00
1.25892552e+00
1.17338217e+00
1.22258852e+00
1.17489621e+00
1.28239316e+00
1.18170940e+00
1.19912088e+00
1.17489621e+00
1.19760684e+00
1.17716728e+00
1.19836386e+00
1.18095238e+00
1.43152625e+00
1.63213675e+00
1.66998779e+00
1.64424908e+00
1.61245421e+00
1.62229548e+00
1.64046398e+00
1.62608059e+00
1.60109890e+00
1.57914530e+00
1.60639805e+00
1.56854701e+00
1.27028083e+00
1.16278388e+00
1.19079365e+00
1.19230769e+00
1.18625153e+00
1.19306471e+00
1.18927961e+00
1.18246642e+00
1.24075702e+00
1.16884005e+00
1.18700855e+00
1.15899878e+00
1.18398046e+00
1.18700855e+00
1.18927961e+00
1.19684982e+00
1.20063492e+00
1.20744811e+00
1.19382173e+00
1.15748474e+00
1.19760684e+00
1.20139194e+00
1.19912088e+00
1.17792430e+00
1.20971917e+00
1.15294261e+00
1.18322344e+00
1.20214896e+00
1.17413919e+00
1.60488400e+00
1.60185592e+00
1.63213675e+00
1.61018315e+00
1.63970696e+00
1.60639805e+00
1.62002442e+00
1.61623932e+00
1.60942613e+00
1.61094017e+00
1.61548230e+00
1.61926740e+00
1.19079365e+00
1.19457875e+00
1.18170940e+00
1.19684982e+00
1.19306471e+00
1.17565324e+00
1.18927961e+00
1.20442002e+00
1.15824176e+00
1.20971917e+00
1.18246642e+00
1.18700855e+00
1.18927961e+00
1.18246642e+00
1.19003663e+00
1.17716728e+00
1.17641026e+00
1.18095238e+00
1.18019536e+00
1.17111111e+00
1.21123321e+00
1.17792430e+00
1.15294261e+00
1.16278388e+00
1.17792430e+00
1.16354090e+00
1.18322344e+00
1.20744811e+00
1.50041514e+00
1.66771673e+00
1.64879121e+00
1.63137973e+00
1.62835165e+00
1.63213675e+00
1.64197802e+00
1.61472527e+00
1.60715507e+00
1.64122100e+00
1.62002442e+00
1.61094017e+00
1.22107448e+00
1.22788767e+00
1.19912088e+00
1.21728938e+00
1.15142857e+00
1.17716728e+00
1.18625153e+00
1.19306471e+00
1.30510379e+00
1.18322344e+00
1.29601954e+00
1.17338217e+00
1.30964591e+00
1.20593407e+00
1.33008547e+00
1.19912088e+00
1.27936508e+00
1.16808303e+00
1.33235653e+00
1.17792430e+00
1.31873016e+00
1.18927961e+00
1.33916972e+00
1.18549451e+00
1.34446886e+00
1.17716728e+00
1.34371184e+00
1.17868132e+00
1.44666667e+00
1.59807082e+00
1.85015873e+00
1.65863248e+00
1.80170940e+00
1.64349206e+00
1.81684982e+00
1.64652015e+00
1.81079365e+00
1.61775336e+00
1.80019536e+00
1.61548230e+00
1.79413919e+00
1.19609280e+00
1.29299145e+00
1.20063492e+00
1.22864469e+00
1.20442002e+00
1.24681319e+00
1.19155067e+00
1.19987790e+00
1.18170940e+00
1.20214896e+00
1.21501832e+00
1.23015873e+00
1.19003663e+00
1.21956044e+00
1.17868132e+00
1.23318681e+00
1.17792430e+00
1.21728938e+00
1.18852259e+00
1.20214896e+00
1.17035409e+00
1.20063492e+00
1.18927961e+00
1.20744811e+00
1.17565324e+00
1.18852259e+00
1.18625153e+00
1.17943834e+00
1.59504274e+00
1.64122100e+00
1.67755800e+00
1.63213675e+00
1.62456654e+00
1.63062271e+00
1.62532357e+00
1.62835165e+00
1.60034188e+00
1.64122100e+00
1.57081807e+00
1.60564103e+00
1.21577534e+00
1.16202686e+00
1.18095238e+00
1.19836386e+00
1.18549451e+00
1.17262515e+00
1.19912088e+00
1.22334554e+00
1.18625153e+00
1.19987790e+00
1.18019536e+00
1.18700855e+00
1.18776557e+00
1.19760684e+00
1.17716728e+00
1.19912088e+00
1.18322344e+00
1.19382173e+00
1.16884005e+00
1.15445665e+00
1.18700855e+00
1.24151404e+00
1.17111111e+00
1.15218559e+00
1.16884005e+00
1.17868132e+00
1.18246642e+00
1.18322344e+00
1.40124542e+00
1.62759463e+00
1.64652015e+00
1.67074481e+00
1.62835165e+00
1.60034188e+00
1.63440781e+00
1.63137973e+00
1.60942613e+00
1.65863248e+00
1.60791209e+00
1.60185592e+00
1.27557998e+00
1.18473748e+00
1.17565324e+00
1.19836386e+00
1.18473748e+00
1.18625153e+00
1.17716728e+00
1.17565324e+00
1.15824176e+00
1.20290598e+00
1.21728938e+00
1.17716728e+00
1.18398046e+00
1.15067155e+00
1.17641026e+00
1.20290598e+00
1.18398046e+00
1.17186813e+00
1.18095238e+00
1.18170940e+00
1.17111111e+00
1.17943834e+00
1.17868132e+00
1.16884005e+00
1.17413919e+00
1.17792430e+00
1.25362637e+00
1.20214896e+00
1.16808303e+00
1.61245421e+00
1.68210012e+00
1.62608059e+00
1.65484737e+00
1.62229548e+00
1.64500611e+00
1.61926740e+00
1.61094017e+00
1.61094017e+00
1.60109890e+00
1.61018315e+00
1.61926740e+00
1.20442002e+00
1.16884005e+00
1.17338217e+00
1.30434676e+00
1.17716728e+00
1.32554335e+00
1.18549451e+00
1.36112332e+00
1.16505495e+00
1.22864469e+00
1.18322344e+00
1.31418803e+00
1.18700855e+00
1.34446886e+00
1.17413919e+00
1.34295482e+00
1.16656899e+00
1.30888889e+00
1.20290598e+00
1.37626374e+00
1.18927961e+00
1.35052503e+00
1.18625153e+00
1.32932845e+00
1.14310134e+00
1.33689866e+00
1.16732601e+00
1.25892552e+00
1.50117216e+00
1.70859585e+00
1.63289377e+00
1.70102564e+00
1.62835165e+00
1.71465201e+00
1.66544567e+00
1.66998779e+00
1.61775336e+00
1.64046398e+00
1.57611722e+00
1.67452991e+00
1.19760684e+00
1.12568987e+00
1.15218559e+00
1.21047619e+00
1.18700855e+00
1.19987790e+00
1.18473748e+00
1.18700855e+00
1.20971917e+00
1.19836386e+00
1.19230769e+00
1.21274725e+00
1.15672772e+00
1.16126984e+00
1.19382173e+00
1.17035409e+00
1.19457875e+00
1.16959707e+00
1.16051282e+00
1.17489621e+00
1.18549451e+00
1.20214896e+00
1.17413919e+00
1.19836386e+00
1.16884005e+00
1.19609280e+00
1.21047619e+00
1.19533578e+00
1.31721612e+00
1.60034188e+00
1.62910867e+00
1.64349206e+00
1.65560440e+00
1.60715507e+00
1.63440781e+00
1.60109890e+00
1.61851038e+00
1.61094017e+00
1.59807082e+00
1.58595849e+00
1.56551893e+00
1.19987790e+00
1.17792430e+00
1.17111111e+00
1.20139194e+00
1.17792430e+00
1.23167277e+00
1.17641026e+00
1.17035409e+00
1.18095238e+00
1.20971917e+00
1.20744811e+00
1.19306471e+00
1.18095238e+00
1.17413919e+00
1.16884005e+00
1.17489621e+00
1.15294261e+00
1.16808303e+00
1.18095238e+00
1.16278388e+00
1.18398046e+00
1.17489621e+00
1.15597070e+00
1.17943834e+00
1.17641026e+00
1.15824176e+00
1.20290598e+00
1.16732601e+00
1.57308913e+00
1.64576313e+00
1.62910867e+00
1.63062271e+00
1.62759463e+00
1.61018315e+00
1.62608059e+00
1.62835165e+00
1.59352869e+00
1.61623932e+00
1.63592186e+00
1.58141636e+00
1.19079365e+00
1.19003663e+00
1.17111111e+00
1.16202686e+00
1.17792430e+00
1.17035409e+00
1.17943834e+00
1.19155067e+00
1.19003663e+00
1.18170940e+00
1.16808303e+00
1.19306471e+00
1.19609280e+00
1.26498168e+00
1.17262515e+00
1.27406593e+00
1.19987790e+00
1.32251526e+00
1.21728938e+00
1.30056166e+00
1.17641026e+00
1.30207570e+00
1.17868132e+00
1.32327228e+00
1.17413919e+00
1.19684982e+00
1.17792430e+00
1.16581197e+00
1.44061050e+00
1.63062271e+00
1.61623932e+00
1.63667888e+00
1.63516484e+00
1.67831502e+00
1.60336996e+00
1.59201465e+00
1.59882784e+00
1.63440781e+00
1.60034188e+00
1.60412698e+00
1.26725275e+00
1.34295482e+00
1.18322344e+00
1.35279609e+00
1.17413919e+00
1.35052503e+00
1.18398046e+00
1.34522589e+00
1.18625153e+00
1.34446886e+00
1.19306471e+00
1.40578755e+00
1.18625153e+00
1.41260073e+00
1.22258852e+00
1.25892552e+00
1.16808303e+00
1.21956044e+00
1.17413919e+00
1.21956044e+00
1.18549451e+00
1.20366300e+00
1.17489621e+00
1.20290598e+00
1.15218559e+00
1.17111111e+00
1.14612943e+00
1.21501832e+00
1.19003663e+00
1.63440781e+00
1.60942613e+00
1.64122100e+00
1.61851038e+00
1.66544567e+00
1.62608059e+00
1.63819292e+00
1.62078144e+00
1.62456654e+00
1.60412698e+00
1.61396825e+00
1.59050061e+00
1.19079365e+00
1.20971917e+00
1.18549451e+00
1.19912088e+00
1.25362637e+00
1.18852259e+00
1.18700855e+00
1.17111111e+00
1.18700855e+00
1.17792430e+00
1.19836386e+00
1.17792430e+00
1.18095238e+00
1.18700855e+00
1.19457875e+00
1.16278388e+00
1.19230769e+00
1.21123321e+00
1.17338217e+00
1.17489621e+00
1.18322344e+00
1.19609280e+00
1.20669109e+00
1.16278388e+00
1.15748474e+00
1.19457875e+00
1.16959707e+00
1.18246642e+00
1.52842491e+00
1.63440781e+00
1.61548230e+00
1.62229548e+00
1.61699634e+00
1.61851038e+00
1.60639805e+00
1.61775336e+00
1.62759463e+00
1.59731380e+00
1.58141636e+00
1.59504274e+00
1.20214896e+00
1.18246642e+00
1.18019536e+00
1.17641026e+00
1.19306471e+00
1.18398046e+00
1.18019536e+00
1.20744811e+00
1.18776557e+00
1.16278388e+00
1.14915751e+00
1.17641026e+00
1.20063492e+00
1.18700855e+00
1.17111111e+00
1.16126984e+00
1.14764347e+00
1.17035409e+00
1.17565324e+00
1.16581197e+00
1.16354090e+00
1.17868132e+00
1.17111111e+00
1.16884005e+00
1.18322344e+00
1.23697192e+00
1.17111111e+00
1.15294261e+00
1.31645910e+00
1.60866911e+00
1.61699634e+00
1.63440781e+00
1.62153846e+00
1.67074481e+00
1.64349206e+00
1.61018315e+00
1.60791209e+00
1.61245421e+00
1.61018315e+00
1.60715507e+00
1.40200244e+00
1.29829060e+00
1.16959707e+00
1.28920635e+00
1.15067155e+00
1.31191697e+00
1.16959707e+00
1.30131868e+00
1.16808303e+00
1.29450549e+00
1.18927961e+00
1.32630037e+00
1.16959707e+00
1.32630037e+00
1.18473748e+00
1.34219780e+00
1.17489621e+00
1.35582418e+00
1.20063492e+00
1.31948718e+00
1.17186813e+00
1.26952381e+00
1.18019536e+00
1.16959707e+00
1.16278388e+00
1.18625153e+00
1.16202686e+00
1.17111111e+00
1.17641026e+00
1.57006105e+00
1.63289377e+00
1.63743590e+00
1.61321123e+00
1.63062271e+00
1.59958486e+00
1.63289377e+00
1.61018315e+00
1.60336996e+00
1.61245421e+00
1.88195360e+00
1.58368742e+00
1.30661783e+00
1.15975580e+00
1.21956044e+00
1.16808303e+00
1.24151404e+00
1.19155067e+00
1.22258852e+00
1.18095238e+00
1.21350427e+00
1.16959707e+00
1.22107448e+00
1.17186813e+00
1.20896215e+00
1.19457875e+00
1.19079365e+00
1.14915751e+00
1.19079365e+00
1.17413919e+00
1.20214896e+00
1.18019536e+00
1.19609280e+00
1.17413919e+00
1.21047619e+00
1.15975580e+00
1.19760684e+00
1.16808303e+00
1.18700855e+00
1.20744811e+00
1.45953602e+00
1.62835165e+00
1.64197802e+00
1.60109890e+00
1.66620269e+00
1.62305250e+00
1.66241758e+00
1.62229548e+00
1.62835165e+00
1.58595849e+00
1.62229548e+00
1.59655678e+00
1.23167277e+00
1.17489621e+00
1.17413919e+00
1.22031746e+00
1.17943834e+00
1.20744811e+00
1.16656899e+00
1.17943834e+00
1.16051282e+00
1.14461538e+00
1.21274725e+00
1.17792430e+00
1.19684982e+00
1.16505495e+00
1.19155067e+00
1.17338217e+00
1.17035409e+00
1.17716728e+00
1.16126984e+00
1.16354090e+00
1.19306471e+00
1.16581197e+00
1.19760684e+00
1.15975580e+00
1.17111111e+00
1.15899878e+00
1.18246642e+00
1.14840049e+00
1.19003663e+00
1.59504274e+00
1.62910867e+00
1.62683761e+00
1.60791209e+00
1.60866911e+00
1.60942613e+00
1.61321123e+00
1.60942613e+00
1.58822955e+00
1.62683761e+00
1.60942613e+00
1.59655678e+00
1.20593407e+00
1.17943834e+00
1.17262515e+00
1.17565324e+00
1.18019536e+00
1.16202686e+00
1.17262515e+00
1.17111111e+00
1.17489621e+00
1.15824176e+00
1.18398046e+00
1.17868132e+00
1.18170940e+00
1.17338217e+00
1.16278388e+00
1.17413919e+00
1.17716728e+00
1.16732601e+00
1.19382173e+00
1.14915751e+00
1.14991453e+00
1.18095238e+00
1.18927961e+00
1.18019536e+00
1.16581197e+00
1.16202686e+00
1.17641026e+00
1.18473748e+00
1.66317460e+00
1.60261294e+00
1.74871795e+00
1.59882784e+00
1.76764347e+00
1.60336996e+00
1.73433455e+00
1.62380952e+00
1.75628816e+00
1.61548230e+00
1.74796093e+00
1.59882784e+00
1.34749695e+00
1.17868132e+00
1.32781441e+00
1.17489621e+00
1.32857143e+00
1.16505495e+00
1.31645910e+00
1.14537241e+00
1.33462759e+00
1.19533578e+00
1.34219780e+00
1.19155067e+00
1.34522589e+00
1.19836386e+00
1.31494505e+00
1.16354090e+00
1.34219780e+00
1.16581197e+00
1.31797314e+00
1.17641026e+00
1.15521368e+00
1.18019536e+00
1.16354090e+00
1.19079365e+00
1.15521368e+00
1.15824176e+00
1.19079365e+00
1.15218559e+00
1.35809524e+00
1.65257631e+00
1.64349206e+00
1.58898657e+00
1.61548230e+00
1.63289377e+00
1.61018315e+00
1.59807082e+00
1.65333333e+00
1.60639805e+00
1.62002442e+00
1.59882784e+00
1.32175824e+00
1.14991453e+00
1.22410256e+00
1.18549451e+00
1.24000000e+00
1.15975580e+00
1.18776557e+00
1.17792430e+00
1.18398046e+00
1.17641026e+00
1.19533578e+00
1.16656899e+00
1.20063492e+00
1.16808303e+00
1.17413919e+00
1.16505495e+00
1.18852259e+00
1.19457875e+00
1.18852259e+00
1.18322344e+00
1.18095238e+00
1.15824176e+00
1.17716728e+00
1.17111111e+00
1.22485958e+00
1.18019536e+00
1.16808303e+00
1.16429792e+00
1.17035409e+00
1.57611722e+00
1.63894994e+00
1.59731380e+00
1.64576313e+00
1.62683761e+00
1.64879121e+00
1.61396825e+00
1.64197802e+00
1.57081807e+00
1.58595849e+00
1.59504274e+00
1.57687424e+00
1.17489621e+00
1.17868132e+00
1.17641026e+00
1.17338217e+00
1.16959707e+00
1.18095238e+00
1.15824176e+00
1.18776557e+00
1.14915751e+00
1.20139194e+00
1.17338217e+00
1.16505495e+00
1.15899878e+00
1.18246642e+00
1.21350427e+00
1.18852259e+00
1.17186813e+00
1.18398046e+00
1.17262515e+00
1.17338217e+00
1.16884005e+00
1.16732601e+00
1.17035409e+00
1.17035409e+00
1.17641026e+00
1.16354090e+00
1.19230769e+00
1.18398046e+00
1.44061050e+00
1.58898657e+00
1.62456654e+00
1.60866911e+00
1.63365079e+00
1.61926740e+00
1.63440781e+00
1.60942613e+00
1.60261294e+00
1.60942613e+00
1.59579976e+00
1.58293040e+00
1.24302808e+00
1.18852259e+00
1.20139194e+00
1.19533578e+00
1.18019536e+00
1.17111111e+00
1.17641026e+00
1.18700855e+00
1.19836386e+00
1.18095238e+00
1.14764347e+00
1.16959707e+00
1.14310134e+00
1.17565324e+00
1.17262515e+00
1.17338217e+00
1.15067155e+00
1.17792430e+00
1.31645910e+00
1.17641026e+00
1.29223443e+00
1.18322344e+00
1.30056166e+00
1.17413919e+00
1.28617827e+00
1.16581197e+00
1.30358974e+00
1.19003663e+00
1.36945055e+00
1.59655678e+00
1.79565324e+00
1.62683761e+00
1.78429792e+00
1.63137973e+00
1.79565324e+00
1.61169719e+00
1.78126984e+00
1.59807082e+00
1.78278388e+00
1.58368742e+00
1.76764347e+00
1.19155067e+00
1.35279609e+00
1.14764347e+00
1.32630037e+00
1.16505495e+00
1.33387057e+00
1.17186813e+00
1.35128205e+00
1.16051282e+00
1.34144078e+00
1.15369963e+00
1.23848596e+00
1.19533578e+00
1.21350427e+00
1.16278388e+00
1.20896215e+00
1.18322344e+00
1.12417582e+00
1.16126984e+00
1.16202686e+00
1.15899878e+00
1.17413919e+00
1.16581197e+00
1.16959707e+00
1.18170940e+00
1.16808303e+00
1.18019536e+00
1.17338217e+00
1.56400488e+00
1.62380952e+00
1.60185592e+00
1.61472527e+00
1.65181929e+00
1.64349206e+00
1.58444444e+00
1.60715507e+00
1.59504274e+00
1.63819292e+00
1.59958486e+00
1.61548230e+00
1.19003663e+00
1.18700855e+00
1.16505495e+00
1.18852259e+00
1.16051282e+00
1.18927961e+00
1.17943834e+00
1.20896215e+00
1.18019536e+00
1.18246642e+00
1.16959707e+00
1.11206349e+00
1.13628816e+00
1.18473748e+00
1.17111111e+00
1.19003663e+00
1.16581197e+00
1.18322344e+00
1.17186813e+00
1.16354090e+00
1.17262515e+00
1.18095238e+00
1.16505495e+00
1.13553114e+00
1.16126984e+00
1.18700855e+00
1.20669109e+00
1.23167277e+00
1.37929182e+00
1.62305250e+00
1.61851038e+00
1.62608059e+00
1.61775336e+00
1.63440781e+00
1.61169719e+00
1.60488400e+00
1.59807082e+00
1.58822955e+00
1.58898657e+00
1.59958486e+00
1.38156288e+00
1.18246642e+00
1.15067155e+00
1.18246642e+00
1.14991453e+00
1.16581197e+00
1.16581197e+00
1.17716728e+00
1.17565324e+00
1.16202686e+00
1.17413919e+00
1.17716728e+00
1.16884005e+00
1.17716728e+00
1.18398046e+00
1.19230769e+00
1.16505495e+00
1.22258852e+00
1.18473748e+00
1.15672772e+00
1.16429792e+00
1.16354090e+00
1.16884005e+00
1.16202686e+00
1.17035409e+00
1.17186813e+00
1.17262515e+00
1.15597070e+00
1.17413919e+00
1.58217338e+00
1.62608059e+00
1.64500611e+00
1.62910867e+00
1.60791209e+00
1.60639805e+00
1.62532357e+00
1.59201465e+00
1.64424908e+00
1.61321123e+00
1.60109890e+00
1.59958486e+00
1.57914530e+00
1.58368742e+00
1.58293040e+00
1.20744811e+00
1.16732601e+00
1.18170940e+00
1.18019536e+00
1.35809524e+00
1.20139194e+00
1.29526252e+00
1.15824176e+00
1.29904762e+00
1.18700855e+00
1.31191697e+00
1.17111111e+00
1.31570208e+00
1.16429792e+00
1.31570208e+00
1.17716728e+00
1.32857143e+00
1.19836386e+00
1.33084249e+00
1.18398046e+00
1.32402930e+00
1.18549451e+00
1.33235653e+00
1.16581197e+00
1.34749695e+00
1.48376068e+00
1.80322344e+00
1.62456654e+00
1.83880342e+00
1.69421245e+00
1.80473748e+00
1.62759463e+00
1.80019536e+00
1.61169719e+00
1.80322344e+00
1.60034188e+00
1.75780220e+00
1.17489621e+00
1.23697192e+00
1.17262515e+00
1.21274725e+00
1.16354090e+00
1.24681319e+00
1.19079365e+00
1.19382173e+00
1.21426129e+00
1.21047619e+00
1.16808303e+00
1.21501832e+00
1.16732601e+00
1.20139194e+00
1.17641026e+00
1.17792430e+00
1.16505495e+00
1.14007326e+00
1.17413919e+00
1.16278388e+00
1.16202686e+00
1.19306471e+00
1.16429792e+00
1.17186813e+00
1.17111111e+00
1.17262515e+00
1.16581197e+00
1.17035409e+00
1.24151404e+00
1.61623932e+00
1.63440781e+00
1.63667888e+00
1.62305250e+00
1.67528694e+00
1.61094017e+00
1.64652015e+00
1.60488400e+00
1.61245421e+00
1.61245421e+00
1.61321123e+00
1.35355311e+00
1.18095238e+00
1.17035409e+00
1.18776557e+00
1.16808303e+00
1.18852259e+00
1.17868132e+00
1.18095238e+00
1.16354090e+00
1.16732601e+00
1.16505495e+00
1.15294261e+00
1.16202686e+00
1.17868132e+00
1.16202686e+00
1.17262515e+00
1.17489621e+00
1.16808303e+00
1.17792430e+00
1.18549451e+00
1.16884005e+00
1.17716728e+00
1.17338217e+00
1.17943834e+00
1.16732601e+00
1.17111111e+00
1.17111111e+00
1.14158730e+00
1.10752137e+00
1.56551893e+00
1.66241758e+00
1.63743590e+00
1.65484737e+00
1.62835165e+00
1.61396825e+00
1.61775336e+00
1.61396825e+00
1.59958486e+00
1.61018315e+00
1.60564103e+00
1.59504274e+00
1.18852259e+00
1.15899878e+00
1.20593407e+00
1.18625153e+00
1.16505495e+00
1.19003663e+00
1.17641026e+00
1.19457875e+00
1.16884005e+00
1.17868132e+00
1.19457875e+00
1.16051282e+00
1.16732601e+00
1.16884005e+00
1.17413919e+00
1.16581197e+00
1.18322344e+00
1.16732601e+00
1.19155067e+00
1.16202686e+00
1.21199023e+00
1.14915751e+00
1.15975580e+00
1.18776557e+00
1.14764347e+00
1.15369963e+00
1.14612943e+00
1.18700855e+00
1.39443223e+00
1.62229548e+00
1.62456654e+00
1.62456654e+00
1.62456654e+00
1.61699634e+00
1.63440781e+00
1.63213675e+00
1.59125763e+00
1.61623932e+00
1.56930403e+00
1.75477411e+00
1.18549451e+00
1.28012210e+00
1.17338217e+00
1.26952381e+00
1.18700855e+00
1.30586081e+00
1.16884005e+00
1.30737485e+00
1.17792430e+00
1.32478632e+00
1.16505495e+00
1.31343101e+00
1.15294261e+00
1.33462759e+00
1.16126984e+00
1.37247863e+00
1.17338217e+00
1.31115995e+00
1.16808303e+00
1.36188034e+00
1.16354090e+00
1.33614164e+00
1.15975580e+00
1.34068376e+00
1.16959707e+00
1.34976801e+00
1.19155067e+00
1.34144078e+00
1.17565324e+00
1.78126984e+00
1.66695971e+00
1.66544567e+00
1.61018315e+00
1.73509158e+00
1.56627595e+00
1.65787546e+00
1.60639805e+00
1.63440781e+00
1.59882784e+00
1.64803419e+00
1.58444444e+00
1.20593407e+00
1.18019536e+00
1.19912088e+00
1.16884005e+00
1.21047619e+00
1.17262515e+00
1.19457875e+00
1.17641026e+00
1.23167277e+00
1.18246642e+00
1.19306471e+00
1.20139194e+00
1.17868132e+00
1.17565324e+00
1.16732601e+00
1.16126984e+00
1.17338217e+00
1.17413919e+00
1.17943834e+00
1.16429792e+00
1.16732601e+00
1.18700855e+00
1.16278388e+00
1.21804640e+00
1.15824176e+00
1.21956044e+00
1.17262515e+00
1.16278388e+00
1.48981685e+00
1.63894994e+00
1.63819292e+00
1.64349206e+00
1.62380952e+00
1.62759463e+00
1.62608059e+00
1.61699634e+00
1.59731380e+00
1.58217338e+00
1.64046398e+00
1.59579976e+00
1.17565324e+00
1.19155067e+00
1.17413919e+00
1.16581197e+00
1.16505495e+00
1.16959707e+00
1.18095238e+00
1.16581197e+00
1.16959707e+00
1.17035409e+00
1.18927961e+00
1.16278388e+00
1.17792430e+00
1.16505495e+00
1.15672772e+00
1.17565324e+00
1.17262515e+00
1.16202686e+00
1.17943834e+00
1.14764347e+00
1.15218559e+00
1.13477411e+00
1.22031746e+00
1.18398046e+00
1.17868132e+00
1.16884005e+00
1.16278388e+00
1.16505495e+00
1.28844933e+00
1.62305250e+00
1.64576313e+00
1.61169719e+00
1.63213675e+00
1.61775336e+00
1.62078144e+00
1.63213675e+00
1.57990232e+00
1.60185592e+00
1.61094017e+00
1.59428571e+00
1.59277167e+00
1.19155067e+00
1.18549451e+00
1.18095238e+00
1.17868132e+00
1.16808303e+00
1.20971917e+00
1.19382173e+00
1.21501832e+00
1.18852259e+00
1.20214896e+00
1.16429792e+00
1.16884005e+00
1.17262515e+00
1.18322344e+00
1.18246642e+00
1.16354090e+00
1.16808303e+00
1.17111111e+00
1.17413919e+00
1.16959707e+00
1.18019536e+00
1.15672772e+00
1.17186813e+00
1.20669109e+00
1.17413919e+00
1.18398046e+00
1.26876679e+00
1.17186813e+00
1.71010989e+00
1.59731380e+00
1.80776557e+00
1.59958486e+00
1.77067155e+00
1.60942613e+00
1.75931624e+00
1.60715507e+00
1.74190476e+00
1.59504274e+00
1.75780220e+00
1.62910867e+00
1.32402930e+00
1.20517705e+00
1.35506716e+00
1.18700855e+00
1.31570208e+00
1.15824176e+00
1.39064713e+00
1.19306471e+00
1.35203907e+00
1.19684982e+00
1.33462759e+00
1.17489621e+00
1.33689866e+00
1.18095238e+00
1.34144078e+00
1.20063492e+00
1.35128205e+00
1.15597070e+00
1.35809524e+00
1.16959707e+00
1.24832723e+00
1.16505495e+00
1.27028083e+00
1.17868132e+00
1.21047619e+00
1.15597070e+00
1.20139194e+00
1.18927961e+00
1.45499389e+00
1.62078144e+00
1.67604396e+00
1.62078144e+00
1.63440781e+00
1.63894994e+00
1.59807082e+00
1.59807082e+00
1.60261294e+00
1.60185592e+00
1.68664225e+00
1.59655678e+00
1.25211233e+00
1.18095238e+00
1.19003663e+00
1.17868132e+00
1.18398046e+00
1.18095238e+00
1.17338217e+00
1.18246642e+00
1.18776557e+00
1.19003663e+00
1.14991453e+00
1.17641026e+00
1.16959707e+00
1.19609280e+00
1.17716728e+00
1.18927961e+00
1.17262515e+00
1.13931624e+00
1.16429792e+00
1.17413919e+00
1.16581197e+00
1.17338217e+00
1.16581197e+00
1.16278388e+00
1.16126984e+00
1.18019536e+00
1.18776557e+00
1.15672772e+00
1.17489621e+00
1.57384615e+00
1.67907204e+00
1.62229548e+00
1.62910867e+00
1.59807082e+00
1.63137973e+00
1.60488400e+00
1.61548230e+00
1.60488400e+00
1.60488400e+00
1.59428571e+00
1.59958486e+00
1.18549451e+00
1.17035409e+00
1.16126984e+00
1.19760684e+00
1.17641026e+00
1.17641026e+00
1.20442002e+00
1.18927961e+00
1.18246642e+00
1.19836386e+00
1.16505495e+00
1.17186813e+00
1.18095238e+00
1.17641026e+00
1.15824176e+00
1.16278388e+00
1.17338217e+00
1.17035409e+00
1.18625153e+00
1.17868132e+00
1.17943834e+00
1.16884005e+00
1.15748474e+00
1.18095238e+00
1.16581197e+00
1.17943834e+00
1.14234432e+00
1.17792430e+00
1.50874237e+00
1.63516484e+00
1.62532357e+00
1.61396825e+00
1.61548230e+00
1.61926740e+00
1.61926740e+00
1.61094017e+00
1.64879121e+00
1.59428571e+00
1.60791209e+00
1.60564103e+00
1.19609280e+00
1.16126984e+00
1.19836386e+00
1.17792430e+00
1.28920635e+00
1.18246642e+00
1.29223443e+00
1.17413919e+00
1.17716728e+00
1.18019536e+00
1.20744811e+00
1.18473748e+00
1.19306471e+00
1.19912088e+00
1.16656899e+00
1.13553114e+00
1.15672772e+00
1.15597070e+00
1.15899878e+00
1.16278388e+00
1.15748474e+00
1.16429792e+00
1.17868132e+00
1.18322344e+00
1.31115995e+00
1.17262515e+00
1.31721612e+00
1.17641026e+00
1.47694750e+00
1.61623932e+00
1.81306471e+00
1.61775336e+00
1.79186813e+00
1.63137973e+00
1.79868132e+00
1.59882784e+00
1.79565324e+00
1.60488400e+00
1.79565324e+00
1.60109890e+00
1.51934066e+00
1.18549451e+00
1.35279609e+00
1.17262515e+00
1.33538462e+00
1.18625153e+00
1.34068376e+00
1.18322344e+00
1.24000000e+00
1.17641026e+00
1.19230769e+00
1.17716728e+00
1.21350427e+00
1.17413919e+00
1.22637363e+00
1.18549451e+00
1.20971917e+00
1.17111111e+00
1.19684982e+00
1.16505495e+00
1.20744811e+00
1.17943834e+00
1.20139194e+00
1.17792430e+00
1.13780220e+00
1.21199023e+00
1.19836386e+00
1.20063492e+00
1.16202686e+00
1.56703297e+00
1.68967033e+00
1.62532357e+00
1.63667888e+00
1.61926740e+00
1.63894994e+00
1.61623932e+00
1.62229548e+00
1.62456654e+00
1.62759463e+00
1.58822955e+00
1.63743590e+00
1.20744811e+00
1.15218559e+00
1.15899878e+00
1.18927961e+00
1.18776557e+00
1.18095238e+00
1.19003663e+00
1.17413919e+00
1.17111111e+00
1.16429792e+00
1.16732601e+00
1.16278388e+00
1.17186813e+00
1.18095238e+00
1.20820513e+00
1.17262515e+00
1.17262515e+00
1.16884005e+00
1.17111111e+00
1.15445665e+00
1.20593407e+00
1.16429792e+00
1.15824176e+00
1.18322344e+00
1.16429792e+00
1.16581197e+00
1.17111111e+00
1.18625153e+00
1.45499389e+00
1.62305250e+00
1.60942613e+00
1.57384615e+00
1.60715507e+00
1.65560440e+00
1.63137973e+00
1.61018315e+00
1.60336996e+00
1.60866911e+00
1.58671551e+00
1.59352869e+00
1.20669109e+00
1.17565324e+00
1.19306471e+00
1.17413919e+00
1.18625153e+00
1.18473748e+00
1.18095238e+00
1.16429792e+00
1.21956044e+00
1.18019536e+00
1.14007326e+00
1.14385836e+00
1.18625153e+00
1.18549451e+00
1.18852259e+00
1.15142857e+00
1.17716728e+00
1.15824176e+00
1.17035409e+00
1.17943834e+00
1.17413919e+00
1.16202686e+00
1.18019536e+00
1.16808303e+00
1.21274725e+00
1.19912088e+00
1.21728938e+00
1.18776557e+00
1.20517705e+00
1.59655678e+00
1.61851038e+00
1.63592186e+00
1.61548230e+00
1.62986569e+00
1.70253968e+00
1.61169719e+00
1.72827839e+00
1.61321123e+00
1.73130647e+00
1.60942613e+00
1.72373626e+00
1.14688645e+00
1.30434676e+00
1.17413919e+00
1.28390720e+00
1.17868132e+00
1.21653236e+00
1.16429792e+00
1.15824176e+00
1.19533578e+00
1.17186813e+00
1.16126984e+00
1.16808303e+00
1.16884005e+00
1.15899878e+00
1.16884005e+00
1.16429792e+00
1.18927961e+00
1.17338217e+00
1.16202686e+00
1.15824176e+00
1.16354090e+00
1.34371184e+00
1.17035409e+00
1.30813187e+00
1.13250305e+00
1.33387057e+00
1.17111111e+00
1.33387057e+00
1.55492063e+00
1.82744811e+00
1.63970696e+00
1.80927961e+00
1.60715507e+00
1.78429792e+00
1.63137973e+00
1.72752137e+00
1.57384615e+00
1.66847375e+00
1.59504274e+00
1.64122100e+00
1.17943834e+00
1.22183150e+00
1.17641026e+00
1.20517705e+00
1.15445665e+00
1.20744811e+00
1.17792430e+00
1.20290598e+00
1.17413919e+00
1.19230769e+00
1.14915751e+00
1.19684982e+00
1.17565324e+00
1.19457875e+00
1.15521368e+00
1.20063492e+00
1.17565324e+00
1.14461538e+00
1.18700855e+00
1.18322344e+00
1.17111111e+00
1.19079365e+00
1.17565324e+00
1.19382173e+00
1.18625153e+00
1.17716728e+00
1.16505495e+00
1.16959707e+00
1.36793651e+00
1.62002442e+00
1.63062271e+00
1.62078144e+00
1.61018315e+00
1.62986569e+00
1.61094017e+00
1.59882784e+00
1.61169719e+00
1.61094017e+00
1.61245421e+00
1.59504274e+00
1.32781441e+00
1.19533578e+00
1.16732601e+00
1.21123321e+00
1.18095238e+00
1.14007326e+00
1.19836386e+00
1.20744811e+00
1.16505495e+00
1.17262515e+00
1.21880342e+00
1.19306471e+00
1.16808303e+00
1.16202686e+00
1.19003663e+00
1.16808303e+00
1.16884005e+00
1.17111111e+00
1.17868132e+00
1.12568987e+00
1.16126984e+00
1.21123321e+00
1.16505495e+00
1.16505495e+00
1.18095238e+00
1.15672772e+00
1.14310134e+00
1.17186813e+00
1.15218559e+00
1.59352869e+00
1.63137973e+00
1.62608059e+00
1.62078144e+00
1.62608059e+00
1.62986569e+00
1.60715507e+00
1.59655678e+00
1.60791209e+00
1.62078144e+00
1.57611722e+00
1.61169719e+00
1.18398046e+00
1.18625153e+00
1.12114774e+00
1.18776557e+00
1.18927961e+00
1.16732601e+00
1.16505495e+00
1.18095238e+00
1.16732601e+00
1.18549451e+00
1.16505495e+00
1.18019536e+00
1.16429792e+00
1.18170940e+00
1.17868132e+00
1.18019536e+00
1.18625153e+00
1.17489621e+00
1.15445665e+00
1.25211233e+00
1.18549451e+00
1.28617827e+00
1.17868132e+00
1.29374847e+00
1.16126984e+00
1.31040293e+00
1.15899878e+00
1.27179487e+00
1.49511600e+00
1.77597070e+00
1.64652015e+00
1.76385836e+00
1.62683761e+00
1.77748474e+00
1.59428571e+00
1.78354090e+00
1.61851038e+00
1.75780220e+00
1.59428571e+00
1.75553114e+00
