9.34163614e-01
9.27350427e-01
9.37191697e-01
9.33406593e-01
9.50818071e-01
9.32649573e-01
9.22051282e-01
9.31135531e-01
9.61416361e-01
9.37948718e-01
9.76556777e-01
9.29621490e-01
9.28864469e-01
9.53089133e-01
9.40976801e-01
9.41733822e-01
9.35677656e-01
9.42490842e-01
9.43247863e-01
9.44004884e-01
8.84957265e-01
9.75042735e-01
9.15995116e-01
9.41733822e-01
9.42490842e-01
9.56874237e-01
9.22808303e-01
9.32649573e-01
9.49304029e-01
9.60659341e-01
8.97826618e-01
9.43247863e-01
9.61416361e-01
9.38705739e-01
9.36434676e-01
9.44004884e-01
9.40219780e-01
9.38705739e-01
9.50061050e-01
9.31135531e-01
9.31892552e-01
9.68986569e-01
9.31135531e-01
9.42490842e-01
9.47032967e-01
9.44004884e-01
9.81098901e-01
9.37191697e-01
9.46275946e-01
9.40976801e-01
9.43247863e-01
9.40219780e-01
9.46275946e-01
9.44761905e-01
9.41733822e-01
9.40976801e-01
9.47032967e-01
9.42490842e-01
9.51575092e-01
9.40219780e-01
9.44761905e-01
9.47789988e-01
9.65201465e-01
9.31135531e-01
9.39462759e-01
9.44761905e-01
9.44004884e-01
9.61416361e-01
9.44004884e-01
9.35677656e-01
1.02273504e+00
9.22051282e-01
9.44004884e-01
9.23565324e-01
9.49304029e-01
9.34920635e-01
9.57631258e-01
1.16732601e+00
9.46275946e-01
1.14688645e+00
9.49304029e-01
1.16202686e+00
9.51575092e-01
1.16656899e+00
9.31135531e-01
1.16884005e+00
9.45518926e-01
1.17868132e+00
9.44004884e-01
1.21956044e+00
9.53846154e-01
1.16051282e+00
9.48547009e-01
1.17413919e+00
9.41733822e-01
1.17035409e+00
9.39462759e-01
1.17111111e+00
9.53089133e-01
9.46275946e-01
9.48547009e-01
9.47032967e-01
9.45518926e-01
9.73528694e-01
9.33406593e-01
9.44004884e-01
9.17509158e-01
9.50061050e-01
1.01516484e+00
9.32649573e-01
9.37948718e-01
9.22808303e-01
9.97753358e-01
9.40219780e-01
9.47032967e-01
9.59902320e-01
9.42490842e-01
9.42490842e-01
9.45518926e-01
9.22808303e-01
9.34920635e-01
9.53089133e-01
9.46275946e-01
9.37948718e-01
9.43247863e-01
9.47789988e-01
9.40976801e-01
9.19780220e-01
9.51575092e-01
9.46275946e-01
9.45518926e-01
9.42490842e-01
9.40976801e-01
9.48547009e-01
9.46275946e-01
9.50818071e-01
9.44761905e-01
9.73528694e-01
9.51575092e-01
9.46275946e-01
9.34920635e-01
9.16752137e-01
9.40219780e-01
9.43247863e-01
9.47032967e-01
9.40976801e-01
9.40976801e-01
9.47032967e-01
9.50061050e-01
9.50061050e-01
9.50061050e-01
9.56117216e-01
9.50818071e-01
9.54603175e-01
9.44761905e-01
9.31892552e-01
9.47032967e-01
9.48547009e-01
9.40976801e-01
9.88669109e-01
9.65201465e-01
9.49304029e-01
9.51575092e-01
9.46275946e-01
9.29621490e-01
9.54603175e-01
9.47032967e-01
9.44004884e-01
9.49304029e-01
9.30378510e-01
9.59902320e-01
9.54603175e-01
9.21294261e-01
9.50061050e-01
9.56874237e-01
9.51575092e-01
9.92454212e-01
9.56117216e-01
9.44004884e-01
9.26593407e-01
9.38705739e-01
9.34163614e-01
9.47789988e-01
9.53089133e-01
9.53089133e-01
9.53846154e-01
9.66715507e-01
9.48547009e-01
9.38705739e-01
9.31892552e-01
9.52332112e-01
9.46275946e-01
9.35677656e-01
9.47789988e-01
9.31135531e-01
9.48547009e-01
9.68229548e-01
9.44761905e-01
9.44004884e-01
9.31135531e-01
9.47789988e-01
9.46275946e-01
9.51575092e-01
9.41733822e-01
9.65201465e-01
9.49304029e-01
9.59145299e-01
9.66715507e-01
9.59902320e-01
9.49304029e-01
9.40976801e-01
9.28864469e-01
9.53846154e-01
9.59902320e-01
9.51575092e-01
9.44761905e-01
9.48547009e-01
9.47032967e-01
9.45518926e-01
9.53089133e-01
1.14234432e+00
9.49304029e-01
1.15597070e+00
9.53846154e-01
1.16051282e+00
9.50061050e-01
1.18095238e+00
9.51575092e-01
1.17489621e+00
9.47032967e-01
1.16581197e+00
9.65201465e-01
1.17868132e+00
9.47789988e-01
1.17262515e+00
9.50818071e-01
1.16884005e+00
9.36434676e-01
1.19457875e+00
9.61416361e-01
1.20517705e+00
9.53089133e-01
1.20820513e+00
9.50061050e-01
1.18473748e+00
9.73528694e-01
1.23772894e+00
9.95482295e-01
1.17413919e+00
9.50061050e-01
9.67472527e-01
9.52332112e-01
9.47789988e-01
9.83369963e-01
9.60659341e-01
9.80341880e-01
9.24322344e-01
9.40976801e-01
9.56117216e-01
9.77313797e-01
9.78827839e-01
9.47789988e-01
9.55360195e-01
9.40976801e-01
9.51575092e-01
9.47032967e-01
9.46275946e-01
9.47032967e-01
9.50818071e-01
9.50061050e-01
9.61416361e-01
9.33406593e-01
9.23565324e-01
9.42490842e-01
9.60659341e-01
9.57631258e-01
9.43247863e-01
9.56117216e-01
9.71257631e-01
9.49304029e-01
9.42490842e-01
9.42490842e-01
9.44004884e-01
9.47789988e-01
9.51575092e-01
9.54603175e-01
9.44004884e-01
9.47789988e-01
9.66715507e-01
9.46275946e-01
9.47032967e-01
9.44004884e-01
9.05396825e-01
9.46275946e-01
9.51575092e-01
9.53846154e-01
9.51575092e-01
9.59145299e-01
9.47032967e-01
9.40976801e-01
9.42490842e-01
9.50818071e-01
9.40219780e-01
9.46275946e-01
9.43247863e-01
9.51575092e-01
9.64444444e-01
9.56117216e-01
9.34163614e-01
9.31892552e-01
9.14481074e-01
9.53089133e-01
9.69743590e-01
9.55360195e-01
9.53846154e-01
9.53846154e-01
9.47032967e-01
9.50061050e-01
9.38705739e-01
9.41733822e-01
9.59145299e-01
9.90940171e-01
9.37191697e-01
9.41733822e-01
9.51575092e-01
9.47032967e-01
9.47789988e-01
9.40976801e-01
9.42490842e-01
9.14481074e-01
9.49304029e-01
9.50818071e-01
9.44004884e-01
9.50061050e-01
9.46275946e-01
9.43247863e-01
9.47789988e-01
9.65201465e-01
9.62173382e-01
9.62173382e-01
9.42490842e-01
9.31892552e-01
9.35677656e-01
9.34163614e-01
9.34163614e-01
9.40219780e-01
9.54603175e-01
9.33406593e-01
9.58388278e-01
9.47789988e-01
9.40976801e-01
9.50818071e-01
9.50061050e-01
9.48547009e-01
9.45518926e-01
9.37191697e-01
9.15238095e-01
9.38705739e-01
9.45518926e-01
9.82612943e-01
9.35677656e-01
1.16732601e+00
9.46275946e-01
1.14764347e+00
9.47789988e-01
1.16505495e+00
9.50061050e-01
1.15672772e+00
9.44004884e-01
1.17641026e+00
9.48547009e-01
1.15597070e+00
9.34163614e-01
1.18625153e+00
9.52332112e-01
1.19230769e+00
9.37948718e-01
1.11963370e+00
9.44761905e-01
1.16429792e+00
9.37191697e-01
1.16959707e+00
9.47032967e-01
1.17565324e+00
9.47032967e-01
1.17716728e+00
9.44004884e-01
1.14083028e+00
9.68229548e-01
1.18700855e+00
9.42490842e-01
1.16354090e+00
9.47032967e-01
9.65201465e-01
9.23565324e-01
9.44761905e-01
9.33406593e-01
9.35677656e-01
9.40976801e-01
9.37948718e-01
9.42490842e-01
9.47789988e-01
9.46275946e-01
9.55360195e-01
9.56117216e-01
9.44004884e-01
9.62173382e-01
9.44004884e-01
9.40976801e-01
9.22051282e-01
9.58388278e-01
9.49304029e-01
9.62930403e-01
9.28107448e-01
9.35677656e-01
9.42490842e-01
9.40219780e-01
9.40976801e-01
9.40219780e-01
9.45518926e-01
9.31135531e-01
9.37948718e-01
9.38705739e-01
9.44004884e-01
9.40976801e-01
9.44761905e-01
9.44761905e-01
9.37948718e-01
9.32649573e-01
9.75042735e-01
9.58388278e-01
9.44004884e-01
9.43247863e-01
9.47032967e-01
9.41733822e-01
9.53089133e-01
9.45518926e-01
9.32649573e-01
9.44761905e-01
9.51575092e-01
9.44004884e-01
9.27350427e-01
9.48547009e-01
9.12967033e-01
9.44761905e-01
9.36434676e-01
9.44761905e-01
9.55360195e-01
9.41733822e-01
9.47789988e-01
9.37191697e-01
9.37948718e-01
9.61416361e-01
9.37948718e-01
9.38705739e-01
9.29621490e-01
9.44004884e-01
9.49304029e-01
9.42490842e-01
9.41733822e-01
9.53089133e-01
9.41733822e-01
9.15995116e-01
9.53846154e-01
9.40219780e-01
9.48547009e-01
9.43247863e-01
9.51575092e-01
9.47032967e-01
9.40219780e-01
9.42490842e-01
9.43247863e-01
9.69743590e-01
9.22051282e-01
9.40976801e-01
9.56117216e-01
9.80341880e-01
9.40976801e-01
9.25836386e-01
9.55360195e-01
9.42490842e-01
9.44004884e-01
9.41733822e-01
9.59902320e-01
9.41733822e-01
9.37191697e-01
9.35677656e-01
9.40976801e-01
9.38705739e-01
9.21294261e-01
9.44004884e-01
9.43247863e-01
9.46275946e-01
9.37948718e-01
1.14991453e+00
9.40219780e-01
9.34163614e-01
9.53846154e-01
9.49304029e-01
9.40219780e-01
9.41733822e-01
9.44761905e-01
9.43247863e-01
9.34920635e-01
9.44004884e-01
9.23565324e-01
9.45518926e-01
9.27350427e-01
9.19780220e-01
9.58388278e-01
9.19023199e-01
9.44004884e-01
1.20593407e+00
9.40219780e-01
1.17338217e+00
9.42490842e-01
1.17489621e+00
9.44761905e-01
1.16581197e+00
9.56874237e-01
1.16656899e+00
9.40219780e-01
1.18322344e+00
9.29621490e-01
1.22258852e+00
9.47789988e-01
1.18473748e+00
9.42490842e-01
1.15975580e+00
9.68229548e-01
1.16959707e+00
9.37948718e-01
1.16808303e+00
9.44004884e-01
9.75042735e-01
9.40219780e-01
9.37948718e-01
9.22051282e-01
9.59145299e-01
9.30378510e-01
9.68229548e-01
9.32649573e-01
9.62930403e-01
9.37191697e-01
9.22808303e-01
9.47032967e-01
9.07667888e-01
9.36434676e-01
9.27350427e-01
9.41733822e-01
9.36434676e-01
9.39462759e-01
9.48547009e-01
9.37948718e-01
9.44004884e-01
9.40976801e-01
9.37191697e-01
9.49304029e-01
9.25836386e-01
9.40219780e-01
9.40976801e-01
9.26593407e-01
9.37948718e-01
9.66715507e-01
9.12967033e-01
9.31135531e-01
9.44761905e-01
9.40219780e-01
9.48547009e-01
9.31892552e-01
9.44761905e-01
9.59145299e-01
9.45518926e-01
9.44004884e-01
9.25079365e-01
9.44004884e-01
9.56117216e-01
9.27350427e-01
9.43247863e-01
9.12210012e-01
9.40219780e-01
9.40976801e-01
9.38705739e-01
9.38705739e-01
9.36434676e-01
9.38705739e-01
9.32649573e-01
9.41733822e-01
9.40976801e-01
9.47789988e-01
9.35677656e-01
9.37948718e-01
9.13724054e-01
9.44004884e-01
9.25079365e-01
9.41733822e-01
9.41733822e-01
9.34920635e-01
9.37948718e-01
9.40219780e-01
9.40219780e-01
9.59145299e-01
9.40219780e-01
9.48547009e-01
9.42490842e-01
9.48547009e-01
9.36434676e-01
9.37191697e-01
9.40976801e-01
9.44004884e-01
9.34163614e-01
9.37948718e-01
9.34163614e-01
9.12967033e-01
9.63687424e-01
9.40976801e-01
9.42490842e-01
9.37191697e-01
9.34163614e-01
9.44761905e-01
9.51575092e-01
9.34163614e-01
9.42490842e-01
9.47789988e-01
9.39462759e-01
9.44004884e-01
9.44761905e-01
9.56117216e-01
9.37948718e-01
9.41733822e-01
9.29621490e-01
9.44761905e-01
9.44004884e-01
9.40976801e-01
9.40976801e-01
1.12568987e+00
9.34920635e-01
1.14461538e+00
9.25079365e-01
1.14234432e+00
9.53846154e-01
1.14764347e+00
9.36434676e-01
1.14083028e+00
9.44004884e-01
1.17262515e+00
9.44004884e-01
1.16732601e+00
9.34163614e-01
1.17111111e+00
9.46275946e-01
1.17111111e+00
9.49304029e-01
1.16884005e+00
9.39462759e-01
9.53846154e-01
9.41733822e-01
9.48547009e-01
9.53089133e-01
9.47789988e-01
9.59145299e-01
9.27350427e-01
9.56874237e-01
9.37191697e-01
9.49304029e-01
9.47032967e-01
9.39462759e-01
9.44761905e-01
9.46275946e-01
9.40219780e-01
9.44004884e-01
1.20517705e+00
9.25836386e-01
1.17035409e+00
9.59902320e-01
9.71257631e-01
9.47032967e-01
9.65201465e-01
9.44761905e-01
9.97753358e-01
9.09181929e-01
9.40976801e-01
9.34920635e-01
9.46275946e-01
9.43247863e-01
9.47032967e-01
9.43247863e-01
9.39462759e-01
9.24322344e-01
9.49304029e-01
9.44761905e-01
9.62930403e-01
9.47789988e-01
9.60659341e-01
9.47789988e-01
8.62246642e-01
9.04639805e-01
9.44761905e-01
9.43247863e-01
9.46275946e-01
9.47032967e-01
9.42490842e-01
9.49304029e-01
9.40976801e-01
9.98510379e-01
9.31892552e-01
9.40976801e-01
9.26593407e-01
9.47789988e-01
9.38705739e-01
9.40219780e-01
9.91697192e-01
9.48547009e-01
9.40219780e-01
9.45518926e-01
9.36434676e-01
9.46275946e-01
9.43247863e-01
9.41733822e-01
9.53089133e-01
9.47789988e-01
9.07667888e-01
9.10695971e-01
9.23565324e-01
9.50818071e-01
9.66715507e-01
9.50061050e-01
9.50061050e-01
9.38705739e-01
9.60659341e-01
9.37948718e-01
9.53846154e-01
9.44761905e-01
9.48547009e-01
9.47789988e-01
9.46275946e-01
9.41733822e-01
9.50061050e-01
9.42490842e-01
9.42490842e-01
9.25836386e-01
9.30378510e-01
1.00986569e+00
9.27350427e-01
9.53846154e-01
9.32649573e-01
9.47032967e-01
9.47032967e-01
9.49304029e-01
9.52332112e-01
9.62173382e-01
9.46275946e-01
9.47789988e-01
9.57631258e-01
9.44004884e-01
9.47789988e-01
9.46275946e-01
9.28864469e-01
9.53089133e-01
9.49304029e-01
9.16752137e-01
9.73528694e-01
9.51575092e-01
9.51575092e-01
9.44761905e-01
9.50061050e-01
9.46275946e-01
9.46275946e-01
9.40976801e-01
9.53846154e-01
9.59145299e-01
9.47789988e-01
9.37948718e-01
9.44761905e-01
9.25079365e-01
9.53089133e-01
9.35677656e-01
9.48547009e-01
1.16126984e+00
9.54603175e-01
1.15521368e+00
9.33406593e-01
1.17035409e+00
9.41733822e-01
1.17565324e+00
9.65958486e-01
1.16808303e+00
9.22808303e-01
1.15294261e+00
9.78070818e-01
1.15672772e+00
9.47032967e-01
1.17792430e+00
9.47789988e-01
1.18170940e+00
9.56117216e-01
1.17565324e+00
9.52332112e-01
1.18246642e+00
9.44004884e-01
1.16959707e+00
9.43247863e-01
1.17565324e+00
9.53089133e-01
1.20442002e+00
9.52332112e-01
1.18019536e+00
9.25836386e-01
9.44761905e-01
9.81855922e-01
9.40219780e-01
9.68229548e-01
9.59902320e-01
9.65201465e-01
9.50818071e-01
9.54603175e-01
9.49304029e-01
9.47032967e-01
9.48547009e-01
9.59145299e-01
9.59902320e-01
9.80341880e-01
9.45518926e-01
9.56874237e-01
9.56117216e-01
9.56117216e-01
9.50818071e-01
9.62173382e-01
9.54603175e-01
9.38705739e-01
9.42490842e-01
9.50061050e-01
9.50818071e-01
9.54603175e-01
9.47032967e-01
9.53089133e-01
9.65201465e-01
9.77313797e-01
9.37948718e-01
9.57631258e-01
9.07667888e-01
9.62930403e-01
9.56874237e-01
9.31892552e-01
9.80341880e-01
9.41733822e-01
9.45518926e-01
9.44761905e-01
9.48547009e-01
9.51575092e-01
9.54603175e-01
9.53089133e-01
9.54603175e-01
9.30378510e-01
9.48547009e-01
9.74285714e-01
9.38705739e-01
9.42490842e-01
9.41733822e-01
9.44761905e-01
9.59902320e-01
9.50061050e-01
9.78070818e-01
9.64444444e-01
9.56117216e-01
9.50818071e-01
9.47032967e-01
9.50818071e-01
9.49304029e-01
9.46275946e-01
9.49304029e-01
9.62173382e-01
9.62930403e-01
9.87155067e-01
9.47032967e-01
9.56874237e-01
9.48547009e-01
9.43247863e-01
9.44761905e-01
9.67472527e-01
9.54603175e-01
9.52332112e-01
9.50818071e-01
9.52332112e-01
9.59902320e-01
9.56117216e-01
9.44761905e-01
9.40976801e-01
9.79584860e-01
9.50818071e-01
9.53089133e-01
9.56117216e-01
9.41733822e-01
9.59902320e-01
9.09938950e-01
9.56117216e-01
9.68229548e-01
9.54603175e-01
9.54603175e-01
9.47789988e-01
9.53089133e-01
9.59902320e-01
9.53089133e-01
9.50818071e-01
9.44004884e-01
9.50818071e-01
9.47789988e-01
9.56874237e-01
9.53846154e-01
9.59145299e-01
9.36434676e-01
9.58388278e-01
9.52332112e-01
9.53089133e-01
9.56117216e-01
9.55360195e-01
9.62930403e-01
1.06512821e+00
9.56117216e-01
1.17489621e+00
9.53846154e-01
1.20442002e+00
9.50818071e-01
1.17262515e+00
9.58388278e-01
1.17489621e+00
9.72014652e-01
1.18473748e+00
9.53846154e-01
1.24151404e+00
9.59145299e-01
1.17792430e+00
9.44004884e-01
1.18019536e+00
9.53089133e-01
1.17186813e+00
9.52332112e-01
1.16656899e+00
9.78070818e-01
1.14915751e+00
9.56874237e-01
1.22410256e+00
9.53089133e-01
1.17943834e+00
9.62173382e-01
1.17792430e+00
9.51575092e-01
1.18398046e+00
9.50818071e-01
9.79584860e-01
9.46275946e-01
9.54603175e-01
9.47789988e-01
9.53089133e-01
9.53846154e-01
9.68986569e-01
9.47032967e-01
9.44761905e-01
9.29621490e-01
9.49304029e-01
9.58388278e-01
9.48547009e-01
9.47789988e-01
9.52332112e-01
9.54603175e-01
9.56117216e-01
9.47789988e-01
9.53846154e-01
9.55360195e-01
9.65958486e-01
9.57631258e-01
9.34163614e-01
9.64444444e-01
9.47032967e-01
9.48547009e-01
9.56874237e-01
9.53089133e-01
1.01894994e+00
8.90256410e-01
9.50818071e-01
9.44004884e-01
9.56874237e-01
9.51575092e-01
9.54603175e-01
9.54603175e-01
9.59145299e-01
9.48547009e-01
9.56117216e-01
9.56117216e-01
9.37948718e-01
9.45518926e-01
9.56117216e-01
9.44761905e-01
9.68986569e-01
9.47789988e-01
9.53089133e-01
9.68229548e-01
8.81172161e-01
9.56117216e-01
9.56117216e-01
9.52332112e-01
9.56117216e-01
9.57631258e-01
9.56117216e-01
9.34920635e-01
9.42490842e-01
9.39462759e-01
9.43247863e-01
9.47789988e-01
9.52332112e-01
9.41733822e-01
9.20537241e-01
9.37948718e-01
9.61416361e-01
9.71257631e-01
9.55360195e-01
9.50818071e-01
9.38705739e-01
9.56117216e-01
9.50061050e-01
9.56117216e-01
9.75042735e-01
9.37948718e-01
9.47789988e-01
9.69743590e-01
9.25836386e-01
9.53089133e-01
9.25836386e-01
9.41733822e-01
9.52332112e-01
9.78827839e-01
9.50818071e-01
9.51575092e-01
9.55360195e-01
9.52332112e-01
9.56874237e-01
9.50818071e-01
9.62173382e-01
9.57631258e-01
9.44761905e-01
9.56874237e-01
8.81929182e-01
9.61416361e-01
9.49304029e-01
9.44004884e-01
9.84126984e-01
9.23565324e-01
9.84884005e-01
9.57631258e-01
9.59145299e-01
9.44761905e-01
9.53089133e-01
9.75042735e-01
9.47032967e-01
9.44004884e-01
9.49304029e-01
9.66715507e-01
9.60659341e-01
9.50061050e-01
9.52332112e-01
9.65201465e-01
9.63687424e-01
9.49304029e-01
9.40976801e-01
9.53846154e-01
9.56117216e-01
9.44761905e-01
9.53089133e-01
1.17641026e+00
9.51575092e-01
1.18322344e+00
9.62173382e-01
1.17413919e+00
9.62930403e-01
1.18170940e+00
9.48547009e-01
1.17111111e+00
9.37191697e-01
1.19003663e+00
1.00229548e+00
1.17868132e+00
9.54603175e-01
1.18322344e+00
9.55360195e-01
1.17338217e+00
9.50818071e-01
1.18019536e+00
9.55360195e-01
1.18549451e+00
9.70500611e-01
1.09843712e+00
9.43247863e-01
9.76556777e-01
9.57631258e-01
9.53846154e-01
9.41733822e-01
9.65958486e-01
9.54603175e-01
9.55360195e-01
9.43247863e-01
9.37948718e-01
9.68229548e-01
9.41733822e-01
9.56874237e-01
9.40219780e-01
9.31135531e-01
9.51575092e-01
9.76556777e-01
9.60659341e-01
9.55360195e-01
9.59145299e-01
9.53089133e-01
9.40976801e-01
9.55360195e-01
9.58388278e-01
9.59902320e-01
9.59145299e-01
9.59145299e-01
9.51575092e-01
9.59902320e-01
9.47032967e-01
9.75042735e-01
9.27350427e-01
9.58388278e-01
9.65201465e-01
9.45518926e-01
9.81855922e-01
9.51575092e-01
9.56117216e-01
9.59145299e-01
9.65201465e-01
9.56874237e-01
9.48547009e-01
9.56874237e-01
9.56117216e-01
9.56117216e-01
9.62930403e-01
9.43247863e-01
9.28107448e-01
9.66715507e-01
9.57631258e-01
9.73528694e-01
9.37948718e-01
9.64444444e-01
9.53846154e-01
9.61416361e-01
9.65201465e-01
9.52332112e-01
9.49304029e-01
9.50818071e-01
9.54603175e-01
9.55360195e-01
9.57631258e-01
9.59902320e-01
9.50061050e-01
9.52332112e-01
9.62173382e-01
9.43247863e-01
9.46275946e-01
9.28864469e-01
9.24322344e-01
9.90183150e-01
9.47789988e-01
9.56874237e-01
9.46275946e-01
9.61416361e-01
9.56874237e-01
9.56117216e-01
9.53089133e-01
9.56874237e-01
9.45518926e-01
9.49304029e-01
9.67472527e-01
9.46275946e-01
9.53089133e-01
9.49304029e-01
9.51575092e-01
9.62930403e-01
9.80341880e-01
9.53089133e-01
9.59902320e-01
9.53089133e-01
9.56117216e-01
9.51575092e-01
9.54603175e-01
9.47789988e-01
9.52332112e-01
9.92454212e-01
9.53089133e-01
9.74285714e-01
9.61416361e-01
9.51575092e-01
9.52332112e-01
1.16429792e+00
9.56117216e-01
1.16884005e+00
9.59902320e-01
1.17413919e+00
9.53846154e-01
1.17413919e+00
9.65201465e-01
1.17035409e+00
9.56117216e-01
1.18246642e+00
9.45518926e-01
1.21501832e+00
9.47789988e-01
1.13401709e+00
9.56117216e-01
1.15824176e+00
9.82612943e-01
9.57631258e-01
9.46275946e-01
1.01137973e+00
9.52332112e-01
9.56117216e-01
9.53846154e-01
9.57631258e-01
9.50061050e-01
9.58388278e-01
9.75799756e-01
8.38778999e-01
9.67472527e-01
9.62930403e-01
9.34920635e-01
9.59145299e-01
9.68986569e-01
1.17641026e+00
9.53846154e-01
1.17565324e+00
9.56117216e-01
1.07496947e+00
9.50818071e-01
9.52332112e-01
9.47032967e-01
9.55360195e-01
9.46275946e-01
9.64444444e-01
9.37948718e-01
9.81098901e-01
9.80341880e-01
9.75799756e-01
9.42490842e-01
9.39462759e-01
9.84884005e-01
9.78827839e-01
9.24322344e-01
9.57631258e-01
9.54603175e-01
9.62173382e-01
9.54603175e-01
9.50818071e-01
9.53089133e-01
9.68229548e-01
9.30378510e-01
9.53846154e-01
9.82612943e-01
9.42490842e-01
9.55360195e-01
9.70500611e-01
9.58388278e-01
9.77313797e-01
9.47032967e-01
9.46275946e-01
9.52332112e-01
9.61416361e-01
9.55360195e-01
9.47032967e-01
9.52332112e-01
9.53089133e-01
9.50818071e-01
9.22808303e-01
9.18266178e-01
9.40219780e-01
9.62173382e-01
9.51575092e-01
9.50061050e-01
9.44004884e-01
9.61416361e-01
9.61416361e-01
9.53846154e-01
9.56117216e-01
9.52332112e-01
9.58388278e-01
9.48547009e-01
9.50818071e-01
9.47789988e-01
9.55360195e-01
9.62173382e-01
8.97826618e-01
9.84126984e-01
9.36434676e-01
9.62173382e-01
9.53089133e-01
9.24322344e-01
9.53846154e-01
9.44761905e-01
9.51575092e-01
9.64444444e-01
9.50061050e-01
9.43247863e-01
9.47789988e-01
9.50818071e-01
9.44761905e-01
9.51575092e-01
9.53846154e-01
9.71257631e-01
9.49304029e-01
9.46275946e-01
9.62930403e-01
9.82612943e-01
9.43247863e-01
9.50061050e-01
9.40976801e-01
9.50061050e-01
9.50061050e-01
9.48547009e-01
9.50061050e-01
9.37191697e-01
9.53089133e-01
9.32649573e-01
9.64444444e-01
9.47032967e-01
9.53089133e-01
9.44761905e-01
9.47032967e-01
9.37191697e-01
9.73528694e-01
9.37948718e-01
9.56874237e-01
9.52332112e-01
9.44004884e-01
9.49304029e-01
9.53089133e-01
1.16656899e+00
9.46275946e-01
1.15824176e+00
9.53089133e-01
1.18246642e+00
9.35677656e-01
1.19836386e+00
9.44004884e-01
1.17868132e+00
9.40976801e-01
1.23621490e+00
9.56874237e-01
1.17111111e+00
9.44004884e-01
1.17413919e+00
9.47032967e-01
1.17413919e+00
9.48547009e-01
1.17413919e+00
9.44004884e-01
1.17035409e+00
9.34163614e-01
1.16354090e+00
9.44761905e-01
1.17943834e+00
9.31135531e-01
1.16581197e+00
9.47032967e-01
1.17716728e+00
9.24322344e-01
9.62173382e-01
9.43247863e-01
9.34163614e-01
9.40976801e-01
9.44761905e-01
9.49304029e-01
9.59145299e-01
9.48547009e-01
9.46275946e-01
9.35677656e-01
9.56117216e-01
9.62930403e-01
9.39462759e-01
9.50061050e-01
9.59145299e-01
9.40976801e-01
9.43247863e-01
9.49304029e-01
9.64444444e-01
9.59145299e-01
9.44761905e-01
9.44004884e-01
9.27350427e-01
9.44761905e-01
9.49304029e-01
9.32649573e-01
9.56874237e-01
9.38705739e-01
9.50061050e-01
9.50818071e-01
9.56874237e-01
9.59902320e-01
9.71257631e-01
9.56117216e-01
9.45518926e-01
9.42490842e-01
9.41733822e-01
9.66715507e-01
9.46275946e-01
9.49304029e-01
9.37948718e-01
9.31892552e-01
9.31135531e-01
9.37191697e-01
9.46275946e-01
9.44761905e-01
9.43247863e-01
9.44761905e-01
9.20537241e-01
9.34920635e-01
9.39462759e-01
9.48547009e-01
9.44761905e-01
9.45518926e-01
9.40976801e-01
9.46275946e-01
9.44761905e-01
9.29621490e-01
9.50061050e-01
9.56117216e-01
9.43247863e-01
9.40976801e-01
9.39462759e-01
9.28107448e-01
9.44761905e-01
9.43247863e-01
9.47789988e-01
9.43247863e-01
9.37191697e-01
9.52332112e-01
9.46275946e-01
9.40219780e-01
9.49304029e-01
9.56117216e-01
9.16752137e-01
9.27350427e-01
9.38705739e-01
9.59145299e-01
9.46275946e-01
9.41733822e-01
9.38705739e-01
9.25836386e-01
9.47032967e-01
9.44761905e-01
9.47789988e-01
9.45518926e-01
9.54603175e-01
9.46275946e-01
9.46275946e-01
9.47032967e-01
9.28864469e-01
9.77313797e-01
9.68229548e-01
9.12967033e-01
8.97069597e-01
9.31892552e-01
9.48547009e-01
9.34920635e-01
9.68986569e-01
8.96312576e-01
9.45518926e-01
9.36434676e-01
9.56117216e-01
9.41733822e-01
9.50061050e-01
9.40219780e-01
9.55360195e-01
9.48547009e-01
9.79584860e-01
1.13704518e+00
9.30378510e-01
1.18852259e+00
9.65958486e-01
1.15294261e+00
9.37948718e-01
1.16051282e+00
9.32649573e-01
1.16732601e+00
9.40219780e-01
1.15748474e+00
9.40976801e-01
1.16732601e+00
9.40976801e-01
1.17035409e+00
9.05396825e-01
1.17792430e+00
9.38705739e-01
1.16732601e+00
9.28864469e-01
1.21199023e+00
9.37948718e-01
1.16505495e+00
9.38705739e-01
1.17186813e+00
9.37191697e-01
1.15975580e+00
9.37948718e-01
1.16429792e+00
9.32649573e-01
9.61416361e-01
9.47789988e-01
9.34920635e-01
9.38705739e-01
9.17509158e-01
9.19023199e-01
9.24322344e-01
9.23565324e-01
9.32649573e-01
9.10695971e-01
9.45518926e-01
9.40219780e-01
9.37191697e-01
9.36434676e-01
9.44761905e-01
9.37948718e-01
9.42490842e-01
9.40976801e-01
9.90940171e-01
9.41733822e-01
9.46275946e-01
9.48547009e-01
9.62930403e-01
9.40219780e-01
9.39462759e-01
9.44004884e-01
9.43247863e-01
9.22808303e-01
9.51575092e-01
9.40976801e-01
9.42490842e-01
9.42490842e-01
9.40219780e-01
9.37191697e-01
9.28864469e-01
9.91697192e-01
9.40976801e-01
9.44004884e-01
9.53846154e-01
9.38705739e-01
9.37191697e-01
9.40219780e-01
9.38705739e-01
9.37948718e-01
9.37948718e-01
9.44004884e-01
9.38705739e-01
9.37948718e-01
9.37191697e-01
9.41733822e-01
9.42490842e-01
9.53089133e-01
9.34163614e-01
8.97069597e-01
9.37948718e-01
9.40976801e-01
9.48547009e-01
9.44004884e-01
9.53846154e-01
9.36434676e-01
9.41733822e-01
9.34163614e-01
9.40219780e-01
9.40219780e-01
9.56117216e-01
9.37191697e-01
9.22808303e-01
9.46275946e-01
9.33406593e-01
9.12967033e-01
9.50061050e-01
9.56117216e-01
9.32649573e-01
9.37191697e-01
9.35677656e-01
9.45518926e-01
9.20537241e-01
9.34163614e-01
9.40219780e-01
9.40219780e-01
9.37191697e-01
9.38705739e-01
9.45518926e-01
9.45518926e-01
9.35677656e-01
9.53846154e-01
9.34920635e-01
9.33406593e-01
9.23565324e-01
9.39462759e-01
9.41733822e-01
9.44761905e-01
9.41733822e-01
9.36434676e-01
9.33406593e-01
9.43247863e-01
9.40976801e-01
9.40976801e-01
9.44004884e-01
9.35677656e-01
9.40976801e-01
9.16752137e-01
9.37948718e-01
1.17868132e+00
9.42490842e-01
9.38705739e-01
9.44761905e-01
9.32649573e-01
9.34920635e-01
9.38705739e-01
9.26593407e-01
9.38705739e-01
9.38705739e-01
9.40976801e-01
9.37948718e-01
9.44004884e-01
9.38705739e-01
9.31892552e-01
9.32649573e-01
9.31892552e-01
9.40976801e-01
1.17641026e+00
9.32649573e-01
1.15597070e+00
9.47032967e-01
1.15899878e+00
9.17509158e-01
1.15445665e+00
9.53846154e-01
1.16884005e+00
9.40219780e-01
1.17338217e+00
9.41733822e-01
1.15824176e+00
9.24322344e-01
1.16202686e+00
9.35677656e-01
1.17338217e+00
9.49304029e-01
1.16505495e+00
9.22808303e-01
1.16429792e+00
9.44761905e-01
9.90940171e-01
9.40219780e-01
9.40219780e-01
9.53089133e-01
9.34920635e-01
9.29621490e-01
9.28107448e-01
9.54603175e-01
9.36434676e-01
9.65201465e-01
9.25079365e-01
9.32649573e-01
9.37191697e-01
9.39462759e-01
9.45518926e-01
9.41733822e-01
9.31892552e-01
9.65201465e-01
9.37191697e-01
9.34920635e-01
9.47032967e-01
9.39462759e-01
9.42490842e-01
9.44004884e-01
9.21294261e-01
9.28107448e-01
9.41733822e-01
9.40219780e-01
9.47789988e-01
9.34920635e-01
9.54603175e-01
9.30378510e-01
9.44761905e-01
9.22808303e-01
9.36434676e-01
9.44004884e-01
9.50818071e-01
9.35677656e-01
9.34163614e-01
9.60659341e-01
9.44761905e-01
9.40219780e-01
9.34920635e-01
9.48547009e-01
8.95555556e-01
9.40219780e-01
9.73528694e-01
9.47032967e-01
9.46275946e-01
9.74285714e-01
9.30378510e-01
9.44761905e-01
9.49304029e-01
9.44004884e-01
9.22051282e-01
9.35677656e-01
9.37191697e-01
9.25836386e-01
9.41733822e-01
9.34920635e-01
8.97069597e-01
9.66715507e-01
9.15238095e-01
1.00153846e+00
9.75042735e-01
9.40976801e-01
9.46275946e-01
9.41733822e-01
9.31135531e-01
9.47032967e-01
9.39462759e-01
9.48547009e-01
9.38705739e-01
9.36434676e-01
9.59145299e-01
9.31892552e-01
9.36434676e-01
9.27350427e-01
9.40976801e-01
9.58388278e-01
9.29621490e-01
9.43247863e-01
9.33406593e-01
9.31892552e-01
9.29621490e-01
9.38705739e-01
9.43247863e-01
9.40219780e-01
9.32649573e-01
9.46275946e-01
9.40976801e-01
9.31892552e-01
9.70500611e-01
9.44761905e-01
9.29621490e-01
9.21294261e-01
9.41733822e-01
9.28864469e-01
9.24322344e-01
9.26593407e-01
9.53846154e-01
9.48547009e-01
9.47032967e-01
1.17413919e+00
9.37948718e-01
1.15672772e+00
9.34920635e-01
1.15597070e+00
9.39462759e-01
1.15672772e+00
9.13724054e-01
1.16808303e+00
9.52332112e-01
1.16354090e+00
9.35677656e-01
1.13855922e+00
9.31892552e-01
1.17262515e+00
9.58388278e-01
1.16959707e+00
9.40976801e-01
9.34163614e-01
9.37948718e-01
9.46275946e-01
9.50818071e-01
9.47789988e-01
9.38705739e-01
9.22051282e-01
9.28107448e-01
9.41733822e-01
9.33406593e-01
9.31892552e-01
9.44004884e-01
9.12967033e-01
9.34920635e-01
9.37948718e-01
9.33406593e-01
1.15294261e+00
9.34920635e-01
1.16429792e+00
9.39462759e-01
1.19155067e+00
9.41733822e-01
9.72014652e-01
9.29621490e-01
9.30378510e-01
9.40976801e-01
9.61416361e-01
9.20537241e-01
9.38705739e-01
9.39462759e-01
9.55360195e-01
9.37191697e-01
9.38705739e-01
9.13724054e-01
9.32649573e-01
9.37948718e-01
9.39462759e-01
9.46275946e-01
9.23565324e-01
9.47789988e-01
9.29621490e-01
9.22808303e-01
9.44004884e-01
9.38705739e-01
9.36434676e-01
9.33406593e-01
9.90183150e-01
9.37191697e-01
9.28864469e-01
9.37191697e-01
9.41733822e-01
9.36434676e-01
9.34920635e-01
9.34163614e-01
9.59902320e-01
9.20537241e-01
9.33406593e-01
9.34920635e-01
9.31135531e-01
9.37948718e-01
9.29621490e-01
9.40976801e-01
9.34920635e-01
9.49304029e-01
9.35677656e-01
9.37948718e-01
9.38705739e-01
9.37948718e-01
9.37948718e-01
9.32649573e-01
9.36434676e-01
9.09938950e-01
9.49304029e-01
9.44004884e-01
9.25079365e-01
9.40976801e-01
9.37191697e-01
9.47032967e-01
9.47032967e-01
9.71257631e-01
9.37191697e-01
9.27350427e-01
9.68229548e-01
9.40976801e-01
9.39462759e-01
9.37191697e-01
9.65958486e-01
9.16752137e-01
9.40976801e-01
9.11452991e-01
9.36434676e-01
9.50818071e-01
9.34920635e-01
9.40219780e-01
9.30378510e-01
9.29621490e-01
9.34920635e-01
9.36434676e-01
9.40219780e-01
9.28107448e-01
9.31892552e-01
9.33406593e-01
9.40976801e-01
1.00759463e+00
9.34163614e-01
9.40219780e-01
9.30378510e-01
9.44004884e-01
9.21294261e-01
9.22051282e-01
9.33406593e-01
9.47032967e-01
9.35677656e-01
9.37191697e-01
9.35677656e-01
9.38705739e-01
9.37948718e-01
9.36434676e-01
9.44761905e-01
9.34163614e-01
9.40976801e-01
9.09181929e-01
9.48547009e-01
1.13855922e+00
9.37948718e-01
1.14234432e+00
9.40976801e-01
1.18019536e+00
9.31892552e-01
1.17262515e+00
9.41733822e-01
1.15975580e+00
9.32649573e-01
1.16202686e+00
9.37191697e-01
1.16505495e+00
9.34163614e-01
1.16581197e+00
9.53089133e-01
1.14385836e+00
9.61416361e-01
1.16656899e+00
9.16752137e-01
1.15899878e+00
9.37948718e-01
1.14840049e+00
8.95555556e-01
1.15899878e+00
9.38705739e-01
1.16581197e+00
9.31892552e-01
1.17338217e+00
9.44004884e-01
1.15899878e+00
9.66715507e-01
9.37948718e-01
9.39462759e-01
9.36434676e-01
9.22051282e-01
9.44004884e-01
9.28864469e-01
9.44004884e-01
9.80341880e-01
9.47789988e-01
9.34920635e-01
9.32649573e-01
9.26593407e-01
9.42490842e-01
9.37948718e-01
9.37191697e-01
9.46275946e-01
9.44004884e-01
9.41733822e-01
9.40976801e-01
9.19023199e-01
9.59145299e-01
9.31892552e-01
9.19780220e-01
9.84126984e-01
9.25079365e-01
9.31892552e-01
9.21294261e-01
9.21294261e-01
9.44761905e-01
9.34163614e-01
9.32649573e-01
9.39462759e-01
9.33406593e-01
9.12967033e-01
9.13724054e-01
9.34163614e-01
9.32649573e-01
9.31135531e-01
9.53089133e-01
9.20537241e-01
9.39462759e-01
9.46275946e-01
9.42490842e-01
9.37948718e-01
9.37948718e-01
9.41733822e-01
9.34920635e-01
9.52332112e-01
9.33406593e-01
9.76556777e-01
9.38705739e-01
9.22051282e-01
9.09181929e-01
9.42490842e-01
9.21294261e-01
9.32649573e-01
9.64444444e-01
9.13724054e-01
9.40976801e-01
9.36434676e-01
9.31135531e-01
9.36434676e-01
9.38705739e-01
9.45518926e-01
9.37191697e-01
9.33406593e-01
9.36434676e-01
9.34163614e-01
9.33406593e-01
9.53089133e-01
9.42490842e-01
9.38705739e-01
9.68229548e-01
9.62930403e-01
9.47789988e-01
9.42490842e-01
9.34920635e-01
9.38705739e-01
9.34920635e-01
9.37191697e-01
9.44004884e-01
9.42490842e-01
9.22808303e-01
9.70500611e-01
9.21294261e-01
9.02368742e-01
9.31892552e-01
9.28107448e-01
9.41733822e-01
9.27350427e-01
9.44004884e-01
9.49304029e-01
9.31135531e-01
9.31892552e-01
9.31135531e-01
9.30378510e-01
9.42490842e-01
9.41733822e-01
9.31892552e-01
9.38705739e-01
9.40976801e-01
9.30378510e-01
9.40976801e-01
9.26593407e-01
9.40219780e-01
9.31892552e-01
9.44004884e-01
9.41733822e-01
9.54603175e-01
9.40976801e-01
9.29621490e-01
1.14991453e+00
9.36434676e-01
1.14991453e+00
9.43247863e-01
1.15748474e+00
9.20537241e-01
1.18398046e+00
9.18266178e-01
1.17792430e+00
9.37948718e-01
1.14612943e+00
9.38705739e-01
1.21501832e+00
9.55360195e-01
1.16732601e+00
9.36434676e-01
1.16354090e+00
9.40219780e-01
1.18019536e+00
9.40219780e-01
1.15975580e+00
9.72771673e-01
1.15369963e+00
9.67472527e-01
1.17792430e+00
9.58388278e-01
1.17489621e+00
9.37191697e-01
1.16429792e+00
9.57631258e-01
1.16656899e+00
9.40219780e-01
9.44004884e-01
9.44004884e-01
9.31135531e-01
9.31892552e-01
9.34920635e-01
9.35677656e-01
9.25836386e-01
9.55360195e-01
9.05396825e-01
9.34163614e-01
9.40976801e-01
9.35677656e-01
9.44004884e-01
9.16752137e-01
9.36434676e-01
9.31135531e-01
9.31135531e-01
9.37191697e-01
9.41733822e-01
9.43247863e-01
9.40976801e-01
9.18266178e-01
9.43247863e-01
9.22808303e-01
9.52332112e-01
9.34920635e-01
9.34163614e-01
9.31892552e-01
9.46275946e-01
9.25836386e-01
9.51575092e-01
9.27350427e-01
9.44004884e-01
9.42490842e-01
9.43247863e-01
9.40219780e-01
9.38705739e-01
9.39462759e-01
9.36434676e-01
9.28864469e-01
9.63687424e-01
9.31135531e-01
9.64444444e-01
9.47032967e-01
9.98510379e-01
9.13724054e-01
9.19780220e-01
9.47789988e-01
9.15995116e-01
9.40219780e-01
9.36434676e-01
9.43247863e-01
9.68229548e-01
9.37191697e-01
9.50061050e-01
9.31892552e-01
9.40219780e-01
9.37191697e-01
9.32649573e-01
9.44004884e-01
9.47789988e-01
9.44004884e-01
9.45518926e-01
9.28107448e-01
9.54603175e-01
9.59145299e-01
9.35677656e-01
9.37948718e-01
9.45518926e-01
9.45518926e-01
9.33406593e-01
9.38705739e-01
9.34163614e-01
9.53089133e-01
9.56874237e-01
9.05396825e-01
9.32649573e-01
9.33406593e-01
9.43247863e-01
9.45518926e-01
9.31892552e-01
9.47032967e-01
9.44004884e-01
9.37948718e-01
9.40976801e-01
9.42490842e-01
9.41733822e-01
9.47789988e-01
9.35677656e-01
9.57631258e-01
9.53846154e-01
9.51575092e-01
9.45518926e-01
9.42490842e-01
9.26593407e-01
9.53089133e-01
9.37948718e-01
9.73528694e-01
9.75799756e-01
9.40976801e-01
9.41733822e-01
9.39462759e-01
9.40976801e-01
9.38705739e-01
9.49304029e-01
9.39462759e-01
9.50061050e-01
9.50061050e-01
9.52332112e-01
9.07667888e-01
9.14481074e-01
9.70500611e-01
9.40976801e-01
9.56874237e-01
9.84884005e-01
1.16278388e+00
9.44761905e-01
1.18095238e+00
9.37948718e-01
1.16505495e+00
9.43247863e-01
1.17262515e+00
9.24322344e-01
1.16656899e+00
9.44004884e-01
1.14688645e+00
9.41733822e-01
1.16656899e+00
9.44761905e-01
1.17111111e+00
9.46275946e-01
1.16808303e+00
9.42490842e-01
1.17186813e+00
9.49304029e-01
1.16959707e+00
9.40976801e-01
1.17035409e+00
9.53089133e-01
1.19306471e+00
9.34920635e-01
1.15899878e+00
9.34920635e-01
9.25079365e-01
9.47032967e-01
9.54603175e-01
9.23565324e-01
9.44761905e-01
9.34920635e-01
9.44761905e-01
9.45518926e-01
9.34163614e-01
9.40976801e-01
9.38705739e-01
9.42490842e-01
9.19023199e-01
9.41733822e-01
9.40219780e-01
9.38705739e-01
9.45518926e-01
9.47032967e-01
9.48547009e-01
9.41733822e-01
9.40976801e-01
9.20537241e-01
9.44761905e-01
9.44004884e-01
9.47789988e-01
9.44004884e-01
9.44761905e-01
9.47789988e-01
9.37948718e-01
9.42490842e-01
9.22808303e-01
9.56117216e-01
8.97069597e-01
9.34920635e-01
9.48547009e-01
9.37191697e-01
9.47789988e-01
9.56117216e-01
9.81098901e-01
9.45518926e-01
9.49304029e-01
9.44004884e-01
9.44004884e-01
9.59145299e-01
9.43247863e-01
9.30378510e-01
9.28864469e-01
8.99340659e-01
9.61416361e-01
9.43247863e-01
9.50818071e-01
9.40219780e-01
9.65958486e-01
9.45518926e-01
9.34163614e-01
9.83369963e-01
9.52332112e-01
9.61416361e-01
9.40219780e-01
9.47032967e-01
9.40976801e-01
9.39462759e-01
9.38705739e-01
9.44761905e-01
9.53846154e-01
9.27350427e-01
9.72771673e-01
9.40976801e-01
9.23565324e-01
1.00456654e+00
9.69743590e-01
9.22051282e-01
9.52332112e-01
9.45518926e-01
9.58388278e-01
9.46275946e-01
9.50061050e-01
9.29621490e-01
9.41733822e-01
9.59902320e-01
9.53089133e-01
9.49304029e-01
9.63687424e-01
9.56117216e-01
9.52332112e-01
9.46275946e-01
9.43247863e-01
9.25836386e-01
9.47032967e-01
9.41733822e-01
9.44761905e-01
9.47789988e-01
9.38705739e-01
9.50061050e-01
9.44004884e-01
9.41733822e-01
9.62173382e-01
9.53846154e-01
9.75799756e-01
9.56874237e-01
9.46275946e-01
1.14007326e+00
9.46275946e-01
1.16202686e+00
9.86398046e-01
1.17868132e+00
9.49304029e-01
1.19079365e+00
9.48547009e-01
1.17186813e+00
9.48547009e-01
1.17792430e+00
9.56117216e-01
1.18852259e+00
9.54603175e-01
9.47789988e-01
9.46275946e-01
9.45518926e-01
9.44761905e-01
9.53089133e-01
9.44761905e-01
9.42490842e-01
9.55360195e-01
9.39462759e-01
9.49304029e-01
9.34920635e-01
9.56117216e-01
9.53089133e-01
9.44004884e-01
9.95482295e-01
9.48547009e-01
1.16959707e+00
9.29621490e-01
1.16429792e+00
9.47032967e-01
1.19533578e+00
9.56117216e-01
1.18322344e+00
9.25079365e-01
1.17111111e+00
9.49304029e-01
9.68229548e-01
9.46275946e-01
9.56874237e-01
9.42490842e-01
9.53089133e-01
9.43247863e-01
9.23565324e-01
9.52332112e-01
9.87155067e-01
9.38705739e-01
9.34163614e-01
9.52332112e-01
9.65201465e-01
9.40219780e-01
9.49304029e-01
9.40976801e-01
9.59902320e-01
9.50061050e-01
9.48547009e-01
9.47032967e-01
9.59902320e-01
9.34920635e-01
9.62173382e-01
9.60659341e-01
9.38705739e-01
1.03409035e+00
9.49304029e-01
9.42490842e-01
9.28864469e-01
9.43247863e-01
9.44761905e-01
9.60659341e-01
9.45518926e-01
9.52332112e-01
9.56874237e-01
9.45518926e-01
9.52332112e-01
9.37948718e-01
9.59145299e-01
9.68229548e-01
9.54603175e-01
9.60659341e-01
9.36434676e-01
9.68986569e-01
9.95482295e-01
9.41733822e-01
9.44004884e-01
9.15238095e-01
9.52332112e-01
9.49304029e-01
9.55360195e-01
9.50818071e-01
9.44004884e-01
9.44761905e-01
9.44761905e-01
9.51575092e-01
9.16752137e-01
9.44761905e-01
9.75799756e-01
9.46275946e-01
9.37191697e-01
9.51575092e-01
9.44761905e-01
9.47789988e-01
9.49304029e-01
9.44761905e-01
9.47789988e-01
9.41733822e-01
9.47789988e-01
9.46275946e-01
9.47789988e-01
9.53089133e-01
9.48547009e-01
9.38705739e-01
9.65201465e-01
9.41733822e-01
9.33406593e-01
9.68229548e-01
9.47032967e-01
9.73528694e-01
9.34920635e-01
9.48547009e-01
9.44004884e-01
9.41733822e-01
9.48547009e-01
9.50061050e-01
9.45518926e-01
9.36434676e-01
9.53846154e-01
9.25079365e-01
9.69743590e-01
9.99267399e-01
9.25079365e-01
9.43247863e-01
9.39462759e-01
9.47032967e-01
9.62930403e-01
9.29621490e-01
9.45518926e-01
9.43247863e-01
9.43247863e-01
1.16202686e+00
9.37948718e-01
1.15975580e+00
9.34920635e-01
1.17262515e+00
9.27350427e-01
1.12341880e+00
9.21294261e-01
1.16505495e+00
9.30378510e-01
1.17186813e+00
9.43247863e-01
1.21804640e+00
9.50818071e-01
1.17262515e+00
9.50818071e-01
1.16581197e+00
9.52332112e-01
1.17338217e+00
9.37191697e-01
1.16202686e+00
9.59145299e-01
1.17035409e+00
9.40976801e-01
1.13931624e+00
9.74285714e-01
1.16505495e+00
9.68986569e-01
1.17413919e+00
9.50818071e-01
1.01365079e+00
9.47032967e-01
9.46275946e-01
9.44004884e-01
9.37191697e-01
9.59145299e-01
9.40219780e-01
9.37191697e-01
9.12210012e-01
9.56117216e-01
9.05396825e-01
9.41733822e-01
9.27350427e-01
9.47032967e-01
9.51575092e-01
9.44004884e-01
9.71257631e-01
9.43247863e-01
9.44761905e-01
9.34920635e-01
9.34163614e-01
9.44004884e-01
9.38705739e-01
9.50061050e-01
9.15995116e-01
9.31892552e-01
9.10695971e-01
9.31892552e-01
9.32649573e-01
9.47032967e-01
9.37191697e-01
9.44004884e-01
9.36434676e-01
9.51575092e-01
9.43247863e-01
9.40976801e-01
9.44004884e-01
9.43247863e-01
9.40976801e-01
9.45518926e-01
9.58388278e-01
9.25079365e-01
9.77313797e-01
9.65958486e-01
9.31135531e-01
9.39462759e-01
9.35677656e-01
9.34163614e-01
9.37191697e-01
9.22808303e-01
9.36434676e-01
9.38705739e-01
9.40976801e-01
9.42490842e-01
9.53089133e-01
9.50061050e-01
9.34163614e-01
9.47789988e-01
9.36434676e-01
9.34920635e-01
9.57631258e-01
9.39462759e-01
9.36434676e-01
9.43247863e-01
9.51575092e-01
9.41733822e-01
9.33406593e-01
9.41733822e-01
9.37948718e-01
9.34920635e-01
9.44004884e-01
9.37948718e-01
9.51575092e-01
9.31135531e-01
9.41733822e-01
9.37191697e-01
9.40976801e-01
9.51575092e-01
9.50818071e-01
9.39462759e-01
9.38705739e-01
9.31892552e-01
9.34163614e-01
9.62173382e-01
9.44761905e-01
9.61416361e-01
9.47032967e-01
9.46275946e-01
9.36434676e-01
9.44004884e-01
9.50818071e-01
9.44004884e-01
9.44004884e-01
9.52332112e-01
9.37191697e-01
9.44761905e-01
9.25836386e-01
9.47789988e-01
9.70500611e-01
9.44761905e-01
9.44004884e-01
9.43247863e-01
9.28864469e-01
9.41733822e-01
9.39462759e-01
9.46275946e-01
9.40219780e-01
9.50061050e-01
9.23565324e-01
1.10449328e+00
9.60659341e-01
1.14991453e+00
9.35677656e-01
1.15672772e+00
9.47032967e-01
1.16505495e+00
9.62930403e-01
1.15597070e+00
9.31135531e-01
1.16581197e+00
9.37191697e-01
1.16429792e+00
9.41733822e-01
1.18625153e+00
9.25836386e-01
1.13855922e+00
9.40219780e-01
1.15899878e+00
9.36434676e-01
1.17035409e+00
9.25836386e-01
1.16051282e+00
9.40219780e-01
1.16656899e+00
9.44004884e-01
1.16656899e+00
9.67472527e-01
1.16656899e+00
9.37191697e-01
1.16126984e+00
9.43247863e-01
9.63687424e-01
9.23565324e-01
9.40976801e-01
9.42490842e-01
9.65201465e-01
9.45518926e-01
9.50061050e-01
9.45518926e-01
9.30378510e-01
9.68229548e-01
9.52332112e-01
9.44761905e-01
9.40976801e-01
9.41733822e-01
9.36434676e-01
9.43247863e-01
9.30378510e-01
9.50061050e-01
9.36434676e-01
9.26593407e-01
9.41733822e-01
9.54603175e-01
9.46275946e-01
9.20537241e-01
9.47789988e-01
9.51575092e-01
9.40219780e-01
9.49304029e-01
9.45518926e-01
9.41733822e-01
9.47789988e-01
9.42490842e-01
9.36434676e-01
9.25836386e-01
9.75042735e-01
9.09938950e-01
9.37948718e-01
9.48547009e-01
9.49304029e-01
9.47032967e-01
9.68229548e-01
9.46275946e-01
9.53089133e-01
9.45518926e-01
9.45518926e-01
9.40976801e-01
9.46275946e-01
9.44004884e-01
9.47032967e-01
9.28107448e-01
9.65201465e-01
9.58388278e-01
9.31892552e-01
9.34920635e-01
9.39462759e-01
9.37191697e-01
9.47789988e-01
9.62173382e-01
9.39462759e-01
9.45518926e-01
9.49304029e-01
9.47032967e-01
9.40976801e-01
9.44761905e-01
9.47032967e-01
9.50818071e-01
9.47032967e-01
9.53089133e-01
9.51575092e-01
9.45518926e-01
9.45518926e-01
9.55360195e-01
9.78070818e-01
9.52332112e-01
9.44004884e-01
9.37948718e-01
9.59145299e-01
9.44761905e-01
9.44004884e-01
9.45518926e-01
9.48547009e-01
9.47789988e-01
9.42490842e-01
9.59902320e-01
9.40976801e-01
9.99267399e-01
9.75042735e-01
9.56874237e-01
9.35677656e-01
9.46275946e-01
9.56874237e-01
9.43247863e-01
9.44004884e-01
9.50061050e-01
9.44761905e-01
9.47032967e-01
9.47032967e-01
9.60659341e-01
9.46275946e-01
9.75799756e-01
8.96312576e-01
9.23565324e-01
9.41733822e-01
9.65958486e-01
9.34163614e-01
9.50818071e-01
9.48547009e-01
9.49304029e-01
9.52332112e-01
9.48547009e-01
9.46275946e-01
9.53846154e-01
9.42490842e-01
9.51575092e-01
9.53846154e-01
1.16278388e+00
9.45518926e-01
1.15521368e+00
1.01289377e+00
1.16051282e+00
9.79584860e-01
1.12341880e+00
9.44004884e-01
1.16126984e+00
9.40976801e-01
1.15369963e+00
9.51575092e-01
1.17868132e+00
9.53089133e-01
1.16581197e+00
9.50818071e-01
1.17338217e+00
9.55360195e-01
1.18019536e+00
9.27350427e-01
1.16505495e+00
9.23565324e-01
1.18095238e+00
9.34163614e-01
1.16202686e+00
9.47789988e-01
9.61416361e-01
9.31892552e-01
9.50061050e-01
9.50061050e-01
9.44004884e-01
9.49304029e-01
9.44004884e-01
9.53089133e-01
9.43247863e-01
9.50061050e-01
9.23565324e-01
9.29621490e-01
9.56874237e-01
9.44761905e-01
9.68229548e-01
9.54603175e-01
9.36434676e-01
9.50061050e-01
9.50061050e-01
9.56117216e-01
9.53846154e-01
9.62173382e-01
9.37191697e-01
9.48547009e-01
9.40976801e-01
9.63687424e-01
9.17509158e-01
9.28864469e-01
9.19023199e-01
9.81855922e-01
9.53846154e-01
9.47032967e-01
9.56117216e-01
9.56117216e-01
9.56874237e-01
9.46275946e-01
9.68229548e-01
9.45518926e-01
9.46275946e-01
9.46275946e-01
9.41733822e-01
9.40219780e-01
9.53846154e-01
9.36434676e-01
9.35677656e-01
9.92454212e-01
9.47789988e-01
1.00759463e+00
9.41733822e-01
9.45518926e-01
9.38705739e-01
9.46275946e-01
9.44004884e-01
9.45518926e-01
9.46275946e-01
9.44004884e-01
9.46275946e-01
9.37948718e-01
9.48547009e-01
9.09938950e-01
9.31892552e-01
9.25836386e-01
9.50818071e-01
9.31135531e-01
9.47789988e-01
9.44004884e-01
9.40976801e-01
9.46275946e-01
9.46275946e-01
9.51575092e-01
9.43247863e-01
9.37948718e-01
9.34163614e-01
9.42490842e-01
9.38705739e-01
9.61416361e-01
9.62930403e-01
9.57631258e-01
9.68229548e-01
9.25079365e-01
9.47032967e-01
9.43247863e-01
1.00910867e+00
9.29621490e-01
9.22808303e-01
9.40976801e-01
9.42490842e-01
9.40219780e-01
9.47032967e-01
9.53846154e-01
9.46275946e-01
9.30378510e-01
9.57631258e-01
9.45518926e-01
9.29621490e-01
9.40219780e-01
9.39462759e-01
9.55360195e-01
9.32649573e-01
1.11584860e+00
9.44004884e-01
1.14083028e+00
9.50818071e-01
1.15369963e+00
9.44004884e-01
1.16429792e+00
9.47032967e-01
1.16808303e+00
9.85641026e-01
1.17868132e+00
9.54603175e-01
1.18246642e+00
9.65201465e-01
1.17035409e+00
9.42490842e-01
1.18700855e+00
9.19023199e-01
9.28107448e-01
9.38705739e-01
9.43247863e-01
9.41733822e-01
9.30378510e-01
9.43247863e-01
9.47032967e-01
9.47789988e-01
9.47032967e-01
9.16752137e-01
9.14481074e-01
9.47789988e-01
9.65201465e-01
9.45518926e-01
9.25836386e-01
9.47032967e-01
1.17413919e+00
9.43247863e-01
1.17641026e+00
9.50061050e-01
9.84884005e-01
9.44761905e-01
9.43247863e-01
9.38705739e-01
9.25079365e-01
9.40976801e-01
9.40976801e-01
9.50818071e-01
9.36434676e-01
9.24322344e-01
9.25836386e-01
1.00305250e+00
9.35677656e-01
9.31892552e-01
8.87228327e-01
9.41733822e-01
9.41733822e-01
9.68986569e-01
9.35677656e-01
9.47789988e-01
9.28864469e-01
9.37948718e-01
9.34920635e-01
9.37191697e-01
9.41733822e-01
9.87912088e-01
9.37948718e-01
9.34920635e-01
9.26593407e-01
9.27350427e-01
9.33406593e-01
9.55360195e-01
9.35677656e-01
9.37191697e-01
9.41733822e-01
