1.04998779e+00
1.05982906e+00
1.05982906e+00
1.06134310e+00
9.59902320e-01
9.56117216e-01
9.93968254e-01
1.05907204e+00
9.85641026e-01
9.90183150e-01
9.65201465e-01
9.88669109e-01
9.99267399e-01
9.92454212e-01
1.04847375e+00
9.94725275e-01
1.39821734e+00
1.01365079e+00
1.37323565e+00
1.04393162e+00
1.68664225e+00
1.33538462e+00
1.76234432e+00
1.37474969e+00
1.78656899e+00
1.31873016e+00
1.74190476e+00
1.30283272e+00
1.56400488e+00
1.31494505e+00
1.08026862e+00
1.04241758e+00
1.00229548e+00
9.69743590e-01
9.80341880e-01
1.01440781e+00
1.10373626e+00
1.05225885e+00
1.11736264e+00
9.93211233e-01
1.12114774e+00
9.81098901e-01
1.00229548e+00
9.87155067e-01
1.01667888e+00
1.00078144e+00
1.01062271e+00
1.00835165e+00
1.04620269e+00
1.00305250e+00
9.86398046e-01
9.88669109e-01
1.08026862e+00
1.03106227e+00
1.05074481e+00
1.00683761e+00
1.01440781e+00
9.92454212e-01
9.97753358e-01
9.89426129e-01
1.10752137e+00
1.32781441e+00
1.28617827e+00
1.38004884e+00
1.33462759e+00
1.28239316e+00
1.29753358e+00
1.31570208e+00
1.30358974e+00
1.33008547e+00
1.27860806e+00
1.01289377e+00
9.57631258e-01
9.87912088e-01
9.76556777e-01
9.93211233e-01
9.92454212e-01
1.02576313e+00
9.95482295e-01
9.78827839e-01
1.00002442e+00
1.04695971e+00
1.02273504e+00
1.04695971e+00
1.04241758e+00
1.06361416e+00
1.07345543e+00
1.04544567e+00
1.00532357e+00
1.03409035e+00
1.01137973e+00
1.01592186e+00
1.01667888e+00
1.00153846e+00
1.01592186e+00
1.01137973e+00
9.94725275e-01
1.00835165e+00
1.05301587e+00
1.41941392e+00
1.05150183e+00
1.69194139e+00
1.41638584e+00
1.73811966e+00
1.41108669e+00
1.76688645e+00
1.28920635e+00
1.75855922e+00
1.34522589e+00
1.77294261e+00
1.34144078e+00
1.41032967e+00
1.01440781e+00
1.41260073e+00
1.03030525e+00
1.40427350e+00
1.07648352e+00
1.41108669e+00
1.02349206e+00
1.45650794e+00
1.05831502e+00
1.08632479e+00
1.05301587e+00
1.09995116e+00
9.89426129e-01
1.03484737e+00
1.01667888e+00
1.02273504e+00
1.00759463e+00
1.02500611e+00
1.00229548e+00
1.06891331e+00
1.03787546e+00
1.14083028e+00
9.96239316e-01
1.01592186e+00
1.01970696e+00
1.01516484e+00
9.62930403e-01
1.02652015e+00
1.03333333e+00
1.22107448e+00
1.39291819e+00
1.38913309e+00
1.34825397e+00
1.34901099e+00
1.34446886e+00
1.33084249e+00
1.32932845e+00
1.26952381e+00
1.34371184e+00
1.08102564e+00
1.02197802e+00
1.00456654e+00
1.03560440e+00
1.02500611e+00
1.01970696e+00
1.04998779e+00
1.01062271e+00
1.01667888e+00
1.04241758e+00
1.01743590e+00
1.03030525e+00
1.02349206e+00
1.08102564e+00
1.08481074e+00
1.01970696e+00
1.03181929e+00
9.66715507e-01
1.03030525e+00
1.01894994e+00
1.05831502e+00
1.04468864e+00
1.00456654e+00
9.56874237e-01
1.01213675e+00
1.01365079e+00
1.04544567e+00
1.01970696e+00
1.02046398e+00
1.02197802e+00
1.04014652e+00
1.31948718e+00
1.44590965e+00
1.40503053e+00
1.38080586e+00
1.39670330e+00
1.38231990e+00
1.36642247e+00
1.34673993e+00
1.31873016e+00
1.34598291e+00
1.38989011e+00
1.02122100e+00
1.38761905e+00
1.05225885e+00
1.39518926e+00
9.78070818e-01
1.43606838e+00
9.79584860e-01
1.44061050e+00
1.03409035e+00
1.47921856e+00
9.83369963e-01
1.41184371e+00
1.07648352e+00
1.49738706e+00
9.75042735e-01
1.40200244e+00
1.00986569e+00
1.44969475e+00
1.02122100e+00
1.43304029e+00
1.01365079e+00
1.03484737e+00
1.00532357e+00
1.08329670e+00
1.03636142e+00
1.11963370e+00
9.90940171e-01
1.01062271e+00
1.00683761e+00
1.32630037e+00
1.35052503e+00
1.39973138e+00
1.34749695e+00
1.36793651e+00
1.34825397e+00
1.34749695e+00
1.33614164e+00
1.32327228e+00
1.39897436e+00
1.13250305e+00
1.03484737e+00
1.01137973e+00
9.98510379e-01
1.05074481e+00
1.02652015e+00
1.03409035e+00
1.05301587e+00
1.02576313e+00
1.02273504e+00
1.01894994e+00
1.02197802e+00
1.01062271e+00
1.02803419e+00
1.01592186e+00
1.01213675e+00
1.00910867e+00
1.06210012e+00
1.04090354e+00
1.03181929e+00
1.05452991e+00
9.67472527e-01
9.86398046e-01
1.04090354e+00
1.03106227e+00
1.01062271e+00
1.01137973e+00
1.01592186e+00
1.02424908e+00
1.00835165e+00
1.12341880e+00
1.35885226e+00
1.33159951e+00
1.43304029e+00
1.32251526e+00
1.32175824e+00
1.42774115e+00
1.35128205e+00
1.36339438e+00
1.35279609e+00
1.39216117e+00
1.10676435e+00
1.01592186e+00
9.68229548e-01
1.01440781e+00
1.02349206e+00
1.00835165e+00
1.01062271e+00
1.02424908e+00
1.01970696e+00
1.07345543e+00
1.01289377e+00
1.04923077e+00
1.38156288e+00
1.06815629e+00
1.42622711e+00
1.05452991e+00
1.48603175e+00
1.05680098e+00
1.41108669e+00
9.96239316e-01
1.42319902e+00
1.00759463e+00
1.43985348e+00
1.01213675e+00
1.38610501e+00
9.65201465e-01
1.44590965e+00
1.02424908e+00
1.43379731e+00
9.96239316e-01
1.26119658e+00
1.40351648e+00
1.47013431e+00
1.31645910e+00
1.35128205e+00
1.35203907e+00
1.38307692e+00
1.35582418e+00
1.48451770e+00
1.32251526e+00
1.05377289e+00
1.03863248e+00
1.06361416e+00
1.03409035e+00
1.03409035e+00
1.05528694e+00
1.06512821e+00
1.09768010e+00
1.08178266e+00
1.02954823e+00
1.00532357e+00
1.01667888e+00
1.01667888e+00
1.01516484e+00
1.00986569e+00
9.94725275e-01
1.01894994e+00
1.01667888e+00
1.06664225e+00
1.08026862e+00
1.08632479e+00
1.03787546e+00
1.01440781e+00
1.00835165e+00
1.02500611e+00
1.02122100e+00
1.03181929e+00
9.99267399e-01
1.01365079e+00
1.02197802e+00
1.20517705e+00
1.33992674e+00
1.34825397e+00
1.34295482e+00
1.34673993e+00
1.35506716e+00
1.38837607e+00
1.34371184e+00
1.35506716e+00
1.36188034e+00
1.33084249e+00
1.06512821e+00
1.00229548e+00
1.00608059e+00
9.81855922e-01
1.01592186e+00
1.01440781e+00
1.03484737e+00
1.02046398e+00
1.02879121e+00
1.02727717e+00
1.02197802e+00
1.02727717e+00
1.06739927e+00
9.72014652e-01
1.02046398e+00
1.03257631e+00
1.00986569e+00
1.05225885e+00
9.98510379e-01
1.02424908e+00
1.06437118e+00
1.02046398e+00
1.37929182e+00
1.01592186e+00
1.39367521e+00
1.00002442e+00
1.39140415e+00
9.98510379e-01
1.42547009e+00
1.04166056e+00
1.87665446e+00
1.33084249e+00
1.89785104e+00
1.38837607e+00
1.81306471e+00
1.33841270e+00
1.76840049e+00
1.30358974e+00
1.78126984e+00
1.33311355e+00
1.41411477e+00
1.03106227e+00
1.01062271e+00
9.81855922e-01
1.00608059e+00
1.02576313e+00
1.02500611e+00
1.00608059e+00
1.01894994e+00
1.09162393e+00
1.01516484e+00
1.00456654e+00
1.07194139e+00
1.02046398e+00
1.03560440e+00
1.01062271e+00
1.00608059e+00
1.00986569e+00
1.03181929e+00
1.02727717e+00
1.03711844e+00
1.02349206e+00
1.01516484e+00
1.13780220e+00
1.09238095e+00
1.01213675e+00
1.03484737e+00
1.00380952e+00
9.31892552e-01
1.04393162e+00
1.31797314e+00
1.36188034e+00
1.41335775e+00
1.35809524e+00
1.34749695e+00
1.33084249e+00
1.35431013e+00
1.29374847e+00
1.38383394e+00
1.35885226e+00
1.03560440e+00
1.04090354e+00
1.06967033e+00
1.00986569e+00
1.04620269e+00
1.00910867e+00
1.04090354e+00
1.02122100e+00
1.02500611e+00
1.01289377e+00
1.03484737e+00
1.01062271e+00
1.02349206e+00
1.01062271e+00
1.04998779e+00
1.04771673e+00
1.04544567e+00
1.04166056e+00
1.07194139e+00
1.06664225e+00
1.01970696e+00
1.05074481e+00
1.04014652e+00
1.01667888e+00
1.01365079e+00
1.01213675e+00
1.02424908e+00
1.02576313e+00
1.03106227e+00
9.85641026e-01
1.10752137e+00
1.74114774e+00
1.33614164e+00
1.75326007e+00
1.39064713e+00
1.79262515e+00
1.38989011e+00
1.78959707e+00
1.35885226e+00
1.76688645e+00
1.11963370e+00
1.01516484e+00
1.00608059e+00
1.00305250e+00
1.00002442e+00
9.78827839e-01
1.00986569e+00
9.83369963e-01
1.00910867e+00
1.05225885e+00
1.01894994e+00
9.95482295e-01
1.04241758e+00
1.05377289e+00
1.04014652e+00
1.01365079e+00
9.87155067e-01
1.40275946e+00
9.88669109e-01
1.40124542e+00
9.93211233e-01
1.03863248e+00
9.65958486e-01
1.03257631e+00
9.44004884e-01
1.05604396e+00
9.74285714e-01
1.10525031e+00
1.02197802e+00
1.17338217e+00
9.30378510e-01
1.32478632e+00
1.38004884e+00
1.37096459e+00
1.33159951e+00
1.33387057e+00
1.33235653e+00
1.34295482e+00
1.31115995e+00
1.31948718e+00
1.32402930e+00
9.90183150e-01
9.56874237e-01
9.93968254e-01
1.05604396e+00
9.85641026e-01
1.05604396e+00
1.01970696e+00
9.54603175e-01
9.68229548e-01
1.00153846e+00
1.03560440e+00
9.92454212e-01
9.96996337e-01
1.00456654e+00
9.75799756e-01
1.03409035e+00
1.02803419e+00
1.05301587e+00
9.62173382e-01
1.01365079e+00
1.02424908e+00
1.00608059e+00
1.00986569e+00
9.95482295e-01
9.82612943e-01
1.06512821e+00
9.94725275e-01
9.92454212e-01
9.97753358e-01
9.87155067e-01
1.19533578e+00
1.33916972e+00
1.36869353e+00
1.32402930e+00
1.35658120e+00
1.35582418e+00
1.34446886e+00
1.29829060e+00
1.31570208e+00
1.31797314e+00
1.05755800e+00
1.03711844e+00
1.03938950e+00
1.03409035e+00
1.02576313e+00
9.92454212e-01
1.02273504e+00
1.01667888e+00
1.02122100e+00
1.00835165e+00
1.03484737e+00
9.95482295e-01
1.05755800e+00
1.03787546e+00
1.06437118e+00
1.39140415e+00
1.04847375e+00
1.47543346e+00
1.06512821e+00
1.40124542e+00
1.00456654e+00
1.40654457e+00
1.03181929e+00
1.40200244e+00
1.01894994e+00
1.41865690e+00
1.06815629e+00
1.48678877e+00
1.00002442e+00
1.39140415e+00
9.98510379e-01
1.81230769e+00
1.43531136e+00
1.36188034e+00
1.32630037e+00
1.39291819e+00
1.32100122e+00
1.36793651e+00
1.33841270e+00
1.35128205e+00
1.35885226e+00
1.08405372e+00
1.06739927e+00
1.07648352e+00
1.05604396e+00
1.06361416e+00
1.02197802e+00
1.06058608e+00
1.07421245e+00
9.97753358e-01
1.04468864e+00
1.07345543e+00
1.05831502e+00
1.00835165e+00
1.01970696e+00
1.02122100e+00
1.00380952e+00
1.00986569e+00
1.04847375e+00
1.00380952e+00
1.00608059e+00
1.15142857e+00
1.04468864e+00
1.02576313e+00
9.84884005e-01
1.06891331e+00
1.05150183e+00
9.90183150e-01
1.05377289e+00
1.01667888e+00
1.00532357e+00
1.29526252e+00
1.35279609e+00
1.35582418e+00
1.35279609e+00
1.33462759e+00
1.46256410e+00
1.38156288e+00
1.35279609e+00
1.28315018e+00
1.34068376e+00
1.08859585e+00
9.89426129e-01
1.02803419e+00
1.04090354e+00
1.08783883e+00
1.02122100e+00
1.03711844e+00
1.02500611e+00
1.03787546e+00
1.01592186e+00
1.01667888e+00
1.01970696e+00
1.02273504e+00
1.02954823e+00
1.14310134e+00
1.04166056e+00
1.05150183e+00
1.00608059e+00
1.05528694e+00
1.01137973e+00
1.00608059e+00
1.40124542e+00
1.01062271e+00
1.37702076e+00
1.01289377e+00
1.41108669e+00
1.01667888e+00
1.39140415e+00
9.80341880e-01
1.38610501e+00
1.13477411e+00
1.78126984e+00
1.37172161e+00
1.75023199e+00
1.35203907e+00
1.72297924e+00
1.30510379e+00
1.76612943e+00
1.35128205e+00
1.76688645e+00
1.33159951e+00
1.43985348e+00
1.02727717e+00
1.12493284e+00
1.01667888e+00
1.05377289e+00
1.01440781e+00
1.00456654e+00
1.00986569e+00
1.06285714e+00
1.02727717e+00
1.15445665e+00
1.00759463e+00
1.00229548e+00
1.00910867e+00
1.00456654e+00
1.01970696e+00
1.01819292e+00
1.02122100e+00
1.01894994e+00
1.03636142e+00
1.03938950e+00
1.00986569e+00
1.06664225e+00
1.02803419e+00
1.02727717e+00
9.79584860e-01
1.01365079e+00
1.04695971e+00
1.04998779e+00
1.09086691e+00
1.30056166e+00
1.35279609e+00
1.35355311e+00
1.35128205e+00
1.34371184e+00
1.35431013e+00
1.35355311e+00
1.32781441e+00
1.31721612e+00
1.32705739e+00
1.08405372e+00
1.03181929e+00
1.06134310e+00
1.01213675e+00
1.06285714e+00
1.04166056e+00
1.01667888e+00
1.03484737e+00
1.02046398e+00
1.01365079e+00
1.00380952e+00
1.01289377e+00
1.00910867e+00
1.04090354e+00
1.05452991e+00
1.02500611e+00
1.03333333e+00
1.05377289e+00
9.89426129e-01
1.01365079e+00
1.02197802e+00
9.91697192e-01
1.03863248e+00
1.05377289e+00
1.01440781e+00
1.00759463e+00
1.01516484e+00
1.00153846e+00
9.93968254e-01
9.93211233e-01
1.19533578e+00
1.37247863e+00
1.37096459e+00
1.71086691e+00
1.33841270e+00
1.80398046e+00
1.28390720e+00
1.72222222e+00
1.38231990e+00
1.74568987e+00
1.06134310e+00
1.42547009e+00
1.02727717e+00
1.40427350e+00
1.01365079e+00
1.44742369e+00
1.01592186e+00
1.46256410e+00
1.04090354e+00
1.55719170e+00
1.01440781e+00
1.47316239e+00
1.05982906e+00
1.32705739e+00
1.01743590e+00
1.04923077e+00
1.01667888e+00
1.04014652e+00
1.00608059e+00
1.03560440e+00
1.02500611e+00
1.04166056e+00
1.02576313e+00
1.03257631e+00
1.04771673e+00
1.04241758e+00
1.03938950e+00
1.09692308e+00
9.93968254e-01
1.02273504e+00
9.90183150e-01
1.34673993e+00
1.40427350e+00
1.39746032e+00
1.35582418e+00
1.34371184e+00
1.34068376e+00
1.33916972e+00
1.33311355e+00
1.35355311e+00
1.31115995e+00
1.06739927e+00
9.88669109e-01
1.03257631e+00
1.00835165e+00
1.01365079e+00
9.96239316e-01
1.03030525e+00
1.04998779e+00
1.03484737e+00
1.02727717e+00
1.05452991e+00
1.01137973e+00
1.01667888e+00
1.00229548e+00
1.01743590e+00
1.02046398e+00
1.01970696e+00
1.02576313e+00
1.00456654e+00
1.03560440e+00
1.04771673e+00
1.05074481e+00
9.89426129e-01
1.04090354e+00
9.52332112e-01
9.95482295e-01
1.02500611e+00
1.02727717e+00
1.02197802e+00
1.01667888e+00
1.27179487e+00
1.39064713e+00
1.34976801e+00
1.40654457e+00
1.34446886e+00
1.30737485e+00
1.34976801e+00
1.33084249e+00
1.38761905e+00
1.31645910e+00
1.16051282e+00
1.02879121e+00
1.01667888e+00
1.36869353e+00
1.01365079e+00
1.38534799e+00
1.01743590e+00
1.39670330e+00
1.02273504e+00
1.43001221e+00
1.04241758e+00
1.45272283e+00
1.04847375e+00
1.40881563e+00
1.04998779e+00
1.53221001e+00
1.07572650e+00
1.46180708e+00
1.06512821e+00
1.42395604e+00
1.01743590e+00
1.45726496e+00
9.92454212e-01
1.43379731e+00
1.02954823e+00
1.05907204e+00
1.00835165e+00
1.13704518e+00
9.90940171e-01
1.11357753e+00
1.12568987e+00
1.39821734e+00
1.35658120e+00
1.31797314e+00
1.43228327e+00
1.41032967e+00
1.33916972e+00
1.33538462e+00
1.34144078e+00
1.33765568e+00
1.19306471e+00
1.02879121e+00
9.98510379e-01
1.04620269e+00
1.02576313e+00
1.02500611e+00
1.01592186e+00
1.06588523e+00
1.03257631e+00
1.02576313e+00
1.05831502e+00
1.00229548e+00
1.00683761e+00
1.02500611e+00
1.01743590e+00
1.02803419e+00
1.02197802e+00
1.01819292e+00
9.53089133e-01
1.00910867e+00
1.06967033e+00
1.02576313e+00
9.85641026e-01
1.02046398e+00
9.92454212e-01
1.05074481e+00
1.02879121e+00
1.01440781e+00
1.01667888e+00
1.00835165e+00
1.01062271e+00
1.29526252e+00
1.35733822e+00
1.34901099e+00
1.33387057e+00
1.35582418e+00
1.34371184e+00
1.46256410e+00
1.39216117e+00
1.38156288e+00
1.33538462e+00
1.04393162e+00
1.08632479e+00
1.02046398e+00
1.02803419e+00
1.03560440e+00
1.00910867e+00
1.01970696e+00
1.02197802e+00
1.01667888e+00
1.03787546e+00
1.02046398e+00
1.02500611e+00
1.05301587e+00
1.35582418e+00
9.93968254e-01
1.37626374e+00
9.91697192e-01
1.42092796e+00
1.05907204e+00
1.42471306e+00
9.94725275e-01
1.41487179e+00
9.95482295e-01
1.40578755e+00
1.01743590e+00
1.40654457e+00
9.97753358e-01
1.42244200e+00
1.00910867e+00
1.41638584e+00
1.24681319e+00
1.38989011e+00
1.39064713e+00
1.37777778e+00
1.32327228e+00
1.37247863e+00
1.31645910e+00
1.31645910e+00
1.32478632e+00
1.32554335e+00
1.03030525e+00
9.96239316e-01
1.00229548e+00
9.85641026e-01
1.02954823e+00
1.06815629e+00
9.58388278e-01
1.01592186e+00
1.01365079e+00
1.09768010e+00
1.04393162e+00
1.00835165e+00
1.01213675e+00
1.08859585e+00
9.65201465e-01
1.01213675e+00
9.87912088e-01
9.93211233e-01
1.00305250e+00
1.01667888e+00
9.83369963e-01
1.03409035e+00
9.94725275e-01
9.95482295e-01
9.68229548e-01
1.07194139e+00
9.37948718e-01
1.03560440e+00
1.04620269e+00
9.65958486e-01
1.00759463e+00
1.30510379e+00
1.33614164e+00
1.33841270e+00
1.33992674e+00
1.34068376e+00
1.31797314e+00
1.35506716e+00
1.36188034e+00
1.35506716e+00
1.34295482e+00
1.02424908e+00
1.00986569e+00
1.00910867e+00
1.03030525e+00
1.04544567e+00
9.53846154e-01
9.83369963e-01
9.92454212e-01
1.00229548e+00
9.92454212e-01
9.92454212e-01
9.87912088e-01
1.00532357e+00
1.00153846e+00
9.87155067e-01
9.80341880e-01
1.04393162e+00
1.03863248e+00
1.04090354e+00
1.00683761e+00
1.00380952e+00
9.90183150e-01
1.04166056e+00
1.40048840e+00
9.92454212e-01
1.36339438e+00
9.96239316e-01
1.36036630e+00
9.80341880e-01
1.00835165e+00
1.24454212e+00
1.36339438e+00
1.38080586e+00
1.39291819e+00
1.35203907e+00
1.37096459e+00
1.36642247e+00
1.35355311e+00
1.30661783e+00
1.37550672e+00
1.07118437e+00
1.01213675e+00
1.02500611e+00
1.01062271e+00
1.01894994e+00
1.41411477e+00
1.05150183e+00
1.46710623e+00
1.02879121e+00
1.48451770e+00
1.03333333e+00
1.05377289e+00
1.06891331e+00
1.18625153e+00
1.05301587e+00
1.01970696e+00
1.01894994e+00
1.08253968e+00
1.01667888e+00
1.02879121e+00
1.01062271e+00
1.02879121e+00
1.01592186e+00
1.03711844e+00
1.07951160e+00
1.17111111e+00
1.01743590e+00
1.01819292e+00
1.07496947e+00
1.00532357e+00
1.11509158e+00
1.34825397e+00
1.40275946e+00
1.37474969e+00
1.37474969e+00
1.35733822e+00
1.33614164e+00
1.34901099e+00
1.32781441e+00
1.33462759e+00
1.32327228e+00
1.09616606e+00
9.90183150e-01
1.02879121e+00
1.07724054e+00
1.07194139e+00
1.06512821e+00
9.76556777e-01
9.95482295e-01
1.02727717e+00
1.01516484e+00
9.94725275e-01
9.99267399e-01
1.01894994e+00
1.01440781e+00
1.00229548e+00
1.01440781e+00
1.02046398e+00
1.08859585e+00
9.90183150e-01
1.01137973e+00
1.05528694e+00
1.05604396e+00
1.01062271e+00
1.04468864e+00
1.02349206e+00
1.07194139e+00
1.00759463e+00
1.00835165e+00
1.06134310e+00
1.01970696e+00
1.31267399e+00
1.34901099e+00
1.33235653e+00
1.38383394e+00
1.32251526e+00
1.37929182e+00
1.38004884e+00
1.32251526e+00
1.36415140e+00
1.36112332e+00
1.12039072e+00
1.04014652e+00
1.01516484e+00
1.40578755e+00
1.01592186e+00
1.40124542e+00
1.01743590e+00
1.39670330e+00
1.02349206e+00
1.38307692e+00
1.02727717e+00
1.38080586e+00
1.01365079e+00
1.51404151e+00
9.84126984e-01
1.33311355e+00
1.06664225e+00
1.38989011e+00
1.05907204e+00
1.41260073e+00
1.00608059e+00
1.41714286e+00
1.02273504e+00
1.06058608e+00
1.00456654e+00
1.04166056e+00
9.88669109e-01
1.10979243e+00
1.07724054e+00
1.07042735e+00
1.24378510e+00
1.39367521e+00
1.37020757e+00
1.48830281e+00
1.37626374e+00
1.38231990e+00
1.33387057e+00
1.37323565e+00
1.34673993e+00
1.32857143e+00
1.05150183e+00
1.01894994e+00
1.04241758e+00
9.34163614e-01
9.92454212e-01
1.02803419e+00
1.03938950e+00
1.03484737e+00
1.04998779e+00
9.91697192e-01
1.01667888e+00
1.00683761e+00
1.01213675e+00
1.01440781e+00
1.00380952e+00
1.01894994e+00
1.00532357e+00
1.00002442e+00
1.02273504e+00
1.02197802e+00
1.02727717e+00
1.05150183e+00
1.04998779e+00
1.00683761e+00
1.02879121e+00
1.03863248e+00
1.04771673e+00
1.06891331e+00
1.01062271e+00
1.00380952e+00
1.02349206e+00
1.34371184e+00
1.35506716e+00
1.35431013e+00
1.35431013e+00
1.36869353e+00
1.42244200e+00
1.36793651e+00
1.36112332e+00
1.33916972e+00
1.32024420e+00
1.07496947e+00
1.04695971e+00
1.03711844e+00
1.08859585e+00
9.68986569e-01
1.01365079e+00
1.01365079e+00
1.00835165e+00
1.01819292e+00
1.03257631e+00
1.00759463e+00
1.36415140e+00
1.05604396e+00
1.41638584e+00
1.05301587e+00
1.40275946e+00
1.00229548e+00
1.46937729e+00
1.03863248e+00
1.37929182e+00
1.04695971e+00
1.41108669e+00
1.02197802e+00
1.40200244e+00
1.05301587e+00
1.45877900e+00
1.02046398e+00
1.42244200e+00
1.02424908e+00
1.52766789e+00
1.26346764e+00
1.74417582e+00
1.38610501e+00
1.56551893e+00
1.31343101e+00
1.40427350e+00
1.38156288e+00
1.36717949e+00
1.33462759e+00
1.37172161e+00
1.04771673e+00
1.04998779e+00
1.00759463e+00
1.04695971e+00
1.04620269e+00
1.09313797e+00
1.05452991e+00
1.03938950e+00
1.05301587e+00
1.04393162e+00
1.08178266e+00
1.04620269e+00
1.08708181e+00
1.06512821e+00
1.00153846e+00
1.03030525e+00
9.95482295e-01
9.80341880e-01
1.01440781e+00
1.02727717e+00
1.03938950e+00
1.02500611e+00
1.06739927e+00
9.94725275e-01
1.01213675e+00
1.03409035e+00
1.10979243e+00
1.07194139e+00
1.01516484e+00
1.04393162e+00
1.05680098e+00
1.34673993e+00
1.35052503e+00
1.34825397e+00
1.35809524e+00
1.34068376e+00
1.34673993e+00
1.34976801e+00
1.39216117e+00
1.32402930e+00
1.39746032e+00
1.02576313e+00
1.04166056e+00
1.03333333e+00
1.06512821e+00
1.00456654e+00
1.00910867e+00
9.90183150e-01
1.02954823e+00
1.01516484e+00
1.01592186e+00
1.01440781e+00
1.02197802e+00
1.05301587e+00
9.78827839e-01
1.00608059e+00
1.05907204e+00
9.66715507e-01
1.04998779e+00
1.00532357e+00
9.65958486e-01
1.03711844e+00
1.10979243e+00
9.92454212e-01
1.36566545e+00
1.00759463e+00
1.38534799e+00
1.01440781e+00
1.39518926e+00
1.00910867e+00
1.36263736e+00
1.35885226e+00
1.80549451e+00
1.39821734e+00
1.83728938e+00
1.34825397e+00
1.77899878e+00
1.41714286e+00
1.85697192e+00
1.33689866e+00
1.74644689e+00
1.02954823e+00
1.42471306e+00
1.02122100e+00
1.02954823e+00
1.01365079e+00
1.06210012e+00
1.02122100e+00
1.01819292e+00
1.06058608e+00
1.14083028e+00
1.01440781e+00
1.13704518e+00
9.72014652e-01
1.04317460e+00
9.95482295e-01
1.08405372e+00
1.05528694e+00
1.01440781e+00
1.02576313e+00
1.02424908e+00
1.01062271e+00
1.02500611e+00
1.02349206e+00
1.00986569e+00
1.01592186e+00
1.00532357e+00
1.04241758e+00
1.02879121e+00
1.08102564e+00
1.07194139e+00
1.20744811e+00
1.34976801e+00
1.37702076e+00
1.34144078e+00
1.36642247e+00
1.34673993e+00
1.35431013e+00
1.34901099e+00
1.36188034e+00
1.34295482e+00
1.11660562e+00
1.08935287e+00
1.00229548e+00
1.05225885e+00
1.03106227e+00
1.05225885e+00
1.03711844e+00
9.93211233e-01
1.03711844e+00
1.01440781e+00
1.00759463e+00
9.84126984e-01
1.00910867e+00
1.00759463e+00
1.02500611e+00
1.01970696e+00
1.02727717e+00
1.01743590e+00
1.02576313e+00
1.06967033e+00
1.03711844e+00
1.04620269e+00
9.83369963e-01
1.01289377e+00
1.06815629e+00
1.02349206e+00
1.00078144e+00
1.01365079e+00
1.00532357e+00
1.00986569e+00
1.01365079e+00
1.31645910e+00
1.34825397e+00
1.36112332e+00
1.80776557e+00
1.35431013e+00
1.76461538e+00
1.30358974e+00
1.78884005e+00
1.30131868e+00
1.73811966e+00
1.05982906e+00
1.48148962e+00
1.01213675e+00
1.41562882e+00
1.02122100e+00
1.40351648e+00
1.06512821e+00
1.39746032e+00
1.00910867e+00
1.41638584e+00
1.04090354e+00
1.37777778e+00
1.05755800e+00
1.14612943e+00
1.02122100e+00
1.03711844e+00
9.58388278e-01
1.00078144e+00
1.04090354e+00
1.03106227e+00
1.02727717e+00
1.02424908e+00
9.96239316e-01
1.01667888e+00
1.04317460e+00
1.03636142e+00
1.08026862e+00
1.05301587e+00
1.02803419e+00
1.01365079e+00
1.25211233e+00
1.40881563e+00
1.37172161e+00
1.33159951e+00
1.40730159e+00
1.36339438e+00
1.33084249e+00
1.35052503e+00
1.33916972e+00
1.32630037e+00
1.04090354e+00
1.08329670e+00
1.03030525e+00
1.10070818e+00
1.02652015e+00
1.04847375e+00
9.75042735e-01
1.00153846e+00
1.00153846e+00
9.96996337e-01
1.04923077e+00
1.08253968e+00
1.00910867e+00
1.01819292e+00
1.01819292e+00
1.00835165e+00
1.00986569e+00
1.00153846e+00
1.10525031e+00
1.02803419e+00
1.03484737e+00
1.00002442e+00
1.02197802e+00
1.02349206e+00
9.90183150e-01
1.03333333e+00
9.68229548e-01
1.05831502e+00
9.57631258e-01
1.02046398e+00
1.10373626e+00
1.32251526e+00
1.36263736e+00
1.35809524e+00
1.34673993e+00
1.36415140e+00
1.35506716e+00
1.29374847e+00
1.38231990e+00
1.32251526e+00
1.22561661e+00
1.03484737e+00
1.07194139e+00
1.03636142e+00
1.42017094e+00
1.06210012e+00
1.38913309e+00
1.01516484e+00
1.39821734e+00
1.02122100e+00
1.37626374e+00
1.02652015e+00
1.44363858e+00
1.03938950e+00
1.40503053e+00
9.62930403e-01
1.37550672e+00
1.04771673e+00
1.43682540e+00
1.06512821e+00
1.09616606e+00
1.05225885e+00
9.83369963e-01
1.01894994e+00
1.02122100e+00
1.02954823e+00
1.02424908e+00
1.01743590e+00
1.03787546e+00
1.01743590e+00
1.06210012e+00
1.30510379e+00
1.33387057e+00
1.32781441e+00
1.38080586e+00
1.38534799e+00
1.41941392e+00
1.31418803e+00
1.34144078e+00
1.33159951e+00
1.32630037e+00
1.06967033e+00
1.02576313e+00
1.00683761e+00
1.01819292e+00
1.04923077e+00
1.10903541e+00
1.01062271e+00
1.03863248e+00
1.00002442e+00
1.04998779e+00
1.03938950e+00
9.98510379e-01
1.05377289e+00
1.00229548e+00
1.01592186e+00
1.02424908e+00
1.02273504e+00
1.05301587e+00
1.02122100e+00
1.01592186e+00
9.97753358e-01
9.99267399e-01
1.01440781e+00
1.12796093e+00
1.05604396e+00
9.71257631e-01
1.02424908e+00
1.03938950e+00
1.01137973e+00
1.11130647e+00
1.21047619e+00
1.35582418e+00
1.34371184e+00
1.34749695e+00
1.31418803e+00
1.39367521e+00
1.37474969e+00
1.34371184e+00
1.34598291e+00
1.38080586e+00
1.09162393e+00
1.07269841e+00
1.00153846e+00
1.02273504e+00
1.08178266e+00
9.58388278e-01
1.07345543e+00
1.01137973e+00
1.06361416e+00
1.02879121e+00
1.00683761e+00
1.01516484e+00
1.01819292e+00
1.05150183e+00
1.09465201e+00
1.01667888e+00
1.37626374e+00
1.04090354e+00
9.65201465e-01
1.01516484e+00
9.83369963e-01
9.95482295e-01
1.09616606e+00
1.04166056e+00
1.03181929e+00
1.02046398e+00
1.01743590e+00
1.02122100e+00
1.01592186e+00
1.01592186e+00
1.02954823e+00
1.29223443e+00
1.42774115e+00
1.35582418e+00
1.93343101e+00
1.35582418e+00
1.79186813e+00
1.28769231e+00
1.75023199e+00
1.36188034e+00
1.74417582e+00
1.02727717e+00
1.16429792e+00
1.02803419e+00
1.05831502e+00
1.00608059e+00
1.03030525e+00
1.00986569e+00
1.05528694e+00
9.96239316e-01
1.12568987e+00
1.01592186e+00
1.07269841e+00
1.04317460e+00
1.07269841e+00
1.02803419e+00
1.04923077e+00
9.87155067e-01
1.02273504e+00
1.01289377e+00
1.02652015e+00
1.00456654e+00
1.00835165e+00
1.02424908e+00
1.09995116e+00
1.08556777e+00
1.00835165e+00
9.90183150e-01
1.01365079e+00
1.02500611e+00
1.06967033e+00
1.25589744e+00
1.35506716e+00
1.42319902e+00
1.35128205e+00
1.35431013e+00
1.34446886e+00
1.33387057e+00
1.34144078e+00
1.35052503e+00
1.33992674e+00
1.01592186e+00
1.11206349e+00
1.04771673e+00
1.01667888e+00
1.01365079e+00
9.98510379e-01
9.93211233e-01
1.01289377e+00
1.00305250e+00
1.01667888e+00
1.03257631e+00
9.96239316e-01
1.01440781e+00
1.00759463e+00
1.02879121e+00
1.02046398e+00
9.67472527e-01
1.08329670e+00
1.00153846e+00
9.84884005e-01
1.06815629e+00
1.02576313e+00
1.05982906e+00
1.05982906e+00
1.02424908e+00
1.07345543e+00
1.04923077e+00
1.01213675e+00
1.03560440e+00
1.01970696e+00
1.11357753e+00
1.35431013e+00
1.74947497e+00
1.40200244e+00
1.82744811e+00
1.33841270e+00
1.74796093e+00
1.29526252e+00
1.74341880e+00
1.29980464e+00
1.75855922e+00
1.02576313e+00
1.44515263e+00
1.01365079e+00
1.40427350e+00
1.03030525e+00
1.41865690e+00
1.04695971e+00
1.40730159e+00
1.04166056e+00
1.42471306e+00
1.02879121e+00
1.37247863e+00
9.70500611e-01
1.00002442e+00
1.02879121e+00
1.17489621e+00
1.01137973e+00
1.04923077e+00
1.06058608e+00
1.03106227e+00
1.01894994e+00
1.03787546e+00
1.03257631e+00
1.07648352e+00
1.00456654e+00
1.00305250e+00
9.92454212e-01
1.06967033e+00
1.08329670e+00
1.06437118e+00
1.34068376e+00
1.44818071e+00
1.37399267e+00
1.41260073e+00
1.36642247e+00
1.36188034e+00
1.33689866e+00
1.33765568e+00
1.33841270e+00
1.32781441e+00
1.02197802e+00
1.00532357e+00
9.78070818e-01
1.06361416e+00
1.01667888e+00
1.09162393e+00
1.01743590e+00
1.05074481e+00
1.00986569e+00
1.04241758e+00
1.04241758e+00
1.01592186e+00
1.01970696e+00
1.02803419e+00
1.00683761e+00
1.02803419e+00
9.95482295e-01
9.76556777e-01
1.02576313e+00
1.00986569e+00
1.01289377e+00
1.05982906e+00
1.02576313e+00
1.03106227e+00
1.05377289e+00
1.04393162e+00
1.00759463e+00
1.04166056e+00
9.93968254e-01
1.00153846e+00
1.18927961e+00
1.32402930e+00
1.33159951e+00
1.32402930e+00
1.34976801e+00
1.31721612e+00
1.39518926e+00
1.31343101e+00
1.33841270e+00
1.33538462e+00
1.08026862e+00
1.06967033e+00
1.03787546e+00
1.04393162e+00
1.43758242e+00
1.03409035e+00
1.37550672e+00
1.01365079e+00
1.38383394e+00
9.83369963e-01
1.37626374e+00
9.96239316e-01
1.42244200e+00
9.83369963e-01
1.42319902e+00
1.00835165e+00
1.45726496e+00
1.04317460e+00
1.37702076e+00
1.02879121e+00
1.35128205e+00
9.78070818e-01
1.40048840e+00
1.00153846e+00
1.38913309e+00
9.97753358e-01
1.05452991e+00
1.00380952e+00
1.01592186e+00
1.04090354e+00
1.01819292e+00
1.32402930e+00
1.38307692e+00
1.36490842e+00
1.33311355e+00
1.25892552e+00
1.34371184e+00
1.38004884e+00
1.34446886e+00
1.30207570e+00
1.38459096e+00
1.00456654e+00
9.99267399e-01
1.02576313e+00
1.00456654e+00
9.90183150e-01
1.04241758e+00
1.03787546e+00
9.93211233e-01
1.02652015e+00
1.02803419e+00
1.02879121e+00
1.00910867e+00
1.05680098e+00
9.91697192e-01
1.00153846e+00
1.00759463e+00
1.00078144e+00
1.01743590e+00
1.01894994e+00
1.02197802e+00
1.03030525e+00
9.40219780e-01
1.03257631e+00
9.98510379e-01
1.03257631e+00
1.05528694e+00
9.72771673e-01
1.04166056e+00
1.02954823e+00
1.08481074e+00
1.30661783e+00
1.34901099e+00
1.34446886e+00
1.36112332e+00
1.35582418e+00
1.34144078e+00
1.35658120e+00
1.34446886e+00
1.35203907e+00
1.36036630e+00
1.11282051e+00
1.04014652e+00
9.97753358e-01
1.02349206e+00
9.92454212e-01
1.02652015e+00
9.84884005e-01
1.02576313e+00
1.00683761e+00
1.00683761e+00
1.03787546e+00
1.03181929e+00
1.00986569e+00
1.00002442e+00
1.08405372e+00
9.92454212e-01
1.39518926e+00
9.98510379e-01
1.40881563e+00
1.01970696e+00
1.43455433e+00
9.78827839e-01
1.50041514e+00
1.00759463e+00
1.39821734e+00
1.01440781e+00
1.40427350e+00
1.01592186e+00
1.40351648e+00
1.00532357e+00
1.52918193e+00
1.37172161e+00
1.76310134e+00
1.35506716e+00
1.82896215e+00
1.31115995e+00
1.39367521e+00
1.36945055e+00
1.47316239e+00
1.35506716e+00
1.37929182e+00
1.01743590e+00
1.03106227e+00
1.01516484e+00
1.03333333e+00
1.00986569e+00
1.02197802e+00
1.04241758e+00
9.78827839e-01
1.02046398e+00
1.01743590e+00
1.04923077e+00
1.00305250e+00
1.04771673e+00
1.07572650e+00
1.03863248e+00
9.22051282e-01
1.01819292e+00
1.01667888e+00
1.01894994e+00
1.01894994e+00
1.02197802e+00
1.00229548e+00
9.96239316e-01
1.00759463e+00
1.01516484e+00
1.04317460e+00
1.06210012e+00
1.06210012e+00
1.06967033e+00
1.03484737e+00
1.32630037e+00
1.41941392e+00
1.37020757e+00
1.34144078e+00
1.35506716e+00
1.33462759e+00
1.34673993e+00
1.33916972e+00
1.33008547e+00
1.34371184e+00
1.05831502e+00
1.05301587e+00
1.04090354e+00
1.03409035e+00
1.04847375e+00
1.03106227e+00
1.06134310e+00
9.71257631e-01
9.62173382e-01
9.96996337e-01
9.46275946e-01
1.01592186e+00
1.00683761e+00
9.96996337e-01
1.02727717e+00
1.00456654e+00
1.00002442e+00
1.08253968e+00
1.02879121e+00
1.02803419e+00
1.04544567e+00
1.00153846e+00
1.02349206e+00
1.04014652e+00
9.47032967e-01
1.05074481e+00
1.38231990e+00
1.05452991e+00
1.38459096e+00
9.90940171e-01
1.61018315e+00
1.35733822e+00
1.76688645e+00
1.34976801e+00
1.78202686e+00
1.33387057e+00
1.71768010e+00
1.35582418e+00
1.75326007e+00
1.35506716e+00
1.45575092e+00
1.03560440e+00
1.49738706e+00
1.01440781e+00
1.41411477e+00
9.97753358e-01
1.42622711e+00
1.01516484e+00
1.05604396e+00
1.04090354e+00
1.01592186e+00
1.03181929e+00
1.08026862e+00
9.73528694e-01
1.00759463e+00
1.04998779e+00
1.06739927e+00
1.04620269e+00
1.01213675e+00
1.03409035e+00
1.01062271e+00
1.03863248e+00
1.03409035e+00
1.05680098e+00
1.03863248e+00
1.00835165e+00
1.06891331e+00
1.01743590e+00
1.01062271e+00
1.02803419e+00
1.04544567e+00
1.38761905e+00
1.44363858e+00
1.32100122e+00
1.36717949e+00
1.36339438e+00
1.36869353e+00
1.34749695e+00
1.34446886e+00
1.33614164e+00
1.33235653e+00
1.00380952e+00
1.03560440e+00
1.00910867e+00
1.15218559e+00
1.06134310e+00
1.05604396e+00
9.84126984e-01
1.03711844e+00
1.00986569e+00
1.07875458e+00
9.95482295e-01
1.00608059e+00
1.00835165e+00
1.02576313e+00
1.02197802e+00
1.01440781e+00
1.01440781e+00
1.02954823e+00
1.09162393e+00
1.03636142e+00
1.09540904e+00
1.09389499e+00
1.01970696e+00
1.00532357e+00
1.03863248e+00
1.05831502e+00
1.02349206e+00
1.02046398e+00
1.07345543e+00
1.00759463e+00
1.26346764e+00
1.35052503e+00
1.36415140e+00
1.34446886e+00
1.35809524e+00
1.32857143e+00
1.73357753e+00
1.37474969e+00
1.76915751e+00
1.32781441e+00
1.39518926e+00
1.02576313e+00
1.45272283e+00
1.00683761e+00
1.39670330e+00
1.01667888e+00
1.40351648e+00
1.02879121e+00
1.02273504e+00
1.02197802e+00
9.99267399e-01
1.05225885e+00
1.02197802e+00
9.68986569e-01
1.01592186e+00
1.03560440e+00
9.66715507e-01
1.04468864e+00
1.08481074e+00
9.92454212e-01
9.76556777e-01
1.08481074e+00
1.02197802e+00
1.01592186e+00
1.04695971e+00
1.02500611e+00
1.05831502e+00
1.00986569e+00
1.03181929e+00
1.04241758e+00
1.10979243e+00
1.34749695e+00
1.47467643e+00
1.38837607e+00
1.45272283e+00
1.38686203e+00
1.48678877e+00
1.35885226e+00
1.35506716e+00
1.32857143e+00
1.30131868e+00
1.07724054e+00
1.01592186e+00
1.00986569e+00
1.02879121e+00
1.08253968e+00
1.04923077e+00
1.01743590e+00
1.05831502e+00
1.00153846e+00
1.06210012e+00
1.02046398e+00
9.90183150e-01
1.01137973e+00
1.05604396e+00
1.00456654e+00
1.00835165e+00
1.02879121e+00
1.03409035e+00
1.00759463e+00
1.00532357e+00
1.01289377e+00
9.92454212e-01
1.02197802e+00
1.07724054e+00
1.04468864e+00
1.03863248e+00
1.03484737e+00
1.00986569e+00
9.78827839e-01
1.07951160e+00
1.29904762e+00
1.35582418e+00
1.35431013e+00
1.33916972e+00
1.34144078e+00
1.31040293e+00
1.34371184e+00
1.33462759e+00
1.40578755e+00
1.35582418e+00
1.06512821e+00
1.00456654e+00
1.04998779e+00
1.06512821e+00
1.03787546e+00
1.06739927e+00
1.09010989e+00
1.04998779e+00
1.02803419e+00
1.03636142e+00
1.01289377e+00
1.01970696e+00
1.00380952e+00
1.01062271e+00
1.01592186e+00
1.00002442e+00
1.02122100e+00
1.02727717e+00
1.08632479e+00
1.00759463e+00
1.07421245e+00
1.00759463e+00
1.42092796e+00
1.00532357e+00
1.40654457e+00
1.01819292e+00
1.42925519e+00
1.00078144e+00
1.44061050e+00
1.00683761e+00
1.69118437e+00
1.40730159e+00
1.82820513e+00
1.32630037e+00
1.84940171e+00
1.39746032e+00
1.35885226e+00
1.34144078e+00
1.32705739e+00
1.30131868e+00
1.05604396e+00
1.03636142e+00
1.03938950e+00
1.01743590e+00
1.02803419e+00
1.06058608e+00
1.03560440e+00
9.92454212e-01
1.00380952e+00
1.02576313e+00
1.02273504e+00
1.05982906e+00
1.02122100e+00
1.01516484e+00
1.05225885e+00
1.02349206e+00
9.92454212e-01
1.00380952e+00
1.07345543e+00
1.01819292e+00
1.02500611e+00
1.01213675e+00
9.98510379e-01
9.85641026e-01
1.05982906e+00
1.06512821e+00
1.00380952e+00
1.03106227e+00
1.03333333e+00
9.88669109e-01
1.05074481e+00
1.32781441e+00
1.37626374e+00
1.31040293e+00
1.34673993e+00
1.34825397e+00
1.40124542e+00
1.33235653e+00
1.34749695e+00
1.34068376e+00
1.39216117e+00
1.04923077e+00
1.10525031e+00
1.07951160e+00
1.06134310e+00
1.02727717e+00
1.03257631e+00
1.01365079e+00
9.95482295e-01
9.91697192e-01
1.02349206e+00
9.96239316e-01
9.75799756e-01
9.68229548e-01
1.00380952e+00
9.80341880e-01
1.00910867e+00
9.72771673e-01
1.05452991e+00
9.87155067e-01
1.01667888e+00
1.02197802e+00
9.82612943e-01
1.01592186e+00
1.03787546e+00
1.37096459e+00
9.70500611e-01
1.37020757e+00
9.96996337e-01
1.39140415e+00
9.88669109e-01
1.64349206e+00
1.32402930e+00
1.75477411e+00
1.34219780e+00
1.79262515e+00
1.35431013e+00
1.74871795e+00
1.34219780e+00
1.70178266e+00
1.33916972e+00
1.45045177e+00
9.80341880e-01
1.39594628e+00
1.00305250e+00
1.40881563e+00
9.93968254e-01
9.76556777e-01
1.00986569e+00
1.02803419e+00
1.02652015e+00
1.00305250e+00
9.78070818e-01
1.04998779e+00
1.01743590e+00
9.79584860e-01
1.00305250e+00
1.06285714e+00
9.82612943e-01
9.62173382e-01
1.01667888e+00
9.99267399e-01
9.93211233e-01
1.00002442e+00
9.91697192e-01
1.02122100e+00
1.04317460e+00
1.05604396e+00
1.00532357e+00
1.07875458e+00
9.56874237e-01
1.16354090e+00
1.35733822e+00
1.31948718e+00
1.37929182e+00
1.53599512e+00
1.33311355e+00
1.33084249e+00
1.31645910e+00
1.30131868e+00
1.32402930e+00
1.30813187e+00
9.94725275e-01
1.00456654e+00
1.02046398e+00
1.07572650e+00
1.03257631e+00
1.04393162e+00
1.04847375e+00
1.01970696e+00
1.08935287e+00
1.03787546e+00
1.05301587e+00
1.05755800e+00
1.01970696e+00
1.02046398e+00
1.02197802e+00
1.00759463e+00
1.02500611e+00
1.02576313e+00
1.04090354e+00
9.41733822e-01
1.00153846e+00
1.09389499e+00
1.07496947e+00
9.79584860e-01
1.04771673e+00
1.06891331e+00
1.06285714e+00
1.01289377e+00
1.03560440e+00
1.01592186e+00
1.30131868e+00
1.35809524e+00
1.36490842e+00
1.36566545e+00
1.34446886e+00
1.32857143e+00
1.72146520e+00
1.35733822e+00
1.75931624e+00
1.34371184e+00
1.42774115e+00
1.07648352e+00
1.41714286e+00
1.03333333e+00
1.39064713e+00
1.01440781e+00
1.40048840e+00
1.02727717e+00
1.41562882e+00
1.01970696e+00
1.40427350e+00
1.04468864e+00
1.48376068e+00
9.91697192e-01
1.38004884e+00
1.04847375e+00
1.59504274e+00
1.06285714e+00
1.21956044e+00
1.10070818e+00
1.02349206e+00
1.01365079e+00
1.05150183e+00
9.99267399e-01
1.02576313e+00
1.01667888e+00
1.03409035e+00
1.01440781e+00
1.01289377e+00
1.01516484e+00
1.21956044e+00
1.37323565e+00
1.34673993e+00
1.42319902e+00
1.40427350e+00
1.40275946e+00
1.32251526e+00
1.37550672e+00
1.34598291e+00
1.34068376e+00
1.05301587e+00
1.02046398e+00
1.03333333e+00
1.01137973e+00
1.01970696e+00
1.01592186e+00
1.00986569e+00
1.05225885e+00
1.07042735e+00
1.04317460e+00
1.08026862e+00
1.06588523e+00
1.00153846e+00
1.04847375e+00
1.00456654e+00
1.01213675e+00
1.01062271e+00
1.01365079e+00
1.01516484e+00
9.99267399e-01
1.01743590e+00
9.80341880e-01
1.01062271e+00
1.07042735e+00
1.07269841e+00
1.03484737e+00
1.01365079e+00
9.92454212e-01
1.03181929e+00
1.04090354e+00
1.02424908e+00
1.33462759e+00
1.34825397e+00
1.36945055e+00
1.34522589e+00
1.34295482e+00
1.33841270e+00
1.35658120e+00
1.38534799e+00
1.32327228e+00
1.31040293e+00
1.04695971e+00
1.06285714e+00
1.01137973e+00
1.06437118e+00
1.01516484e+00
9.50061050e-01
1.08859585e+00
1.01440781e+00
1.38459096e+00
1.01667888e+00
1.37702076e+00
1.00759463e+00
1.40275946e+00
1.00986569e+00
1.41335775e+00
1.02273504e+00
1.46937729e+00
9.98510379e-01
1.41184371e+00
1.10525031e+00
1.45802198e+00
1.02954823e+00
1.36112332e+00
1.09768010e+00
1.41487179e+00
1.02803419e+00
1.41638584e+00
1.02879121e+00
1.07496947e+00
1.02273504e+00
1.29299145e+00
1.34976801e+00
1.40124542e+00
1.41865690e+00
1.45045177e+00
1.38837607e+00
1.37929182e+00
1.36112332e+00
1.35885226e+00
1.33159951e+00
1.00683761e+00
1.03938950e+00
1.01365079e+00
1.01667888e+00
1.04014652e+00
1.01592186e+00
1.01137973e+00
1.07572650e+00
1.06664225e+00
9.64444444e-01
1.03257631e+00
1.05301587e+00
1.07572650e+00
1.11282051e+00
1.08935287e+00
1.02576313e+00
9.92454212e-01
1.03257631e+00
1.08178266e+00
1.01440781e+00
1.00608059e+00
1.01365079e+00
1.03636142e+00
1.02954823e+00
1.08026862e+00
1.01970696e+00
1.09692308e+00
9.94725275e-01
1.03787546e+00
1.03711844e+00
1.09919414e+00
1.42017094e+00
1.31570208e+00
1.36036630e+00
1.34219780e+00
1.31418803e+00
1.33462759e+00
1.33916972e+00
1.33765568e+00
1.31343101e+00
1.33387057e+00
1.07572650e+00
1.05755800e+00
1.01894994e+00
9.99267399e-01
1.05982906e+00
9.87912088e-01
1.05982906e+00
1.07496947e+00
1.08783883e+00
1.01667888e+00
1.00153846e+00
9.97753358e-01
1.01365079e+00
1.01516484e+00
1.00380952e+00
1.04771673e+00
1.02652015e+00
1.05225885e+00
1.40427350e+00
1.03484737e+00
1.42017094e+00
1.01516484e+00
1.41789988e+00
9.84126984e-01
1.33992674e+00
1.04847375e+00
1.41184371e+00
1.01516484e+00
1.40275946e+00
9.91697192e-01
1.71540904e+00
1.36869353e+00
1.87816850e+00
1.37096459e+00
1.77294261e+00
1.36490842e+00
1.77067155e+00
1.37323565e+00
1.33841270e+00
1.31570208e+00
1.04014652e+00
1.06588523e+00
1.04847375e+00
1.02349206e+00
1.01667888e+00
1.01819292e+00
1.01819292e+00
1.00456654e+00
1.02803419e+00
1.01743590e+00
1.05225885e+00
1.00380952e+00
1.03181929e+00
9.81098901e-01
1.02803419e+00
1.07269841e+00
9.95482295e-01
1.12947497e+00
1.00078144e+00
1.00986569e+00
1.02273504e+00
9.99267399e-01
1.01819292e+00
1.01592186e+00
1.00229548e+00
1.01516484e+00
1.04847375e+00
9.83369963e-01
1.09465201e+00
1.00153846e+00
1.23242979e+00
1.37777778e+00
1.36717949e+00
1.35506716e+00
1.31948718e+00
1.39140415e+00
1.33916972e+00
1.33841270e+00
1.33765568e+00
1.34825397e+00
1.31267399e+00
1.02652015e+00
1.04695971e+00
1.01440781e+00
1.09843712e+00
1.05301587e+00
1.05755800e+00
1.01440781e+00
1.03560440e+00
1.04014652e+00
1.06512821e+00
1.00305250e+00
9.90940171e-01
1.02500611e+00
1.00910867e+00
1.02197802e+00
1.01213675e+00
1.01819292e+00
1.00456654e+00
1.03409035e+00
9.92454212e-01
9.75042735e-01
1.05377289e+00
9.84126984e-01
9.85641026e-01
9.86398046e-01
1.05377289e+00
1.06664225e+00
1.01667888e+00
1.42244200e+00
1.05982906e+00
1.71540904e+00
1.34901099e+00
1.74947497e+00
1.35733822e+00
1.76083028e+00
1.39594628e+00
1.35128205e+00
1.37172161e+00
1.35279609e+00
1.36717949e+00
1.06967033e+00
1.01440781e+00
1.00683761e+00
1.01365079e+00
1.03106227e+00
1.02803419e+00
1.01289377e+00
1.07572650e+00
1.00759463e+00
1.00986569e+00
1.01819292e+00
1.01819292e+00
1.43076923e+00
9.72771673e-01
1.44061050e+00
9.90183150e-01
9.56874237e-01
9.78827839e-01
1.23318681e+00
9.87155067e-01
1.11357753e+00
9.68986569e-01
1.03787546e+00
1.00683761e+00
1.02954823e+00
1.01592186e+00
1.02803419e+00
1.02349206e+00
1.03560440e+00
1.03181929e+00
1.23394383e+00
1.35431013e+00
1.48905983e+00
1.38989011e+00
1.35658120e+00
1.32857143e+00
1.42547009e+00
1.32175824e+00
1.36490842e+00
1.33311355e+00
1.02727717e+00
1.01440781e+00
1.02652015e+00
1.01592186e+00
1.01365079e+00
9.98510379e-01
1.08102564e+00
1.04166056e+00
1.06210012e+00
1.02652015e+00
1.04317460e+00
1.05604396e+00
1.09313797e+00
1.06285714e+00
1.01440781e+00
1.01894994e+00
1.01289377e+00
1.02197802e+00
1.02652015e+00
1.01743590e+00
1.04468864e+00
1.06134310e+00
1.03560440e+00
1.00986569e+00
1.07648352e+00
1.02197802e+00
1.01289377e+00
1.03181929e+00
1.05907204e+00
9.97753358e-01
1.14234432e+00
1.33841270e+00
1.35506716e+00
1.34219780e+00
1.34144078e+00
1.34522589e+00
1.37777778e+00
1.33159951e+00
1.31873016e+00
1.30813187e+00
1.16202686e+00
9.61416361e-01
1.01970696e+00
9.73528694e-01
9.65958486e-01
1.07496947e+00
9.96996337e-01
1.04695971e+00
1.02424908e+00
1.02727717e+00
9.96996337e-01
1.38761905e+00
1.00456654e+00
1.38913309e+00
9.82612943e-01
1.39594628e+00
1.06210012e+00
1.38686203e+00
9.93968254e-01
1.44061050e+00
9.75799756e-01
1.38459096e+00
9.97753358e-01
1.41638584e+00
1.03257631e+00
1.40805861e+00
1.01062271e+00
1.22258852e+00
9.89426129e-01
1.04923077e+00
9.81855922e-01
1.34446886e+00
1.38307692e+00
1.39291819e+00
1.35506716e+00
1.44893773e+00
1.32857143e+00
1.46105006e+00
1.31343101e+00
1.36112332e+00
1.35582418e+00
1.02803419e+00
9.96239316e-01
9.97753358e-01
1.01592186e+00
1.06361416e+00
9.89426129e-01
1.00532357e+00
9.71257631e-01
1.04090354e+00
9.90940171e-01
1.04998779e+00
9.67472527e-01
9.70500611e-01
1.03333333e+00
1.03181929e+00
1.03711844e+00
1.02424908e+00
1.00456654e+00
9.93211233e-01
9.93211233e-01
9.93211233e-01
1.02954823e+00
9.85641026e-01
1.00683761e+00
1.01970696e+00
1.07496947e+00
1.04014652e+00
1.01819292e+00
1.01062271e+00
9.41733822e-01
1.17565324e+00
1.32251526e+00
1.33387057e+00
1.33008547e+00
1.34144078e+00
1.36036630e+00
1.34901099e+00
1.34825397e+00
1.33614164e+00
1.35431013e+00
1.15218559e+00
1.00456654e+00
1.04317460e+00
1.11282051e+00
1.04241758e+00
1.04771673e+00
1.05301587e+00
1.03636142e+00
9.65958486e-01
1.04998779e+00
1.00229548e+00
9.95482295e-01
1.01365079e+00
1.03106227e+00
1.01592186e+00
1.04166056e+00
1.01970696e+00
1.44288156e+00
9.84884005e-01
1.38307692e+00
