9.38705739e-01
8.81172161e-01
9.47789988e-01
9.87155067e-01
9.29621490e-01
8.89499389e-01
9.41733822e-01
9.22808303e-01
9.89426129e-01
9.34163614e-01
9.07667888e-01
9.61416361e-01
1.39064713e+00
1.04468864e+00
1.45272283e+00
9.55360195e-01
9.37948718e-01
9.14481074e-01
1.01365079e+00
1.03484737e+00
1.00986569e+00
9.91697192e-01
9.69743590e-01
9.62930403e-01
9.75799756e-01
9.64444444e-01
9.68986569e-01
9.25836386e-01
9.76556777e-01
9.77313797e-01
9.78827839e-01
9.59145299e-01
1.49663004e+00
1.01289377e+00
1.65560440e+00
1.02879121e+00
1.68588523e+00
9.90940171e-01
1.51555556e+00
9.68229548e-01
1.49057387e+00
9.67472527e-01
1.44969475e+00
9.92454212e-01
9.92454212e-01
9.73528694e-01
1.05528694e+00
9.98510379e-01
1.00153846e+00
1.04544567e+00
9.31892552e-01
9.61416361e-01
1.12947497e+00
9.08424908e-01
9.94725275e-01
9.37948718e-01
9.77313797e-01
9.67472527e-01
9.90940171e-01
9.89426129e-01
1.00910867e+00
9.44761905e-01
1.09010989e+00
1.03636142e+00
1.01440781e+00
9.93211233e-01
9.54603175e-01
9.80341880e-01
1.01970696e+00
9.15995116e-01
1.06210012e+00
1.03863248e+00
9.71257631e-01
9.70500611e-01
9.68986569e-01
9.73528694e-01
9.62173382e-01
9.44761905e-01
1.00002442e+00
9.30378510e-01
1.10979243e+00
9.30378510e-01
1.03030525e+00
1.01667888e+00
1.02576313e+00
9.39462759e-01
9.83369963e-01
9.84884005e-01
9.59145299e-01
9.72014652e-01
9.83369963e-01
9.69743590e-01
9.59145299e-01
9.62173382e-01
9.71257631e-01
9.59145299e-01
1.02349206e+00
1.00380952e+00
9.44761905e-01
1.01440781e+00
9.25836386e-01
9.40976801e-01
9.14481074e-01
8.91770452e-01
1.04998779e+00
1.01365079e+00
9.47789988e-01
9.47032967e-01
9.50818071e-01
9.40976801e-01
9.40219780e-01
9.46275946e-01
1.01289377e+00
9.68986569e-01
9.31892552e-01
1.06588523e+00
9.41733822e-01
9.59145299e-01
9.19023199e-01
8.80415140e-01
1.10449328e+00
1.00229548e+00
9.68986569e-01
1.35431013e+00
9.62173382e-01
1.38156288e+00
9.31892552e-01
1.38534799e+00
9.20537241e-01
1.42092796e+00
1.00456654e+00
1.45726496e+00
1.00229548e+00
1.46029304e+00
9.82612943e-01
1.57611722e+00
9.49304029e-01
1.48905983e+00
9.28864469e-01
1.43985348e+00
9.36434676e-01
1.42092796e+00
9.36434676e-01
1.42244200e+00
9.59145299e-01
1.47694750e+00
9.29621490e-01
9.62173382e-01
9.06910867e-01
9.62930403e-01
9.94725275e-01
9.83369963e-01
1.00986569e+00
1.08481074e+00
9.96239316e-01
1.01667888e+00
9.27350427e-01
9.45518926e-01
9.41733822e-01
9.75042735e-01
9.82612943e-01
9.56874237e-01
1.04241758e+00
9.55360195e-01
9.20537241e-01
9.80341880e-01
1.00759463e+00
1.04468864e+00
9.92454212e-01
9.85641026e-01
1.00078144e+00
9.70500611e-01
9.86398046e-01
9.21294261e-01
9.32649573e-01
9.37948718e-01
9.47789988e-01
9.56874237e-01
9.65201465e-01
9.92454212e-01
1.00456654e+00
1.01289377e+00
9.92454212e-01
1.02046398e+00
1.03333333e+00
1.01592186e+00
9.54603175e-01
1.01667888e+00
9.46275946e-01
9.64444444e-01
9.65958486e-01
9.76556777e-01
9.67472527e-01
9.56117216e-01
1.00380952e+00
9.21294261e-01
9.93968254e-01
1.04998779e+00
9.20537241e-01
1.02046398e+00
1.04393162e+00
9.46275946e-01
1.00986569e+00
1.01970696e+00
9.38705739e-01
9.40219780e-01
9.44004884e-01
9.53089133e-01
9.71257631e-01
9.43247863e-01
9.88669109e-01
9.57631258e-01
9.90940171e-01
9.83369963e-01
9.46275946e-01
1.06058608e+00
9.95482295e-01
9.84126984e-01
1.02879121e+00
9.56117216e-01
1.04090354e+00
1.02727717e+00
9.48547009e-01
9.50818071e-01
9.82612943e-01
1.01970696e+00
9.93968254e-01
9.37191697e-01
1.45650794e+00
9.94725275e-01
1.45272283e+00
1.01213675e+00
1.49435897e+00
1.03938950e+00
1.36490842e+00
9.62173382e-01
1.42319902e+00
9.82612943e-01
1.49057387e+00
9.49304029e-01
1.48905983e+00
9.71257631e-01
1.45953602e+00
9.69743590e-01
1.43909646e+00
9.48547009e-01
1.43379731e+00
9.77313797e-01
1.43228327e+00
9.56117216e-01
1.62078144e+00
1.02273504e+00
1.00456654e+00
1.01213675e+00
1.02273504e+00
9.93968254e-01
9.51575092e-01
9.62930403e-01
9.59145299e-01
1.02500611e+00
9.89426129e-01
9.46275946e-01
1.06210012e+00
9.75799756e-01
1.03333333e+00
9.62173382e-01
9.78827839e-01
1.04393162e+00
9.58388278e-01
1.01592186e+00
9.77313797e-01
9.12210012e-01
1.01213675e+00
9.50061050e-01
9.85641026e-01
9.74285714e-01
9.74285714e-01
9.54603175e-01
9.60659341e-01
9.91697192e-01
9.65958486e-01
9.53089133e-01
1.10146520e+00
1.07421245e+00
9.83369963e-01
9.81098901e-01
1.08783883e+00
9.76556777e-01
1.05831502e+00
9.84126984e-01
9.63687424e-01
9.46275946e-01
9.81855922e-01
9.07667888e-01
9.71257631e-01
1.04695971e+00
9.53089133e-01
9.32649573e-01
1.00835165e+00
9.68229548e-01
1.01062271e+00
9.69743590e-01
9.63687424e-01
9.04639805e-01
9.84884005e-01
9.65201465e-01
9.59902320e-01
9.49304029e-01
9.43247863e-01
9.47789988e-01
9.15238095e-01
9.34920635e-01
1.02122100e+00
9.42490842e-01
1.13174603e+00
9.96239316e-01
1.03787546e+00
9.27350427e-01
9.96996337e-01
1.02046398e+00
9.90183150e-01
9.40219780e-01
9.55360195e-01
9.52332112e-01
9.70500611e-01
9.56117216e-01
9.35677656e-01
9.44761905e-01
9.72014652e-01
1.01894994e+00
9.10695971e-01
1.45196581e+00
1.03560440e+00
9.30378510e-01
9.60659341e-01
9.72014652e-01
9.59902320e-01
1.00759463e+00
8.91013431e-01
9.34920635e-01
9.31892552e-01
9.56117216e-01
9.29621490e-01
9.44761905e-01
9.65958486e-01
9.23565324e-01
1.00305250e+00
8.99340659e-01
9.81098901e-01
1.56476190e+00
1.01062271e+00
1.37020757e+00
9.57631258e-01
1.51631258e+00
9.12967033e-01
1.43455433e+00
9.41733822e-01
1.43379731e+00
9.31135531e-01
1.42698413e+00
9.65201465e-01
1.42622711e+00
9.25079365e-01
1.16581197e+00
9.71257631e-01
1.06437118e+00
9.19780220e-01
9.58388278e-01
1.00608059e+00
1.10297924e+00
9.78070818e-01
1.03711844e+00
9.50061050e-01
9.78827839e-01
9.28864469e-01
9.56874237e-01
9.67472527e-01
9.62930403e-01
9.41733822e-01
1.00002442e+00
9.25079365e-01
1.04620269e+00
9.62930403e-01
1.06967033e+00
9.40976801e-01
9.15238095e-01
9.28107448e-01
8.84957265e-01
9.59902320e-01
9.53089133e-01
9.40976801e-01
9.33406593e-01
9.50061050e-01
9.50061050e-01
9.57631258e-01
9.96996337e-01
9.12967033e-01
8.62246642e-01
9.95482295e-01
1.00532357e+00
9.99267399e-01
9.99267399e-01
9.65201465e-01
9.45518926e-01
1.05982906e+00
9.71257631e-01
9.32649573e-01
9.47032967e-01
9.37191697e-01
9.50818071e-01
9.35677656e-01
9.27350427e-01
9.75799756e-01
9.44761905e-01
9.40976801e-01
1.04393162e+00
1.00456654e+00
9.59145299e-01
9.56117216e-01
9.61416361e-01
9.59902320e-01
9.79584860e-01
9.71257631e-01
9.68229548e-01
9.68986569e-01
9.99267399e-01
9.59902320e-01
9.84126984e-01
9.75042735e-01
1.04847375e+00
1.03181929e+00
9.00854701e-01
1.02879121e+00
9.65958486e-01
9.62173382e-01
9.56117216e-01
9.69743590e-01
9.72771673e-01
1.01667888e+00
9.59145299e-01
9.62930403e-01
9.63687424e-01
1.41714286e+00
9.62930403e-01
1.39443223e+00
9.56117216e-01
1.52085470e+00
1.08935287e+00
1.54356532e+00
1.05301587e+00
1.43606838e+00
9.78827839e-01
1.45423687e+00
1.00986569e+00
1.40654457e+00
9.56117216e-01
1.43758242e+00
9.62930403e-01
1.45953602e+00
9.62173382e-01
1.47316239e+00
1.00229548e+00
1.45272283e+00
9.79584860e-01
1.43455433e+00
8.83443223e-01
1.59579976e+00
9.96239316e-01
1.02954823e+00
1.01213675e+00
1.16051282e+00
9.80341880e-01
1.00910867e+00
9.47032967e-01
9.84884005e-01
9.40976801e-01
1.00153846e+00
9.65201465e-01
9.92454212e-01
9.44004884e-01
1.02349206e+00
9.47032967e-01
1.15748474e+00
9.94725275e-01
1.02197802e+00
1.01592186e+00
1.04544567e+00
9.46275946e-01
1.01137973e+00
9.65201465e-01
9.84884005e-01
9.61416361e-01
9.52332112e-01
9.12967033e-01
1.00608059e+00
9.49304029e-01
1.03333333e+00
1.00456654e+00
9.62173382e-01
9.92454212e-01
9.50818071e-01
9.96996337e-01
9.68229548e-01
1.05452991e+00
1.05301587e+00
9.55360195e-01
9.59145299e-01
9.70500611e-01
9.61416361e-01
9.70500611e-01
9.71257631e-01
9.57631258e-01
1.05528694e+00
9.85641026e-01
9.13724054e-01
9.96996337e-01
1.07194139e+00
9.31892552e-01
9.49304029e-01
9.36434676e-01
1.04620269e+00
9.98510379e-01
9.68229548e-01
9.60659341e-01
9.76556777e-01
9.80341880e-01
9.50061050e-01
9.98510379e-01
9.44761905e-01
9.68229548e-01
1.02500611e+00
9.60659341e-01
1.06891331e+00
1.03560440e+00
9.06153846e-01
1.00456654e+00
1.01213675e+00
1.00078144e+00
9.31135531e-01
9.64444444e-01
9.76556777e-01
9.63687424e-01
9.70500611e-01
9.43247863e-01
9.53846154e-01
9.75042735e-01
1.05680098e+00
1.39367521e+00
1.10222222e+00
1.42849817e+00
9.85641026e-01
1.47619048e+00
9.28107448e-01
1.58595849e+00
1.08556777e+00
1.44212454e+00
9.50061050e-01
1.43152625e+00
9.56117216e-01
1.44363858e+00
9.62173382e-01
1.41865690e+00
1.06967033e+00
1.47089133e+00
1.03484737e+00
1.40957265e+00
9.54603175e-01
1.38534799e+00
9.93211233e-01
1.46937729e+00
9.13724054e-01
9.29621490e-01
9.58388278e-01
9.56117216e-01
1.00456654e+00
9.65201465e-01
9.75799756e-01
9.73528694e-01
1.00305250e+00
9.68229548e-01
1.02046398e+00
9.69743590e-01
9.91697192e-01
1.06285714e+00
1.03787546e+00
9.89426129e-01
1.00986569e+00
1.14007326e+00
9.89426129e-01
9.87155067e-01
9.62930403e-01
1.00229548e+00
9.53846154e-01
9.65201465e-01
9.38705739e-01
1.03030525e+00
9.47032967e-01
9.96996337e-01
1.02652015e+00
9.82612943e-01
9.12210012e-01
1.02424908e+00
9.81855922e-01
1.01743590e+00
1.01440781e+00
9.67472527e-01
9.52332112e-01
9.61416361e-01
9.87155067e-01
9.78070818e-01
9.90183150e-01
9.15238095e-01
9.10695971e-01
1.00153846e+00
9.38705739e-01
1.00759463e+00
1.02197802e+00
9.87155067e-01
9.31135531e-01
1.06285714e+00
9.71257631e-01
1.02803419e+00
9.56874237e-01
9.93968254e-01
9.80341880e-01
9.56874237e-01
1.00380952e+00
9.62173382e-01
9.40976801e-01
9.03882784e-01
9.61416361e-01
9.56117216e-01
1.00835165e+00
9.29621490e-01
1.02954823e+00
1.03333333e+00
8.95555556e-01
9.86398046e-01
9.73528694e-01
9.54603175e-01
9.50818071e-01
9.68986569e-01
9.63687424e-01
9.65201465e-01
9.39462759e-01
1.06437118e+00
9.60659341e-01
1.02727717e+00
1.00835165e+00
9.67472527e-01
9.57631258e-01
9.83369963e-01
9.68229548e-01
1.00532357e+00
9.34920635e-01
9.49304029e-01
9.31892552e-01
9.40219780e-01
9.43247863e-01
9.40219780e-01
9.21294261e-01
9.85641026e-01
1.05225885e+00
9.52332112e-01
9.19023199e-01
9.55360195e-01
1.43909646e+00
9.15995116e-01
1.46559219e+00
9.12210012e-01
1.32554335e+00
9.53846154e-01
1.37929182e+00
9.30378510e-01
1.42319902e+00
9.34920635e-01
1.44136752e+00
9.59902320e-01
1.41108669e+00
1.03181929e+00
1.49738706e+00
1.04317460e+00
1.46634921e+00
8.83443223e-01
1.19684982e+00
9.71257631e-01
1.12644689e+00
1.05452991e+00
1.00380952e+00
9.40976801e-01
9.61416361e-01
9.53089133e-01
9.62930403e-01
9.59145299e-01
9.55360195e-01
1.01894994e+00
9.09938950e-01
9.53846154e-01
1.07421245e+00
9.31135531e-01
1.04998779e+00
1.01289377e+00
9.18266178e-01
9.14481074e-01
1.08405372e+00
9.32649573e-01
9.58388278e-01
9.31892552e-01
9.44004884e-01
9.37948718e-01
9.41733822e-01
9.44004884e-01
1.02652015e+00
9.56117216e-01
1.08935287e+00
9.88669109e-01
1.05982906e+00
9.72014652e-01
9.00097680e-01
9.24322344e-01
1.00759463e+00
9.21294261e-01
9.74285714e-01
9.52332112e-01
9.47789988e-01
9.53089133e-01
9.25836386e-01
9.28107448e-01
9.12967033e-01
9.29621490e-01
1.00380952e+00
1.03257631e+00
9.29621490e-01
9.48547009e-01
9.62173382e-01
1.02349206e+00
9.95482295e-01
1.17035409e+00
1.05755800e+00
9.53089133e-01
9.52332112e-01
9.56874237e-01
9.54603175e-01
9.50061050e-01
9.52332112e-01
1.02727717e+00
1.06134310e+00
9.97753358e-01
9.47032967e-01
9.93968254e-01
1.02879121e+00
1.01894994e+00
1.03181929e+00
9.44004884e-01
9.78070818e-01
9.54603175e-01
9.62930403e-01
9.59902320e-01
9.76556777e-01
9.47032967e-01
9.46275946e-01
9.31892552e-01
1.02500611e+00
1.03030525e+00
9.76556777e-01
1.37247863e+00
9.68986569e-01
1.46937729e+00
9.79584860e-01
1.44742369e+00
9.93211233e-01
1.47997558e+00
9.72014652e-01
1.42698413e+00
9.58388278e-01
1.42547009e+00
9.68986569e-01
1.41941392e+00
9.34920635e-01
1.51934066e+00
9.47789988e-01
1.37853480e+00
9.93211233e-01
1.55340659e+00
1.01213675e+00
1.52766789e+00
1.01365079e+00
1.42698413e+00
1.02576313e+00
1.00608059e+00
9.56117216e-01
9.99267399e-01
9.65201465e-01
9.92454212e-01
9.56117216e-01
9.19023199e-01
1.02652015e+00
9.99267399e-01
1.04998779e+00
1.04620269e+00
9.75042735e-01
1.09540904e+00
1.00380952e+00
1.11206349e+00
1.00835165e+00
1.00305250e+00
9.56117216e-01
9.58388278e-01
9.45518926e-01
9.45518926e-01
9.75042735e-01
9.41733822e-01
9.60659341e-01
9.96239316e-01
1.03106227e+00
1.06210012e+00
1.04014652e+00
9.38705739e-01
9.31892552e-01
9.23565324e-01
9.47789988e-01
9.46275946e-01
9.38705739e-01
9.52332112e-01
9.65958486e-01
9.53089133e-01
9.56117216e-01
9.68229548e-01
1.00986569e+00
9.29621490e-01
9.41733822e-01
1.06512821e+00
1.01667888e+00
1.02500611e+00
9.55360195e-01
1.03560440e+00
1.01743590e+00
1.02879121e+00
9.28864469e-01
9.84126984e-01
9.65958486e-01
9.77313797e-01
9.63687424e-01
9.49304029e-01
9.41733822e-01
9.99267399e-01
9.67472527e-01
1.06134310e+00
1.04544567e+00
1.00759463e+00
1.03181929e+00
1.00305250e+00
9.43247863e-01
1.03333333e+00
1.00153846e+00
9.79584860e-01
9.83369963e-01
1.01062271e+00
9.68229548e-01
9.65201465e-01
9.09938950e-01
1.01592186e+00
1.05982906e+00
9.40976801e-01
1.00910867e+00
1.00380952e+00
9.11452991e-01
9.48547009e-01
1.41108669e+00
1.01213675e+00
1.44136752e+00
9.01611722e-01
1.40503053e+00
9.69743590e-01
1.44590965e+00
9.72014652e-01
1.42925519e+00
9.59902320e-01
1.43152625e+00
1.08026862e+00
1.53599512e+00
1.02954823e+00
1.54659341e+00
9.75042735e-01
1.61018315e+00
1.00002442e+00
1.55643468e+00
9.57631258e-01
9.89426129e-01
9.57631258e-01
9.84126984e-01
1.02273504e+00
9.55360195e-01
1.01894994e+00
9.77313797e-01
1.04923077e+00
1.05074481e+00
9.22051282e-01
9.75042735e-01
9.71257631e-01
1.03938950e+00
1.01516484e+00
9.95482295e-01
9.78070818e-01
9.79584860e-01
9.44004884e-01
9.90940171e-01
9.80341880e-01
1.02652015e+00
9.56117216e-01
9.92454212e-01
9.48547009e-01
1.04468864e+00
1.02273504e+00
1.09086691e+00
9.92454212e-01
9.45518926e-01
9.65201465e-01
9.85641026e-01
9.63687424e-01
9.18266178e-01
9.67472527e-01
9.63687424e-01
9.60659341e-01
9.83369963e-01
9.92454212e-01
9.62173382e-01
9.62173382e-01
1.01592186e+00
9.77313797e-01
1.03711844e+00
9.35677656e-01
9.97753358e-01
1.05074481e+00
1.03484737e+00
9.72014652e-01
9.12967033e-01
9.74285714e-01
9.89426129e-01
9.56117216e-01
9.70500611e-01
9.21294261e-01
9.81098901e-01
9.47032967e-01
9.84126984e-01
9.43247863e-01
1.07799756e+00
9.93211233e-01
1.04014652e+00
9.72014652e-01
9.44004884e-01
9.80341880e-01
9.82612943e-01
9.97753358e-01
9.68229548e-01
9.58388278e-01
9.69743590e-01
9.68229548e-01
9.61416361e-01
9.72771673e-01
9.59145299e-01
9.20537241e-01
9.43247863e-01
9.65958486e-01
1.02803419e+00
9.66715507e-01
9.83369963e-01
1.05301587e+00
9.80341880e-01
9.50061050e-01
1.03484737e+00
9.37191697e-01
9.55360195e-01
9.56117216e-01
9.50818071e-01
9.37191697e-01
9.70500611e-01
9.53089133e-01
1.01592186e+00
1.02273504e+00
9.92454212e-01
9.73528694e-01
9.78827839e-01
1.37853480e+00
1.02576313e+00
1.37702076e+00
1.01743590e+00
1.48830281e+00
9.66715507e-01
1.43076923e+00
9.59145299e-01
1.42547009e+00
9.57631258e-01
1.43985348e+00
9.54603175e-01
1.47619048e+00
9.44004884e-01
1.44893773e+00
1.02954823e+00
1.41032967e+00
9.56874237e-01
1.37096459e+00
1.04166056e+00
1.22561661e+00
1.03106227e+00
1.05907204e+00
9.64444444e-01
1.01137973e+00
9.90940171e-01
1.09313797e+00
9.68986569e-01
9.99267399e-01
1.02879121e+00
9.67472527e-01
1.00683761e+00
1.17111111e+00
9.53846154e-01
9.25079365e-01
1.03484737e+00
1.13098901e+00
9.56117216e-01
1.00608059e+00
9.73528694e-01
9.80341880e-01
9.79584860e-01
9.95482295e-01
1.02576313e+00
9.78070818e-01
9.80341880e-01
9.90183150e-01
9.94725275e-01
9.02368742e-01
1.00380952e+00
1.06588523e+00
9.89426129e-01
9.49304029e-01
9.63687424e-01
9.04639805e-01
8.92527473e-01
9.84884005e-01
9.53846154e-01
9.59902320e-01
9.58388278e-01
9.53846154e-01
9.36434676e-01
1.02879121e+00
9.99267399e-01
9.44004884e-01
1.01062271e+00
9.35677656e-01
1.02273504e+00
9.65201465e-01
1.00986569e+00
9.55360195e-01
1.01213675e+00
9.56874237e-01
9.57631258e-01
9.72771673e-01
9.66715507e-01
9.53089133e-01
9.75799756e-01
1.01516484e+00
1.01365079e+00
9.40976801e-01
9.92454212e-01
9.87155067e-01
9.87912088e-01
9.91697192e-01
1.00153846e+00
9.89426129e-01
1.04166056e+00
1.01137973e+00
9.66715507e-01
9.46275946e-01
9.46275946e-01
9.53846154e-01
9.73528694e-01
9.68986569e-01
9.78827839e-01
1.10070818e+00
9.51575092e-01
1.10222222e+00
9.40219780e-01
1.04241758e+00
1.39897436e+00
9.57631258e-01
1.46862027e+00
1.04544567e+00
1.40578755e+00
9.65958486e-01
1.41789988e+00
9.66715507e-01
1.42017094e+00
1.00532357e+00
1.40730159e+00
1.00002442e+00
1.45423687e+00
9.11452991e-01
1.49738706e+00
1.01516484e+00
1.62456654e+00
9.82612943e-01
1.64803419e+00
1.00532357e+00
1.36869353e+00
9.56117216e-01
1.48224664e+00
9.53846154e-01
9.33406593e-01
9.81098901e-01
1.01894994e+00
9.61416361e-01
1.04317460e+00
9.31135531e-01
9.99267399e-01
9.67472527e-01
1.05680098e+00
9.17509158e-01
1.00759463e+00
1.04090354e+00
9.08424908e-01
9.59902320e-01
9.65958486e-01
9.81098901e-01
9.87912088e-01
9.56874237e-01
9.83369963e-01
9.54603175e-01
9.90183150e-01
8.93284493e-01
1.03106227e+00
1.00910867e+00
1.01592186e+00
9.57631258e-01
1.00229548e+00
9.90183150e-01
9.35677656e-01
9.26593407e-01
1.01819292e+00
9.79584860e-01
9.76556777e-01
9.58388278e-01
9.58388278e-01
9.53089133e-01
9.67472527e-01
9.45518926e-01
1.04166056e+00
1.02273504e+00
1.12341880e+00
9.65958486e-01
9.81098901e-01
9.58388278e-01
1.05755800e+00
9.59902320e-01
1.06210012e+00
9.49304029e-01
9.70500611e-01
9.40976801e-01
9.79584860e-01
9.53089133e-01
9.38705739e-01
1.04998779e+00
9.76556777e-01
1.03030525e+00
1.05452991e+00
9.97753358e-01
1.01819292e+00
9.59902320e-01
1.05907204e+00
9.33406593e-01
9.61416361e-01
9.31135531e-01
9.63687424e-01
9.62173382e-01
9.59145299e-01
9.70500611e-01
9.78827839e-01
9.53089133e-01
9.72771673e-01
9.92454212e-01
1.05755800e+00
1.03636142e+00
1.00229548e+00
9.47789988e-01
9.30378510e-01
1.04090354e+00
1.11584860e+00
1.49587302e+00
9.57631258e-01
1.40654457e+00
9.76556777e-01
1.42244200e+00
9.53846154e-01
1.41260073e+00
9.98510379e-01
1.39897436e+00
1.08556777e+00
1.59731380e+00
1.03257631e+00
1.42698413e+00
1.03636142e+00
1.37247863e+00
9.51575092e-01
1.42849817e+00
9.26593407e-01
9.54603175e-01
9.52332112e-01
9.38705739e-01
9.48547009e-01
9.63687424e-01
9.47789988e-01
9.56117216e-01
1.00608059e+00
1.01213675e+00
1.06134310e+00
9.99267399e-01
9.23565324e-01
9.86398046e-01
9.38705739e-01
9.93968254e-01
1.01213675e+00
9.99267399e-01
9.46275946e-01
9.87155067e-01
9.37191697e-01
9.61416361e-01
9.80341880e-01
1.00683761e+00
8.90256410e-01
9.45518926e-01
9.28864469e-01
1.11130647e+00
9.82612943e-01
1.03030525e+00
9.96239316e-01
9.84126984e-01
9.44761905e-01
1.00986569e+00
9.93211233e-01
9.59145299e-01
9.50061050e-01
9.52332112e-01
9.30378510e-01
9.47789988e-01
9.44004884e-01
1.04014652e+00
9.77313797e-01
1.01440781e+00
9.70500611e-01
9.33406593e-01
1.00229548e+00
9.65201465e-01
9.22808303e-01
9.82612943e-01
9.75042735e-01
9.40976801e-01
9.41733822e-01
9.44004884e-01
9.31135531e-01
9.38705739e-01
9.22808303e-01
9.46275946e-01
9.57631258e-01
8.66788767e-01
9.96996337e-01
1.01894994e+00
9.61416361e-01
9.80341880e-01
9.41733822e-01
8.86471306e-01
1.00608059e+00
9.03125763e-01
9.43247863e-01
9.28107448e-01
9.31892552e-01
9.41733822e-01
8.96312576e-01
9.41733822e-01
1.02197802e+00
1.10146520e+00
9.65201465e-01
1.05907204e+00
9.31135531e-01
9.66715507e-01
1.00380952e+00
9.71257631e-01
9.55360195e-01
9.96239316e-01
9.42490842e-01
9.62930403e-01
9.56117216e-01
9.57631258e-01
9.66715507e-01
9.92454212e-01
9.90183150e-01
9.98510379e-01
1.03106227e+00
1.01667888e+00
1.01137973e+00
9.84884005e-01
1.41032967e+00
1.01516484e+00
1.43304029e+00
9.70500611e-01
1.39594628e+00
9.33406593e-01
1.43455433e+00
9.63687424e-01
1.41941392e+00
9.69743590e-01
1.42622711e+00
9.70500611e-01
1.50117216e+00
9.82612943e-01
1.55492063e+00
1.04241758e+00
1.43228327e+00
9.99267399e-01
1.63894994e+00
1.00986569e+00
1.11433455e+00
9.82612943e-01
1.11130647e+00
9.65201465e-01
9.95482295e-01
9.65201465e-01
1.02652015e+00
1.01743590e+00
1.02197802e+00
1.00532357e+00
1.08329670e+00
1.01365079e+00
8.84200244e-01
1.00305250e+00
1.12266178e+00
9.41733822e-01
1.13023199e+00
1.03863248e+00
9.59145299e-01
9.77313797e-01
9.78827839e-01
9.65201465e-01
9.56874237e-01
9.78070818e-01
9.81098901e-01
9.65958486e-01
1.04090354e+00
1.02424908e+00
9.31892552e-01
9.62173382e-01
9.84126984e-01
9.51575092e-01
9.47789988e-01
9.72771673e-01
9.50061050e-01
9.35677656e-01
9.81855922e-01
9.61416361e-01
9.65958486e-01
9.52332112e-01
9.60659341e-01
1.04468864e+00
1.03409035e+00
9.59902320e-01
1.00532357e+00
9.52332112e-01
9.67472527e-01
1.00456654e+00
9.06910867e-01
9.42490842e-01
9.65201465e-01
9.75799756e-01
9.75042735e-01
9.58388278e-01
9.78070818e-01
9.63687424e-01
9.50818071e-01
9.90183150e-01
9.79584860e-01
9.50818071e-01
1.00456654e+00
1.09465201e+00
9.44004884e-01
1.00759463e+00
1.00683761e+00
1.02046398e+00
1.12947497e+00
9.31135531e-01
9.66715507e-01
9.66715507e-01
9.65201465e-01
9.65201465e-01
9.59902320e-01
9.77313797e-01
9.56117216e-01
9.67472527e-01
1.01667888e+00
1.01667888e+00
9.60659341e-01
9.99267399e-01
9.56874237e-01
9.98510379e-01
9.87155067e-01
1.36945055e+00
1.02197802e+00
1.40957265e+00
9.84126984e-01
1.40048840e+00
9.65958486e-01
1.43076923e+00
9.57631258e-01
1.52993895e+00
1.06512821e+00
1.47770452e+00
1.07648352e+00
1.50420024e+00
1.04090354e+00
1.50949939e+00
9.45518926e-01
1.52312576e+00
1.04241758e+00
1.45802198e+00
9.80341880e-01
1.47240537e+00
9.72771673e-01
1.45423687e+00
9.83369963e-01
1.04241758e+00
9.13724054e-01
1.09238095e+00
1.00608059e+00
9.44004884e-01
9.91697192e-01
1.01062271e+00
1.01894994e+00
1.11433455e+00
1.02500611e+00
1.10146520e+00
9.79584860e-01
9.94725275e-01
1.00683761e+00
9.77313797e-01
9.62173382e-01
1.00078144e+00
9.81098901e-01
9.49304029e-01
1.01062271e+00
1.02349206e+00
1.04014652e+00
1.04090354e+00
1.01970696e+00
1.01819292e+00
9.80341880e-01
1.02879121e+00
9.91697192e-01
9.85641026e-01
9.24322344e-01
9.62173382e-01
9.47032967e-01
9.81855922e-01
9.98510379e-01
9.93211233e-01
9.53089133e-01
1.06512821e+00
9.76556777e-01
1.04241758e+00
9.50061050e-01
9.56874237e-01
9.35677656e-01
1.10070818e+00
9.95482295e-01
9.73528694e-01
9.60659341e-01
9.44004884e-01
9.58388278e-01
9.52332112e-01
9.83369963e-01
9.62173382e-01
9.72771673e-01
1.11357753e+00
1.01213675e+00
9.62930403e-01
1.05074481e+00
1.03030525e+00
9.44761905e-01
9.64444444e-01
1.03333333e+00
9.62173382e-01
9.50818071e-01
9.59145299e-01
9.68229548e-01
9.70500611e-01
9.41733822e-01
9.59145299e-01
1.02879121e+00
9.78070818e-01
9.33406593e-01
9.62173382e-01
9.41733822e-01
9.53089133e-01
9.95482295e-01
9.90940171e-01
9.89426129e-01
1.04998779e+00
1.01213675e+00
9.53089133e-01
1.37399267e+00
9.71257631e-01
1.39897436e+00
9.79584860e-01
1.42547009e+00
9.28107448e-01
1.58368742e+00
9.44004884e-01
1.48376068e+00
1.05604396e+00
1.44742369e+00
9.77313797e-01
1.52615385e+00
1.07042735e+00
1.41411477e+00
9.83369963e-01
9.60659341e-01
9.67472527e-01
9.56117216e-01
9.74285714e-01
9.34920635e-01
9.44004884e-01
1.03484737e+00
1.00608059e+00
1.00456654e+00
9.89426129e-01
1.02576313e+00
9.65958486e-01
1.01592186e+00
9.41733822e-01
9.62173382e-01
1.01667888e+00
1.06134310e+00
9.56117216e-01
1.02424908e+00
9.58388278e-01
1.00532357e+00
9.75042735e-01
1.04317460e+00
1.01289377e+00
1.07648352e+00
1.00456654e+00
1.03484737e+00
1.00078144e+00
9.68986569e-01
1.03409035e+00
1.04393162e+00
1.01667888e+00
9.44004884e-01
9.58388278e-01
9.65201465e-01
1.00305250e+00
9.72771673e-01
9.47032967e-01
9.71257631e-01
9.87155067e-01
1.05604396e+00
9.61416361e-01
9.37191697e-01
9.70500611e-01
1.06739927e+00
1.01819292e+00
1.06512821e+00
1.02576313e+00
1.05755800e+00
9.47032967e-01
9.65958486e-01
9.47032967e-01
9.89426129e-01
9.54603175e-01
9.76556777e-01
9.48547009e-01
1.08405372e+00
9.97753358e-01
9.46275946e-01
1.01667888e+00
1.02197802e+00
9.77313797e-01
9.80341880e-01
9.60659341e-01
1.04090354e+00
9.32649573e-01
9.65201465e-01
9.75042735e-01
9.28864469e-01
9.88669109e-01
9.74285714e-01
9.41733822e-01
9.82612943e-01
1.00380952e+00
1.03030525e+00
9.49304029e-01
9.40976801e-01
1.04317460e+00
1.02652015e+00
1.02576313e+00
1.01894994e+00
1.01062271e+00
9.52332112e-01
9.44004884e-01
9.48547009e-01
9.59145299e-01
9.62173382e-01
9.74285714e-01
9.62173382e-01
8.86471306e-01
9.50061050e-01
1.02197802e+00
1.07345543e+00
1.08708181e+00
9.16752137e-01
1.32630037e+00
9.04639805e-01
1.41335775e+00
1.05225885e+00
1.40427350e+00
9.58388278e-01
1.43228327e+00
1.02652015e+00
1.41714286e+00
9.95482295e-01
1.41865690e+00
9.68986569e-01
1.36188034e+00
1.01516484e+00
1.55264957e+00
9.68986569e-01
1.54886447e+00
9.67472527e-01
1.62608059e+00
1.00456654e+00
1.53750916e+00
9.62930403e-01
1.46483516e+00
9.48547009e-01
1.45272283e+00
9.80341880e-01
1.06739927e+00
9.70500611e-01
1.02576313e+00
1.03257631e+00
1.04241758e+00
1.05150183e+00
1.05831502e+00
1.01667888e+00
9.45518926e-01
9.51575092e-01
9.73528694e-01
9.78827839e-01
9.65201465e-01
9.73528694e-01
1.01137973e+00
9.58388278e-01
1.00835165e+00
9.16752137e-01
1.02500611e+00
9.13724054e-01
1.10373626e+00
1.01743590e+00
1.00986569e+00
9.89426129e-01
1.04544567e+00
1.01516484e+00
9.53089133e-01
9.63687424e-01
9.85641026e-01
9.72771673e-01
9.68986569e-01
9.76556777e-01
9.71257631e-01
9.78070818e-01
9.62173382e-01
1.01440781e+00
9.49304029e-01
1.02727717e+00
1.00835165e+00
1.00683761e+00
1.00759463e+00
9.93968254e-01
1.00153846e+00
9.90940171e-01
9.49304029e-01
9.44761905e-01
9.30378510e-01
9.38705739e-01
9.59145299e-01
9.53846154e-01
9.40976801e-01
1.02197802e+00
1.04393162e+00
8.72087912e-01
1.03409035e+00
9.28864469e-01
1.05074481e+00
9.28107448e-01
9.70500611e-01
9.68229548e-01
9.20537241e-01
8.66031746e-01
9.33406593e-01
9.52332112e-01
9.34163614e-01
9.39462759e-01
9.53846154e-01
9.65201465e-01
1.01970696e+00
9.52332112e-01
1.07951160e+00
1.00380952e+00
8.71330891e-01
9.44004884e-01
9.12210012e-01
9.47032967e-01
1.06134310e+00
9.99267399e-01
9.29621490e-01
1.38610501e+00
9.48547009e-01
1.39594628e+00
9.87155067e-01
1.38004884e+00
9.84126984e-01
1.42092796e+00
1.00078144e+00
1.56476190e+00
1.00986569e+00
1.52161172e+00
9.65958486e-01
1.52766789e+00
9.22808303e-01
1.38004884e+00
9.78827839e-01
1.48224664e+00
9.39462759e-01
1.41714286e+00
8.95555556e-01
1.43455433e+00
9.30378510e-01
1.44288156e+00
9.12967033e-01
1.07269841e+00
9.82612943e-01
1.14007326e+00
9.36434676e-01
1.05377289e+00
9.35677656e-01
1.08632479e+00
9.50818071e-01
9.53846154e-01
9.48547009e-01
9.73528694e-01
9.45518926e-01
9.69743590e-01
8.93284493e-01
9.90183150e-01
1.02273504e+00
1.01289377e+00
9.09938950e-01
9.77313797e-01
9.87155067e-01
9.18266178e-01
9.28107448e-01
9.22808303e-01
9.86398046e-01
9.95482295e-01
1.00759463e+00
9.56117216e-01
9.33406593e-01
9.42490842e-01
9.52332112e-01
9.55360195e-01
9.30378510e-01
1.06210012e+00
9.94725275e-01
1.02727717e+00
9.23565324e-01
9.72771673e-01
9.58388278e-01
9.44004884e-01
9.78070818e-01
9.74285714e-01
1.00986569e+00
9.65201465e-01
9.37191697e-01
9.28864469e-01
9.56117216e-01
9.82612943e-01
9.33406593e-01
9.92454212e-01
1.02197802e+00
9.94725275e-01
8.79658120e-01
8.94798535e-01
9.26593407e-01
9.92454212e-01
9.72771673e-01
9.38705739e-01
9.44761905e-01
9.65201465e-01
9.65958486e-01
9.62173382e-01
9.49304029e-01
9.41733822e-01
9.41733822e-01
9.40976801e-01
9.63687424e-01
1.04393162e+00
9.89426129e-01
1.08859585e+00
9.68986569e-01
9.30378510e-01
9.57631258e-01
9.52332112e-01
9.62930403e-01
1.05604396e+00
9.56874237e-01
9.28107448e-01
9.50061050e-01
9.65201465e-01
1.36642247e+00
9.20537241e-01
1.37929182e+00
9.10695971e-01
1.42849817e+00
9.67472527e-01
1.50041514e+00
9.53089133e-01
1.40124542e+00
9.19023199e-01
1.41941392e+00
9.55360195e-01
1.49133089e+00
9.43247863e-01
9.29621490e-01
9.43247863e-01
9.44761905e-01
9.26593407e-01
9.72014652e-01
9.56117216e-01
9.40976801e-01
9.28864469e-01
1.05528694e+00
1.04695971e+00
1.02576313e+00
9.49304029e-01
1.06361416e+00
1.08026862e+00
1.02046398e+00
9.56117216e-01
9.65958486e-01
9.55360195e-01
1.06210012e+00
9.83369963e-01
1.00229548e+00
9.83369963e-01
9.97753358e-01
9.26593407e-01
1.04998779e+00
9.17509158e-01
1.10297924e+00
1.00380952e+00
1.04998779e+00
1.00305250e+00
1.11963370e+00
9.60659341e-01
9.97753358e-01
9.53089133e-01
9.81855922e-01
9.52332112e-01
9.66715507e-01
9.93968254e-01
9.96239316e-01
1.00305250e+00
9.54603175e-01
1.00759463e+00
1.10373626e+00
9.00854701e-01
1.01819292e+00
9.90940171e-01
9.71257631e-01
9.81098901e-01
1.06210012e+00
9.53089133e-01
9.71257631e-01
9.65201465e-01
9.60659341e-01
1.00229548e+00
1.01213675e+00
1.00608059e+00
9.49304029e-01
1.03030525e+00
1.02197802e+00
9.96239316e-01
8.96312576e-01
1.01970696e+00
1.03030525e+00
9.83369963e-01
1.03938950e+00
9.22051282e-01
9.54603175e-01
9.84126984e-01
9.64444444e-01
9.56117216e-01
9.90940171e-01
9.92454212e-01
9.82612943e-01
9.37191697e-01
1.15218559e+00
9.89426129e-01
9.93968254e-01
9.12967033e-01
9.55360195e-01
9.62173382e-01
1.01592186e+00
9.85641026e-01
9.51575092e-01
9.54603175e-01
9.51575092e-01
9.58388278e-01
9.91697192e-01
9.37948718e-01
9.65201465e-01
9.93968254e-01
1.00532357e+00
1.00229548e+00
9.92454212e-01
9.78827839e-01
9.52332112e-01
1.43152625e+00
9.97753358e-01
1.45272283e+00
9.89426129e-01
1.40578755e+00
9.46275946e-01
1.42017094e+00
9.66715507e-01
1.41260073e+00
9.50818071e-01
1.46407814e+00
1.08632479e+00
1.42471306e+00
1.01062271e+00
1.55719170e+00
1.02122100e+00
1.47770452e+00
9.96996337e-01
1.45120879e+00
1.06891331e+00
1.44590965e+00
9.56117216e-01
1.45272283e+00
9.62930403e-01
1.43758242e+00
9.09181929e-01
9.95482295e-01
9.93211233e-01
1.14083028e+00
9.70500611e-01
1.01743590e+00
9.10695971e-01
1.14764347e+00
9.96996337e-01
9.57631258e-01
9.37191697e-01
1.06739927e+00
9.72771673e-01
9.68986569e-01
9.59902320e-01
9.92454212e-01
9.55360195e-01
1.00229548e+00
9.81855922e-01
1.04468864e+00
9.65958486e-01
1.03030525e+00
1.04241758e+00
9.95482295e-01
9.59145299e-01
1.04241758e+00
1.00456654e+00
1.06891331e+00
8.95555556e-01
9.71257631e-01
9.62930403e-01
9.83369963e-01
9.59902320e-01
9.48547009e-01
9.68986569e-01
9.51575092e-01
9.15995116e-01
9.34163614e-01
1.06285714e+00
9.46275946e-01
9.58388278e-01
9.19780220e-01
9.86398046e-01
9.70500611e-01
9.68986569e-01
9.65201465e-01
9.34163614e-01
9.58388278e-01
9.40976801e-01
9.37191697e-01
9.47032967e-01
9.37191697e-01
9.15995116e-01
1.03409035e+00
9.22051282e-01
9.68986569e-01
9.95482295e-01
9.93968254e-01
9.86398046e-01
9.68986569e-01
9.50061050e-01
1.07421245e+00
9.34920635e-01
9.59145299e-01
9.40976801e-01
9.21294261e-01
9.47789988e-01
9.52332112e-01
9.92454212e-01
9.71257631e-01
1.00380952e+00
9.06153846e-01
1.00229548e+00
9.76556777e-01
9.80341880e-01
1.01743590e+00
9.66715507e-01
9.64444444e-01
8.90256410e-01
9.31892552e-01
1.37172161e+00
9.47789988e-01
1.37929182e+00
9.27350427e-01
1.40881563e+00
9.87912088e-01
1.39140415e+00
1.05377289e+00
1.42774115e+00
1.01062271e+00
1.55492063e+00
1.00002442e+00
1.58141636e+00
9.22808303e-01
1.41865690e+00
9.32649573e-01
1.39973138e+00
9.40976801e-01
1.39670330e+00
9.47032967e-01
1.44666667e+00
9.36434676e-01
1.40578755e+00
9.46275946e-01
1.07496947e+00
9.44004884e-01
1.10146520e+00
9.65201465e-01
1.08556777e+00
9.34920635e-01
9.95482295e-01
9.79584860e-01
9.53089133e-01
9.40976801e-01
9.69743590e-01
9.42490842e-01
9.53089133e-01
9.37948718e-01
9.77313797e-01
9.46275946e-01
1.00380952e+00
1.00153846e+00
9.64444444e-01
1.00002442e+00
9.85641026e-01
1.00532357e+00
9.67472527e-01
9.53846154e-01
9.22051282e-01
9.56874237e-01
9.62173382e-01
9.50818071e-01
9.52332112e-01
8.97069597e-01
9.37948718e-01
9.92454212e-01
1.00002442e+00
9.72771673e-01
1.01819292e+00
8.94798535e-01
9.81855922e-01
9.69743590e-01
1.02652015e+00
1.01213675e+00
8.66031746e-01
1.01440781e+00
9.53846154e-01
9.40976801e-01
9.44761905e-01
9.38705739e-01
9.53089133e-01
9.50061050e-01
1.06134310e+00
1.02122100e+00
1.11130647e+00
9.53089133e-01
1.04393162e+00
9.88669109e-01
9.80341880e-01
9.28864469e-01
9.37191697e-01
9.03882784e-01
9.31135531e-01
9.31135531e-01
9.47032967e-01
9.43247863e-01
9.40219780e-01
9.68229548e-01
9.74285714e-01
1.01365079e+00
1.03106227e+00
9.10695971e-01
9.87912088e-01
9.62173382e-01
8.98583639e-01
9.72771673e-01
9.95482295e-01
9.98510379e-01
1.00910867e+00
9.40976801e-01
9.32649573e-01
9.31892552e-01
9.41733822e-01
1.40275946e+00
9.63687424e-01
1.42017094e+00
9.81855922e-01
1.48527473e+00
1.06437118e+00
1.53902320e+00
1.02046398e+00
1.40881563e+00
9.88669109e-01
1.46180708e+00
9.47032967e-01
1.46786325e+00
9.56117216e-01
9.42490842e-01
9.44761905e-01
9.52332112e-01
9.65201465e-01
9.72771673e-01
9.94725275e-01
1.03787546e+00
9.49304029e-01
1.01743590e+00
9.68986569e-01
9.58388278e-01
9.92454212e-01
9.83369963e-01
1.01365079e+00
1.02349206e+00
9.44004884e-01
1.01137973e+00
9.33406593e-01
1.04468864e+00
9.35677656e-01
9.81855922e-01
9.36434676e-01
9.84126984e-01
9.81855922e-01
1.11054945e+00
9.90183150e-01
1.10827839e+00
9.61416361e-01
1.05225885e+00
9.85641026e-01
9.95482295e-01
9.28864469e-01
9.65958486e-01
9.37191697e-01
9.82612943e-01
9.47032967e-01
9.44004884e-01
9.78070818e-01
1.01667888e+00
9.87155067e-01
1.07269841e+00
9.94725275e-01
1.00456654e+00
9.70500611e-01
9.89426129e-01
9.25836386e-01
1.00683761e+00
1.04090354e+00
9.50061050e-01
9.40976801e-01
9.64444444e-01
9.46275946e-01
9.45518926e-01
9.22808303e-01
9.47789988e-01
9.67472527e-01
1.10222222e+00
9.93211233e-01
1.02879121e+00
9.30378510e-01
9.24322344e-01
8.93284493e-01
9.86398046e-01
9.76556777e-01
1.04998779e+00
9.40976801e-01
9.47032967e-01
9.34920635e-01
9.37191697e-01
9.65958486e-01
9.28864469e-01
8.63003663e-01
9.40976801e-01
9.56874237e-01
9.38705739e-01
9.88669109e-01
9.51575092e-01
1.01516484e+00
1.03333333e+00
9.89426129e-01
1.02349206e+00
1.06815629e+00
9.35677656e-01
9.37948718e-01
9.34920635e-01
9.52332112e-01
9.40976801e-01
9.40219780e-01
1.00910867e+00
1.01667888e+00
9.67472527e-01
9.95482295e-01
1.02122100e+00
9.57631258e-01
9.47032967e-01
9.69743590e-01
1.06967033e+00
1.42849817e+00
9.37948718e-01
1.37626374e+00
9.33406593e-01
1.38534799e+00
9.44004884e-01
1.39594628e+00
9.37948718e-01
1.43531136e+00
1.02576313e+00
1.31418803e+00
1.01440781e+00
1.44061050e+00
1.01819292e+00
1.43758242e+00
9.56874237e-01
1.41638584e+00
9.56117216e-01
1.40805861e+00
9.28864469e-01
1.47770452e+00
9.35677656e-01
1.46710623e+00
9.58388278e-01
1.43228327e+00
9.35677656e-01
1.07724054e+00
1.03409035e+00
1.00305250e+00
9.82612943e-01
1.08708181e+00
9.87912088e-01
1.05377289e+00
1.00683761e+00
9.87155067e-01
9.34920635e-01
9.75042735e-01
9.37191697e-01
9.81098901e-01
9.93968254e-01
9.65958486e-01
9.62930403e-01
9.81855922e-01
9.98510379e-01
9.78070818e-01
9.47789988e-01
9.66715507e-01
9.48547009e-01
9.50061050e-01
9.64444444e-01
9.64444444e-01
9.77313797e-01
9.38705739e-01
9.34163614e-01
9.52332112e-01
9.34920635e-01
9.49304029e-01
9.53089133e-01
9.35677656e-01
9.37948718e-01
1.04468864e+00
1.00608059e+00
9.82612943e-01
9.75042735e-01
9.70500611e-01
9.78070818e-01
9.07667888e-01
9.92454212e-01
9.42490842e-01
9.40219780e-01
9.47032967e-01
9.65201465e-01
9.08424908e-01
9.87912088e-01
9.29621490e-01
1.06285714e+00
9.75042735e-01
9.61416361e-01
1.00456654e+00
9.92454212e-01
9.75799756e-01
1.01440781e+00
9.06153846e-01
1.01289377e+00
1.01213675e+00
9.46275946e-01
9.49304029e-01
9.46275946e-01
9.31892552e-01
9.61416361e-01
9.30378510e-01
9.97753358e-01
1.07572650e+00
9.71257631e-01
9.65201465e-01
9.34163614e-01
9.42490842e-01
9.62930403e-01
1.00608059e+00
9.30378510e-01
9.53846154e-01
9.50818071e-01
9.40976801e-01
9.35677656e-01
9.33406593e-01
1.39897436e+00
9.27350427e-01
1.35960928e+00
9.44004884e-01
1.44818071e+00
9.92454212e-01
1.48300366e+00
9.38705739e-01
1.38307692e+00
8.92527473e-01
1.44818071e+00
9.28864469e-01
1.46559219e+00
9.29621490e-01
1.43152625e+00
9.22808303e-01
1.41335775e+00
9.68986569e-01
1.44136752e+00
9.75042735e-01
1.42092796e+00
9.82612943e-01
1.53448107e+00
1.02046398e+00
9.99267399e-01
9.34163614e-01
1.14083028e+00
9.75799756e-01
9.37948718e-01
9.45518926e-01
9.68986569e-01
9.45518926e-01
9.62173382e-01
9.44004884e-01
9.53089133e-01
1.00835165e+00
9.81855922e-01
9.62173382e-01
9.65201465e-01
9.63687424e-01
9.25836386e-01
9.96239316e-01
9.96239316e-01
9.28864469e-01
9.95482295e-01
1.02273504e+00
9.49304029e-01
9.30378510e-01
9.56874237e-01
9.31892552e-01
9.35677656e-01
9.38705739e-01
9.63687424e-01
1.01819292e+00
9.84126984e-01
9.80341880e-01
9.34920635e-01
9.04639805e-01
1.00380952e+00
9.44004884e-01
9.07667888e-01
9.04639805e-01
8.41050061e-01
9.40219780e-01
9.51575092e-01
9.43247863e-01
9.59145299e-01
9.78070818e-01
9.31892552e-01
8.70573871e-01
9.58388278e-01
1.01213675e+00
1.03409035e+00
1.00002442e+00
9.28107448e-01
9.56117216e-01
9.51575092e-01
9.84884005e-01
9.97753358e-01
9.69743590e-01
9.51575092e-01
9.43247863e-01
9.34920635e-01
9.47032967e-01
9.37948718e-01
9.14481074e-01
9.58388278e-01
9.16752137e-01
1.06815629e+00
1.04241758e+00
1.01970696e+00
1.00078144e+00
9.21294261e-01
9.67472527e-01
1.03106227e+00
9.62930403e-01
9.61416361e-01
9.34920635e-01
9.31892552e-01
9.34920635e-01
9.44761905e-01
9.37191697e-01
9.00854701e-01
1.04090354e+00
9.75799756e-01
1.42471306e+00
9.11452991e-01
1.35431013e+00
9.19780220e-01
1.44742369e+00
9.78070818e-01
1.29980464e+00
9.69743590e-01
1.40957265e+00
9.43247863e-01
9.34163614e-01
9.44004884e-01
9.34163614e-01
9.48547009e-01
9.53089133e-01
9.09938950e-01
9.82612943e-01
1.00683761e+00
1.02879121e+00
9.34163614e-01
9.77313797e-01
9.93968254e-01
9.58388278e-01
9.85641026e-01
9.56117216e-01
9.34920635e-01
1.40957265e+00
9.34920635e-01
1.49587302e+00
9.34920635e-01
9.53846154e-01
8.69059829e-01
1.05074481e+00
9.70500611e-01
8.69816850e-01
9.84126984e-01
1.10373626e+00
9.65201465e-01
1.03484737e+00
9.49304029e-01
1.01894994e+00
9.02368742e-01
9.65201465e-01
9.47032967e-01
9.68229548e-01
9.25079365e-01
9.65958486e-01
9.81098901e-01
1.02197802e+00
9.92454212e-01
1.08708181e+00
9.65958486e-01
1.09238095e+00
9.07667888e-01
9.20537241e-01
9.21294261e-01
9.43247863e-01
9.85641026e-01
9.59145299e-01
9.24322344e-01
9.40219780e-01
9.28864469e-01
9.46275946e-01
9.87912088e-01
9.95482295e-01
9.81855922e-01
9.69743590e-01
1.01062271e+00
1.01743590e+00
9.58388278e-01
9.53846154e-01
1.00456654e+00
1.00078144e+00
1.03484737e+00
9.53089133e-01
9.46275946e-01
9.45518926e-01
9.44761905e-01
9.66715507e-01
9.20537241e-01
9.56117216e-01
8.92527473e-01
1.03636142e+00
9.59145299e-01
1.03484737e+00
9.67472527e-01
1.03181929e+00
9.65201465e-01
9.87912088e-01
9.21294261e-01
1.01667888e+00
9.79584860e-01
9.53846154e-01
9.49304029e-01
9.53846154e-01
9.76556777e-01
9.51575092e-01
1.05452991e+00
1.06815629e+00
1.00002442e+00
9.89426129e-01
9.19780220e-01
9.76556777e-01
1.03938950e+00
1.00835165e+00
1.04771673e+00
1.02424908e+00
9.65958486e-01
9.55360195e-01
1.38231990e+00
9.59902320e-01
1.39367521e+00
9.44004884e-01
1.38534799e+00
1.00759463e+00
1.51328449e+00
1.09843712e+00
1.52539683e+00
1.06285714e+00
1.46862027e+00
9.80341880e-01
1.43985348e+00
1.04620269e+00
1.54810745e+00
9.63687424e-01
1.43304029e+00
9.69743590e-01
1.45499389e+00
9.40976801e-01
1.40881563e+00
8.84957265e-01
1.45953602e+00
9.73528694e-01
1.52691087e+00
1.01213675e+00
1.01062271e+00
9.89426129e-01
1.06891331e+00
9.26593407e-01
9.70500611e-01
9.68229548e-01
9.82612943e-01
9.63687424e-01
1.00759463e+00
9.54603175e-01
9.71257631e-01
9.85641026e-01
1.01365079e+00
9.94725275e-01
9.57631258e-01
9.44004884e-01
1.05301587e+00
1.01894994e+00
1.04090354e+00
1.01062271e+00
1.06437118e+00
1.02727717e+00
9.66715507e-01
9.53089133e-01
9.78070818e-01
9.57631258e-01
9.68986569e-01
9.56117216e-01
9.59902320e-01
1.01743590e+00
1.07421245e+00
9.23565324e-01
9.75799756e-01
9.85641026e-01
9.42490842e-01
9.40219780e-01
8.98583639e-01
1.02879121e+00
1.01213675e+00
9.82612943e-01
9.66715507e-01
9.68986569e-01
9.44761905e-01
9.72014652e-01
9.73528694e-01
1.00986569e+00
9.73528694e-01
1.01516484e+00
9.57631258e-01
9.59902320e-01
9.62930403e-01
1.02576313e+00
1.02727717e+00
9.87912088e-01
1.01667888e+00
9.86398046e-01
9.59145299e-01
9.59145299e-01
9.62930403e-01
9.51575092e-01
9.58388278e-01
9.50061050e-01
1.00002442e+00
9.14481074e-01
1.04468864e+00
1.02954823e+00
9.75799756e-01
9.86398046e-01
8.95555556e-01
1.02424908e+00
9.96239316e-01
9.65958486e-01
9.78070818e-01
9.58388278e-01
9.61416361e-01
9.53089133e-01
9.47032967e-01
9.87155067e-01
9.88669109e-01
1.42547009e+00
9.72771673e-01
1.43076923e+00
1.06891331e+00
1.47467643e+00
9.59145299e-01
1.46937729e+00
9.90183150e-01
1.38004884e+00
9.59145299e-01
1.43909646e+00
9.60659341e-01
1.44363858e+00
9.59145299e-01
1.43909646e+00
9.37948718e-01
1.40957265e+00
9.86398046e-01
1.54962149e+00
1.00229548e+00
1.52463980e+00
1.00532357e+00
1.57384615e+00
9.61416361e-01
1.08329670e+00
1.05528694e+00
9.96996337e-01
9.56874237e-01
9.78827839e-01
9.75799756e-01
9.79584860e-01
9.65958486e-01
1.02954823e+00
9.80341880e-01
9.38705739e-01
1.00002442e+00
9.56874237e-01
9.47789988e-01
1.03257631e+00
9.16752137e-01
9.76556777e-01
9.87912088e-01
9.44004884e-01
9.19780220e-01
9.50818071e-01
9.26593407e-01
9.51575092e-01
9.40219780e-01
9.03125763e-01
9.81098901e-01
1.03333333e+00
9.53089133e-01
1.01667888e+00
9.31135531e-01
9.65958486e-01
9.61416361e-01
1.00759463e+00
9.77313797e-01
9.72014652e-01
9.16752137e-01
9.53089133e-01
9.49304029e-01
9.50061050e-01
9.81098901e-01
9.54603175e-01
9.22808303e-01
9.82612943e-01
1.04847375e+00
1.07194139e+00
9.99267399e-01
9.28107448e-01
9.97753358e-01
9.60659341e-01
9.07667888e-01
1.01894994e+00
9.82612943e-01
9.93968254e-01
9.28107448e-01
9.61416361e-01
9.31135531e-01
9.53846154e-01
9.61416361e-01
9.60659341e-01
9.93968254e-01
9.45518926e-01
1.00835165e+00
1.00608059e+00
9.86398046e-01
1.01516484e+00
9.66715507e-01
9.88669109e-01
1.00759463e+00
9.12210012e-01
9.42490842e-01
9.52332112e-01
9.44004884e-01
9.40976801e-01
9.25836386e-01
9.38705739e-01
9.69743590e-01
9.28864469e-01
9.35677656e-01
1.03409035e+00
1.39367521e+00
9.30378510e-01
1.36112332e+00
8.86471306e-01
1.40124542e+00
1.05907204e+00
1.43228327e+00
9.79584860e-01
1.39973138e+00
9.37948718e-01
9.40219780e-01
9.40219780e-01
1.01062271e+00
9.80341880e-01
1.00986569e+00
1.00608059e+00
9.23565324e-01
1.00380952e+00
9.44004884e-01
9.72771673e-01
9.37191697e-01
9.65201465e-01
9.22051282e-01
1.00456654e+00
9.44761905e-01
9.62930403e-01
1.48300366e+00
9.68986569e-01
1.41335775e+00
9.48547009e-01
1.50495726e+00
1.01516484e+00
1.03863248e+00
9.90183150e-01
1.05680098e+00
9.03125763e-01
9.26593407e-01
1.00532357e+00
9.42490842e-01
