1.02424908e+00
1.04241758e+00
1.01819292e+00
1.00380952e+00
1.06512821e+00
1.03863248e+00
1.01062271e+00
1.02954823e+00
1.02349206e+00
1.00532357e+00
9.99267399e-01
1.00305250e+00
1.01516484e+00
9.96239316e-01
1.01743590e+00
9.71257631e-01
1.00608059e+00
9.84126984e-01
1.01137973e+00
1.03409035e+00
1.01894994e+00
9.83369963e-01
9.95482295e-01
1.00608059e+00
1.00078144e+00
1.00153846e+00
1.00456654e+00
1.00380952e+00
1.01667888e+00
1.00683761e+00
1.03257631e+00
1.01894994e+00
1.02349206e+00
1.00153846e+00
9.84884005e-01
9.98510379e-01
1.00456654e+00
9.89426129e-01
9.81855922e-01
1.01592186e+00
1.01970696e+00
1.00683761e+00
1.02652015e+00
1.00153846e+00
1.02349206e+00
1.00456654e+00
1.00683761e+00
9.90183150e-01
9.65201465e-01
9.94725275e-01
1.00532357e+00
1.02122100e+00
1.04393162e+00
1.04771673e+00
1.00153846e+00
1.06664225e+00
9.84884005e-01
1.00986569e+00
9.97753358e-01
1.00608059e+00
9.91697192e-01
1.02046398e+00
1.00986569e+00
9.96239316e-01
9.95482295e-01
1.03409035e+00
1.00380952e+00
1.01365079e+00
1.02803419e+00
1.02273504e+00
1.01289377e+00
1.03560440e+00
1.04317460e+00
1.00759463e+00
1.02879121e+00
1.01743590e+00
1.03409035e+00
1.00608059e+00
1.01137973e+00
1.00683761e+00
1.01894994e+00
1.01667888e+00
1.01289377e+00
1.04620269e+00
9.84126984e-01
9.99267399e-01
1.00153846e+00
1.00835165e+00
1.03409035e+00
1.02197802e+00
1.01365079e+00
1.01365079e+00
1.01365079e+00
1.03181929e+00
1.00608059e+00
1.00153846e+00
1.00380952e+00
9.97753358e-01
1.00078144e+00
1.00759463e+00
9.91697192e-01
1.02576313e+00
1.04771673e+00
9.53089133e-01
1.00229548e+00
9.80341880e-01
1.01894994e+00
1.00759463e+00
9.93968254e-01
1.00759463e+00
1.01365079e+00
1.00759463e+00
1.00759463e+00
1.03181929e+00
1.01440781e+00
1.01440781e+00
1.03333333e+00
9.97753358e-01
1.01667888e+00
1.02879121e+00
9.95482295e-01
9.93211233e-01
1.01365079e+00
1.01062271e+00
1.01592186e+00
1.00835165e+00
1.01137973e+00
1.01819292e+00
1.01213675e+00
1.00456654e+00
1.02727717e+00
9.82612943e-01
9.91697192e-01
1.02576313e+00
1.02349206e+00
1.04468864e+00
9.99267399e-01
9.97753358e-01
1.00683761e+00
1.00380952e+00
9.96239316e-01
9.98510379e-01
1.00835165e+00
1.00229548e+00
1.01743590e+00
1.00683761e+00
1.00380952e+00
1.00002442e+00
1.05150183e+00
9.87155067e-01
1.01365079e+00
1.00380952e+00
1.01743590e+00
9.87912088e-01
1.01440781e+00
1.03409035e+00
1.01137973e+00
1.01743590e+00
1.02046398e+00
1.01970696e+00
1.01970696e+00
1.02500611e+00
1.01440781e+00
1.00380952e+00
1.01819292e+00
1.06512821e+00
1.02349206e+00
1.01516484e+00
1.00153846e+00
1.01213675e+00
1.04544567e+00
9.83369963e-01
1.02727717e+00
1.01440781e+00
9.95482295e-01
1.01137973e+00
1.00229548e+00
9.90183150e-01
1.00759463e+00
9.78827839e-01
1.03938950e+00
9.86398046e-01
9.95482295e-01
1.00835165e+00
1.00532357e+00
9.85641026e-01
1.02046398e+00
1.01365079e+00
1.00835165e+00
1.01213675e+00
1.01365079e+00
1.01365079e+00
9.96239316e-01
1.01213675e+00
1.02046398e+00
1.02197802e+00
1.01743590e+00
1.02652015e+00
1.02576313e+00
1.02652015e+00
1.01062271e+00
1.01592186e+00
1.00456654e+00
1.02197802e+00
9.90940171e-01
1.02273504e+00
1.02576313e+00
1.02122100e+00
1.01743590e+00
1.00380952e+00
9.92454212e-01
1.02879121e+00
1.00153846e+00
1.01440781e+00
1.00986569e+00
9.98510379e-01
9.68986569e-01
9.99267399e-01
1.01894994e+00
1.01062271e+00
1.00456654e+00
9.80341880e-01
9.73528694e-01
9.93211233e-01
1.00910867e+00
9.99267399e-01
9.90940171e-01
1.00532357e+00
9.95482295e-01
1.01365079e+00
1.01970696e+00
1.03636142e+00
1.00608059e+00
1.03711844e+00
1.03333333e+00
1.01592186e+00
1.01289377e+00
1.06210012e+00
9.93968254e-01
1.00456654e+00
1.02803419e+00
1.01894994e+00
1.00986569e+00
1.01137973e+00
1.02652015e+00
1.01667888e+00
1.01592186e+00
9.96239316e-01
9.34163614e-01
1.01743590e+00
1.01516484e+00
9.87155067e-01
1.00305250e+00
1.00986569e+00
1.00456654e+00
1.00153846e+00
1.00229548e+00
1.00608059e+00
1.01667888e+00
9.96239316e-01
9.95482295e-01
1.00229548e+00
1.00683761e+00
1.01137973e+00
1.02273504e+00
9.48547009e-01
1.00759463e+00
1.00380952e+00
1.02046398e+00
1.00002442e+00
1.02349206e+00
9.46275946e-01
1.02273504e+00
1.03257631e+00
1.01970696e+00
1.00910867e+00
9.98510379e-01
1.00002442e+00
1.01062271e+00
1.01592186e+00
1.00229548e+00
1.01365079e+00
9.87912088e-01
1.00986569e+00
1.00002442e+00
1.02197802e+00
1.04923077e+00
1.01743590e+00
1.03863248e+00
1.01592186e+00
9.99267399e-01
1.00305250e+00
9.98510379e-01
1.00608059e+00
1.01970696e+00
1.00380952e+00
1.02424908e+00
1.00456654e+00
1.00078144e+00
9.74285714e-01
1.00380952e+00
1.00380952e+00
1.01819292e+00
1.01440781e+00
1.00456654e+00
9.88669109e-01
1.00153846e+00
1.01365079e+00
1.01743590e+00
1.01213675e+00
1.02727717e+00
1.01137973e+00
1.01365079e+00
9.96996337e-01
1.02727717e+00
1.02197802e+00
1.03106227e+00
1.01365079e+00
1.02500611e+00
1.03257631e+00
1.02652015e+00
1.05074481e+00
1.05982906e+00
1.00910867e+00
1.00229548e+00
1.01062271e+00
1.01970696e+00
1.01137973e+00
1.02122100e+00
1.01516484e+00
1.00153846e+00
1.02122100e+00
1.06512821e+00
9.49304029e-01
1.00153846e+00
9.92454212e-01
1.00078144e+00
9.97753358e-01
9.95482295e-01
1.00229548e+00
1.01819292e+00
1.00532357e+00
1.00835165e+00
1.00229548e+00
1.00759463e+00
1.02273504e+00
9.97753358e-01
1.02727717e+00
1.00456654e+00
1.00456654e+00
9.88669109e-01
1.01743590e+00
1.02046398e+00
1.02954823e+00
1.00153846e+00
1.02954823e+00
1.00759463e+00
1.02652015e+00
1.02273504e+00
1.01667888e+00
1.03257631e+00
1.00759463e+00
1.00456654e+00
1.01819292e+00
1.01289377e+00
1.02197802e+00
1.02424908e+00
1.02046398e+00
9.86398046e-01
9.81855922e-01
1.01970696e+00
9.68229548e-01
9.80341880e-01
1.01516484e+00
1.00835165e+00
1.01440781e+00
1.00759463e+00
1.00229548e+00
1.00910867e+00
1.01365079e+00
9.47032967e-01
1.01592186e+00
9.94725275e-01
9.82612943e-01
9.96239316e-01
1.00532357e+00
9.53089133e-01
1.00759463e+00
1.00986569e+00
1.00835165e+00
1.02046398e+00
1.01289377e+00
1.00608059e+00
1.02576313e+00
1.01213675e+00
1.00532357e+00
1.02349206e+00
1.02424908e+00
1.00078144e+00
1.02954823e+00
1.03484737e+00
1.02954823e+00
1.03181929e+00
1.00380952e+00
1.03181929e+00
9.99267399e-01
1.01289377e+00
1.02500611e+00
1.02046398e+00
1.01667888e+00
1.00683761e+00
9.96996337e-01
9.94725275e-01
9.94725275e-01
1.07572650e+00
1.08102564e+00
1.00835165e+00
1.02500611e+00
9.72771673e-01
9.61416361e-01
1.02954823e+00
1.00835165e+00
1.00608059e+00
9.91697192e-01
1.00986569e+00
1.01516484e+00
9.92454212e-01
9.92454212e-01
1.01970696e+00
1.01365079e+00
9.86398046e-01
9.73528694e-01
1.02122100e+00
9.87155067e-01
1.04998779e+00
9.99267399e-01
1.04166056e+00
1.01365079e+00
1.03711844e+00
1.04393162e+00
1.03106227e+00
1.01365079e+00
1.01667888e+00
1.00986569e+00
1.01970696e+00
1.02273504e+00
1.04014652e+00
9.86398046e-01
9.83369963e-01
1.00456654e+00
1.01667888e+00
1.00910867e+00
1.00229548e+00
9.86398046e-01
9.13724054e-01
9.97753358e-01
1.00910867e+00
1.00078144e+00
1.00608059e+00
1.00456654e+00
1.00456654e+00
9.95482295e-01
1.00759463e+00
9.68229548e-01
9.83369963e-01
1.01819292e+00
1.02273504e+00
1.01592186e+00
1.02349206e+00
1.02727717e+00
1.03560440e+00
1.00759463e+00
9.97753358e-01
1.00683761e+00
1.01365079e+00
1.02954823e+00
1.01213675e+00
1.02727717e+00
1.02349206e+00
9.49304029e-01
1.05452991e+00
1.04620269e+00
1.05831502e+00
1.04166056e+00
1.01062271e+00
1.00229548e+00
1.04771673e+00
1.00608059e+00
1.05831502e+00
1.01894994e+00
1.02349206e+00
1.01516484e+00
1.01440781e+00
1.01592186e+00
1.01137973e+00
1.01137973e+00
1.00456654e+00
1.01213675e+00
9.82612943e-01
1.01667888e+00
9.85641026e-01
1.00532357e+00
1.01516484e+00
1.00759463e+00
9.99267399e-01
9.88669109e-01
9.99267399e-01
1.00835165e+00
1.00078144e+00
1.02273504e+00
1.01440781e+00
9.95482295e-01
1.02349206e+00
1.02576313e+00
1.00153846e+00
1.01213675e+00
1.03863248e+00
1.00380952e+00
1.06437118e+00
1.01592186e+00
1.05074481e+00
9.99267399e-01
9.83369963e-01
1.00910867e+00
1.02122100e+00
1.00456654e+00
1.01667888e+00
1.00986569e+00
1.01440781e+00
1.03257631e+00
1.01592186e+00
1.00910867e+00
1.01894994e+00
1.00986569e+00
1.00305250e+00
1.00986569e+00
1.01289377e+00
9.76556777e-01
9.77313797e-01
9.87155067e-01
9.97753358e-01
9.92454212e-01
1.00229548e+00
9.88669109e-01
1.00759463e+00
9.88669109e-01
1.03711844e+00
1.00380952e+00
1.00229548e+00
1.01289377e+00
1.02424908e+00
1.01365079e+00
1.02652015e+00
1.00759463e+00
1.01667888e+00
1.04166056e+00
1.01970696e+00
1.01592186e+00
1.01289377e+00
1.02349206e+00
1.01137973e+00
1.03484737e+00
1.02273504e+00
1.01213675e+00
1.01970696e+00
1.01137973e+00
1.03106227e+00
9.75042735e-01
1.00835165e+00
9.88669109e-01
1.02349206e+00
1.00759463e+00
1.02424908e+00
1.01743590e+00
1.01819292e+00
1.00229548e+00
1.01743590e+00
1.01743590e+00
1.00608059e+00
1.02500611e+00
9.71257631e-01
1.01592186e+00
9.97753358e-01
9.94725275e-01
1.00002442e+00
1.01440781e+00
9.98510379e-01
1.03938950e+00
1.02803419e+00
1.00229548e+00
1.00456654e+00
1.00380952e+00
1.00608059e+00
1.01365079e+00
1.02652015e+00
1.01062271e+00
1.00986569e+00
1.02500611e+00
1.04166056e+00
1.02349206e+00
1.04014652e+00
1.07572650e+00
1.03030525e+00
1.04544567e+00
1.05604396e+00
1.01743590e+00
1.00380952e+00
1.02197802e+00
1.01970696e+00
1.02046398e+00
1.01289377e+00
1.03106227e+00
1.00305250e+00
1.01970696e+00
1.02122100e+00
9.88669109e-01
1.01819292e+00
1.00835165e+00
1.00986569e+00
9.64444444e-01
9.94725275e-01
1.01137973e+00
9.96239316e-01
1.00078144e+00
1.00683761e+00
1.00608059e+00
1.01819292e+00
9.99267399e-01
1.01819292e+00
9.84884005e-01
1.00683761e+00
1.00759463e+00
1.01365079e+00
9.90183150e-01
1.01970696e+00
1.00153846e+00
1.00456654e+00
1.02803419e+00
1.00910867e+00
1.02197802e+00
1.02954823e+00
1.03106227e+00
1.02576313e+00
1.02500611e+00
1.01894994e+00
1.02424908e+00
1.07572650e+00
1.02652015e+00
9.93211233e-01
9.96239316e-01
1.00759463e+00
1.01440781e+00
9.94725275e-01
1.00456654e+00
9.84884005e-01
1.01819292e+00
1.01970696e+00
1.01365079e+00
1.01440781e+00
1.01667888e+00
1.01365079e+00
1.01289377e+00
1.00380952e+00
1.00456654e+00
1.00229548e+00
1.01667888e+00
9.87912088e-01
9.91697192e-01
1.00456654e+00
9.94725275e-01
1.00759463e+00
9.90183150e-01
1.01667888e+00
9.86398046e-01
1.02349206e+00
1.00986569e+00
1.02349206e+00
1.00456654e+00
1.02500611e+00
9.79584860e-01
9.99267399e-01
9.96239316e-01
9.96239316e-01
1.06512821e+00
1.00078144e+00
1.04923077e+00
1.00380952e+00
1.05074481e+00
1.01213675e+00
1.00608059e+00
1.00683761e+00
1.01137973e+00
1.00229548e+00
1.02954823e+00
1.01667888e+00
1.01970696e+00
1.01137973e+00
9.93211233e-01
1.03484737e+00
9.85641026e-01
1.01667888e+00
1.00835165e+00
9.80341880e-01
1.00532357e+00
1.03484737e+00
1.03787546e+00
9.99267399e-01
9.88669109e-01
1.00078144e+00
1.00910867e+00
1.00759463e+00
1.01970696e+00
9.84884005e-01
1.02197802e+00
1.03333333e+00
1.01592186e+00
1.02954823e+00
1.04090354e+00
9.80341880e-01
1.01289377e+00
1.00456654e+00
1.02576313e+00
1.00759463e+00
1.03636142e+00
1.01365079e+00
1.02652015e+00
1.02046398e+00
1.01440781e+00
1.02046398e+00
1.03409035e+00
9.97753358e-01
1.08178266e+00
1.00910867e+00
9.92454212e-01
1.00910867e+00
1.05074481e+00
9.91697192e-01
1.04923077e+00
9.78070818e-01
9.93968254e-01
9.87912088e-01
9.92454212e-01
1.00456654e+00
9.89426129e-01
9.97753358e-01
1.00380952e+00
9.98510379e-01
1.06210012e+00
1.02349206e+00
9.87155067e-01
1.00078144e+00
1.01819292e+00
1.01667888e+00
1.00380952e+00
9.74285714e-01
1.00078144e+00
1.00986569e+00
1.02576313e+00
1.01289377e+00
1.01062271e+00
1.01365079e+00
1.01970696e+00
1.02500611e+00
1.03257631e+00
1.01289377e+00
1.00380952e+00
9.91697192e-01
1.01289377e+00
9.81855922e-01
1.00986569e+00
1.00835165e+00
1.01743590e+00
1.02803419e+00
1.02879121e+00
1.01667888e+00
1.00835165e+00
1.02349206e+00
1.00078144e+00
1.01743590e+00
1.03636142e+00
1.00532357e+00
9.78827839e-01
9.75042735e-01
9.99267399e-01
9.92454212e-01
9.90940171e-01
1.00078144e+00
1.00380952e+00
9.98510379e-01
1.00608059e+00
1.00456654e+00
1.02349206e+00
1.02273504e+00
1.01365079e+00
1.01894994e+00
1.00002442e+00
1.03181929e+00
9.65201465e-01
9.86398046e-01
9.80341880e-01
1.00986569e+00
1.05604396e+00
1.00759463e+00
1.00835165e+00
1.01289377e+00
1.03636142e+00
1.01289377e+00
1.02046398e+00
1.00305250e+00
1.02803419e+00
1.02197802e+00
1.00078144e+00
9.99267399e-01
1.04317460e+00
9.70500611e-01
1.03106227e+00
1.00456654e+00
1.02500611e+00
1.02046398e+00
9.98510379e-01
1.00683761e+00
1.00683761e+00
1.00153846e+00
9.81855922e-01
1.00153846e+00
1.00456654e+00
1.01365079e+00
9.67472527e-01
1.01213675e+00
1.00078144e+00
1.00380952e+00
1.03333333e+00
9.97753358e-01
1.00229548e+00
1.03257631e+00
1.04166056e+00
9.67472527e-01
1.00835165e+00
1.02424908e+00
1.00986569e+00
1.02122100e+00
1.02122100e+00
1.02500611e+00
9.90183150e-01
1.01970696e+00
1.01289377e+00
9.80341880e-01
1.01970696e+00
9.89426129e-01
1.01743590e+00
1.02879121e+00
1.02954823e+00
1.04544567e+00
1.03409035e+00
1.01667888e+00
1.00910867e+00
9.80341880e-01
1.00986569e+00
1.00608059e+00
1.00153846e+00
9.93211233e-01
9.93968254e-01
1.01667888e+00
1.01819292e+00
1.00986569e+00
9.86398046e-01
9.94725275e-01
1.00153846e+00
1.03181929e+00
1.00532357e+00
9.96239316e-01
1.00153846e+00
1.00456654e+00
1.02576313e+00
1.01137973e+00
1.02046398e+00
1.07724054e+00
1.03484737e+00
1.01062271e+00
1.00835165e+00
9.92454212e-01
1.06588523e+00
1.03484737e+00
1.01213675e+00
1.00835165e+00
9.89426129e-01
1.00078144e+00
9.99267399e-01
1.02046398e+00
1.01970696e+00
1.00910867e+00
1.02273504e+00
1.01592186e+00
1.01516484e+00
1.02197802e+00
1.00608059e+00
9.73528694e-01
9.65201465e-01
1.05074481e+00
1.00835165e+00
1.02424908e+00
9.82612943e-01
9.91697192e-01
9.84126984e-01
9.96996337e-01
1.00986569e+00
1.01440781e+00
9.92454212e-01
1.00456654e+00
1.00456654e+00
9.93211233e-01
1.00456654e+00
1.01365079e+00
1.00532357e+00
1.00380952e+00
1.00608059e+00
1.00759463e+00
1.05225885e+00
1.01440781e+00
1.01213675e+00
1.01289377e+00
9.78070818e-01
1.02349206e+00
1.01743590e+00
1.01365079e+00
1.01819292e+00
9.83369963e-01
1.00380952e+00
1.00380952e+00
1.01365079e+00
1.00002442e+00
1.02273504e+00
1.00456654e+00
1.00532357e+00
1.01516484e+00
9.75799756e-01
1.01440781e+00
9.90940171e-01
1.01289377e+00
1.01289377e+00
1.02879121e+00
1.01516484e+00
1.00456654e+00
9.96239316e-01
9.92454212e-01
1.01440781e+00
1.01743590e+00
9.84126984e-01
1.01062271e+00
1.00835165e+00
9.06153846e-01
1.00456654e+00
1.01137973e+00
9.87912088e-01
1.00078144e+00
1.01667888e+00
1.00683761e+00
1.02349206e+00
1.00759463e+00
1.01592186e+00
1.02273504e+00
1.01137973e+00
1.04317460e+00
1.02576313e+00
1.02500611e+00
9.75042735e-01
9.96996337e-01
1.01365079e+00
1.00456654e+00
1.04468864e+00
1.05074481e+00
1.02879121e+00
1.00910867e+00
1.02652015e+00
1.01516484e+00
1.01516484e+00
1.01062271e+00
1.02576313e+00
1.02879121e+00
1.01062271e+00
1.01365079e+00
1.01592186e+00
1.04620269e+00
1.00153846e+00
1.02727717e+00
1.00532357e+00
9.86398046e-01
9.86398046e-01
1.03787546e+00
9.93211233e-01
9.99267399e-01
1.02046398e+00
1.00532357e+00
1.00910867e+00
1.01365079e+00
1.03560440e+00
9.82612943e-01
9.98510379e-01
1.03636142e+00
9.96239316e-01
9.56874237e-01
1.00456654e+00
1.00456654e+00
1.02197802e+00
1.00380952e+00
1.01894994e+00
1.00759463e+00
1.02500611e+00
1.01743590e+00
1.02046398e+00
1.01062271e+00
1.00456654e+00
1.00380952e+00
9.28107448e-01
1.07572650e+00
1.01819292e+00
1.02727717e+00
1.00456654e+00
1.02122100e+00
1.01289377e+00
1.05831502e+00
1.00456654e+00
1.00153846e+00
1.01592186e+00
1.01062271e+00
9.91697192e-01
1.00683761e+00
1.01667888e+00
1.03787546e+00
1.02349206e+00
1.01970696e+00
1.01365079e+00
1.07042735e+00
1.00835165e+00
1.03181929e+00
1.05452991e+00
1.02879121e+00
1.01137973e+00
1.04090354e+00
1.01365079e+00
1.02727717e+00
1.03409035e+00
1.04090354e+00
1.02197802e+00
1.00759463e+00
1.02954823e+00
1.01213675e+00
1.00910867e+00
1.01819292e+00
1.02424908e+00
1.02727717e+00
1.00305250e+00
1.01289377e+00
1.00532357e+00
1.02122100e+00
1.02349206e+00
1.02046398e+00
1.01289377e+00
1.01970696e+00
1.01213675e+00
1.00532357e+00
1.02954823e+00
1.00153846e+00
1.01667888e+00
9.93968254e-01
9.90183150e-01
1.00835165e+00
1.03333333e+00
9.92454212e-01
9.84126984e-01
1.00153846e+00
9.71257631e-01
1.01592186e+00
9.95482295e-01
9.96239316e-01
9.92454212e-01
1.03484737e+00
1.01062271e+00
9.93211233e-01
1.00380952e+00
1.01819292e+00
1.03030525e+00
1.02122100e+00
1.01365079e+00
1.04923077e+00
1.01819292e+00
1.00456654e+00
1.01819292e+00
1.01743590e+00
1.01062271e+00
1.01743590e+00
1.00759463e+00
1.02197802e+00
1.00986569e+00
1.01062271e+00
1.00456654e+00
1.01062271e+00
1.01062271e+00
9.91697192e-01
1.00305250e+00
1.01819292e+00
1.02500611e+00
1.00305250e+00
9.72771673e-01
9.73528694e-01
1.00380952e+00
1.01365079e+00
1.00153846e+00
1.01137973e+00
1.01137973e+00
1.00380952e+00
1.02879121e+00
1.04014652e+00
1.07648352e+00
9.93968254e-01
1.00229548e+00
1.05225885e+00
1.00456654e+00
1.03938950e+00
1.00380952e+00
1.03636142e+00
1.01819292e+00
1.02424908e+00
1.00380952e+00
1.00986569e+00
1.01516484e+00
1.01970696e+00
1.01592186e+00
1.02803419e+00
1.00683761e+00
1.05074481e+00
9.89426129e-01
1.05377289e+00
9.81855922e-01
1.04771673e+00
1.01440781e+00
1.00078144e+00
1.02273504e+00
1.02046398e+00
1.01970696e+00
1.01894994e+00
1.01819292e+00
1.01970696e+00
1.01137973e+00
1.01062271e+00
1.02727717e+00
9.98510379e-01
9.31892552e-01
1.00835165e+00
9.96996337e-01
1.00683761e+00
9.91697192e-01
1.00078144e+00
1.00078144e+00
1.01062271e+00
1.01819292e+00
1.01213675e+00
1.00153846e+00
9.87912088e-01
1.00078144e+00
1.01516484e+00
1.00910867e+00
1.01743590e+00
1.00456654e+00
9.60659341e-01
1.01743590e+00
1.00380952e+00
1.03484737e+00
9.99267399e-01
1.04620269e+00
9.87912088e-01
1.01667888e+00
1.00456654e+00
1.01743590e+00
1.01743590e+00
1.01137973e+00
1.00078144e+00
1.01667888e+00
1.01516484e+00
1.02576313e+00
1.02576313e+00
1.01137973e+00
1.01062271e+00
1.00532357e+00
1.03636142e+00
9.98510379e-01
9.31892552e-01
9.68986569e-01
9.96239316e-01
1.01289377e+00
1.01516484e+00
1.00229548e+00
1.00835165e+00
1.00305250e+00
9.78070818e-01
1.02727717e+00
1.01365079e+00
1.02803419e+00
9.91697192e-01
1.00608059e+00
1.03484737e+00
1.00002442e+00
1.06285714e+00
1.04166056e+00
1.01743590e+00
1.01819292e+00
1.03484737e+00
1.03106227e+00
1.01970696e+00
1.02349206e+00
1.00683761e+00
1.02727717e+00
9.83369963e-01
1.00683761e+00
1.03560440e+00
1.03787546e+00
1.00532357e+00
9.99267399e-01
1.01894994e+00
1.00986569e+00
1.01743590e+00
1.02122100e+00
1.00380952e+00
1.00532357e+00
1.00532357e+00
9.95482295e-01
9.99267399e-01
9.99267399e-01
9.79584860e-01
1.01365079e+00
1.00759463e+00
9.97753358e-01
1.00153846e+00
1.00229548e+00
9.93211233e-01
1.00229548e+00
1.00153846e+00
1.02122100e+00
1.01440781e+00
1.01743590e+00
1.03106227e+00
1.02500611e+00
1.02349206e+00
1.02046398e+00
1.01970696e+00
1.01289377e+00
1.02652015e+00
1.01365079e+00
1.01516484e+00
1.02727717e+00
9.83369963e-01
9.90183150e-01
1.01289377e+00
1.01894994e+00
9.93211233e-01
1.01819292e+00
1.01667888e+00
9.99267399e-01
1.00153846e+00
1.01743590e+00
1.00229548e+00
1.01289377e+00
1.00835165e+00
1.03181929e+00
1.00153846e+00
9.96996337e-01
9.25836386e-01
1.01289377e+00
1.02652015e+00
9.88669109e-01
9.81098901e-01
1.00835165e+00
9.97753358e-01
1.01667888e+00
1.01440781e+00
1.01213675e+00
1.01592186e+00
1.00835165e+00
1.01213675e+00
1.04393162e+00
1.00456654e+00
1.02576313e+00
1.02122100e+00
1.03181929e+00
1.02652015e+00
9.92454212e-01
1.01819292e+00
1.01062271e+00
1.01667888e+00
9.96996337e-01
1.00153846e+00
1.01970696e+00
1.01667888e+00
1.01062271e+00
1.01516484e+00
1.03409035e+00
1.02500611e+00
9.90183150e-01
1.00683761e+00
9.75042735e-01
1.01213675e+00
1.04847375e+00
1.01365079e+00
9.94725275e-01
1.02122100e+00
1.00986569e+00
1.00683761e+00
9.86398046e-01
9.87155067e-01
9.87155067e-01
1.00002442e+00
9.81855922e-01
1.06285714e+00
9.97753358e-01
1.00229548e+00
9.70500611e-01
1.03181929e+00
1.04620269e+00
9.84126984e-01
1.01743590e+00
1.03484737e+00
1.02349206e+00
1.01062271e+00
1.01365079e+00
9.95482295e-01
1.01440781e+00
1.00683761e+00
9.94725275e-01
9.99267399e-01
1.01970696e+00
1.06588523e+00
1.00229548e+00
1.01667888e+00
9.88669109e-01
1.01970696e+00
1.00078144e+00
1.02879121e+00
9.80341880e-01
1.03181929e+00
1.02197802e+00
1.01440781e+00
1.00380952e+00
1.01213675e+00
1.02349206e+00
1.01592186e+00
1.00759463e+00
1.02500611e+00
9.31135531e-01
1.00683761e+00
1.02424908e+00
1.00229548e+00
1.00153846e+00
9.93211233e-01
1.00910867e+00
1.00153846e+00
1.00683761e+00
1.01970696e+00
1.01365079e+00
1.01365079e+00
1.01213675e+00
1.01894994e+00
1.01894994e+00
1.01365079e+00
1.01819292e+00
9.89426129e-01
1.01894994e+00
1.03181929e+00
1.00078144e+00
1.00305250e+00
1.03106227e+00
1.01289377e+00
1.01592186e+00
1.02046398e+00
1.02046398e+00
1.03030525e+00
1.01819292e+00
1.00153846e+00
1.01062271e+00
1.00229548e+00
1.01743590e+00
1.02349206e+00
1.00910867e+00
9.99267399e-01
1.00153846e+00
1.01592186e+00
1.04544567e+00
1.02500611e+00
9.93968254e-01
1.00835165e+00
1.00002442e+00
1.01819292e+00
1.00835165e+00
9.94725275e-01
9.99267399e-01
9.98510379e-01
9.95482295e-01
1.00380952e+00
9.92454212e-01
9.83369963e-01
1.00456654e+00
1.00835165e+00
1.01062271e+00
1.04317460e+00
1.02803419e+00
1.02954823e+00
1.01440781e+00
1.02652015e+00
1.02349206e+00
9.89426129e-01
9.98510379e-01
1.02879121e+00
1.03560440e+00
1.04166056e+00
1.01289377e+00
1.02349206e+00
1.02349206e+00
1.02197802e+00
9.91697192e-01
9.90940171e-01
9.91697192e-01
1.00608059e+00
1.01592186e+00
1.00759463e+00
1.01667888e+00
1.00153846e+00
1.00153846e+00
9.90940171e-01
9.95482295e-01
1.01819292e+00
1.00305250e+00
1.00153846e+00
9.76556777e-01
9.59902320e-01
1.02803419e+00
1.00835165e+00
1.00078144e+00
1.00078144e+00
9.81855922e-01
1.01819292e+00
1.01667888e+00
1.02349206e+00
1.02652015e+00
1.02954823e+00
1.01970696e+00
9.62173382e-01
1.01743590e+00
1.03636142e+00
1.00532357e+00
1.01743590e+00
1.03863248e+00
1.02879121e+00
1.00305250e+00
1.01819292e+00
1.00835165e+00
1.03863248e+00
1.01365079e+00
1.00456654e+00
1.01365079e+00
1.02273504e+00
1.01137973e+00
1.00986569e+00
1.01743590e+00
1.00759463e+00
1.02803419e+00
9.83369963e-01
1.01667888e+00
1.04090354e+00
1.00002442e+00
9.96996337e-01
1.01592186e+00
9.89426129e-01
9.98510379e-01
9.99267399e-01
1.02273504e+00
1.01137973e+00
1.00305250e+00
1.01213675e+00
1.00683761e+00
1.03409035e+00
1.01213675e+00
9.99267399e-01
9.97753358e-01
1.01062271e+00
1.01365079e+00
9.94725275e-01
1.01137973e+00
1.01970696e+00
9.87912088e-01
1.02424908e+00
1.01365079e+00
1.01667888e+00
1.00759463e+00
1.01592186e+00
1.02273504e+00
9.99267399e-01
1.00305250e+00
1.00153846e+00
9.82612943e-01
1.00305250e+00
1.03181929e+00
1.02349206e+00
1.01894994e+00
9.65201465e-01
1.01970696e+00
1.01819292e+00
1.01819292e+00
1.01970696e+00
1.01592186e+00
1.01970696e+00
1.01062271e+00
1.01743590e+00
9.96996337e-01
1.00456654e+00
9.68986569e-01
9.85641026e-01
9.77313797e-01
1.01819292e+00
1.02046398e+00
1.00002442e+00
1.00986569e+00
9.96239316e-01
1.00835165e+00
1.01894994e+00
1.02197802e+00
1.02197802e+00
1.00380952e+00
1.01516484e+00
9.92454212e-01
1.03787546e+00
1.01213675e+00
9.88669109e-01
1.02879121e+00
1.01062271e+00
1.01667888e+00
1.01592186e+00
1.02122100e+00
1.04090354e+00
1.03181929e+00
1.02197802e+00
1.00153846e+00
1.01289377e+00
1.02197802e+00
1.03181929e+00
9.99267399e-01
1.00305250e+00
9.83369963e-01
1.00305250e+00
1.05452991e+00
9.85641026e-01
9.05396825e-01
1.01062271e+00
1.00835165e+00
9.95482295e-01
9.87912088e-01
9.87912088e-01
1.00986569e+00
1.01289377e+00
9.91697192e-01
1.00835165e+00
1.00986569e+00
1.01516484e+00
1.00608059e+00
1.00456654e+00
1.01894994e+00
1.00078144e+00
1.03333333e+00
1.00910867e+00
9.96996337e-01
1.01516484e+00
1.01062271e+00
1.04090354e+00
1.02349206e+00
1.00683761e+00
1.01667888e+00
1.03030525e+00
1.00759463e+00
1.00910867e+00
1.01062271e+00
1.02500611e+00
1.00078144e+00
1.03106227e+00
1.01213675e+00
1.02576313e+00
1.03484737e+00
1.01970696e+00
1.00078144e+00
1.00456654e+00
1.03030525e+00
1.01213675e+00
9.97753358e-01
9.83369963e-01
1.00910867e+00
1.00153846e+00
1.01592186e+00
1.00153846e+00
1.00532357e+00
1.02879121e+00
1.00608059e+00
1.00759463e+00
1.02046398e+00
1.04241758e+00
1.03787546e+00
9.96239316e-01
1.00608059e+00
1.00835165e+00
1.01667888e+00
1.02273504e+00
1.02727717e+00
1.01365079e+00
1.01440781e+00
1.00986569e+00
9.99267399e-01
1.00153846e+00
1.01440781e+00
1.01743590e+00
1.04014652e+00
1.00002442e+00
1.00986569e+00
9.96996337e-01
1.01062271e+00
1.01667888e+00
1.01592186e+00
1.00153846e+00
1.01592186e+00
1.00078144e+00
1.00910867e+00
1.00456654e+00
1.00608059e+00
1.00683761e+00
1.01516484e+00
9.98510379e-01
9.80341880e-01
9.98510379e-01
1.02273504e+00
9.95482295e-01
9.90183150e-01
1.01440781e+00
1.00153846e+00
1.00456654e+00
9.92454212e-01
1.02954823e+00
1.01516484e+00
1.02046398e+00
1.00305250e+00
9.91697192e-01
1.01743590e+00
1.02576313e+00
1.00532357e+00
1.00608059e+00
1.03030525e+00
9.61416361e-01
1.03484737e+00
9.88669109e-01
1.06588523e+00
1.02122100e+00
1.01365079e+00
1.01516484e+00
1.01062271e+00
1.01365079e+00
1.01213675e+00
1.00380952e+00
1.02954823e+00
1.00608059e+00
1.01440781e+00
1.01440781e+00
1.01440781e+00
1.00380952e+00
1.01137973e+00
1.02273504e+00
1.04847375e+00
1.03484737e+00
1.00532357e+00
1.01365079e+00
9.94725275e-01
9.92454212e-01
9.87912088e-01
1.00153846e+00
1.00153846e+00
1.03257631e+00
9.65201465e-01
9.93211233e-01
1.05074481e+00
1.00305250e+00
1.00759463e+00
9.82612943e-01
1.03711844e+00
1.04014652e+00
1.01970696e+00
1.01289377e+00
1.02349206e+00
1.00532357e+00
1.02349206e+00
1.01894994e+00
1.01894994e+00
1.04317460e+00
1.02122100e+00
1.03863248e+00
1.00608059e+00
1.01365079e+00
9.92454212e-01
9.86398046e-01
1.04923077e+00
9.83369963e-01
1.01289377e+00
1.01289377e+00
1.01365079e+00
1.01970696e+00
1.01365079e+00
1.01819292e+00
1.02500611e+00
1.01440781e+00
1.02046398e+00
1.04014652e+00
1.00456654e+00
9.96239316e-01
1.02803419e+00
9.65201465e-01
9.83369963e-01
9.92454212e-01
9.88669109e-01
1.02349206e+00
1.00835165e+00
1.02500611e+00
1.03030525e+00
1.01743590e+00
1.00532357e+00
1.02424908e+00
1.02954823e+00
1.01440781e+00
1.00835165e+00
1.04241758e+00
9.99267399e-01
1.03333333e+00
1.01137973e+00
9.90183150e-01
1.03711844e+00
1.01894994e+00
9.74285714e-01
1.01062271e+00
1.01137973e+00
1.02500611e+00
1.00608059e+00
1.00002442e+00
1.02349206e+00
9.95482295e-01
9.69743590e-01
9.98510379e-01
1.04771673e+00
1.02273504e+00
1.02273504e+00
1.01819292e+00
1.01137973e+00
9.96996337e-01
9.88669109e-01
9.98510379e-01
1.01062271e+00
1.01667888e+00
1.00153846e+00
1.00532357e+00
9.93968254e-01
9.96239316e-01
1.01667888e+00
1.03711844e+00
1.04317460e+00
1.01667888e+00
9.90183150e-01
1.01743590e+00
1.03711844e+00
1.01667888e+00
1.02197802e+00
1.03409035e+00
1.02803419e+00
1.00380952e+00
1.01667888e+00
1.00532357e+00
1.01289377e+00
1.00229548e+00
1.00229548e+00
1.01062271e+00
1.03257631e+00
1.01516484e+00
9.96239316e-01
1.00153846e+00
9.75799756e-01
9.80341880e-01
9.96239316e-01
1.01137973e+00
1.01062271e+00
1.00153846e+00
1.01516484e+00
1.00910867e+00
9.99267399e-01
1.00153846e+00
9.99267399e-01
9.72771673e-01
9.65958486e-01
1.01365079e+00
9.59145299e-01
1.00153846e+00
1.00153846e+00
9.96239316e-01
1.01365079e+00
9.81098901e-01
1.01365079e+00
1.00608059e+00
1.01819292e+00
1.01365079e+00
1.00153846e+00
1.02122100e+00
1.00759463e+00
9.75042735e-01
1.01213675e+00
1.01062271e+00
1.02424908e+00
1.04090354e+00
1.02500611e+00
1.01894994e+00
1.05755800e+00
1.03181929e+00
1.02879121e+00
1.03181929e+00
1.02576313e+00
1.01062271e+00
1.00456654e+00
1.01365079e+00
1.00532357e+00
1.02273504e+00
1.00380952e+00
9.96239316e-01
1.02424908e+00
1.00759463e+00
1.04317460e+00
1.02046398e+00
9.95482295e-01
9.48547009e-01
1.01365079e+00
1.03787546e+00
1.00153846e+00
1.00835165e+00
9.94725275e-01
1.01365079e+00
1.00153846e+00
1.02046398e+00
1.01667888e+00
1.02576313e+00
9.93968254e-01
1.00305250e+00
1.00532357e+00
1.02954823e+00
1.00153846e+00
1.04317460e+00
1.02727717e+00
1.04771673e+00
9.96239316e-01
1.01062271e+00
1.00759463e+00
1.01062271e+00
1.01365079e+00
1.01667888e+00
1.01289377e+00
1.04317460e+00
1.00078144e+00
1.02652015e+00
9.99267399e-01
1.06588523e+00
1.00759463e+00
1.01667888e+00
1.02197802e+00
9.91697192e-01
9.84126984e-01
1.00456654e+00
1.00153846e+00
1.02046398e+00
1.00153846e+00
1.01667888e+00
1.01137973e+00
1.00153846e+00
1.00835165e+00
9.99267399e-01
9.95482295e-01
1.00229548e+00
1.01289377e+00
1.00683761e+00
1.00910867e+00
1.01062271e+00
1.01289377e+00
1.01213675e+00
1.02122100e+00
1.00532357e+00
1.01592186e+00
1.00380952e+00
1.02197802e+00
1.01743590e+00
1.00229548e+00
1.01894994e+00
1.01819292e+00
1.01743590e+00
1.07269841e+00
1.01137973e+00
1.00910867e+00
1.01137973e+00
9.55360195e-01
9.82612943e-01
1.01062271e+00
1.00835165e+00
1.01743590e+00
1.01592186e+00
1.01365079e+00
1.03484737e+00
1.01894994e+00
1.00380952e+00
1.00456654e+00
1.02727717e+00
1.00078144e+00
1.00835165e+00
1.02727717e+00
9.85641026e-01
9.59145299e-01
1.01365079e+00
1.01667888e+00
9.96239316e-01
1.00986569e+00
1.00759463e+00
1.00456654e+00
1.02727717e+00
1.01062271e+00
1.01365079e+00
9.92454212e-01
1.01289377e+00
1.01743590e+00
1.01592186e+00
1.00608059e+00
1.04923077e+00
1.00229548e+00
1.00759463e+00
1.06512821e+00
1.00078144e+00
1.00002442e+00
1.00305250e+00
1.01743590e+00
1.01970696e+00
1.00986569e+00
1.00532357e+00
1.01289377e+00
9.93968254e-01
1.01365079e+00
1.00532357e+00
1.01365079e+00
1.00683761e+00
1.02197802e+00
1.00456654e+00
1.00532357e+00
9.97753358e-01
1.00835165e+00
1.01592186e+00
9.89426129e-01
1.00532357e+00
9.97753358e-01
9.90940171e-01
9.89426129e-01
1.00759463e+00
9.95482295e-01
9.92454212e-01
9.87912088e-01
1.01667888e+00
9.97753358e-01
1.00986569e+00
1.01970696e+00
1.02576313e+00
9.92454212e-01
1.01592186e+00
1.00986569e+00
1.01440781e+00
1.00683761e+00
1.04393162e+00
1.01213675e+00
1.02424908e+00
1.04393162e+00
1.04998779e+00
1.02122100e+00
1.04393162e+00
1.00229548e+00
1.04241758e+00
1.02803419e+00
1.01440781e+00
1.03181929e+00
1.00229548e+00
1.01365079e+00
1.00153846e+00
1.01970696e+00
1.01819292e+00
9.88669109e-01
1.02273504e+00
9.75799756e-01
9.90940171e-01
9.76556777e-01
9.83369963e-01
9.88669109e-01
9.78070818e-01
1.00153846e+00
9.97753358e-01
1.04695971e+00
1.00380952e+00
1.00986569e+00
9.99267399e-01
1.02046398e+00
1.01970696e+00
1.00835165e+00
1.02197802e+00
1.00759463e+00
1.01440781e+00
1.00153846e+00
9.94725275e-01
1.01592186e+00
1.05225885e+00
1.01970696e+00
1.01819292e+00
1.02576313e+00
1.01213675e+00
9.93968254e-01
1.00683761e+00
1.02803419e+00
1.01516484e+00
9.94725275e-01
9.99267399e-01
1.00608059e+00
1.00835165e+00
9.97753358e-01
1.02349206e+00
1.01289377e+00
1.00910867e+00
1.01894994e+00
1.00305250e+00
9.84126984e-01
1.00153846e+00
9.97753358e-01
9.79584860e-01
1.00153846e+00
1.01137973e+00
1.01137973e+00
1.00078144e+00
1.00153846e+00
9.90183150e-01
1.00456654e+00
1.04166056e+00
9.83369963e-01
1.01667888e+00
1.01667888e+00
1.01440781e+00
1.03484737e+00
9.54603175e-01
1.00532357e+00
1.00759463e+00
1.02197802e+00
1.02197802e+00
1.01516484e+00
1.01743590e+00
1.02122100e+00
1.02349206e+00
1.02046398e+00
1.02424908e+00
1.02803419e+00
9.85641026e-01
1.02954823e+00
9.96996337e-01
1.02273504e+00
9.52332112e-01
9.95482295e-01
1.04620269e+00
1.00456654e+00
1.02273504e+00
1.00835165e+00
1.00532357e+00
9.93968254e-01
1.01516484e+00
9.99267399e-01
1.02500611e+00
1.02122100e+00
9.78070818e-01
1.00910867e+00
9.66715507e-01
9.96996337e-01
9.70500611e-01
9.96996337e-01
9.94725275e-01
1.04393162e+00
1.01365079e+00
1.01667888e+00
1.01667888e+00
1.01137973e+00
1.01440781e+00
1.01894994e+00
1.01289377e+00
1.01894994e+00
1.02349206e+00
1.00305250e+00
1.00683761e+00
1.03636142e+00
1.02576313e+00
9.96996337e-01
9.94725275e-01
1.03333333e+00
9.80341880e-01
1.02197802e+00
1.00380952e+00
1.00759463e+00
1.01970696e+00
1.00153846e+00
9.96996337e-01
1.02349206e+00
1.01062271e+00
1.00305250e+00
1.00532357e+00
1.01289377e+00
1.00456654e+00
9.73528694e-01
1.00380952e+00
1.03030525e+00
9.98510379e-01
1.01365079e+00
9.89426129e-01
1.00002442e+00
1.00759463e+00
1.00683761e+00
1.00608059e+00
1.01440781e+00
1.00759463e+00
9.86398046e-01
1.04847375e+00
1.05604396e+00
1.01365079e+00
1.02046398e+00
1.01894994e+00
9.91697192e-01
1.03938950e+00
1.00835165e+00
1.01137973e+00
1.01213675e+00
1.00910867e+00
1.01516484e+00
1.01365079e+00
1.02954823e+00
9.86398046e-01
1.04241758e+00
1.01743590e+00
9.95482295e-01
1.00532357e+00
1.00608059e+00
1.04317460e+00
9.89426129e-01
1.02879121e+00
1.02954823e+00
1.03787546e+00
1.01137973e+00
1.01137973e+00
9.94725275e-01
1.01440781e+00
9.98510379e-01
1.00078144e+00
9.90183150e-01
9.92454212e-01
9.64444444e-01
9.93968254e-01
1.00532357e+00
1.03484737e+00
1.01667888e+00
9.97753358e-01
1.01819292e+00
1.05982906e+00
9.94725275e-01
1.00910867e+00
1.02500611e+00
1.01516484e+00
1.01289377e+00
1.02500611e+00
1.00229548e+00
9.96996337e-01
1.02652015e+00
1.02197802e+00
1.00608059e+00
1.04998779e+00
1.00910867e+00
1.00532357e+00
1.00835165e+00
1.01137973e+00
1.03257631e+00
1.00456654e+00
1.00456654e+00
1.00229548e+00
1.01062271e+00
1.02576313e+00
1.00910867e+00
1.00910867e+00
9.94725275e-01
1.01667888e+00
1.02273504e+00
1.01516484e+00
1.02046398e+00
1.01667888e+00
1.00305250e+00
1.00380952e+00
9.77313797e-01
9.98510379e-01
9.96996337e-01
9.98510379e-01
1.00910867e+00
1.01970696e+00
1.00456654e+00
1.00759463e+00
1.03257631e+00
1.02424908e+00
1.00456654e+00
1.01213675e+00
9.90940171e-01
1.02576313e+00
1.01289377e+00
1.02879121e+00
1.05604396e+00
1.01819292e+00
9.97753358e-01
1.01289377e+00
1.02424908e+00
1.00910867e+00
1.02349206e+00
1.00078144e+00
1.02424908e+00
9.99267399e-01
1.04090354e+00
9.93968254e-01
9.78827839e-01
1.01365079e+00
9.90183150e-01
1.03106227e+00
1.00229548e+00
1.00532357e+00
1.03560440e+00
9.79584860e-01
1.00456654e+00
9.96239316e-01
1.02046398e+00
1.00608059e+00
1.01667888e+00
1.02879121e+00
1.02727717e+00
9.94725275e-01
9.81098901e-01
1.00078144e+00
1.03560440e+00
1.01970696e+00
1.05301587e+00
1.01440781e+00
1.00910867e+00
1.00532357e+00
1.00305250e+00
9.98510379e-01
1.00683761e+00
1.00683761e+00
1.01592186e+00
9.96996337e-01
1.00910867e+00
9.84884005e-01
1.01440781e+00
1.06512821e+00
1.04014652e+00
1.00759463e+00
1.00759463e+00
1.00910867e+00
1.00608059e+00
9.85641026e-01
1.03636142e+00
1.01667888e+00
1.02273504e+00
1.00608059e+00
1.01289377e+00
1.01894994e+00
1.01667888e+00
1.00683761e+00
1.01365079e+00
1.00153846e+00
1.00456654e+00
9.87912088e-01
9.98510379e-01
1.02803419e+00
1.01667888e+00
1.00835165e+00
1.00456654e+00
1.02652015e+00
1.02046398e+00
1.01592186e+00
1.02576313e+00
1.02500611e+00
1.00153846e+00
1.01592186e+00
1.02652015e+00
1.02803419e+00
1.02349206e+00
9.86398046e-01
9.93211233e-01
1.00380952e+00
1.01516484e+00
1.04695971e+00
1.02273504e+00
1.04468864e+00
1.02046398e+00
1.02576313e+00
1.01137973e+00
1.01894994e+00
1.02273504e+00
1.01365079e+00
1.02879121e+00
1.01062271e+00
1.00456654e+00
1.03333333e+00
1.01289377e+00
9.93211233e-01
1.01062271e+00
1.02652015e+00
1.01667888e+00
1.01213675e+00
1.01289377e+00
9.93211233e-01
1.00456654e+00
1.00986569e+00
1.01667888e+00
1.01137973e+00
1.00078144e+00
1.00380952e+00
1.01213675e+00
1.02652015e+00
1.02500611e+00
1.00910867e+00
9.93211233e-01
9.95482295e-01
9.84884005e-01
1.01970696e+00
9.97753358e-01
1.01289377e+00
1.00986569e+00
1.00910867e+00
1.02273504e+00
1.00532357e+00
1.01365079e+00
9.99267399e-01
1.01365079e+00
1.01365079e+00
9.87155067e-01
1.01213675e+00
1.01365079e+00
1.02273504e+00
1.00532357e+00
1.01743590e+00
1.04241758e+00
9.92454212e-01
9.95482295e-01
9.97753358e-01
1.00002442e+00
1.01213675e+00
1.00153846e+00
9.81855922e-01
9.96239316e-01
1.01667888e+00
1.03181929e+00
1.00835165e+00
9.75799756e-01
1.02273504e+00
1.01667888e+00
9.87155067e-01
1.01213675e+00
1.00835165e+00
1.01743590e+00
1.00456654e+00
1.01289377e+00
1.00532357e+00
9.96239316e-01
1.01440781e+00
1.00532357e+00
1.01440781e+00
1.06285714e+00
9.93968254e-01
1.01819292e+00
1.01365079e+00
1.00759463e+00
1.05982906e+00
1.01743590e+00
1.03636142e+00
1.05982906e+00
9.96239316e-01
1.00986569e+00
1.00229548e+00
1.02954823e+00
1.03636142e+00
1.01970696e+00
1.02879121e+00
1.00608059e+00
1.01365079e+00
1.03181929e+00
9.90940171e-01
9.96239316e-01
9.21294261e-01
1.00910867e+00
1.02122100e+00
9.88669109e-01
1.01894994e+00
1.00835165e+00
1.00153846e+00
1.00910867e+00
1.00229548e+00
1.00532357e+00
1.02197802e+00
1.01365079e+00
1.03863248e+00
9.91697192e-01
1.00835165e+00
9.89426129e-01
1.02803419e+00
9.47789988e-01
1.00153846e+00
1.02727717e+00
1.02046398e+00
1.01062271e+00
1.00608059e+00
1.02122100e+00
1.00986569e+00
9.92454212e-01
1.01667888e+00
9.99267399e-01
1.00380952e+00
1.02879121e+00
1.00986569e+00
9.94725275e-01
1.01365079e+00
1.00153846e+00
1.00835165e+00
1.00759463e+00
1.04014652e+00
1.02424908e+00
9.87155067e-01
1.01592186e+00
1.02046398e+00
1.00002442e+00
9.99267399e-01
1.00456654e+00
1.00532357e+00
9.52332112e-01
1.00078144e+00
1.02197802e+00
1.01289377e+00
1.04090354e+00
1.00456654e+00
9.96239316e-01
1.02879121e+00
1.01062271e+00
1.01289377e+00
1.01289377e+00
1.02046398e+00
1.02727717e+00
1.00456654e+00
1.00986569e+00
1.02349206e+00
1.01516484e+00
1.04771673e+00
1.02879121e+00
1.03257631e+00
1.00380952e+00
9.85641026e-01
1.02652015e+00
1.00683761e+00
1.01819292e+00
9.90183150e-01
1.00456654e+00
1.02122100e+00
1.00608059e+00
1.01137973e+00
1.00835165e+00
1.01970696e+00
1.01213675e+00
9.93968254e-01
1.04241758e+00
1.03636142e+00
9.83369963e-01
1.01667888e+00
1.03106227e+00
9.58388278e-01
1.00759463e+00
9.97753358e-01
1.03938950e+00
1.00456654e+00
1.00078144e+00
1.01440781e+00
1.01137973e+00
1.01062271e+00
1.03181929e+00
1.00835165e+00
1.01894994e+00
1.01440781e+00
1.00456654e+00
1.00078144e+00
1.00835165e+00
1.02424908e+00
9.89426129e-01
1.02046398e+00
1.02046398e+00
1.00153846e+00
1.01819292e+00
1.02727717e+00
1.00986569e+00
1.02349206e+00
1.00759463e+00
1.01743590e+00
1.00683761e+00
1.05755800e+00
1.01592186e+00
1.02197802e+00
1.00078144e+00
1.01667888e+00
1.01667888e+00
9.92454212e-01
9.28107448e-01
1.00456654e+00
1.00759463e+00
9.97753358e-01
1.00532357e+00
1.01970696e+00
1.01516484e+00
9.90940171e-01
1.01062271e+00
1.03560440e+00
1.00683761e+00
9.79584860e-01
1.05755800e+00
1.03181929e+00
9.96239316e-01
1.03181929e+00
1.03560440e+00
1.02803419e+00
1.00835165e+00
1.02500611e+00
1.00683761e+00
1.03181929e+00
1.03484737e+00
1.03711844e+00
1.03787546e+00
1.03711844e+00
1.03257631e+00
1.01440781e+00
1.02424908e+00
1.05907204e+00
1.07951160e+00
1.02273504e+00
1.02954823e+00
1.02803419e+00
1.01894994e+00
1.02879121e+00
1.02500611e+00
1.01213675e+00
1.02046398e+00
1.03181929e+00
1.01365079e+00
1.02576313e+00
1.01289377e+00
1.02122100e+00
1.01062271e+00
9.88669109e-01
9.89426129e-01
9.48547009e-01
1.01592186e+00
1.02197802e+00
1.00835165e+00
9.88669109e-01
1.03257631e+00
1.01819292e+00
1.02879121e+00
1.01894994e+00
1.03333333e+00
1.03181929e+00
1.03106227e+00
1.00532357e+00
1.02652015e+00
1.00683761e+00
1.02576313e+00
1.04241758e+00
1.03181929e+00
1.02879121e+00
1.01743590e+00
1.06891331e+00
1.02954823e+00
1.02954823e+00
1.03030525e+00
1.01743590e+00
1.02197802e+00
1.02652015e+00
1.02727717e+00
1.02349206e+00
1.02727717e+00
1.03181929e+00
1.04468864e+00
1.03181929e+00
1.01365079e+00
1.02879121e+00
1.04923077e+00
9.98510379e-01
9.97753358e-01
1.01667888e+00
1.01819292e+00
1.00229548e+00
1.00380952e+00
1.01137973e+00
1.01365079e+00
1.03257631e+00
1.00835165e+00
1.03938950e+00
1.03106227e+00
1.02500611e+00
1.03560440e+00
9.40976801e-01
1.02122100e+00
9.76556777e-01
1.00759463e+00
1.06891331e+00
1.03106227e+00
1.02879121e+00
1.01819292e+00
1.02576313e+00
1.02879121e+00
1.03409035e+00
1.02500611e+00
1.05604396e+00
1.02954823e+00
1.01592186e+00
1.03787546e+00
1.02500611e+00
1.01743590e+00
1.00305250e+00
1.01137973e+00
1.01289377e+00
1.03787546e+00
1.02046398e+00
1.01062271e+00
1.00456654e+00
1.00380952e+00
1.00759463e+00
9.92454212e-01
9.93968254e-01
1.00532357e+00
1.00835165e+00
1.00153846e+00
1.00986569e+00
9.95482295e-01
1.00683761e+00
1.01062271e+00
1.04847375e+00
1.03106227e+00
1.03333333e+00
9.96996337e-01
1.01894994e+00
1.00835165e+00
1.01970696e+00
1.02349206e+00
1.01440781e+00
9.90183150e-01
1.02576313e+00
1.02349206e+00
1.04695971e+00
1.01289377e+00
9.90940171e-01
1.02349206e+00
1.05755800e+00
9.90940171e-01
1.02652015e+00
1.01667888e+00
1.01592186e+00
1.00759463e+00
1.00835165e+00
1.01743590e+00
1.01894994e+00
1.01970696e+00
1.01137973e+00
1.03257631e+00
1.00153846e+00
1.02197802e+00
1.02879121e+00
9.95482295e-01
9.76556777e-01
9.94725275e-01
1.01213675e+00
1.03106227e+00
1.00078144e+00
1.01365079e+00
1.00910867e+00
1.02576313e+00
1.00910867e+00
1.00683761e+00
1.02500611e+00
1.02576313e+00
1.01894994e+00
1.01743590e+00
9.89426129e-01
1.02879121e+00
1.00835165e+00
1.01894994e+00
1.03787546e+00
1.04923077e+00
9.99267399e-01
1.02197802e+00
1.03181929e+00
1.00456654e+00
1.03333333e+00
1.04544567e+00
1.02954823e+00
1.02879121e+00
9.92454212e-01
1.00759463e+00
1.04241758e+00
1.01592186e+00
9.79584860e-01
9.98510379e-01
1.01289377e+00
1.01213675e+00
1.00305250e+00
9.90940171e-01
1.01667888e+00
1.00759463e+00
9.91697192e-01
1.01743590e+00
1.01667888e+00
1.05528694e+00
1.01440781e+00
9.77313797e-01
1.00153846e+00
9.85641026e-01
9.78070818e-01
1.02576313e+00
1.02349206e+00
1.00305250e+00
1.03181929e+00
1.02197802e+00
1.01970696e+00
1.00683761e+00
1.00986569e+00
1.00229548e+00
1.02273504e+00
1.02576313e+00
1.04998779e+00
1.02046398e+00
9.99267399e-01
1.06437118e+00
1.00910867e+00
1.01365079e+00
1.02803419e+00
1.06967033e+00
1.00759463e+00
9.90940171e-01
1.02500611e+00
1.00608059e+00
1.02727717e+00
1.02954823e+00
1.01137973e+00
1.01894994e+00
1.01970696e+00
1.02879121e+00
9.96239316e-01
1.04090354e+00
1.01365079e+00
1.00759463e+00
1.01970696e+00
1.00759463e+00
1.02954823e+00
1.02122100e+00
1.04695971e+00
1.01667888e+00
1.02879121e+00
1.03257631e+00
1.03181929e+00
1.03106227e+00
1.02803419e+00
1.00683761e+00
1.03484737e+00
1.02500611e+00
1.01289377e+00
1.03106227e+00
1.02803419e+00
1.01440781e+00
1.03333333e+00
1.04393162e+00
1.02273504e+00
9.91697192e-01
1.04544567e+00
1.04923077e+00
1.02576313e+00
1.02424908e+00
1.03257631e+00
