1.03636142e+00
1.04620269e+00
1.04166056e+00
1.06361416e+00
1.03257631e+00
1.05301587e+00
1.04923077e+00
1.05377289e+00
1.05604396e+00
1.03938950e+00
1.04166056e+00
1.04393162e+00
1.06210012e+00
1.07648352e+00
1.03409035e+00
1.04090354e+00
1.04998779e+00
1.05377289e+00
1.01289377e+00
1.03181929e+00
1.05528694e+00
1.04771673e+00
1.06210012e+00
1.04998779e+00
1.05528694e+00
1.04393162e+00
1.05982906e+00
1.06512821e+00
1.08102564e+00
1.05301587e+00
1.03938950e+00
1.05907204e+00
1.06058608e+00
1.05150183e+00
1.00759463e+00
1.06210012e+00
1.15521368e+00
1.05074481e+00
1.04771673e+00
1.06361416e+00
1.04998779e+00
1.04393162e+00
1.03787546e+00
1.06739927e+00
1.03257631e+00
1.05074481e+00
1.06664225e+00
1.04620269e+00
1.03409035e+00
9.90183150e-01
1.04090354e+00
1.03333333e+00
1.05225885e+00
1.04923077e+00
1.04014652e+00
1.03711844e+00
1.04468864e+00
1.04771673e+00
1.05225885e+00
1.05074481e+00
1.06134310e+00
1.07118437e+00
1.05452991e+00
1.06134310e+00
1.06134310e+00
1.06285714e+00
1.06967033e+00
1.02879121e+00
1.03106227e+00
1.08026862e+00
1.06588523e+00
1.02727717e+00
1.05982906e+00
1.05755800e+00
1.06210012e+00
1.04998779e+00
1.05377289e+00
1.04620269e+00
1.05074481e+00
1.04090354e+00
1.05982906e+00
1.04923077e+00
1.04317460e+00
1.05831502e+00
1.08026862e+00
1.02879121e+00
1.06134310e+00
1.00456654e+00
1.02954823e+00
1.03787546e+00
1.03484737e+00
1.04090354e+00
1.04090354e+00
1.02046398e+00
1.04090354e+00
1.07648352e+00
1.01743590e+00
1.01667888e+00
1.07194139e+00
1.04620269e+00
1.00835165e+00
1.04847375e+00
1.04393162e+00
1.04014652e+00
1.04998779e+00
1.06285714e+00
1.05377289e+00
1.04847375e+00
1.05377289e+00
1.05604396e+00
1.07269841e+00
1.07724054e+00
1.05755800e+00
1.07951160e+00
1.04695971e+00
1.05301587e+00
1.03409035e+00
1.02652015e+00
1.06512821e+00
1.04998779e+00
1.05604396e+00
1.05907204e+00
1.06437118e+00
1.04014652e+00
1.03863248e+00
1.04620269e+00
1.04771673e+00
1.02500611e+00
1.06891331e+00
1.03636142e+00
1.04544567e+00
1.02576313e+00
1.08026862e+00
1.04090354e+00
1.04923077e+00
1.04771673e+00
1.04014652e+00
1.06285714e+00
1.06134310e+00
1.05755800e+00
1.04241758e+00
1.04241758e+00
1.05831502e+00
1.03409035e+00
1.04771673e+00
1.08556777e+00
1.03711844e+00
1.04317460e+00
1.05680098e+00
1.02500611e+00
1.04771673e+00
1.08405372e+00
1.06588523e+00
1.04695971e+00
1.04771673e+00
1.05452991e+00
1.06815629e+00
1.05680098e+00
1.04468864e+00
1.04998779e+00
1.06512821e+00
1.04998779e+00
1.02576313e+00
1.08708181e+00
1.08708181e+00
1.04998779e+00
1.05377289e+00
1.03333333e+00
1.07572650e+00
1.03711844e+00
1.03787546e+00
1.04090354e+00
1.03787546e+00
1.04393162e+00
1.03560440e+00
1.05982906e+00
1.02046398e+00
1.06210012e+00
1.03257631e+00
1.04847375e+00
1.04998779e+00
1.00683761e+00
1.06285714e+00
1.03863248e+00
1.04847375e+00
1.07421245e+00
1.07042735e+00
1.05452991e+00
1.05225885e+00
1.04847375e+00
1.06134310e+00
1.04166056e+00
1.04923077e+00
1.04620269e+00
1.05377289e+00
1.02576313e+00
1.05301587e+00
1.08405372e+00
1.04998779e+00
1.02273504e+00
1.04923077e+00
1.06437118e+00
1.05452991e+00
1.04847375e+00
1.04090354e+00
1.05528694e+00
1.05604396e+00
1.03863248e+00
1.04847375e+00
1.05074481e+00
1.04393162e+00
1.05982906e+00
1.02273504e+00
1.04771673e+00
1.08026862e+00
1.07572650e+00
1.04241758e+00
1.03560440e+00
1.04393162e+00
1.05680098e+00
1.05831502e+00
1.06588523e+00
1.06437118e+00
1.06210012e+00
1.05680098e+00
1.06210012e+00
1.05907204e+00
1.01516484e+00
1.05982906e+00
1.08783883e+00
1.05907204e+00
1.03938950e+00
1.06361416e+00
1.04014652e+00
1.05225885e+00
1.06815629e+00
1.04771673e+00
1.04014652e+00
1.06588523e+00
1.04620269e+00
1.04090354e+00
1.05907204e+00
1.05528694e+00
1.05150183e+00
1.04620269e+00
1.04923077e+00
1.05907204e+00
1.05452991e+00
1.01894994e+00
1.05377289e+00
1.04923077e+00
1.03938950e+00
1.01667888e+00
1.01667888e+00
1.03484737e+00
1.03181929e+00
1.02803419e+00
1.03711844e+00
1.06361416e+00
1.04923077e+00
1.03409035e+00
1.06437118e+00
1.04847375e+00
1.02424908e+00
1.06588523e+00
1.04620269e+00
1.05225885e+00
1.03863248e+00
1.04923077e+00
1.04544567e+00
1.06134310e+00
1.04241758e+00
1.05377289e+00
1.06361416e+00
1.05604396e+00
1.05528694e+00
1.05528694e+00
1.02273504e+00
1.06058608e+00
1.07345543e+00
1.04090354e+00
1.07345543e+00
1.05528694e+00
1.04998779e+00
1.07799756e+00
1.03938950e+00
1.04620269e+00
1.07118437e+00
1.03484737e+00
1.03484737e+00
1.03787546e+00
1.04998779e+00
1.04090354e+00
1.02803419e+00
1.03106227e+00
1.06739927e+00
1.03257631e+00
1.03409035e+00
1.03560440e+00
1.05452991e+00
1.04998779e+00
1.05074481e+00
1.09995116e+00
1.05074481e+00
1.06285714e+00
1.04090354e+00
1.03409035e+00
1.04771673e+00
1.06134310e+00
1.05074481e+00
1.03787546e+00
1.04847375e+00
1.04771673e+00
1.01137973e+00
1.09616606e+00
1.07421245e+00
1.07421245e+00
1.05225885e+00
1.07572650e+00
1.06210012e+00
1.03787546e+00
1.05377289e+00
1.05831502e+00
1.04923077e+00
1.03636142e+00
1.06891331e+00
1.05225885e+00
1.08481074e+00
1.02727717e+00
1.01894994e+00
1.01440781e+00
1.03333333e+00
1.02727717e+00
1.01289377e+00
1.04090354e+00
1.06891331e+00
1.02727717e+00
1.03787546e+00
1.03560440e+00
1.03257631e+00
1.02954823e+00
1.05150183e+00
1.06210012e+00
1.04166056e+00
1.01440781e+00
1.06739927e+00
1.08026862e+00
1.08178266e+00
1.08632479e+00
1.05452991e+00
1.04923077e+00
1.01440781e+00
1.05604396e+00
1.06815629e+00
1.05301587e+00
1.05982906e+00
1.05301587e+00
1.05452991e+00
1.04468864e+00
1.03636142e+00
1.05755800e+00
1.08935287e+00
1.07648352e+00
1.05150183e+00
1.08026862e+00
1.04166056e+00
1.05301587e+00
1.05301587e+00
1.04241758e+00
1.03787546e+00
1.03106227e+00
1.04317460e+00
1.04620269e+00
1.02500611e+00
1.02803419e+00
1.04998779e+00
1.04014652e+00
1.07724054e+00
1.05907204e+00
1.03484737e+00
1.06058608e+00
1.06815629e+00
1.04998779e+00
1.08026862e+00
1.04998779e+00
1.07724054e+00
1.06815629e+00
1.04923077e+00
1.06664225e+00
1.04771673e+00
1.04544567e+00
1.05301587e+00
1.03787546e+00
1.06210012e+00
1.07951160e+00
1.07648352e+00
1.04620269e+00
1.07496947e+00
1.06739927e+00
1.08935287e+00
1.04620269e+00
1.06588523e+00
1.04544567e+00
1.03484737e+00
1.06210012e+00
1.06134310e+00
1.04166056e+00
1.06210012e+00
1.05301587e+00
1.02046398e+00
1.04998779e+00
1.00380952e+00
1.06588523e+00
1.02803419e+00
1.03484737e+00
1.02273504e+00
1.03409035e+00
1.03938950e+00
1.05074481e+00
1.03938950e+00
1.03938950e+00
1.05074481e+00
1.05604396e+00
1.04998779e+00
1.04090354e+00
1.03636142e+00
1.03181929e+00
1.05150183e+00
1.04166056e+00
1.05074481e+00
1.04014652e+00
1.03030525e+00
1.05907204e+00
1.14688645e+00
1.04468864e+00
1.07269841e+00
1.07875458e+00
1.05377289e+00
1.05452991e+00
1.04241758e+00
1.06815629e+00
1.05301587e+00
1.02727717e+00
1.05680098e+00
1.06891331e+00
1.06058608e+00
1.04241758e+00
1.08026862e+00
1.05680098e+00
1.04771673e+00
1.03409035e+00
1.07118437e+00
1.03333333e+00
1.05680098e+00
1.03181929e+00
1.05604396e+00
1.03484737e+00
1.03938950e+00
1.03863248e+00
1.02046398e+00
1.03787546e+00
1.00608059e+00
1.05377289e+00
1.06891331e+00
1.05982906e+00
1.06285714e+00
1.02803419e+00
1.05680098e+00
1.06058608e+00
1.03863248e+00
1.04620269e+00
1.06210012e+00
1.05074481e+00
1.04393162e+00
1.06512821e+00
1.05604396e+00
1.07118437e+00
1.03711844e+00
1.04695971e+00
1.05377289e+00
1.00153846e+00
1.07269841e+00
1.04468864e+00
1.03938950e+00
1.04771673e+00
1.08329670e+00
1.06058608e+00
1.04317460e+00
1.05907204e+00
1.04393162e+00
1.03863248e+00
1.03787546e+00
1.03333333e+00
1.03636142e+00
1.08026862e+00
1.02652015e+00
1.03560440e+00
1.01592186e+00
1.02954823e+00
1.02197802e+00
1.01894994e+00
1.08329670e+00
1.05225885e+00
1.03863248e+00
1.05301587e+00
1.04166056e+00
1.04544567e+00
1.05301587e+00
1.04695971e+00
1.04998779e+00
1.05907204e+00
1.02273504e+00
1.05982906e+00
1.02349206e+00
1.05528694e+00
1.02879121e+00
1.03711844e+00
1.04771673e+00
9.88669109e-01
1.09540904e+00
1.04468864e+00
1.04998779e+00
1.06210012e+00
1.06512821e+00
1.04998779e+00
1.05907204e+00
1.05074481e+00
1.04317460e+00
1.11282051e+00
1.05150183e+00
1.04544567e+00
1.03711844e+00
1.04695971e+00
1.02652015e+00
1.07648352e+00
1.03863248e+00
1.04620269e+00
1.04241758e+00
1.04090354e+00
1.03257631e+00
1.03181929e+00
1.05452991e+00
1.04847375e+00
1.05680098e+00
1.06210012e+00
1.08178266e+00
1.05907204e+00
1.05604396e+00
1.02500611e+00
1.07421245e+00
1.04998779e+00
1.05528694e+00
1.05528694e+00
1.05831502e+00
1.01894994e+00
1.03938950e+00
1.05377289e+00
1.04847375e+00
1.05604396e+00
1.06891331e+00
1.07421245e+00
1.05680098e+00
1.05680098e+00
1.07345543e+00
1.02652015e+00
1.04923077e+00
1.06285714e+00
1.03938950e+00
1.04847375e+00
1.02954823e+00
1.05301587e+00
1.04241758e+00
1.03938950e+00
1.04620269e+00
1.03484737e+00
1.03181929e+00
1.04014652e+00
1.03711844e+00
1.02576313e+00
9.85641026e-01
1.03787546e+00
1.04998779e+00
1.05150183e+00
1.05225885e+00
1.04847375e+00
1.05225885e+00
1.05831502e+00
1.04317460e+00
1.04923077e+00
1.06739927e+00
1.05831502e+00
1.03863248e+00
1.06285714e+00
1.09010989e+00
1.06739927e+00
1.03560440e+00
1.09086691e+00
1.05982906e+00
1.02879121e+00
1.04695971e+00
1.06512821e+00
1.05907204e+00
1.03106227e+00
1.05831502e+00
1.05528694e+00
1.04620269e+00
1.04393162e+00
1.06134310e+00
1.05377289e+00
1.05225885e+00
1.04923077e+00
1.01970696e+00
1.06134310e+00
1.05680098e+00
1.02197802e+00
1.04317460e+00
1.08178266e+00
1.04317460e+00
1.04620269e+00
1.02652015e+00
1.04241758e+00
1.03711844e+00
1.04393162e+00
1.04998779e+00
1.05831502e+00
1.05907204e+00
1.04014652e+00
1.02803419e+00
1.05150183e+00
1.08405372e+00
1.03863248e+00
1.03711844e+00
1.05225885e+00
1.00835165e+00
1.03333333e+00
1.03711844e+00
1.03333333e+00
1.06210012e+00
1.05907204e+00
1.04544567e+00
1.04771673e+00
1.06437118e+00
1.05604396e+00
1.04166056e+00
1.06134310e+00
1.07345543e+00
1.08102564e+00
1.05225885e+00
1.05074481e+00
1.03484737e+00
1.04241758e+00
1.02122100e+00
1.08102564e+00
1.04166056e+00
1.04090354e+00
1.02500611e+00
1.04620269e+00
1.04241758e+00
1.02727717e+00
1.02879121e+00
1.04393162e+00
1.03333333e+00
1.06437118e+00
1.03560440e+00
1.04771673e+00
1.05528694e+00
1.05907204e+00
1.04166056e+00
1.04620269e+00
1.07345543e+00
1.05982906e+00
1.05452991e+00
1.06285714e+00
1.05225885e+00
1.06134310e+00
1.05528694e+00
1.04923077e+00
1.05604396e+00
1.06739927e+00
1.07194139e+00
1.02122100e+00
1.07345543e+00
1.05982906e+00
1.04014652e+00
1.04241758e+00
1.05680098e+00
1.02500611e+00
1.04620269e+00
1.06285714e+00
1.05301587e+00
1.05150183e+00
1.03863248e+00
1.03711844e+00
1.07421245e+00
1.01592186e+00
1.05680098e+00
1.04771673e+00
1.03938950e+00
1.01592186e+00
1.04923077e+00
1.04695971e+00
1.05452991e+00
1.04468864e+00
1.03787546e+00
1.04393162e+00
1.05377289e+00
1.06058608e+00
1.04393162e+00
1.04014652e+00
1.05528694e+00
1.04923077e+00
1.02046398e+00
1.04014652e+00
1.01289377e+00
1.04090354e+00
1.04998779e+00
1.04090354e+00
1.08102564e+00
1.01365079e+00
1.04998779e+00
1.05755800e+00
1.04090354e+00
1.05074481e+00
1.06134310e+00
1.04317460e+00
1.06285714e+00
1.06210012e+00
1.02122100e+00
1.04241758e+00
1.06361416e+00
1.02652015e+00
1.04468864e+00
1.01592186e+00
1.02576313e+00
1.02122100e+00
1.06815629e+00
1.04847375e+00
1.04393162e+00
1.06361416e+00
1.04317460e+00
1.05074481e+00
1.04166056e+00
1.04166056e+00
1.02046398e+00
1.01743590e+00
1.02803419e+00
1.07421245e+00
1.04468864e+00
1.06512821e+00
1.05074481e+00
1.03181929e+00
1.03560440e+00
1.06285714e+00
1.07118437e+00
1.06134310e+00
1.04771673e+00
1.02879121e+00
1.04317460e+00
1.05604396e+00
1.03711844e+00
1.05150183e+00
1.05225885e+00
1.05377289e+00
1.06815629e+00
1.03711844e+00
1.06058608e+00
1.06210012e+00
1.04998779e+00
1.03484737e+00
1.06891331e+00
1.04923077e+00
1.04771673e+00
1.04998779e+00
1.04393162e+00
1.03863248e+00
1.04771673e+00
1.02879121e+00
1.03787546e+00
1.03030525e+00
1.04771673e+00
1.05528694e+00
1.03938950e+00
1.06437118e+00
1.07799756e+00
1.05907204e+00
1.06210012e+00
1.03938950e+00
1.04695971e+00
1.04771673e+00
1.04771673e+00
1.04695971e+00
1.06134310e+00
1.05528694e+00
1.07118437e+00
1.05528694e+00
1.09616606e+00
9.76556777e-01
1.09389499e+00
1.02197802e+00
1.05528694e+00
1.11054945e+00
1.05225885e+00
1.04998779e+00
1.05377289e+00
1.05074481e+00
1.04695971e+00
1.05452991e+00
1.04695971e+00
1.04771673e+00
1.04090354e+00
1.04393162e+00
1.01894994e+00
1.05604396e+00
1.01365079e+00
1.05907204e+00
1.04090354e+00
1.00456654e+00
1.07118437e+00
1.05301587e+00
1.05225885e+00
1.03484737e+00
1.03636142e+00
1.04317460e+00
1.01819292e+00
1.04393162e+00
1.05528694e+00
1.01894994e+00
1.04923077e+00
1.04090354e+00
1.06588523e+00
1.07194139e+00
1.04998779e+00
1.08329670e+00
1.01516484e+00
1.03181929e+00
1.04620269e+00
1.03636142e+00
1.05907204e+00
1.06058608e+00
1.05907204e+00
1.06210012e+00
1.05225885e+00
1.06361416e+00
1.06285714e+00
1.05150183e+00
1.08329670e+00
1.09238095e+00
1.05452991e+00
1.04998779e+00
1.04998779e+00
1.05831502e+00
1.02803419e+00
1.04998779e+00
1.05680098e+00
1.04090354e+00
1.04468864e+00
1.05301587e+00
1.03333333e+00
1.06437118e+00
1.03938950e+00
1.05074481e+00
1.02954823e+00
1.04998779e+00
1.02879121e+00
1.04468864e+00
1.06588523e+00
1.05982906e+00
1.06437118e+00
1.05301587e+00
1.08102564e+00
1.05831502e+00
1.04544567e+00
1.05907204e+00
1.06134310e+00
1.05074481e+00
1.06210012e+00
1.03711844e+00
1.04014652e+00
1.00683761e+00
1.02046398e+00
1.08026862e+00
1.07118437e+00
1.07572650e+00
1.00608059e+00
1.02879121e+00
1.05907204e+00
1.04090354e+00
1.03863248e+00
1.03938950e+00
1.04923077e+00
1.05755800e+00
1.04620269e+00
1.04998779e+00
1.03863248e+00
1.04771673e+00
1.09616606e+00
1.02879121e+00
1.02122100e+00
1.04468864e+00
1.07875458e+00
1.03333333e+00
1.00532357e+00
1.02046398e+00
1.02122100e+00
1.04998779e+00
1.04847375e+00
1.04544567e+00
1.04998779e+00
1.05604396e+00
1.05225885e+00
1.04998779e+00
1.06134310e+00
1.07951160e+00
1.07345543e+00
1.04317460e+00
1.03333333e+00
1.06285714e+00
1.03333333e+00
1.07042735e+00
1.05452991e+00
1.04771673e+00
1.06285714e+00
1.05150183e+00
1.06815629e+00
1.05907204e+00
1.06285714e+00
1.06361416e+00
1.06058608e+00
1.06739927e+00
1.04014652e+00
1.03257631e+00
1.05074481e+00
1.07269841e+00
1.04695971e+00
1.03484737e+00
1.03409035e+00
1.03787546e+00
1.05074481e+00
1.02727717e+00
1.03333333e+00
1.04695971e+00
1.04998779e+00
1.04544567e+00
1.03484737e+00
1.08481074e+00
1.03484737e+00
1.06512821e+00
1.05604396e+00
1.04923077e+00
1.04923077e+00
1.05831502e+00
1.04393162e+00
1.04468864e+00
1.05225885e+00
1.05755800e+00
1.05452991e+00
1.04393162e+00
1.05755800e+00
1.03636142e+00
1.05225885e+00
1.05982906e+00
1.04620269e+00
1.04241758e+00
1.03257631e+00
1.04771673e+00
1.03938950e+00
1.08178266e+00
1.05074481e+00
1.05831502e+00
1.05074481e+00
1.04695971e+00
1.04166056e+00
1.01970696e+00
1.04695971e+00
1.02273504e+00
1.04847375e+00
1.05528694e+00
1.04090354e+00
1.05074481e+00
1.08102564e+00
1.02576313e+00
1.08708181e+00
1.04620269e+00
1.04393162e+00
1.06058608e+00
1.03636142e+00
1.06739927e+00
1.05074481e+00
1.05452991e+00
1.04090354e+00
1.04998779e+00
1.06361416e+00
1.05074481e+00
1.06512821e+00
1.08783883e+00
1.04695971e+00
1.01819292e+00
1.05150183e+00
9.15238095e-01
1.03560440e+00
1.04695971e+00
1.06512821e+00
1.09086691e+00
1.05604396e+00
1.05831502e+00
1.05528694e+00
1.05377289e+00
1.05982906e+00
1.05301587e+00
1.05150183e+00
1.05680098e+00
1.04166056e+00
1.00608059e+00
1.04771673e+00
1.08253968e+00
1.03030525e+00
1.04998779e+00
1.02954823e+00
1.05907204e+00
1.05604396e+00
1.03711844e+00
1.04847375e+00
1.03333333e+00
1.04695971e+00
1.03257631e+00
1.04998779e+00
1.04393162e+00
1.03484737e+00
1.17035409e+00
1.05528694e+00
1.07269841e+00
1.04620269e+00
1.04317460e+00
1.05150183e+00
1.05528694e+00
1.05074481e+00
1.04771673e+00
1.03409035e+00
1.05301587e+00
1.04090354e+00
1.05150183e+00
1.04998779e+00
1.03787546e+00
1.04090354e+00
1.06437118e+00
1.04317460e+00
1.06058608e+00
1.06437118e+00
1.03938950e+00
1.05301587e+00
1.06815629e+00
1.08708181e+00
1.04847375e+00
1.05074481e+00
1.07496947e+00
1.04695971e+00
1.04014652e+00
1.03181929e+00
1.04847375e+00
1.03484737e+00
1.02652015e+00
1.03938950e+00
1.04090354e+00
1.04468864e+00
1.05452991e+00
1.04544567e+00
1.03333333e+00
1.04923077e+00
1.07042735e+00
1.04620269e+00
1.00759463e+00
1.04998779e+00
1.05150183e+00
1.05452991e+00
1.06361416e+00
1.04923077e+00
1.07724054e+00
1.08405372e+00
1.06664225e+00
1.03560440e+00
1.05831502e+00
1.03484737e+00
1.04317460e+00
1.05604396e+00
1.04620269e+00
1.03863248e+00
1.06588523e+00
1.04393162e+00
1.06058608e+00
1.05907204e+00
1.04998779e+00
1.04620269e+00
1.04620269e+00
1.05831502e+00
1.07799756e+00
1.07875458e+00
1.05225885e+00
1.01819292e+00
1.03106227e+00
1.01819292e+00
1.04771673e+00
1.06058608e+00
1.07118437e+00
1.03484737e+00
1.03030525e+00
1.03181929e+00
1.03409035e+00
1.04241758e+00
1.06210012e+00
1.06058608e+00
1.03257631e+00
1.04544567e+00
1.07118437e+00
9.91697192e-01
1.06134310e+00
1.05074481e+00
1.03106227e+00
1.06210012e+00
1.04544567e+00
1.04166056e+00
1.04014652e+00
1.04998779e+00
1.06437118e+00
1.05301587e+00
1.03257631e+00
1.03863248e+00
1.05225885e+00
1.03106227e+00
9.72771673e-01
1.04695971e+00
1.04771673e+00
1.06361416e+00
1.05604396e+00
1.04393162e+00
1.02576313e+00
1.04620269e+00
1.02879121e+00
1.01970696e+00
1.03938950e+00
1.03711844e+00
1.05074481e+00
1.03711844e+00
1.03030525e+00
1.03863248e+00
1.05225885e+00
9.87912088e-01
1.03560440e+00
1.01213675e+00
1.06512821e+00
1.10070818e+00
1.05150183e+00
1.03181929e+00
1.05074481e+00
1.05074481e+00
1.05604396e+00
1.05907204e+00
1.05377289e+00
1.05982906e+00
1.05301587e+00
1.03863248e+00
1.07194139e+00
1.05604396e+00
1.03787546e+00
1.09162393e+00
1.04090354e+00
1.05452991e+00
1.03787546e+00
1.04620269e+00
1.04468864e+00
1.04166056e+00
1.04695971e+00
1.04544567e+00
1.04090354e+00
1.04923077e+00
1.05755800e+00
1.05680098e+00
1.05150183e+00
1.06058608e+00
1.08102564e+00
1.02576313e+00
1.05452991e+00
1.02273504e+00
1.06588523e+00
1.03560440e+00
1.05074481e+00
1.05982906e+00
1.05377289e+00
1.05377289e+00
1.06058608e+00
1.05150183e+00
1.04923077e+00
1.04468864e+00
1.04998779e+00
1.05452991e+00
1.03636142e+00
1.04468864e+00
1.04695971e+00
1.04620269e+00
1.08178266e+00
1.06134310e+00
1.03787546e+00
1.04317460e+00
1.05604396e+00
1.05907204e+00
1.05452991e+00
1.05907204e+00
1.05831502e+00
1.05604396e+00
1.03484737e+00
1.04847375e+00
1.07724054e+00
1.02879121e+00
1.06512821e+00
1.04166056e+00
1.05301587e+00
1.05604396e+00
1.08708181e+00
1.02727717e+00
1.03787546e+00
1.02046398e+00
1.04014652e+00
1.03863248e+00
1.04014652e+00
1.03106227e+00
1.04241758e+00
1.05680098e+00
1.03030525e+00
9.56117216e-01
1.05982906e+00
1.03257631e+00
1.04771673e+00
1.05680098e+00
1.04771673e+00
1.04847375e+00
1.08556777e+00
1.04620269e+00
1.05907204e+00
1.06512821e+00
1.04393162e+00
1.05755800e+00
1.04393162e+00
1.05301587e+00
1.05150183e+00
1.04771673e+00
1.06815629e+00
1.05604396e+00
1.06134310e+00
1.05452991e+00
1.04620269e+00
1.05225885e+00
1.04317460e+00
1.05301587e+00
1.05604396e+00
1.05150183e+00
1.07042735e+00
1.05982906e+00
1.05301587e+00
1.04771673e+00
1.04695971e+00
1.00229548e+00
1.02879121e+00
1.03030525e+00
1.04620269e+00
1.03106227e+00
1.00532357e+00
1.02046398e+00
1.03106227e+00
1.04695971e+00
1.01667888e+00
1.06285714e+00
1.05301587e+00
1.04847375e+00
1.08102564e+00
1.04695971e+00
1.05604396e+00
1.04317460e+00
1.06967033e+00
1.03409035e+00
1.03257631e+00
9.86398046e-01
1.10146520e+00
1.05604396e+00
9.78070818e-01
1.01667888e+00
1.04847375e+00
1.06815629e+00
1.04620269e+00
1.05528694e+00
1.05074481e+00
1.04014652e+00
1.04090354e+00
1.05755800e+00
1.04166056e+00
1.04090354e+00
1.09843712e+00
1.04620269e+00
1.01062271e+00
1.05831502e+00
1.03787546e+00
1.04090354e+00
1.01743590e+00
1.02954823e+00
1.01894994e+00
1.05301587e+00
1.02803419e+00
1.02954823e+00
1.03938950e+00
1.04923077e+00
1.02197802e+00
1.03938950e+00
1.03863248e+00
1.04090354e+00
1.06285714e+00
1.04468864e+00
1.04847375e+00
1.06891331e+00
1.07345543e+00
1.06512821e+00
1.04544567e+00
1.06815629e+00
1.06891331e+00
1.05907204e+00
1.05907204e+00
1.05831502e+00
1.05907204e+00
1.04241758e+00
1.06058608e+00
1.06058608e+00
1.04771673e+00
1.05604396e+00
1.05150183e+00
1.04998779e+00
1.09086691e+00
1.02879121e+00
1.06739927e+00
1.03333333e+00
1.06134310e+00
1.03863248e+00
1.04544567e+00
1.03636142e+00
1.03863248e+00
1.03787546e+00
1.01213675e+00
1.03863248e+00
1.05301587e+00
1.08859585e+00
1.01137973e+00
1.03636142e+00
1.02122100e+00
1.05680098e+00
1.03257631e+00
1.04393162e+00
1.06437118e+00
1.03636142e+00
1.04393162e+00
1.04695971e+00
1.06815629e+00
1.05074481e+00
1.04771673e+00
1.02727717e+00
1.01289377e+00
1.02954823e+00
1.05982906e+00
1.02954823e+00
1.09313797e+00
1.02954823e+00
1.04695971e+00
1.03181929e+00
1.08329670e+00
1.05377289e+00
1.05907204e+00
1.03938950e+00
1.05301587e+00
1.01592186e+00
1.05150183e+00
1.04014652e+00
1.01137973e+00
1.02727717e+00
1.04014652e+00
1.04090354e+00
1.04923077e+00
1.03257631e+00
1.04241758e+00
1.03560440e+00
1.02122100e+00
1.02727717e+00
1.03787546e+00
1.04166056e+00
1.03257631e+00
1.04393162e+00
1.05604396e+00
1.04847375e+00
1.05150183e+00
1.03181929e+00
1.07951160e+00
1.05301587e+00
1.02046398e+00
1.07496947e+00
1.06285714e+00
1.04166056e+00
1.04393162e+00
1.04620269e+00
1.04090354e+00
1.05604396e+00
1.05528694e+00
1.05982906e+00
1.05680098e+00
1.05301587e+00
1.05528694e+00
1.06058608e+00
1.08178266e+00
1.03787546e+00
1.04241758e+00
1.04847375e+00
1.08708181e+00
1.05452991e+00
1.02500611e+00
1.03938950e+00
1.05225885e+00
1.05150183e+00
1.02424908e+00
1.04998779e+00
1.06210012e+00
1.04090354e+00
1.01970696e+00
1.05604396e+00
1.07118437e+00
1.06512821e+00
1.05301587e+00
1.02576313e+00
1.07421245e+00
1.08329670e+00
1.05301587e+00
1.06891331e+00
1.05604396e+00
1.06588523e+00
1.05831502e+00
1.04771673e+00
1.06815629e+00
1.04468864e+00
1.05907204e+00
1.05680098e+00
1.05982906e+00
1.04847375e+00
1.09540904e+00
1.05755800e+00
1.04166056e+00
1.03181929e+00
1.02576313e+00
1.05831502e+00
1.01970696e+00
1.06285714e+00
1.07269841e+00
1.04014652e+00
1.06210012e+00
1.05831502e+00
1.03181929e+00
1.04468864e+00
1.06210012e+00
1.05074481e+00
1.03636142e+00
1.02727717e+00
1.07042735e+00
1.02652015e+00
1.00910867e+00
1.03181929e+00
1.04544567e+00
1.02803419e+00
1.02424908e+00
1.03787546e+00
1.05301587e+00
1.04923077e+00
1.04393162e+00
1.06210012e+00
1.02803419e+00
1.02954823e+00
1.03181929e+00
1.06664225e+00
1.03257631e+00
1.01667888e+00
1.06512821e+00
1.04771673e+00
1.07724054e+00
1.07875458e+00
1.05074481e+00
1.05074481e+00
1.05301587e+00
1.05604396e+00
1.07194139e+00
1.06134310e+00
1.06512821e+00
1.06967033e+00
1.03484737e+00
1.05907204e+00
1.08935287e+00
1.02803419e+00
1.07496947e+00
1.00683761e+00
1.05225885e+00
1.09238095e+00
1.05225885e+00
1.03863248e+00
1.04090354e+00
1.03484737e+00
1.05528694e+00
1.04998779e+00
1.03711844e+00
1.03787546e+00
1.03106227e+00
1.02652015e+00
1.05150183e+00
1.03030525e+00
1.09238095e+00
1.05604396e+00
1.05074481e+00
1.05528694e+00
1.05755800e+00
1.06210012e+00
1.05225885e+00
1.07118437e+00
1.05377289e+00
1.05225885e+00
1.04393162e+00
1.05528694e+00
1.06210012e+00
1.04090354e+00
1.02273504e+00
1.08026862e+00
1.06210012e+00
1.06058608e+00
1.03636142e+00
1.04695971e+00
1.01062271e+00
1.04998779e+00
1.03787546e+00
1.05225885e+00
1.04468864e+00
1.04695971e+00
1.03787546e+00
1.03333333e+00
1.03787546e+00
1.04620269e+00
1.03938950e+00
1.04014652e+00
1.08708181e+00
1.04771673e+00
1.02954823e+00
1.05225885e+00
1.05528694e+00
1.04393162e+00
1.05907204e+00
1.07421245e+00
1.05301587e+00
1.05907204e+00
1.06058608e+00
1.05755800e+00
1.05982906e+00
1.05604396e+00
1.04317460e+00
1.06437118e+00
1.09465201e+00
1.03333333e+00
1.04241758e+00
1.07194139e+00
1.05301587e+00
1.08859585e+00
1.08102564e+00
1.05680098e+00
1.05831502e+00
1.05225885e+00
1.03636142e+00
1.06134310e+00
1.04771673e+00
1.05452991e+00
1.05604396e+00
1.04166056e+00
1.05150183e+00
1.05831502e+00
1.06361416e+00
1.02576313e+00
1.04468864e+00
1.04317460e+00
1.07118437e+00
1.03938950e+00
1.06285714e+00
1.03181929e+00
1.04014652e+00
1.05982906e+00
1.01970696e+00
1.05604396e+00
1.04544567e+00
1.04544567e+00
1.05150183e+00
1.05604396e+00
1.07572650e+00
1.04090354e+00
1.07345543e+00
1.07118437e+00
1.04468864e+00
9.90940171e-01
1.08253968e+00
1.06512821e+00
1.04544567e+00
1.05982906e+00
1.04620269e+00
1.04695971e+00
1.04393162e+00
1.04393162e+00
1.02879121e+00
1.04923077e+00
1.07951160e+00
1.05225885e+00
1.11357753e+00
1.02727717e+00
1.06134310e+00
1.01819292e+00
1.02122100e+00
1.02576313e+00
1.06967033e+00
1.05074481e+00
1.04998779e+00
1.05831502e+00
1.03333333e+00
1.01289377e+00
1.04923077e+00
1.03787546e+00
1.04847375e+00
1.02652015e+00
1.02349206e+00
1.03711844e+00
1.07042735e+00
1.05074481e+00
1.05528694e+00
1.05907204e+00
1.05150183e+00
1.05680098e+00
1.05604396e+00
1.05301587e+00
1.06134310e+00
1.05225885e+00
1.07269841e+00
1.04923077e+00
1.06361416e+00
1.08026862e+00
1.03409035e+00
1.04014652e+00
1.04544567e+00
1.06058608e+00
1.05604396e+00
1.06739927e+00
1.03106227e+00
1.08481074e+00
1.05528694e+00
1.05377289e+00
1.06739927e+00
1.06134310e+00
1.05680098e+00
1.06739927e+00
1.04998779e+00
1.05604396e+00
1.06739927e+00
1.04014652e+00
1.04014652e+00
1.08253968e+00
1.02954823e+00
1.02652015e+00
1.02652015e+00
1.02576313e+00
1.05074481e+00
1.02424908e+00
1.03560440e+00
1.04771673e+00
1.04014652e+00
1.05755800e+00
1.04923077e+00
1.05150183e+00
1.05452991e+00
1.05755800e+00
1.06361416e+00
1.04544567e+00
1.09238095e+00
1.04620269e+00
1.03181929e+00
1.06134310e+00
1.03787546e+00
1.05528694e+00
1.04695971e+00
1.04393162e+00
1.05831502e+00
1.05831502e+00
1.05680098e+00
1.04090354e+00
1.05225885e+00
1.04090354e+00
1.04998779e+00
1.04923077e+00
1.03333333e+00
1.04771673e+00
1.01365079e+00
1.08556777e+00
1.04847375e+00
1.06815629e+00
1.05377289e+00
1.05528694e+00
1.03560440e+00
1.03560440e+00
1.04393162e+00
1.05907204e+00
1.03711844e+00
1.03560440e+00
1.05604396e+00
9.89426129e-01
1.06437118e+00
1.00002442e+00
1.02576313e+00
1.07799756e+00
1.04393162e+00
1.08481074e+00
1.05907204e+00
1.06285714e+00
1.05301587e+00
1.05982906e+00
1.04771673e+00
1.04998779e+00
1.05452991e+00
1.08102564e+00
1.03409035e+00
1.04923077e+00
1.05150183e+00
1.06512821e+00
1.06361416e+00
1.03181929e+00
1.05982906e+00
1.02803419e+00
1.05301587e+00
1.03863248e+00
1.06134310e+00
1.06058608e+00
1.05225885e+00
1.04620269e+00
1.06058608e+00
1.03181929e+00
1.04166056e+00
1.03181929e+00
1.05301587e+00
1.03257631e+00
1.06134310e+00
1.03030525e+00
1.01592186e+00
1.03333333e+00
1.04695971e+00
1.04468864e+00
1.03711844e+00
1.05528694e+00
1.04923077e+00
1.05680098e+00
1.05831502e+00
1.03787546e+00
1.04544567e+00
1.06361416e+00
1.01440781e+00
1.05377289e+00
1.08102564e+00
1.05301587e+00
1.05452991e+00
1.03938950e+00
1.05377289e+00
1.05074481e+00
1.06512821e+00
1.04393162e+00
1.05604396e+00
1.05377289e+00
1.05150183e+00
1.07118437e+00
1.04923077e+00
1.04393162e+00
1.05982906e+00
1.03181929e+00
1.06512821e+00
1.02500611e+00
1.04620269e+00
1.03257631e+00
1.07648352e+00
1.02197802e+00
1.01062271e+00
1.04317460e+00
1.03484737e+00
1.04014652e+00
1.02803419e+00
1.03863248e+00
1.03560440e+00
1.03711844e+00
1.05680098e+00
1.02122100e+00
9.74285714e-01
1.05150183e+00
1.04620269e+00
1.05225885e+00
1.02879121e+00
1.06437118e+00
1.01365079e+00
1.07194139e+00
1.05604396e+00
1.05680098e+00
1.04847375e+00
1.06437118e+00
1.06134310e+00
1.04771673e+00
1.03106227e+00
1.08026862e+00
1.07118437e+00
1.09162393e+00
1.06361416e+00
1.03257631e+00
1.06285714e+00
1.04847375e+00
1.07648352e+00
1.02046398e+00
1.04771673e+00
1.05452991e+00
1.05982906e+00
1.05301587e+00
1.05377289e+00
1.05377289e+00
1.04166056e+00
1.01819292e+00
9.75799756e-01
1.02197802e+00
1.02879121e+00
1.05150183e+00
1.07269841e+00
1.02349206e+00
1.03333333e+00
1.02197802e+00
1.07572650e+00
1.06134310e+00
1.05377289e+00
1.04695971e+00
1.05680098e+00
1.03787546e+00
1.05982906e+00
1.01592186e+00
1.03863248e+00
1.07799756e+00
1.03560440e+00
1.02652015e+00
1.06588523e+00
1.03484737e+00
1.02727717e+00
1.01970696e+00
1.05377289e+00
1.03484737e+00
1.06210012e+00
1.04166056e+00
1.06134310e+00
1.03863248e+00
1.04998779e+00
1.04620269e+00
1.07194139e+00
1.04998779e+00
1.05452991e+00
1.01516484e+00
1.05528694e+00
1.01743590e+00
1.03787546e+00
1.08405372e+00
1.03484737e+00
1.03257631e+00
1.04166056e+00
1.03484737e+00
1.04166056e+00
1.04090354e+00
1.04014652e+00
1.03409035e+00
1.03938950e+00
1.06588523e+00
1.06361416e+00
1.02879121e+00
1.02879121e+00
1.03636142e+00
1.10222222e+00
1.08481074e+00
1.06967033e+00
1.04620269e+00
1.03636142e+00
1.05907204e+00
1.06512821e+00
1.04393162e+00
1.05982906e+00
1.06664225e+00
1.04090354e+00
1.05074481e+00
1.08329670e+00
1.06437118e+00
1.10146520e+00
1.04317460e+00
1.04317460e+00
1.03560440e+00
1.03787546e+00
1.05150183e+00
1.04771673e+00
1.08329670e+00
1.05452991e+00
1.05074481e+00
1.04393162e+00
1.04695971e+00
1.04090354e+00
1.04695971e+00
1.05377289e+00
1.07572650e+00
1.03257631e+00
1.05377289e+00
1.03106227e+00
1.03560440e+00
1.05301587e+00
1.07421245e+00
1.05301587e+00
1.06739927e+00
1.02349206e+00
1.05907204e+00
1.05074481e+00
1.03787546e+00
1.04771673e+00
1.04620269e+00
1.04090354e+00
1.03181929e+00
1.05452991e+00
1.05907204e+00
1.04468864e+00
1.08481074e+00
1.02576313e+00
1.06285714e+00
1.02727717e+00
1.07496947e+00
1.03560440e+00
1.05528694e+00
1.05755800e+00
1.05225885e+00
1.05680098e+00
1.04923077e+00
1.04771673e+00
1.03938950e+00
1.06058608e+00
1.05452991e+00
1.08481074e+00
1.01062271e+00
1.05225885e+00
1.04317460e+00
1.07951160e+00
1.06891331e+00
1.02197802e+00
1.03257631e+00
1.04998779e+00
1.05150183e+00
1.03333333e+00
1.06058608e+00
1.05301587e+00
1.06891331e+00
1.04544567e+00
1.05755800e+00
1.03181929e+00
1.04998779e+00
1.07951160e+00
1.05301587e+00
1.04090354e+00
1.04393162e+00
1.05604396e+00
1.06437118e+00
1.05907204e+00
1.06512821e+00
1.05074481e+00
1.06891331e+00
1.05982906e+00
1.05377289e+00
1.07345543e+00
1.05150183e+00
1.08253968e+00
1.08935287e+00
1.05150183e+00
1.03181929e+00
1.02500611e+00
1.05604396e+00
1.07345543e+00
1.06815629e+00
1.05452991e+00
1.05452991e+00
1.00683761e+00
1.03938950e+00
1.05150183e+00
1.04090354e+00
1.05680098e+00
1.01592186e+00
1.03636142e+00
1.02576313e+00
1.02727717e+00
1.07572650e+00
1.05225885e+00
1.04923077e+00
1.05074481e+00
1.04166056e+00
1.07345543e+00
1.04923077e+00
1.05377289e+00
1.05831502e+00
1.06058608e+00
1.05907204e+00
1.05528694e+00
1.05528694e+00
1.04090354e+00
1.05377289e+00
1.00835165e+00
1.04393162e+00
1.05528694e+00
1.05604396e+00
1.05528694e+00
1.08481074e+00
1.05831502e+00
1.02727717e+00
1.05301587e+00
1.04544567e+00
1.05452991e+00
1.04544567e+00
1.04998779e+00
1.03787546e+00
1.04998779e+00
1.03106227e+00
1.08405372e+00
1.07421245e+00
1.04393162e+00
1.01743590e+00
1.03787546e+00
1.02273504e+00
1.06361416e+00
1.05831502e+00
1.02122100e+00
1.03257631e+00
1.04468864e+00
1.05907204e+00
1.04544567e+00
1.07194139e+00
1.04923077e+00
1.08556777e+00
1.05301587e+00
1.06437118e+00
1.06058608e+00
1.06512821e+00
1.04241758e+00
1.06210012e+00
1.05680098e+00
1.09238095e+00
1.07724054e+00
1.04468864e+00
1.04998779e+00
1.04695971e+00
1.05982906e+00
1.05831502e+00
1.04241758e+00
1.05301587e+00
1.04771673e+00
1.06512821e+00
1.03106227e+00
1.06512821e+00
1.03863248e+00
1.07042735e+00
1.04847375e+00
1.04771673e+00
1.03938950e+00
1.04014652e+00
1.04166056e+00
1.04317460e+00
1.04014652e+00
1.03863248e+00
1.04695971e+00
1.04695971e+00
1.01667888e+00
1.00380952e+00
1.05528694e+00
1.08026862e+00
1.04544567e+00
1.06815629e+00
1.05150183e+00
1.05074481e+00
1.04771673e+00
1.03333333e+00
1.04468864e+00
1.04620269e+00
1.05755800e+00
1.05604396e+00
1.08481074e+00
1.07118437e+00
1.04317460e+00
1.05680098e+00
1.04014652e+00
1.04998779e+00
1.04923077e+00
1.03030525e+00
1.03787546e+00
1.05982906e+00
1.04998779e+00
1.06210012e+00
1.02273504e+00
1.04317460e+00
1.05150183e+00
1.05074481e+00
1.04544567e+00
1.03938950e+00
1.04847375e+00
1.05982906e+00
1.05225885e+00
1.03106227e+00
1.06815629e+00
1.04695971e+00
1.05452991e+00
1.03863248e+00
1.02803419e+00
1.06891331e+00
1.05982906e+00
1.04998779e+00
1.04317460e+00
1.04771673e+00
1.05831502e+00
1.05907204e+00
1.05452991e+00
1.08935287e+00
1.07118437e+00
1.05755800e+00
1.07648352e+00
1.06437118e+00
1.08481074e+00
1.08632479e+00
1.01970696e+00
1.06967033e+00
1.09162393e+00
1.03257631e+00
1.04241758e+00
1.07345543e+00
1.06210012e+00
1.04771673e+00
1.04771673e+00
1.06739927e+00
1.06210012e+00
1.04317460e+00
1.04090354e+00
1.10146520e+00
1.01592186e+00
1.01970696e+00
1.05452991e+00
1.00759463e+00
1.03030525e+00
1.01894994e+00
1.01894994e+00
1.04393162e+00
1.04620269e+00
1.05301587e+00
1.04544567e+00
1.03181929e+00
1.04695971e+00
1.05150183e+00
1.05225885e+00
1.02349206e+00
1.04998779e+00
1.02273504e+00
1.06967033e+00
1.09919414e+00
1.05452991e+00
1.04998779e+00
1.05301587e+00
1.05301587e+00
1.04998779e+00
1.04620269e+00
1.06058608e+00
1.04695971e+00
1.04544567e+00
1.04771673e+00
1.05831502e+00
1.05680098e+00
1.06588523e+00
1.02879121e+00
1.04090354e+00
1.07799756e+00
1.05907204e+00
1.04998779e+00
1.04090354e+00
1.02273504e+00
1.04014652e+00
1.05680098e+00
1.05301587e+00
1.03863248e+00
1.03711844e+00
1.03030525e+00
1.04090354e+00
1.02576313e+00
1.07496947e+00
1.08405372e+00
1.04468864e+00
1.04620269e+00
1.02122100e+00
1.04998779e+00
1.04771673e+00
1.05301587e+00
1.05680098e+00
1.04393162e+00
1.04923077e+00
1.07724054e+00
1.06058608e+00
1.04695971e+00
1.05150183e+00
1.07421245e+00
1.07118437e+00
1.07421245e+00
1.08481074e+00
1.02500611e+00
1.05528694e+00
1.06437118e+00
1.07421245e+00
1.04771673e+00
1.05604396e+00
1.04923077e+00
1.03711844e+00
1.04847375e+00
1.05831502e+00
1.05301587e+00
1.03030525e+00
1.04847375e+00
1.05377289e+00
1.05301587e+00
1.04090354e+00
1.03484737e+00
1.01289377e+00
1.05074481e+00
1.04695971e+00
1.03030525e+00
9.27350427e-01
1.03787546e+00
1.04923077e+00
1.01894994e+00
1.04090354e+00
1.04090354e+00
1.04923077e+00
1.04317460e+00
1.04998779e+00
1.03560440e+00
1.05225885e+00
1.04393162e+00
1.02652015e+00
1.03711844e+00
1.08481074e+00
1.04166056e+00
1.07724054e+00
1.05301587e+00
1.05982906e+00
1.04620269e+00
1.05301587e+00
1.05301587e+00
1.05528694e+00
1.01062271e+00
1.05907204e+00
1.04923077e+00
1.05301587e+00
1.04620269e+00
1.03560440e+00
1.05301587e+00
1.07194139e+00
1.05301587e+00
1.03863248e+00
1.05225885e+00
1.06285714e+00
1.04317460e+00
1.04847375e+00
1.03181929e+00
1.02500611e+00
1.04393162e+00
1.05301587e+00
1.03787546e+00
1.04090354e+00
1.05755800e+00
1.05150183e+00
1.08102564e+00
1.02954823e+00
1.07496947e+00
1.02576313e+00
1.07269841e+00
1.04998779e+00
1.06967033e+00
1.04620269e+00
1.05528694e+00
1.04998779e+00
1.05150183e+00
1.05452991e+00
1.05074481e+00
1.05301587e+00
1.03333333e+00
1.08026862e+00
1.05755800e+00
1.05528694e+00
1.07951160e+00
1.04998779e+00
1.04166056e+00
1.02576313e+00
1.04695971e+00
1.07875458e+00
1.05377289e+00
1.03863248e+00
1.02500611e+00
1.04014652e+00
1.04544567e+00
1.05225885e+00
1.01667888e+00
1.04090354e+00
1.01743590e+00
1.07042735e+00
1.07194139e+00
1.02879121e+00
1.02879121e+00
1.06588523e+00
1.02879121e+00
1.06815629e+00
1.04393162e+00
1.04393162e+00
1.05982906e+00
1.04090354e+00
1.03938950e+00
1.04241758e+00
1.04771673e+00
1.06285714e+00
1.02954823e+00
1.06058608e+00
1.03636142e+00
1.06134310e+00
1.09616606e+00
1.05150183e+00
1.05074481e+00
1.03333333e+00
1.05680098e+00
1.04393162e+00
1.06134310e+00
1.05150183e+00
1.04923077e+00
1.04241758e+00
1.01516484e+00
1.04468864e+00
1.05074481e+00
1.04923077e+00
1.03484737e+00
1.03787546e+00
1.05604396e+00
1.03257631e+00
1.04393162e+00
1.04468864e+00
1.04695971e+00
1.03787546e+00
1.03863248e+00
1.04695971e+00
1.06967033e+00
1.03787546e+00
1.03636142e+00
1.04014652e+00
1.00759463e+00
1.05074481e+00
1.05225885e+00
1.06210012e+00
1.08481074e+00
1.05528694e+00
1.05982906e+00
1.06210012e+00
1.06437118e+00
1.05831502e+00
1.05982906e+00
1.05301587e+00
1.07118437e+00
1.04847375e+00
1.05225885e+00
1.05225885e+00
1.06588523e+00
1.04544567e+00
1.04695971e+00
1.04544567e+00
1.05528694e+00
1.05452991e+00
1.08935287e+00
1.04998779e+00
1.04393162e+00
1.04695971e+00
1.07042735e+00
1.07421245e+00
1.05452991e+00
1.04468864e+00
1.05301587e+00
1.02803419e+00
1.03938950e+00
1.01516484e+00
1.03333333e+00
1.04544567e+00
1.03636142e+00
1.02879121e+00
1.02803419e+00
1.02652015e+00
1.03560440e+00
1.05982906e+00
1.10449328e+00
1.05150183e+00
1.05604396e+00
1.05150183e+00
1.04090354e+00
1.05680098e+00
1.05604396e+00
1.05377289e+00
1.05907204e+00
1.02954823e+00
1.07194139e+00
1.08405372e+00
1.04241758e+00
1.05907204e+00
1.02803419e+00
1.05907204e+00
1.05301587e+00
1.04166056e+00
1.04090354e+00
1.03560440e+00
1.04090354e+00
1.04620269e+00
1.05831502e+00
1.04014652e+00
1.04166056e+00
1.02500611e+00
1.08329670e+00
1.03560440e+00
1.04241758e+00
1.06891331e+00
1.08783883e+00
1.02954823e+00
1.04695971e+00
1.02727717e+00
1.03333333e+00
1.04695971e+00
1.01970696e+00
1.04166056e+00
1.03484737e+00
1.05150183e+00
1.03863248e+00
1.04923077e+00
1.04544567e+00
1.05907204e+00
1.08178266e+00
1.06210012e+00
1.04544567e+00
1.05528694e+00
1.05301587e+00
1.08102564e+00
1.04771673e+00
1.05907204e+00
1.05755800e+00
1.04998779e+00
1.03863248e+00
1.05604396e+00
1.04998779e+00
1.02954823e+00
1.05225885e+00
1.02803419e+00
1.03636142e+00
1.04771673e+00
1.03863248e+00
1.08632479e+00
1.08935287e+00
1.05452991e+00
1.02954823e+00
1.07421245e+00
1.05680098e+00
1.03711844e+00
1.03409035e+00
1.03938950e+00
1.03257631e+00
1.03787546e+00
1.04771673e+00
1.07572650e+00
1.04468864e+00
1.02500611e+00
1.05604396e+00
1.04166056e+00
1.05907204e+00
1.04923077e+00
1.04544567e+00
1.03106227e+00
1.06134310e+00
1.06512821e+00
1.05680098e+00
1.07118437e+00
1.03787546e+00
1.03938950e+00
1.06361416e+00
1.04241758e+00
1.05150183e+00
1.05452991e+00
1.00380952e+00
1.02803419e+00
1.05225885e+00
1.04620269e+00
1.02349206e+00
1.04317460e+00
1.04847375e+00
1.04166056e+00
1.05150183e+00
1.06588523e+00
1.03863248e+00
1.04393162e+00
1.04847375e+00
1.05528694e+00
1.06512821e+00
1.07421245e+00
1.01819292e+00
1.07799756e+00
1.04014652e+00
1.06967033e+00
1.03560440e+00
1.04695971e+00
1.06361416e+00
1.05301587e+00
1.04393162e+00
1.03787546e+00
1.05377289e+00
1.03711844e+00
1.05604396e+00
1.05907204e+00
1.04317460e+00
1.05831502e+00
1.05680098e+00
1.11509158e+00
1.07951160e+00
1.07345543e+00
1.02727717e+00
1.04695971e+00
1.03030525e+00
1.08178266e+00
1.04393162e+00
1.05452991e+00
1.04317460e+00
1.04241758e+00
1.06512821e+00
1.05074481e+00
1.05074481e+00
1.04923077e+00
1.04014652e+00
1.03030525e+00
1.05982906e+00
1.07951160e+00
1.06210012e+00
1.04166056e+00
1.04468864e+00
1.04468864e+00
1.06815629e+00
1.04544567e+00
1.04468864e+00
1.03106227e+00
1.05150183e+00
1.04468864e+00
1.03787546e+00
1.02652015e+00
1.03181929e+00
1.08102564e+00
1.05680098e+00
1.06210012e+00
1.05301587e+00
1.04695971e+00
1.05150183e+00
1.04998779e+00
1.04771673e+00
1.05301587e+00
1.04695971e+00
1.04695971e+00
1.05377289e+00
1.05377289e+00
1.04998779e+00
1.05528694e+00
1.05150183e+00
1.04468864e+00
1.04014652e+00
1.09995116e+00
1.04771673e+00
1.04847375e+00
1.03560440e+00
1.05301587e+00
1.05377289e+00
1.00456654e+00
1.05377289e+00
1.03938950e+00
1.05150183e+00
1.04695971e+00
1.04014652e+00
1.06210012e+00
1.04998779e+00
1.05150183e+00
1.03560440e+00
1.09843712e+00
1.03863248e+00
1.06210012e+00
1.01894994e+00
1.04090354e+00
1.05604396e+00
1.04166056e+00
1.02500611e+00
1.05831502e+00
1.05301587e+00
1.05225885e+00
1.05604396e+00
1.05301587e+00
1.05831502e+00
1.05604396e+00
1.05377289e+00
1.08178266e+00
1.06361416e+00
1.07496947e+00
1.05074481e+00
1.06285714e+00
1.09313797e+00
1.04847375e+00
1.06815629e+00
1.04090354e+00
1.05604396e+00
1.05680098e+00
1.06058608e+00
1.05982906e+00
1.06210012e+00
1.06891331e+00
1.05150183e+00
1.07118437e+00
1.03787546e+00
1.06739927e+00
1.04695971e+00
1.02500611e+00
1.07345543e+00
1.04317460e+00
1.04090354e+00
1.03181929e+00
1.09010989e+00
1.03711844e+00
1.05225885e+00
1.03560440e+00
1.03409035e+00
1.04468864e+00
1.03636142e+00
1.05680098e+00
1.09010989e+00
1.04923077e+00
1.05377289e+00
1.09540904e+00
1.08405372e+00
1.06058608e+00
1.03409035e+00
1.05074481e+00
1.05831502e+00
1.04393162e+00
1.05225885e+00
1.03787546e+00
1.04695971e+00
1.03560440e+00
1.06361416e+00
1.04166056e+00
1.05604396e+00
1.02803419e+00
1.06815629e+00
1.02576313e+00
1.05150183e+00
1.06891331e+00
1.09162393e+00
1.07724054e+00
1.05528694e+00
1.05982906e+00
1.05074481e+00
1.05604396e+00
1.05831502e+00
1.04090354e+00
1.03181929e+00
1.04014652e+00
1.03863248e+00
1.05452991e+00
1.05982906e+00
1.07799756e+00
1.03333333e+00
1.01289377e+00
1.05150183e+00
1.04393162e+00
1.01365079e+00
1.04090354e+00
1.05680098e+00
1.04620269e+00
1.06815629e+00
1.04090354e+00
1.06664225e+00
1.05680098e+00
1.07421245e+00
1.04695971e+00
1.04317460e+00
1.04998779e+00
1.05074481e+00
1.03484737e+00
1.03711844e+00
1.05301587e+00
1.06588523e+00
1.08708181e+00
1.09238095e+00
1.05301587e+00
1.05225885e+00
1.03636142e+00
1.02576313e+00
1.05150183e+00
1.05528694e+00
1.04695971e+00
1.05074481e+00
1.03787546e+00
1.07194139e+00
1.03106227e+00
1.02273504e+00
1.07042735e+00
1.01667888e+00
1.01516484e+00
1.00078144e+00
1.02879121e+00
1.04695971e+00
1.02197802e+00
1.02879121e+00
1.04317460e+00
1.06664225e+00
1.06210012e+00
1.04090354e+00
1.07951160e+00
1.05377289e+00
1.07724054e+00
1.04695971e+00
1.00986569e+00
1.07572650e+00
1.09768010e+00
1.04923077e+00
1.04620269e+00
1.05225885e+00
1.04166056e+00
1.04468864e+00
1.05907204e+00
1.05074481e+00
1.04468864e+00
1.04923077e+00
1.06210012e+00
1.08632479e+00
1.00456654e+00
1.04923077e+00
1.06134310e+00
1.05680098e+00
1.06815629e+00
1.04393162e+00
1.05225885e+00
1.06361416e+00
1.05452991e+00
1.03333333e+00
1.04090354e+00
1.02954823e+00
1.04544567e+00
1.01819292e+00
1.04544567e+00
1.04241758e+00
1.02576313e+00
1.02727717e+00
1.03787546e+00
1.04090354e+00
1.03257631e+00
1.07875458e+00
1.03711844e+00
1.03636142e+00
1.03257631e+00
1.04695971e+00
1.03711844e+00
1.05528694e+00
1.05225885e+00
1.05604396e+00
1.04620269e+00
1.02803419e+00
1.05982906e+00
1.05604396e+00
1.04544567e+00
1.06058608e+00
1.04166056e+00
1.06512821e+00
1.05377289e+00
1.04166056e+00
1.01970696e+00
1.05528694e+00
1.04014652e+00
1.06512821e+00
1.01516484e+00
1.05680098e+00
1.05831502e+00
1.04998779e+00
1.07421245e+00
1.05074481e+00
