1.10827839e+00
1.09465201e+00
1.10525031e+00
1.09162393e+00
1.12568987e+00
1.10222222e+00
1.13553114e+00
1.10903541e+00
1.13553114e+00
1.10979243e+00
1.10827839e+00
1.09843712e+00
1.12871795e+00
1.10827839e+00
1.09768010e+00
1.09919414e+00
1.09919414e+00
1.08859585e+00
1.12266178e+00
1.11054945e+00
1.10297924e+00
1.09540904e+00
1.13098901e+00
1.07496947e+00
1.13931624e+00
1.07799756e+00
1.14688645e+00
1.10676435e+00
1.13250305e+00
1.10222222e+00
1.11054945e+00
1.10070818e+00
1.11509158e+00
1.11736264e+00
1.11433455e+00
1.09162393e+00
1.10525031e+00
1.11282051e+00
1.11282051e+00
1.13780220e+00
1.10752137e+00
1.11206349e+00
1.14461538e+00
1.08178266e+00
1.11660562e+00
1.10600733e+00
1.12266178e+00
1.10525031e+00
1.11357753e+00
1.11130647e+00
1.11130647e+00
1.10525031e+00
1.07269841e+00
1.14612943e+00
1.08026862e+00
1.11963370e+00
1.08026862e+00
1.09465201e+00
1.10146520e+00
1.09540904e+00
1.08405372e+00
1.10070818e+00
1.09162393e+00
1.10146520e+00
1.11887668e+00
1.10146520e+00
1.10827839e+00
1.11282051e+00
1.10373626e+00
1.12720391e+00
1.10222222e+00
1.10146520e+00
1.10449328e+00
1.08708181e+00
1.12871795e+00
1.11509158e+00
1.11660562e+00
1.09843712e+00
1.16126984e+00
1.09768010e+00
1.11584860e+00
1.11509158e+00
1.08783883e+00
1.10146520e+00
1.10827839e+00
1.11660562e+00
1.10146520e+00
1.12720391e+00
1.12796093e+00
1.10146520e+00
1.10827839e+00
1.10979243e+00
1.11357753e+00
1.09010989e+00
1.08253968e+00
1.06512821e+00
1.10600733e+00
1.09162393e+00
1.09768010e+00
1.10222222e+00
1.10903541e+00
1.08708181e+00
1.11130647e+00
1.11054945e+00
1.09616606e+00
1.10449328e+00
1.10600733e+00
1.10222222e+00
1.11054945e+00
1.11054945e+00
1.13401709e+00
1.10373626e+00
1.10449328e+00
1.09843712e+00
1.10525031e+00
1.12266178e+00
1.11130647e+00
1.11887668e+00
1.11509158e+00
1.10752137e+00
1.11811966e+00
1.08102564e+00
1.11054945e+00
1.10525031e+00
1.12341880e+00
1.14310134e+00
1.09010989e+00
1.10676435e+00
1.12568987e+00
1.10222222e+00
1.11660562e+00
1.11963370e+00
1.09616606e+00
1.09843712e+00
1.08556777e+00
1.08935287e+00
1.10449328e+00
1.08708181e+00
1.07345543e+00
1.09086691e+00
1.09389499e+00
1.10070818e+00
1.07194139e+00
1.13931624e+00
1.12341880e+00
1.11054945e+00
1.09919414e+00
1.10752137e+00
1.10827839e+00
1.10146520e+00
1.10146520e+00
1.10979243e+00
1.12568987e+00
1.12266178e+00
1.10297924e+00
1.07951160e+00
1.11887668e+00
1.11887668e+00
1.15294261e+00
1.12190476e+00
1.09389499e+00
1.10297924e+00
1.11736264e+00
1.11736264e+00
1.11660562e+00
1.10827839e+00
1.11736264e+00
1.11357753e+00
1.11584860e+00
1.11509158e+00
1.10752137e+00
1.15975580e+00
1.03181929e+00
1.09919414e+00
1.08026862e+00
1.10070818e+00
1.09540904e+00
1.08329670e+00
1.14915751e+00
1.08102564e+00
1.09692308e+00
1.11130647e+00
1.11963370e+00
1.11584860e+00
1.11584860e+00
1.11811966e+00
1.09162393e+00
1.13098901e+00
1.09919414e+00
1.10222222e+00
1.10525031e+00
1.12796093e+00
1.14688645e+00
1.09616606e+00
1.14991453e+00
1.12947497e+00
1.10827839e+00
1.09919414e+00
1.14083028e+00
1.11206349e+00
1.10827839e+00
1.09086691e+00
1.11584860e+00
1.09919414e+00
1.14537241e+00
1.14991453e+00
1.08708181e+00
1.11736264e+00
1.09919414e+00
1.07875458e+00
1.11811966e+00
1.09768010e+00
1.07421245e+00
1.08783883e+00
1.08405372e+00
1.10070818e+00
1.09692308e+00
1.09313797e+00
1.09238095e+00
1.09010989e+00
1.09313797e+00
1.12114774e+00
1.09465201e+00
1.10600733e+00
1.10373626e+00
1.07724054e+00
1.13704518e+00
1.11736264e+00
1.12114774e+00
1.11887668e+00
1.10903541e+00
1.10449328e+00
1.11736264e+00
1.11963370e+00
1.11130647e+00
1.10222222e+00
1.11433455e+00
1.11206349e+00
1.11433455e+00
1.11811966e+00
1.13553114e+00
1.12266178e+00
1.11054945e+00
1.11584860e+00
1.11130647e+00
1.13326007e+00
1.11130647e+00
1.10373626e+00
1.11357753e+00
1.10979243e+00
1.12266178e+00
1.09616606e+00
1.09768010e+00
1.10600733e+00
1.11130647e+00
1.10979243e+00
1.09843712e+00
1.09616606e+00
1.09086691e+00
1.11130647e+00
1.11357753e+00
1.10222222e+00
1.09919414e+00
1.10752137e+00
1.10297924e+00
1.10752137e+00
1.07421245e+00
1.10752137e+00
1.12341880e+00
1.12114774e+00
1.12644689e+00
1.09313797e+00
1.13098901e+00
1.08859585e+00
1.08708181e+00
1.11206349e+00
1.11130647e+00
1.12039072e+00
1.09238095e+00
1.10676435e+00
1.11282051e+00
1.10827839e+00
1.10449328e+00
1.10979243e+00
1.10070818e+00
1.12039072e+00
1.08783883e+00
1.14083028e+00
1.12266178e+00
1.14158730e+00
1.10146520e+00
1.11054945e+00
1.12341880e+00
1.11357753e+00
1.11963370e+00
1.11282051e+00
1.13326007e+00
1.09389499e+00
1.07194139e+00
1.10146520e+00
1.10827839e+00
1.10752137e+00
1.11130647e+00
1.10903541e+00
1.09616606e+00
1.11811966e+00
1.11887668e+00
1.11736264e+00
1.09086691e+00
1.11660562e+00
1.12266178e+00
1.11282051e+00
1.11054945e+00
1.12341880e+00
1.11887668e+00
1.11357753e+00
1.10979243e+00
1.13023199e+00
1.09010989e+00
1.11357753e+00
1.13250305e+00
1.10373626e+00
1.10676435e+00
1.13780220e+00
1.11433455e+00
1.14158730e+00
1.08708181e+00
1.11660562e+00
1.13401709e+00
1.09843712e+00
1.12568987e+00
1.11357753e+00
1.11887668e+00
1.12039072e+00
1.13326007e+00
1.11887668e+00
1.12266178e+00
1.15294261e+00
1.12039072e+00
1.09995116e+00
1.13780220e+00
1.11206349e+00
1.09919414e+00
1.14688645e+00
1.12644689e+00
1.05150183e+00
1.15899878e+00
1.13553114e+00
1.11130647e+00
1.13023199e+00
1.12568987e+00
1.12341880e+00
1.12190476e+00
1.14310134e+00
1.13855922e+00
1.14310134e+00
1.11433455e+00
1.14461538e+00
1.13628816e+00
1.12568987e+00
1.12190476e+00
1.16354090e+00
1.11963370e+00
1.12039072e+00
1.12039072e+00
1.11282051e+00
1.12871795e+00
1.12796093e+00
1.11887668e+00
1.13098901e+00
1.11963370e+00
1.11054945e+00
1.12039072e+00
1.10297924e+00
1.12341880e+00
1.08859585e+00
1.09540904e+00
1.08632479e+00
1.10449328e+00
1.10222222e+00
1.10600733e+00
1.09616606e+00
1.10222222e+00
1.10070818e+00
1.12266178e+00
1.12720391e+00
1.11130647e+00
1.08935287e+00
1.14234432e+00
1.12266178e+00
1.11054945e+00
1.13023199e+00
1.12039072e+00
1.13780220e+00
1.12644689e+00
1.16884005e+00
1.14991453e+00
1.10903541e+00
1.12947497e+00
1.12341880e+00
1.11887668e+00
1.12720391e+00
1.11130647e+00
1.12568987e+00
1.15824176e+00
1.12493284e+00
1.12114774e+00
1.07118437e+00
1.12720391e+00
1.12568987e+00
1.12190476e+00
1.10752137e+00
1.12190476e+00
1.11130647e+00
1.10600733e+00
1.11963370e+00
1.10146520e+00
1.11357753e+00
1.10070818e+00
1.10979243e+00
1.10903541e+00
1.11584860e+00
1.13326007e+00
1.14840049e+00
1.14991453e+00
1.11130647e+00
1.07118437e+00
1.11433455e+00
1.14688645e+00
1.11206349e+00
1.12114774e+00
1.11357753e+00
1.12341880e+00
1.11887668e+00
1.09843712e+00
1.12493284e+00
1.10903541e+00
1.00153846e+00
1.13780220e+00
1.11584860e+00
1.11736264e+00
1.12039072e+00
1.11130647e+00
1.19760684e+00
1.11660562e+00
1.08556777e+00
1.11660562e+00
1.10600733e+00
1.10297924e+00
1.12644689e+00
1.11811966e+00
1.11887668e+00
1.10146520e+00
1.10600733e+00
1.09843712e+00
1.11054945e+00
1.09768010e+00
1.08405372e+00
1.09465201e+00
1.11130647e+00
1.11811966e+00
1.08708181e+00
1.08481074e+00
1.09919414e+00
1.08935287e+00
1.09843712e+00
1.09389499e+00
1.10373626e+00
1.12720391e+00
1.10752137e+00
1.10146520e+00
1.09162393e+00
1.17338217e+00
1.11887668e+00
1.08708181e+00
1.12871795e+00
1.13780220e+00
1.08935287e+00
1.11130647e+00
1.10827839e+00
1.11054945e+00
1.10903541e+00
1.13628816e+00
1.10525031e+00
1.11509158e+00
1.12796093e+00
1.11357753e+00
1.11282051e+00
1.11357753e+00
1.10070818e+00
1.05301587e+00
1.10525031e+00
1.14083028e+00
1.09768010e+00
1.09465201e+00
1.08481074e+00
1.10449328e+00
1.08935287e+00
1.10449328e+00
1.08935287e+00
1.09086691e+00
1.10979243e+00
1.09238095e+00
1.08783883e+00
1.11584860e+00
1.07799756e+00
1.11130647e+00
1.11660562e+00
1.10903541e+00
1.13401709e+00
1.10979243e+00
1.09086691e+00
1.09843712e+00
1.09540904e+00
1.10449328e+00
1.11509158e+00
1.09465201e+00
1.11963370e+00
1.12720391e+00
1.10676435e+00
1.11887668e+00
1.08556777e+00
1.11357753e+00
1.10146520e+00
1.11206349e+00
1.08859585e+00
1.08405372e+00
1.09389499e+00
1.11887668e+00
1.09313797e+00
1.10449328e+00
1.09843712e+00
1.08556777e+00
1.10222222e+00
1.10070818e+00
1.11433455e+00
1.09086691e+00
1.08253968e+00
1.12190476e+00
1.10827839e+00
1.08708181e+00
1.07951160e+00
1.11357753e+00
1.12493284e+00
1.10146520e+00
1.13477411e+00
1.10070818e+00
1.10827839e+00
1.10373626e+00
1.11054945e+00
1.09995116e+00
1.09086691e+00
1.11130647e+00
1.08556777e+00
1.11963370e+00
1.12568987e+00
1.10297924e+00
1.09465201e+00
1.10449328e+00
1.12568987e+00
1.15597070e+00
1.10752137e+00
1.09162393e+00
1.12114774e+00
1.11054945e+00
1.12720391e+00
1.11054945e+00
1.10449328e+00
1.11357753e+00
1.11509158e+00
1.12190476e+00
1.15597070e+00
1.12341880e+00
1.10676435e+00
1.10752137e+00
1.11736264e+00
1.10373626e+00
1.11130647e+00
1.12341880e+00
1.08783883e+00
1.10146520e+00
1.10222222e+00
1.10146520e+00
1.12568987e+00
1.10752137e+00
1.10979243e+00
1.09919414e+00
1.11054945e+00
1.14310134e+00
1.10676435e+00
1.10525031e+00
1.06967033e+00
1.14915751e+00
1.10525031e+00
1.11357753e+00
1.09843712e+00
1.11509158e+00
1.11357753e+00
1.10146520e+00
1.10676435e+00
1.10297924e+00
1.12266178e+00
1.10146520e+00
1.09086691e+00
1.13326007e+00
1.11130647e+00
1.08935287e+00
1.08102564e+00
1.14688645e+00
1.10146520e+00
1.10449328e+00
1.11130647e+00
1.07496947e+00
1.13250305e+00
1.10222222e+00
1.12341880e+00
1.10146520e+00
1.08783883e+00
1.09313797e+00
1.12417582e+00
1.08708181e+00
1.10827839e+00
1.09086691e+00
1.07345543e+00
1.10979243e+00
1.10979243e+00
1.08632479e+00
1.11357753e+00
1.13553114e+00
1.10600733e+00
1.10525031e+00
1.10827839e+00
1.10449328e+00
1.11357753e+00
1.09465201e+00
1.11584860e+00
1.10070818e+00
1.09540904e+00
1.13477411e+00
1.10979243e+00
1.13704518e+00
1.12493284e+00
1.13628816e+00
1.14461538e+00
1.10752137e+00
1.11054945e+00
1.12796093e+00
1.11054945e+00
1.10676435e+00
1.13326007e+00
1.10146520e+00
1.10222222e+00
1.09313797e+00
1.10449328e+00
1.09389499e+00
1.07799756e+00
1.13174603e+00
1.13401709e+00
1.09616606e+00
1.10827839e+00
1.12190476e+00
1.07496947e+00
1.07875458e+00
1.09995116e+00
1.11054945e+00
1.11282051e+00
1.10449328e+00
1.08935287e+00
1.09616606e+00
1.09995116e+00
1.11357753e+00
1.08708181e+00
1.12114774e+00
1.12417582e+00
1.11357753e+00
1.08405372e+00
1.13780220e+00
1.11282051e+00
1.10297924e+00
1.12871795e+00
1.12114774e+00
1.10449328e+00
1.11660562e+00
1.10070818e+00
1.10979243e+00
1.11660562e+00
1.11736264e+00
1.09843712e+00
1.13023199e+00
1.12039072e+00
1.10373626e+00
1.10449328e+00
1.09238095e+00
1.07194139e+00
1.11660562e+00
1.09540904e+00
1.08556777e+00
1.10827839e+00
1.08859585e+00
1.09465201e+00
1.07269841e+00
1.09238095e+00
1.10449328e+00
1.12568987e+00
1.09843712e+00
1.07421245e+00
1.09313797e+00
1.10146520e+00
1.10827839e+00
1.12266178e+00
1.08556777e+00
1.09843712e+00
1.10600733e+00
1.09692308e+00
1.10827839e+00
1.11433455e+00
1.11282051e+00
1.09843712e+00
1.10600733e+00
1.10752137e+00
1.11054945e+00
1.11887668e+00
1.14083028e+00
1.07799756e+00
1.15445665e+00
1.12720391e+00
1.08935287e+00
1.11736264e+00
1.10979243e+00
1.11054945e+00
1.10449328e+00
1.12114774e+00
1.11963370e+00
1.12644689e+00
1.11660562e+00
1.09995116e+00
1.12341880e+00
1.15521368e+00
1.10146520e+00
1.11660562e+00
1.09768010e+00
1.02576313e+00
1.10070818e+00
1.09768010e+00
1.08178266e+00
1.12644689e+00
1.08632479e+00
1.09010989e+00
1.10070818e+00
1.10070818e+00
1.10222222e+00
1.10146520e+00
1.10449328e+00
1.10676435e+00
1.11206349e+00
1.11584860e+00
1.11660562e+00
1.11660562e+00
1.10146520e+00
1.09238095e+00
1.11282051e+00
1.09162393e+00
1.08632479e+00
1.10752137e+00
1.09465201e+00
1.09616606e+00
1.11357753e+00
1.08556777e+00
1.11054945e+00
1.13704518e+00
1.09238095e+00
1.11130647e+00
1.11584860e+00
1.10979243e+00
1.11282051e+00
1.10373626e+00
1.10449328e+00
1.11433455e+00
1.10827839e+00
1.11054945e+00
1.09843712e+00
1.09313797e+00
1.10070818e+00
1.12190476e+00
1.08935287e+00
1.09919414e+00
1.10297924e+00
1.09919414e+00
1.11357753e+00
1.13704518e+00
1.09540904e+00
1.09238095e+00
1.14310134e+00
1.11584860e+00
1.10600733e+00
1.10676435e+00
1.13780220e+00
1.11584860e+00
1.10449328e+00
1.11509158e+00
1.12417582e+00
1.11736264e+00
1.11206349e+00
1.10146520e+00
1.13098901e+00
1.10752137e+00
1.11660562e+00
1.11206349e+00
1.09995116e+00
1.12039072e+00
1.11054945e+00
1.14537241e+00
1.13250305e+00
1.11357753e+00
1.12871795e+00
1.10222222e+00
1.12039072e+00
1.11811966e+00
1.11660562e+00
1.09010989e+00
1.13704518e+00
1.08935287e+00
1.08783883e+00
1.12190476e+00
1.10676435e+00
1.11509158e+00
1.12947497e+00
1.09995116e+00
1.10903541e+00
1.11433455e+00
1.11054945e+00
1.10752137e+00
1.10297924e+00
1.10676435e+00
1.10449328e+00
1.10979243e+00
1.10979243e+00
1.11282051e+00
1.11584860e+00
1.13855922e+00
1.10827839e+00
1.15294261e+00
1.09995116e+00
1.10449328e+00
1.12039072e+00
1.10600733e+00
1.11887668e+00
1.12190476e+00
1.12114774e+00
1.09540904e+00
1.11130647e+00
1.09540904e+00
1.11357753e+00
1.11054945e+00
1.10827839e+00
1.12947497e+00
1.10449328e+00
1.12417582e+00
1.09843712e+00
1.10903541e+00
1.11357753e+00
1.11660562e+00
1.09389499e+00
1.09843712e+00
1.09465201e+00
1.11282051e+00
1.10827839e+00
1.12341880e+00
1.13098901e+00
1.11357753e+00
1.13780220e+00
1.13023199e+00
1.13704518e+00
1.10676435e+00
1.11206349e+00
1.13250305e+00
1.12266178e+00
1.11887668e+00
1.15294261e+00
1.08556777e+00
1.12644689e+00
1.12341880e+00
1.12796093e+00
1.12568987e+00
1.11736264e+00
1.12720391e+00
1.13477411e+00
1.12417582e+00
1.13931624e+00
1.12947497e+00
1.12417582e+00
1.11887668e+00
1.13174603e+00
1.10827839e+00
1.12493284e+00
1.12341880e+00
1.11130647e+00
1.11887668e+00
1.13250305e+00
1.12720391e+00
1.10070818e+00
1.11736264e+00
1.12266178e+00
1.11054945e+00
1.12796093e+00
1.06891331e+00
1.13401709e+00
1.09465201e+00
1.11811966e+00
1.11054945e+00
1.11054945e+00
1.12190476e+00
1.12190476e+00
1.12871795e+00
1.11433455e+00
1.12190476e+00
1.11887668e+00
1.11282051e+00
1.12493284e+00
1.13477411e+00
1.12114774e+00
1.09919414e+00
1.14537241e+00
1.10600733e+00
1.10979243e+00
1.12720391e+00
1.10903541e+00
1.10525031e+00
1.12568987e+00
1.12266178e+00
1.11206349e+00
1.12568987e+00
1.11130647e+00
1.13780220e+00
1.11811966e+00
1.12796093e+00
1.13401709e+00
1.13780220e+00
1.10525031e+00
1.11736264e+00
1.11054945e+00
1.10903541e+00
1.14385836e+00
1.10600733e+00
1.11584860e+00
1.07951160e+00
1.11357753e+00
1.10297924e+00
1.09692308e+00
1.09389499e+00
1.12568987e+00
1.10676435e+00
1.11357753e+00
1.09465201e+00
1.12644689e+00
1.14991453e+00
1.10525031e+00
1.11130647e+00
1.13326007e+00
1.12871795e+00
1.12493284e+00
1.11130647e+00
1.12266178e+00
1.14007326e+00
1.13174603e+00
1.14310134e+00
1.12493284e+00
1.13401709e+00
1.11282051e+00
1.14688645e+00
1.09995116e+00
1.15142857e+00
1.12190476e+00
1.14385836e+00
1.14915751e+00
1.13780220e+00
1.12114774e+00
1.11130647e+00
1.11509158e+00
1.11660562e+00
1.11357753e+00
1.11963370e+00
1.10979243e+00
1.09768010e+00
1.10222222e+00
1.08859585e+00
1.08859585e+00
1.12417582e+00
1.10752137e+00
1.11887668e+00
1.12266178e+00
1.11584860e+00
1.09616606e+00
1.12266178e+00
1.10676435e+00
1.05377289e+00
1.09919414e+00
1.10146520e+00
1.11357753e+00
1.12417582e+00
1.12039072e+00
1.13326007e+00
1.09843712e+00
1.10676435e+00
1.10752137e+00
1.09768010e+00
1.11584860e+00
1.01894994e+00
1.10373626e+00
1.09086691e+00
1.11357753e+00
1.11509158e+00
1.11357753e+00
1.10222222e+00
1.09843712e+00
1.10146520e+00
1.11811966e+00
1.10070818e+00
1.11811966e+00
1.10373626e+00
1.10449328e+00
1.11509158e+00
1.09465201e+00
1.08405372e+00
1.12341880e+00
1.09162393e+00
1.10979243e+00
1.10070818e+00
1.11509158e+00
1.12190476e+00
1.08859585e+00
1.10525031e+00
1.11282051e+00
1.10449328e+00
1.10449328e+00
1.11433455e+00
1.11357753e+00
1.09010989e+00
1.13931624e+00
1.14007326e+00
1.09843712e+00
1.11206349e+00
1.11282051e+00
1.09919414e+00
1.13250305e+00
1.09995116e+00
1.10525031e+00
1.12644689e+00
1.09995116e+00
1.10222222e+00
1.12417582e+00
1.10676435e+00
1.11130647e+00
1.11357753e+00
1.11282051e+00
1.13477411e+00
1.13477411e+00
1.09995116e+00
1.11282051e+00
1.10070818e+00
1.12796093e+00
1.09843712e+00
1.09389499e+00
1.08935287e+00
1.09313797e+00
1.08935287e+00
1.10752137e+00
1.10070818e+00
1.06739927e+00
1.09995116e+00
1.08935287e+00
1.13477411e+00
1.09540904e+00
1.11736264e+00
1.10070818e+00
1.10903541e+00
1.12568987e+00
1.10525031e+00
1.17262515e+00
1.08556777e+00
1.09540904e+00
1.10979243e+00
1.09995116e+00
1.11584860e+00
1.12039072e+00
1.09843712e+00
1.11963370e+00
1.11887668e+00
1.07118437e+00
1.09843712e+00
1.09768010e+00
1.10903541e+00
1.11433455e+00
1.09313797e+00
1.09995116e+00
1.12417582e+00
1.09616606e+00
1.10752137e+00
1.10525031e+00
1.11811966e+00
1.06967033e+00
1.10979243e+00
1.09540904e+00
1.04166056e+00
1.07421245e+00
1.11660562e+00
1.08253968e+00
1.09313797e+00
1.11054945e+00
1.10449328e+00
1.10146520e+00
1.10449328e+00
1.08708181e+00
1.12039072e+00
1.10222222e+00
1.11433455e+00
1.12493284e+00
1.11206349e+00
1.11130647e+00
1.11509158e+00
1.12190476e+00
1.11660562e+00
1.09162393e+00
1.11206349e+00
1.09162393e+00
1.10600733e+00
1.13023199e+00
1.15748474e+00
1.12871795e+00
1.11357753e+00
1.11282051e+00
1.11206349e+00
1.10070818e+00
1.11282051e+00
1.10903541e+00
1.11433455e+00
1.11433455e+00
1.06891331e+00
1.10373626e+00
1.10752137e+00
1.14083028e+00
1.12266178e+00
1.07875458e+00
1.09238095e+00
1.14007326e+00
1.13553114e+00
1.11130647e+00
1.09238095e+00
1.10449328e+00
1.09995116e+00
1.08859585e+00
1.11206349e+00
1.08859585e+00
1.06210012e+00
1.10676435e+00
1.12568987e+00
1.12417582e+00
1.10297924e+00
1.08708181e+00
1.10525031e+00
1.11357753e+00
1.08935287e+00
1.11887668e+00
1.11357753e+00
1.09768010e+00
1.11357753e+00
1.09768010e+00
1.12341880e+00
1.09919414e+00
1.11736264e+00
1.11130647e+00
1.11206349e+00
1.06891331e+00
1.10600733e+00
1.09919414e+00
1.10070818e+00
1.07875458e+00
1.10903541e+00
1.11660562e+00
1.09540904e+00
1.10752137e+00
1.10600733e+00
1.10146520e+00
1.09616606e+00
1.08859585e+00
1.10146520e+00
1.10070818e+00
1.07648352e+00
1.09010989e+00
1.13174603e+00
1.08253968e+00
1.10827839e+00
1.09616606e+00
1.13704518e+00
1.12417582e+00
1.12796093e+00
1.11963370e+00
1.10449328e+00
1.12796093e+00
1.11660562e+00
1.11357753e+00
1.09768010e+00
1.11282051e+00
1.09010989e+00
1.14991453e+00
1.18322344e+00
1.10979243e+00
1.09389499e+00
1.11509158e+00
1.11357753e+00
1.10827839e+00
1.11660562e+00
1.09919414e+00
1.11509158e+00
1.10676435e+00
1.09768010e+00
1.10525031e+00
1.11054945e+00
1.11054945e+00
1.11130647e+00
1.10449328e+00
1.10600733e+00
1.12871795e+00
1.09768010e+00
1.07496947e+00
1.09692308e+00
1.09540904e+00
1.12947497e+00
1.10979243e+00
1.12341880e+00
1.09843712e+00
1.10297924e+00
1.11282051e+00
1.09616606e+00
1.10827839e+00
1.09692308e+00
1.14158730e+00
1.11357753e+00
1.11963370e+00
1.10070818e+00
1.11811966e+00
1.10979243e+00
1.11433455e+00
1.07799756e+00
1.10070818e+00
1.14385836e+00
1.11282051e+00
1.11509158e+00
1.10525031e+00
1.11660562e+00
1.10979243e+00
1.11811966e+00
1.11282051e+00
1.10903541e+00
1.12493284e+00
1.07269841e+00
1.09919414e+00
1.09843712e+00
1.14158730e+00
1.13553114e+00
1.12341880e+00
1.09010989e+00
1.10373626e+00
1.11584860e+00
1.10146520e+00
1.12190476e+00
1.10222222e+00
1.11357753e+00
1.11130647e+00
1.09238095e+00
1.09692308e+00
1.10827839e+00
1.10373626e+00
1.09616606e+00
1.09995116e+00
1.12568987e+00
1.11811966e+00
1.13628816e+00
1.11584860e+00
1.11736264e+00
1.11963370e+00
1.12493284e+00
1.12720391e+00
1.13401709e+00
1.11509158e+00
1.13477411e+00
1.11357753e+00
1.10146520e+00
1.13780220e+00
1.13704518e+00
1.13023199e+00
1.12341880e+00
1.14234432e+00
1.14310134e+00
1.12341880e+00
1.12568987e+00
1.11584860e+00
1.13401709e+00
1.11282051e+00
1.12266178e+00
1.12644689e+00
1.10979243e+00
1.12266178e+00
1.12190476e+00
1.12493284e+00
1.12039072e+00
1.09692308e+00
1.09919414e+00
1.11887668e+00
1.14915751e+00
1.08178266e+00
1.08935287e+00
1.11584860e+00
1.11963370e+00
1.11736264e+00
1.12417582e+00
1.11130647e+00
1.13401709e+00
1.13098901e+00
1.12871795e+00
1.14158730e+00
1.13780220e+00
1.12114774e+00
1.13931624e+00
1.10222222e+00
1.11433455e+00
1.15672772e+00
1.14461538e+00
1.08556777e+00
1.14083028e+00
1.11509158e+00
1.14385836e+00
1.11736264e+00
1.12644689e+00
1.12871795e+00
1.11357753e+00
1.07951160e+00
1.11282051e+00
1.11509158e+00
1.12039072e+00
1.12644689e+00
1.09843712e+00
1.13326007e+00
1.13174603e+00
1.12796093e+00
1.10146520e+00
1.10222222e+00
1.10525031e+00
1.11509158e+00
1.11130647e+00
1.11887668e+00
1.12341880e+00
1.11054945e+00
1.09313797e+00
1.09238095e+00
1.12796093e+00
1.11963370e+00
1.09238095e+00
1.11433455e+00
1.14310134e+00
1.12871795e+00
1.13855922e+00
1.14158730e+00
1.13174603e+00
1.12190476e+00
1.13628816e+00
1.13628816e+00
1.14158730e+00
1.13628816e+00
1.17489621e+00
1.13780220e+00
1.14234432e+00
1.13553114e+00
1.14310134e+00
1.17035409e+00
1.18246642e+00
1.12039072e+00
1.10827839e+00
1.12796093e+00
1.12871795e+00
1.13704518e+00
1.13174603e+00
1.14991453e+00
1.13401709e+00
1.12871795e+00
1.11509158e+00
1.11130647e+00
1.11811966e+00
1.11963370e+00
1.12266178e+00
1.10525031e+00
1.09010989e+00
1.11357753e+00
1.12871795e+00
1.15672772e+00
1.14612943e+00
1.12266178e+00
1.13401709e+00
1.13477411e+00
1.14461538e+00
1.13098901e+00
1.14991453e+00
1.13553114e+00
1.11660562e+00
1.12190476e+00
1.13553114e+00
1.10752137e+00
1.14461538e+00
1.13704518e+00
1.12341880e+00
1.17868132e+00
1.13628816e+00
1.10903541e+00
1.12417582e+00
1.14007326e+00
1.12266178e+00
1.13704518e+00
1.14158730e+00
1.13174603e+00
1.12568987e+00
1.13326007e+00
1.10525031e+00
1.16051282e+00
1.12039072e+00
1.14840049e+00
1.13174603e+00
1.11963370e+00
1.11130647e+00
1.13098901e+00
1.11887668e+00
1.13174603e+00
1.10979243e+00
1.12190476e+00
1.11433455e+00
1.11887668e+00
1.12871795e+00
1.13704518e+00
1.10525031e+00
1.12947497e+00
1.13931624e+00
1.10449328e+00
1.11887668e+00
1.11054945e+00
1.11811966e+00
1.13628816e+00
1.16884005e+00
1.14158730e+00
1.15067155e+00
1.13855922e+00
1.12039072e+00
1.12266178e+00
1.13250305e+00
1.14007326e+00
1.12568987e+00
1.15445665e+00
1.14537241e+00
1.10146520e+00
1.14991453e+00
1.12039072e+00
1.13250305e+00
1.13326007e+00
1.13931624e+00
1.13477411e+00
1.12568987e+00
1.13780220e+00
1.14083028e+00
1.10676435e+00
1.13023199e+00
1.09768010e+00
1.11054945e+00
1.13250305e+00
1.10752137e+00
1.11433455e+00
1.13401709e+00
1.11357753e+00
1.13855922e+00
1.10449328e+00
1.11811966e+00
1.11509158e+00
1.11660562e+00
1.12871795e+00
1.12341880e+00
1.11736264e+00
1.12871795e+00
1.14764347e+00
1.12039072e+00
1.12796093e+00
1.12568987e+00
1.10979243e+00
1.15672772e+00
1.15899878e+00
1.13628816e+00
1.13477411e+00
1.14537241e+00
1.12644689e+00
1.12190476e+00
1.12341880e+00
1.13477411e+00
1.10979243e+00
1.12190476e+00
1.11811966e+00
1.14234432e+00
1.11963370e+00
1.13931624e+00
1.05225885e+00
1.11282051e+00
1.12190476e+00
1.11811966e+00
1.09238095e+00
1.12417582e+00
1.12341880e+00
1.12114774e+00
1.10297924e+00
1.11887668e+00
1.11509158e+00
1.10903541e+00
1.12190476e+00
1.12190476e+00
1.13477411e+00
1.11282051e+00
1.13553114e+00
1.11509158e+00
1.12796093e+00
1.16656899e+00
1.17262515e+00
1.13326007e+00
1.12568987e+00
1.11660562e+00
1.10525031e+00
1.11130647e+00
1.12417582e+00
1.13553114e+00
1.11660562e+00
1.12871795e+00
1.13704518e+00
1.11660562e+00
1.17943834e+00
1.15294261e+00
1.19533578e+00
1.16278388e+00
1.15142857e+00
1.15597070e+00
1.12644689e+00
1.11660562e+00
1.12114774e+00
1.11509158e+00
1.13780220e+00
1.10979243e+00
1.12493284e+00
1.10449328e+00
1.10297924e+00
1.11584860e+00
1.11282051e+00
1.11130647e+00
1.11130647e+00
1.10676435e+00
1.10903541e+00
1.13174603e+00
1.13174603e+00
1.11357753e+00
1.12341880e+00
1.14537241e+00
1.10979243e+00
1.10222222e+00
1.11887668e+00
1.11660562e+00
1.13174603e+00
1.12796093e+00
1.14158730e+00
1.12644689e+00
1.15142857e+00
1.17641026e+00
1.14915751e+00
1.10979243e+00
1.11509158e+00
1.12871795e+00
1.10449328e+00
1.11509158e+00
1.13250305e+00
1.12493284e+00
1.12266178e+00
1.12114774e+00
1.11660562e+00
1.11584860e+00
1.10525031e+00
1.11509158e+00
1.12720391e+00
1.11433455e+00
1.10146520e+00
1.09843712e+00
1.09010989e+00
1.08026862e+00
1.13931624e+00
1.08708181e+00
1.04317460e+00
1.11584860e+00
1.11509158e+00
1.11811966e+00
1.12644689e+00
1.12114774e+00
1.12644689e+00
1.12644689e+00
1.10297924e+00
1.12266178e+00
1.10827839e+00
1.10449328e+00
1.12341880e+00
1.10600733e+00
1.12190476e+00
1.06891331e+00
1.14537241e+00
1.16202686e+00
1.10449328e+00
1.10752137e+00
1.13326007e+00
1.13098901e+00
1.11054945e+00
1.10449328e+00
1.11963370e+00
1.11509158e+00
1.10752137e+00
1.08632479e+00
1.11433455e+00
1.11206349e+00
1.09086691e+00
1.09086691e+00
1.08481074e+00
1.11433455e+00
1.10676435e+00
1.09768010e+00
1.10676435e+00
1.13780220e+00
1.10449328e+00
1.10827839e+00
1.07724054e+00
1.09238095e+00
1.10070818e+00
1.09389499e+00
1.09010989e+00
1.15748474e+00
1.12871795e+00
1.13326007e+00
1.09540904e+00
1.12644689e+00
1.09692308e+00
1.11887668e+00
1.12039072e+00
1.10676435e+00
1.11963370e+00
1.11282051e+00
1.13250305e+00
1.10373626e+00
1.11736264e+00
1.13401709e+00
1.12644689e+00
1.08481074e+00
1.14234432e+00
1.12266178e+00
1.15294261e+00
1.12644689e+00
1.11054945e+00
1.12341880e+00
1.09086691e+00
1.12568987e+00
1.12568987e+00
1.11584860e+00
1.12796093e+00
1.11584860e+00
1.12871795e+00
1.11357753e+00
1.08481074e+00
1.10676435e+00
1.09162393e+00
1.09313797e+00
1.12190476e+00
1.10676435e+00
1.07951160e+00
1.12644689e+00
1.10070818e+00
1.10373626e+00
1.13023199e+00
1.13098901e+00
1.11130647e+00
1.11736264e+00
1.11811966e+00
1.11660562e+00
1.12644689e+00
1.10903541e+00
1.14310134e+00
1.15294261e+00
1.14612943e+00
1.12341880e+00
1.13250305e+00
1.12796093e+00
1.12720391e+00
1.13174603e+00
1.12493284e+00
1.12493284e+00
1.12871795e+00
1.12796093e+00
1.14688645e+00
1.11887668e+00
1.11887668e+00
1.13628816e+00
1.10449328e+00
1.09010989e+00
1.13628816e+00
1.12493284e+00
1.10752137e+00
1.10297924e+00
1.11054945e+00
1.11887668e+00
1.13023199e+00
1.10525031e+00
1.12341880e+00
1.09843712e+00
1.12871795e+00
1.12039072e+00
1.11887668e+00
1.11963370e+00
1.13704518e+00
1.11509158e+00
1.15672772e+00
1.11509158e+00
1.13401709e+00
1.14537241e+00
1.16354090e+00
1.12190476e+00
1.12039072e+00
1.09692308e+00
1.12266178e+00
1.11130647e+00
1.12947497e+00
1.12947497e+00
1.11963370e+00
1.13855922e+00
1.13477411e+00
1.12871795e+00
1.10297924e+00
1.12568987e+00
1.12568987e+00
1.13098901e+00
1.13098901e+00
1.11963370e+00
1.13098901e+00
1.07951160e+00
1.09086691e+00
1.12190476e+00
1.11963370e+00
1.12644689e+00
1.12039072e+00
1.12341880e+00
1.12266178e+00
1.11282051e+00
1.09010989e+00
1.07042735e+00
1.10600733e+00
1.11054945e+00
1.11660562e+00
1.11282051e+00
1.15521368e+00
1.08935287e+00
1.15521368e+00
1.13401709e+00
1.13780220e+00
1.12568987e+00
1.14915751e+00
1.13931624e+00
1.13780220e+00
1.13174603e+00
1.11357753e+00
1.14385836e+00
1.13477411e+00
1.15748474e+00
1.14537241e+00
1.12266178e+00
1.12039072e+00
1.13780220e+00
1.10600733e+00
1.12493284e+00
1.12947497e+00
1.14234432e+00
1.11584860e+00
1.12341880e+00
1.11963370e+00
1.11887668e+00
1.12266178e+00
1.12568987e+00
1.13780220e+00
1.09616606e+00
1.11660562e+00
1.08632479e+00
1.10222222e+00
1.11509158e+00
1.16884005e+00
1.13174603e+00
1.11054945e+00
1.11811966e+00
1.12039072e+00
1.11660562e+00
1.13477411e+00
1.13250305e+00
1.11887668e+00
1.14688645e+00
1.14385836e+00
1.13098901e+00
1.12417582e+00
1.15218559e+00
1.14840049e+00
1.13780220e+00
1.13401709e+00
1.13780220e+00
1.11357753e+00
1.12568987e+00
1.13174603e+00
1.13098901e+00
1.13553114e+00
1.13250305e+00
1.12871795e+00
1.12644689e+00
1.11357753e+00
1.11433455e+00
1.14537241e+00
1.14385836e+00
1.12947497e+00
1.11584860e+00
1.11887668e+00
1.12341880e+00
1.14612943e+00
1.10752137e+00
1.11357753e+00
1.10903541e+00
1.12568987e+00
1.10752137e+00
1.11282051e+00
1.10600733e+00
1.09010989e+00
1.14007326e+00
1.14840049e+00
1.12190476e+00
1.14007326e+00
1.12644689e+00
1.09465201e+00
1.13704518e+00
1.13855922e+00
1.10146520e+00
1.14310134e+00
1.13174603e+00
1.13780220e+00
1.14234432e+00
1.14385836e+00
1.13704518e+00
1.13098901e+00
1.13628816e+00
1.11963370e+00
1.16051282e+00
1.12796093e+00
1.12266178e+00
1.12871795e+00
1.08329670e+00
1.14234432e+00
1.13477411e+00
1.13628816e+00
1.13098901e+00
1.10752137e+00
1.14007326e+00
1.13780220e+00
1.13326007e+00
1.12039072e+00
1.12417582e+00
1.12568987e+00
1.13098901e+00
1.11660562e+00
1.12266178e+00
1.12114774e+00
1.09919414e+00
1.10676435e+00
1.11206349e+00
1.17716728e+00
1.11282051e+00
1.11660562e+00
1.13023199e+00
1.10979243e+00
1.12341880e+00
1.12114774e+00
1.13553114e+00
1.12720391e+00
1.13326007e+00
1.12417582e+00
1.12871795e+00
1.12341880e+00
1.12266178e+00
1.11509158e+00
1.10146520e+00
1.11963370e+00
1.14840049e+00
1.12341880e+00
1.14234432e+00
1.14158730e+00
1.14083028e+00
1.12720391e+00
1.13931624e+00
1.13704518e+00
1.15748474e+00
1.11357753e+00
1.15597070e+00
1.09010989e+00
1.12871795e+00
1.11736264e+00
1.13780220e+00
1.09995116e+00
1.11963370e+00
1.12568987e+00
1.12493284e+00
1.11963370e+00
1.11736264e+00
1.11736264e+00
1.11357753e+00
1.11357753e+00
1.11130647e+00
1.10146520e+00
1.12568987e+00
1.17035409e+00
1.11282051e+00
1.12871795e+00
1.14915751e+00
1.13250305e+00
1.14385836e+00
1.13023199e+00
1.12114774e+00
1.14158730e+00
1.13780220e+00
1.13628816e+00
1.12568987e+00
1.12341880e+00
1.13780220e+00
1.12039072e+00
1.12114774e+00
1.15824176e+00
1.13098901e+00
1.11282051e+00
1.10827839e+00
1.14158730e+00
1.13250305e+00
1.12720391e+00
1.12493284e+00
1.11433455e+00
1.13098901e+00
1.11811966e+00
1.11887668e+00
1.12417582e+00
1.12114774e+00
1.11963370e+00
1.09995116e+00
1.10752137e+00
1.12493284e+00
1.13098901e+00
1.12190476e+00
1.09692308e+00
1.13401709e+00
1.08481074e+00
1.11054945e+00
1.12417582e+00
1.13628816e+00
1.12493284e+00
1.12341880e+00
1.12039072e+00
1.13780220e+00
1.11811966e+00
1.14234432e+00
1.13780220e+00
1.12871795e+00
1.13250305e+00
1.13098901e+00
1.13931624e+00
1.12871795e+00
1.10903541e+00
1.11963370e+00
1.11433455e+00
1.17338217e+00
1.11130647e+00
1.13098901e+00
1.11811966e+00
1.13855922e+00
1.11282051e+00
1.12871795e+00
1.14537241e+00
1.11206349e+00
1.14007326e+00
1.14915751e+00
1.16354090e+00
1.12266178e+00
1.13628816e+00
1.15294261e+00
1.12568987e+00
1.09313797e+00
1.12266178e+00
1.11357753e+00
1.10903541e+00
1.11584860e+00
1.12266178e+00
1.11963370e+00
1.10979243e+00
1.13174603e+00
1.12947497e+00
1.14083028e+00
1.12266178e+00
1.11584860e+00
1.15824176e+00
1.11811966e+00
1.14461538e+00
1.15597070e+00
1.15597070e+00
1.12266178e+00
1.12796093e+00
1.12190476e+00
1.14461538e+00
1.12417582e+00
1.13704518e+00
1.11887668e+00
1.12341880e+00
1.14234432e+00
1.10676435e+00
1.13553114e+00
1.14764347e+00
1.09616606e+00
1.09919414e+00
1.13628816e+00
1.14612943e+00
1.13098901e+00
1.11736264e+00
1.11963370e+00
1.11811966e+00
1.10752137e+00
1.13704518e+00
1.07496947e+00
1.11054945e+00
1.09768010e+00
1.09238095e+00
1.16732601e+00
1.10600733e+00
1.18019536e+00
1.10525031e+00
1.17413919e+00
1.12568987e+00
1.11963370e+00
1.13326007e+00
1.12493284e+00
1.12493284e+00
1.11811966e+00
1.12039072e+00
1.11660562e+00
1.11660562e+00
1.13023199e+00
1.13477411e+00
1.14310134e+00
1.12417582e+00
1.12341880e+00
1.12039072e+00
1.17035409e+00
1.11736264e+00
1.11584860e+00
1.15445665e+00
1.12871795e+00
1.10979243e+00
1.12039072e+00
1.08783883e+00
1.11206349e+00
1.10827839e+00
1.10827839e+00
1.10297924e+00
1.11206349e+00
1.10222222e+00
1.14840049e+00
1.11660562e+00
1.15142857e+00
1.09843712e+00
1.10146520e+00
1.08935287e+00
1.11811966e+00
1.11433455e+00
1.09843712e+00
1.10373626e+00
1.10222222e+00
1.10297924e+00
1.11357753e+00
1.12720391e+00
1.11584860e+00
1.12644689e+00
1.14915751e+00
1.11736264e+00
1.11736264e+00
1.10827839e+00
1.13250305e+00
1.10752137e+00
1.16126984e+00
1.11660562e+00
1.11357753e+00
1.11206349e+00
1.12644689e+00
1.12039072e+00
1.10827839e+00
1.12796093e+00
1.13477411e+00
1.05301587e+00
1.07118437e+00
1.11054945e+00
1.13628816e+00
1.11811966e+00
1.10600733e+00
1.09692308e+00
1.11054945e+00
1.11736264e+00
1.09540904e+00
1.11206349e+00
1.08935287e+00
1.08178266e+00
1.08556777e+00
1.09313797e+00
1.08556777e+00
1.09540904e+00
1.07648352e+00
1.09540904e+00
1.06815629e+00
1.07648352e+00
1.05680098e+00
1.09010989e+00
1.10525031e+00
1.12341880e+00
1.13477411e+00
1.10903541e+00
1.12190476e+00
1.09616606e+00
1.11130647e+00
1.10827839e+00
1.10070818e+00
1.13023199e+00
1.10676435e+00
1.11130647e+00
1.09086691e+00
1.12796093e+00
1.10752137e+00
1.10525031e+00
1.10903541e+00
1.12493284e+00
1.10146520e+00
1.08026862e+00
1.10525031e+00
1.11660562e+00
1.10373626e+00
1.10676435e+00
1.10373626e+00
1.11054945e+00
1.12644689e+00
1.09086691e+00
1.10827839e+00
1.10146520e+00
1.10903541e+00
1.07724054e+00
1.08632479e+00
1.12720391e+00
1.07724054e+00
1.10070818e+00
1.09313797e+00
1.10827839e+00
1.10676435e+00
1.11887668e+00
1.10449328e+00
1.11509158e+00
1.11660562e+00
1.11433455e+00
1.10449328e+00
1.09238095e+00
1.10070818e+00
1.18398046e+00
1.11509158e+00
1.10449328e+00
1.10146520e+00
1.10827839e+00
1.09843712e+00
1.10297924e+00
1.10525031e+00
1.10222222e+00
1.09995116e+00
1.10827839e+00
1.11509158e+00
1.13477411e+00
1.07875458e+00
1.11811966e+00
1.14310134e+00
1.10449328e+00
1.09465201e+00
1.08935287e+00
1.11736264e+00
1.11660562e+00
1.12871795e+00
1.11963370e+00
1.08935287e+00
1.08935287e+00
1.09313797e+00
1.09465201e+00
1.09162393e+00
1.09313797e+00
1.07042735e+00
1.08708181e+00
1.15294261e+00
1.12493284e+00
1.10600733e+00
1.10979243e+00
1.10297924e+00
1.09238095e+00
1.10979243e+00
1.10676435e+00
1.11584860e+00
1.11660562e+00
1.12039072e+00
1.10676435e+00
1.12190476e+00
1.09616606e+00
1.10600733e+00
1.12493284e+00
1.11357753e+00
1.12947497e+00
1.09843712e+00
1.09843712e+00
1.15294261e+00
1.11811966e+00
1.10146520e+00
1.08102564e+00
1.10146520e+00
1.11509158e+00
1.11584860e+00
1.12796093e+00
1.10222222e+00
1.09010989e+00
1.09919414e+00
1.08178266e+00
1.15975580e+00
1.10146520e+00
1.10373626e+00
1.07421245e+00
1.10222222e+00
1.13023199e+00
1.09995116e+00
1.12871795e+00
1.09843712e+00
1.10676435e+00
1.12266178e+00
1.09843712e+00
1.10297924e+00
1.11054945e+00
1.09843712e+00
1.11736264e+00
1.09919414e+00
1.12417582e+00
1.09919414e+00
1.09843712e+00
1.10676435e+00
1.10449328e+00
1.11282051e+00
1.12417582e+00
1.11357753e+00
1.10297924e+00
1.12114774e+00
1.11660562e+00
1.09616606e+00
1.11660562e+00
1.09162393e+00
1.09465201e+00
1.09843712e+00
1.09238095e+00
1.13704518e+00
1.09616606e+00
1.10752137e+00
1.13326007e+00
1.06512821e+00
1.08329670e+00
1.09313797e+00
1.07799756e+00
1.09010989e+00
1.10752137e+00
1.08481074e+00
1.08708181e+00
1.07042735e+00
1.10373626e+00
1.08329670e+00
1.09919414e+00
1.08935287e+00
1.11811966e+00
1.05074481e+00
1.09389499e+00
1.06361416e+00
1.10146520e+00
1.08026862e+00
1.07799756e+00
1.08935287e+00
1.11282051e+00
1.11736264e+00
1.10222222e+00
1.10373626e+00
1.12114774e+00
1.10600733e+00
1.11509158e+00
1.10752137e+00
1.12568987e+00
1.10449328e+00
1.09843712e+00
1.11887668e+00
1.10827839e+00
1.11736264e+00
1.09919414e+00
1.11584860e+00
1.12341880e+00
1.09540904e+00
1.09843712e+00
1.09995116e+00
1.09010989e+00
1.09086691e+00
1.10373626e+00
1.09843712e+00
1.09162393e+00
1.10903541e+00
1.09465201e+00
1.09843712e+00
1.10827839e+00
1.10146520e+00
1.09313797e+00
1.15899878e+00
1.10827839e+00
1.11282051e+00
1.10373626e+00
1.10373626e+00
1.10903541e+00
1.10752137e+00
1.11282051e+00
1.11433455e+00
1.10449328e+00
1.09389499e+00
1.12871795e+00
1.11963370e+00
1.08708181e+00
1.12341880e+00
1.10600733e+00
1.10525031e+00
1.11282051e+00
1.09086691e+00
1.12190476e+00
1.10525031e+00
1.09313797e+00
1.11357753e+00
1.10752137e+00
1.10600733e+00
1.12568987e+00
1.10070818e+00
1.11963370e+00
1.08481074e+00
1.07724054e+00
1.09843712e+00
1.08329670e+00
1.07042735e+00
1.08935287e+00
1.04847375e+00
1.11660562e+00
1.08783883e+00
1.10600733e+00
1.10070818e+00
1.08632479e+00
1.08935287e+00
1.09995116e+00
1.11963370e+00
1.09086691e+00
1.17262515e+00
1.13855922e+00
1.10827839e+00
1.10600733e+00
1.11357753e+00
1.09540904e+00
1.14158730e+00
1.12644689e+00
1.09692308e+00
1.11660562e+00
1.11584860e+00
1.11282051e+00
1.11736264e+00
1.10525031e+00
1.12039072e+00
1.10070818e+00
1.14083028e+00
1.08783883e+00
1.10297924e+00
1.10979243e+00
1.11963370e+00
1.10752137e+00
1.11054945e+00
1.06967033e+00
1.14310134e+00
1.09540904e+00
1.09540904e+00
1.10449328e+00
1.10222222e+00
1.10676435e+00
1.11736264e+00
1.12493284e+00
1.08859585e+00
1.08783883e+00
1.08783883e+00
1.09086691e+00
1.09540904e+00
1.13023199e+00
1.12644689e+00
1.12039072e+00
1.10752137e+00
1.08026862e+00
1.12266178e+00
1.09843712e+00
1.09995116e+00
1.11206349e+00
1.10146520e+00
1.10222222e+00
1.08708181e+00
1.12114774e+00
1.10222222e+00
1.11584860e+00
1.11963370e+00
1.10525031e+00
1.11736264e+00
1.09919414e+00
1.10752137e+00
1.09919414e+00
1.09843712e+00
1.10979243e+00
1.11282051e+00
1.10752137e+00
1.10297924e+00
1.11584860e+00
1.09465201e+00
1.10297924e+00
1.09238095e+00
1.11357753e+00
1.09616606e+00
1.11054945e+00
1.08329670e+00
1.11054945e+00
1.09389499e+00
1.10222222e+00
1.10827839e+00
1.09313797e+00
1.11660562e+00
1.10297924e+00
1.10600733e+00
1.11282051e+00
1.09995116e+00
1.10449328e+00
1.12720391e+00
1.12871795e+00
1.11282051e+00
1.11811966e+00
1.12568987e+00
1.10752137e+00
1.11736264e+00
1.12417582e+00
1.13553114e+00
1.10600733e+00
1.10297924e+00
1.10525031e+00
1.10373626e+00
1.12947497e+00
1.09086691e+00
1.12720391e+00
1.10600733e+00
1.13477411e+00
1.09540904e+00
1.10903541e+00
1.12720391e+00
1.11509158e+00
1.12266178e+00
1.12039072e+00
1.09313797e+00
1.08253968e+00
1.09843712e+00
1.09919414e+00
1.11206349e+00
1.09540904e+00
1.11357753e+00
1.08859585e+00
1.10827839e+00
1.08556777e+00
1.08935287e+00
1.09389499e+00
1.08783883e+00
1.09313797e+00
1.11357753e+00
1.15521368e+00
1.13401709e+00
1.14385836e+00
1.11736264e+00
1.10752137e+00
1.11357753e+00
1.11206349e+00
1.10373626e+00
1.11963370e+00
1.10070818e+00
1.10070818e+00
1.09540904e+00
1.13553114e+00
1.14764347e+00
1.10600733e+00
1.10600733e+00
1.10979243e+00
1.11963370e+00
1.12871795e+00
1.09086691e+00
1.11282051e+00
1.11811966e+00
1.10373626e+00
1.11963370e+00
1.10525031e+00
1.08102564e+00
1.09919414e+00
1.09465201e+00
1.09313797e+00
1.09086691e+00
1.11357753e+00
1.08859585e+00
1.07951160e+00
1.08026862e+00
1.09919414e+00
1.09692308e+00
1.11357753e+00
1.07345543e+00
1.10297924e+00
1.09768010e+00
1.11206349e+00
1.09919414e+00
1.09238095e+00
1.10449328e+00
1.10827839e+00
1.10449328e+00
1.15748474e+00
1.09238095e+00
1.12190476e+00
1.11206349e+00
1.10373626e+00
1.12341880e+00
1.09086691e+00
1.09768010e+00
1.10373626e+00
1.11357753e+00
1.11357753e+00
1.12266178e+00
1.10449328e+00
1.12114774e+00
1.10600733e+00
1.09010989e+00
1.14158730e+00
1.07269841e+00
1.11282051e+00
1.17641026e+00
1.11206349e+00
1.09616606e+00
1.06967033e+00
1.06512821e+00
1.08102564e+00
1.11357753e+00
1.09389499e+00
1.11357753e+00
1.09692308e+00
1.09995116e+00
1.09389499e+00
1.10449328e+00
1.07496947e+00
1.13098901e+00
1.07799756e+00
1.11660562e+00
1.14840049e+00
1.12114774e+00
1.10297924e+00
1.11963370e+00
1.10525031e+00
1.09313797e+00
1.10600733e+00
1.11660562e+00
1.11509158e+00
1.10676435e+00
1.09313797e+00
1.08935287e+00
1.11282051e+00
1.13477411e+00
1.11963370e+00
1.09238095e+00
1.10752137e+00
1.09465201e+00
1.09919414e+00
1.09843712e+00
1.12568987e+00
1.10070818e+00
1.11736264e+00
1.09540904e+00
1.10752137e+00
1.08556777e+00
1.08859585e+00
1.08859585e+00
1.11130647e+00
1.08632479e+00
1.09692308e+00
1.12644689e+00
1.09465201e+00
1.09389499e+00
1.05452991e+00
1.08632479e+00
1.10222222e+00
1.05452991e+00
1.11887668e+00
1.11660562e+00
1.10297924e+00
1.12568987e+00
1.09389499e+00
1.11206349e+00
1.11811966e+00
1.12266178e+00
1.09768010e+00
1.09995116e+00
1.10525031e+00
1.11736264e+00
1.08481074e+00
1.07269841e+00
1.12266178e+00
1.14007326e+00
1.10222222e+00
1.13098901e+00
1.11963370e+00
1.10525031e+00
1.10525031e+00
1.09389499e+00
1.10297924e+00
1.10827839e+00
1.11887668e+00
1.11887668e+00
1.13098901e+00
1.10297924e+00
1.07345543e+00
1.09540904e+00
1.11282051e+00
1.11811966e+00
1.10297924e+00
1.08708181e+00
1.09843712e+00
1.08102564e+00
1.09086691e+00
1.10146520e+00
1.10600733e+00
1.08935287e+00
1.12568987e+00
1.10297924e+00
1.11660562e+00
1.11584860e+00
1.07421245e+00
1.13174603e+00
1.10373626e+00
1.10146520e+00
1.14083028e+00
1.11584860e+00
1.10600733e+00
1.10979243e+00
1.10146520e+00
1.12568987e+00
1.11433455e+00
1.10222222e+00
1.10146520e+00
1.12493284e+00
1.09389499e+00
1.14083028e+00
1.07496947e+00
1.10222222e+00
1.10449328e+00
1.09465201e+00
1.08253968e+00
1.12114774e+00
1.10070818e+00
1.09238095e+00
1.08935287e+00
1.10222222e+00
1.10297924e+00
1.10070818e+00
1.08253968e+00
1.10297924e+00
1.11282051e+00
1.10297924e+00
1.11887668e+00
1.10827839e+00
1.07951160e+00
1.11963370e+00
1.10979243e+00
1.09843712e+00
1.09768010e+00
1.10297924e+00
1.09389499e+00
1.11584860e+00
1.11357753e+00
1.12190476e+00
1.08935287e+00
1.11206349e+00
1.02349206e+00
1.11433455e+00
1.11130647e+00
1.06967033e+00
1.10297924e+00
1.10600733e+00
1.09768010e+00
1.10070818e+00
1.17489621e+00
1.10903541e+00
1.09768010e+00
1.11357753e+00
1.11054945e+00
1.11357753e+00
1.11357753e+00
1.10827839e+00
1.11206349e+00
1.09843712e+00
1.08783883e+00
1.12871795e+00
1.12568987e+00
1.11357753e+00
1.06512821e+00
1.07421245e+00
1.13477411e+00
1.10297924e+00
1.10373626e+00
1.09086691e+00
1.09162393e+00
1.10525031e+00
1.11660562e+00
1.11054945e+00
1.10827839e+00
1.11206349e+00
1.11357753e+00
1.12568987e+00
1.07799756e+00
1.11206349e+00
1.11887668e+00
1.10752137e+00
1.13174603e+00
1.11584860e+00
1.10827839e+00
1.10146520e+00
1.11509158e+00
1.10676435e+00
1.10600733e+00
1.10676435e+00
1.11660562e+00
1.08859585e+00
1.10449328e+00
1.13780220e+00
1.13477411e+00
1.09843712e+00
1.09313797e+00
1.10070818e+00
1.06134310e+00
1.10222222e+00
1.07648352e+00
1.12493284e+00
1.12190476e+00
1.10373626e+00
1.10070818e+00
1.09162393e+00
1.08481074e+00
1.09843712e+00
1.10297924e+00
1.10752137e+00
1.08329670e+00
1.10146520e+00
1.14840049e+00
1.10979243e+00
1.11282051e+00
1.10903541e+00
1.11206349e+00
1.11357753e+00
1.08859585e+00
1.11357753e+00
1.11736264e+00
1.12493284e+00
1.10070818e+00
1.11433455e+00
1.12266178e+00
1.09919414e+00
1.08783883e+00
1.09919414e+00
1.09010989e+00
1.13553114e+00
1.10449328e+00
1.09616606e+00
1.13250305e+00
1.09389499e+00
1.11509158e+00
1.11963370e+00
1.08481074e+00
1.10146520e+00
1.10979243e+00
1.11130647e+00
1.11584860e+00
1.09919414e+00
1.09010989e+00
1.10525031e+00
1.07875458e+00
1.06210012e+00
1.12341880e+00
1.09540904e+00
1.09768010e+00
1.06891331e+00
1.10146520e+00
1.10449328e+00
1.08632479e+00
1.09995116e+00
1.07875458e+00
1.12190476e+00
1.09616606e+00
1.09919414e+00
1.11509158e+00
1.08935287e+00
1.13250305e+00
1.09540904e+00
1.12190476e+00
1.11509158e+00
1.11660562e+00
1.13174603e+00
1.11811966e+00
1.11206349e+00
1.10979243e+00
1.12341880e+00
1.09010989e+00
1.10449328e+00
1.12039072e+00
1.09010989e+00
1.11660562e+00
1.10827839e+00
1.11054945e+00
1.08026862e+00
1.14385836e+00
1.10373626e+00
1.14158730e+00
1.08859585e+00
1.09768010e+00
1.16884005e+00
1.09465201e+00
1.09692308e+00
1.08102564e+00
1.10146520e+00
1.09010989e+00
1.09919414e+00
1.10449328e+00
