2.15145299e+00
2.15145299e+00
2.15750916e+00
2.16583639e+00
2.11057387e+00
2.17794872e+00
2.15902320e+00
2.15372405e+00
2.16507937e+00
2.17264957e+00
2.13555556e+00
2.13706960e+00
2.16053724e+00
2.17870574e+00
2.14009768e+00
2.19081807e+00
2.14539683e+00
2.11663004e+00
2.13934066e+00
2.13328449e+00
2.13782662e+00
2.15523810e+00
2.09164835e+00
2.13631258e+00
2.14388278e+00
2.16886447e+00
2.20065934e+00
2.17794872e+00
2.18551893e+00
2.19157509e+00
2.17946276e+00
2.18324786e+00
2.14236874e+00
2.17794872e+00
2.13101343e+00
2.19081807e+00
2.13934066e+00
2.21655678e+00
2.13328449e+00
2.13858364e+00
2.13555556e+00
2.14993895e+00
2.14615385e+00
2.15069597e+00
2.15599512e+00
2.16432234e+00
2.16205128e+00
2.16962149e+00
2.11057387e+00
2.14388278e+00
2.13101343e+00
2.14388278e+00
2.16886447e+00
2.15826618e+00
2.18324786e+00
2.16205128e+00
2.13782662e+00
2.14918193e+00
2.16735043e+00
2.17264957e+00
2.14615385e+00
2.17492063e+00
2.14161172e+00
2.15221001e+00
2.14161172e+00
2.17870574e+00
2.20293040e+00
2.16356532e+00
2.18551893e+00
2.19914530e+00
2.18854701e+00
2.19838828e+00
2.19460317e+00
2.20520147e+00
2.19838828e+00
2.19611722e+00
2.18703297e+00
2.19081807e+00
2.16280830e+00
2.17037851e+00
2.18854701e+00
2.11284493e+00
2.16356532e+00
2.15599512e+00
2.15675214e+00
2.18778999e+00
2.16053724e+00
2.16432234e+00
2.13782662e+00
2.14993895e+00
2.16356532e+00
2.17037851e+00
2.16886447e+00
2.16280830e+00
2.16810745e+00
2.16432234e+00
2.15221001e+00
2.15523810e+00
2.22942613e+00
2.09921856e+00
2.14842491e+00
2.12117216e+00
2.15826618e+00
2.15826618e+00
2.13479853e+00
2.17643468e+00
2.19157509e+00
2.19157509e+00
2.19006105e+00
2.20293040e+00
2.20293040e+00
2.21277167e+00
2.17794872e+00
2.19990232e+00
2.11208791e+00
2.18173382e+00
2.19308913e+00
2.14842491e+00
2.17719170e+00
2.21125763e+00
2.14236874e+00
2.20974359e+00
2.14539683e+00
2.16886447e+00
2.16659341e+00
2.17340659e+00
2.15221001e+00
2.14615385e+00
2.15902320e+00
2.13782662e+00
2.18324786e+00
2.16735043e+00
2.15826618e+00
2.15599512e+00
2.14236874e+00
2.19157509e+00
2.15826618e+00
2.17643468e+00
2.15523810e+00
2.15826618e+00
2.17340659e+00
2.14615385e+00
2.16356532e+00
2.14539683e+00
2.13934066e+00
2.17113553e+00
2.16583639e+00
2.20444444e+00
2.17567766e+00
2.19763126e+00
2.19990232e+00
2.21050061e+00
2.21277167e+00
2.19914530e+00
2.18778999e+00
2.17189255e+00
2.19081807e+00
2.18249084e+00
2.15978022e+00
2.16583639e+00
2.15750916e+00
2.17643468e+00
2.16432234e+00
2.11965812e+00
2.16356532e+00
2.16432234e+00
2.18703297e+00
2.16356532e+00
2.14085470e+00
2.12798535e+00
2.17870574e+00
2.15826618e+00
2.17719170e+00
2.15902320e+00
2.14918193e+00
2.14918193e+00
2.14918193e+00
2.17643468e+00
2.17037851e+00
2.18097680e+00
2.19233211e+00
2.19914530e+00
2.19081807e+00
2.12647131e+00
2.12874237e+00
2.16053724e+00
2.20444444e+00
2.19990232e+00
2.19157509e+00
2.18703297e+00
2.21428571e+00
2.21428571e+00
2.20671551e+00
2.19536020e+00
2.20822955e+00
2.21731380e+00
2.18778999e+00
2.18173382e+00
2.10754579e+00
2.15221001e+00
2.17037851e+00
2.16735043e+00
2.22866911e+00
2.15523810e+00
2.14161172e+00
2.17946276e+00
2.14766789e+00
2.17264957e+00
2.16356532e+00
2.16053724e+00
2.14993895e+00
2.13555556e+00
2.16129426e+00
2.13479853e+00
2.16886447e+00
2.15826618e+00
2.12041514e+00
2.15978022e+00
2.17719170e+00
2.16507937e+00
2.10300366e+00
2.14918193e+00
2.14918193e+00
2.14993895e+00
2.13631258e+00
2.14388278e+00
2.15599512e+00
2.19460317e+00
2.19157509e+00
2.21579976e+00
2.16886447e+00
2.13025641e+00
2.21352869e+00
2.17492063e+00
2.13706960e+00
2.19838828e+00
2.20520147e+00
2.19460317e+00
2.17264957e+00
2.14993895e+00
2.16129426e+00
2.13782662e+00
2.14085470e+00
2.14009768e+00
2.16659341e+00
2.14312576e+00
2.13404151e+00
2.14312576e+00
2.09997558e+00
2.14993895e+00
2.15069597e+00
2.16356532e+00
2.15069597e+00
2.14766789e+00
2.18400488e+00
2.12798535e+00
2.15675214e+00
2.16810745e+00
2.13025641e+00
2.14312576e+00
2.14842491e+00
2.14691087e+00
2.13101343e+00
2.18249084e+00
2.12344322e+00
2.17340659e+00
2.17189255e+00
2.18324786e+00
2.23094017e+00
2.19157509e+00
2.20898657e+00
2.17567766e+00
2.18551893e+00
2.18854701e+00
2.18551893e+00
2.20065934e+00
2.20293040e+00
2.19233211e+00
2.16735043e+00
2.13252747e+00
2.12344322e+00
2.20671551e+00
2.19233211e+00
2.16129426e+00
2.13404151e+00
2.14388278e+00
2.13479853e+00
2.17037851e+00
2.15145299e+00
2.16356532e+00
2.16356532e+00
2.14615385e+00
2.16280830e+00
2.15221001e+00
2.16507937e+00
2.16962149e+00
2.13934066e+00
2.14691087e+00
2.19536020e+00
2.15448107e+00
2.13782662e+00
2.17037851e+00
2.13858364e+00
2.18249084e+00
2.17416361e+00
2.15978022e+00
2.14993895e+00
2.18324786e+00
2.18173382e+00
2.19990232e+00
2.17794872e+00
2.19460317e+00
2.19081807e+00
2.19687424e+00
2.18400488e+00
2.16432234e+00
2.14236874e+00
2.19763126e+00
2.20898657e+00
2.22336996e+00
2.15296703e+00
2.14766789e+00
2.14993895e+00
2.16205128e+00
2.16205128e+00
2.13101343e+00
2.14463980e+00
2.17794872e+00
2.14161172e+00
2.15448107e+00
2.19157509e+00
2.10603175e+00
2.15826618e+00
2.13706960e+00
2.14615385e+00
2.12117216e+00
2.15372405e+00
2.19687424e+00
2.16735043e+00
2.15145299e+00
2.17643468e+00
2.14842491e+00
2.16583639e+00
2.14918193e+00
2.13555556e+00
2.15750916e+00
2.16205128e+00
2.15523810e+00
2.18021978e+00
2.17794872e+00
2.20671551e+00
2.17264957e+00
2.20368742e+00
2.19460317e+00
2.22261294e+00
2.19460317e+00
2.17946276e+00
2.21807082e+00
2.20671551e+00
2.15902320e+00
2.16129426e+00
2.14085470e+00
2.15296703e+00
2.11208791e+00
2.16810745e+00
2.19763126e+00
2.19990232e+00
2.15826618e+00
2.15372405e+00
2.15826618e+00
2.15675214e+00
2.21579976e+00
2.17567766e+00
2.14388278e+00
2.15296703e+00
2.17037851e+00
2.13858364e+00
2.15296703e+00
2.16129426e+00
2.14691087e+00
2.15296703e+00
2.13782662e+00
2.14993895e+00
2.13177045e+00
2.10224664e+00
2.13858364e+00
2.14463980e+00
2.15448107e+00
2.20065934e+00
2.19536020e+00
2.18173382e+00
2.20520147e+00
2.17643468e+00
2.19460317e+00
2.19308913e+00
2.20368742e+00
2.22488400e+00
2.19308913e+00
2.23018315e+00
2.16659341e+00
2.12117216e+00
2.14766789e+00
2.15523810e+00
2.14388278e+00
2.17340659e+00
2.14993895e+00
2.14312576e+00
2.16810745e+00
2.13328449e+00
2.14615385e+00
2.15750916e+00
2.13934066e+00
2.14463980e+00
2.20368742e+00
2.12495726e+00
2.16053724e+00
2.17037851e+00
2.20293040e+00
2.14539683e+00
2.13404151e+00
2.14388278e+00
2.05985348e+00
2.17340659e+00
2.16810745e+00
2.16810745e+00
2.15448107e+00
2.17416361e+00
2.14842491e+00
2.17189255e+00
2.19308913e+00
2.19536020e+00
2.14388278e+00
2.21807082e+00
2.18930403e+00
2.16735043e+00
2.19006105e+00
2.19081807e+00
2.25289377e+00
2.19460317e+00
2.18097680e+00
2.15069597e+00
2.16356532e+00
2.14993895e+00
2.14312576e+00
2.15523810e+00
2.14312576e+00
2.15675214e+00
2.12647131e+00
2.16280830e+00
2.16053724e+00
2.13404151e+00
2.15145299e+00
2.14766789e+00
2.14236874e+00
2.14539683e+00
2.17416361e+00
2.17037851e+00
2.13404151e+00
2.15221001e+00
2.14539683e+00
2.16583639e+00
2.14539683e+00
2.14691087e+00
2.12949939e+00
2.16810745e+00
2.17567766e+00
2.14615385e+00
2.13858364e+00
2.08407814e+00
2.14312576e+00
2.25894994e+00
2.19536020e+00
2.20444444e+00
2.19536020e+00
2.19308913e+00
2.18930403e+00
2.19081807e+00
2.20444444e+00
2.18324786e+00
2.20747253e+00
2.20368742e+00
2.15221001e+00
2.14993895e+00
2.16735043e+00
2.09467643e+00
2.13328449e+00
2.14842491e+00
2.15448107e+00
2.14615385e+00
2.16810745e+00
2.16886447e+00
2.14312576e+00
2.17794872e+00
2.14615385e+00
2.15523810e+00
2.12798535e+00
2.15826618e+00
2.15296703e+00
2.19763126e+00
2.16356532e+00
2.12420024e+00
2.11360195e+00
2.19233211e+00
2.18551893e+00
2.13404151e+00
2.16735043e+00
2.16356532e+00
2.14236874e+00
2.14615385e+00
2.16507937e+00
2.19384615e+00
2.22791209e+00
2.16583639e+00
2.24835165e+00
2.17340659e+00
2.20368742e+00
2.18854701e+00
2.18627595e+00
2.19611722e+00
2.22791209e+00
2.19763126e+00
2.20520147e+00
2.15599512e+00
2.14312576e+00
2.14615385e+00
2.17416361e+00
2.14236874e+00
2.17870574e+00
2.17264957e+00
2.16886447e+00
2.17189255e+00
2.21277167e+00
2.14842491e+00
2.17719170e+00
2.17037851e+00
2.15372405e+00
2.15221001e+00
2.18854701e+00
2.13404151e+00
2.16507937e+00
2.17416361e+00
2.17189255e+00
2.16356532e+00
2.20368742e+00
2.14161172e+00
2.18173382e+00
2.17340659e+00
2.16886447e+00
2.12192918e+00
2.19460317e+00
2.16432234e+00
2.11360195e+00
2.19006105e+00
2.16432234e+00
2.16735043e+00
2.19157509e+00
2.21050061e+00
2.20974359e+00
2.18778999e+00
2.19536020e+00
2.20141636e+00
2.16735043e+00
2.16583639e+00
2.18854701e+00
2.14236874e+00
2.08559219e+00
2.18097680e+00
2.14085470e+00
2.18249084e+00
2.17189255e+00
2.22109890e+00
2.13328449e+00
2.16129426e+00
2.17643468e+00
2.15145299e+00
2.17340659e+00
2.16507937e+00
2.12722833e+00
2.13555556e+00
2.19914530e+00
2.19763126e+00
2.17264957e+00
2.12722833e+00
2.22791209e+00
2.15448107e+00
2.17643468e+00
2.14085470e+00
2.16432234e+00
2.15826618e+00
2.14009768e+00
2.17946276e+00
2.20520147e+00
2.20141636e+00
2.18854701e+00
2.20747253e+00
2.16205128e+00
2.18627595e+00
2.25516484e+00
2.14993895e+00
2.24608059e+00
2.17567766e+00
2.18173382e+00
2.13404151e+00
2.12722833e+00
2.12722833e+00
2.11890110e+00
2.13934066e+00
2.15221001e+00
2.16735043e+00
2.16356532e+00
2.16886447e+00
2.14388278e+00
2.16810745e+00
2.16432234e+00
2.14539683e+00
2.17719170e+00
2.13177045e+00
2.16507937e+00
2.12495726e+00
2.19233211e+00
2.22412698e+00
2.14993895e+00
2.15826618e+00
2.16735043e+00
2.13858364e+00
2.15675214e+00
2.15069597e+00
2.17264957e+00
2.16810745e+00
2.17719170e+00
2.15448107e+00
2.20747253e+00
2.15448107e+00
2.16810745e+00
2.20595849e+00
2.18627595e+00
2.21050061e+00
2.21579976e+00
2.19536020e+00
2.18854701e+00
2.20822955e+00
2.18551893e+00
2.14539683e+00
2.14615385e+00
2.16507937e+00
2.15069597e+00
2.15902320e+00
2.15448107e+00
2.12798535e+00
2.13706960e+00
2.14312576e+00
2.13934066e+00
2.10451770e+00
2.18854701e+00
2.12495726e+00
2.14615385e+00
2.15599512e+00
2.13177045e+00
2.15978022e+00
2.13328449e+00
2.15675214e+00
2.13782662e+00
2.20065934e+00
2.17719170e+00
2.14009768e+00
2.12268620e+00
2.16205128e+00
2.18173382e+00
2.15826618e+00
2.15675214e+00
2.14388278e+00
2.16735043e+00
2.21050061e+00
2.17946276e+00
2.19233211e+00
2.18930403e+00
2.19914530e+00
2.18627595e+00
2.18627595e+00
2.18173382e+00
2.18551893e+00
2.18930403e+00
2.18173382e+00
2.14842491e+00
2.06818071e+00
2.14161172e+00
2.11814408e+00
2.14691087e+00
2.14691087e+00
2.16205128e+00
2.15523810e+00
2.16507937e+00
2.16432234e+00
2.15448107e+00
2.13934066e+00
2.11511600e+00
2.16053724e+00
2.12571429e+00
2.12192918e+00
2.14842491e+00
2.19384615e+00
2.14236874e+00
2.18021978e+00
2.15221001e+00
2.09921856e+00
2.15372405e+00
2.14691087e+00
2.14312576e+00
2.15675214e+00
2.13858364e+00
2.17113553e+00
2.15826618e+00
2.18249084e+00
2.18249084e+00
2.13782662e+00
2.15069597e+00
2.22715507e+00
2.18400488e+00
2.15372405e+00
2.16962149e+00
2.18173382e+00
2.18551893e+00
2.17416361e+00
2.16810745e+00
2.14161172e+00
2.13177045e+00
2.15221001e+00
2.14388278e+00
2.14766789e+00
2.15145299e+00
2.16735043e+00
2.16129426e+00
2.17643468e+00
2.14615385e+00
2.12874237e+00
2.13631258e+00
2.14691087e+00
2.14312576e+00
2.14842491e+00
2.16507937e+00
2.16129426e+00
2.14161172e+00
2.14842491e+00
2.16356532e+00
2.15448107e+00
2.13782662e+00
2.08937729e+00
2.13782662e+00
2.15523810e+00
2.13404151e+00
2.13404151e+00
2.14388278e+00
2.13404151e+00
2.20368742e+00
2.18930403e+00
2.18249084e+00
2.20217338e+00
2.17794872e+00
2.19308913e+00
2.18324786e+00
2.19384615e+00
2.19233211e+00
2.19157509e+00
2.13177045e+00
2.16735043e+00
2.22564103e+00
2.16205128e+00
2.15675214e+00
2.13782662e+00
2.19687424e+00
2.10451770e+00
2.13934066e+00
2.14691087e+00
2.15750916e+00
2.15826618e+00
2.16507937e+00
2.14161172e+00
2.16129426e+00
2.12798535e+00
2.16735043e+00
2.17037851e+00
2.15978022e+00
2.15978022e+00
2.16659341e+00
2.15372405e+00
2.20065934e+00
2.13177045e+00
2.17037851e+00
2.15599512e+00
2.16507937e+00
2.13782662e+00
2.14388278e+00
2.18627595e+00
2.21958486e+00
2.19460317e+00
2.20217338e+00
2.18173382e+00
2.24910867e+00
2.17643468e+00
2.19081807e+00
2.22261294e+00
2.18476190e+00
2.19611722e+00
2.13555556e+00
2.15675214e+00
2.16432234e+00
2.13252747e+00
2.16810745e+00
2.14009768e+00
2.15826618e+00
2.17492063e+00
2.18021978e+00
2.14312576e+00
2.16205128e+00
2.20595849e+00
2.15826618e+00
2.12117216e+00
2.10678877e+00
2.15750916e+00
2.19233211e+00
2.21050061e+00
2.19233211e+00
2.15826618e+00
2.15296703e+00
2.16129426e+00
2.14842491e+00
2.15599512e+00
2.17037851e+00
2.15221001e+00
2.13252747e+00
2.15523810e+00
2.17643468e+00
2.17643468e+00
2.19157509e+00
2.18173382e+00
2.22791209e+00
2.16810745e+00
2.20368742e+00
2.18627595e+00
2.19081807e+00
2.20065934e+00
2.19233211e+00
2.19763126e+00
2.19157509e+00
2.14388278e+00
2.16129426e+00
2.13177045e+00
2.20595849e+00
2.14615385e+00
2.19914530e+00
2.15675214e+00
2.21201465e+00
2.10073260e+00
2.15750916e+00
2.17719170e+00
2.14615385e+00
2.13631258e+00
2.14312576e+00
2.15221001e+00
2.16810745e+00
2.15826618e+00
2.15675214e+00
2.14463980e+00
2.19157509e+00
2.15826618e+00
2.09164835e+00
2.14312576e+00
2.19687424e+00
2.15296703e+00
2.19081807e+00
2.19157509e+00
2.14691087e+00
2.17037851e+00
2.18324786e+00
2.18249084e+00
2.18400488e+00
2.19611722e+00
2.19536020e+00
2.18400488e+00
2.18551893e+00
2.17643468e+00
2.17643468e+00
2.17946276e+00
2.16583639e+00
2.21504274e+00
2.16507937e+00
2.13858364e+00
2.14766789e+00
2.14842491e+00
2.15599512e+00
2.16886447e+00
2.16962149e+00
2.16886447e+00
2.15145299e+00
2.13101343e+00
2.16735043e+00
2.10754579e+00
2.14993895e+00
2.21428571e+00
2.15523810e+00
2.16735043e+00
2.12495726e+00
2.15221001e+00
2.14691087e+00
2.15599512e+00
2.15296703e+00
2.16205128e+00
2.14463980e+00
2.16205128e+00
2.16735043e+00
2.16280830e+00
2.18703297e+00
2.15296703e+00
2.16356532e+00
2.16432234e+00
2.18249084e+00
2.18778999e+00
2.21655678e+00
2.24835165e+00
2.15675214e+00
2.19006105e+00
2.19914530e+00
2.19157509e+00
2.19536020e+00
2.17340659e+00
2.14842491e+00
2.13858364e+00
2.14918193e+00
2.14009768e+00
2.14236874e+00
2.17340659e+00
2.13025641e+00
2.13328449e+00
2.17416361e+00
2.19157509e+00
2.14842491e+00
2.22488400e+00
2.19763126e+00
2.16129426e+00
2.15372405e+00
2.17264957e+00
2.14993895e+00
2.14993895e+00
2.13101343e+00
2.18097680e+00
2.18930403e+00
2.14312576e+00
2.07953602e+00
2.15599512e+00
2.13479853e+00
2.09543346e+00
2.16507937e+00
2.14918193e+00
2.17492063e+00
2.18627595e+00
2.18476190e+00
2.18476190e+00
2.17567766e+00
2.16962149e+00
2.18173382e+00
2.18400488e+00
2.16432234e+00
2.16205128e+00
2.14993895e+00
2.21428571e+00
2.14918193e+00
2.16507937e+00
2.19233211e+00
2.14539683e+00
2.17037851e+00
2.14918193e+00
2.14993895e+00
2.14691087e+00
2.15826618e+00
2.14009768e+00
2.16129426e+00
2.13858364e+00
2.14009768e+00
2.19914530e+00
2.13328449e+00
2.14993895e+00
2.11511600e+00
2.12874237e+00
2.19157509e+00
2.14691087e+00
2.14236874e+00
2.20671551e+00
2.17113553e+00
2.14463980e+00
2.14993895e+00
2.15599512e+00
2.15221001e+00
2.14236874e+00
2.15599512e+00
2.16810745e+00
2.19611722e+00
2.17870574e+00
2.20293040e+00
2.25365079e+00
2.18551893e+00
2.16810745e+00
2.15599512e+00
2.22791209e+00
2.20898657e+00
2.18930403e+00
2.17113553e+00
2.14918193e+00
2.15599512e+00
2.14236874e+00
2.15448107e+00
2.15675214e+00
2.16886447e+00
2.14161172e+00
2.17113553e+00
2.16280830e+00
2.16129426e+00
2.15296703e+00
2.12949939e+00
2.14918193e+00
2.16432234e+00
2.14388278e+00
2.08029304e+00
2.16205128e+00
2.17113553e+00
2.15750916e+00
2.16659341e+00
2.15599512e+00
2.15296703e+00
2.16280830e+00
2.14236874e+00
2.20974359e+00
2.13404151e+00
2.15978022e+00
2.12798535e+00
2.19006105e+00
2.23623932e+00
2.21201465e+00
2.19838828e+00
2.19838828e+00
2.20898657e+00
2.20293040e+00
2.18097680e+00
2.20898657e+00
2.19157509e+00
2.19006105e+00
2.21201465e+00
2.21882784e+00
2.15675214e+00
2.14842491e+00
2.17037851e+00
2.16205128e+00
2.16432234e+00
2.16053724e+00
2.19081807e+00
2.16962149e+00
2.15750916e+00
2.16735043e+00
2.14236874e+00
2.15826618e+00
2.17643468e+00
2.15296703e+00
2.16659341e+00
2.17037851e+00
2.19157509e+00
2.12420024e+00
2.15599512e+00
2.13479853e+00
2.10073260e+00
2.13706960e+00
2.08256410e+00
2.15902320e+00
2.14615385e+00
2.13479853e+00
2.14009768e+00
2.14691087e+00
2.18021978e+00
2.19460317e+00
2.18097680e+00
2.23926740e+00
2.22336996e+00
2.20293040e+00
2.19611722e+00
2.19233211e+00
2.19460317e+00
2.17567766e+00
2.20747253e+00
2.18854701e+00
2.14236874e+00
2.16583639e+00
2.15523810e+00
2.16432234e+00
2.17037851e+00
2.15448107e+00
2.14236874e+00
2.15826618e+00
2.10830281e+00
2.18173382e+00
2.16659341e+00
2.18930403e+00
2.19838828e+00
2.15523810e+00
2.15750916e+00
2.14388278e+00
2.19233211e+00
2.14993895e+00
2.16735043e+00
2.15599512e+00
2.14842491e+00
2.16507937e+00
2.15523810e+00
2.15069597e+00
2.14463980e+00
2.15221001e+00
2.20520147e+00
2.17643468e+00
2.17492063e+00
2.23396825e+00
2.24910867e+00
2.24835165e+00
2.18627595e+00
2.19990232e+00
2.19914530e+00
2.18173382e+00
2.19990232e+00
2.18400488e+00
2.19006105e+00
2.18476190e+00
2.15523810e+00
2.15296703e+00
2.14615385e+00
2.16810745e+00
2.15599512e+00
2.16129426e+00
2.21882784e+00
2.14539683e+00
2.17189255e+00
2.20444444e+00
2.16053724e+00
2.17037851e+00
2.15448107e+00
2.17794872e+00
2.16507937e+00
2.18627595e+00
2.18021978e+00
2.18097680e+00
2.11890110e+00
2.17416361e+00
2.20065934e+00
2.22185592e+00
2.16583639e+00
2.15296703e+00
2.12041514e+00
2.15750916e+00
2.14842491e+00
2.13025641e+00
2.17946276e+00
2.19687424e+00
2.20671551e+00
2.21277167e+00
2.21579976e+00
2.20520147e+00
2.19081807e+00
2.21579976e+00
2.17113553e+00
2.19308913e+00
2.26197802e+00
2.22639805e+00
2.19233211e+00
2.14766789e+00
2.20444444e+00
2.17037851e+00
2.16129426e+00
2.17946276e+00
2.16507937e+00
2.15372405e+00
2.13858364e+00
2.14993895e+00
2.17037851e+00
2.16507937e+00
2.17416361e+00
2.19460317e+00
2.16053724e+00
2.15221001e+00
2.15750916e+00
2.19384615e+00
2.15448107e+00
2.15826618e+00
2.17567766e+00
2.14085470e+00
2.14842491e+00
2.15069597e+00
2.16053724e+00
2.17113553e+00
2.16659341e+00
2.14388278e+00
2.14312576e+00
2.16583639e+00
2.19308913e+00
2.22185592e+00
2.19081807e+00
2.21352869e+00
2.20217338e+00
2.18778999e+00
2.17189255e+00
2.20217338e+00
2.18551893e+00
2.20293040e+00
2.17189255e+00
2.16583639e+00
2.15523810e+00
2.15221001e+00
2.15448107e+00
2.15523810e+00
2.16507937e+00
2.16735043e+00
2.16507937e+00
2.19838828e+00
2.15448107e+00
2.19763126e+00
2.14009768e+00
2.16962149e+00
2.15599512e+00
2.17113553e+00
2.17567766e+00
2.16886447e+00
2.15296703e+00
2.14766789e+00
2.16356532e+00
2.16205128e+00
2.13404151e+00
2.21807082e+00
2.15069597e+00
2.14918193e+00
2.15599512e+00
2.17264957e+00
2.16432234e+00
2.16205128e+00
2.20671551e+00
2.21125763e+00
2.22336996e+00
2.20671551e+00
2.20444444e+00
2.20065934e+00
2.17264957e+00
2.17113553e+00
2.18173382e+00
2.20368742e+00
2.18854701e+00
2.14615385e+00
2.14539683e+00
2.13101343e+00
2.15978022e+00
2.16129426e+00
2.17340659e+00
2.15296703e+00
2.15978022e+00
2.17719170e+00
2.17492063e+00
2.17870574e+00
2.17264957e+00
2.16356532e+00
2.16129426e+00
2.14085470e+00
2.17037851e+00
2.15296703e+00
2.25743590e+00
2.18627595e+00
2.14691087e+00
2.14312576e+00
2.18021978e+00
2.17643468e+00
2.16280830e+00
2.14918193e+00
2.13631258e+00
2.16356532e+00
2.17794872e+00
2.16129426e+00
2.18778999e+00
2.17264957e+00
2.17416361e+00
2.18249084e+00
2.19611722e+00
2.24683761e+00
2.24835165e+00
2.19157509e+00
2.17113553e+00
2.21201465e+00
2.18854701e+00
2.18551893e+00
2.16356532e+00
2.15902320e+00
2.16432234e+00
2.14842491e+00
2.15372405e+00
2.12722833e+00
2.15296703e+00
2.10905983e+00
2.14918193e+00
2.16129426e+00
2.17264957e+00
2.16356532e+00
2.11284493e+00
2.14009768e+00
2.16735043e+00
2.16280830e+00
2.14918193e+00
2.14993895e+00
2.15675214e+00
2.17946276e+00
2.17189255e+00
2.14918193e+00
2.20747253e+00
2.11057387e+00
2.19157509e+00
2.15826618e+00
2.17567766e+00
2.15069597e+00
2.20520147e+00
2.18476190e+00
2.18097680e+00
2.18930403e+00
2.19006105e+00
2.19990232e+00
2.20520147e+00
2.20595849e+00
2.18551893e+00
2.19687424e+00
2.22261294e+00
2.19157509e+00
2.16583639e+00
2.16280830e+00
2.15221001e+00
2.15902320e+00
2.13555556e+00
2.13782662e+00
2.19233211e+00
2.16886447e+00
2.14539683e+00
2.14615385e+00
2.16962149e+00
2.15675214e+00
2.14766789e+00
2.16810745e+00
2.15221001e+00
2.14766789e+00
2.13555556e+00
2.10905983e+00
2.15750916e+00
2.12949939e+00
2.19536020e+00
2.20368742e+00
2.15599512e+00
2.17946276e+00
2.16432234e+00
2.19308913e+00
2.15599512e+00
2.16810745e+00
2.18930403e+00
2.20141636e+00
2.18324786e+00
2.18930403e+00
2.24078144e+00
2.18249084e+00
2.24910867e+00
2.20444444e+00
2.19536020e+00
2.24986569e+00
2.19006105e+00
2.20141636e+00
2.11663004e+00
2.18551893e+00
2.16886447e+00
2.17567766e+00
2.16659341e+00
2.16886447e+00
2.17264957e+00
2.17340659e+00
2.16583639e+00
2.15750916e+00
2.11890110e+00
2.16886447e+00
2.17719170e+00
2.21731380e+00
2.14161172e+00
2.17416361e+00
2.15523810e+00
2.15675214e+00
2.18854701e+00
2.15448107e+00
2.16659341e+00
2.14918193e+00
2.16659341e+00
2.18021978e+00
2.16129426e+00
2.16432234e+00
2.13782662e+00
2.16053724e+00
2.15221001e+00
2.19006105e+00
2.20747253e+00
2.19687424e+00
2.15523810e+00
2.21277167e+00
2.17189255e+00
2.20444444e+00
2.18324786e+00
2.17870574e+00
2.20368742e+00
2.19157509e+00
2.17946276e+00
2.14236874e+00
2.15372405e+00
2.16735043e+00
2.16205128e+00
2.14539683e+00
2.14161172e+00
2.14918193e+00
2.18324786e+00
2.11435897e+00
2.20368742e+00
2.15221001e+00
2.17416361e+00
2.15221001e+00
2.16053724e+00
2.15448107e+00
2.16205128e+00
2.15372405e+00
2.17189255e+00
2.17416361e+00
2.19611722e+00
2.18173382e+00
2.16129426e+00
2.14993895e+00
2.14918193e+00
2.14918193e+00
2.19233211e+00
2.13404151e+00
2.17492063e+00
2.19460317e+00
2.18476190e+00
2.18627595e+00
2.18930403e+00
2.18324786e+00
2.22034188e+00
2.18173382e+00
2.17340659e+00
2.24456654e+00
2.20293040e+00
2.23396825e+00
2.17719170e+00
2.15448107e+00
2.13101343e+00
2.13479853e+00
2.15599512e+00
2.14615385e+00
2.17643468e+00
2.16432234e+00
2.15296703e+00
2.15978022e+00
2.14691087e+00
2.15826618e+00
2.16280830e+00
2.15750916e+00
2.15750916e+00
2.21731380e+00
2.18930403e+00
2.15750916e+00
2.10754579e+00
2.12192918e+00
2.14085470e+00
2.12495726e+00
2.16129426e+00
2.15599512e+00
2.18097680e+00
2.13555556e+00
2.18854701e+00
2.16507937e+00
2.15296703e+00
2.17870574e+00
2.18854701e+00
2.19914530e+00
2.19763126e+00
2.21125763e+00
2.13555556e+00
2.20065934e+00
2.10148962e+00
2.14085470e+00
2.20595849e+00
2.20595849e+00
2.20898657e+00
2.15750916e+00
2.17567766e+00
2.17416361e+00
2.18097680e+00
2.16053724e+00
2.14161172e+00
2.17416361e+00
2.15069597e+00
2.18173382e+00
2.17113553e+00
2.15978022e+00
2.16810745e+00
2.17870574e+00
2.17340659e+00
2.17189255e+00
2.16432234e+00
2.17492063e+00
2.16735043e+00
2.15902320e+00
2.16735043e+00
2.16735043e+00
2.14539683e+00
2.14993895e+00
2.25667888e+00
2.16205128e+00
2.16129426e+00
2.15221001e+00
2.17946276e+00
2.15296703e+00
2.15599512e+00
2.20065934e+00
2.20974359e+00
2.18249084e+00
2.17492063e+00
2.19763126e+00
2.21428571e+00
2.20444444e+00
2.20065934e+00
2.22185592e+00
2.18400488e+00
2.22034188e+00
2.11511600e+00
2.20368742e+00
2.16735043e+00
2.15675214e+00
2.12268620e+00
2.16583639e+00
2.16205128e+00
2.17340659e+00
2.17643468e+00
2.17492063e+00
2.15978022e+00
2.16810745e+00
2.19763126e+00
2.08180708e+00
2.15069597e+00
2.15750916e+00
2.16432234e+00
2.15750916e+00
2.19611722e+00
2.16659341e+00
2.14691087e+00
2.17264957e+00
2.16053724e+00
2.14085470e+00
2.14842491e+00
2.17113553e+00
2.16659341e+00
2.13934066e+00
2.15296703e+00
2.16583639e+00
2.18476190e+00
2.21125763e+00
2.22639805e+00
2.19687424e+00
2.19838828e+00
2.19763126e+00
2.18854701e+00
2.21428571e+00
2.14009768e+00
2.19838828e+00
2.17946276e+00
2.17037851e+00
2.15221001e+00
2.14388278e+00
2.15978022e+00
2.15372405e+00
2.14918193e+00
2.19914530e+00
2.14539683e+00
2.14236874e+00
2.16583639e+00
2.16962149e+00
2.12041514e+00
2.22488400e+00
2.18930403e+00
2.17113553e+00
2.15750916e+00
2.19308913e+00
2.17264957e+00
2.16129426e+00
2.16432234e+00
2.18627595e+00
2.15826618e+00
2.15523810e+00
2.17113553e+00
2.18249084e+00
2.15826618e+00
2.14388278e+00
2.19687424e+00
2.18551893e+00
2.22488400e+00
2.19990232e+00
2.20217338e+00
2.21201465e+00
2.21579976e+00
2.20065934e+00
2.19763126e+00
2.18173382e+00
2.19460317e+00
2.20293040e+00
2.16507937e+00
2.20368742e+00
2.16053724e+00
2.17037851e+00
2.17189255e+00
2.25289377e+00
2.13025641e+00
2.15221001e+00
2.14766789e+00
2.15750916e+00
2.14539683e+00
2.16205128e+00
2.17113553e+00
2.15221001e+00
2.15978022e+00
2.16129426e+00
2.12117216e+00
2.15372405e+00
2.17416361e+00
2.15372405e+00
2.09997558e+00
2.21201465e+00
2.15221001e+00
2.14539683e+00
2.11814408e+00
2.11965812e+00
2.15372405e+00
2.16659341e+00
2.16356532e+00
2.17037851e+00
2.20368742e+00
2.19460317e+00
2.19990232e+00
2.21807082e+00
2.18476190e+00
2.10754579e+00
2.19157509e+00
2.19384615e+00
2.19536020e+00
2.17946276e+00
2.18854701e+00
2.15826618e+00
2.14918193e+00
2.15448107e+00
2.15978022e+00
2.16962149e+00
2.14539683e+00
2.14766789e+00
2.16507937e+00
2.18021978e+00
2.16356532e+00
2.17340659e+00
2.14766789e+00
2.12268620e+00
2.17643468e+00
2.20595849e+00
2.12798535e+00
2.16280830e+00
2.18930403e+00
2.18249084e+00
2.15826618e+00
2.16810745e+00
2.17567766e+00
2.14691087e+00
2.18930403e+00
2.16735043e+00
2.17719170e+00
2.16735043e+00
2.14918193e+00
2.14691087e+00
2.18854701e+00
2.22942613e+00
2.18400488e+00
2.20368742e+00
2.20444444e+00
2.21579976e+00
2.18021978e+00
2.19308913e+00
2.19384615e+00
2.20368742e+00
2.18173382e+00
2.15448107e+00
2.16205128e+00
2.20822955e+00
2.15978022e+00
2.19384615e+00
2.14842491e+00
2.15750916e+00
2.12268620e+00
2.14312576e+00
2.11965812e+00
2.19384615e+00
2.15902320e+00
2.14388278e+00
2.14842491e+00
2.15069597e+00
2.17113553e+00
2.16886447e+00
2.17719170e+00
2.16053724e+00
2.20974359e+00
2.15523810e+00
2.18097680e+00
2.15296703e+00
2.17870574e+00
2.16129426e+00
2.20444444e+00
2.08029304e+00
2.17113553e+00
2.14842491e+00
2.18930403e+00
2.18400488e+00
2.24305250e+00
2.21579976e+00
2.20898657e+00
2.21579976e+00
2.21882784e+00
2.20293040e+00
2.23094017e+00
2.19536020e+00
2.18703297e+00
2.13555556e+00
2.16886447e+00
2.17416361e+00
2.15145299e+00
2.16432234e+00
2.16053724e+00
2.15372405e+00
2.16583639e+00
2.17113553e+00
2.16583639e+00
2.15221001e+00
2.16659341e+00
2.12647131e+00
2.17870574e+00
2.15523810e+00
2.15221001e+00
2.20065934e+00
2.12041514e+00
2.15296703e+00
2.13782662e+00
2.15296703e+00
2.15145299e+00
2.17264957e+00
2.17567766e+00
2.14009768e+00
2.15448107e+00
2.16053724e+00
2.14388278e+00
2.11133089e+00
2.17037851e+00
2.17567766e+00
2.21958486e+00
2.20595849e+00
2.21504274e+00
2.23548230e+00
2.18324786e+00
2.20065934e+00
2.19384615e+00
2.20065934e+00
2.18703297e+00
2.21277167e+00
2.18400488e+00
2.14539683e+00
2.16432234e+00
2.15523810e+00
2.14085470e+00
2.16205128e+00
2.15826618e+00
2.15826618e+00
2.15296703e+00
2.17643468e+00
2.19006105e+00
2.16053724e+00
2.18249084e+00
2.15448107e+00
2.16356532e+00
2.15978022e+00
2.15296703e+00
2.15221001e+00
2.17416361e+00
2.14691087e+00
2.16507937e+00
2.19460317e+00
2.18173382e+00
2.20444444e+00
2.12117216e+00
2.15978022e+00
2.15296703e+00
2.20368742e+00
2.10981685e+00
2.23699634e+00
2.19157509e+00
2.18930403e+00
2.20368742e+00
2.19081807e+00
2.21277167e+00
2.17492063e+00
2.21655678e+00
2.25213675e+00
2.18627595e+00
2.18930403e+00
2.22488400e+00
2.16432234e+00
2.16053724e+00
2.16583639e+00
2.16735043e+00
2.16659341e+00
2.15145299e+00
2.17870574e+00
2.16280830e+00
2.13328449e+00
2.15448107e+00
2.16810745e+00
2.13706960e+00
2.19081807e+00
2.21050061e+00
2.16659341e+00
2.14691087e+00
2.16205128e+00
2.15523810e+00
2.15599512e+00
2.19460317e+00
2.17113553e+00
2.16432234e+00
2.14161172e+00
2.15145299e+00
2.16583639e+00
2.16205128e+00
2.17416361e+00
2.14009768e+00
2.19006105e+00
2.18173382e+00
2.21579976e+00
2.15978022e+00
2.17113553e+00
2.20974359e+00
2.20747253e+00
2.19384615e+00
2.16507937e+00
2.20141636e+00
2.19687424e+00
2.19460317e+00
2.16507937e+00
2.16962149e+00
2.15750916e+00
2.14539683e+00
2.16280830e+00
2.14236874e+00
2.18173382e+00
2.14161172e+00
2.08559219e+00
2.10830281e+00
2.19308913e+00
2.15902320e+00
2.12874237e+00
2.19157509e+00
2.14766789e+00
2.17264957e+00
2.14236874e+00
2.17189255e+00
2.15523810e+00
2.17264957e+00
2.14842491e+00
2.14842491e+00
2.15599512e+00
2.14539683e+00
2.15296703e+00
2.15902320e+00
2.17643468e+00
2.15069597e+00
2.15750916e+00
2.19384615e+00
2.21807082e+00
2.11587302e+00
2.20898657e+00
2.20368742e+00
2.18930403e+00
2.18324786e+00
2.20898657e+00
2.20898657e+00
2.18930403e+00
2.19914530e+00
2.16583639e+00
2.14312576e+00
2.15978022e+00
2.13101343e+00
2.16507937e+00
2.15069597e+00
2.16129426e+00
2.15296703e+00
2.16735043e+00
2.18627595e+00
2.17113553e+00
2.16962149e+00
2.16129426e+00
2.16886447e+00
2.17189255e+00
2.14615385e+00
2.13101343e+00
2.19157509e+00
2.19536020e+00
2.16735043e+00
2.16962149e+00
2.15523810e+00
2.16129426e+00
2.16053724e+00
2.15069597e+00
2.16583639e+00
2.17643468e+00
2.16962149e+00
2.16659341e+00
2.19460317e+00
2.21428571e+00
2.20898657e+00
2.19536020e+00
2.19233211e+00
2.19536020e+00
2.17567766e+00
2.22639805e+00
2.19687424e+00
2.17946276e+00
2.18021978e+00
2.22639805e+00
2.15978022e+00
2.16205128e+00
2.15069597e+00
2.17037851e+00
2.18930403e+00
2.14691087e+00
2.16962149e+00
2.16962149e+00
2.11814408e+00
2.14539683e+00
2.10830281e+00
2.16886447e+00
2.15978022e+00
2.19157509e+00
2.18476190e+00
2.15902320e+00
2.13631258e+00
2.18097680e+00
2.20671551e+00
2.13101343e+00
2.17037851e+00
2.17416361e+00
2.19914530e+00
2.18476190e+00
2.16886447e+00
2.20141636e+00
2.17794872e+00
2.19990232e+00
2.27484737e+00
2.20065934e+00
2.16432234e+00
2.15750916e+00
2.20293040e+00
2.22185592e+00
2.20595849e+00
2.20065934e+00
2.20974359e+00
2.18627595e+00
2.18476190e+00
2.19611722e+00
2.19233211e+00
2.16356532e+00
2.15826618e+00
2.15675214e+00
2.16886447e+00
2.16053724e+00
2.13706960e+00
2.17264957e+00
2.14463980e+00
2.16886447e+00
2.16280830e+00
2.16886447e+00
2.17037851e+00
2.17567766e+00
2.15523810e+00
2.14766789e+00
2.16053724e+00
2.16205128e+00
2.16659341e+00
2.13177045e+00
2.17643468e+00
2.14009768e+00
2.14236874e+00
2.14842491e+00
2.15902320e+00
2.14993895e+00
2.20368742e+00
2.13101343e+00
2.14766789e+00
2.19687424e+00
2.18021978e+00
2.18778999e+00
2.19460317e+00
2.18476190e+00
2.21201465e+00
2.16962149e+00
2.18930403e+00
2.20671551e+00
2.16205128e+00
2.21201465e+00
2.09089133e+00
2.16280830e+00
2.15826618e+00
2.16962149e+00
2.15372405e+00
2.15902320e+00
2.14918193e+00
2.15296703e+00
2.15523810e+00
2.17719170e+00
2.15675214e+00
2.16432234e+00
2.16280830e+00
2.15902320e+00
2.12722833e+00
2.20822955e+00
2.17643468e+00
2.17037851e+00
2.15523810e+00
2.17189255e+00
2.18703297e+00
2.17794872e+00
2.16507937e+00
2.14766789e+00
2.15750916e+00
2.17794872e+00
2.14842491e+00
2.16280830e+00
2.16507937e+00
2.16507937e+00
2.20368742e+00
2.18324786e+00
2.19687424e+00
2.21201465e+00
2.19990232e+00
2.17037851e+00
2.17643468e+00
2.17340659e+00
2.18930403e+00
2.18551893e+00
2.20444444e+00
2.16735043e+00
2.16280830e+00
2.16735043e+00
2.14463980e+00
2.13252747e+00
2.11663004e+00
2.24910867e+00
2.12420024e+00
2.16659341e+00
2.16280830e+00
2.23548230e+00
2.15902320e+00
2.18854701e+00
2.16659341e+00
2.15523810e+00
2.17946276e+00
2.16129426e+00
2.14993895e+00
2.17340659e+00
2.15826618e+00
2.19233211e+00
2.20065934e+00
2.17719170e+00
2.16356532e+00
2.16129426e+00
2.16053724e+00
2.16962149e+00
2.14539683e+00
2.19763126e+00
2.11890110e+00
2.20444444e+00
2.21050061e+00
2.19536020e+00
2.18854701e+00
2.17643468e+00
2.18930403e+00
2.20898657e+00
2.15826618e+00
2.20444444e+00
2.14161172e+00
2.13631258e+00
2.16205128e+00
2.16886447e+00
2.10754579e+00
2.14691087e+00
2.11663004e+00
2.17037851e+00
2.14388278e+00
2.15372405e+00
2.14463980e+00
2.17643468e+00
2.16962149e+00
2.16280830e+00
2.14615385e+00
2.18551893e+00
2.12344322e+00
2.15675214e+00
2.14312576e+00
2.16962149e+00
2.15523810e+00
2.11511600e+00
2.14388278e+00
2.13252747e+00
2.16507937e+00
2.14918193e+00
2.15145299e+00
2.15826618e+00
2.16962149e+00
2.17037851e+00
2.19157509e+00
2.19536020e+00
2.17643468e+00
2.16659341e+00
2.23472527e+00
2.21277167e+00
2.20671551e+00
2.15523810e+00
2.14918193e+00
2.15523810e+00
2.18249084e+00
2.17492063e+00
2.14539683e+00
2.15750916e+00
2.14766789e+00
2.16735043e+00
2.14009768e+00
2.16280830e+00
2.14993895e+00
2.16962149e+00
2.13479853e+00
2.14539683e+00
2.15675214e+00
2.19914530e+00
2.14993895e+00
2.15675214e+00
2.16356532e+00
2.16810745e+00
2.14918193e+00
2.14918193e+00
2.15750916e+00
2.16356532e+00
2.15599512e+00
2.18249084e+00
2.15599512e+00
2.18703297e+00
2.16735043e+00
2.20141636e+00
2.09391941e+00
2.12949939e+00
2.22791209e+00
2.18021978e+00
2.25819292e+00
2.17719170e+00
2.18854701e+00
2.19990232e+00
2.19157509e+00
2.20747253e+00
2.21277167e+00
2.20898657e+00
2.19687424e+00
2.17794872e+00
2.11435897e+00
2.16886447e+00
2.17567766e+00
2.15902320e+00
2.19233211e+00
2.15523810e+00
2.12798535e+00
2.15221001e+00
2.17567766e+00
2.17113553e+00
2.19687424e+00
2.16583639e+00
2.17643468e+00
2.14312576e+00
2.17870574e+00
2.16810745e+00
2.16810745e+00
2.10981685e+00
2.18324786e+00
2.21504274e+00
2.16810745e+00
2.15826618e+00
2.17113553e+00
2.19157509e+00
2.15296703e+00
2.12798535e+00
2.15750916e+00
2.14918193e+00
2.15902320e+00
2.19914530e+00
2.19990232e+00
2.20898657e+00
2.13631258e+00
2.18551893e+00
2.19687424e+00
2.18097680e+00
2.20898657e+00
2.21352869e+00
2.21277167e+00
2.19460317e+00
2.26879121e+00
2.15826618e+00
2.16583639e+00
2.16205128e+00
2.16735043e+00
2.15523810e+00
2.14918193e+00
2.15523810e+00
2.16735043e+00
2.16280830e+00
2.16053724e+00
2.16053724e+00
2.15145299e+00
2.15523810e+00
2.15145299e+00
2.12117216e+00
2.13631258e+00
2.14539683e+00
2.17946276e+00
2.14388278e+00
2.17037851e+00
2.15221001e+00
2.14766789e+00
2.15675214e+00
2.16659341e+00
2.15523810e+00
2.14312576e+00
2.23169719e+00
2.15599512e+00
2.16810745e+00
2.19384615e+00
2.19687424e+00
2.21201465e+00
2.21579976e+00
2.16810745e+00
2.19233211e+00
2.18854701e+00
2.19611722e+00
2.18778999e+00
2.21201465e+00
2.19233211e+00
2.17189255e+00
2.15069597e+00
2.16735043e+00
2.19233211e+00
2.19384615e+00
2.17643468e+00
2.16432234e+00
2.14766789e+00
2.15296703e+00
2.17492063e+00
2.15145299e+00
2.15826618e+00
2.14388278e+00
2.17264957e+00
2.15221001e+00
2.14085470e+00
2.15296703e+00
2.08332112e+00
2.17264957e+00
2.17113553e+00
2.20141636e+00
2.16053724e+00
2.11814408e+00
2.14766789e+00
2.13177045e+00
2.13404151e+00
2.15826618e+00
2.15448107e+00
2.16659341e+00
2.19233211e+00
2.18703297e+00
2.21050061e+00
2.20065934e+00
2.17037851e+00
2.20065934e+00
2.16886447e+00
2.18551893e+00
2.18778999e+00
2.19536020e+00
2.20368742e+00
2.18854701e+00
2.11133089e+00
2.18627595e+00
2.16205128e+00
2.16432234e+00
2.13782662e+00
2.16735043e+00
2.16507937e+00
2.15826618e+00
2.15069597e+00
2.15523810e+00
2.13101343e+00
2.13858364e+00
2.19990232e+00
2.15145299e+00
2.10678877e+00
2.12192918e+00
2.15448107e+00
2.10981685e+00
2.15675214e+00
2.15675214e+00
2.15145299e+00
2.13177045e+00
2.16432234e+00
2.16356532e+00
2.15826618e+00
2.14993895e+00
2.14993895e+00
2.18021978e+00
2.19914530e+00
2.21277167e+00
2.19157509e+00
2.19763126e+00
2.18249084e+00
2.23472527e+00
2.18551893e+00
2.16810745e+00
2.17264957e+00
2.17113553e+00
2.19233211e+00
2.19006105e+00
2.14009768e+00
2.14615385e+00
2.14236874e+00
2.12495726e+00
2.18249084e+00
2.10224664e+00
2.12722833e+00
2.14009768e+00
2.12571429e+00
2.16280830e+00
2.15826618e+00
2.20671551e+00
2.16053724e+00
2.16810745e+00
2.15221001e+00
2.15675214e+00
2.14312576e+00
2.16129426e+00
2.14161172e+00
2.12192918e+00
2.10678877e+00
2.14691087e+00
2.18627595e+00
2.14993895e+00
2.18097680e+00
2.19233211e+00
2.14312576e+00
2.19157509e+00
2.17037851e+00
2.18930403e+00
2.17946276e+00
2.19157509e+00
2.18854701e+00
2.19687424e+00
2.18324786e+00
2.17946276e+00
2.20065934e+00
2.15750916e+00
2.21277167e+00
2.16205128e+00
2.11965812e+00
2.09013431e+00
2.14388278e+00
2.17946276e+00
2.13631258e+00
2.14009768e+00
2.14161172e+00
2.15069597e+00
2.12874237e+00
2.15826618e+00
2.16129426e+00
2.17037851e+00
2.14918193e+00
2.15145299e+00
2.15523810e+00
2.18627595e+00
2.07953602e+00
2.14312576e+00
2.13404151e+00
2.17946276e+00
2.11511600e+00
2.12874237e+00
2.13101343e+00
2.14312576e+00
2.12344322e+00
2.13479853e+00
2.15069597e+00
2.14312576e+00
2.13252747e+00
2.17037851e+00
2.21201465e+00
2.17643468e+00
2.27863248e+00
2.14842491e+00
2.15599512e+00
2.17946276e+00
2.15902320e+00
2.18324786e+00
2.14236874e+00
2.20368742e+00
2.15523810e+00
2.14842491e+00
2.15296703e+00
2.15826618e+00
2.14691087e+00
2.13631258e+00
2.15978022e+00
2.17264957e+00
2.14766789e+00
2.16735043e+00
2.26122100e+00
2.12192918e+00
2.15978022e+00
2.15221001e+00
2.15145299e+00
2.16280830e+00
2.19460317e+00
2.13706960e+00
2.16129426e+00
2.16053724e+00
2.17037851e+00
2.15372405e+00
2.13782662e+00
2.12192918e+00
2.16810745e+00
2.12268620e+00
2.17416361e+00
2.14388278e+00
2.15145299e+00
2.17189255e+00
2.15750916e+00
2.21579976e+00
2.19536020e+00
2.17340659e+00
2.20065934e+00
2.19763126e+00
2.19460317e+00
2.20822955e+00
2.17946276e+00
2.17946276e+00
2.16356532e+00
2.18249084e+00
2.09467643e+00
2.12571429e+00
2.19990232e+00
2.19081807e+00
2.13025641e+00
2.14918193e+00
2.10603175e+00
2.14842491e+00
2.12571429e+00
2.15296703e+00
2.15372405e+00
2.14842491e+00
2.16735043e+00
2.14993895e+00
2.11965812e+00
2.13404151e+00
2.11284493e+00
2.14766789e+00
2.15069597e+00
2.17113553e+00
2.12495726e+00
2.18324786e+00
2.14236874e+00
2.12495726e+00
2.14463980e+00
2.13479853e+00
2.15978022e+00
2.15750916e+00
2.16735043e+00
2.17946276e+00
2.18021978e+00
2.19838828e+00
2.20368742e+00
2.20368742e+00
2.14312576e+00
2.17643468e+00
2.18627595e+00
2.22412698e+00
2.16356532e+00
2.18324786e+00
2.11587302e+00
2.14161172e+00
2.14388278e+00
2.16735043e+00
2.13934066e+00
2.13858364e+00
2.16886447e+00
2.15145299e+00
2.14236874e+00
2.16356532e+00
2.08105006e+00
2.18627595e+00
2.14691087e+00
2.14161172e+00
2.14539683e+00
2.12949939e+00
2.14009768e+00
2.13101343e+00
2.14918193e+00
2.16507937e+00
2.15675214e+00
2.15523810e+00
2.13404151e+00
2.14388278e+00
2.15599512e+00
2.15978022e+00
2.13706960e+00
2.19308913e+00
2.21807082e+00
2.24456654e+00
2.19384615e+00
2.20595849e+00
2.19990232e+00
2.19460317e+00
2.20671551e+00
2.19081807e+00
2.18249084e+00
2.20293040e+00
2.19460317e+00
2.20898657e+00
2.15296703e+00
2.15675214e+00
2.20822955e+00
2.17340659e+00
2.14918193e+00
2.14085470e+00
2.14009768e+00
2.13858364e+00
2.16205128e+00
2.13555556e+00
2.17719170e+00
2.15221001e+00
2.14615385e+00
2.16735043e+00
2.16432234e+00
2.15296703e+00
2.14388278e+00
2.16356532e+00
2.13479853e+00
2.18173382e+00
2.14009768e+00
2.15296703e+00
2.19384615e+00
2.16507937e+00
2.17946276e+00
2.16507937e+00
2.15599512e+00
2.17567766e+00
2.18703297e+00
2.18703297e+00
2.18627595e+00
2.18627595e+00
2.21504274e+00
2.18627595e+00
2.17113553e+00
2.19914530e+00
2.17719170e+00
2.19611722e+00
2.19384615e+00
2.24078144e+00
2.17037851e+00
2.10830281e+00
2.16205128e+00
2.18551893e+00
2.14918193e+00
2.14691087e+00
2.14312576e+00
2.13404151e+00
2.14691087e+00
2.15296703e+00
2.15296703e+00
2.16205128e+00
2.20368742e+00
2.12192918e+00
2.16129426e+00
2.13479853e+00
2.12495726e+00
2.14161172e+00
2.14615385e+00
2.13706960e+00
2.14463980e+00
2.15599512e+00
2.16886447e+00
2.15902320e+00
2.16507937e+00
2.14236874e+00
2.14161172e+00
2.14236874e+00
2.16507937e+00
2.18476190e+00
2.20595849e+00
2.19157509e+00
2.19006105e+00
2.19157509e+00
2.18930403e+00
2.18324786e+00
2.17643468e+00
2.19233211e+00
2.18249084e+00
2.20293040e+00
2.14615385e+00
2.14085470e+00
2.13782662e+00
2.14766789e+00
2.12192918e+00
2.17643468e+00
2.15448107e+00
2.13252747e+00
2.10376068e+00
2.14539683e+00
2.19460317e+00
2.14312576e+00
2.12949939e+00
2.14312576e+00
2.14236874e+00
2.14615385e+00
2.14691087e+00
2.16053724e+00
2.16053724e+00
2.14085470e+00
2.15145299e+00
2.15599512e+00
2.18854701e+00
2.19460317e+00
2.11057387e+00
2.17340659e+00
2.19460317e+00
2.14388278e+00
2.16507937e+00
2.16432234e+00
2.18703297e+00
2.19460317e+00
2.18324786e+00
2.18173382e+00
2.20898657e+00
2.18021978e+00
2.23699634e+00
2.18021978e+00
2.20293040e+00
2.16962149e+00
2.18021978e+00
2.14539683e+00
2.24608059e+00
2.14691087e+00
2.17189255e+00
2.14312576e+00
2.13101343e+00
2.13782662e+00
2.16053724e+00
2.14766789e+00
2.16205128e+00
2.15902320e+00
2.15599512e+00
2.14388278e+00
2.13101343e+00
2.14009768e+00
2.14691087e+00
2.16129426e+00
2.20141636e+00
2.13706960e+00
2.19536020e+00
2.14691087e+00
2.23396825e+00
2.12344322e+00
2.17113553e+00
2.16810745e+00
2.17794872e+00
2.14388278e+00
2.16356532e+00
2.17719170e+00
2.19536020e+00
2.22791209e+00
2.19006105e+00
2.17037851e+00
2.17113553e+00
2.22412698e+00
2.20368742e+00
2.19384615e+00
2.21125763e+00
2.19233211e+00
2.17340659e+00
2.15750916e+00
2.18173382e+00
2.16659341e+00
2.17492063e+00
2.15221001e+00
2.15523810e+00
2.12495726e+00
2.10300366e+00
2.17492063e+00
2.17264957e+00
2.18173382e+00
2.15069597e+00
2.20671551e+00
2.16886447e+00
2.19157509e+00
2.13631258e+00
2.15448107e+00
2.15523810e+00
2.14615385e+00
2.14085470e+00
2.14918193e+00
2.15523810e+00
2.15826618e+00
2.15448107e+00
2.15523810e+00
2.13631258e+00
2.15750916e+00
2.18627595e+00
2.14539683e+00
2.19763126e+00
2.19611722e+00
2.15599512e+00
2.24380952e+00
2.17643468e+00
2.18930403e+00
2.18324786e+00
2.19990232e+00
2.20444444e+00
2.19006105e+00
2.21731380e+00
2.12798535e+00
2.15826618e+00
2.12949939e+00
2.16129426e+00
2.13177045e+00
2.15750916e+00
2.16886447e+00
2.17113553e+00
2.08937729e+00
2.15069597e+00
2.14615385e+00
2.17340659e+00
2.17189255e+00
2.15221001e+00
2.15599512e+00
2.14388278e+00
2.15750916e+00
2.12192918e+00
2.18627595e+00
2.13404151e+00
2.16129426e+00
2.16053724e+00
2.21958486e+00
2.12798535e+00
2.16053724e+00
2.17492063e+00
2.16507937e+00
2.14993895e+00
2.17037851e+00
2.17946276e+00
2.21579976e+00
2.21655678e+00
2.21201465e+00
2.22942613e+00
2.21125763e+00
2.20293040e+00
2.20822955e+00
2.25137973e+00
2.20065934e+00
2.14918193e+00
2.21504274e+00
2.16583639e+00
2.16205128e+00
2.15372405e+00
2.17870574e+00
2.16962149e+00
2.14691087e+00
2.17037851e+00
2.17794872e+00
2.15599512e+00
2.15826618e+00
2.17264957e+00
2.14085470e+00
2.13328449e+00
2.11965812e+00
2.15221001e+00
2.15826618e+00
2.15221001e+00
2.16205128e+00
2.16886447e+00
2.15826618e+00
2.17643468e+00
2.17189255e+00
2.16735043e+00
2.15902320e+00
2.17567766e+00
2.15145299e+00
2.15978022e+00
2.19157509e+00
2.15902320e+00
2.19460317e+00
2.19308913e+00
2.20520147e+00
2.19611722e+00
2.21958486e+00
