1.14764347e+00
1.12493284e+00
1.15294261e+00
1.14461538e+00
1.20063492e+00
1.13250305e+00
1.11963370e+00
1.12871795e+00
1.14234432e+00
1.13780220e+00
1.12266178e+00
1.13780220e+00
1.16429792e+00
1.16429792e+00
1.15521368e+00
1.10449328e+00
1.17413919e+00
1.14310134e+00
1.11509158e+00
1.14915751e+00
1.11963370e+00
1.14234432e+00
1.12871795e+00
1.15294261e+00
1.14310134e+00
1.15597070e+00
1.15748474e+00
1.14461538e+00
1.15521368e+00
1.11736264e+00
1.15975580e+00
1.15218559e+00
1.14007326e+00
1.16884005e+00
1.16429792e+00
1.15218559e+00
1.14612943e+00
1.14764347e+00
1.14310134e+00
1.14385836e+00
1.15294261e+00
1.15294261e+00
1.15748474e+00
1.14234432e+00
1.14840049e+00
1.15294261e+00
1.11357753e+00
1.15067155e+00
1.10449328e+00
1.13250305e+00
1.07496947e+00
1.13553114e+00
1.14461538e+00
1.14007326e+00
1.13855922e+00
1.14461538e+00
1.12871795e+00
1.14612943e+00
1.14234432e+00
1.13553114e+00
1.13326007e+00
1.14461538e+00
1.17035409e+00
1.14688645e+00
1.20744811e+00
1.12871795e+00
1.13098901e+00
1.14385836e+00
1.18170940e+00
1.14461538e+00
1.12568987e+00
1.16581197e+00
1.15294261e+00
1.17792430e+00
1.14234432e+00
1.14310134e+00
1.14007326e+00
1.14083028e+00
1.14007326e+00
1.13553114e+00
1.15294261e+00
1.13704518e+00
1.15597070e+00
1.14612943e+00
1.14310134e+00
1.14310134e+00
1.12190476e+00
1.12720391e+00
1.13553114e+00
1.12720391e+00
1.12190476e+00
1.12796093e+00
1.13553114e+00
1.12644689e+00
1.14310134e+00
1.11811966e+00
1.14083028e+00
1.11736264e+00
1.13704518e+00
1.14007326e+00
1.14688645e+00
1.13628816e+00
1.14915751e+00
1.14234432e+00
1.12871795e+00
1.12568987e+00
1.14991453e+00
1.16051282e+00
1.16354090e+00
1.14158730e+00
1.15748474e+00
1.14461538e+00
1.13553114e+00
1.16429792e+00
1.12417582e+00
1.15899878e+00
1.15748474e+00
1.14083028e+00
1.14764347e+00
1.13174603e+00
1.11509158e+00
1.15672772e+00
1.15142857e+00
1.15672772e+00
1.13780220e+00
1.14991453e+00
1.15672772e+00
1.13780220e+00
1.12190476e+00
1.14688645e+00
1.13174603e+00
1.14461538e+00
1.11887668e+00
1.13098901e+00
1.11811966e+00
1.17868132e+00
1.13098901e+00
1.13931624e+00
1.13174603e+00
1.14234432e+00
1.15824176e+00
1.14310134e+00
1.14688645e+00
1.12266178e+00
1.14007326e+00
1.14991453e+00
1.15672772e+00
1.15067155e+00
1.15748474e+00
1.12417582e+00
1.14461538e+00
1.17943834e+00
1.11357753e+00
1.13250305e+00
1.15218559e+00
1.14083028e+00
1.14385836e+00
1.14234432e+00
1.15067155e+00
1.13931624e+00
1.14915751e+00
1.14310134e+00
1.12114774e+00
1.15369963e+00
1.14385836e+00
1.16656899e+00
1.13023199e+00
1.12720391e+00
1.13098901e+00
1.11584860e+00
1.13704518e+00
1.17338217e+00
1.13174603e+00
1.14310134e+00
1.14158730e+00
1.14158730e+00
1.13174603e+00
1.15294261e+00
1.14915751e+00
1.18322344e+00
1.10979243e+00
1.13401709e+00
1.15142857e+00
1.14612943e+00
1.15294261e+00
1.14612943e+00
1.16505495e+00
1.14991453e+00
1.14915751e+00
1.15748474e+00
1.14991453e+00
1.15521368e+00
1.14688645e+00
1.15067155e+00
1.15824176e+00
1.19533578e+00
1.16884005e+00
1.14612943e+00
1.15672772e+00
1.15067155e+00
1.16732601e+00
1.16884005e+00
1.14158730e+00
1.14840049e+00
1.13931624e+00
1.15824176e+00
1.12796093e+00
1.14461538e+00
1.13477411e+00
1.13250305e+00
1.13098901e+00
1.13401709e+00
1.12039072e+00
1.12341880e+00
1.12417582e+00
1.10222222e+00
1.14688645e+00
1.13250305e+00
1.13174603e+00
1.16126984e+00
1.14991453e+00
1.14385836e+00
1.15748474e+00
1.14083028e+00
1.15824176e+00
1.15899878e+00
1.15218559e+00
1.14007326e+00
1.14915751e+00
1.13780220e+00
1.21123321e+00
1.12039072e+00
1.12796093e+00
1.12417582e+00
1.15899878e+00
1.14310134e+00
1.14764347e+00
1.14537241e+00
1.14310134e+00
1.16581197e+00
1.13553114e+00
1.14764347e+00
1.14991453e+00
1.15824176e+00
1.15899878e+00
1.13704518e+00
1.11963370e+00
1.15824176e+00
1.11584860e+00
1.13174603e+00
1.14007326e+00
1.14537241e+00
1.13326007e+00
1.16126984e+00
1.13780220e+00
1.13780220e+00
1.15294261e+00
1.14612943e+00
1.11660562e+00
1.14991453e+00
1.15369963e+00
1.15748474e+00
1.14158730e+00
1.14310134e+00
1.19457875e+00
1.14688645e+00
1.14537241e+00
1.18019536e+00
1.16051282e+00
1.14991453e+00
1.14007326e+00
1.14461538e+00
1.14915751e+00
1.15597070e+00
1.14083028e+00
1.14385836e+00
1.13780220e+00
1.15142857e+00
1.14007326e+00
1.14537241e+00
1.17035409e+00
1.13931624e+00
1.12417582e+00
1.14688645e+00
1.15445665e+00
1.15975580e+00
1.13553114e+00
1.12417582e+00
1.12796093e+00
1.12796093e+00
1.13250305e+00
1.13780220e+00
1.11963370e+00
1.12417582e+00
1.13326007e+00
1.15142857e+00
1.13855922e+00
1.14310134e+00
1.14007326e+00
1.11963370e+00
1.14385836e+00
1.11433455e+00
1.19760684e+00
1.14991453e+00
1.15899878e+00
1.16126984e+00
1.14461538e+00
1.13780220e+00
1.15294261e+00
1.14840049e+00
1.14461538e+00
1.14991453e+00
1.13780220e+00
1.15899878e+00
1.13477411e+00
1.17716728e+00
1.18322344e+00
1.12947497e+00
1.14688645e+00
1.12266178e+00
1.15597070e+00
1.15672772e+00
1.14083028e+00
1.15067155e+00
1.14083028e+00
1.14310134e+00
1.14310134e+00
1.12190476e+00
1.15067155e+00
1.12644689e+00
1.11509158e+00
1.12266178e+00
1.12039072e+00
1.13098901e+00
1.13704518e+00
1.13780220e+00
1.14083028e+00
1.11887668e+00
1.13174603e+00
1.13704518e+00
1.15445665e+00
1.14764347e+00
1.14385836e+00
1.15142857e+00
1.16126984e+00
1.14158730e+00
1.14612943e+00
1.10146520e+00
1.12720391e+00
1.16126984e+00
1.16429792e+00
1.13780220e+00
1.15142857e+00
1.13326007e+00
1.14688645e+00
1.16278388e+00
1.15067155e+00
1.14991453e+00
1.14083028e+00
1.14840049e+00
1.15748474e+00
1.13477411e+00
1.14385836e+00
1.17338217e+00
1.13553114e+00
1.11054945e+00
1.14007326e+00
1.15824176e+00
1.15294261e+00
1.12947497e+00
1.10752137e+00
1.11130647e+00
1.13477411e+00
1.12568987e+00
1.13780220e+00
1.12871795e+00
1.11963370e+00
1.13477411e+00
1.15218559e+00
1.11282051e+00
1.15824176e+00
1.13931624e+00
1.14612943e+00
1.11357753e+00
1.17413919e+00
1.12871795e+00
1.13477411e+00
1.14158730e+00
1.13553114e+00
1.14234432e+00
1.15521368e+00
1.13855922e+00
1.13931624e+00
1.13477411e+00
1.15748474e+00
1.14310134e+00
1.16505495e+00
1.13780220e+00
1.15142857e+00
1.14612943e+00
1.14688645e+00
1.19003663e+00
1.14612943e+00
1.12266178e+00
1.14915751e+00
1.16202686e+00
1.14688645e+00
1.14385836e+00
1.13704518e+00
1.14991453e+00
1.13628816e+00
1.11584860e+00
1.14537241e+00
1.14688645e+00
1.17111111e+00
1.15445665e+00
1.12644689e+00
1.14612943e+00
1.13780220e+00
1.14310134e+00
1.15899878e+00
1.15067155e+00
1.14007326e+00
1.14083028e+00
1.16278388e+00
1.15445665e+00
1.14461538e+00
1.15521368e+00
1.17413919e+00
1.13098901e+00
1.14764347e+00
1.16278388e+00
1.16656899e+00
1.11660562e+00
1.15899878e+00
1.14461538e+00
1.19155067e+00
1.14840049e+00
1.14991453e+00
1.15369963e+00
1.14612943e+00
1.15824176e+00
1.13931624e+00
1.13098901e+00
1.12796093e+00
1.14612943e+00
1.16202686e+00
1.11584860e+00
1.14764347e+00
1.14234432e+00
1.15597070e+00
1.11206349e+00
1.10827839e+00
1.12871795e+00
1.13931624e+00
1.13023199e+00
1.12796093e+00
1.14764347e+00
1.12341880e+00
1.15975580e+00
1.14537241e+00
1.14991453e+00
1.14385836e+00
1.14461538e+00
1.15597070e+00
1.17565324e+00
1.14310134e+00
1.15067155e+00
1.14310134e+00
1.14688645e+00
1.15294261e+00
1.16505495e+00
1.15294261e+00
1.13780220e+00
1.15899878e+00
1.15445665e+00
1.13023199e+00
1.15067155e+00
1.15218559e+00
1.11357753e+00
1.15067155e+00
1.14234432e+00
1.14764347e+00
1.15067155e+00
1.16429792e+00
1.19609280e+00
1.14007326e+00
1.14158730e+00
1.12947497e+00
1.13780220e+00
1.15521368e+00
1.13477411e+00
1.14385836e+00
1.16202686e+00
1.13401709e+00
1.10903541e+00
1.14083028e+00
1.14158730e+00
1.11357753e+00
1.15672772e+00
1.13174603e+00
1.14083028e+00
1.13628816e+00
1.15521368e+00
1.15369963e+00
1.15294261e+00
1.16278388e+00
1.14688645e+00
1.14461538e+00
1.14612943e+00
1.15597070e+00
1.18398046e+00
1.16126984e+00
1.17413919e+00
1.11811966e+00
1.13855922e+00
1.16202686e+00
1.12266178e+00
1.14688645e+00
1.14083028e+00
1.19533578e+00
1.16429792e+00
1.15597070e+00
1.16354090e+00
1.15672772e+00
1.13780220e+00
1.15369963e+00
1.13780220e+00
1.16202686e+00
1.11963370e+00
1.13174603e+00
1.15218559e+00
1.11054945e+00
1.13477411e+00
1.10449328e+00
1.13250305e+00
1.16959707e+00
1.15824176e+00
1.12947497e+00
1.12796093e+00
1.14234432e+00
1.14688645e+00
1.14612943e+00
1.15521368e+00
1.14537241e+00
1.13704518e+00
1.15294261e+00
1.12796093e+00
1.15294261e+00
1.15218559e+00
1.12266178e+00
1.16656899e+00
1.16505495e+00
1.13023199e+00
1.13704518e+00
1.14991453e+00
1.13401709e+00
1.15067155e+00
1.14310134e+00
1.14461538e+00
1.15142857e+00
1.18322344e+00
1.12644689e+00
1.13553114e+00
1.11206349e+00
1.13855922e+00
1.16202686e+00
1.13401709e+00
1.11282051e+00
1.16051282e+00
1.14083028e+00
1.14461538e+00
1.12720391e+00
1.14158730e+00
1.14385836e+00
1.13780220e+00
1.13250305e+00
1.13174603e+00
1.13855922e+00
1.15142857e+00
1.14310134e+00
1.13250305e+00
1.16126984e+00
1.15672772e+00
1.15824176e+00
1.16505495e+00
1.17868132e+00
1.14385836e+00
1.14310134e+00
1.14083028e+00
1.14688645e+00
1.14385836e+00
1.15672772e+00
1.17716728e+00
1.15899878e+00
1.18625153e+00
1.13553114e+00
1.18852259e+00
1.13704518e+00
1.12190476e+00
1.14537241e+00
1.18927961e+00
1.15899878e+00
1.12114774e+00
1.14385836e+00
1.15294261e+00
1.15672772e+00
1.15597070e+00
1.14234432e+00
1.13931624e+00
1.13628816e+00
1.14310134e+00
1.18246642e+00
1.10676435e+00
1.14688645e+00
1.13477411e+00
1.14991453e+00
1.12341880e+00
1.11206349e+00
1.04014652e+00
1.16505495e+00
1.12568987e+00
1.14461538e+00
1.14385836e+00
1.14158730e+00
1.15748474e+00
1.14007326e+00
1.14840049e+00
1.15218559e+00
1.13780220e+00
1.16354090e+00
1.15597070e+00
1.18019536e+00
1.15748474e+00
1.15142857e+00
1.14991453e+00
1.14007326e+00
1.14612943e+00
1.15218559e+00
1.14385836e+00
1.15218559e+00
1.15672772e+00
1.13401709e+00
1.13628816e+00
1.12114774e+00
1.16732601e+00
1.14991453e+00
1.12871795e+00
1.11963370e+00
1.18322344e+00
1.18246642e+00
1.09465201e+00
1.13704518e+00
1.14385836e+00
1.13553114e+00
1.12644689e+00
1.12871795e+00
1.12947497e+00
1.14461538e+00
1.13553114e+00
1.12720391e+00
1.14310134e+00
1.11811966e+00
1.14537241e+00
1.12568987e+00
1.12039072e+00
1.14158730e+00
1.16581197e+00
1.14840049e+00
1.15899878e+00
1.13326007e+00
1.13931624e+00
1.15899878e+00
1.15294261e+00
1.16278388e+00
1.14537241e+00
1.15597070e+00
1.15142857e+00
1.13553114e+00
1.11054945e+00
1.15369963e+00
1.13250305e+00
1.13023199e+00
1.15975580e+00
1.13628816e+00
1.15218559e+00
1.11584860e+00
1.14764347e+00
1.13780220e+00
1.14991453e+00
1.14083028e+00
1.14537241e+00
1.12871795e+00
1.13174603e+00
1.13780220e+00
1.11206349e+00
1.12720391e+00
1.13780220e+00
1.11660562e+00
1.13174603e+00
1.14158730e+00
1.15521368e+00
1.12341880e+00
1.14991453e+00
1.14612943e+00
1.16656899e+00
1.13780220e+00
1.15597070e+00
1.14007326e+00
1.15369963e+00
1.12568987e+00
1.15975580e+00
1.14537241e+00
1.13931624e+00
1.16656899e+00
1.16126984e+00
1.12644689e+00
1.14612943e+00
1.17035409e+00
1.14612943e+00
1.14764347e+00
1.14612943e+00
1.15218559e+00
1.15142857e+00
1.15142857e+00
1.14310134e+00
1.14991453e+00
1.13174603e+00
1.14688645e+00
1.13553114e+00
1.13553114e+00
1.14537241e+00
1.14537241e+00
1.15672772e+00
1.14461538e+00
1.16732601e+00
1.14310134e+00
1.17035409e+00
1.13174603e+00
1.14083028e+00
1.14537241e+00
1.14461538e+00
1.12644689e+00
1.14688645e+00
1.12114774e+00
1.14083028e+00
1.15521368e+00
1.16354090e+00
1.14385836e+00
1.15672772e+00
1.14991453e+00
1.16808303e+00
1.14083028e+00
1.11887668e+00
1.15218559e+00
1.13553114e+00
1.14612943e+00
1.15445665e+00
1.15445665e+00
1.15445665e+00
1.15067155e+00
1.13931624e+00
1.14840049e+00
1.12190476e+00
1.15899878e+00
1.14991453e+00
1.14007326e+00
1.14461538e+00
1.15369963e+00
1.14158730e+00
1.12644689e+00
1.13174603e+00
1.14461538e+00
1.14385836e+00
1.15067155e+00
1.16505495e+00
1.14310134e+00
1.12947497e+00
1.12720391e+00
1.08481074e+00
1.13401709e+00
1.14310134e+00
1.13780220e+00
1.12190476e+00
1.08253968e+00
1.17413919e+00
1.13628816e+00
1.13098901e+00
1.15975580e+00
1.13704518e+00
1.15218559e+00
1.16278388e+00
1.14083028e+00
1.17641026e+00
1.14461538e+00
1.14991453e+00
1.12190476e+00
1.13401709e+00
1.14083028e+00
1.14915751e+00
1.14840049e+00
1.14385836e+00
1.11433455e+00
1.13098901e+00
1.14158730e+00
1.14234432e+00
1.15142857e+00
1.14991453e+00
1.13326007e+00
1.14385836e+00
1.11357753e+00
1.14007326e+00
1.12039072e+00
1.11282051e+00
1.11509158e+00
1.13780220e+00
1.14688645e+00
1.14310134e+00
1.12266178e+00
1.13780220e+00
1.14007326e+00
1.13174603e+00
1.14083028e+00
1.13477411e+00
1.12796093e+00
1.15067155e+00
1.15597070e+00
1.14310134e+00
1.14991453e+00
1.16202686e+00
1.14688645e+00
1.15142857e+00
1.13023199e+00
1.10449328e+00
1.17868132e+00
1.15899878e+00
1.20442002e+00
1.18019536e+00
1.15445665e+00
1.14688645e+00
1.14234432e+00
1.13098901e+00
1.16126984e+00
1.14764347e+00
1.13477411e+00
1.15975580e+00
1.14688645e+00
1.13780220e+00
1.13553114e+00
1.13098901e+00
1.14688645e+00
1.12266178e+00
1.14991453e+00
1.15294261e+00
1.14612943e+00
1.15521368e+00
1.13250305e+00
1.15899878e+00
1.13780220e+00
1.12341880e+00
1.14158730e+00
1.12644689e+00
1.15142857e+00
1.19836386e+00
1.14158730e+00
1.14158730e+00
1.15294261e+00
1.14991453e+00
1.13780220e+00
1.12947497e+00
1.14688645e+00
1.14764347e+00
1.14537241e+00
1.14991453e+00
1.14310134e+00
1.15445665e+00
1.14385836e+00
1.13780220e+00
1.18246642e+00
1.13477411e+00
1.15218559e+00
1.13855922e+00
1.19533578e+00
1.14688645e+00
1.13628816e+00
1.12720391e+00
1.12114774e+00
1.15445665e+00
1.13553114e+00
1.14537241e+00
1.13098901e+00
1.14083028e+00
1.16581197e+00
1.13780220e+00
1.11963370e+00
1.13780220e+00
1.11963370e+00
1.15067155e+00
1.16656899e+00
1.15975580e+00
1.14764347e+00
1.14461538e+00
1.13401709e+00
1.12796093e+00
1.14688645e+00
1.13704518e+00
1.13780220e+00
1.15369963e+00
1.14840049e+00
1.15824176e+00
1.17111111e+00
1.15748474e+00
1.14991453e+00
1.17792430e+00
1.11433455e+00
1.16732601e+00
1.11887668e+00
1.13326007e+00
1.14688645e+00
1.14915751e+00
1.18170940e+00
1.16429792e+00
1.15597070e+00
1.14083028e+00
1.15672772e+00
1.13628816e+00
1.12871795e+00
1.18398046e+00
1.13704518e+00
1.14537241e+00
1.12190476e+00
1.15597070e+00
1.14007326e+00
1.14158730e+00
1.14007326e+00
1.12871795e+00
1.14385836e+00
1.12947497e+00
1.14083028e+00
1.12568987e+00
1.13326007e+00
1.13780220e+00
1.13098901e+00
1.15521368e+00
1.10827839e+00
1.15748474e+00
1.12871795e+00
1.13174603e+00
1.15067155e+00
1.14083028e+00
1.09086691e+00
1.13326007e+00
1.10373626e+00
1.16126984e+00
1.14461538e+00
1.15218559e+00
1.14840049e+00
1.14612943e+00
1.13477411e+00
1.15218559e+00
1.15294261e+00
1.16959707e+00
1.16581197e+00
1.15824176e+00
1.14158730e+00
1.14310134e+00
1.23848596e+00
1.18549451e+00
1.14007326e+00
1.15672772e+00
1.15218559e+00
1.14915751e+00
1.14461538e+00
1.14385836e+00
1.14537241e+00
1.13477411e+00
1.13628816e+00
1.13931624e+00
1.14688645e+00
1.13023199e+00
1.13326007e+00
1.14991453e+00
1.15748474e+00
1.13477411e+00
1.17186813e+00
1.17792430e+00
1.17111111e+00
1.16732601e+00
1.14915751e+00
1.13553114e+00
1.14688645e+00
1.17262515e+00
1.15218559e+00
1.14083028e+00
1.16505495e+00
1.18700855e+00
1.15218559e+00
1.13780220e+00
1.13098901e+00
1.11811966e+00
1.17565324e+00
1.13704518e+00
1.15672772e+00
1.13628816e+00
1.14083028e+00
1.15899878e+00
1.13704518e+00
1.15445665e+00
1.14537241e+00
1.14158730e+00
1.11282051e+00
1.14007326e+00
1.16202686e+00
1.11054945e+00
1.16656899e+00
1.12947497e+00
1.16202686e+00
1.13098901e+00
1.10903541e+00
1.11660562e+00
1.13628816e+00
1.14083028e+00
1.13174603e+00
1.13855922e+00
1.13553114e+00
1.12644689e+00
1.14083028e+00
1.17413919e+00
1.14915751e+00
1.12266178e+00
1.14007326e+00
1.15218559e+00
1.13326007e+00
1.13477411e+00
1.14840049e+00
1.15748474e+00
1.13326007e+00
1.15521368e+00
1.15369963e+00
1.15294261e+00
1.14764347e+00
1.14234432e+00
1.14158730e+00
1.15975580e+00
1.14612943e+00
1.13780220e+00
1.11130647e+00
1.14840049e+00
1.12947497e+00
1.12871795e+00
1.11357753e+00
1.14688645e+00
1.17943834e+00
1.11206349e+00
1.15218559e+00
1.15597070e+00
1.14764347e+00
1.13931624e+00
1.13553114e+00
1.14537241e+00
1.13098901e+00
1.15899878e+00
1.14537241e+00
1.10979243e+00
1.13553114e+00
1.14385836e+00
1.13401709e+00
1.18549451e+00
1.18019536e+00
1.15597070e+00
1.18246642e+00
1.14688645e+00
1.15824176e+00
1.17338217e+00
1.14688645e+00
1.14234432e+00
1.16202686e+00
1.13780220e+00
1.14083028e+00
1.14991453e+00
1.13326007e+00
1.15218559e+00
1.14310134e+00
1.12493284e+00
1.18322344e+00
1.14461538e+00
1.17868132e+00
1.14991453e+00
1.15294261e+00
1.14840049e+00
1.14461538e+00
1.13931624e+00
1.14234432e+00
1.13477411e+00
1.14991453e+00
1.14083028e+00
1.15597070e+00
1.07799756e+00
1.15899878e+00
1.17111111e+00
1.13174603e+00
1.12190476e+00
1.18246642e+00
1.12341880e+00
1.13098901e+00
1.14007326e+00
1.14083028e+00
1.14158730e+00
1.14083028e+00
1.14007326e+00
1.14007326e+00
1.13250305e+00
1.17262515e+00
1.14158730e+00
1.14688645e+00
1.12341880e+00
1.15067155e+00
1.11736264e+00
1.12341880e+00
1.14991453e+00
1.14461538e+00
1.14158730e+00
1.14612943e+00
1.15597070e+00
1.14688645e+00
1.15824176e+00
1.15369963e+00
1.14612943e+00
1.06512821e+00
1.17262515e+00
1.18927961e+00
1.17489621e+00
1.15521368e+00
1.14007326e+00
1.14537241e+00
1.15521368e+00
1.14840049e+00
1.14007326e+00
1.14612943e+00
1.14083028e+00
1.13704518e+00
1.14007326e+00
1.14461538e+00
1.16051282e+00
1.11584860e+00
1.14688645e+00
1.14158730e+00
1.16126984e+00
1.17641026e+00
1.18095238e+00
1.13553114e+00
1.17338217e+00
1.14234432e+00
1.16126984e+00
1.15899878e+00
1.15824176e+00
1.15899878e+00
1.12947497e+00
1.17186813e+00
1.14310134e+00
1.14688645e+00
1.14234432e+00
1.15067155e+00
1.14612943e+00
1.13931624e+00
1.14158730e+00
1.15597070e+00
1.15142857e+00
1.14612943e+00
1.15369963e+00
1.15975580e+00
1.14612943e+00
1.13174603e+00
1.15597070e+00
1.11963370e+00
1.15899878e+00
1.15975580e+00
1.13780220e+00
1.12568987e+00
1.13855922e+00
1.10297924e+00
1.10070818e+00
1.10979243e+00
1.12796093e+00
1.13477411e+00
1.08178266e+00
1.13174603e+00
1.12947497e+00
1.13098901e+00
1.13628816e+00
1.13174603e+00
1.13553114e+00
1.14840049e+00
1.14991453e+00
1.14234432e+00
1.14385836e+00
1.15521368e+00
1.14840049e+00
1.14385836e+00
1.14688645e+00
1.19003663e+00
1.17641026e+00
1.14612943e+00
1.14612943e+00
1.15142857e+00
1.14007326e+00
1.16581197e+00
1.14840049e+00
1.15294261e+00
1.15369963e+00
1.15899878e+00
1.13553114e+00
1.14915751e+00
1.10752137e+00
1.14007326e+00
1.14688645e+00
1.14764347e+00
1.17489621e+00
1.16278388e+00
1.15067155e+00
1.14083028e+00
1.14385836e+00
1.12568987e+00
1.12644689e+00
1.14991453e+00
1.12871795e+00
1.12417582e+00
1.13326007e+00
1.12417582e+00
1.17716728e+00
1.14083028e+00
1.11963370e+00
1.15824176e+00
1.16581197e+00
1.15369963e+00
1.18246642e+00
1.05301587e+00
1.13477411e+00
1.14612943e+00
1.14840049e+00
1.14764347e+00
1.14991453e+00
1.13477411e+00
1.14764347e+00
1.17186813e+00
1.14612943e+00
1.09843712e+00
1.13931624e+00
1.18246642e+00
1.14083028e+00
1.19230769e+00
1.14158730e+00
1.11206349e+00
1.16505495e+00
1.12947497e+00
1.15369963e+00
1.14991453e+00
1.13023199e+00
1.13477411e+00
1.13023199e+00
1.13780220e+00
1.11584860e+00
1.13704518e+00
1.14915751e+00
1.13098901e+00
1.12266178e+00
1.17792430e+00
1.14537241e+00
1.11584860e+00
1.18095238e+00
1.15218559e+00
1.15521368e+00
1.14764347e+00
1.15521368e+00
1.14840049e+00
1.14840049e+00
1.15445665e+00
1.12644689e+00
1.15597070e+00
1.19230769e+00
1.15824176e+00
1.16354090e+00
1.13326007e+00
1.17943834e+00
1.13023199e+00
1.14234432e+00
1.15899878e+00
1.15899878e+00
1.15294261e+00
1.15899878e+00
1.15824176e+00
1.14991453e+00
1.15672772e+00
1.14385836e+00
1.13780220e+00
1.13098901e+00
1.15218559e+00
1.13780220e+00
1.14083028e+00
1.12417582e+00
1.14764347e+00
1.12493284e+00
1.15899878e+00
1.14310134e+00
1.13174603e+00
1.14688645e+00
1.12796093e+00
1.13174603e+00
1.13780220e+00
1.13628816e+00
1.13250305e+00
1.14385836e+00
1.12871795e+00
1.12720391e+00
1.14991453e+00
1.14007326e+00
1.14083028e+00
1.17943834e+00
1.16126984e+00
1.13098901e+00
1.15521368e+00
1.13780220e+00
1.13931624e+00
1.13931624e+00
1.15824176e+00
1.14688645e+00
1.15218559e+00
1.14991453e+00
1.15521368e+00
1.13098901e+00
1.13931624e+00
1.14158730e+00
1.15294261e+00
1.13931624e+00
1.14385836e+00
1.14991453e+00
1.14537241e+00
1.14007326e+00
1.14764347e+00
1.12796093e+00
1.14310134e+00
1.13326007e+00
1.13780220e+00
1.11660562e+00
1.14991453e+00
1.12871795e+00
1.13098901e+00
1.13477411e+00
1.15218559e+00
1.14234432e+00
1.16581197e+00
1.15218559e+00
1.14310134e+00
1.18549451e+00
1.14158730e+00
1.13477411e+00
1.14688645e+00
1.13401709e+00
1.15369963e+00
1.14764347e+00
1.14234432e+00
1.14764347e+00
1.14991453e+00
1.14461538e+00
1.13931624e+00
1.16656899e+00
1.15142857e+00
1.17111111e+00
1.15824176e+00
1.15521368e+00
1.14158730e+00
1.16354090e+00
1.18927961e+00
1.15067155e+00
1.14007326e+00
1.14007326e+00
1.13326007e+00
1.12417582e+00
1.14915751e+00
1.12568987e+00
1.17565324e+00
1.14688645e+00
1.14991453e+00
1.13553114e+00
1.13780220e+00
1.14915751e+00
1.14840049e+00
1.13780220e+00
1.13855922e+00
1.14461538e+00
1.13704518e+00
1.14310134e+00
1.15521368e+00
1.16884005e+00
1.15899878e+00
1.13477411e+00
1.15067155e+00
1.14310134e+00
1.14083028e+00
1.14007326e+00
1.14688645e+00
1.14991453e+00
1.14007326e+00
1.14991453e+00
1.13931624e+00
1.14688645e+00
1.15294261e+00
1.16429792e+00
1.12644689e+00
1.14915751e+00
1.14007326e+00
1.15067155e+00
1.15899878e+00
1.13855922e+00
1.13098901e+00
1.14688645e+00
1.15218559e+00
1.14537241e+00
1.16505495e+00
1.14688645e+00
1.12947497e+00
1.13401709e+00
1.12796093e+00
1.14764347e+00
1.13401709e+00
1.16126984e+00
1.14537241e+00
1.16808303e+00
1.09843712e+00
1.11206349e+00
1.13250305e+00
1.17868132e+00
1.14385836e+00
1.14840049e+00
1.15369963e+00
1.12568987e+00
1.15899878e+00
1.14688645e+00
1.14083028e+00
1.14310134e+00
1.14083028e+00
1.14612943e+00
1.14688645e+00
1.15294261e+00
1.15899878e+00
1.12190476e+00
1.14688645e+00
1.14991453e+00
1.18246642e+00
1.14915751e+00
1.10449328e+00
1.12114774e+00
1.12720391e+00
1.15445665e+00
1.15369963e+00
1.14840049e+00
1.13628816e+00
1.15369963e+00
1.15521368e+00
1.14840049e+00
1.14385836e+00
1.10752137e+00
1.11963370e+00
1.16656899e+00
1.12341880e+00
1.11054945e+00
1.13250305e+00
1.13401709e+00
1.15597070e+00
1.12796093e+00
1.13855922e+00
1.16581197e+00
1.13553114e+00
1.14310134e+00
1.14991453e+00
1.15521368e+00
1.10222222e+00
1.16808303e+00
1.14083028e+00
1.13477411e+00
1.15748474e+00
1.14840049e+00
1.17792430e+00
1.14385836e+00
1.10449328e+00
1.14007326e+00
1.14991453e+00
1.13477411e+00
1.14310134e+00
1.16505495e+00
1.15067155e+00
1.15445665e+00
1.15142857e+00
1.15445665e+00
1.14234432e+00
1.12871795e+00
1.14991453e+00
1.14234432e+00
1.14310134e+00
1.14158730e+00
1.13326007e+00
1.12796093e+00
1.19003663e+00
1.11357753e+00
1.15218559e+00
1.13780220e+00
1.14007326e+00
1.13855922e+00
1.14234432e+00
1.13250305e+00
1.17111111e+00
1.16505495e+00
1.14461538e+00
1.15142857e+00
1.16051282e+00
1.10449328e+00
1.18852259e+00
1.19609280e+00
1.14083028e+00
1.09465201e+00
1.15142857e+00
1.13401709e+00
1.15521368e+00
1.13780220e+00
1.12947497e+00
1.15597070e+00
1.14537241e+00
1.15294261e+00
1.15294261e+00
1.12039072e+00
1.16051282e+00
1.12644689e+00
1.15142857e+00
1.16884005e+00
1.13477411e+00
1.14612943e+00
1.13780220e+00
1.14083028e+00
1.14764347e+00
1.14764347e+00
1.14764347e+00
1.15294261e+00
1.12947497e+00
1.14991453e+00
1.13401709e+00
1.14007326e+00
1.17111111e+00
1.19684982e+00
1.10373626e+00
1.14764347e+00
1.14537241e+00
1.11963370e+00
1.16202686e+00
1.14537241e+00
1.14158730e+00
1.15521368e+00
1.14991453e+00
1.15369963e+00
1.14007326e+00
1.14915751e+00
1.14083028e+00
1.13780220e+00
1.13628816e+00
1.14688645e+00
1.15597070e+00
1.13780220e+00
1.13174603e+00
1.12644689e+00
1.15899878e+00
1.05301587e+00
1.14764347e+00
1.15445665e+00
1.15445665e+00
1.15218559e+00
1.14007326e+00
1.13553114e+00
1.13931624e+00
1.14764347e+00
1.16429792e+00
1.16732601e+00
1.14688645e+00
1.17489621e+00
1.11963370e+00
1.15521368e+00
1.14612943e+00
1.15672772e+00
1.13704518e+00
1.14007326e+00
1.10600733e+00
1.12568987e+00
1.13628816e+00
1.13628816e+00
1.14915751e+00
1.15067155e+00
1.15369963e+00
1.14688645e+00
1.12796093e+00
1.15369963e+00
1.15521368e+00
1.13250305e+00
1.11887668e+00
1.14310134e+00
1.14158730e+00
1.14764347e+00
1.15369963e+00
1.15748474e+00
1.16126984e+00
1.16354090e+00
1.15597070e+00
1.12871795e+00
1.18019536e+00
1.14688645e+00
1.15748474e+00
1.12796093e+00
1.17338217e+00
1.16581197e+00
1.13477411e+00
1.13477411e+00
1.14385836e+00
1.15521368e+00
1.14234432e+00
1.13704518e+00
1.13477411e+00
1.12947497e+00
1.13931624e+00
1.13250305e+00
1.14461538e+00
1.15369963e+00
1.18700855e+00
1.14158730e+00
1.14688645e+00
1.12871795e+00
1.12796093e+00
1.13628816e+00
1.14461538e+00
1.14158730e+00
1.14083028e+00
1.13704518e+00
1.12720391e+00
1.14688645e+00
1.14764347e+00
1.14461538e+00
1.15445665e+00
1.18246642e+00
1.13250305e+00
1.16808303e+00
1.16732601e+00
1.17338217e+00
1.19306471e+00
1.15824176e+00
1.14158730e+00
1.18246642e+00
1.13553114e+00
1.14991453e+00
1.14840049e+00
1.14612943e+00
1.14234432e+00
1.14688645e+00
1.16354090e+00
1.13553114e+00
1.16202686e+00
1.16959707e+00
1.12644689e+00
1.14688645e+00
1.12493284e+00
1.12871795e+00
1.14385836e+00
1.11736264e+00
1.14083028e+00
1.15521368e+00
1.12871795e+00
1.14158730e+00
1.14612943e+00
1.15067155e+00
1.14310134e+00
1.16278388e+00
1.13704518e+00
1.13250305e+00
1.14840049e+00
1.17035409e+00
1.13780220e+00
1.15899878e+00
1.11887668e+00
1.14764347e+00
1.12644689e+00
1.12871795e+00
1.13553114e+00
1.15218559e+00
1.14764347e+00
1.14612943e+00
1.14537241e+00
1.14310134e+00
1.15672772e+00
1.16354090e+00
1.16884005e+00
1.09010989e+00
1.14915751e+00
1.14915751e+00
1.15067155e+00
1.11054945e+00
1.13174603e+00
1.18776557e+00
1.14612943e+00
1.13326007e+00
1.12568987e+00
1.15142857e+00
1.14310134e+00
1.13326007e+00
1.12493284e+00
1.13098901e+00
1.13477411e+00
1.13477411e+00
1.11887668e+00
1.17186813e+00
1.13704518e+00
1.14158730e+00
1.14385836e+00
1.12644689e+00
1.13855922e+00
1.13704518e+00
1.15672772e+00
1.14612943e+00
1.14385836e+00
1.15142857e+00
1.14385836e+00
1.15748474e+00
1.16505495e+00
1.15218559e+00
1.17943834e+00
1.14612943e+00
1.16732601e+00
1.15975580e+00
1.17111111e+00
1.15899878e+00
1.13401709e+00
1.14764347e+00
1.15142857e+00
1.13704518e+00
1.13174603e+00
1.13780220e+00
1.14007326e+00
1.13628816e+00
1.14915751e+00
1.14688645e+00
1.11887668e+00
1.11357753e+00
1.10373626e+00
1.13855922e+00
1.11357753e+00
1.13098901e+00
1.10903541e+00
1.10525031e+00
1.15672772e+00
1.13553114e+00
1.15067155e+00
1.13704518e+00
1.14007326e+00
1.14007326e+00
1.15597070e+00
1.13250305e+00
1.14310134e+00
1.14991453e+00
1.14537241e+00
1.13326007e+00
1.12266178e+00
1.13780220e+00
1.14083028e+00
1.13780220e+00
1.15294261e+00
1.14537241e+00
1.14537241e+00
1.14991453e+00
1.15899878e+00
1.14991453e+00
1.14158730e+00
1.15672772e+00
1.15748474e+00
1.15975580e+00
1.15142857e+00
1.08935287e+00
1.13098901e+00
1.17868132e+00
1.13477411e+00
1.13628816e+00
1.15294261e+00
1.15521368e+00
1.12568987e+00
1.13250305e+00
1.14158730e+00
1.14007326e+00
1.12493284e+00
1.14234432e+00
1.14385836e+00
1.14310134e+00
1.14612943e+00
1.13250305e+00
1.13704518e+00
1.13477411e+00
1.14007326e+00
1.13704518e+00
1.16354090e+00
1.13477411e+00
1.15142857e+00
1.16429792e+00
1.14083028e+00
1.14310134e+00
1.13780220e+00
1.13704518e+00
1.14991453e+00
1.14537241e+00
1.13780220e+00
1.17035409e+00
1.16732601e+00
1.11584860e+00
1.12644689e+00
1.12493284e+00
1.13553114e+00
1.14158730e+00
1.16126984e+00
1.14537241e+00
1.15597070e+00
1.14461538e+00
1.14991453e+00
1.12947497e+00
1.14158730e+00
1.12568987e+00
1.15218559e+00
1.12947497e+00
1.17489621e+00
1.14688645e+00
1.13855922e+00
1.13326007e+00
1.12493284e+00
1.14537241e+00
1.13250305e+00
1.15597070e+00
1.13401709e+00
1.15521368e+00
1.15294261e+00
1.14764347e+00
1.13250305e+00
1.14840049e+00
1.14083028e+00
1.13477411e+00
1.13174603e+00
1.15824176e+00
1.13098901e+00
1.15218559e+00
1.13326007e+00
1.12871795e+00
1.13023199e+00
1.15369963e+00
1.12190476e+00
1.15824176e+00
1.14083028e+00
1.15975580e+00
1.15899878e+00
1.14612943e+00
1.14764347e+00
1.14007326e+00
1.14310134e+00
1.13704518e+00
1.14083028e+00
1.16732601e+00
1.16959707e+00
1.12568987e+00
1.14007326e+00
1.13477411e+00
1.11811966e+00
1.13477411e+00
1.14158730e+00
1.12871795e+00
1.13477411e+00
1.13174603e+00
1.14083028e+00
1.13553114e+00
1.16884005e+00
1.14310134e+00
1.15597070e+00
1.13553114e+00
1.11357753e+00
1.15142857e+00
1.15142857e+00
1.14764347e+00
1.15597070e+00
1.18398046e+00
1.15294261e+00
1.15521368e+00
1.14764347e+00
1.15067155e+00
1.13931624e+00
1.15067155e+00
1.15824176e+00
1.14083028e+00
1.11811966e+00
1.17338217e+00
1.04847375e+00
1.15445665e+00
1.13704518e+00
1.14158730e+00
1.14764347e+00
1.14083028e+00
1.13098901e+00
1.13477411e+00
1.14688645e+00
1.14385836e+00
1.14007326e+00
1.14234432e+00
1.14537241e+00
1.14915751e+00
1.13477411e+00
1.18398046e+00
1.15975580e+00
1.13174603e+00
1.13326007e+00
1.17792430e+00
1.10979243e+00
1.14840049e+00
1.14461538e+00
1.14461538e+00
1.15218559e+00
1.13553114e+00
1.14688645e+00
1.15521368e+00
1.15597070e+00
1.15142857e+00
1.12039072e+00
1.14764347e+00
1.14461538e+00
1.18398046e+00
1.13174603e+00
1.17716728e+00
1.11887668e+00
1.12114774e+00
1.20971917e+00
1.16354090e+00
1.15294261e+00
1.13250305e+00
1.16959707e+00
1.13704518e+00
1.14840049e+00
1.14840049e+00
1.14310134e+00
1.15672772e+00
1.13780220e+00
1.13477411e+00
1.07496947e+00
1.15521368e+00
1.16202686e+00
1.13628816e+00
1.17338217e+00
1.12568987e+00
1.13477411e+00
1.15748474e+00
1.13780220e+00
1.14612943e+00
1.13553114e+00
1.14385836e+00
1.14688645e+00
1.12493284e+00
1.16202686e+00
1.13250305e+00
1.13098901e+00
1.17943834e+00
1.15975580e+00
1.15597070e+00
1.10449328e+00
1.14688645e+00
1.13401709e+00
1.15748474e+00
1.14007326e+00
1.14991453e+00
1.14991453e+00
1.14537241e+00
1.13780220e+00
1.16505495e+00
1.15218559e+00
1.14007326e+00
1.18398046e+00
1.11963370e+00
1.13931624e+00
1.14310134e+00
1.14310134e+00
1.12947497e+00
1.14310134e+00
1.13250305e+00
1.12644689e+00
1.14083028e+00
1.14158730e+00
1.12644689e+00
1.13174603e+00
1.13704518e+00
1.13023199e+00
1.11433455e+00
1.15445665e+00
1.13477411e+00
1.15445665e+00
1.15445665e+00
1.19003663e+00
1.15824176e+00
1.14991453e+00
1.12644689e+00
1.15369963e+00
1.13477411e+00
1.16051282e+00
1.14461538e+00
1.15824176e+00
1.14461538e+00
1.14688645e+00
1.15369963e+00
1.14537241e+00
1.14310134e+00
1.17413919e+00
1.21047619e+00
1.14007326e+00
1.14840049e+00
1.15294261e+00
1.14991453e+00
1.15218559e+00
1.14915751e+00
1.14461538e+00
1.13553114e+00
1.15748474e+00
1.14991453e+00
1.14461538e+00
1.12190476e+00
1.13477411e+00
1.10525031e+00
1.12720391e+00
1.13326007e+00
1.16051282e+00
1.16808303e+00
1.12568987e+00
1.17338217e+00
1.16656899e+00
1.14991453e+00
1.14688645e+00
1.14612943e+00
1.14764347e+00
1.13250305e+00
1.16656899e+00
1.14991453e+00
1.13780220e+00
1.16278388e+00
1.16202686e+00
1.18170940e+00
1.16959707e+00
1.13326007e+00
1.16732601e+00
1.16959707e+00
1.14688645e+00
1.13931624e+00
1.15824176e+00
1.13477411e+00
1.14764347e+00
1.14764347e+00
1.15748474e+00
1.12341880e+00
1.16354090e+00
1.14537241e+00
1.12190476e+00
1.13174603e+00
1.15521368e+00
1.15975580e+00
1.14612943e+00
1.13401709e+00
1.12568987e+00
1.16051282e+00
1.13477411e+00
1.14461538e+00
1.14158730e+00
1.17716728e+00
1.14461538e+00
1.14991453e+00
1.11887668e+00
1.13326007e+00
1.11584860e+00
1.15672772e+00
1.17186813e+00
1.17943834e+00
1.14612943e+00
1.17565324e+00
1.15369963e+00
1.15218559e+00
1.14385836e+00
1.13780220e+00
1.14688645e+00
1.15899878e+00
1.15067155e+00
1.15899878e+00
1.14612943e+00
1.15067155e+00
1.13477411e+00
1.17186813e+00
1.20593407e+00
1.11736264e+00
1.13855922e+00
1.12871795e+00
1.15369963e+00
1.18322344e+00
1.12720391e+00
1.13174603e+00
1.14612943e+00
1.14537241e+00
1.14991453e+00
1.15597070e+00
1.13326007e+00
1.14083028e+00
1.13477411e+00
1.13477411e+00
1.13174603e+00
1.13326007e+00
1.17262515e+00
1.11206349e+00
1.14310134e+00
1.13477411e+00
1.13098901e+00
1.11887668e+00
1.15445665e+00
1.14764347e+00
1.14764347e+00
1.14537241e+00
1.13780220e+00
1.16278388e+00
1.14310134e+00
1.13401709e+00
1.12568987e+00
1.18170940e+00
1.16808303e+00
1.15369963e+00
1.15067155e+00
1.13477411e+00
1.15672772e+00
1.15218559e+00
1.12568987e+00
1.13780220e+00
1.14158730e+00
1.13855922e+00
1.15445665e+00
1.14840049e+00
1.14764347e+00
1.13931624e+00
1.14461538e+00
1.14234432e+00
1.16581197e+00
1.12266178e+00
1.13628816e+00
1.14234432e+00
1.13401709e+00
1.12114774e+00
1.10297924e+00
1.12341880e+00
1.14234432e+00
1.12720391e+00
1.14688645e+00
1.15142857e+00
1.13174603e+00
1.14991453e+00
1.15521368e+00
1.15597070e+00
1.14537241e+00
1.13098901e+00
1.19003663e+00
1.15672772e+00
1.14840049e+00
1.15824176e+00
1.16732601e+00
1.16808303e+00
1.17489621e+00
1.14915751e+00
1.14612943e+00
1.14461538e+00
1.12266178e+00
1.15521368e+00
1.15748474e+00
1.15142857e+00
1.18625153e+00
1.14537241e+00
1.14915751e+00
1.14385836e+00
1.12644689e+00
1.17489621e+00
1.14234432e+00
1.15218559e+00
1.12871795e+00
1.15369963e+00
1.14158730e+00
1.13174603e+00
1.13780220e+00
1.13931624e+00
1.13401709e+00
1.14234432e+00
1.12190476e+00
1.19155067e+00
1.10146520e+00
1.11130647e+00
1.11963370e+00
1.15672772e+00
1.14083028e+00
1.12871795e+00
1.12796093e+00
1.15975580e+00
1.13704518e+00
1.14385836e+00
1.16581197e+00
1.14991453e+00
1.14915751e+00
1.16278388e+00
1.13931624e+00
1.16732601e+00
1.15294261e+00
1.15748474e+00
1.12114774e+00
1.14537241e+00
1.13401709e+00
1.14764347e+00
1.13780220e+00
1.12266178e+00
1.13780220e+00
1.15445665e+00
1.15748474e+00
1.15597070e+00
1.14991453e+00
1.14083028e+00
1.14612943e+00
1.14840049e+00
1.14991453e+00
1.14007326e+00
1.12341880e+00
1.14688645e+00
1.17565324e+00
1.17641026e+00
1.13780220e+00
1.12568987e+00
1.13704518e+00
1.13780220e+00
1.13401709e+00
1.13553114e+00
1.14234432e+00
1.14764347e+00
1.15597070e+00
1.14083028e+00
1.15824176e+00
1.12568987e+00
1.14158730e+00
1.16354090e+00
1.12266178e+00
1.12266178e+00
1.14688645e+00
1.18246642e+00
1.10070818e+00
1.13704518e+00
1.13855922e+00
1.16051282e+00
1.15748474e+00
1.14461538e+00
1.15294261e+00
1.15748474e+00
1.15218559e+00
1.15824176e+00
1.13174603e+00
1.12644689e+00
1.14612943e+00
1.16884005e+00
1.13098901e+00
1.11206349e+00
1.13780220e+00
1.14991453e+00
1.14007326e+00
1.12493284e+00
1.12947497e+00
1.12190476e+00
1.13401709e+00
1.13780220e+00
1.12568987e+00
1.10752137e+00
1.11206349e+00
1.18246642e+00
1.14840049e+00
1.13780220e+00
1.13174603e+00
1.14915751e+00
1.12114774e+00
1.10070818e+00
1.16505495e+00
1.14612943e+00
1.13780220e+00
1.14310134e+00
1.12796093e+00
1.17186813e+00
1.15067155e+00
1.15445665e+00
1.11736264e+00
1.16126984e+00
1.13780220e+00
1.17186813e+00
1.17868132e+00
1.14764347e+00
1.15672772e+00
1.17641026e+00
1.16202686e+00
1.14083028e+00
1.14612943e+00
1.15142857e+00
1.13553114e+00
1.14764347e+00
1.13477411e+00
1.15597070e+00
1.13098901e+00
1.15067155e+00
1.15294261e+00
1.16354090e+00
1.12417582e+00
1.13326007e+00
1.17338217e+00
1.10600733e+00
1.14083028e+00
1.11811966e+00
1.15067155e+00
1.12720391e+00
1.13628816e+00
1.13931624e+00
1.14991453e+00
1.15672772e+00
1.15899878e+00
1.13704518e+00
1.13250305e+00
1.13477411e+00
1.14915751e+00
1.13704518e+00
1.16959707e+00
1.11887668e+00
1.11963370e+00
1.14688645e+00
1.15975580e+00
1.15521368e+00
1.15218559e+00
1.16656899e+00
1.12947497e+00
1.14688645e+00
1.14764347e+00
1.16202686e+00
1.17035409e+00
1.13931624e+00
1.14385836e+00
1.13250305e+00
1.17186813e+00
1.11509158e+00
1.01365079e+00
1.14158730e+00
1.18019536e+00
1.12568987e+00
1.13174603e+00
1.12493284e+00
1.14007326e+00
1.14083028e+00
1.15369963e+00
1.12796093e+00
1.16202686e+00
1.10827839e+00
1.12493284e+00
1.14083028e+00
1.14840049e+00
1.15748474e+00
1.13855922e+00
1.14612943e+00
1.12114774e+00
1.19382173e+00
1.14688645e+00
1.13401709e+00
1.13174603e+00
1.14537241e+00
1.14461538e+00
1.14915751e+00
1.14991453e+00
1.15597070e+00
1.12871795e+00
1.17035409e+00
1.15294261e+00
1.16808303e+00
1.12568987e+00
1.14537241e+00
1.14840049e+00
1.14007326e+00
1.16202686e+00
1.14310134e+00
1.14385836e+00
1.14158730e+00
1.14612943e+00
1.14688645e+00
1.13023199e+00
1.12947497e+00
1.12947497e+00
1.14764347e+00
1.12796093e+00
1.12947497e+00
1.13780220e+00
1.11887668e+00
1.10827839e+00
1.18398046e+00
1.13704518e+00
1.15218559e+00
1.15672772e+00
1.12947497e+00
1.14764347e+00
1.15445665e+00
1.14612943e+00
1.14840049e+00
1.16581197e+00
1.13704518e+00
1.16051282e+00
1.15294261e+00
1.16126984e+00
1.14764347e+00
1.08556777e+00
1.12266178e+00
1.15294261e+00
1.14158730e+00
1.14612943e+00
1.15294261e+00
1.13477411e+00
1.15597070e+00
1.14688645e+00
1.13477411e+00
1.14310134e+00
1.14310134e+00
1.17868132e+00
1.11282051e+00
1.12568987e+00
1.15748474e+00
1.11660562e+00
1.13704518e+00
1.13250305e+00
1.10373626e+00
1.16051282e+00
1.13780220e+00
1.13628816e+00
1.12039072e+00
1.14991453e+00
1.13780220e+00
1.14385836e+00
1.15748474e+00
1.15899878e+00
1.17111111e+00
1.11282051e+00
1.11887668e+00
1.14083028e+00
1.15824176e+00
1.14915751e+00
1.14158730e+00
1.15445665e+00
1.12417582e+00
1.15369963e+00
1.15521368e+00
1.14461538e+00
1.14537241e+00
1.14083028e+00
1.14461538e+00
1.18246642e+00
1.14764347e+00
1.13477411e+00
1.13628816e+00
1.15899878e+00
1.13780220e+00
1.14991453e+00
1.13401709e+00
1.12114774e+00
1.05528694e+00
1.13780220e+00
1.14234432e+00
1.14234432e+00
1.10827839e+00
1.12266178e+00
1.12947497e+00
1.12493284e+00
1.14612943e+00
1.15294261e+00
1.14688645e+00
1.14461538e+00
1.14915751e+00
1.15899878e+00
1.14612943e+00
1.18625153e+00
1.15899878e+00
1.18625153e+00
1.15672772e+00
1.16884005e+00
1.15748474e+00
1.15142857e+00
1.15899878e+00
1.14612943e+00
1.15748474e+00
1.16429792e+00
1.16884005e+00
1.14310134e+00
1.18246642e+00
1.16959707e+00
1.12644689e+00
1.15899878e+00
1.15142857e+00
1.14385836e+00
1.11660562e+00
1.16051282e+00
1.15899878e+00
1.13401709e+00
1.15899878e+00
1.14158730e+00
1.14310134e+00
1.15521368e+00
1.11887668e+00
1.15369963e+00
1.12341880e+00
1.12644689e+00
1.11054945e+00
1.16808303e+00
1.10373626e+00
1.15067155e+00
1.13704518e+00
1.10676435e+00
1.15218559e+00
1.13553114e+00
1.13931624e+00
1.15445665e+00
1.13780220e+00
1.14991453e+00
1.17868132e+00
1.15294261e+00
1.14310134e+00
1.15824176e+00
1.17035409e+00
1.14385836e+00
1.14991453e+00
1.15672772e+00
1.17489621e+00
1.13855922e+00
1.14915751e+00
1.13401709e+00
1.12871795e+00
1.14310134e+00
1.14083028e+00
1.14991453e+00
1.17565324e+00
1.15597070e+00
1.11887668e+00
1.14158730e+00
1.15142857e+00
1.11584860e+00
1.13855922e+00
1.15824176e+00
1.13628816e+00
1.14083028e+00
1.12720391e+00
1.13704518e+00
1.13553114e+00
1.13174603e+00
1.12644689e+00
1.12417582e+00
1.13174603e+00
1.14083028e+00
1.13931624e+00
1.12871795e+00
1.13704518e+00
1.15672772e+00
1.19306471e+00
1.13326007e+00
1.13401709e+00
1.12720391e+00
1.15218559e+00
1.14007326e+00
1.15294261e+00
1.14158730e+00
1.15597070e+00
1.13553114e+00
1.15899878e+00
1.15294261e+00
1.16808303e+00
1.16202686e+00
1.15521368e+00
1.11963370e+00
1.19533578e+00
1.11054945e+00
1.18322344e+00
1.14234432e+00
1.11433455e+00
1.12568987e+00
1.14991453e+00
1.13023199e+00
1.14083028e+00
1.14764347e+00
1.12947497e+00
1.15294261e+00
1.16126984e+00
1.12796093e+00
1.13250305e+00
1.15899878e+00
1.14158730e+00
1.14461538e+00
1.16126984e+00
1.09843712e+00
1.17413919e+00
1.11206349e+00
1.12341880e+00
1.14915751e+00
1.15067155e+00
1.14007326e+00
1.13931624e+00
1.14083028e+00
1.14991453e+00
1.12568987e+00
1.17792430e+00
1.15899878e+00
1.13401709e+00
1.14083028e+00
1.13628816e+00
1.18852259e+00
1.14991453e+00
1.15369963e+00
1.14991453e+00
1.16505495e+00
1.14385836e+00
1.14688645e+00
1.15369963e+00
1.14991453e+00
1.15142857e+00
1.14158730e+00
1.12796093e+00
1.12114774e+00
1.14612943e+00
1.13326007e+00
1.13401709e+00
1.12644689e+00
1.13174603e+00
1.12039072e+00
1.16581197e+00
1.11887668e+00
1.12947497e+00
1.13704518e+00
1.12568987e+00
1.13174603e+00
1.12493284e+00
1.13174603e+00
1.13250305e+00
1.15369963e+00
1.12039072e+00
1.11282051e+00
1.16505495e+00
1.15142857e+00
1.18019536e+00
1.17641026e+00
1.19609280e+00
1.14385836e+00
1.15369963e+00
1.14612943e+00
1.14385836e+00
1.16126984e+00
1.14234432e+00
1.14083028e+00
1.13931624e+00
1.16202686e+00
1.14007326e+00
1.14688645e+00
1.15294261e+00
1.15521368e+00
1.14234432e+00
1.14688645e+00
1.14537241e+00
1.16278388e+00
1.12644689e+00
1.14688645e+00
1.14915751e+00
1.12568987e+00
1.14385836e+00
1.13023199e+00
1.13780220e+00
1.12871795e+00
1.14915751e+00
1.16656899e+00
1.13855922e+00
1.12190476e+00
1.12947497e+00
1.14310134e+00
1.18398046e+00
1.13704518e+00
1.09768010e+00
1.13098901e+00
1.14007326e+00
1.14915751e+00
1.16581197e+00
1.14688645e+00
1.14915751e+00
1.16732601e+00
1.13023199e+00
1.14385836e+00
1.12568987e+00
1.13023199e+00
1.14007326e+00
1.12266178e+00
1.14764347e+00
1.13477411e+00
1.15597070e+00
1.14915751e+00
1.13855922e+00
1.13401709e+00
1.13780220e+00
1.15218559e+00
1.14310134e+00
1.14083028e+00
1.14991453e+00
1.17186813e+00
1.17641026e+00
1.13023199e+00
1.15748474e+00
1.15142857e+00
1.18625153e+00
1.14310134e+00
1.15369963e+00
1.18095238e+00
1.13477411e+00
1.13174603e+00
1.15294261e+00
1.14310134e+00
1.13098901e+00
1.13401709e+00
1.14840049e+00
1.14764347e+00
1.14764347e+00
1.16202686e+00
1.14310134e+00
1.18625153e+00
1.17111111e+00
1.16808303e+00
1.17641026e+00
1.13477411e+00
1.18549451e+00
1.12947497e+00
1.14840049e+00
1.15597070e+00
1.15445665e+00
1.14007326e+00
1.14991453e+00
1.14310134e+00
1.16808303e+00
1.14915751e+00
1.16656899e+00
1.16884005e+00
1.14158730e+00
1.14083028e+00
1.14991453e+00
1.13855922e+00
1.10373626e+00
1.12493284e+00
1.15975580e+00
1.14310134e+00
1.13098901e+00
1.13855922e+00
1.15218559e+00
1.12417582e+00
1.12341880e+00
1.13553114e+00
1.16808303e+00
1.16505495e+00
1.13174603e+00
1.16959707e+00
1.13326007e+00
1.14158730e+00
1.15294261e+00
1.16202686e+00
1.14840049e+00
1.14461538e+00
1.14234432e+00
1.11963370e+00
1.15369963e+00
1.14083028e+00
1.15824176e+00
1.13855922e+00
1.15294261e+00
1.14764347e+00
1.11357753e+00
1.18625153e+00
1.16505495e+00
1.14764347e+00
1.13553114e+00
1.13401709e+00
1.15521368e+00
1.14158730e+00
1.15369963e+00
1.13401709e+00
1.13931624e+00
1.15218559e+00
1.13553114e+00
1.14612943e+00
1.16808303e+00
1.14461538e+00
1.11433455e+00
1.13023199e+00
1.14007326e+00
1.12417582e+00
1.16429792e+00
1.15142857e+00
1.14083028e+00
1.14310134e+00
1.11736264e+00
