1.91299145e+00
1.92737485e+00
1.88195360e+00
1.92586081e+00
1.91450549e+00
1.94175824e+00
1.94024420e+00
1.89330891e+00
1.89557998e+00
1.92207570e+00
1.90617827e+00
1.93191697e+00
1.91753358e+00
1.90315018e+00
1.91450549e+00
1.93267399e+00
1.92434676e+00
1.94554335e+00
1.90996337e+00
1.92283272e+00
1.88649573e+00
1.90163614e+00
1.88498168e+00
1.92283272e+00
1.91677656e+00
1.95689866e+00
1.90390720e+00
1.92813187e+00
1.92434676e+00
1.92510379e+00
1.92434676e+00
1.92661783e+00
1.91980464e+00
1.96522589e+00
1.91677656e+00
1.92434676e+00
1.96825397e+00
1.92813187e+00
1.93418803e+00
1.90920635e+00
1.93494505e+00
1.94781441e+00
1.96295482e+00
1.93418803e+00
1.93343101e+00
1.93494505e+00
1.92283272e+00
1.91526252e+00
1.91601954e+00
1.91374847e+00
1.91904762e+00
1.90087912e+00
1.91223443e+00
1.92586081e+00
1.93191697e+00
1.94175824e+00
1.90390720e+00
1.95311355e+00
1.94024420e+00
1.92207570e+00
1.92586081e+00
1.93040293e+00
1.93721612e+00
1.91829060e+00
1.93115995e+00
1.92131868e+00
1.92510379e+00
1.87665446e+00
1.92661783e+00
1.91829060e+00
1.91526252e+00
1.91299145e+00
1.92964591e+00
1.91601954e+00
1.89179487e+00
1.96446886e+00
1.90844933e+00
1.94478632e+00
1.93343101e+00
1.91904762e+00
1.93721612e+00
1.93191697e+00
1.93873016e+00
1.92056166e+00
1.92737485e+00
1.95689866e+00
1.94554335e+00
1.92434676e+00
1.92888889e+00
1.96219780e+00
1.93115995e+00
1.96749695e+00
1.90542125e+00
1.91374847e+00
1.91147741e+00
1.90996337e+00
1.92888889e+00
1.91526252e+00
1.91299145e+00
1.91601954e+00
1.92056166e+00
1.90390720e+00
1.90087912e+00
1.87514042e+00
1.88800977e+00
1.91677656e+00
1.91526252e+00
1.91829060e+00
1.87362637e+00
1.91601954e+00
1.90769231e+00
1.92661783e+00
1.92661783e+00
1.92510379e+00
1.90920635e+00
1.90693529e+00
1.91299145e+00
1.93191697e+00
1.93418803e+00
1.94175824e+00
1.92888889e+00
1.92358974e+00
1.92888889e+00
1.96749695e+00
1.93115995e+00
1.94857143e+00
1.92283272e+00
1.94175824e+00
1.92434676e+00
1.91753358e+00
1.91829060e+00
1.93494505e+00
1.93494505e+00
1.96144078e+00
1.89255189e+00
1.92661783e+00
2.01291819e+00
1.91829060e+00
1.94705739e+00
1.93570208e+00
1.91677656e+00
1.85091575e+00
1.92661783e+00
1.92813187e+00
1.90390720e+00
1.91374847e+00
1.93343101e+00
1.93494505e+00
1.93494505e+00
1.87362637e+00
1.88346764e+00
1.93267399e+00
1.96068376e+00
1.92207570e+00
1.94024420e+00
1.91450549e+00
1.90920635e+00
1.93494505e+00
1.92888889e+00
1.93948718e+00
1.92358974e+00
1.93721612e+00
1.94327228e+00
1.92283272e+00
1.92131868e+00
1.92510379e+00
1.93040293e+00
1.94024420e+00
1.80625153e+00
1.91526252e+00
1.94175824e+00
1.90315018e+00
1.92207570e+00
1.92586081e+00
1.97582418e+00
1.95765568e+00
1.91223443e+00
1.90769231e+00
1.91072039e+00
1.92131868e+00
1.92283272e+00
1.92434676e+00
1.91450549e+00
1.95614164e+00
1.94478632e+00
1.86151404e+00
1.95462759e+00
1.91299145e+00
1.92056166e+00
1.91374847e+00
1.91072039e+00
1.90996337e+00
1.94932845e+00
1.92434676e+00
1.92510379e+00
1.92737485e+00
1.90542125e+00
1.93797314e+00
1.93721612e+00
1.92056166e+00
1.91147741e+00
1.92056166e+00
1.92737485e+00
1.93115995e+00
1.92434676e+00
1.93115995e+00
1.93267399e+00
1.93115995e+00
1.92661783e+00
1.92207570e+00
1.90920635e+00
1.90920635e+00
1.92888889e+00
1.93191697e+00
1.92358974e+00
1.93267399e+00
1.95008547e+00
1.86832723e+00
1.92510379e+00
1.94024420e+00
1.92283272e+00
1.91374847e+00
1.91374847e+00
1.91980464e+00
1.91450549e+00
1.90617827e+00
1.89709402e+00
1.93948718e+00
1.93418803e+00
1.90920635e+00
1.92510379e+00
1.93418803e+00
1.92888889e+00
1.90617827e+00
1.90012210e+00
1.81760684e+00
1.90996337e+00
1.92661783e+00
1.94024420e+00
1.93645910e+00
1.92510379e+00
1.92737485e+00
1.93873016e+00
1.94630037e+00
1.91980464e+00
1.92207570e+00
1.94327228e+00
1.93797314e+00
1.92510379e+00
1.92510379e+00
1.93267399e+00
1.92888889e+00
1.89330891e+00
1.96825397e+00
1.90996337e+00
1.93873016e+00
1.92888889e+00
1.92813187e+00
1.91904762e+00
1.94024420e+00
1.91299145e+00
1.91904762e+00
1.92813187e+00
1.92510379e+00
1.92813187e+00
1.92510379e+00
1.91753358e+00
1.88725275e+00
1.94554335e+00
1.99626374e+00
1.91072039e+00
1.92131868e+00
1.91601954e+00
1.82442002e+00
1.96295482e+00
1.92888889e+00
1.92131868e+00
1.92056166e+00
1.93191697e+00
1.90996337e+00
1.91904762e+00
1.95462759e+00
1.93948718e+00
1.93343101e+00
1.95538462e+00
1.92207570e+00
1.93645910e+00
1.90996337e+00
1.93418803e+00
1.94251526e+00
1.92131868e+00
1.92813187e+00
1.89330891e+00
1.93797314e+00
1.90466422e+00
1.92434676e+00
1.92510379e+00
1.93343101e+00
1.93040293e+00
1.94554335e+00
1.91299145e+00
1.95311355e+00
1.91223443e+00
1.92586081e+00
1.90087912e+00
1.91601954e+00
1.91904762e+00
1.92510379e+00
1.86908425e+00
1.93873016e+00
1.93948718e+00
1.92737485e+00
1.93645910e+00
1.93040293e+00
1.91147741e+00
1.92358974e+00
1.91299145e+00
1.92131868e+00
1.93418803e+00
1.93191697e+00
1.92131868e+00
1.93040293e+00
1.91450549e+00
1.95538462e+00
1.90466422e+00
1.93797314e+00
1.93115995e+00
1.92510379e+00
1.94100122e+00
1.92737485e+00
1.90542125e+00
1.91829060e+00
1.94024420e+00
1.92510379e+00
1.91677656e+00
1.93267399e+00
1.89785104e+00
1.87741148e+00
1.90996337e+00
1.87362637e+00
1.93494505e+00
1.91223443e+00
1.86151404e+00
1.91299145e+00
1.91223443e+00
1.90542125e+00
1.91904762e+00
1.92510379e+00
1.92737485e+00
1.92586081e+00
1.93343101e+00
1.90542125e+00
1.96219780e+00
1.97052503e+00
1.92434676e+00
1.92434676e+00
1.92131868e+00
1.86832723e+00
1.87816850e+00
1.94478632e+00
1.94630037e+00
1.94024420e+00
1.89936508e+00
1.91677656e+00
1.96522589e+00
1.92283272e+00
1.90087912e+00
1.91753358e+00
1.93115995e+00
1.91904762e+00
1.91601954e+00
1.91677656e+00
1.94251526e+00
1.91374847e+00
1.92510379e+00
1.90996337e+00
1.92207570e+00
1.92510379e+00
1.91829060e+00
1.93570208e+00
1.92207570e+00
1.93948718e+00
1.91677656e+00
1.91072039e+00
1.94478632e+00
1.87665446e+00
1.90693529e+00
1.92888889e+00
1.87665446e+00
1.92207570e+00
1.85242979e+00
1.90844933e+00
1.92131868e+00
1.91223443e+00
1.92434676e+00
1.92964591e+00
1.91829060e+00
1.94630037e+00
1.92964591e+00
1.90542125e+00
1.90844933e+00
1.92358974e+00
1.93115995e+00
1.93418803e+00
1.99702076e+00
1.90617827e+00
1.90087912e+00
1.92434676e+00
1.91753358e+00
1.91753358e+00
1.94630037e+00
1.92131868e+00
1.90693529e+00
1.90466422e+00
1.91980464e+00
1.90617827e+00
1.95084249e+00
1.92358974e+00
1.93115995e+00
1.91450549e+00
1.96371184e+00
1.89103785e+00
1.96446886e+00
1.91980464e+00
1.91374847e+00
1.88573871e+00
1.91677656e+00
1.90542125e+00
1.91223443e+00
1.91904762e+00
1.92207570e+00
1.91601954e+00
1.92283272e+00
1.92813187e+00
1.92131868e+00
1.92358974e+00
1.89330891e+00
1.88271062e+00
1.91677656e+00
1.91904762e+00
1.93645910e+00
1.93873016e+00
1.91753358e+00
1.92661783e+00
1.94327228e+00
1.92131868e+00
1.92056166e+00
1.93797314e+00
1.93948718e+00
1.96446886e+00
1.94554335e+00
1.93721612e+00
1.97052503e+00
1.91374847e+00
1.92131868e+00
1.88422466e+00
1.95841270e+00
1.89633700e+00
1.90239316e+00
1.92207570e+00
1.90844933e+00
1.92131868e+00
1.91753358e+00
1.92358974e+00
1.94251526e+00
1.95462759e+00
1.95992674e+00
1.92131868e+00
1.92358974e+00
1.91829060e+00
1.87741148e+00
1.90466422e+00
1.91677656e+00
1.91601954e+00
1.91299145e+00
1.91829060e+00
1.93115995e+00
1.91904762e+00
1.92510379e+00
1.93191697e+00
1.92661783e+00
1.92888889e+00
1.94100122e+00
1.92964591e+00
1.94630037e+00
1.92813187e+00
1.96522589e+00
1.92131868e+00
1.94327228e+00
1.90087912e+00
1.90315018e+00
1.93267399e+00
1.90920635e+00
1.93418803e+00
1.92131868e+00
1.92434676e+00
1.90996337e+00
1.92964591e+00
1.93721612e+00
1.91147741e+00
1.91677656e+00
1.91904762e+00
1.92207570e+00
1.91299145e+00
1.91374847e+00
1.82290598e+00
1.91299145e+00
1.92510379e+00
1.88876679e+00
1.91677656e+00
1.92131868e+00
1.92207570e+00
1.91450549e+00
1.92737485e+00
1.90315018e+00
1.91526252e+00
1.93418803e+00
1.88043956e+00
1.87968254e+00
1.94175824e+00
1.92586081e+00
1.97658120e+00
1.92737485e+00
1.91147741e+00
1.92964591e+00
1.92737485e+00
1.93343101e+00
1.93645910e+00
1.92813187e+00
1.94402930e+00
1.93418803e+00
1.94327228e+00
1.88498168e+00
1.94478632e+00
1.95235653e+00
1.93115995e+00
1.90769231e+00
1.91374847e+00
1.92131868e+00
1.91904762e+00
1.92434676e+00
1.92283272e+00
1.91526252e+00
1.93040293e+00
1.92358974e+00
1.93797314e+00
1.93418803e+00
1.92358974e+00
1.91299145e+00
1.93570208e+00
1.92510379e+00
1.87665446e+00
1.89633700e+00
1.94630037e+00
1.92510379e+00
1.88876679e+00
1.92131868e+00
1.93948718e+00
1.93873016e+00
1.91450549e+00
1.90466422e+00
1.93040293e+00
1.93191697e+00
1.93948718e+00
1.92207570e+00
1.92661783e+00
1.90617827e+00
1.93343101e+00
1.96522589e+00
1.92283272e+00
1.92813187e+00
1.97885226e+00
1.91980464e+00
1.88649573e+00
1.85470085e+00
1.90769231e+00
1.92888889e+00
1.92737485e+00
1.90996337e+00
1.92888889e+00
1.91904762e+00
1.90996337e+00
1.92737485e+00
1.92737485e+00
1.93040293e+00
1.85242979e+00
1.93721612e+00
1.94175824e+00
1.89709402e+00
1.91299145e+00
1.94630037e+00
1.90163614e+00
1.92510379e+00
1.92661783e+00
1.95311355e+00
1.91374847e+00
1.92888889e+00
1.91147741e+00
1.92434676e+00
1.90693529e+00
1.96219780e+00
1.91147741e+00
1.93873016e+00
1.92813187e+00
1.95614164e+00
1.93343101e+00
1.90542125e+00
1.92586081e+00
2.00459096e+00
1.95008547e+00
1.93418803e+00
1.94024420e+00
1.93343101e+00
1.89482295e+00
1.93191697e+00
1.90844933e+00
1.94781441e+00
1.86757021e+00
1.94402930e+00
1.91526252e+00
1.93721612e+00
1.89936508e+00
1.93570208e+00
1.93191697e+00
1.89936508e+00
1.92964591e+00
1.90693529e+00
1.91526252e+00
1.91299145e+00
1.93267399e+00
1.90920635e+00
1.92510379e+00
1.94630037e+00
1.90466422e+00
1.90617827e+00
1.92813187e+00
1.91601954e+00
1.90996337e+00
1.88573871e+00
1.91677656e+00
1.86832723e+00
1.92510379e+00
1.94024420e+00
1.93873016e+00
1.92586081e+00
1.93948718e+00
1.92888889e+00
1.92661783e+00
1.92283272e+00
1.89179487e+00
1.88271062e+00
1.88952381e+00
1.90844933e+00
1.90920635e+00
1.86000000e+00
1.91677656e+00
1.94327228e+00
1.93115995e+00
1.95992674e+00
1.91526252e+00
1.91601954e+00
1.91677656e+00
1.91072039e+00
1.92737485e+00
1.90542125e+00
1.90693529e+00
1.95765568e+00
1.90844933e+00
1.93418803e+00
1.91904762e+00
1.92888889e+00
1.91374847e+00
1.92056166e+00
1.89179487e+00
1.92737485e+00
1.93721612e+00
1.91677656e+00
1.92131868e+00
1.90920635e+00
1.90617827e+00
1.89860806e+00
1.90315018e+00
1.91980464e+00
1.95614164e+00
1.88952381e+00
1.91829060e+00
1.94100122e+00
1.92964591e+00
1.93570208e+00
1.94327228e+00
1.86000000e+00
1.93115995e+00
1.91677656e+00
1.91526252e+00
1.93418803e+00
1.91829060e+00
1.95008547e+00
1.92888889e+00
1.91299145e+00
1.90466422e+00
1.92510379e+00
1.96144078e+00
1.93040293e+00
1.88043956e+00
1.96144078e+00
1.90617827e+00
1.95311355e+00
1.92661783e+00
1.91223443e+00
1.91299145e+00
1.91299145e+00
1.92813187e+00
1.92358974e+00
1.92434676e+00
1.92510379e+00
1.94402930e+00
1.92661783e+00
1.90542125e+00
1.94630037e+00
1.91601954e+00
1.92510379e+00
1.91450549e+00
1.92207570e+00
1.91904762e+00
1.94932845e+00
1.95538462e+00
1.91601954e+00
1.92510379e+00
1.91601954e+00
1.92813187e+00
1.93721612e+00
1.95387057e+00
1.92510379e+00
1.91677656e+00
1.91299145e+00
1.91753358e+00
1.91299145e+00
1.99172161e+00
1.96446886e+00
1.91677656e+00
1.90996337e+00
1.91677656e+00
1.91374847e+00
1.91147741e+00
1.91904762e+00
1.92207570e+00
1.91526252e+00
1.92283272e+00
1.88952381e+00
1.90466422e+00
1.93721612e+00
1.89936508e+00
1.89179487e+00
1.96673993e+00
1.91299145e+00
1.89406593e+00
1.94857143e+00
1.89330891e+00
1.92510379e+00
1.92207570e+00
1.90087912e+00
1.91677656e+00
1.91223443e+00
1.92283272e+00
1.92131868e+00
1.95841270e+00
1.94327228e+00
1.91677656e+00
1.95008547e+00
1.94100122e+00
1.92964591e+00
1.94402930e+00
1.95235653e+00
1.92131868e+00
1.92358974e+00
1.91904762e+00
1.90920635e+00
1.90920635e+00
1.92283272e+00
1.91829060e+00
1.91072039e+00
1.92813187e+00
1.91299145e+00
1.91526252e+00
1.92737485e+00
1.94781441e+00
1.96522589e+00
1.91147741e+00
1.91299145e+00
1.89179487e+00
1.86529915e+00
1.92813187e+00
1.91147741e+00
1.91526252e+00
1.93721612e+00
1.92131868e+00
1.92661783e+00
1.93721612e+00
1.91526252e+00
1.94402930e+00
1.90087912e+00
1.91904762e+00
1.92056166e+00
1.91147741e+00
1.94024420e+00
1.93115995e+00
1.92056166e+00
1.93343101e+00
1.93115995e+00
1.93721612e+00
1.92813187e+00
1.94327228e+00
1.92737485e+00
1.95311355e+00
1.92207570e+00
1.92434676e+00
1.95084249e+00
1.95841270e+00
1.90769231e+00
1.91904762e+00
1.90693529e+00
1.91980464e+00
1.95538462e+00
1.93418803e+00
1.91223443e+00
1.94478632e+00
1.91601954e+00
1.91904762e+00
1.92888889e+00
1.90693529e+00
1.92813187e+00
1.91147741e+00
1.92813187e+00
1.92358974e+00
1.90390720e+00
1.91904762e+00
1.92737485e+00
1.88422466e+00
1.89860806e+00
1.91450549e+00
1.94402930e+00
1.91601954e+00
1.91601954e+00
1.94024420e+00
1.92510379e+00
1.94100122e+00
1.92737485e+00
1.93418803e+00
1.90920635e+00
1.94175824e+00
1.92888889e+00
1.97582418e+00
1.94024420e+00
1.95614164e+00
1.92434676e+00
1.95387057e+00
1.96598291e+00
1.89482295e+00
1.91753358e+00
1.93721612e+00
1.92888889e+00
1.93191697e+00
1.93191697e+00
1.90163614e+00
1.90996337e+00
1.94478632e+00
1.97582418e+00
1.93343101e+00
1.96219780e+00
1.91072039e+00
1.91677656e+00
1.89255189e+00
1.98036630e+00
1.91677656e+00
1.96976801e+00
1.92813187e+00
1.90844933e+00
1.92207570e+00
1.91601954e+00
1.92207570e+00
1.91450549e+00
1.93418803e+00
1.92207570e+00
1.91904762e+00
1.95235653e+00
1.93570208e+00
1.91526252e+00
1.92813187e+00
1.91904762e+00
1.90163614e+00
1.91374847e+00
1.94932845e+00
1.91677656e+00
1.93418803e+00
1.93797314e+00
1.91374847e+00
1.92131868e+00
1.91677656e+00
1.93570208e+00
1.93797314e+00
1.92131868e+00
1.90390720e+00
1.93948718e+00
1.93115995e+00
1.91753358e+00
1.92056166e+00
1.92586081e+00
1.87286935e+00
1.92434676e+00
1.92737485e+00
1.92661783e+00
1.93343101e+00
1.92207570e+00
1.90996337e+00
1.90996337e+00
1.91677656e+00
1.92434676e+00
1.92661783e+00
1.95084249e+00
1.92131868e+00
1.94781441e+00
1.91904762e+00
1.93797314e+00
1.92888889e+00
1.90315018e+00
1.92661783e+00
1.92434676e+00
1.93570208e+00
1.93267399e+00
1.95689866e+00
1.95916972e+00
1.92283272e+00
1.96749695e+00
1.96219780e+00
1.94100122e+00
1.91677656e+00
1.94327228e+00
1.96522589e+00
1.92434676e+00
1.91980464e+00
1.91980464e+00
1.91601954e+00
1.92813187e+00
1.92207570e+00
1.91223443e+00
1.93797314e+00
1.92888889e+00
1.91072039e+00
1.90012210e+00
1.92283272e+00
1.90617827e+00
1.93721612e+00
1.92737485e+00
1.92207570e+00
1.91677656e+00
1.92434676e+00
1.92358974e+00
1.91147741e+00
1.93494505e+00
1.92661783e+00
1.91374847e+00
1.91526252e+00
1.90693529e+00
1.92661783e+00
1.92888889e+00
1.94175824e+00
1.92888889e+00
1.95462759e+00
1.93191697e+00
1.92131868e+00
1.92358974e+00
1.95462759e+00
1.93570208e+00
2.01064713e+00
1.93645910e+00
1.93040293e+00
1.91904762e+00
1.92358974e+00
1.92056166e+00
1.92813187e+00
1.91601954e+00
1.92510379e+00
1.90769231e+00
1.88422466e+00
1.94630037e+00
1.90012210e+00
1.90844933e+00
1.90390720e+00
1.90693529e+00
1.95008547e+00
1.88346764e+00
1.91829060e+00
1.92737485e+00
1.91601954e+00
1.91526252e+00
1.91677656e+00
1.92358974e+00
1.92207570e+00
1.91904762e+00
1.91980464e+00
1.89179487e+00
1.90769231e+00
1.93645910e+00
1.92813187e+00
1.91147741e+00
1.91299145e+00
1.92813187e+00
1.92737485e+00
1.93797314e+00
1.92358974e+00
1.92131868e+00
1.93797314e+00
1.91980464e+00
1.93191697e+00
1.93040293e+00
1.94932845e+00
1.87438339e+00
1.93797314e+00
1.94554335e+00
1.93570208e+00
1.92358974e+00
1.88271062e+00
1.92131868e+00
1.94251526e+00
1.93343101e+00
1.91980464e+00
1.92813187e+00
1.94024420e+00
1.91753358e+00
1.93418803e+00
1.92964591e+00
1.94024420e+00
1.90996337e+00
1.87135531e+00
1.89709402e+00
1.93721612e+00
1.94402930e+00
1.93343101e+00
1.89860806e+00
1.90466422e+00
1.91299145e+00
1.92964591e+00
1.92888889e+00
1.90693529e+00
1.91601954e+00
1.92661783e+00
1.94857143e+00
1.92661783e+00
1.94024420e+00
1.89406593e+00
1.90315018e+00
1.92888889e+00
1.93267399e+00
1.92283272e+00
1.95387057e+00
1.90542125e+00
1.98263736e+00
1.90617827e+00
1.92510379e+00
1.91980464e+00
1.92888889e+00
1.91299145e+00
1.90844933e+00
1.90012210e+00
1.94705739e+00
1.94100122e+00
1.85772894e+00
1.86529915e+00
1.82820513e+00
1.91829060e+00
1.93115995e+00
1.88952381e+00
1.88043956e+00
1.91526252e+00
1.93191697e+00
1.92131868e+00
1.92056166e+00
1.91299145e+00
1.91223443e+00
1.93267399e+00
1.91753358e+00
1.93494505e+00
1.91829060e+00
1.90844933e+00
1.90012210e+00
1.92131868e+00
1.90769231e+00
1.93797314e+00
1.94024420e+00
1.89860806e+00
1.92510379e+00
1.94175824e+00
1.90996337e+00
1.93040293e+00
1.94932845e+00
1.94251526e+00
1.92510379e+00
1.92510379e+00
1.93418803e+00
1.89557998e+00
1.89103785e+00
1.90844933e+00
1.91147741e+00
1.93418803e+00
1.93418803e+00
1.93191697e+00
1.92813187e+00
1.91450549e+00
1.86908425e+00
1.91072039e+00
1.90920635e+00
1.91147741e+00
1.92661783e+00
1.92283272e+00
1.90315018e+00
1.93418803e+00
1.94327228e+00
1.94630037e+00
1.90239316e+00
1.90617827e+00
1.91450549e+00
1.91677656e+00
1.91374847e+00
1.91677656e+00
1.91829060e+00
1.91753358e+00
1.92283272e+00
1.93115995e+00
1.93267399e+00
1.93191697e+00
1.94024420e+00
1.95008547e+00
1.93570208e+00
1.91072039e+00
1.91753358e+00
1.97052503e+00
1.92813187e+00
1.97960928e+00
1.91829060e+00
1.91904762e+00
1.90466422e+00
1.93418803e+00
1.91904762e+00
1.89557998e+00
1.91450549e+00
1.91374847e+00
1.90315018e+00
1.91526252e+00
1.93191697e+00
1.93797314e+00
1.91374847e+00
1.94857143e+00
1.92207570e+00
1.96673993e+00
1.91374847e+00
1.96673993e+00
1.91147741e+00
1.92056166e+00
1.94100122e+00
1.93267399e+00
1.92510379e+00
1.91829060e+00
1.91829060e+00
1.92434676e+00
1.94932845e+00
1.92358974e+00
1.95311355e+00
1.93721612e+00
1.93645910e+00
1.93343101e+00
1.94630037e+00
1.96901099e+00
1.93115995e+00
1.94478632e+00
1.95538462e+00
1.92586081e+00
1.91299145e+00
1.92510379e+00
1.91753358e+00
1.92661783e+00
1.90996337e+00
1.88725275e+00
1.92207570e+00
1.88573871e+00
1.93721612e+00
1.97279609e+00
1.89557998e+00
1.88649573e+00
1.96446886e+00
1.93873016e+00
1.94932845e+00
1.91450549e+00
1.93494505e+00
1.90844933e+00
1.92434676e+00
1.92586081e+00
1.93721612e+00
1.90012210e+00
1.91223443e+00
1.89255189e+00
1.93494505e+00
1.96749695e+00
1.89785104e+00
1.90617827e+00
1.91147741e+00
1.85167277e+00
1.91904762e+00
1.91904762e+00
1.91980464e+00
1.92131868e+00
1.92358974e+00
1.94100122e+00
1.91980464e+00
1.92510379e+00
1.92964591e+00
1.92813187e+00
1.93343101e+00
1.96976801e+00
1.95159951e+00
1.95084249e+00
1.86832723e+00
1.95462759e+00
1.92207570e+00
1.91072039e+00
1.94100122e+00
1.92737485e+00
1.91223443e+00
1.91374847e+00
1.89936508e+00
1.91299145e+00
1.91904762e+00
1.92510379e+00
1.92586081e+00
1.95538462e+00
1.91601954e+00
1.90163614e+00
1.96446886e+00
1.92131868e+00
1.91072039e+00
1.96522589e+00
1.92434676e+00
1.91677656e+00
1.90693529e+00
1.93115995e+00
1.91072039e+00
1.93343101e+00
1.89482295e+00
1.93267399e+00
1.92661783e+00
1.92510379e+00
1.92510379e+00
1.94327228e+00
1.93418803e+00
1.96371184e+00
1.90769231e+00
1.92661783e+00
1.92283272e+00
1.91980464e+00
1.93418803e+00
1.92207570e+00
1.92131868e+00
1.93040293e+00
1.90315018e+00
1.90920635e+00
1.91829060e+00
1.91677656e+00
1.88876679e+00
1.90996337e+00
1.96068376e+00
1.94932845e+00
1.93721612e+00
1.94024420e+00
1.83577534e+00
1.90996337e+00
1.93494505e+00
1.91299145e+00
1.92888889e+00
1.93191697e+00
1.93721612e+00
1.92510379e+00
1.92131868e+00
1.92207570e+00
1.92964591e+00
1.88573871e+00
1.90769231e+00
1.90996337e+00
1.92131868e+00
1.93797314e+00
1.92737485e+00
1.89633700e+00
1.94781441e+00
1.92737485e+00
1.95235653e+00
1.92661783e+00
1.95614164e+00
1.92737485e+00
1.93418803e+00
1.93570208e+00
1.93115995e+00
1.90390720e+00
1.95159951e+00
1.92131868e+00
1.97582418e+00
1.92964591e+00
1.88422466e+00
1.90844933e+00
1.89406593e+00
1.90617827e+00
1.91072039e+00
1.90466422e+00
1.93721612e+00
1.92283272e+00
1.92056166e+00
1.92207570e+00
1.93494505e+00
1.91223443e+00
1.92131868e+00
1.88649573e+00
1.85394383e+00
1.90844933e+00
1.98263736e+00
1.91677656e+00
1.91980464e+00
1.86000000e+00
1.92131868e+00
1.91980464e+00
1.91299145e+00
1.92510379e+00
1.95765568e+00
1.92131868e+00
1.93873016e+00
1.92737485e+00
1.91072039e+00
1.96446886e+00
1.93267399e+00
1.91223443e+00
1.92964591e+00
1.90542125e+00
1.93267399e+00
1.93570208e+00
1.92813187e+00
1.90996337e+00
1.90769231e+00
1.90087912e+00
1.90012210e+00
1.90769231e+00
1.91753358e+00
1.91601954e+00
1.93191697e+00
1.87362637e+00
1.90996337e+00
1.94024420e+00
1.88271062e+00
1.93797314e+00
1.91904762e+00
1.93797314e+00
1.87892552e+00
1.93494505e+00
1.92207570e+00
1.91223443e+00
1.90390720e+00
1.91299145e+00
1.93948718e+00
1.92661783e+00
1.90769231e+00
1.93645910e+00
1.89709402e+00
1.93948718e+00
1.93721612e+00
1.90769231e+00
1.92813187e+00
1.92207570e+00
1.93721612e+00
1.92207570e+00
1.93570208e+00
1.93494505e+00
1.92964591e+00
1.92813187e+00
1.93873016e+00
1.93645910e+00
1.91299145e+00
1.94932845e+00
1.92434676e+00
1.91374847e+00
1.89860806e+00
1.91601954e+00
1.91299145e+00
1.97052503e+00
1.91072039e+00
1.89633700e+00
1.94024420e+00
1.92434676e+00
1.91677656e+00
1.92510379e+00
1.92056166e+00
1.92434676e+00
1.95538462e+00
1.92737485e+00
1.91223443e+00
1.92888889e+00
1.91980464e+00
1.94554335e+00
1.91526252e+00
1.95235653e+00
1.92283272e+00
1.93721612e+00
1.92131868e+00
1.92586081e+00
1.91299145e+00
1.94402930e+00
1.92358974e+00
1.94251526e+00
1.94100122e+00
1.92737485e+00
1.92737485e+00
1.93721612e+00
1.97355311e+00
1.93267399e+00
1.97052503e+00
1.95387057e+00
1.91980464e+00
1.90920635e+00
1.82669109e+00
1.90769231e+00
1.92131868e+00
1.90466422e+00
1.92510379e+00
1.92283272e+00
1.91299145e+00
1.91980464e+00
1.92813187e+00
1.96976801e+00
1.94554335e+00
1.86529915e+00
1.93494505e+00
1.91601954e+00
1.92813187e+00
1.90163614e+00
1.90920635e+00
1.97582418e+00
1.89709402e+00
1.91526252e+00
1.90920635e+00
1.91299145e+00
1.92283272e+00
1.92510379e+00
1.91223443e+00
1.92283272e+00
1.91072039e+00
1.91526252e+00
1.92510379e+00
1.96598291e+00
1.93721612e+00
1.96219780e+00
1.92737485e+00
1.93570208e+00
1.89936508e+00
1.93343101e+00
1.93645910e+00
1.93645910e+00
1.94327228e+00
1.91299145e+00
1.91147741e+00
1.91904762e+00
1.89255189e+00
1.87135531e+00
1.91601954e+00
1.91980464e+00
1.90315018e+00
1.91299145e+00
1.93873016e+00
1.93191697e+00
1.93418803e+00
1.91450549e+00
1.91299145e+00
1.91904762e+00
1.93418803e+00
1.93418803e+00
1.94024420e+00
1.91904762e+00
1.90315018e+00
1.93873016e+00
1.90163614e+00
1.99626374e+00
1.88952381e+00
1.87514042e+00
1.91753358e+00
1.93721612e+00
1.90920635e+00
1.93948718e+00
1.96144078e+00
1.93570208e+00
1.93115995e+00
1.95084249e+00
1.92661783e+00
1.92207570e+00
1.93494505e+00
1.91601954e+00
1.96749695e+00
1.92888889e+00
1.93721612e+00
1.94327228e+00
1.92283272e+00
1.91299145e+00
1.93343101e+00
1.88876679e+00
1.93418803e+00
1.92586081e+00
1.92510379e+00
1.92586081e+00
1.93191697e+00
1.90996337e+00
1.92283272e+00
1.91299145e+00
1.92888889e+00
1.90163614e+00
1.90012210e+00
1.90087912e+00
1.93721612e+00
1.91753358e+00
1.93494505e+00
1.90844933e+00
1.92131868e+00
1.87968254e+00
1.92283272e+00
1.92283272e+00
1.90542125e+00
1.90542125e+00
1.93191697e+00
1.90920635e+00
1.91829060e+00
1.92661783e+00
1.93494505e+00
1.93115995e+00
1.90315018e+00
1.91677656e+00
1.92207570e+00
1.93494505e+00
1.92283272e+00
1.96522589e+00
1.95159951e+00
1.92813187e+00
1.90239316e+00
1.90996337e+00
1.90996337e+00
1.92661783e+00
1.91526252e+00
1.92737485e+00
1.91904762e+00
1.94932845e+00
1.94630037e+00
1.85924298e+00
1.93570208e+00
1.91450549e+00
1.91299145e+00
1.92586081e+00
1.91829060e+00
1.88800977e+00
1.92964591e+00
1.90466422e+00
1.91374847e+00
1.92813187e+00
1.91072039e+00
1.90693529e+00
1.95159951e+00
1.91980464e+00
1.91223443e+00
1.90315018e+00
1.92207570e+00
1.92586081e+00
1.90390720e+00
1.94630037e+00
1.92661783e+00
1.91601954e+00
1.93645910e+00
1.92813187e+00
1.91753358e+00
1.91753358e+00
1.92964591e+00
1.94327228e+00
1.94327228e+00
1.96295482e+00
1.92056166e+00
1.87135531e+00
1.96825397e+00
1.93570208e+00
1.92737485e+00
1.90617827e+00
1.94705739e+00
1.91223443e+00
1.92056166e+00
1.91147741e+00
1.90693529e+00
1.90920635e+00
1.93343101e+00
1.93494505e+00
1.91677656e+00
1.90844933e+00
1.86908425e+00
1.91677656e+00
1.91147741e+00
1.90012210e+00
1.92586081e+00
1.90315018e+00
1.94251526e+00
1.91072039e+00
1.93418803e+00
1.90012210e+00
1.91450549e+00
1.92737485e+00
1.93418803e+00
1.93494505e+00
1.95235653e+00
1.93418803e+00
1.95159951e+00
1.90542125e+00
1.91374847e+00
1.92510379e+00
1.93721612e+00
1.97809524e+00
1.94327228e+00
1.95235653e+00
1.90466422e+00
1.91904762e+00
1.93115995e+00
1.92510379e+00
1.93267399e+00
1.93343101e+00
1.90844933e+00
1.93721612e+00
1.94251526e+00
1.93267399e+00
1.89557998e+00
1.90542125e+00
1.93873016e+00
1.93645910e+00
1.94251526e+00
1.92813187e+00
1.93191697e+00
1.89103785e+00
1.92888889e+00
1.94327228e+00
1.92207570e+00
1.93115995e+00
1.94024420e+00
1.90163614e+00
1.92131868e+00
1.95084249e+00
1.90844933e+00
1.95689866e+00
1.87968254e+00
1.87968254e+00
1.92586081e+00
1.94175824e+00
1.94175824e+00
1.96673993e+00
1.93948718e+00
1.95311355e+00
1.94857143e+00
1.95462759e+00
1.94327228e+00
1.95614164e+00
1.94251526e+00
1.94327228e+00
1.94857143e+00
1.94478632e+00
1.99474969e+00
1.92510379e+00
1.92510379e+00
1.93494505e+00
1.89330891e+00
1.93494505e+00
1.92358974e+00
1.89633700e+00
1.93948718e+00
1.91526252e+00
1.93721612e+00
1.94478632e+00
1.92358974e+00
1.94251526e+00
1.93418803e+00
1.92283272e+00
1.93570208e+00
1.97431013e+00
1.91904762e+00
1.96446886e+00
1.92813187e+00
1.92510379e+00
1.93115995e+00
1.94478632e+00
1.95084249e+00
1.93267399e+00
1.93948718e+00
1.94175824e+00
1.94932845e+00
1.94478632e+00
1.95387057e+00
1.94327228e+00
1.96068376e+00
1.95311355e+00
1.95387057e+00
1.95916972e+00
1.94857143e+00
1.93418803e+00
1.95462759e+00
1.93267399e+00
1.93873016e+00
1.94024420e+00
1.91753358e+00
1.94402930e+00
1.94402930e+00
1.92283272e+00
1.94781441e+00
1.91980464e+00
1.93418803e+00
1.92813187e+00
1.95614164e+00
1.93191697e+00
1.92813187e+00
1.96522589e+00
1.94327228e+00
1.94630037e+00
1.89633700e+00
1.94251526e+00
1.94705739e+00
1.94932845e+00
1.94781441e+00
1.93645910e+00
1.93418803e+00
1.96295482e+00
1.95008547e+00
1.92510379e+00
1.95614164e+00
2.00686203e+00
1.92813187e+00
1.94478632e+00
1.95462759e+00
1.93721612e+00
1.97733822e+00
1.94175824e+00
1.98869353e+00
1.96295482e+00
1.95008547e+00
1.95008547e+00
1.93494505e+00
1.93115995e+00
1.94024420e+00
1.93494505e+00
1.94630037e+00
1.94024420e+00
1.96901099e+00
1.92661783e+00
1.93570208e+00
1.92207570e+00
1.99777778e+00
1.95538462e+00
1.95916972e+00
1.92888889e+00
1.93570208e+00
1.92056166e+00
1.93040293e+00
1.92510379e+00
1.93418803e+00
1.93645910e+00
1.91829060e+00
1.91904762e+00
1.93418803e+00
1.93645910e+00
1.95387057e+00
1.92358974e+00
1.93191697e+00
1.92510379e+00
1.93191697e+00
1.94705739e+00
1.95462759e+00
1.92813187e+00
1.93645910e+00
1.93645910e+00
1.95159951e+00
1.94251526e+00
1.97355311e+00
1.93494505e+00
1.94932845e+00
1.93267399e+00
1.92964591e+00
1.93494505e+00
1.98793651e+00
1.93570208e+00
1.96219780e+00
1.87438339e+00
1.93645910e+00
1.94100122e+00
1.91829060e+00
1.92358974e+00
1.92813187e+00
1.91374847e+00
1.91904762e+00
1.92737485e+00
1.90163614e+00
1.92510379e+00
1.93343101e+00
1.96673993e+00
1.90012210e+00
1.94781441e+00
1.87968254e+00
1.97658120e+00
1.94251526e+00
1.90996337e+00
1.92586081e+00
1.93570208e+00
1.93494505e+00
1.92586081e+00
1.92056166e+00
1.93343101e+00
1.94024420e+00
1.89936508e+00
1.89936508e+00
1.93873016e+00
1.93418803e+00
1.93570208e+00
1.94478632e+00
1.97203907e+00
1.91904762e+00
1.96144078e+00
1.91753358e+00
1.90844933e+00
1.90844933e+00
1.94100122e+00
1.93570208e+00
1.93721612e+00
1.93721612e+00
1.93343101e+00
1.87514042e+00
1.92964591e+00
1.90542125e+00
1.90087912e+00
1.92283272e+00
1.91677656e+00
1.93494505e+00
1.92434676e+00
1.92586081e+00
1.94024420e+00
1.91829060e+00
1.93721612e+00
1.90466422e+00
1.91601954e+00
1.91526252e+00
1.92510379e+00
1.91299145e+00
1.91601954e+00
1.92434676e+00
1.92207570e+00
1.92131868e+00
1.94327228e+00
1.89936508e+00
1.98263736e+00
1.94024420e+00
1.93418803e+00
1.92661783e+00
1.92510379e+00
1.91904762e+00
1.91904762e+00
1.94100122e+00
1.94100122e+00
1.92586081e+00
1.90087912e+00
1.90087912e+00
1.93873016e+00
1.93494505e+00
1.90163614e+00
1.91299145e+00
1.92434676e+00
1.89936508e+00
1.93115995e+00
1.91677656e+00
1.93418803e+00
1.91223443e+00
1.94100122e+00
1.90542125e+00
1.91980464e+00
1.92586081e+00
1.92283272e+00
1.95841270e+00
1.91147741e+00
1.93418803e+00
1.92586081e+00
1.89330891e+00
1.90844933e+00
1.90087912e+00
1.91147741e+00
1.92056166e+00
1.91601954e+00
1.93115995e+00
1.91753358e+00
1.94705739e+00
1.92813187e+00
1.92283272e+00
1.91299145e+00
1.96598291e+00
1.94327228e+00
1.93721612e+00
1.93645910e+00
1.92056166e+00
1.98793651e+00
1.92888889e+00
1.93115995e+00
1.95614164e+00
1.91147741e+00
1.91374847e+00
1.92586081e+00
1.93721612e+00
1.91299145e+00
1.92510379e+00
1.94932845e+00
1.94932845e+00
1.95008547e+00
1.96901099e+00
1.92283272e+00
1.90466422e+00
1.86302808e+00
1.91526252e+00
1.98263736e+00
1.91904762e+00
1.91753358e+00
1.90693529e+00
1.92964591e+00
1.91753358e+00
1.90390720e+00
1.90315018e+00
1.92586081e+00
1.94478632e+00
1.94251526e+00
1.91601954e+00
1.90542125e+00
1.92737485e+00
1.95765568e+00
1.90087912e+00
1.90769231e+00
1.93115995e+00
1.93570208e+00
1.92131868e+00
1.92510379e+00
1.92434676e+00
1.92434676e+00
1.93343101e+00
1.93721612e+00
1.91904762e+00
1.91753358e+00
1.90617827e+00
1.93418803e+00
1.87968254e+00
1.90920635e+00
1.84940171e+00
1.91147741e+00
1.89709402e+00
1.89482295e+00
1.93721612e+00
1.91299145e+00
1.94024420e+00
1.92207570e+00
1.92283272e+00
1.93040293e+00
1.92813187e+00
1.90693529e+00
1.94024420e+00
1.91374847e+00
1.89255189e+00
1.92358974e+00
1.91450549e+00
1.90769231e+00
1.95916972e+00
1.91753358e+00
1.89255189e+00
1.89482295e+00
1.93418803e+00
1.92586081e+00
1.92131868e+00
1.94857143e+00
1.92207570e+00
1.92813187e+00
1.94478632e+00
1.94781441e+00
1.95008547e+00
1.90163614e+00
1.93873016e+00
1.91980464e+00
1.88876679e+00
1.91299145e+00
1.88498168e+00
1.90617827e+00
1.89330891e+00
1.92661783e+00
1.93115995e+00
1.90163614e+00
1.93721612e+00
1.90996337e+00
1.91980464e+00
1.95841270e+00
1.95235653e+00
1.90163614e+00
1.86151404e+00
1.93797314e+00
1.90466422e+00
1.89179487e+00
1.91299145e+00
1.90012210e+00
1.91374847e+00
1.93191697e+00
1.91753358e+00
1.91147741e+00
1.90163614e+00
1.90769231e+00
1.92964591e+00
1.94024420e+00
1.92888889e+00
1.94857143e+00
1.92131868e+00
1.92813187e+00
1.90996337e+00
1.93191697e+00
1.93343101e+00
1.93191697e+00
1.94932845e+00
1.93115995e+00
1.94175824e+00
1.94402930e+00
1.93191697e+00
1.91904762e+00
1.91450549e+00
1.89860806e+00
1.92207570e+00
1.90087912e+00
1.85394383e+00
1.88876679e+00
1.92131868e+00
1.93570208e+00
1.91677656e+00
1.89482295e+00
1.92813187e+00
1.91677656e+00
1.90996337e+00
1.91980464e+00
1.92586081e+00
1.93191697e+00
1.91072039e+00
1.91904762e+00
1.94478632e+00
1.94630037e+00
1.94932845e+00
1.88119658e+00
1.89785104e+00
1.86681319e+00
1.91147741e+00
1.97658120e+00
1.92131868e+00
1.91223443e+00
1.93343101e+00
1.92056166e+00
1.94705739e+00
1.94932845e+00
1.93418803e+00
1.92207570e+00
1.91601954e+00
1.94024420e+00
1.91829060e+00
1.90920635e+00
1.93267399e+00
1.91829060e+00
1.90315018e+00
1.93873016e+00
1.91601954e+00
1.91526252e+00
1.90163614e+00
1.91829060e+00
1.91299145e+00
1.94327228e+00
1.92661783e+00
1.90769231e+00
1.91677656e+00
1.91677656e+00
1.91753358e+00
1.96144078e+00
1.87514042e+00
1.90996337e+00
1.91677656e+00
1.94100122e+00
1.91829060e+00
1.88952381e+00
1.93040293e+00
1.94781441e+00
1.90693529e+00
1.91904762e+00
1.93267399e+00
1.91299145e+00
1.91601954e+00
1.92813187e+00
1.92888889e+00
1.93948718e+00
1.90617827e+00
1.93721612e+00
1.91601954e+00
1.93418803e+00
1.92661783e+00
1.92056166e+00
1.94932845e+00
1.94251526e+00
1.91147741e+00
1.93115995e+00
1.93418803e+00
1.90542125e+00
1.92586081e+00
1.91526252e+00
1.90844933e+00
1.95462759e+00
1.94024420e+00
1.97582418e+00
1.92131868e+00
1.96446886e+00
1.91450549e+00
1.87135531e+00
1.91753358e+00
1.93797314e+00
1.94630037e+00
1.92358974e+00
1.90693529e+00
1.92283272e+00
1.89709402e+00
1.90466422e+00
1.94630037e+00
1.90693529e+00
1.88422466e+00
1.92283272e+00
1.92813187e+00
1.92661783e+00
1.90996337e+00
1.90996337e+00
1.96976801e+00
1.90844933e+00
1.85924298e+00
1.93873016e+00
1.93418803e+00
1.92586081e+00
1.92661783e+00
1.93873016e+00
1.94251526e+00
1.93343101e+00
1.94024420e+00
1.92207570e+00
1.92586081e+00
1.89482295e+00
1.94630037e+00
1.88195360e+00
1.92207570e+00
1.95235653e+00
1.93494505e+00
1.87362637e+00
1.92131868e+00
1.89179487e+00
1.93418803e+00
1.93343101e+00
1.87968254e+00
1.90087912e+00
1.93115995e+00
1.94251526e+00
1.89785104e+00
1.92510379e+00
1.91677656e+00
1.96068376e+00
1.93418803e+00
1.89255189e+00
1.86681319e+00
1.95462759e+00
1.87892552e+00
1.91980464e+00
1.89785104e+00
1.91223443e+00
1.91299145e+00
1.94024420e+00
1.94857143e+00
1.92813187e+00
1.93645910e+00
1.94781441e+00
1.89785104e+00
1.91223443e+00
1.92434676e+00
1.92358974e+00
1.95765568e+00
1.89482295e+00
1.95159951e+00
1.88876679e+00
1.91904762e+00
1.90693529e+00
1.90920635e+00
1.92661783e+00
1.89179487e+00
1.93418803e+00
1.92888889e+00
1.94100122e+00
1.92358974e+00
1.91904762e+00
1.92813187e+00
1.92207570e+00
1.92131868e+00
1.88876679e+00
1.89860806e+00
1.90239316e+00
1.94100122e+00
1.92510379e+00
1.92586081e+00
1.92131868e+00
1.91450549e+00
1.90693529e+00
1.94100122e+00
1.91299145e+00
1.90996337e+00
1.89482295e+00
1.90693529e+00
1.92737485e+00
1.93721612e+00
1.92207570e+00
1.91904762e+00
1.89785104e+00
1.93267399e+00
1.93494505e+00
1.92661783e+00
1.92056166e+00
1.93115995e+00
1.93191697e+00
1.92056166e+00
1.91829060e+00
1.90693529e+00
1.91677656e+00
1.91601954e+00
1.91072039e+00
1.90920635e+00
1.94024420e+00
1.95311355e+00
1.90542125e+00
1.92358974e+00
1.94327228e+00
1.90617827e+00
1.92283272e+00
1.90920635e+00
1.91829060e+00
1.91072039e+00
1.94100122e+00
1.93948718e+00
1.95235653e+00
1.90617827e+00
1.95765568e+00
1.94478632e+00
1.92510379e+00
1.91374847e+00
1.95765568e+00
1.91753358e+00
1.92283272e+00
1.92358974e+00
1.93418803e+00
1.93343101e+00
1.92510379e+00
1.93191697e+00
1.94100122e+00
1.93797314e+00
1.94251526e+00
1.94024420e+00
1.95159951e+00
1.93040293e+00
1.92737485e+00
1.92510379e+00
1.95992674e+00
1.91829060e+00
1.91829060e+00
1.96749695e+00
1.91072039e+00
1.91299145e+00
1.90542125e+00
1.93191697e+00
1.93191697e+00
1.92207570e+00
1.94024420e+00
1.91450549e+00
1.88498168e+00
1.96901099e+00
1.97960928e+00
1.92813187e+00
1.90693529e+00
1.88725275e+00
1.95159951e+00
1.95311355e+00
1.91677656e+00
1.92207570e+00
1.91829060e+00
1.90693529e+00
1.91526252e+00
1.91299145e+00
1.92510379e+00
1.94024420e+00
1.97052503e+00
1.98490842e+00
1.87135531e+00
1.91904762e+00
1.95614164e+00
1.92888889e+00
1.97203907e+00
1.91299145e+00
1.97506716e+00
1.92207570e+00
1.94100122e+00
1.93721612e+00
1.93191697e+00
1.90844933e+00
1.91829060e+00
1.93040293e+00
1.91753358e+00
1.89936508e+00
1.91147741e+00
1.94630037e+00
1.92207570e+00
1.95159951e+00
1.92434676e+00
1.91526252e+00
1.94175824e+00
1.92056166e+00
1.94024420e+00
1.91904762e+00
1.93721612e+00
1.91677656e+00
1.91677656e+00
1.93721612e+00
1.92510379e+00
1.90163614e+00
1.94024420e+00
1.91753358e+00
1.93721612e+00
1.89482295e+00
1.93418803e+00
1.93418803e+00
1.90844933e+00
1.93115995e+00
1.92888889e+00
1.93494505e+00
1.93418803e+00
1.93645910e+00
1.94781441e+00
1.92888889e+00
1.93494505e+00
1.92813187e+00
1.92586081e+00
1.95765568e+00
1.89860806e+00
1.91980464e+00
1.91904762e+00
1.94932845e+00
1.95916972e+00
1.90087912e+00
1.94024420e+00
1.94100122e+00
1.90087912e+00
1.92813187e+00
1.93191697e+00
1.93494505e+00
1.92737485e+00
1.92283272e+00
1.91980464e+00
1.85091575e+00
1.92737485e+00
1.93494505e+00
1.96446886e+00
1.93797314e+00
1.92813187e+00
1.90163614e+00
1.92964591e+00
1.90542125e+00
1.93494505e+00
1.93873016e+00
1.92131868e+00
1.90315018e+00
1.93191697e+00
1.93948718e+00
1.92510379e+00
1.94251526e+00
1.91980464e+00
1.91677656e+00
1.93418803e+00
1.93721612e+00
1.93570208e+00
1.94705739e+00
1.93343101e+00
1.90769231e+00
1.90390720e+00
1.91299145e+00
1.90466422e+00
1.91829060e+00
1.92586081e+00
1.92813187e+00
1.91829060e+00
1.89179487e+00
1.89557998e+00
1.93267399e+00
1.90163614e+00
1.91299145e+00
1.90239316e+00
1.91299145e+00
1.92964591e+00
1.92434676e+00
1.91904762e+00
1.91753358e+00
1.93343101e+00
1.91904762e+00
1.92358974e+00
1.92586081e+00
1.93721612e+00
1.92813187e+00
1.91299145e+00
1.92207570e+00
1.96446886e+00
1.93948718e+00
1.90542125e+00
1.92207570e+00
1.93343101e+00
1.90844933e+00
1.87589744e+00
1.93343101e+00
1.92358974e+00
1.93948718e+00
1.92131868e+00
1.94251526e+00
1.94705739e+00
1.93948718e+00
1.93418803e+00
1.93040293e+00
1.92207570e+00
1.93721612e+00
1.90087912e+00
1.94857143e+00
1.90996337e+00
1.91601954e+00
1.92434676e+00
1.91753358e+00
1.93267399e+00
1.92813187e+00
1.91299145e+00
1.92283272e+00
1.91753358e+00
1.91980464e+00
1.91601954e+00
1.87741148e+00
1.90996337e+00
1.92661783e+00
1.90844933e+00
1.97355311e+00
1.87438339e+00
1.90390720e+00
1.90012210e+00
1.90617827e+00
1.92510379e+00
1.93115995e+00
1.91829060e+00
1.90769231e+00
1.91601954e+00
1.90163614e+00
1.93040293e+00
1.91526252e+00
1.92813187e+00
1.96522589e+00
1.94932845e+00
1.96673993e+00
1.92283272e+00
1.92358974e+00
1.91980464e+00
1.98642247e+00
1.95311355e+00
1.90996337e+00
1.91223443e+00
1.89557998e+00
1.91374847e+00
1.93191697e+00
1.90390720e+00
1.92056166e+00
1.88800977e+00
1.90542125e+00
1.93115995e+00
1.92888889e+00
1.85621490e+00
1.94781441e+00
1.88952381e+00
1.87286935e+00
1.92434676e+00
1.94402930e+00
1.95235653e+00
1.93040293e+00
1.93115995e+00
1.92510379e+00
1.90617827e+00
1.90844933e+00
1.91147741e+00
1.90390720e+00
1.91147741e+00
1.90012210e+00
1.94024420e+00
1.94857143e+00
1.93873016e+00
1.94175824e+00
1.92283272e+00
1.90996337e+00
1.91829060e+00
1.92737485e+00
1.92888889e+00
1.92510379e+00
1.93267399e+00
1.91450549e+00
1.92131868e+00
1.94024420e+00
1.90693529e+00
1.94705739e+00
1.92056166e+00
1.92207570e+00
1.92813187e+00
1.96144078e+00
1.95462759e+00
1.87665446e+00
1.90693529e+00
1.90012210e+00
1.91677656e+00
1.92888889e+00
1.93343101e+00
1.90996337e+00
1.92207570e+00
1.93115995e+00
1.93267399e+00
1.93873016e+00
1.87816850e+00
1.93191697e+00
1.92434676e+00
1.91374847e+00
1.93797314e+00
1.92283272e+00
1.95235653e+00
1.87968254e+00
1.93267399e+00
1.92207570e+00
1.93797314e+00
1.92737485e+00
1.93645910e+00
1.91601954e+00
1.92131868e+00
1.94781441e+00
1.93797314e+00
1.99777778e+00
1.92358974e+00
1.94478632e+00
1.91829060e+00
1.93267399e+00
1.92510379e+00
1.89028083e+00
1.90617827e+00
1.92358974e+00
1.92283272e+00
1.91829060e+00
1.91677656e+00
1.92207570e+00
1.90466422e+00
1.94932845e+00
1.95765568e+00
1.91450549e+00
1.89482295e+00
1.92586081e+00
1.98793651e+00
1.95387057e+00
1.87059829e+00
1.90996337e+00
1.93873016e+00
1.91601954e+00
1.92737485e+00
1.92131868e+00
1.91299145e+00
1.91980464e+00
1.91904762e+00
1.92737485e+00
1.92131868e+00
1.92283272e+00
1.91299145e+00
1.94781441e+00
1.93494505e+00
1.93570208e+00
1.92813187e+00
1.91072039e+00
1.93570208e+00
1.96673993e+00
1.92283272e+00
1.93873016e+00
1.93873016e+00
1.93343101e+00
1.93721612e+00
1.93721612e+00
1.90466422e+00
1.92813187e+00
1.91450549e+00
1.99096459e+00
1.93115995e+00
1.92737485e+00
1.92283272e+00
1.93418803e+00
1.92358974e+00
1.92434676e+00
1.93267399e+00
1.95159951e+00
1.93418803e+00
1.90920635e+00
1.93570208e+00
1.91904762e+00
1.92888889e+00
1.95235653e+00
1.90996337e+00
1.92207570e+00
1.95159951e+00
1.90693529e+00
1.88876679e+00
1.90920635e+00
1.92737485e+00
1.91904762e+00
1.93115995e+00
1.95841270e+00
1.94402930e+00
1.93570208e+00
1.93040293e+00
1.93721612e+00
1.93191697e+00
1.92131868e+00
1.91601954e+00
1.93343101e+00
1.92964591e+00
1.90390720e+00
1.90087912e+00
1.90390720e+00
1.94402930e+00
1.90617827e+00
1.89860806e+00
1.90012210e+00
1.90390720e+00
1.92510379e+00
1.88800977e+00
1.91223443e+00
1.91526252e+00
1.92283272e+00
1.93040293e+00
1.92056166e+00
1.90012210e+00
1.94932845e+00
1.93570208e+00
1.85924298e+00
1.89482295e+00
1.94554335e+00
1.90996337e+00
1.90466422e+00
1.93873016e+00
1.94100122e+00
1.89860806e+00
1.96144078e+00
1.91147741e+00
1.93191697e+00
1.92358974e+00
1.94251526e+00
1.86529915e+00
1.93494505e+00
1.93418803e+00
1.94402930e+00
1.94402930e+00
1.95008547e+00
1.94630037e+00
1.93721612e+00
1.98945055e+00
1.89255189e+00
1.92737485e+00
1.93418803e+00
1.93267399e+00
1.90996337e+00
1.91374847e+00
1.91829060e+00
1.90617827e+00
1.92586081e+00
1.95916972e+00
1.93191697e+00
1.93570208e+00
1.93721612e+00
1.90769231e+00
1.90390720e+00
1.96219780e+00
1.88119658e+00
1.91829060e+00
1.92964591e+00
1.93343101e+00
1.91072039e+00
1.87362637e+00
1.92964591e+00
1.92737485e+00
1.91450549e+00
1.83350427e+00
1.90390720e+00
1.93191697e+00
1.83577534e+00
1.94175824e+00
1.98869353e+00
1.94554335e+00
1.93570208e+00
1.93797314e+00
1.92510379e+00
1.94251526e+00
1.92434676e+00
1.92358974e+00
1.94932845e+00
1.94024420e+00
1.90390720e+00
1.88573871e+00
1.90163614e+00
1.90012210e+00
1.94630037e+00
1.89785104e+00
1.90087912e+00
1.90542125e+00
1.90996337e+00
1.89482295e+00
1.92813187e+00
1.90920635e+00
1.93040293e+00
1.94251526e+00
1.90542125e+00
1.93191697e+00
1.92888889e+00
1.92434676e+00
1.92207570e+00
1.92056166e+00
1.91299145e+00
1.91980464e+00
1.91223443e+00
1.91753358e+00
1.91601954e+00
1.90087912e+00
1.89860806e+00
1.92510379e+00
1.90844933e+00
1.90920635e+00
1.93040293e+00
1.94327228e+00
1.92056166e+00
1.90087912e+00
1.94705739e+00
1.92131868e+00
1.90087912e+00
1.94781441e+00
1.93191697e+00
1.88422466e+00
1.91526252e+00
1.91147741e+00
1.96446886e+00
1.91601954e+00
1.91677656e+00
1.90466422e+00
1.93418803e+00
1.94024420e+00
1.93721612e+00
1.93418803e+00
1.96371184e+00
1.90693529e+00
1.92510379e+00
1.91223443e+00
1.92737485e+00
1.88043956e+00
1.88573871e+00
1.92964591e+00
1.90087912e+00
1.93040293e+00
1.91904762e+00
1.92510379e+00
1.93721612e+00
