1.74720391e+00
1.80170940e+00
1.74341880e+00
1.74039072e+00
1.75250305e+00
1.76461538e+00
1.75855922e+00
1.73811966e+00
1.76688645e+00
1.75174603e+00
1.76688645e+00
1.76158730e+00
1.78202686e+00
1.76310134e+00
1.75326007e+00
1.75855922e+00
1.75553114e+00
1.75628816e+00
1.76915751e+00
1.74266178e+00
1.75931624e+00
1.75628816e+00
1.76234432e+00
1.76612943e+00
1.75098901e+00
1.75023199e+00
1.75780220e+00
1.75931624e+00
1.75931624e+00
1.76083028e+00
1.76385836e+00
1.74039072e+00
1.77521368e+00
1.79565324e+00
1.76688645e+00
1.74644689e+00
1.73660562e+00
1.77597070e+00
1.76764347e+00
1.76234432e+00
1.75174603e+00
1.75931624e+00
1.76158730e+00
1.76083028e+00
1.76385836e+00
1.75628816e+00
1.78656899e+00
1.74568987e+00
1.75553114e+00
1.78808303e+00
1.74720391e+00
1.75250305e+00
1.75326007e+00
1.75855922e+00
1.75704518e+00
1.78429792e+00
1.77824176e+00
1.74644689e+00
1.73811966e+00
1.77067155e+00
1.75931624e+00
1.77597070e+00
1.75401709e+00
1.75628816e+00
1.76234432e+00
1.77672772e+00
1.71389499e+00
1.76385836e+00
1.78051282e+00
1.77445665e+00
1.73887668e+00
1.75628816e+00
1.80095238e+00
1.77142857e+00
1.77369963e+00
1.72827839e+00
1.76461538e+00
1.75401709e+00
1.76310134e+00
1.74493284e+00
1.73130647e+00
1.74720391e+00
1.74417582e+00
1.73130647e+00
1.75553114e+00
1.76612943e+00
1.75023199e+00
1.79716728e+00
1.73736264e+00
1.74871795e+00
1.75553114e+00
1.74568987e+00
1.76234432e+00
1.77218559e+00
1.74493284e+00
1.75477411e+00
1.75855922e+00
1.75250305e+00
1.75477411e+00
1.77142857e+00
1.71995116e+00
1.74114774e+00
1.73811966e+00
1.77067155e+00
1.75628816e+00
1.74644689e+00
1.73206349e+00
1.72903541e+00
1.75326007e+00
1.74947497e+00
1.77218559e+00
1.76688645e+00
1.75553114e+00
1.74417582e+00
1.74417582e+00
1.77067155e+00
1.73509158e+00
1.76385836e+00
1.78581197e+00
1.75931624e+00
1.78278388e+00
1.73357753e+00
1.76310134e+00
1.73357753e+00
1.78656899e+00
1.75780220e+00
1.75931624e+00
1.75326007e+00
1.76461538e+00
1.74796093e+00
1.76688645e+00
1.74493284e+00
1.75477411e+00
1.79186813e+00
1.79413919e+00
1.74417582e+00
1.73206349e+00
1.74871795e+00
1.73660562e+00
1.74568987e+00
1.76840049e+00
1.74796093e+00
1.76310134e+00
1.74493284e+00
1.74493284e+00
1.76083028e+00
1.75477411e+00
1.76461538e+00
1.74039072e+00
1.79792430e+00
1.69496947e+00
1.74266178e+00
1.69042735e+00
1.78884005e+00
1.77672772e+00
1.73433455e+00
1.80322344e+00
1.72146520e+00
1.76461538e+00
1.75553114e+00
1.75553114e+00
1.75250305e+00
1.75704518e+00
1.74417582e+00
1.75704518e+00
1.77899878e+00
1.75553114e+00
1.73130647e+00
1.72600733e+00
1.72070818e+00
1.76991453e+00
1.79792430e+00
1.74644689e+00
1.77369963e+00
1.75401709e+00
1.76310134e+00
1.76083028e+00
1.74568987e+00
1.76688645e+00
1.74341880e+00
1.75780220e+00
1.74114774e+00
1.72297924e+00
1.73811966e+00
1.76310134e+00
1.75931624e+00
1.76991453e+00
1.76461538e+00
1.72676435e+00
1.80019536e+00
1.76991453e+00
1.76991453e+00
1.76158730e+00
1.74796093e+00
1.75553114e+00
1.76234432e+00
1.75477411e+00
1.78126984e+00
1.76537241e+00
1.76688645e+00
1.84031746e+00
1.77369963e+00
1.71389499e+00
1.75553114e+00
1.76083028e+00
1.76083028e+00
1.73433455e+00
1.75931624e+00
1.76310134e+00
1.76537241e+00
1.76234432e+00
1.74114774e+00
1.76461538e+00
1.74568987e+00
1.75174603e+00
1.76764347e+00
1.81609280e+00
1.76385836e+00
1.75250305e+00
1.75401709e+00
1.75553114e+00
1.77445665e+00
1.74871795e+00
1.76083028e+00
1.74190476e+00
1.76385836e+00
1.75174603e+00
1.75098901e+00
1.76083028e+00
1.74266178e+00
1.74720391e+00
1.75855922e+00
1.74568987e+00
1.77521368e+00
1.76840049e+00
1.77597070e+00
1.75401709e+00
1.71010989e+00
1.77218559e+00
1.72903541e+00
1.72146520e+00
1.75553114e+00
1.75855922e+00
1.76083028e+00
1.74417582e+00
1.75628816e+00
1.78354090e+00
1.69421245e+00
1.78202686e+00
1.75326007e+00
1.76461538e+00
1.77748474e+00
1.75477411e+00
1.77748474e+00
1.72676435e+00
1.82744811e+00
1.76083028e+00
1.75780220e+00
1.75326007e+00
1.74871795e+00
1.76158730e+00
1.76158730e+00
1.76688645e+00
1.75855922e+00
1.75250305e+00
1.76461538e+00
1.71919414e+00
1.74114774e+00
1.75628816e+00
1.75704518e+00
1.79489621e+00
1.77067155e+00
1.76007326e+00
1.75250305e+00
1.74947497e+00
1.76158730e+00
1.74493284e+00
1.76915751e+00
1.75326007e+00
1.76385836e+00
1.74341880e+00
1.77975580e+00
1.77142857e+00
1.71919414e+00
1.76537241e+00
1.80019536e+00
1.77824176e+00
1.73736264e+00
1.75250305e+00
1.76007326e+00
1.80625153e+00
1.75628816e+00
1.75628816e+00
1.75326007e+00
1.75704518e+00
1.75553114e+00
1.77899878e+00
1.76083028e+00
1.75553114e+00
1.75098901e+00
1.73887668e+00
1.73509158e+00
1.74720391e+00
1.74871795e+00
1.76461538e+00
1.74417582e+00
1.78732601e+00
1.74644689e+00
1.76234432e+00
1.76234432e+00
1.75931624e+00
1.75326007e+00
1.74796093e+00
1.74947497e+00
1.75250305e+00
1.77748474e+00
1.73660562e+00
1.75628816e+00
1.77899878e+00
1.77521368e+00
1.72979243e+00
1.76461538e+00
1.75174603e+00
1.79338217e+00
1.75628816e+00
1.75023199e+00
1.74417582e+00
1.76083028e+00
1.75780220e+00
1.74871795e+00
1.74947497e+00
1.76310134e+00
1.73054945e+00
1.71919414e+00
1.73054945e+00
1.79186813e+00
1.80398046e+00
1.75477411e+00
1.75704518e+00
1.74039072e+00
1.75628816e+00
1.74266178e+00
1.76083028e+00
1.75628816e+00
1.74947497e+00
1.78354090e+00
1.74417582e+00
1.76310134e+00
1.79338217e+00
1.79489621e+00
1.75174603e+00
1.76764347e+00
1.76840049e+00
1.79035409e+00
1.75553114e+00
1.77067155e+00
1.74720391e+00
1.74947497e+00
1.76007326e+00
1.76991453e+00
1.76764347e+00
1.74796093e+00
1.75401709e+00
1.75250305e+00
1.75855922e+00
1.78354090e+00
1.76310134e+00
1.78959707e+00
1.75780220e+00
1.75174603e+00
1.77975580e+00
1.74341880e+00
1.75855922e+00
1.75023199e+00
1.76083028e+00
1.74720391e+00
1.76688645e+00
1.74568987e+00
1.76461538e+00
1.75401709e+00
1.74871795e+00
1.73736264e+00
1.75553114e+00
1.76612943e+00
1.75401709e+00
1.75704518e+00
1.72752137e+00
1.75704518e+00
1.80398046e+00
1.74871795e+00
1.75174603e+00
1.74493284e+00
1.75401709e+00
1.76083028e+00
1.75098901e+00
1.75174603e+00
1.75628816e+00
1.75250305e+00
1.73584860e+00
1.73584860e+00
1.77672772e+00
1.81760684e+00
1.72297924e+00
1.76310134e+00
1.77824176e+00
1.79868132e+00
1.74644689e+00
1.75174603e+00
1.74796093e+00
1.76083028e+00
1.74493284e+00
1.75098901e+00
1.75326007e+00
1.74417582e+00
1.79716728e+00
1.72827839e+00
1.77067155e+00
1.75401709e+00
1.70178266e+00
1.76310134e+00
1.80398046e+00
1.74417582e+00
1.77067155e+00
1.77067155e+00
1.74796093e+00
1.75855922e+00
1.76007326e+00
1.76234432e+00
1.75553114e+00
1.77672772e+00
1.75326007e+00
1.74341880e+00
1.72827839e+00
1.74190476e+00
1.77975580e+00
1.73054945e+00
1.76764347e+00
1.76915751e+00
1.76764347e+00
1.72525031e+00
1.76537241e+00
1.76234432e+00
1.77521368e+00
1.75401709e+00
1.75931624e+00
1.76612943e+00
1.76234432e+00
1.72373626e+00
1.73887668e+00
1.71843712e+00
1.77975580e+00
1.75098901e+00
1.75780220e+00
1.77975580e+00
1.75250305e+00
1.76158730e+00
1.76537241e+00
1.77975580e+00
1.73736264e+00
1.75174603e+00
1.76461538e+00
1.76007326e+00
1.73811966e+00
1.75023199e+00
1.73054945e+00
1.78581197e+00
1.73963370e+00
1.75553114e+00
1.77067155e+00
1.78429792e+00
1.74190476e+00
1.77748474e+00
1.74114774e+00
1.74568987e+00
1.76083028e+00
1.74871795e+00
1.75704518e+00
1.75401709e+00
1.76612943e+00
1.76158730e+00
1.77218559e+00
1.75780220e+00
1.75855922e+00
1.77445665e+00
1.69572650e+00
1.76234432e+00
1.75553114e+00
1.78354090e+00
1.75855922e+00
1.74417582e+00
1.75098901e+00
1.75553114e+00
1.75855922e+00
1.76915751e+00
1.76840049e+00
1.75401709e+00
1.76234432e+00
1.76612943e+00
1.78429792e+00
1.76764347e+00
1.75628816e+00
1.73887668e+00
1.75401709e+00
1.78959707e+00
1.75855922e+00
1.73282051e+00
1.75477411e+00
1.75477411e+00
1.76991453e+00
1.75174603e+00
1.75628816e+00
1.75931624e+00
1.76688645e+00
1.76537241e+00
1.76385836e+00
1.73433455e+00
1.81987790e+00
1.78959707e+00
1.75628816e+00
1.79186813e+00
1.76461538e+00
1.74644689e+00
1.76612943e+00
1.78884005e+00
1.76840049e+00
1.76612943e+00
1.73963370e+00
1.76991453e+00
1.75250305e+00
1.76158730e+00
1.73963370e+00
1.73963370e+00
1.74114774e+00
1.78808303e+00
1.75174603e+00
1.74644689e+00
1.74417582e+00
1.71086691e+00
1.78884005e+00
1.72903541e+00
1.78278388e+00
1.76158730e+00
1.74266178e+00
1.75477411e+00
1.75704518e+00
1.73660562e+00
1.74417582e+00
1.74266178e+00
1.80398046e+00
1.74114774e+00
1.74644689e+00
1.78429792e+00
1.74039072e+00
1.76688645e+00
1.75250305e+00
1.76007326e+00
1.75628816e+00
1.77294261e+00
1.77218559e+00
1.75855922e+00
1.76537241e+00
1.76764347e+00
1.75931624e+00
1.76158730e+00
1.74720391e+00
1.74341880e+00
1.78429792e+00
1.80322344e+00
1.75023199e+00
1.73433455e+00
1.79186813e+00
1.75704518e+00
1.75250305e+00
1.74644689e+00
1.74644689e+00
1.76310134e+00
1.75780220e+00
1.74720391e+00
1.74417582e+00
1.74039072e+00
1.74568987e+00
1.74039072e+00
1.75174603e+00
1.74796093e+00
1.70178266e+00
1.75250305e+00
1.75780220e+00
1.78051282e+00
1.74947497e+00
1.74341880e+00
1.75477411e+00
1.74947497e+00
1.74568987e+00
1.76612943e+00
1.75250305e+00
1.75477411e+00
1.75098901e+00
1.73963370e+00
1.76764347e+00
1.76764347e+00
1.79186813e+00
1.74114774e+00
1.74720391e+00
1.76840049e+00
1.75477411e+00
1.76158730e+00
1.75401709e+00
1.76158730e+00
1.77218559e+00
1.77218559e+00
1.75628816e+00
1.74796093e+00
1.76915751e+00
1.75477411e+00
1.79035409e+00
1.67301587e+00
1.75931624e+00
1.75553114e+00
1.75931624e+00
1.78959707e+00
1.82896215e+00
1.76461538e+00
1.81457875e+00
1.76083028e+00
1.75477411e+00
1.76158730e+00
1.73887668e+00
1.74341880e+00
1.75326007e+00
1.75704518e+00
1.75553114e+00
1.78354090e+00
1.74417582e+00
1.75250305e+00
1.74947497e+00
1.75855922e+00
1.80776557e+00
1.80473748e+00
1.74568987e+00
1.73736264e+00
1.75250305e+00
1.76461538e+00
1.75553114e+00
1.76840049e+00
1.76158730e+00
1.73963370e+00
1.73736264e+00
1.75931624e+00
1.73963370e+00
1.79111111e+00
1.75326007e+00
1.76840049e+00
1.75477411e+00
1.76764347e+00
1.75780220e+00
1.74644689e+00
1.76007326e+00
1.75174603e+00
1.76840049e+00
1.75174603e+00
1.75553114e+00
1.76461538e+00
1.74190476e+00
1.75174603e+00
1.76461538e+00
1.75704518e+00
1.70329670e+00
1.78581197e+00
1.75023199e+00
1.76158730e+00
1.79186813e+00
1.72979243e+00
1.73130647e+00
1.76158730e+00
1.76007326e+00
1.76158730e+00
1.75780220e+00
1.76234432e+00
1.76764347e+00
1.73736264e+00
1.76385836e+00
1.79186813e+00
1.74039072e+00
1.79489621e+00
1.75401709e+00
1.73660562e+00
1.76688645e+00
1.75628816e+00
1.73206349e+00
1.75401709e+00
1.75477411e+00
1.75704518e+00
1.76158730e+00
1.75098901e+00
1.75628816e+00
1.75174603e+00
1.75704518e+00
1.72600733e+00
1.74720391e+00
1.78354090e+00
1.77521368e+00
1.72222222e+00
1.74947497e+00
1.76537241e+00
1.77975580e+00
1.72222222e+00
1.78959707e+00
1.75023199e+00
1.76612943e+00
1.74644689e+00
1.75780220e+00
1.72146520e+00
1.73130647e+00
1.75250305e+00
1.74796093e+00
1.75855922e+00
1.73584860e+00
1.75931624e+00
1.76915751e+00
1.75477411e+00
1.74417582e+00
1.75477411e+00
1.78278388e+00
1.75326007e+00
1.76840049e+00
1.75250305e+00
1.76537241e+00
1.75174603e+00
1.76158730e+00
1.74644689e+00
1.75250305e+00
1.81155067e+00
1.76688645e+00
1.76461538e+00
1.76158730e+00
1.85545788e+00
1.74568987e+00
1.79716728e+00
1.75855922e+00
1.75553114e+00
1.73357753e+00
1.75477411e+00
1.76840049e+00
1.74493284e+00
1.77672772e+00
1.75855922e+00
1.77672772e+00
1.75326007e+00
1.73887668e+00
1.73811966e+00
1.76007326e+00
1.77067155e+00
1.74190476e+00
1.72903541e+00
1.77294261e+00
1.74417582e+00
1.75174603e+00
1.76234432e+00
1.76915751e+00
1.75628816e+00
1.77294261e+00
1.75401709e+00
1.76537241e+00
1.75023199e+00
1.76234432e+00
1.77218559e+00
1.73963370e+00
1.73509158e+00
1.79186813e+00
1.73357753e+00
1.75477411e+00
1.77748474e+00
1.75553114e+00
1.76007326e+00
1.76007326e+00
1.74720391e+00
1.76158730e+00
1.73736264e+00
1.76461538e+00
1.76840049e+00
1.76158730e+00
1.74493284e+00
1.75855922e+00
1.78354090e+00
1.73963370e+00
1.75401709e+00
1.78732601e+00
1.79111111e+00
1.73282051e+00
1.73206349e+00
1.75628816e+00
1.74190476e+00
1.73887668e+00
1.74417582e+00
1.76234432e+00
1.75931624e+00
1.75553114e+00
1.79565324e+00
1.75553114e+00
1.78959707e+00
1.77748474e+00
1.76310134e+00
1.73963370e+00
1.74947497e+00
1.74947497e+00
1.73054945e+00
1.73130647e+00
1.73282051e+00
1.74871795e+00
1.76234432e+00
1.77369963e+00
1.74947497e+00
1.75553114e+00
1.74417582e+00
1.75553114e+00
1.80170940e+00
1.79262515e+00
1.76007326e+00
1.74493284e+00
1.76840049e+00
1.71389499e+00
1.76158730e+00
1.76840049e+00
1.75477411e+00
1.76991453e+00
1.75174603e+00
1.75250305e+00
1.77067155e+00
1.76840049e+00
1.75553114e+00
1.75250305e+00
1.78808303e+00
1.75326007e+00
1.74568987e+00
1.80776557e+00
1.71313797e+00
1.76840049e+00
1.75023199e+00
1.76385836e+00
1.75553114e+00
1.75780220e+00
1.74039072e+00
1.76083028e+00
1.75628816e+00
1.78505495e+00
1.74493284e+00
1.71692308e+00
1.77067155e+00
1.75855922e+00
1.74796093e+00
1.74720391e+00
1.75477411e+00
1.75477411e+00
1.76158730e+00
1.78051282e+00
1.75704518e+00
1.76840049e+00
1.75174603e+00
1.72449328e+00
1.74039072e+00
1.76688645e+00
1.75401709e+00
1.74644689e+00
1.77748474e+00
1.75401709e+00
1.72449328e+00
1.70708181e+00
1.75326007e+00
1.74947497e+00
1.75250305e+00
1.76461538e+00
1.75704518e+00
1.75855922e+00
1.74266178e+00
1.76840049e+00
1.74417582e+00
1.76612943e+00
1.76083028e+00
1.76234432e+00
1.75023199e+00
1.73887668e+00
1.72903541e+00
1.74266178e+00
1.74644689e+00
1.73811966e+00
1.76461538e+00
1.77597070e+00
1.76385836e+00
1.75477411e+00
1.79943834e+00
1.74341880e+00
1.74720391e+00
1.76537241e+00
1.76158730e+00
1.77142857e+00
1.74871795e+00
1.77521368e+00
1.79565324e+00
1.75023199e+00
1.73584860e+00
1.73357753e+00
1.75250305e+00
1.78656899e+00
1.75250305e+00
1.75250305e+00
1.78051282e+00
1.75553114e+00
1.76461538e+00
1.76612943e+00
1.75098901e+00
1.77824176e+00
1.77067155e+00
1.76310134e+00
1.75401709e+00
1.76764347e+00
1.74720391e+00
1.76991453e+00
1.75780220e+00
1.78126984e+00
1.74493284e+00
1.76310134e+00
1.76461538e+00
1.75174603e+00
1.73054945e+00
1.75628816e+00
1.77218559e+00
1.77218559e+00
1.75553114e+00
1.75855922e+00
1.76158730e+00
1.75326007e+00
1.72070818e+00
1.75553114e+00
1.74266178e+00
1.75477411e+00
1.76385836e+00
1.77294261e+00
1.74341880e+00
1.76007326e+00
1.77597070e+00
1.77748474e+00
1.77067155e+00
1.76764347e+00
1.75326007e+00
1.75477411e+00
1.75250305e+00
1.74644689e+00
1.76688645e+00
1.74039072e+00
1.74341880e+00
1.73811966e+00
1.73357753e+00
1.76234432e+00
1.76537241e+00
1.73206349e+00
1.70708181e+00
1.73584860e+00
1.76840049e+00
1.76764347e+00
1.76007326e+00
1.76158730e+00
1.75704518e+00
1.76764347e+00
1.78278388e+00
1.72222222e+00
1.75174603e+00
1.78656899e+00
1.76385836e+00
1.75401709e+00
1.76158730e+00
1.76840049e+00
1.76158730e+00
1.74720391e+00
1.76310134e+00
1.75931624e+00
1.76385836e+00
1.75931624e+00
1.75023199e+00
1.76310134e+00
1.74039072e+00
1.78959707e+00
1.74568987e+00
1.75855922e+00
1.75855922e+00
1.75174603e+00
1.76461538e+00
1.77067155e+00
1.76688645e+00
1.75477411e+00
1.77748474e+00
1.76612943e+00
1.74644689e+00
1.77218559e+00
1.75023199e+00
1.75704518e+00
1.76234432e+00
1.73736264e+00
1.75553114e+00
1.77294261e+00
1.76764347e+00
1.74568987e+00
1.76991453e+00
1.74644689e+00
1.71465201e+00
1.76158730e+00
1.77142857e+00
1.74493284e+00
1.75628816e+00
1.72600733e+00
1.76083028e+00
1.75553114e+00
1.76991453e+00
1.74341880e+00
1.77218559e+00
1.78354090e+00
1.80549451e+00
1.72903541e+00
1.75023199e+00
1.76234432e+00
1.76158730e+00
1.74871795e+00
1.76083028e+00
1.70178266e+00
1.76915751e+00
1.76083028e+00
1.76612943e+00
1.76310134e+00
1.76385836e+00
1.75250305e+00
1.76083028e+00
1.77597070e+00
1.75780220e+00
1.73736264e+00
1.76537241e+00
1.78278388e+00
1.76840049e+00
1.71389499e+00
1.75326007e+00
1.74341880e+00
1.74796093e+00
1.73736264e+00
1.76461538e+00
1.75628816e+00
1.76310134e+00
1.77369963e+00
1.74114774e+00
1.75401709e+00
1.72449328e+00
1.76310134e+00
1.75098901e+00
1.75855922e+00
1.75780220e+00
1.77899878e+00
1.74417582e+00
1.73130647e+00
1.80322344e+00
1.76764347e+00
1.74568987e+00
1.76840049e+00
1.76385836e+00
1.76612943e+00
1.76083028e+00
1.77067155e+00
1.74266178e+00
1.75477411e+00
1.76537241e+00
1.76007326e+00
1.79868132e+00
1.80322344e+00
1.79186813e+00
1.77597070e+00
1.76461538e+00
1.75855922e+00
1.73584860e+00
1.76764347e+00
1.73963370e+00
1.76310134e+00
1.76083028e+00
1.76991453e+00
1.76840049e+00
1.79338217e+00
1.77218559e+00
1.76764347e+00
1.77294261e+00
1.76840049e+00
1.78051282e+00
1.74568987e+00
1.73509158e+00
1.74417582e+00
1.73887668e+00
1.76461538e+00
1.75855922e+00
1.76007326e+00
1.76234432e+00
1.75023199e+00
1.75174603e+00
1.76612943e+00
1.75250305e+00
1.71540904e+00
1.75250305e+00
1.78126984e+00
1.75326007e+00
1.74417582e+00
1.75553114e+00
1.75023199e+00
1.72449328e+00
1.74568987e+00
1.75931624e+00
1.75628816e+00
1.75931624e+00
1.76234432e+00
1.74568987e+00
1.77975580e+00
1.74266178e+00
1.80473748e+00
1.74341880e+00
1.75628816e+00
1.73509158e+00
1.74644689e+00
1.76158730e+00
1.77294261e+00
1.77294261e+00
1.77975580e+00
1.74568987e+00
1.75401709e+00
1.77142857e+00
1.75174603e+00
1.75553114e+00
1.75477411e+00
1.75628816e+00
1.74720391e+00
1.76385836e+00
1.71692308e+00
1.76385836e+00
1.75553114e+00
1.76840049e+00
1.78959707e+00
1.76461538e+00
1.77521368e+00
1.76007326e+00
1.75553114e+00
1.74644689e+00
1.75250305e+00
1.74720391e+00
1.76840049e+00
1.76612943e+00
1.75023199e+00
1.81003663e+00
1.76007326e+00
1.75477411e+00
1.76385836e+00
1.76461538e+00
1.75098901e+00
1.75250305e+00
1.72600733e+00
1.80776557e+00
1.77218559e+00
1.76915751e+00
1.73963370e+00
1.77067155e+00
1.75931624e+00
1.76840049e+00
1.75628816e+00
1.77672772e+00
1.78959707e+00
1.77899878e+00
1.76915751e+00
1.75553114e+00
1.76764347e+00
1.79792430e+00
1.75855922e+00
1.74114774e+00
1.72827839e+00
1.75704518e+00
1.75477411e+00
1.76007326e+00
1.76310134e+00
1.74947497e+00
1.76991453e+00
1.76234432e+00
1.73736264e+00
1.76158730e+00
1.72752137e+00
1.78959707e+00
1.75477411e+00
1.76840049e+00
1.76083028e+00
1.71843712e+00
1.75250305e+00
1.75780220e+00
1.75780220e+00
1.75931624e+00
1.74947497e+00
1.76007326e+00
1.76158730e+00
1.75931624e+00
1.76991453e+00
1.74720391e+00
1.74568987e+00
1.76688645e+00
1.79262515e+00
1.76385836e+00
1.76688645e+00
1.74796093e+00
1.73433455e+00
1.72676435e+00
1.77067155e+00
1.74341880e+00
1.76688645e+00
1.77672772e+00
1.77142857e+00
1.75401709e+00
1.76007326e+00
1.75174603e+00
1.75250305e+00
1.72222222e+00
1.75931624e+00
1.75023199e+00
1.72070818e+00
1.78354090e+00
1.76158730e+00
1.75704518e+00
1.75931624e+00
1.74568987e+00
1.75628816e+00
1.75931624e+00
1.74871795e+00
1.75628816e+00
1.75931624e+00
1.73736264e+00
1.74190476e+00
1.75477411e+00
1.74720391e+00
1.72600733e+00
1.76158730e+00
1.75401709e+00
1.74417582e+00
1.78656899e+00
1.80398046e+00
1.76083028e+00
1.75326007e+00
1.76083028e+00
1.75628816e+00
1.76158730e+00
1.76385836e+00
1.75174603e+00
1.73433455e+00
1.74039072e+00
1.74796093e+00
1.78505495e+00
1.78884005e+00
1.75477411e+00
1.75250305e+00
1.75023199e+00
1.75477411e+00
1.76915751e+00
1.74039072e+00
1.75553114e+00
1.76991453e+00
1.76234432e+00
1.73963370e+00
1.75628816e+00
1.75780220e+00
1.75704518e+00
1.76083028e+00
1.76991453e+00
1.80700855e+00
1.73887668e+00
1.75326007e+00
1.75553114e+00
1.75250305e+00
1.78656899e+00
1.77369963e+00
1.76915751e+00
1.76083028e+00
1.75326007e+00
1.74266178e+00
1.76158730e+00
1.74341880e+00
1.76083028e+00
1.74720391e+00
1.69118437e+00
1.69951160e+00
1.75553114e+00
1.79413919e+00
1.77597070e+00
1.73433455e+00
1.75553114e+00
1.77445665e+00
1.74568987e+00
1.76840049e+00
1.75553114e+00
1.75855922e+00
1.75855922e+00
1.76234432e+00
1.74341880e+00
1.75780220e+00
1.71843712e+00
1.79565324e+00
1.79186813e+00
1.75855922e+00
1.75477411e+00
1.79565324e+00
1.71843712e+00
1.81079365e+00
1.74341880e+00
1.76385836e+00
1.76234432e+00
1.74190476e+00
1.77369963e+00
1.77218559e+00
1.75931624e+00
1.77294261e+00
1.67150183e+00
1.75628816e+00
1.74720391e+00
1.75628816e+00
1.77369963e+00
1.75931624e+00
1.72297924e+00
1.76840049e+00
1.76991453e+00
1.67680098e+00
1.76612943e+00
1.75326007e+00
1.76991453e+00
1.75023199e+00
1.74644689e+00
1.75553114e+00
1.71238095e+00
1.79262515e+00
1.78126984e+00
1.76234432e+00
1.77369963e+00
1.76612943e+00
1.76007326e+00
1.75628816e+00
1.73660562e+00
1.77294261e+00
1.75401709e+00
1.77142857e+00
1.75931624e+00
1.73509158e+00
1.75250305e+00
1.76234432e+00
1.74341880e+00
1.74417582e+00
1.76310134e+00
1.72373626e+00
1.76234432e+00
1.74947497e+00
1.75250305e+00
1.70708181e+00
1.74114774e+00
1.73357753e+00
1.76158730e+00
1.75704518e+00
1.74871795e+00
1.75553114e+00
1.75855922e+00
1.76234432e+00
1.75477411e+00
1.77218559e+00
1.76083028e+00
1.74190476e+00
1.71162393e+00
1.77975580e+00
1.78505495e+00
1.74568987e+00
1.75855922e+00
1.74871795e+00
1.73887668e+00
1.73357753e+00
1.76385836e+00
1.76612943e+00
1.75628816e+00
1.75553114e+00
1.76688645e+00
1.75174603e+00
1.73887668e+00
1.73887668e+00
1.77672772e+00
1.75401709e+00
1.77824176e+00
1.77369963e+00
1.75477411e+00
1.79792430e+00
1.76764347e+00
1.78808303e+00
1.75931624e+00
1.75098901e+00
1.74417582e+00
1.75931624e+00
1.76840049e+00
1.76310134e+00
1.76461538e+00
1.75098901e+00
1.75628816e+00
1.79035409e+00
1.71768010e+00
1.75855922e+00
1.80625153e+00
1.78656899e+00
1.76234432e+00
1.71692308e+00
1.75931624e+00
1.75931624e+00
1.75553114e+00
1.76158730e+00
1.75401709e+00
1.76915751e+00
1.73509158e+00
1.75326007e+00
1.76385836e+00
1.71238095e+00
1.75553114e+00
1.75401709e+00
1.75023199e+00
1.74947497e+00
1.74871795e+00
1.74493284e+00
1.73509158e+00
1.77218559e+00
1.78354090e+00
1.76461538e+00
1.76764347e+00
1.74417582e+00
1.74947497e+00
1.75553114e+00
1.75780220e+00
1.72600733e+00
1.78429792e+00
1.75174603e+00
1.76234432e+00
1.73509158e+00
1.76461538e+00
1.80398046e+00
1.83728938e+00
1.70632479e+00
1.74720391e+00
1.74114774e+00
1.75250305e+00
1.76310134e+00
1.77445665e+00
1.76915751e+00
1.77445665e+00
1.75704518e+00
1.74568987e+00
1.76764347e+00
1.71843712e+00
1.75326007e+00
1.74266178e+00
1.76007326e+00
1.70178266e+00
1.75326007e+00
1.77899878e+00
1.75931624e+00
1.74493284e+00
1.74947497e+00
1.76234432e+00
1.75098901e+00
1.76840049e+00
1.76310134e+00
1.79413919e+00
1.78656899e+00
1.78126984e+00
1.75553114e+00
1.69799756e+00
1.74568987e+00
1.76537241e+00
1.75326007e+00
1.78051282e+00
1.75780220e+00
1.75174603e+00
1.75855922e+00
1.75477411e+00
1.75098901e+00
1.75855922e+00
1.76158730e+00
1.72449328e+00
1.75174603e+00
1.76461538e+00
1.76158730e+00
1.73282051e+00
1.73433455e+00
1.74871795e+00
1.75780220e+00
1.73206349e+00
1.76385836e+00
1.75401709e+00
1.76234432e+00
1.74493284e+00
1.76158730e+00
1.74796093e+00
1.74947497e+00
1.75023199e+00
1.76764347e+00
1.78354090e+00
1.73887668e+00
1.74341880e+00
1.73433455e+00
1.75098901e+00
1.74947497e+00
1.75704518e+00
1.78051282e+00
1.77975580e+00
1.74266178e+00
1.75553114e+00
1.76083028e+00
1.74871795e+00
1.73811966e+00
1.73433455e+00
1.77218559e+00
1.74644689e+00
1.75174603e+00
1.74190476e+00
1.74644689e+00
1.74190476e+00
1.76083028e+00
1.78354090e+00
1.74190476e+00
1.73887668e+00
1.75250305e+00
1.75553114e+00
1.76688645e+00
1.75931624e+00
1.75250305e+00
1.77067155e+00
1.74871795e+00
1.74720391e+00
1.72449328e+00
1.77899878e+00
1.73736264e+00
1.77975580e+00
1.78126984e+00
1.75704518e+00
1.75098901e+00
1.76840049e+00
1.74568987e+00
1.74568987e+00
1.75855922e+00
1.73887668e+00
1.75326007e+00
1.75477411e+00
1.74039072e+00
1.74114774e+00
1.75098901e+00
1.76234432e+00
1.75553114e+00
1.74417582e+00
1.74644689e+00
1.72600733e+00
1.73584860e+00
1.73282051e+00
1.75023199e+00
1.71616606e+00
1.73963370e+00
1.75628816e+00
1.74039072e+00
1.74644689e+00
1.74417582e+00
1.73130647e+00
1.74493284e+00
1.74266178e+00
1.74568987e+00
1.75553114e+00
1.68664225e+00
1.74266178e+00
1.77975580e+00
1.75098901e+00
1.72525031e+00
1.70859585e+00
1.75326007e+00
1.75628816e+00
1.75250305e+00
1.73433455e+00
1.74341880e+00
1.72676435e+00
1.74039072e+00
1.73509158e+00
1.73357753e+00
1.73509158e+00
1.77067155e+00
1.75628816e+00
1.73887668e+00
1.72600733e+00
1.78505495e+00
1.75553114e+00
1.73206349e+00
1.75023199e+00
1.74039072e+00
1.74039072e+00
1.75780220e+00
1.73811966e+00
1.74190476e+00
1.73054945e+00
1.75326007e+00
1.73736264e+00
1.74266178e+00
1.71162393e+00
1.71995116e+00
1.74493284e+00
1.74720391e+00
1.75174603e+00
1.77975580e+00
1.78732601e+00
1.75553114e+00
1.74266178e+00
1.75553114e+00
1.75401709e+00
1.75250305e+00
1.74039072e+00
1.75553114e+00
1.75931624e+00
1.75477411e+00
1.71919414e+00
1.74644689e+00
1.71616606e+00
1.76007326e+00
1.74417582e+00
1.78354090e+00
1.74644689e+00
1.75855922e+00
1.76764347e+00
1.76915751e+00
1.74568987e+00
1.76083028e+00
1.74796093e+00
1.74266178e+00
1.75174603e+00
1.76234432e+00
1.71692308e+00
1.71919414e+00
1.74568987e+00
1.76991453e+00
1.71313797e+00
1.79792430e+00
1.75401709e+00
1.74493284e+00
1.74493284e+00
1.76083028e+00
1.75098901e+00
1.75174603e+00
1.76310134e+00
1.76310134e+00
1.72297924e+00
1.78354090e+00
1.75326007e+00
1.75628816e+00
1.73584860e+00
1.79489621e+00
1.76537241e+00
1.77748474e+00
1.76764347e+00
1.74568987e+00
1.75855922e+00
1.74947497e+00
1.75401709e+00
1.75780220e+00
1.75780220e+00
1.73660562e+00
1.74644689e+00
1.75855922e+00
1.74871795e+00
1.76764347e+00
1.68512821e+00
1.77975580e+00
1.75628816e+00
1.75704518e+00
1.76385836e+00
1.71995116e+00
1.74644689e+00
1.74796093e+00
1.74720391e+00
1.75023199e+00
1.76083028e+00
1.75780220e+00
1.75780220e+00
1.78354090e+00
1.80398046e+00
1.77597070e+00
1.77597070e+00
1.77294261e+00
1.78656899e+00
1.75780220e+00
1.76461538e+00
1.75855922e+00
1.74493284e+00
1.75780220e+00
1.75628816e+00
1.75023199e+00
1.76612943e+00
1.77218559e+00
1.74417582e+00
1.77142857e+00
1.75174603e+00
1.78505495e+00
1.74417582e+00
1.73660562e+00
1.79641026e+00
1.75250305e+00
1.73357753e+00
1.73963370e+00
1.74190476e+00
1.71843712e+00
1.78959707e+00
1.75023199e+00
1.77369963e+00
1.74190476e+00
1.77597070e+00
1.75855922e+00
1.76915751e+00
1.75855922e+00
1.78278388e+00
1.77975580e+00
1.74568987e+00
1.72676435e+00
1.75704518e+00
1.78656899e+00
1.75174603e+00
1.76991453e+00
1.74039072e+00
1.74417582e+00
1.76537241e+00
1.75477411e+00
1.74871795e+00
1.74871795e+00
1.75401709e+00
1.78278388e+00
1.78884005e+00
1.76688645e+00
1.73963370e+00
1.79413919e+00
1.72146520e+00
1.74947497e+00
1.74190476e+00
1.74568987e+00
1.76234432e+00
1.72525031e+00
1.74720391e+00
1.76612943e+00
1.75174603e+00
1.75023199e+00
1.75704518e+00
1.76007326e+00
1.74190476e+00
1.80927961e+00
1.73584860e+00
1.78808303e+00
1.75931624e+00
1.78884005e+00
1.74871795e+00
1.76158730e+00
1.77067155e+00
1.76688645e+00
1.75780220e+00
1.75023199e+00
1.74796093e+00
1.76234432e+00
1.74266178e+00
1.74266178e+00
1.74644689e+00
1.74417582e+00
1.71313797e+00
1.76612943e+00
1.74114774e+00
1.75250305e+00
1.77824176e+00
1.75023199e+00
1.75401709e+00
1.75704518e+00
1.77899878e+00
1.72979243e+00
1.74417582e+00
1.75477411e+00
1.73811966e+00
1.75401709e+00
1.75477411e+00
1.76083028e+00
1.73206349e+00
1.75477411e+00
1.80473748e+00
1.72222222e+00
1.75855922e+00
1.74568987e+00
1.75477411e+00
1.75931624e+00
1.75553114e+00
1.72903541e+00
1.74644689e+00
1.72827839e+00
1.72752137e+00
1.75780220e+00
1.74720391e+00
1.75704518e+00
1.74114774e+00
1.73357753e+00
1.72827839e+00
1.75553114e+00
1.73130647e+00
1.74417582e+00
1.74720391e+00
1.70329670e+00
1.73509158e+00
1.72146520e+00
1.72827839e+00
1.74039072e+00
1.73509158e+00
1.73054945e+00
1.73736264e+00
1.74720391e+00
1.73811966e+00
1.73736264e+00
1.72449328e+00
1.73963370e+00
1.73660562e+00
1.71995116e+00
1.75780220e+00
1.75250305e+00
1.74114774e+00
1.78808303e+00
1.74417582e+00
1.74039072e+00
1.75704518e+00
1.73206349e+00
1.75250305e+00
1.75553114e+00
1.75931624e+00
1.74266178e+00
1.77067155e+00
1.73887668e+00
1.74644689e+00
1.69799756e+00
1.74417582e+00
1.75553114e+00
1.74796093e+00
1.78429792e+00
1.79641026e+00
1.75855922e+00
1.73509158e+00
1.75023199e+00
1.74190476e+00
1.73736264e+00
1.73660562e+00
1.75780220e+00
1.76991453e+00
1.74644689e+00
1.75855922e+00
1.75628816e+00
1.74947497e+00
1.75023199e+00
1.73811966e+00
1.77067155e+00
1.75477411e+00
1.73433455e+00
1.76764347e+00
1.76461538e+00
1.76310134e+00
1.76158730e+00
1.76461538e+00
1.75098901e+00
1.74871795e+00
1.75250305e+00
1.76385836e+00
1.75023199e+00
1.71086691e+00
1.75326007e+00
1.75628816e+00
1.76612943e+00
1.75704518e+00
1.76310134e+00
1.76915751e+00
1.76612943e+00
1.75326007e+00
1.75553114e+00
1.75477411e+00
1.76007326e+00
1.74114774e+00
1.76764347e+00
1.75174603e+00
1.75553114e+00
1.78429792e+00
1.73509158e+00
1.74720391e+00
1.77975580e+00
1.76461538e+00
1.75553114e+00
1.74947497e+00
1.73736264e+00
1.74871795e+00
1.74039072e+00
1.74947497e+00
1.75250305e+00
1.72752137e+00
1.73736264e+00
1.76840049e+00
1.73130647e+00
1.76385836e+00
1.77142857e+00
1.72827839e+00
1.73282051e+00
1.75553114e+00
1.74720391e+00
1.72903541e+00
1.75401709e+00
1.74114774e+00
1.74493284e+00
1.75628816e+00
1.75250305e+00
1.75098901e+00
1.74644689e+00
1.75250305e+00
1.73584860e+00
1.75250305e+00
1.75780220e+00
1.75628816e+00
1.73963370e+00
1.78429792e+00
1.74039072e+00
1.71768010e+00
1.74341880e+00
1.74493284e+00
1.75326007e+00
1.72827839e+00
1.75931624e+00
1.74417582e+00
1.75326007e+00
1.75250305e+00
1.75931624e+00
1.78278388e+00
1.73963370e+00
1.77067155e+00
1.74493284e+00
1.71995116e+00
1.71540904e+00
1.75553114e+00
1.74644689e+00
1.75023199e+00
1.74568987e+00
1.74417582e+00
1.76385836e+00
1.76234432e+00
1.73736264e+00
1.76083028e+00
1.74871795e+00
1.72146520e+00
1.74493284e+00
1.74568987e+00
1.74417582e+00
1.71843712e+00
1.72979243e+00
1.76234432e+00
1.71540904e+00
1.69648352e+00
1.75931624e+00
1.75023199e+00
1.74947497e+00
1.73660562e+00
1.72222222e+00
1.75855922e+00
1.74114774e+00
1.73206349e+00
1.74190476e+00
1.77369963e+00
1.75174603e+00
1.73433455e+00
1.73963370e+00
1.74190476e+00
1.74114774e+00
1.74190476e+00
1.76158730e+00
1.73963370e+00
1.74493284e+00
1.77597070e+00
1.73357753e+00
1.74190476e+00
1.74644689e+00
1.74039072e+00
1.75553114e+00
1.74190476e+00
1.73130647e+00
1.73584860e+00
1.73433455e+00
1.77218559e+00
1.73206349e+00
1.71919414e+00
1.73736264e+00
1.73357753e+00
1.74417582e+00
1.75401709e+00
1.73811966e+00
1.74417582e+00
1.74190476e+00
1.73509158e+00
1.74417582e+00
1.73811966e+00
1.75023199e+00
1.79186813e+00
1.74947497e+00
1.73357753e+00
1.75553114e+00
1.76537241e+00
1.74871795e+00
1.76537241e+00
1.69118437e+00
1.74947497e+00
1.74796093e+00
1.75023199e+00
1.73963370e+00
1.73282051e+00
1.74039072e+00
1.74493284e+00
1.73887668e+00
1.70253968e+00
1.74417582e+00
1.78354090e+00
1.70102564e+00
1.78429792e+00
1.76007326e+00
1.75553114e+00
1.73130647e+00
1.75250305e+00
1.74720391e+00
1.73433455e+00
1.73433455e+00
1.72827839e+00
1.75174603e+00
1.74720391e+00
1.74039072e+00
1.77445665e+00
1.71162393e+00
1.74947497e+00
1.76840049e+00
1.72600733e+00
1.75780220e+00
1.73433455e+00
1.74114774e+00
1.76764347e+00
1.74720391e+00
1.72827839e+00
1.75855922e+00
1.73811966e+00
1.73811966e+00
1.72979243e+00
1.72600733e+00
1.72449328e+00
1.78126984e+00
1.74644689e+00
1.75023199e+00
1.74568987e+00
1.74568987e+00
1.75174603e+00
1.77369963e+00
1.73660562e+00
1.75401709e+00
1.73433455e+00
1.75326007e+00
1.75553114e+00
1.74039072e+00
1.74190476e+00
1.74871795e+00
1.73584860e+00
1.73433455e+00
1.72600733e+00
1.77067155e+00
1.69496947e+00
1.73357753e+00
1.76915751e+00
1.78278388e+00
1.74644689e+00
1.74417582e+00
1.72903541e+00
1.75326007e+00
1.73887668e+00
1.75250305e+00
1.75855922e+00
1.75250305e+00
1.74871795e+00
1.73660562e+00
1.73887668e+00
1.74417582e+00
1.74114774e+00
1.74720391e+00
1.68588523e+00
1.75250305e+00
1.77142857e+00
1.74871795e+00
1.74720391e+00
1.75704518e+00
1.75931624e+00
1.76461538e+00
1.75704518e+00
1.75174603e+00
1.75250305e+00
1.74493284e+00
1.76840049e+00
1.78581197e+00
1.77294261e+00
1.71010989e+00
1.70708181e+00
1.74341880e+00
1.75477411e+00
1.75931624e+00
1.72070818e+00
1.76840049e+00
1.75098901e+00
1.76764347e+00
1.74947497e+00
1.75098901e+00
1.75931624e+00
1.77218559e+00
1.75780220e+00
1.76764347e+00
1.75250305e+00
1.74644689e+00
1.76461538e+00
1.75098901e+00
1.79489621e+00
1.72827839e+00
1.76083028e+00
1.76083028e+00
1.75250305e+00
1.75628816e+00
1.76083028e+00
1.74266178e+00
1.75855922e+00
1.73887668e+00
1.77218559e+00
1.75098901e+00
1.79716728e+00
1.75174603e+00
1.75477411e+00
1.77142857e+00
1.77445665e+00
1.75780220e+00
1.72297924e+00
1.73736264e+00
1.78278388e+00
1.73736264e+00
1.76537241e+00
1.75628816e+00
1.75098901e+00
1.74568987e+00
1.74947497e+00
1.78354090e+00
1.73357753e+00
1.76915751e+00
1.80322344e+00
1.74039072e+00
1.81533578e+00
1.76688645e+00
1.71919414e+00
1.77218559e+00
1.74644689e+00
1.74644689e+00
1.74947497e+00
1.75098901e+00
1.74796093e+00
1.76234432e+00
1.77672772e+00
1.74266178e+00
1.75855922e+00
1.78581197e+00
1.79565324e+00
1.78429792e+00
1.74644689e+00
1.74190476e+00
1.75023199e+00
1.76612943e+00
1.75401709e+00
1.75401709e+00
1.74644689e+00
1.75553114e+00
1.74417582e+00
1.74796093e+00
1.77294261e+00
1.76007326e+00
1.76461538e+00
1.74871795e+00
1.82669109e+00
1.75250305e+00
1.78051282e+00
1.76385836e+00
1.79338217e+00
1.75553114e+00
1.79111111e+00
1.75704518e+00
1.78581197e+00
1.75250305e+00
1.74266178e+00
1.77899878e+00
1.76461538e+00
1.74568987e+00
1.76764347e+00
1.75780220e+00
1.75023199e+00
1.78051282e+00
1.76764347e+00
1.74568987e+00
1.75023199e+00
1.75250305e+00
1.76537241e+00
1.75401709e+00
1.79413919e+00
1.77672772e+00
1.75780220e+00
1.76385836e+00
1.76083028e+00
1.75023199e+00
1.75250305e+00
1.76537241e+00
1.75174603e+00
1.75250305e+00
1.81382173e+00
1.76537241e+00
1.76612943e+00
1.75250305e+00
1.75023199e+00
1.76764347e+00
1.76083028e+00
1.82744811e+00
1.76915751e+00
1.74644689e+00
1.75855922e+00
1.75250305e+00
1.74947497e+00
1.76007326e+00
1.75704518e+00
1.76915751e+00
1.80927961e+00
1.75780220e+00
1.79489621e+00
1.75477411e+00
1.76991453e+00
1.70632479e+00
1.73660562e+00
1.72600733e+00
1.72222222e+00
1.75553114e+00
1.74947497e+00
1.76764347e+00
1.76461538e+00
1.76083028e+00
1.76385836e+00
1.76385836e+00
1.75855922e+00
1.75326007e+00
1.75023199e+00
1.74871795e+00
1.73357753e+00
1.82896215e+00
1.76461538e+00
1.77294261e+00
1.75098901e+00
1.74341880e+00
1.75326007e+00
1.75401709e+00
1.77369963e+00
1.74796093e+00
1.76234432e+00
1.75023199e+00
1.76537241e+00
1.73736264e+00
1.79262515e+00
1.77597070e+00
1.70935287e+00
1.72979243e+00
1.78429792e+00
1.73736264e+00
1.73811966e+00
1.73736264e+00
1.77142857e+00
1.76688645e+00
1.74796093e+00
1.75477411e+00
1.74190476e+00
1.74417582e+00
1.76764347e+00
1.75098901e+00
1.74947497e+00
1.74266178e+00
1.74720391e+00
1.76461538e+00
1.75250305e+00
1.76537241e+00
1.75477411e+00
1.76083028e+00
1.74796093e+00
1.74266178e+00
1.76764347e+00
1.76840049e+00
1.76234432e+00
1.75098901e+00
1.75704518e+00
1.75628816e+00
1.77445665e+00
1.73357753e+00
1.76537241e+00
1.75250305e+00
1.76083028e+00
1.77824176e+00
1.74568987e+00
1.75326007e+00
1.78581197e+00
1.75401709e+00
1.75855922e+00
1.77067155e+00
1.74266178e+00
1.75704518e+00
1.77369963e+00
1.73206349e+00
1.73811966e+00
1.74493284e+00
1.73509158e+00
1.75023199e+00
1.76385836e+00
1.73130647e+00
1.75477411e+00
1.75174603e+00
1.73811966e+00
1.76234432e+00
1.74190476e+00
1.74568987e+00
1.76612943e+00
1.74493284e+00
1.75174603e+00
1.75855922e+00
1.76537241e+00
1.75553114e+00
1.79111111e+00
1.78581197e+00
1.74720391e+00
1.78732601e+00
1.74796093e+00
1.73811966e+00
1.76991453e+00
1.75098901e+00
1.77218559e+00
1.76612943e+00
1.74796093e+00
1.76158730e+00
1.76915751e+00
1.77975580e+00
1.76764347e+00
1.74190476e+00
1.80019536e+00
1.76991453e+00
1.73433455e+00
1.76612943e+00
1.76083028e+00
1.76612943e+00
1.80170940e+00
1.77067155e+00
1.76310134e+00
1.74871795e+00
1.76083028e+00
1.77218559e+00
1.74190476e+00
1.75931624e+00
1.75780220e+00
1.75553114e+00
1.74039072e+00
1.74417582e+00
1.73206349e+00
1.78808303e+00
1.77824176e+00
1.74796093e+00
1.85394383e+00
1.75023199e+00
1.75023199e+00
1.73282051e+00
1.74871795e+00
1.76915751e+00
1.75250305e+00
1.75174603e+00
1.74947497e+00
1.74644689e+00
1.77748474e+00
1.78126984e+00
1.76158730e+00
1.80700855e+00
1.80700855e+00
1.76083028e+00
1.71919414e+00
1.75098901e+00
1.75326007e+00
1.76915751e+00
1.75098901e+00
1.76461538e+00
1.74568987e+00
1.75326007e+00
1.75780220e+00
1.76083028e+00
1.77597070e+00
1.76537241e+00
1.74114774e+00
1.78126984e+00
1.73206349e+00
1.75628816e+00
1.77521368e+00
1.75023199e+00
1.78884005e+00
1.75477411e+00
1.76840049e+00
1.76537241e+00
1.76688645e+00
1.76234432e+00
1.74871795e+00
1.74417582e+00
1.75553114e+00
1.76385836e+00
1.77445665e+00
1.75704518e+00
1.78581197e+00
1.78126984e+00
1.73660562e+00
1.77294261e+00
1.75628816e+00
1.77597070e+00
1.75477411e+00
1.72676435e+00
1.74871795e+00
1.75023199e+00
1.76310134e+00
1.75401709e+00
1.75780220e+00
1.75855922e+00
1.75855922e+00
1.78354090e+00
1.75704518e+00
1.70708181e+00
1.74190476e+00
1.75023199e+00
1.75855922e+00
1.75780220e+00
1.74644689e+00
1.78656899e+00
1.74341880e+00
1.76083028e+00
1.72600733e+00
1.75326007e+00
1.76007326e+00
1.75855922e+00
1.76234432e+00
1.78808303e+00
1.79035409e+00
1.74871795e+00
1.75477411e+00
1.75780220e+00
1.76385836e+00
1.76537241e+00
1.79489621e+00
1.76083028e+00
1.74190476e+00
1.75326007e+00
1.76310134e+00
1.76158730e+00
1.73736264e+00
1.75023199e+00
1.75628816e+00
1.74039072e+00
1.74039072e+00
1.73357753e+00
1.74341880e+00
1.76083028e+00
1.72222222e+00
1.74493284e+00
1.74871795e+00
1.80700855e+00
1.73130647e+00
1.74341880e+00
1.75174603e+00
1.74644689e+00
1.75250305e+00
1.75855922e+00
1.75174603e+00
1.75628816e+00
1.76310134e+00
1.78202686e+00
1.79262515e+00
1.74796093e+00
1.74417582e+00
1.76385836e+00
1.74568987e+00
1.72449328e+00
1.77824176e+00
1.75628816e+00
1.74114774e+00
1.74493284e+00
1.75023199e+00
1.76234432e+00
1.75931624e+00
1.75780220e+00
1.76007326e+00
1.73509158e+00
1.73433455e+00
1.73206349e+00
1.72676435e+00
1.74341880e+00
1.76310134e+00
1.74796093e+00
1.76840049e+00
1.78278388e+00
1.79489621e+00
1.73811966e+00
1.75628816e+00
1.75553114e+00
1.76007326e+00
1.74568987e+00
1.76158730e+00
1.74644689e+00
1.73660562e+00
1.74871795e+00
1.74493284e+00
1.76840049e+00
1.74493284e+00
1.80549451e+00
1.76461538e+00
1.77142857e+00
1.79641026e+00
1.75023199e+00
1.74644689e+00
1.76840049e+00
1.76688645e+00
1.74039072e+00
1.76007326e+00
1.75704518e+00
1.75098901e+00
1.75326007e+00
1.74341880e+00
1.75553114e+00
1.75098901e+00
1.77824176e+00
1.78656899e+00
1.75628816e+00
1.76158730e+00
1.78354090e+00
1.73660562e+00
1.75250305e+00
1.75855922e+00
1.75401709e+00
1.75855922e+00
1.74947497e+00
1.74796093e+00
1.73963370e+00
1.76840049e+00
1.73963370e+00
1.75628816e+00
1.78884005e+00
1.75855922e+00
1.80776557e+00
1.77672772e+00
1.74341880e+00
1.75628816e+00
1.76083028e+00
1.75628816e+00
1.74039072e+00
1.77672772e+00
1.77067155e+00
1.75628816e+00
1.75855922e+00
1.75250305e+00
1.76385836e+00
1.76764347e+00
1.76537241e+00
1.73433455e+00
1.76840049e+00
1.74417582e+00
1.77672772e+00
1.77445665e+00
1.80246642e+00
1.74341880e+00
1.76764347e+00
1.75326007e+00
1.77067155e+00
1.76915751e+00
1.74720391e+00
1.74266178e+00
1.78051282e+00
1.81306471e+00
1.75250305e+00
1.74644689e+00
1.76461538e+00
1.77975580e+00
1.75477411e+00
1.83501832e+00
1.67907204e+00
1.72827839e+00
1.76234432e+00
1.75931624e+00
1.76461538e+00
1.75477411e+00
1.76234432e+00
1.75780220e+00
1.73357753e+00
1.75780220e+00
1.76310134e+00
1.76991453e+00
1.77597070e+00
1.75477411e+00
1.75174603e+00
1.75931624e+00
1.75098901e+00
1.79186813e+00
1.76007326e+00
1.76537241e+00
1.76537241e+00
1.75628816e+00
1.75553114e+00
1.77445665e+00
1.76612943e+00
1.75780220e+00
1.75628816e+00
1.74796093e+00
1.75628816e+00
1.75326007e+00
1.76991453e+00
1.76234432e+00
1.74417582e+00
1.75780220e+00
1.79035409e+00
1.75553114e+00
1.76688645e+00
1.76915751e+00
1.75401709e+00
1.76764347e+00
1.75931624e+00
1.73963370e+00
1.74114774e+00
1.76612943e+00
1.74568987e+00
1.71540904e+00
1.74341880e+00
1.75326007e+00
1.74568987e+00
1.73433455e+00
1.75250305e+00
1.75023199e+00
1.75704518e+00
1.76688645e+00
1.76991453e+00
1.74947497e+00
1.76612943e+00
1.78202686e+00
1.74190476e+00
1.78278388e+00
1.75855922e+00
1.77597070e+00
1.75780220e+00
1.75023199e+00
1.76158730e+00
1.72070818e+00
1.74947497e+00
1.78581197e+00
1.75931624e+00
1.75477411e+00
1.74720391e+00
1.75250305e+00
1.75250305e+00
1.75553114e+00
1.76537241e+00
1.76083028e+00
1.75704518e+00
1.72676435e+00
1.77975580e+00
1.75174603e+00
1.76158730e+00
1.74417582e+00
1.76385836e+00
1.72449328e+00
1.75250305e+00
1.75250305e+00
1.74493284e+00
1.77067155e+00
1.75174603e+00
1.75326007e+00
1.74341880e+00
1.74114774e+00
1.76083028e+00
1.69951160e+00
1.77369963e+00
1.75855922e+00
1.74568987e+00
1.74493284e+00
1.75931624e+00
1.75401709e+00
1.75023199e+00
1.73584860e+00
1.75931624e+00
1.76007326e+00
1.76007326e+00
1.75401709e+00
1.75704518e+00
1.75628816e+00
1.75023199e+00
1.74796093e+00
1.76688645e+00
1.75553114e+00
1.75477411e+00
1.74871795e+00
1.75477411e+00
1.75628816e+00
1.73887668e+00
1.80095238e+00
1.75477411e+00
1.76612943e+00
1.77294261e+00
1.74947497e+00
1.75023199e+00
1.74341880e+00
1.75401709e+00
1.80700855e+00
1.74568987e+00
1.74871795e+00
1.76083028e+00
1.74341880e+00
1.73584860e+00
1.74568987e+00
1.78656899e+00
1.74568987e+00
1.77672772e+00
1.75855922e+00
1.75780220e+00
1.76840049e+00
1.75553114e+00
1.77142857e+00
1.75628816e+00
1.76461538e+00
1.79262515e+00
1.75477411e+00
1.74341880e+00
1.76234432e+00
1.75174603e+00
1.75326007e+00
1.75855922e+00
1.79943834e+00
1.75855922e+00
1.75931624e+00
1.77067155e+00
1.76915751e+00
1.76991453e+00
1.75250305e+00
1.76385836e+00
1.75401709e+00
1.76083028e+00
1.75250305e+00
1.74493284e+00
1.75780220e+00
1.74341880e+00
1.72525031e+00
1.79565324e+00
1.76234432e+00
1.74796093e+00
1.73054945e+00
1.75855922e+00
1.75098901e+00
1.74947497e+00
1.76234432e+00
1.76007326e+00
1.76612943e+00
1.74644689e+00
1.72449328e+00
1.77369963e+00
1.73130647e+00
1.81230769e+00
1.75477411e+00
1.75098901e+00
1.75628816e+00
1.74644689e+00
1.76991453e+00
1.75553114e+00
1.75553114e+00
1.76234432e+00
1.74871795e+00
1.74720391e+00
1.75477411e+00
1.76310134e+00
1.76007326e+00
1.75174603e+00
1.75250305e+00
1.74871795e+00
1.75553114e+00
1.77142857e+00
1.72827839e+00
1.75704518e+00
1.75250305e+00
1.75250305e+00
1.75780220e+00
1.76234432e+00
1.76158730e+00
1.76461538e+00
1.75855922e+00
1.76158730e+00
1.76764347e+00
1.75174603e+00
1.77369963e+00
1.82442002e+00
1.77672772e+00
1.75855922e+00
