2.01897436e+00
2.01897436e+00
2.00686203e+00
2.01594628e+00
2.02275946e+00
2.04017094e+00
2.00610501e+00
2.01821734e+00
2.02805861e+00
2.09316239e+00
2.04168498e+00
2.04092796e+00
2.03941392e+00
2.03335775e+00
2.04395604e+00
2.04622711e+00
2.04471306e+00
2.04925519e+00
2.04168498e+00
2.03714286e+00
2.01746032e+00
2.01064713e+00
2.06742369e+00
1.97355311e+00
2.01973138e+00
2.01897436e+00
2.01897436e+00
2.02200244e+00
2.02957265e+00
2.06969475e+00
2.06742369e+00
2.02200244e+00
2.03865690e+00
2.03941392e+00
2.03335775e+00
2.04168498e+00
2.02654457e+00
2.00080586e+00
2.03184371e+00
2.00459096e+00
2.01821734e+00
2.02048840e+00
2.00686203e+00
2.01291819e+00
1.97658120e+00
2.00610501e+00
2.04774115e+00
2.01821734e+00
2.03184371e+00
2.05228327e+00
2.03638584e+00
2.03941392e+00
2.05531136e+00
2.05606838e+00
2.04244200e+00
2.03411477e+00
2.01973138e+00
2.08029304e+00
2.04017094e+00
1.97128205e+00
2.02124542e+00
2.02275946e+00
2.06742369e+00
2.02351648e+00
2.03108669e+00
2.03108669e+00
2.04395604e+00
2.03108669e+00
2.00307692e+00
2.01897436e+00
2.05304029e+00
1.99929182e+00
2.02200244e+00
2.01670330e+00
2.03562882e+00
2.02275946e+00
2.01367521e+00
2.02654457e+00
2.05152625e+00
2.03714286e+00
2.02805861e+00
2.01746032e+00
2.05152625e+00
2.02124542e+00
2.02881563e+00
2.03184371e+00
2.02654457e+00
2.05152625e+00
2.05228327e+00
2.02351648e+00
2.09164835e+00
2.04017094e+00
2.02124542e+00
2.06742369e+00
2.06363858e+00
2.04168498e+00
2.04244200e+00
2.05758242e+00
2.05304029e+00
2.03108669e+00
2.02654457e+00
2.01291819e+00
2.01897436e+00
2.01518926e+00
2.03789988e+00
2.02124542e+00
2.00989011e+00
2.04017094e+00
2.03108669e+00
2.02957265e+00
2.00307692e+00
1.99172161e+00
2.06136752e+00
2.00004884e+00
2.01897436e+00
2.01140415e+00
2.03941392e+00
2.01973138e+00
2.03335775e+00
2.01821734e+00
2.02200244e+00
2.03108669e+00
2.01216117e+00
2.03032967e+00
1.99550672e+00
1.98339438e+00
1.99096459e+00
1.97582418e+00
2.02048840e+00
2.05455433e+00
2.04547009e+00
2.05455433e+00
2.04092796e+00
2.05833944e+00
2.03562882e+00
2.04925519e+00
2.03335775e+00
2.05152625e+00
2.00307692e+00
2.02881563e+00
2.06818071e+00
2.00156288e+00
2.02048840e+00
2.03411477e+00
2.07196581e+00
2.02730159e+00
1.98566545e+00
2.03789988e+00
2.01670330e+00
2.03487179e+00
2.02805861e+00
2.02427350e+00
2.01821734e+00
2.02200244e+00
2.04092796e+00
2.02503053e+00
2.03260073e+00
1.98566545e+00
2.05833944e+00
2.01897436e+00
2.02275946e+00
2.02200244e+00
2.03487179e+00
2.02048840e+00
2.03108669e+00
2.02578755e+00
2.01518926e+00
2.01594628e+00
2.01216117e+00
2.03941392e+00
2.05076923e+00
2.05076923e+00
2.03184371e+00
2.05076923e+00
2.04471306e+00
2.04319902e+00
2.04319902e+00
2.04471306e+00
2.04774115e+00
2.06590965e+00
2.02578755e+00
2.02048840e+00
2.04244200e+00
2.01140415e+00
2.01746032e+00
2.01140415e+00
2.05304029e+00
2.03108669e+00
2.06136752e+00
2.06136752e+00
2.00383394e+00
2.02578755e+00
2.04168498e+00
2.04471306e+00
2.02427350e+00
2.02654457e+00
2.02805861e+00
2.01897436e+00
2.03714286e+00
2.03260073e+00
2.02048840e+00
2.01897436e+00
2.01897436e+00
2.00610501e+00
2.01594628e+00
1.99777778e+00
1.93721612e+00
1.99702076e+00
2.02275946e+00
2.04168498e+00
2.06212454e+00
2.04774115e+00
2.04925519e+00
2.04622711e+00
2.05076923e+00
2.05455433e+00
2.02275946e+00
2.06439560e+00
2.04547009e+00
2.03562882e+00
2.02957265e+00
2.02275946e+00
2.05606838e+00
2.03335775e+00
2.05606838e+00
2.04698413e+00
2.02503053e+00
2.04698413e+00
2.02351648e+00
2.04092796e+00
2.01443223e+00
2.04319902e+00
2.03789988e+00
2.02881563e+00
2.01746032e+00
2.02805861e+00
2.01594628e+00
2.03411477e+00
2.00610501e+00
2.03032967e+00
2.06061050e+00
2.02200244e+00
2.01594628e+00
2.03714286e+00
2.01064713e+00
1.99702076e+00
2.07499389e+00
2.01670330e+00
2.02957265e+00
2.03032967e+00
2.05833944e+00
2.03638584e+00
2.03108669e+00
2.03260073e+00
2.01518926e+00
2.03638584e+00
2.08937729e+00
2.10603175e+00
2.05001221e+00
2.06136752e+00
2.06893773e+00
2.02730159e+00
1.98642247e+00
2.04244200e+00
2.02881563e+00
2.04244200e+00
2.02957265e+00
2.01897436e+00
2.01443223e+00
2.02654457e+00
2.02503053e+00
2.02503053e+00
2.00761905e+00
2.02730159e+00
2.01821734e+00
1.98566545e+00
2.02048840e+00
2.02124542e+00
2.01443223e+00
1.96749695e+00
2.01897436e+00
2.03941392e+00
2.02578755e+00
2.01594628e+00
2.02805861e+00
2.02200244e+00
2.02275946e+00
2.03108669e+00
1.98566545e+00
2.00686203e+00
2.06363858e+00
2.05606838e+00
2.04622711e+00
2.01291819e+00
2.03714286e+00
2.07499389e+00
2.01518926e+00
2.05304029e+00
2.05531136e+00
2.03108669e+00
2.03184371e+00
2.02957265e+00
2.03184371e+00
2.02351648e+00
1.97431013e+00
2.00231990e+00
2.01140415e+00
2.05455433e+00
2.02654457e+00
1.99626374e+00
2.04319902e+00
2.04698413e+00
2.01746032e+00
2.00837607e+00
2.03638584e+00
2.01594628e+00
2.02124542e+00
2.01064713e+00
2.01216117e+00
2.03184371e+00
2.04925519e+00
2.02578755e+00
1.98717949e+00
2.01518926e+00
2.00913309e+00
2.03184371e+00
1.99020757e+00
2.02957265e+00
2.01518926e+00
2.05758242e+00
2.05001221e+00
2.05001221e+00
2.06288156e+00
2.05833944e+00
2.05001221e+00
2.05606838e+00
2.05531136e+00
2.02427350e+00
2.02881563e+00
2.05304029e+00
2.07650794e+00
2.05304029e+00
2.05758242e+00
2.05833944e+00
2.07347985e+00
2.02200244e+00
2.05455433e+00
2.01821734e+00
2.03638584e+00
2.01140415e+00
2.01821734e+00
2.04017094e+00
2.01064713e+00
2.04395604e+00
2.08029304e+00
2.04092796e+00
2.05833944e+00
1.98869353e+00
2.02200244e+00
1.99474969e+00
1.97052503e+00
2.03335775e+00
2.00989011e+00
2.01746032e+00
2.00913309e+00
2.03562882e+00
2.05001221e+00
2.01670330e+00
2.02048840e+00
2.01897436e+00
2.01821734e+00
2.01594628e+00
2.03335775e+00
2.06288156e+00
2.08634921e+00
2.07120879e+00
2.05606838e+00
2.02957265e+00
2.00989011e+00
2.05606838e+00
2.05455433e+00
2.04547009e+00
2.03865690e+00
2.01670330e+00
2.02805861e+00
1.99929182e+00
2.05076923e+00
2.01443223e+00
2.02275946e+00
1.99777778e+00
2.02124542e+00
2.01973138e+00
2.03789988e+00
2.02275946e+00
2.03714286e+00
2.00307692e+00
1.98112332e+00
2.01897436e+00
2.02730159e+00
2.02654457e+00
2.00989011e+00
2.00989011e+00
2.01897436e+00
2.03260073e+00
2.01291819e+00
2.00383394e+00
2.05682540e+00
2.05909646e+00
1.97658120e+00
1.99474969e+00
1.97128205e+00
2.03411477e+00
2.05833944e+00
2.04925519e+00
2.05455433e+00
2.05228327e+00
2.04395604e+00
2.04244200e+00
2.05455433e+00
2.06515263e+00
2.04395604e+00
2.08332112e+00
2.07423687e+00
2.05909646e+00
2.01897436e+00
2.00686203e+00
2.03562882e+00
2.03714286e+00
2.04092796e+00
2.04319902e+00
2.01670330e+00
2.02578755e+00
2.04017094e+00
2.01291819e+00
2.01518926e+00
2.03789988e+00
2.05909646e+00
2.04925519e+00
2.02048840e+00
2.00383394e+00
1.98793651e+00
1.98490842e+00
2.00989011e+00
1.99020757e+00
2.02427350e+00
2.03941392e+00
2.01443223e+00
2.02503053e+00
2.01821734e+00
2.02427350e+00
2.01443223e+00
2.00989011e+00
2.03411477e+00
2.04774115e+00
2.08029304e+00
2.07726496e+00
2.03789988e+00
2.03108669e+00
2.02730159e+00
2.04244200e+00
2.05985348e+00
2.04319902e+00
2.05833944e+00
2.03714286e+00
2.01140415e+00
2.00989011e+00
2.02275946e+00
2.02730159e+00
2.03335775e+00
2.00686203e+00
2.01973138e+00
2.01897436e+00
2.00837607e+00
2.01443223e+00
2.02503053e+00
2.01518926e+00
2.04319902e+00
2.01897436e+00
2.02124542e+00
2.03260073e+00
2.03184371e+00
2.04017094e+00
2.04017094e+00
2.02578755e+00
2.00610501e+00
2.02275946e+00
2.01670330e+00
2.03411477e+00
1.98717949e+00
1.98263736e+00
2.04017094e+00
2.05833944e+00
2.03411477e+00
2.04319902e+00
2.04925519e+00
2.07423687e+00
2.04471306e+00
2.03789988e+00
2.04698413e+00
2.03941392e+00
2.05379731e+00
2.05909646e+00
2.05833944e+00
2.02881563e+00
2.05304029e+00
2.06590965e+00
2.08862027e+00
2.02200244e+00
1.99474969e+00
2.04622711e+00
2.03941392e+00
2.02275946e+00
2.04092796e+00
1.99929182e+00
2.03941392e+00
2.03714286e+00
2.03032967e+00
2.04698413e+00
2.02503053e+00
2.03487179e+00
2.02275946e+00
2.00459096e+00
2.01594628e+00
2.02427350e+00
1.95235653e+00
2.03789988e+00
2.00989011e+00
2.04168498e+00
2.04774115e+00
2.02578755e+00
2.03184371e+00
2.02957265e+00
2.02578755e+00
2.03032967e+00
2.03562882e+00
2.05379731e+00
2.05833944e+00
2.04092796e+00
2.07196581e+00
2.03032967e+00
2.03562882e+00
2.12571429e+00
2.03638584e+00
2.03335775e+00
2.05152625e+00
2.01216117e+00
2.03032967e+00
2.01443223e+00
2.02578755e+00
1.99550672e+00
2.01670330e+00
2.02503053e+00
2.03184371e+00
2.02654457e+00
2.01897436e+00
2.01291819e+00
2.00989011e+00
1.99777778e+00
2.03714286e+00
2.03714286e+00
2.04244200e+00
2.02048840e+00
1.96446886e+00
2.03411477e+00
2.00989011e+00
2.02503053e+00
2.02503053e+00
2.02503053e+00
2.01291819e+00
2.00610501e+00
2.02957265e+00
2.00837607e+00
2.02351648e+00
2.06818071e+00
2.02881563e+00
2.10603175e+00
2.03941392e+00
2.00610501e+00
2.03108669e+00
2.05001221e+00
2.05152625e+00
2.03941392e+00
2.05833944e+00
2.05682540e+00
2.04168498e+00
2.01518926e+00
2.00307692e+00
2.01821734e+00
1.97658120e+00
2.03032967e+00
2.07120879e+00
2.08256410e+00
2.01518926e+00
1.99020757e+00
2.03714286e+00
2.04698413e+00
1.99020757e+00
2.02351648e+00
2.03487179e+00
2.04471306e+00
2.03411477e+00
2.01291819e+00
2.03411477e+00
2.01821734e+00
2.02881563e+00
2.01140415e+00
2.04168498e+00
2.05531136e+00
2.01443223e+00
2.02805861e+00
2.00913309e+00
2.01291819e+00
2.05758242e+00
2.03638584e+00
2.05682540e+00
2.03487179e+00
2.04925519e+00
2.04849817e+00
2.03184371e+00
2.04395604e+00
2.06061050e+00
2.04319902e+00
2.07196581e+00
2.04168498e+00
2.02730159e+00
2.02200244e+00
2.02124542e+00
2.06212454e+00
1.99323565e+00
2.04092796e+00
2.02503053e+00
2.00383394e+00
2.03260073e+00
2.02881563e+00
2.03789988e+00
2.01367521e+00
2.02805861e+00
2.02503053e+00
2.03032967e+00
2.05304029e+00
2.03032967e+00
2.00913309e+00
2.03032967e+00
2.02503053e+00
2.01594628e+00
2.03108669e+00
2.01670330e+00
2.03487179e+00
2.03335775e+00
2.02654457e+00
2.04017094e+00
2.03865690e+00
2.02730159e+00
2.04925519e+00
2.05001221e+00
2.03562882e+00
2.10148962e+00
2.06666667e+00
2.08634921e+00
2.04395604e+00
2.05379731e+00
2.01518926e+00
2.06061050e+00
2.03941392e+00
2.05076923e+00
2.03714286e+00
2.03789988e+00
2.01670330e+00
2.03411477e+00
2.02730159e+00
2.03184371e+00
2.05455433e+00
2.01291819e+00
2.01973138e+00
2.02351648e+00
2.03184371e+00
2.07726496e+00
2.03638584e+00
1.98490842e+00
2.03260073e+00
2.00686203e+00
2.01973138e+00
2.02351648e+00
2.02654457e+00
2.02351648e+00
2.02881563e+00
2.03184371e+00
2.01973138e+00
2.03335775e+00
2.01973138e+00
2.01518926e+00
1.99626374e+00
2.01670330e+00
2.02503053e+00
2.00989011e+00
2.01897436e+00
2.06969475e+00
2.03108669e+00
2.05379731e+00
2.04395604e+00
2.04925519e+00
2.04244200e+00
2.04244200e+00
2.02200244e+00
2.04319902e+00
2.03260073e+00
2.02200244e+00
1.99777778e+00
2.09770452e+00
2.00080586e+00
1.96295482e+00
2.01064713e+00
2.04168498e+00
2.04622711e+00
2.00610501e+00
2.01670330e+00
2.01518926e+00
2.00837607e+00
2.01746032e+00
2.01973138e+00
2.02503053e+00
2.01897436e+00
2.02654457e+00
1.98263736e+00
2.00231990e+00
2.01594628e+00
2.04244200e+00
1.98717949e+00
2.02275946e+00
1.99929182e+00
2.02578755e+00
2.00837607e+00
2.03941392e+00
2.01367521e+00
2.02881563e+00
2.02351648e+00
2.06439560e+00
1.99777778e+00
2.04395604e+00
2.06363858e+00
2.03108669e+00
1.98793651e+00
2.02048840e+00
2.04017094e+00
2.01821734e+00
2.09164835e+00
2.05152625e+00
2.01594628e+00
2.03638584e+00
2.01216117e+00
2.02351648e+00
2.03411477e+00
2.01897436e+00
2.02654457e+00
2.04698413e+00
2.01216117e+00
2.01367521e+00
2.06136752e+00
2.00156288e+00
2.06515263e+00
2.03714286e+00
2.04849817e+00
2.02881563e+00
1.99550672e+00
2.01594628e+00
2.04547009e+00
2.02200244e+00
2.02048840e+00
2.01518926e+00
2.03789988e+00
2.02200244e+00
1.95387057e+00
2.04622711e+00
2.01594628e+00
2.02200244e+00
2.02578755e+00
2.03411477e+00
2.04622711e+00
2.03865690e+00
2.01670330e+00
2.06515263e+00
2.03562882e+00
2.03562882e+00
2.05682540e+00
2.05152625e+00
2.04698413e+00
2.04092796e+00
2.02654457e+00
2.03487179e+00
2.01064713e+00
2.03865690e+00
2.01973138e+00
2.05228327e+00
2.04925519e+00
2.00686203e+00
2.03714286e+00
2.02124542e+00
2.02200244e+00
2.02957265e+00
2.02124542e+00
2.02654457e+00
2.02730159e+00
2.02200244e+00
2.02957265e+00
2.02503053e+00
2.01897436e+00
2.04547009e+00
2.02124542e+00
1.99474969e+00
2.02881563e+00
2.03032967e+00
2.05758242e+00
2.03714286e+00
2.03108669e+00
2.02427350e+00
2.03184371e+00
2.05228327e+00
2.05531136e+00
2.04017094e+00
2.05682540e+00
2.05228327e+00
2.00307692e+00
2.06061050e+00
2.02503053e+00
2.02730159e+00
2.05758242e+00
2.06439560e+00
2.01973138e+00
2.00156288e+00
2.07120879e+00
2.03487179e+00
2.03108669e+00
2.01746032e+00
2.01746032e+00
2.00989011e+00
2.00989011e+00
2.03789988e+00
1.97355311e+00
2.02503053e+00
1.95614164e+00
2.01216117e+00
2.02578755e+00
2.03108669e+00
2.06515263e+00
2.02957265e+00
2.02048840e+00
2.01518926e+00
2.03335775e+00
2.01216117e+00
2.01216117e+00
2.03638584e+00
2.02124542e+00
2.02805861e+00
2.02351648e+00
2.05152625e+00
2.01746032e+00
1.97809524e+00
2.05909646e+00
2.07650794e+00
2.05152625e+00
2.01821734e+00
2.04092796e+00
1.99399267e+00
2.05152625e+00
2.05455433e+00
2.02654457e+00
2.06061050e+00
2.04471306e+00
2.03032967e+00
1.99777778e+00
2.01518926e+00
2.03411477e+00
2.09089133e+00
2.00989011e+00
2.00837607e+00
1.95235653e+00
2.00307692e+00
2.00686203e+00
2.03487179e+00
2.00080586e+00
2.03865690e+00
2.02805861e+00
2.01064713e+00
2.04017094e+00
2.00989011e+00
2.02427350e+00
1.99626374e+00
2.02351648e+00
2.02427350e+00
2.04395604e+00
2.02957265e+00
2.03108669e+00
2.00837607e+00
2.00837607e+00
2.02200244e+00
2.00686203e+00
1.97809524e+00
2.03714286e+00
2.06590965e+00
2.06136752e+00
2.04622711e+00
2.03941392e+00
2.05304029e+00
2.06136752e+00
2.04698413e+00
2.05833944e+00
1.99626374e+00
2.03941392e+00
1.99247863e+00
2.01518926e+00
2.01367521e+00
2.00004884e+00
2.02957265e+00
2.03335775e+00
2.00837607e+00
2.01064713e+00
2.04622711e+00
2.02275946e+00
2.01594628e+00
2.01821734e+00
2.02957265e+00
2.00686203e+00
2.01594628e+00
2.06742369e+00
2.01367521e+00
2.06363858e+00
2.01670330e+00
2.03411477e+00
2.07499389e+00
2.00913309e+00
1.99399267e+00
2.02427350e+00
2.02200244e+00
2.01821734e+00
2.02200244e+00
2.03411477e+00
2.04925519e+00
2.02881563e+00
2.04319902e+00
2.09694750e+00
2.02503053e+00
2.04244200e+00
2.01367521e+00
2.05076923e+00
2.04092796e+00
2.03562882e+00
2.06439560e+00
2.03335775e+00
2.05152625e+00
2.01064713e+00
2.03184371e+00
2.00989011e+00
2.02730159e+00
2.02427350e+00
2.03032967e+00
2.01821734e+00
2.01367521e+00
2.00761905e+00
2.12420024e+00
2.04925519e+00
2.12268620e+00
2.02124542e+00
2.00989011e+00
2.03032967e+00
2.03865690e+00
2.04017094e+00
2.04622711e+00
2.00837607e+00
2.05152625e+00
2.03714286e+00
1.97809524e+00
2.07272283e+00
1.99777778e+00
2.02503053e+00
2.01897436e+00
2.03789988e+00
2.02881563e+00
2.05833944e+00
2.03487179e+00
2.05455433e+00
2.05758242e+00
2.04471306e+00
2.05076923e+00
2.05228327e+00
2.05985348e+00
2.06212454e+00
2.03184371e+00
2.06288156e+00
2.07877900e+00
2.01443223e+00
2.04622711e+00
2.01821734e+00
2.02124542e+00
1.99626374e+00
2.06136752e+00
2.01670330e+00
2.03411477e+00
2.03562882e+00
2.01216117e+00
2.03714286e+00
2.03941392e+00
2.01518926e+00
2.03789988e+00
2.03941392e+00
2.05833944e+00
2.01973138e+00
2.05758242e+00
2.03562882e+00
1.92358974e+00
1.98566545e+00
1.95159951e+00
1.98642247e+00
2.02503053e+00
2.02805861e+00
2.01821734e+00
2.03335775e+00
2.02730159e+00
2.01746032e+00
2.05152625e+00
2.05833944e+00
2.05379731e+00
2.04622711e+00
2.05758242e+00
1.99096459e+00
1.99702076e+00
2.01443223e+00
2.06212454e+00
2.05304029e+00
2.03487179e+00
1.97279609e+00
2.04698413e+00
2.03335775e+00
2.02805861e+00
2.02578755e+00
2.01897436e+00
2.02805861e+00
2.00837607e+00
2.02200244e+00
2.00989011e+00
2.05152625e+00
2.05531136e+00
2.02805861e+00
2.00837607e+00
2.03032967e+00
2.03411477e+00
2.05228327e+00
1.98490842e+00
2.03032967e+00
2.02048840e+00
2.02048840e+00
2.01821734e+00
2.02200244e+00
2.01973138e+00
2.00383394e+00
2.02730159e+00
2.03411477e+00
2.02503053e+00
2.04244200e+00
2.03335775e+00
2.04622711e+00
2.06136752e+00
2.06212454e+00
2.08407814e+00
2.04547009e+00
2.05909646e+00
2.03638584e+00
2.05833944e+00
2.04925519e+00
2.03941392e+00
2.04547009e+00
2.00837607e+00
2.00913309e+00
2.01594628e+00
2.01216117e+00
2.03411477e+00
2.03032967e+00
2.03411477e+00
2.05379731e+00
2.02200244e+00
2.00231990e+00
2.00837607e+00
2.03487179e+00
2.01670330e+00
2.03335775e+00
2.00989011e+00
2.02654457e+00
2.02275946e+00
2.06363858e+00
2.02503053e+00
2.00080586e+00
2.00307692e+00
2.05304029e+00
2.01064713e+00
2.08937729e+00
2.00686203e+00
2.03108669e+00
2.07423687e+00
2.03487179e+00
2.02881563e+00
2.03865690e+00
2.05985348e+00
2.04395604e+00
2.04925519e+00
2.04319902e+00
2.06590965e+00
2.06893773e+00
2.00459096e+00
2.04395604e+00
2.05152625e+00
2.05758242e+00
2.04244200e+00
2.07499389e+00
2.05833944e+00
2.03335775e+00
2.01897436e+00
2.02654457e+00
2.02048840e+00
2.03335775e+00
2.00837607e+00
2.03108669e+00
2.05076923e+00
2.06969475e+00
2.02578755e+00
2.01670330e+00
2.05531136e+00
2.02503053e+00
2.02124542e+00
2.05379731e+00
2.01594628e+00
2.01670330e+00
2.04319902e+00
2.02503053e+00
2.03562882e+00
2.03487179e+00
2.03411477e+00
2.00913309e+00
2.00534799e+00
2.04244200e+00
2.02200244e+00
2.04319902e+00
2.03941392e+00
2.05228327e+00
2.04849817e+00
2.05531136e+00
2.04547009e+00
2.04547009e+00
2.06969475e+00
2.04319902e+00
2.04395604e+00
2.06590965e+00
2.04471306e+00
2.01746032e+00
2.00383394e+00
2.05455433e+00
2.06515263e+00
2.02654457e+00
2.03487179e+00
2.05152625e+00
1.98188034e+00
2.05455433e+00
2.01746032e+00
2.00231990e+00
2.03638584e+00
2.03714286e+00
2.02730159e+00
2.02881563e+00
2.03941392e+00
2.02124542e+00
2.00534799e+00
2.02200244e+00
2.01973138e+00
2.01140415e+00
2.02124542e+00
2.04698413e+00
2.02124542e+00
2.06439560e+00
2.01443223e+00
2.03638584e+00
2.02881563e+00
2.01670330e+00
2.03562882e+00
2.05379731e+00
2.03789988e+00
2.04698413e+00
2.04849817e+00
2.03411477e+00
2.04395604e+00
2.04849817e+00
2.01216117e+00
2.06666667e+00
2.02427350e+00
2.02351648e+00
2.02275946e+00
2.01140415e+00
1.99777778e+00
2.04622711e+00
2.03032967e+00
2.02200244e+00
2.02503053e+00
2.03411477e+00
2.01064713e+00
2.03108669e+00
2.01064713e+00
2.00534799e+00
1.99777778e+00
2.02200244e+00
2.03260073e+00
2.06742369e+00
2.06590965e+00
2.05228327e+00
2.02805861e+00
2.02200244e+00
2.04774115e+00
2.00989011e+00
2.01897436e+00
2.00989011e+00
2.01594628e+00
2.02124542e+00
2.00989011e+00
2.01216117e+00
2.04471306e+00
2.04849817e+00
2.06136752e+00
1.99474969e+00
2.08105006e+00
2.07045177e+00
2.06590965e+00
2.06212454e+00
2.06666667e+00
2.05758242e+00
2.06136752e+00
2.04622711e+00
2.00761905e+00
2.01518926e+00
2.01821734e+00
2.02881563e+00
2.03184371e+00
2.01594628e+00
1.99929182e+00
2.01897436e+00
2.03335775e+00
2.02275946e+00
2.02730159e+00
2.03184371e+00
2.06439560e+00
2.01821734e+00
2.05076923e+00
2.03411477e+00
2.02957265e+00
2.03108669e+00
2.02200244e+00
2.00989011e+00
2.04622711e+00
2.01670330e+00
2.02730159e+00
2.00383394e+00
2.01367521e+00
1.98188034e+00
2.07045177e+00
2.03865690e+00
2.02881563e+00
2.06439560e+00
2.07499389e+00
2.04092796e+00
2.05076923e+00
2.04547009e+00
2.04774115e+00
2.05909646e+00
2.01973138e+00
2.05076923e+00
2.03714286e+00
2.05076923e+00
2.04547009e+00
1.98415140e+00
2.01746032e+00
2.01973138e+00
2.00534799e+00
2.00761905e+00
2.01367521e+00
2.08105006e+00
2.02351648e+00
2.00534799e+00
2.04395604e+00
2.02275946e+00
2.02805861e+00
2.03032967e+00
2.06666667e+00
1.99020757e+00
2.07802198e+00
2.06061050e+00
2.03184371e+00
2.02730159e+00
2.07877900e+00
2.00231990e+00
2.10224664e+00
2.09391941e+00
2.02275946e+00
2.03562882e+00
2.04092796e+00
2.03108669e+00
2.02957265e+00
2.04622711e+00
2.05606838e+00
2.06363858e+00
2.05304029e+00
2.04092796e+00
2.05985348e+00
2.07120879e+00
2.03714286e+00
2.05682540e+00
2.04244200e+00
2.04849817e+00
2.04849817e+00
2.03865690e+00
2.02275946e+00
2.00761905e+00
2.04547009e+00
2.01518926e+00
2.02200244e+00
2.01897436e+00
2.01670330e+00
2.02351648e+00
2.01821734e+00
2.02427350e+00
2.08256410e+00
2.03638584e+00
1.98188034e+00
1.99702076e+00
2.06439560e+00
2.02351648e+00
2.03411477e+00
2.03941392e+00
2.02200244e+00
2.03032967e+00
2.02805861e+00
2.00004884e+00
2.00913309e+00
2.05076923e+00
2.01291819e+00
2.00913309e+00
1.99096459e+00
2.05985348e+00
2.01897436e+00
2.04698413e+00
2.01821734e+00
2.04925519e+00
2.09997558e+00
2.06136752e+00
2.04622711e+00
2.04925519e+00
2.05228327e+00
2.05152625e+00
2.05228327e+00
2.02275946e+00
2.01821734e+00
2.02654457e+00
2.02275946e+00
2.03789988e+00
2.00837607e+00
1.97658120e+00
2.01746032e+00
2.01897436e+00
2.05304029e+00
2.00837607e+00
2.01367521e+00
2.01443223e+00
2.03411477e+00
2.02200244e+00
2.02124542e+00
2.01821734e+00
2.02805861e+00
2.03108669e+00
2.00080586e+00
2.02730159e+00
2.02200244e+00
2.01216117e+00
2.05228327e+00
2.02957265e+00
2.02275946e+00
2.01518926e+00
2.03638584e+00
2.03184371e+00
2.02957265e+00
2.05682540e+00
2.04698413e+00
2.03562882e+00
2.07272283e+00
2.05379731e+00
2.07726496e+00
1.99626374e+00
2.06742369e+00
2.01746032e+00
2.05076923e+00
2.02881563e+00
2.02427350e+00
1.97052503e+00
2.08105006e+00
2.02957265e+00
2.03487179e+00
2.02654457e+00
1.94100122e+00
2.04925519e+00
2.00080586e+00
2.03638584e+00
2.05379731e+00
2.03562882e+00
1.98869353e+00
2.02503053e+00
2.00913309e+00
2.03108669e+00
1.99702076e+00
2.03184371e+00
2.03941392e+00
2.03335775e+00
2.02048840e+00
2.02957265e+00
2.00913309e+00
2.01821734e+00
2.04774115e+00
2.02654457e+00
2.01821734e+00
2.00459096e+00
2.02805861e+00
2.07953602e+00
2.04471306e+00
2.05379731e+00
2.06363858e+00
2.05304029e+00
2.02503053e+00
2.08180708e+00
2.03638584e+00
2.06363858e+00
2.03411477e+00
2.05531136e+00
2.02200244e+00
2.01746032e+00
2.00307692e+00
2.02578755e+00
1.99474969e+00
2.05833944e+00
2.01064713e+00
2.01821734e+00
2.02275946e+00
2.01216117e+00
2.06136752e+00
2.05985348e+00
2.01064713e+00
2.03032967e+00
2.03184371e+00
2.01746032e+00
2.01594628e+00
2.00989011e+00
2.01291819e+00
2.01897436e+00
1.98263736e+00
2.00610501e+00
1.96825397e+00
2.05001221e+00
2.00837607e+00
2.02805861e+00
2.04244200e+00
2.02275946e+00
1.97431013e+00
2.05531136e+00
2.02351648e+00
2.03335775e+00
2.03941392e+00
2.03865690e+00
2.03335775e+00
2.05833944e+00
2.03032967e+00
2.03411477e+00
2.06969475e+00
2.04092796e+00
2.04244200e+00
2.02805861e+00
2.05531136e+00
2.03865690e+00
2.01291819e+00
2.00080586e+00
2.03487179e+00
2.03714286e+00
2.03032967e+00
2.02351648e+00
2.03638584e+00
2.02881563e+00
2.03335775e+00
1.99853480e+00
2.02427350e+00
1.99474969e+00
1.99399267e+00
1.99172161e+00
2.02654457e+00
2.08559219e+00
2.01897436e+00
2.01973138e+00
2.01746032e+00
2.03941392e+00
2.03638584e+00
2.02805861e+00
2.00686203e+00
2.00989011e+00
2.00610501e+00
2.03032967e+00
2.06136752e+00
2.08483516e+00
2.04471306e+00
2.05833944e+00
2.01821734e+00
2.04395604e+00
2.04471306e+00
2.03562882e+00
2.06893773e+00
2.04395604e+00
2.04849817e+00
2.01897436e+00
2.01746032e+00
2.02578755e+00
2.01973138e+00
2.00989011e+00
2.00686203e+00
2.02200244e+00
2.00989011e+00
1.94932845e+00
2.02427350e+00
2.02427350e+00
2.09240537e+00
2.08105006e+00
2.04622711e+00
2.02805861e+00
2.03941392e+00
2.03108669e+00
2.04319902e+00
2.02503053e+00
2.01897436e+00
2.03335775e+00
2.03335775e+00
2.02503053e+00
2.03032967e+00
2.07045177e+00
2.05833944e+00
2.05001221e+00
2.02351648e+00
2.02503053e+00
2.04319902e+00
2.05985348e+00
2.02275946e+00
2.05531136e+00
2.03714286e+00
2.05682540e+00
2.03335775e+00
2.05682540e+00
2.05228327e+00
2.05304029e+00
2.05531136e+00
2.06136752e+00
2.03714286e+00
2.00761905e+00
2.06818071e+00
2.03714286e+00
1.94024420e+00
2.00383394e+00
2.03032967e+00
2.01973138e+00
2.03714286e+00
2.02881563e+00
2.00989011e+00
2.00761905e+00
2.01518926e+00
2.03184371e+00
2.06969475e+00
2.02048840e+00
2.01897436e+00
2.01897436e+00
2.07120879e+00
2.03941392e+00
2.00761905e+00
2.02048840e+00
2.03562882e+00
1.98793651e+00
1.99853480e+00
2.02730159e+00
2.00231990e+00
2.01746032e+00
2.02881563e+00
2.03714286e+00
2.08710623e+00
2.03865690e+00
2.03865690e+00
2.03411477e+00
2.03714286e+00
1.97506716e+00
2.03260073e+00
2.04395604e+00
2.02124542e+00
2.08786325e+00
2.02730159e+00
2.02805861e+00
1.98112332e+00
2.01443223e+00
2.04017094e+00
2.01670330e+00
2.01670330e+00
2.00686203e+00
2.01367521e+00
2.02881563e+00
2.01518926e+00
2.00383394e+00
2.01443223e+00
2.00989011e+00
2.03865690e+00
2.00610501e+00
2.03411477e+00
2.04092796e+00
2.04017094e+00
2.01291819e+00
2.02503053e+00
2.02957265e+00
2.02805861e+00
2.00913309e+00
2.05833944e+00
2.03411477e+00
2.03184371e+00
2.03335775e+00
2.04547009e+00
2.04849817e+00
2.06136752e+00
2.04698413e+00
2.04471306e+00
2.05606838e+00
2.05606838e+00
2.02578755e+00
2.03184371e+00
2.05531136e+00
2.05758242e+00
2.05001221e+00
2.03184371e+00
1.96446886e+00
2.01291819e+00
2.01518926e+00
2.01821734e+00
2.01291819e+00
2.01367521e+00
2.02805861e+00
2.02275946e+00
2.02503053e+00
2.02881563e+00
2.01973138e+00
2.03260073e+00
2.02200244e+00
2.01973138e+00
2.00459096e+00
2.03411477e+00
2.01973138e+00
2.01821734e+00
2.01443223e+00
2.02427350e+00
1.99929182e+00
2.04017094e+00
1.99247863e+00
2.02275946e+00
2.01746032e+00
1.98945055e+00
2.02957265e+00
2.01518926e+00
2.02881563e+00
2.03411477e+00
2.06893773e+00
2.05001221e+00
2.05682540e+00
2.04547009e+00
2.04319902e+00
2.03108669e+00
2.09013431e+00
2.08862027e+00
2.07877900e+00
2.04925519e+00
2.10300366e+00
2.00913309e+00
2.01064713e+00
2.02503053e+00
2.04092796e+00
1.95008547e+00
2.02654457e+00
2.00913309e+00
2.02351648e+00
2.03487179e+00
2.06515263e+00
2.00383394e+00
2.07650794e+00
2.08634921e+00
2.02351648e+00
1.99853480e+00
2.08634921e+00
2.02124542e+00
2.02503053e+00
2.04698413e+00
2.03562882e+00
2.02503053e+00
2.02805861e+00
2.01594628e+00
2.02730159e+00
2.02957265e+00
2.01897436e+00
2.03714286e+00
2.02805861e+00
2.10376068e+00
2.02881563e+00
2.08559219e+00
2.04925519e+00
2.07953602e+00
2.03789988e+00
2.02200244e+00
2.04547009e+00
2.03714286e+00
2.04395604e+00
2.03411477e+00
2.02881563e+00
2.01064713e+00
2.01973138e+00
2.03487179e+00
2.02730159e+00
1.98642247e+00
1.99172161e+00
2.03411477e+00
2.02200244e+00
2.00989011e+00
2.03032967e+00
2.01216117e+00
2.02503053e+00
2.03184371e+00
2.00913309e+00
2.03335775e+00
2.03411477e+00
2.02805861e+00
2.02881563e+00
2.01064713e+00
1.98112332e+00
1.95689866e+00
2.02881563e+00
2.01594628e+00
2.00610501e+00
2.01973138e+00
2.08937729e+00
2.00913309e+00
2.08483516e+00
2.03108669e+00
2.05606838e+00
2.05455433e+00
2.05985348e+00
2.05304029e+00
2.03032967e+00
2.04547009e+00
2.06666667e+00
2.00913309e+00
2.04395604e+00
2.05379731e+00
2.03411477e+00
2.04319902e+00
2.03789988e+00
2.04168498e+00
2.07045177e+00
2.00610501e+00
2.01367521e+00
2.02654457e+00
2.03260073e+00
2.02881563e+00
2.02275946e+00
2.03487179e+00
2.01670330e+00
2.06136752e+00
2.03865690e+00
2.01897436e+00
2.01746032e+00
2.03184371e+00
2.02200244e+00
2.04849817e+00
2.03487179e+00
2.06136752e+00
1.93494505e+00
2.03108669e+00
2.00459096e+00
2.02200244e+00
2.01291819e+00
2.02427350e+00
2.03108669e+00
2.01140415e+00
2.06818071e+00
2.07272283e+00
2.06969475e+00
2.06742369e+00
2.04244200e+00
2.05304029e+00
2.05531136e+00
2.04925519e+00
2.01216117e+00
2.04925519e+00
2.05228327e+00
2.02275946e+00
2.02351648e+00
2.00610501e+00
2.00534799e+00
2.00989011e+00
2.02200244e+00
2.04017094e+00
2.00459096e+00
2.02805861e+00
2.01973138e+00
1.97809524e+00
2.02351648e+00
2.04471306e+00
2.01291819e+00
2.05833944e+00
2.03411477e+00
2.01216117e+00
2.00913309e+00
2.03335775e+00
2.02805861e+00
2.03260073e+00
2.02654457e+00
2.06136752e+00
2.07877900e+00
2.04092796e+00
2.03260073e+00
2.07347985e+00
2.02200244e+00
1.96901099e+00
2.09467643e+00
2.05758242e+00
2.05455433e+00
2.04849817e+00
2.04547009e+00
2.05379731e+00
2.05909646e+00
2.05001221e+00
2.03487179e+00
2.05152625e+00
2.08180708e+00
2.04395604e+00
2.00686203e+00
2.02805861e+00
2.02200244e+00
2.05682540e+00
2.02275946e+00
2.04849817e+00
2.00761905e+00
2.03714286e+00
2.03411477e+00
2.03184371e+00
2.02805861e+00
2.03487179e+00
2.00837607e+00
2.04017094e+00
2.01897436e+00
2.01973138e+00
2.00080586e+00
2.01973138e+00
1.99020757e+00
2.05228327e+00
2.00686203e+00
2.02200244e+00
2.01594628e+00
2.06061050e+00
2.00307692e+00
2.00231990e+00
2.04395604e+00
2.03789988e+00
2.02427350e+00
2.03411477e+00
2.03108669e+00
2.01973138e+00
2.07877900e+00
2.02503053e+00
2.01443223e+00
2.05531136e+00
2.05909646e+00
2.02200244e+00
2.05909646e+00
1.97885226e+00
1.98642247e+00
2.01140415e+00
2.02427350e+00
2.03108669e+00
2.01367521e+00
2.02881563e+00
2.02957265e+00
2.02730159e+00
2.00307692e+00
2.00156288e+00
2.09240537e+00
2.00837607e+00
2.07347985e+00
2.04092796e+00
2.01670330e+00
2.03865690e+00
1.99929182e+00
2.02048840e+00
2.01670330e+00
2.01670330e+00
2.01594628e+00
2.03032967e+00
2.01216117e+00
2.04622711e+00
2.02200244e+00
2.01518926e+00
2.02427350e+00
2.00761905e+00
2.00080586e+00
2.03335775e+00
2.06590965e+00
2.03789988e+00
2.04849817e+00
2.04244200e+00
2.07347985e+00
2.01291819e+00
2.06136752e+00
2.04168498e+00
2.05304029e+00
2.04698413e+00
2.04168498e+00
2.02654457e+00
2.05304029e+00
2.04698413e+00
1.98717949e+00
2.02351648e+00
2.03260073e+00
2.04092796e+00
2.02351648e+00
2.06136752e+00
2.01291819e+00
2.02881563e+00
2.02805861e+00
2.03487179e+00
2.02275946e+00
2.03411477e+00
2.03032967e+00
2.03335775e+00
2.00459096e+00
2.01746032e+00
2.03032967e+00
2.00004884e+00
2.00913309e+00
2.02654457e+00
2.02200244e+00
2.00383394e+00
2.00534799e+00
2.04017094e+00
2.02805861e+00
2.04622711e+00
2.04849817e+00
2.06212454e+00
2.04319902e+00
2.04698413e+00
2.04395604e+00
2.04244200e+00
2.04017094e+00
2.05909646e+00
2.01291819e+00
2.05152625e+00
2.01594628e+00
2.03562882e+00
2.08407814e+00
2.02578755e+00
2.01670330e+00
2.01291819e+00
2.02048840e+00
2.03411477e+00
2.02200244e+00
2.00459096e+00
2.04774115e+00
2.02881563e+00
2.04092796e+00
2.01670330e+00
1.96371184e+00
2.02200244e+00
2.02881563e+00
2.01973138e+00
2.00156288e+00
2.06893773e+00
2.02503053e+00
2.02503053e+00
2.02805861e+00
2.01746032e+00
2.02578755e+00
2.02805861e+00
1.99247863e+00
2.02275946e+00
2.04319902e+00
2.03865690e+00
1.99474969e+00
2.05455433e+00
1.97658120e+00
2.03335775e+00
2.04849817e+00
2.04319902e+00
2.01291819e+00
2.03789988e+00
2.05001221e+00
2.04622711e+00
2.05682540e+00
2.02654457e+00
2.05682540e+00
2.04319902e+00
2.02351648e+00
2.00686203e+00
2.02881563e+00
2.02503053e+00
2.02200244e+00
2.05228327e+00
2.02503053e+00
2.02200244e+00
2.04244200e+00
2.04244200e+00
2.00761905e+00
2.00989011e+00
2.03335775e+00
2.01064713e+00
2.01594628e+00
2.02048840e+00
2.03487179e+00
2.00989011e+00
2.04395604e+00
1.98263736e+00
2.03411477e+00
2.00761905e+00
2.01216117e+00
2.03562882e+00
2.01443223e+00
2.08634921e+00
2.07272283e+00
2.03714286e+00
2.02957265e+00
2.06212454e+00
2.06136752e+00
2.07423687e+00
2.04849817e+00
2.06439560e+00
2.02275946e+00
2.03411477e+00
2.04622711e+00
2.07045177e+00
2.02503053e+00
2.01443223e+00
2.02048840e+00
2.02503053e+00
2.02275946e+00
1.99929182e+00
2.01594628e+00
2.02730159e+00
2.00837607e+00
2.01670330e+00
2.02275946e+00
2.04319902e+00
1.99853480e+00
2.01897436e+00
1.97733822e+00
2.00989011e+00
2.06742369e+00
2.02578755e+00
1.98490842e+00
2.01670330e+00
2.01670330e+00
2.06818071e+00
2.02654457e+00
2.03032967e+00
2.01973138e+00
2.00610501e+00
2.01291819e+00
2.03108669e+00
2.02275946e+00
2.07120879e+00
2.05833944e+00
2.04925519e+00
2.04849817e+00
2.03941392e+00
2.03032967e+00
2.07196581e+00
2.00459096e+00
2.09694750e+00
2.03411477e+00
2.05758242e+00
2.02957265e+00
2.01064713e+00
2.01140415e+00
2.03411477e+00
2.01594628e+00
2.01897436e+00
2.00761905e+00
2.07120879e+00
1.95387057e+00
2.01670330e+00
2.06742369e+00
2.03789988e+00
2.01443223e+00
2.03487179e+00
2.07726496e+00
2.01443223e+00
2.03260073e+00
2.01746032e+00
2.03487179e+00
2.04092796e+00
2.01140415e+00
2.01064713e+00
2.04622711e+00
2.01670330e+00
2.05304029e+00
2.03411477e+00
2.02124542e+00
2.03487179e+00
2.03789988e+00
2.08180708e+00
2.06969475e+00
2.04017094e+00
2.04395604e+00
2.03108669e+00
2.03638584e+00
2.04622711e+00
2.05001221e+00
2.06136752e+00
2.03638584e+00
2.04092796e+00
2.03335775e+00
2.03714286e+00
2.00307692e+00
2.05455433e+00
2.00913309e+00
2.04547009e+00
2.00989011e+00
2.05909646e+00
2.02654457e+00
2.04471306e+00
2.02275946e+00
2.03260073e+00
2.03108669e+00
2.02881563e+00
2.00913309e+00
2.03032967e+00
2.02805861e+00
2.04698413e+00
2.00761905e+00
2.08256410e+00
2.03108669e+00
2.02200244e+00
2.00989011e+00
2.01973138e+00
2.03487179e+00
1.96522589e+00
2.00761905e+00
2.02881563e+00
2.01518926e+00
2.02957265e+00
2.03714286e+00
2.04244200e+00
2.04395604e+00
2.04698413e+00
2.09467643e+00
2.07575092e+00
2.05304029e+00
2.04849817e+00
2.08332112e+00
2.07196581e+00
2.07953602e+00
2.03789988e+00
1.98945055e+00
2.01821734e+00
2.02805861e+00
2.00307692e+00
2.01670330e+00
2.02730159e+00
2.03260073e+00
2.00307692e+00
2.05228327e+00
2.01518926e+00
2.02200244e+00
2.00080586e+00
2.02351648e+00
2.02578755e+00
2.02503053e+00
2.03714286e+00
2.03411477e+00
2.03487179e+00
2.02048840e+00
2.02124542e+00
2.03941392e+00
2.03411477e+00
2.02881563e+00
2.02654457e+00
2.06363858e+00
2.05228327e+00
2.02805861e+00
2.02351648e+00
2.05304029e+00
2.00686203e+00
2.05758242e+00
2.10376068e+00
2.06212454e+00
2.04925519e+00
2.05304029e+00
2.03260073e+00
2.03638584e+00
2.02654457e+00
2.04017094e+00
2.02427350e+00
2.03789988e+00
1.98490842e+00
2.01518926e+00
1.94024420e+00
1.99929182e+00
2.02654457e+00
2.03184371e+00
2.03487179e+00
2.03562882e+00
2.03108669e+00
2.02578755e+00
2.04017094e+00
2.03714286e+00
2.03487179e+00
2.03411477e+00
2.01594628e+00
2.02881563e+00
2.04925519e+00
2.03638584e+00
2.01821734e+00
2.02730159e+00
1.95538462e+00
2.04244200e+00
2.01064713e+00
2.00989011e+00
2.03562882e+00
1.99626374e+00
2.02730159e+00
2.01746032e+00
2.03714286e+00
2.05833944e+00
2.05833944e+00
2.04319902e+00
2.04547009e+00
1.97355311e+00
2.05531136e+00
2.04244200e+00
1.99702076e+00
2.05985348e+00
2.04017094e+00
2.01973138e+00
2.05531136e+00
1.99096459e+00
2.02275946e+00
2.01746032e+00
2.01443223e+00
2.03789988e+00
2.02881563e+00
2.02275946e+00
2.02200244e+00
2.05682540e+00
1.98945055e+00
2.02351648e+00
2.02654457e+00
2.02124542e+00
2.01216117e+00
2.03108669e+00
2.04319902e+00
2.01518926e+00
2.02275946e+00
2.02275946e+00
2.00761905e+00
2.01518926e+00
2.01973138e+00
2.02805861e+00
2.04168498e+00
2.01821734e+00
2.05531136e+00
2.04774115e+00
2.02881563e+00
2.01746032e+00
2.04471306e+00
2.03260073e+00
2.01746032e+00
2.04244200e+00
2.04244200e+00
2.10527473e+00
2.05758242e+00
2.05304029e+00
2.04547009e+00
2.03184371e+00
2.00307692e+00
2.02881563e+00
2.02427350e+00
2.02427350e+00
2.05228327e+00
2.03487179e+00
2.00156288e+00
2.02578755e+00
2.02881563e+00
2.02730159e+00
2.04395604e+00
2.02578755e+00
2.01518926e+00
2.00231990e+00
2.01291819e+00
2.02200244e+00
2.03032967e+00
2.03032967e+00
2.03335775e+00
2.04698413e+00
2.06136752e+00
2.01821734e+00
2.00610501e+00
2.01746032e+00
2.02275946e+00
2.04168498e+00
1.99474969e+00
2.11663004e+00
2.02578755e+00
2.03411477e+00
2.05304029e+00
2.05455433e+00
2.04622711e+00
2.04547009e+00
2.04925519e+00
2.04168498e+00
2.03714286e+00
2.06363858e+00
2.03638584e+00
2.02503053e+00
2.01821734e+00
2.01746032e+00
2.02654457e+00
1.98642247e+00
2.03411477e+00
2.03032967e+00
2.01518926e+00
2.01291819e+00
2.02881563e+00
2.02427350e+00
2.03941392e+00
2.02881563e+00
2.03411477e+00
2.00686203e+00
2.04925519e+00
2.08862027e+00
2.03260073e+00
2.04849817e+00
2.01594628e+00
2.00004884e+00
2.03184371e+00
2.03562882e+00
1.98869353e+00
2.01140415e+00
2.02124542e+00
2.03941392e+00
2.00837607e+00
2.01518926e+00
2.03562882e+00
2.04017094e+00
2.04622711e+00
2.03411477e+00
2.01746032e+00
2.02578755e+00
2.06136752e+00
2.00383394e+00
2.06061050e+00
2.10148962e+00
2.04849817e+00
2.05909646e+00
2.02805861e+00
2.01821734e+00
2.03638584e+00
2.03411477e+00
2.01973138e+00
2.01291819e+00
2.05076923e+00
2.03260073e+00
2.01443223e+00
2.03032967e+00
2.00383394e+00
2.00080586e+00
2.03638584e+00
2.03638584e+00
1.99399267e+00
1.99777778e+00
2.00610501e+00
2.02503053e+00
2.01518926e+00
2.02957265e+00
2.00686203e+00
2.02124542e+00
2.03260073e+00
2.01670330e+00
2.03335775e+00
2.01973138e+00
2.00307692e+00
2.02654457e+00
2.03487179e+00
2.08634921e+00
1.98415140e+00
2.06136752e+00
2.03789988e+00
2.04774115e+00
2.04168498e+00
2.05001221e+00
2.05076923e+00
2.04017094e+00
2.03714286e+00
2.04319902e+00
2.04092796e+00
1.94251526e+00
2.02124542e+00
1.99474969e+00
2.06969475e+00
1.98490842e+00
2.02124542e+00
2.02200244e+00
2.02124542e+00
2.02881563e+00
2.01216117e+00
2.03411477e+00
2.03789988e+00
2.04244200e+00
2.02124542e+00
2.01064713e+00
2.03184371e+00
2.01670330e+00
2.03714286e+00
1.96976801e+00
2.00231990e+00
2.05001221e+00
2.01140415e+00
2.03865690e+00
2.05985348e+00
2.00156288e+00
2.04849817e+00
2.00686203e+00
2.02730159e+00
2.02200244e+00
2.04168498e+00
2.03714286e+00
2.05228327e+00
2.07650794e+00
2.03638584e+00
2.02730159e+00
2.02048840e+00
2.02881563e+00
2.06136752e+00
2.02654457e+00
2.05228327e+00
2.00610501e+00
2.03941392e+00
2.01746032e+00
1.95008547e+00
2.03638584e+00
2.02275946e+00
2.01064713e+00
2.02427350e+00
2.00080586e+00
2.00231990e+00
2.00459096e+00
2.05833944e+00
2.01140415e+00
2.09997558e+00
2.01594628e+00
2.00231990e+00
2.06061050e+00
2.03335775e+00
2.02427350e+00
2.03108669e+00
2.00913309e+00
2.03032967e+00
2.01973138e+00
2.01821734e+00
2.04017094e+00
1.99550672e+00
2.02351648e+00
2.01291819e+00
2.02427350e+00
2.05909646e+00
2.03638584e+00
2.04547009e+00
2.04471306e+00
2.03714286e+00
2.05228327e+00
2.04849817e+00
2.05833944e+00
2.03789988e+00
2.05228327e+00
2.05152625e+00
2.02503053e+00
2.00686203e+00
2.01064713e+00
2.00686203e+00
1.97279609e+00
2.02200244e+00
2.02805861e+00
2.01594628e+00
2.02805861e+00
2.03411477e+00
2.06212454e+00
2.07726496e+00
2.01973138e+00
2.01746032e+00
2.04471306e+00
2.02957265e+00
2.02957265e+00
2.01746032e+00
2.05682540e+00
1.98717949e+00
2.05001221e+00
2.02124542e+00
2.01367521e+00
2.00534799e+00
2.06666667e+00
1.99777778e+00
2.04547009e+00
2.07953602e+00
1.99550672e+00
2.03487179e+00
2.03941392e+00
2.04698413e+00
2.05379731e+00
2.04244200e+00
2.05152625e+00
2.02275946e+00
2.00989011e+00
2.06136752e+00
2.03108669e+00
2.08105006e+00
2.04092796e+00
2.02578755e+00
2.01821734e+00
1.95765568e+00
2.06061050e+00
2.03260073e+00
2.01064713e+00
2.01897436e+00
2.03108669e+00
2.01064713e+00
1.99626374e+00
2.02654457e+00
2.03638584e+00
2.00156288e+00
1.99474969e+00
2.01216117e+00
2.01746032e+00
2.01973138e+00
2.02200244e+00
2.02048840e+00
2.08937729e+00
2.02200244e+00
2.02503053e+00
2.00989011e+00
2.02200244e+00
2.02200244e+00
2.03032967e+00
2.04244200e+00
2.01821734e+00
2.04319902e+00
2.00231990e+00
1.99474969e+00
2.07499389e+00
2.04471306e+00
2.07499389e+00
2.07499389e+00
2.02503053e+00
2.02957265e+00
2.06212454e+00
2.04319902e+00
2.06136752e+00
2.04622711e+00
2.03638584e+00
2.02351648e+00
2.03260073e+00
1.98036630e+00
2.04698413e+00
2.00686203e+00
2.01140415e+00
2.02124542e+00
2.01821734e+00
2.05758242e+00
1.99626374e+00
2.02200244e+00
2.01821734e+00
2.03411477e+00
2.00686203e+00
2.03562882e+00
2.00761905e+00
2.03562882e+00
2.03260073e+00
2.02805861e+00
2.01821734e+00
2.02351648e+00
2.05076923e+00
1.97052503e+00
2.03411477e+00
2.03260073e+00
2.02503053e+00
2.03260073e+00
2.03638584e+00
2.06969475e+00
2.04092796e+00
2.03411477e+00
2.05455433e+00
2.05152625e+00
2.05455433e+00
2.06136752e+00
2.04622711e+00
2.04319902e+00
2.06590965e+00
2.05304029e+00
1.99172161e+00
2.04168498e+00
2.00913309e+00
2.06515263e+00
2.00080586e+00
1.98339438e+00
1.99550672e+00
2.03487179e+00
2.04319902e+00
2.00913309e+00
2.01216117e+00
2.01670330e+00
2.01897436e+00
2.04395604e+00
2.07045177e+00
2.06212454e+00
2.03714286e+00
1.94781441e+00
2.08029304e+00
2.02275946e+00
2.07575092e+00
1.99853480e+00
2.02351648e+00
2.01973138e+00
2.03487179e+00
2.02730159e+00
2.01897436e+00
2.03789988e+00
2.00383394e+00
2.03714286e+00
2.02200244e+00
2.02881563e+00
2.03941392e+00
2.03335775e+00
2.00837607e+00
2.06061050e+00
2.05304029e+00
2.06136752e+00
2.03714286e+00
2.04244200e+00
2.02730159e+00
2.03411477e+00
2.03032967e+00
2.02578755e+00
2.03108669e+00
2.03487179e+00
2.03184371e+00
2.01367521e+00
2.00989011e+00
2.01670330e+00
2.02124542e+00
2.02503053e+00
2.02275946e+00
2.06439560e+00
2.02351648e+00
2.02124542e+00
2.02200244e+00
2.01367521e+00
2.02351648e+00
2.00761905e+00
1.98490842e+00
2.02048840e+00
2.03184371e+00
2.02124542e+00
2.02881563e+00
2.03411477e+00
2.01518926e+00
2.00913309e+00
2.02351648e+00
2.08786325e+00
2.05228327e+00
2.03411477e+00
2.00307692e+00
2.04698413e+00
2.06061050e+00
2.02881563e+00
2.04092796e+00
2.04622711e+00
2.03108669e+00
2.05606838e+00
2.04925519e+00
2.05758242e+00
2.05833944e+00
2.06136752e+00
2.01140415e+00
2.02048840e+00
1.97431013e+00
2.04319902e+00
2.03411477e+00
2.02275946e+00
2.02124542e+00
2.00761905e+00
2.03638584e+00
2.02805861e+00
2.00913309e+00
2.05682540e+00
2.00761905e+00
2.01291819e+00
2.01367521e+00
2.03260073e+00
2.05682540e+00
2.02881563e+00
2.05682540e+00
2.01670330e+00
2.02503053e+00
2.02881563e+00
2.03487179e+00
2.02200244e+00
2.03638584e+00
2.03638584e+00
2.04395604e+00
2.05152625e+00
2.05531136e+00
2.05606838e+00
2.07423687e+00
2.01897436e+00
2.06363858e+00
2.04547009e+00
2.06212454e+00
2.05001221e+00
2.01746032e+00
2.07272283e+00
1.99096459e+00
2.03184371e+00
2.03335775e+00
2.02805861e+00
2.03941392e+00
2.02427350e+00
2.00534799e+00
2.03638584e+00
2.03032967e+00
2.01897436e+00
2.09391941e+00
2.02730159e+00
2.02730159e+00
2.03108669e+00
2.01140415e+00
2.01140415e+00
1.99929182e+00
1.99777778e+00
2.04244200e+00
2.02578755e+00
2.03714286e+00
2.02881563e+00
2.02351648e+00
2.03184371e+00
2.02805861e+00
2.03260073e+00
2.01746032e+00
2.05152625e+00
2.03108669e+00
2.05152625e+00
2.04319902e+00
2.06893773e+00
2.04698413e+00
2.06212454e+00
2.03941392e+00
2.03335775e+00
2.05531136e+00
2.03789988e+00
2.03865690e+00
2.03714286e+00
2.02275946e+00
2.02200244e+00
2.02427350e+00
2.02200244e+00
2.02730159e+00
2.00383394e+00
2.02730159e+00
2.00610501e+00
2.02351648e+00
2.07650794e+00
2.00761905e+00
2.02427350e+00
2.03487179e+00
2.02048840e+00
2.02654457e+00
2.01216117e+00
2.04547009e+00
2.02881563e+00
2.06061050e+00
2.03638584e+00
2.01443223e+00
2.04319902e+00
2.05304029e+00
2.01518926e+00
2.06969475e+00
2.02275946e+00
2.02200244e+00
2.02730159e+00
2.02503053e+00
2.04471306e+00
2.05455433e+00
2.05606838e+00
