1.36793651e+00
1.37020757e+00
1.36793651e+00
1.38004884e+00
1.36793651e+00
1.37550672e+00
1.34749695e+00
1.36339438e+00
1.38004884e+00
1.37853480e+00
1.36263736e+00
1.34749695e+00
1.40805861e+00
1.36036630e+00
1.36188034e+00
1.38080586e+00
1.36945055e+00
1.36793651e+00
1.37853480e+00
1.37172161e+00
1.39064713e+00
1.39291819e+00
1.39443223e+00
1.35582418e+00
1.41714286e+00
1.38307692e+00
1.37247863e+00
1.40200244e+00
1.36188034e+00
1.34068376e+00
1.35809524e+00
1.38231990e+00
1.36869353e+00
1.37399267e+00
1.37550672e+00
1.37399267e+00
1.36490842e+00
1.37020757e+00
1.37929182e+00
1.40200244e+00
1.41032967e+00
1.36642247e+00
1.38307692e+00
1.39594628e+00
1.35279609e+00
1.36490842e+00
1.36642247e+00
1.36263736e+00
1.37399267e+00
1.36793651e+00
1.36869353e+00
1.37323565e+00
1.37172161e+00
1.36188034e+00
1.36415140e+00
1.35809524e+00
1.39291819e+00
1.36793651e+00
1.36188034e+00
1.37247863e+00
1.36793651e+00
1.37096459e+00
1.40124542e+00
1.41411477e+00
1.38610501e+00
1.38231990e+00
1.38231990e+00
1.38307692e+00
1.38610501e+00
1.36869353e+00
1.37020757e+00
1.36869353e+00
1.34976801e+00
1.40881563e+00
1.39291819e+00
1.37626374e+00
1.41108669e+00
1.38837607e+00
1.35355311e+00
1.33159951e+00
1.36717949e+00
1.37474969e+00
1.37399267e+00
1.36490842e+00
1.37096459e+00
1.37626374e+00
1.37020757e+00
1.37777778e+00
1.36036630e+00
1.37247863e+00
1.39443223e+00
1.37399267e+00
1.36717949e+00
1.33916972e+00
1.35885226e+00
1.36263736e+00
1.35506716e+00
1.36339438e+00
1.36490842e+00
1.37626374e+00
1.38534799e+00
1.37929182e+00
1.36945055e+00
1.39140415e+00
1.36717949e+00
1.37626374e+00
1.37853480e+00
1.37096459e+00
1.37020757e+00
1.36263736e+00
1.43833944e+00
1.40805861e+00
1.36263736e+00
1.37172161e+00
1.28920635e+00
1.38307692e+00
1.37247863e+00
1.38080586e+00
1.34749695e+00
1.37702076e+00
1.36869353e+00
1.35809524e+00
1.37702076e+00
1.41562882e+00
1.34976801e+00
1.36717949e+00
1.38534799e+00
1.35960928e+00
1.34144078e+00
1.35658120e+00
1.35733822e+00
1.36415140e+00
1.37550672e+00
1.36642247e+00
1.37702076e+00
1.37247863e+00
1.36869353e+00
1.37626374e+00
1.40124542e+00
1.37626374e+00
1.36490842e+00
1.37702076e+00
1.42774115e+00
1.36566545e+00
1.36188034e+00
1.40275946e+00
1.38459096e+00
1.38080586e+00
1.37550672e+00
1.37172161e+00
1.39140415e+00
1.38307692e+00
1.37247863e+00
1.37626374e+00
1.37096459e+00
1.37323565e+00
1.34673993e+00
1.34295482e+00
1.38534799e+00
1.37323565e+00
1.40351648e+00
1.34976801e+00
1.35203907e+00
1.36945055e+00
1.37702076e+00
1.37474969e+00
1.36869353e+00
1.36793651e+00
1.37399267e+00
1.34673993e+00
1.36642247e+00
1.38913309e+00
1.36112332e+00
1.34673993e+00
1.35128205e+00
1.38307692e+00
1.38459096e+00
1.38307692e+00
1.34976801e+00
1.37323565e+00
1.38004884e+00
1.37399267e+00
1.36642247e+00
1.37474969e+00
1.38307692e+00
1.38156288e+00
1.37096459e+00
1.35582418e+00
1.36415140e+00
1.39973138e+00
1.36188034e+00
1.41032967e+00
1.39291819e+00
1.41335775e+00
1.42092796e+00
1.39064713e+00
1.35960928e+00
1.36112332e+00
1.36263736e+00
1.38080586e+00
1.36717949e+00
1.38383394e+00
1.38156288e+00
1.38307692e+00
1.36717949e+00
1.36490842e+00
1.37474969e+00
1.38761905e+00
1.32024420e+00
1.36490842e+00
1.37626374e+00
1.35052503e+00
1.36112332e+00
1.38686203e+00
1.35809524e+00
1.36945055e+00
1.35809524e+00
1.38307692e+00
1.36490842e+00
1.36566545e+00
1.36869353e+00
1.36566545e+00
1.36566545e+00
1.34219780e+00
1.40881563e+00
1.38004884e+00
1.38989011e+00
1.35582418e+00
1.36188034e+00
1.37096459e+00
1.38534799e+00
1.37172161e+00
1.36566545e+00
1.38231990e+00
1.38307692e+00
1.37172161e+00
1.37550672e+00
1.38080586e+00
1.38004884e+00
1.36717949e+00
1.37702076e+00
1.37702076e+00
1.37777778e+00
1.37853480e+00
1.38231990e+00
1.35355311e+00
1.35052503e+00
1.38004884e+00
1.37474969e+00
1.35355311e+00
1.35960928e+00
1.36112332e+00
1.37096459e+00
1.38459096e+00
1.38156288e+00
1.38913309e+00
1.38156288e+00
1.35809524e+00
1.33689866e+00
1.37474969e+00
1.37020757e+00
1.43001221e+00
1.34371184e+00
1.36793651e+00
1.38004884e+00
1.37702076e+00
1.36490842e+00
1.38004884e+00
1.38686203e+00
1.39216117e+00
1.36112332e+00
1.38004884e+00
1.36642247e+00
1.36339438e+00
1.34749695e+00
1.37096459e+00
1.37247863e+00
1.36263736e+00
1.36793651e+00
1.40881563e+00
1.37323565e+00
1.38156288e+00
1.37323565e+00
1.36415140e+00
1.36112332e+00
1.37399267e+00
1.36793651e+00
1.37474969e+00
1.35960928e+00
1.37702076e+00
1.39216117e+00
1.35733822e+00
1.40730159e+00
1.33689866e+00
1.37550672e+00
1.33765568e+00
1.38686203e+00
1.35506716e+00
1.36263736e+00
1.38307692e+00
1.37474969e+00
1.38004884e+00
1.38004884e+00
1.40124542e+00
1.40881563e+00
1.40124542e+00
1.40275946e+00
1.37626374e+00
1.38004884e+00
1.40275946e+00
1.35733822e+00
1.37399267e+00
1.34673993e+00
1.37550672e+00
1.36945055e+00
1.38837607e+00
1.38156288e+00
1.37702076e+00
1.37172161e+00
1.38610501e+00
1.39821734e+00
1.34976801e+00
1.33916972e+00
1.39443223e+00
1.38383394e+00
1.33462759e+00
1.37247863e+00
1.36188034e+00
1.33159951e+00
1.38004884e+00
1.36339438e+00
1.37323565e+00
1.36869353e+00
1.36566545e+00
1.35960928e+00
1.35582418e+00
1.36490842e+00
1.38231990e+00
1.38610501e+00
1.36112332e+00
1.36945055e+00
1.38686203e+00
1.34446886e+00
1.37247863e+00
1.40427350e+00
1.31418803e+00
1.37702076e+00
1.35885226e+00
1.35885226e+00
1.36793651e+00
1.37550672e+00
1.38080586e+00
1.37474969e+00
1.36717949e+00
1.37247863e+00
1.39140415e+00
1.40805861e+00
1.32781441e+00
1.42244200e+00
1.40957265e+00
1.36717949e+00
1.38686203e+00
1.33992674e+00
1.41032967e+00
1.37096459e+00
1.38383394e+00
1.37929182e+00
1.36566545e+00
1.37020757e+00
1.35279609e+00
1.35355311e+00
1.36036630e+00
1.34976801e+00
1.38989011e+00
1.34295482e+00
1.35960928e+00
1.38004884e+00
1.33916972e+00
1.36415140e+00
1.37399267e+00
1.36415140e+00
1.37777778e+00
1.37853480e+00
1.36869353e+00
1.37172161e+00
1.38004884e+00
1.38156288e+00
1.37096459e+00
1.37172161e+00
1.36415140e+00
1.41335775e+00
1.39140415e+00
1.37626374e+00
1.37096459e+00
1.36945055e+00
1.36263736e+00
1.38459096e+00
1.40578755e+00
1.36945055e+00
1.38610501e+00
1.38459096e+00
1.37399267e+00
1.38231990e+00
1.36036630e+00
1.35052503e+00
1.37853480e+00
1.36188034e+00
1.36793651e+00
1.38004884e+00
1.37550672e+00
1.37626374e+00
1.35203907e+00
1.37096459e+00
1.36490842e+00
1.36566545e+00
1.37172161e+00
1.37247863e+00
1.36566545e+00
1.36112332e+00
1.35733822e+00
1.37172161e+00
1.40427350e+00
1.37474969e+00
1.36112332e+00
1.35960928e+00
1.36188034e+00
1.36717949e+00
1.37929182e+00
1.36490842e+00
1.38307692e+00
1.37172161e+00
1.38913309e+00
1.38231990e+00
1.37853480e+00
1.36793651e+00
1.36263736e+00
1.36793651e+00
1.38231990e+00
1.36869353e+00
1.39443223e+00
1.35203907e+00
1.36717949e+00
1.37702076e+00
1.36642247e+00
1.39367521e+00
1.38459096e+00
1.39670330e+00
1.37474969e+00
1.36339438e+00
1.36945055e+00
1.36490842e+00
1.37172161e+00
1.35279609e+00
1.36263736e+00
1.40351648e+00
1.36717949e+00
1.41032967e+00
1.36490842e+00
1.34295482e+00
1.35733822e+00
1.36642247e+00
1.38534799e+00
1.35582418e+00
1.38004884e+00
1.38231990e+00
1.37172161e+00
1.39291819e+00
1.38231990e+00
1.39291819e+00
1.38156288e+00
1.38307692e+00
1.38231990e+00
1.37323565e+00
1.37777778e+00
1.41487179e+00
1.36188034e+00
1.36793651e+00
1.37020757e+00
1.41260073e+00
1.39518926e+00
1.37399267e+00
1.38837607e+00
1.36793651e+00
1.36263736e+00
1.37929182e+00
1.37020757e+00
1.38156288e+00
1.36793651e+00
1.37323565e+00
1.39443223e+00
1.37702076e+00
1.36036630e+00
1.36188034e+00
1.34295482e+00
1.40275946e+00
1.35506716e+00
1.35733822e+00
1.35885226e+00
1.35582418e+00
1.36036630e+00
1.36793651e+00
1.38004884e+00
1.37247863e+00
1.40805861e+00
1.38459096e+00
1.37702076e+00
1.41865690e+00
1.36566545e+00
1.34522589e+00
1.41032967e+00
1.37096459e+00
1.39594628e+00
1.36415140e+00
1.37777778e+00
1.36490842e+00
1.37777778e+00
1.37702076e+00
1.37777778e+00
1.35582418e+00
1.38231990e+00
1.37929182e+00
1.36036630e+00
1.39216117e+00
1.38080586e+00
1.34976801e+00
1.37626374e+00
1.40200244e+00
1.37247863e+00
1.35355311e+00
1.36112332e+00
1.37550672e+00
1.36869353e+00
1.37020757e+00
1.37247863e+00
1.35885226e+00
1.37929182e+00
1.35279609e+00
1.39367521e+00
1.38004884e+00
1.29753358e+00
1.36869353e+00
1.38686203e+00
1.38231990e+00
1.35960928e+00
1.37702076e+00
1.36263736e+00
1.36566545e+00
1.38307692e+00
1.38686203e+00
1.38610501e+00
1.38459096e+00
1.37929182e+00
1.36188034e+00
1.37399267e+00
1.38156288e+00
1.34446886e+00
1.37096459e+00
1.34976801e+00
1.39443223e+00
1.43152625e+00
1.37020757e+00
1.38459096e+00
1.40275946e+00
1.37702076e+00
1.37702076e+00
1.37020757e+00
1.37323565e+00
1.36869353e+00
1.36793651e+00
1.35733822e+00
1.39216117e+00
1.39821734e+00
1.30661783e+00
1.37096459e+00
1.36642247e+00
1.37096459e+00
1.33159951e+00
1.36188034e+00
1.35885226e+00
1.36112332e+00
1.35733822e+00
1.37020757e+00
1.36036630e+00
1.36112332e+00
1.36036630e+00
1.36415140e+00
1.37247863e+00
1.40048840e+00
1.34673993e+00
1.40654457e+00
1.38004884e+00
1.37247863e+00
1.33689866e+00
1.37172161e+00
1.26422466e+00
1.36339438e+00
1.38004884e+00
1.39216117e+00
1.37550672e+00
1.38307692e+00
1.36415140e+00
1.36869353e+00
1.39216117e+00
1.38004884e+00
1.41638584e+00
1.35885226e+00
1.37096459e+00
1.35733822e+00
1.39746032e+00
1.41638584e+00
1.35885226e+00
1.40200244e+00
1.34598291e+00
1.36339438e+00
1.35960928e+00
1.36566545e+00
1.36415140e+00
1.37247863e+00
1.36642247e+00
1.37247863e+00
1.37323565e+00
1.36036630e+00
1.38156288e+00
1.36339438e+00
1.37929182e+00
1.37247863e+00
1.42471306e+00
1.36339438e+00
1.41714286e+00
1.38459096e+00
1.39443223e+00
1.36945055e+00
1.37172161e+00
1.38610501e+00
1.37096459e+00
1.37929182e+00
1.38231990e+00
1.38307692e+00
1.40124542e+00
1.38383394e+00
1.39746032e+00
1.38307692e+00
1.40654457e+00
1.38989011e+00
1.36717949e+00
1.35052503e+00
1.38004884e+00
1.36793651e+00
1.38231990e+00
1.37096459e+00
1.38989011e+00
1.37172161e+00
1.36188034e+00
1.36717949e+00
1.33992674e+00
1.37096459e+00
1.36490842e+00
1.35582418e+00
1.37096459e+00
1.38231990e+00
1.36945055e+00
1.38383394e+00
1.35506716e+00
1.36036630e+00
1.38231990e+00
1.38080586e+00
1.38383394e+00
1.38004884e+00
1.39291819e+00
1.36717949e+00
1.37929182e+00
1.36869353e+00
1.39821734e+00
1.37702076e+00
1.37474969e+00
1.41487179e+00
1.38534799e+00
1.34673993e+00
1.36415140e+00
1.37172161e+00
1.36263736e+00
1.37247863e+00
1.37323565e+00
1.38383394e+00
1.36945055e+00
1.38231990e+00
1.35809524e+00
1.38610501e+00
1.36566545e+00
1.31873016e+00
1.38610501e+00
1.34144078e+00
1.37929182e+00
1.37096459e+00
1.36717949e+00
1.40957265e+00
1.38686203e+00
1.35960928e+00
1.37172161e+00
1.36263736e+00
1.36717949e+00
1.37323565e+00
1.34598291e+00
1.39291819e+00
1.37096459e+00
1.43758242e+00
1.37702076e+00
1.35431013e+00
1.42168498e+00
1.39746032e+00
1.35355311e+00
1.40503053e+00
1.37777778e+00
1.40351648e+00
1.37474969e+00
1.37172161e+00
1.38610501e+00
1.37323565e+00
1.37550672e+00
1.38307692e+00
1.38383394e+00
1.37247863e+00
1.38383394e+00
1.38534799e+00
1.36415140e+00
1.35658120e+00
1.38231990e+00
1.36793651e+00
1.35506716e+00
1.33008547e+00
1.37474969e+00
1.36188034e+00
1.36945055e+00
1.36490842e+00
1.36717949e+00
1.37474969e+00
1.38307692e+00
1.38004884e+00
1.36869353e+00
1.37323565e+00
1.36869353e+00
1.40351648e+00
1.36869353e+00
1.35128205e+00
1.37020757e+00
1.38004884e+00
1.37777778e+00
1.37172161e+00
1.37550672e+00
1.38686203e+00
1.38080586e+00
1.36415140e+00
1.37929182e+00
1.38231990e+00
1.35582418e+00
1.41260073e+00
1.37702076e+00
1.38004884e+00
1.36793651e+00
1.37929182e+00
1.37399267e+00
1.40503053e+00
1.38837607e+00
1.39140415e+00
1.37474969e+00
1.37853480e+00
1.37096459e+00
1.39291819e+00
1.36793651e+00
1.37777778e+00
1.37020757e+00
1.34976801e+00
1.36263736e+00
1.38156288e+00
1.36263736e+00
1.35582418e+00
1.36566545e+00
1.34446886e+00
1.36642247e+00
1.37172161e+00
1.35885226e+00
1.36036630e+00
1.36793651e+00
1.37702076e+00
1.37702076e+00
1.37702076e+00
1.35658120e+00
1.34522589e+00
1.37777778e+00
1.35582418e+00
1.36793651e+00
1.37626374e+00
1.35960928e+00
1.36415140e+00
1.37096459e+00
1.38080586e+00
1.36415140e+00
1.37247863e+00
1.38156288e+00
1.38156288e+00
1.36793651e+00
1.37853480e+00
1.38231990e+00
1.36490842e+00
1.35885226e+00
1.38156288e+00
1.34295482e+00
1.37777778e+00
1.40957265e+00
1.35885226e+00
1.36490842e+00
1.36490842e+00
1.37172161e+00
1.39443223e+00
1.35960928e+00
1.36869353e+00
1.36869353e+00
1.36566545e+00
1.37172161e+00
1.36869353e+00
1.36339438e+00
1.39670330e+00
1.41260073e+00
1.31873016e+00
1.36490842e+00
1.37399267e+00
1.36642247e+00
1.35658120e+00
1.38686203e+00
1.38534799e+00
1.37096459e+00
1.35431013e+00
1.37247863e+00
1.37702076e+00
1.37096459e+00
1.37323565e+00
1.37777778e+00
1.34144078e+00
1.37626374e+00
1.37550672e+00
1.37172161e+00
1.38383394e+00
1.37399267e+00
1.36945055e+00
1.37702076e+00
1.38686203e+00
1.36188034e+00
1.36793651e+00
1.37247863e+00
1.37020757e+00
1.37626374e+00
1.37020757e+00
1.38080586e+00
1.35582418e+00
1.35128205e+00
1.38686203e+00
1.37474969e+00
1.36566545e+00
1.35203907e+00
1.39897436e+00
1.39746032e+00
1.37702076e+00
1.34371184e+00
1.36339438e+00
1.35885226e+00
1.39140415e+00
1.38231990e+00
1.37777778e+00
1.37172161e+00
1.37096459e+00
1.36415140e+00
1.38307692e+00
1.39973138e+00
1.37096459e+00
1.38004884e+00
1.35582418e+00
1.36415140e+00
1.36188034e+00
1.37929182e+00
1.35279609e+00
1.38156288e+00
1.37626374e+00
1.38610501e+00
1.37020757e+00
1.36566545e+00
1.38231990e+00
1.38534799e+00
1.35582418e+00
1.38534799e+00
1.36869353e+00
1.34295482e+00
1.38686203e+00
1.36793651e+00
1.39746032e+00
1.35960928e+00
1.34144078e+00
1.36793651e+00
1.36188034e+00
1.35885226e+00
1.35658120e+00
1.36566545e+00
1.37323565e+00
1.37096459e+00
1.36717949e+00
1.39821734e+00
1.32554335e+00
1.36566545e+00
1.37172161e+00
1.38459096e+00
1.37474969e+00
1.37323565e+00
1.38080586e+00
1.41184371e+00
1.37247863e+00
1.37323565e+00
1.38080586e+00
1.38610501e+00
1.37247863e+00
1.38307692e+00
1.38913309e+00
1.36793651e+00
1.34446886e+00
1.36415140e+00
1.39216117e+00
1.36188034e+00
1.40730159e+00
1.38610501e+00
1.38004884e+00
1.41562882e+00
1.37929182e+00
1.36717949e+00
1.37323565e+00
1.36490842e+00
1.38004884e+00
1.35885226e+00
1.37702076e+00
1.37550672e+00
1.39443223e+00
1.36339438e+00
1.35809524e+00
1.36793651e+00
1.31418803e+00
1.37474969e+00
1.35582418e+00
1.36566545e+00
1.37020757e+00
1.37929182e+00
1.38610501e+00
1.37550672e+00
1.37399267e+00
1.38761905e+00
1.37853480e+00
1.38004884e+00
1.35582418e+00
1.38307692e+00
1.36793651e+00
1.38459096e+00
1.37172161e+00
1.38913309e+00
1.38686203e+00
1.37247863e+00
1.37323565e+00
1.38231990e+00
1.36793651e+00
1.37626374e+00
1.37096459e+00
1.39064713e+00
1.37929182e+00
1.38307692e+00
1.39064713e+00
1.38459096e+00
1.37323565e+00
1.42622711e+00
1.36717949e+00
1.38004884e+00
1.35809524e+00
1.36642247e+00
1.35658120e+00
1.35809524e+00
1.31873016e+00
1.37247863e+00
1.36036630e+00
1.36945055e+00
1.37096459e+00
1.35582418e+00
1.38080586e+00
1.37096459e+00
1.35885226e+00
1.34371184e+00
1.35355311e+00
1.40730159e+00
1.36263736e+00
1.42244200e+00
1.36036630e+00
1.37550672e+00
1.35658120e+00
1.39064713e+00
1.37626374e+00
1.38610501e+00
1.36869353e+00
1.38459096e+00
1.38383394e+00
1.35658120e+00
1.35960928e+00
1.37096459e+00
1.37399267e+00
1.37777778e+00
1.36793651e+00
1.34673993e+00
1.37096459e+00
1.36036630e+00
1.41941392e+00
1.35203907e+00
1.37399267e+00
1.37626374e+00
1.35960928e+00
1.36566545e+00
1.35885226e+00
1.38004884e+00
1.36945055e+00
1.38231990e+00
1.34976801e+00
1.33008547e+00
1.35279609e+00
1.35885226e+00
1.37550672e+00
1.35279609e+00
1.37096459e+00
1.41184371e+00
1.38837607e+00
1.38004884e+00
1.38156288e+00
1.38307692e+00
1.39291819e+00
1.39897436e+00
1.36717949e+00
1.37853480e+00
1.42622711e+00
1.39518926e+00
1.42319902e+00
1.38610501e+00
1.35355311e+00
1.37550672e+00
1.37474969e+00
1.33916972e+00
1.35582418e+00
1.36566545e+00
1.38156288e+00
1.38156288e+00
1.36263736e+00
1.36642247e+00
1.37474969e+00
1.37020757e+00
1.38004884e+00
1.36869353e+00
1.37626374e+00
1.38004884e+00
1.38307692e+00
1.35582418e+00
1.36263736e+00
1.36415140e+00
1.36490842e+00
1.34068376e+00
1.37929182e+00
1.37172161e+00
1.37853480e+00
1.38156288e+00
1.37247863e+00
1.37702076e+00
1.36415140e+00
1.35128205e+00
1.38610501e+00
1.39518926e+00
1.37929182e+00
1.36566545e+00
1.37096459e+00
1.35279609e+00
1.36793651e+00
1.37626374e+00
1.37702076e+00
1.37550672e+00
1.37853480e+00
1.36642247e+00
1.38307692e+00
1.37626374e+00
1.36339438e+00
1.38610501e+00
1.37929182e+00
1.36869353e+00
1.42925519e+00
1.37020757e+00
1.38004884e+00
1.38080586e+00
1.37474969e+00
1.35582418e+00
1.39594628e+00
1.37702076e+00
1.38004884e+00
1.35809524e+00
1.37096459e+00
1.36490842e+00
1.35960928e+00
1.37399267e+00
1.36642247e+00
1.35506716e+00
1.37020757e+00
1.39367521e+00
1.33689866e+00
1.35885226e+00
1.42319902e+00
1.38610501e+00
1.38004884e+00
1.37929182e+00
1.38231990e+00
1.36717949e+00
1.38080586e+00
1.38004884e+00
1.37550672e+00
1.39140415e+00
1.36717949e+00
1.37626374e+00
1.35809524e+00
1.36566545e+00
1.37096459e+00
1.36793651e+00
1.38610501e+00
1.38080586e+00
1.37626374e+00
1.38307692e+00
1.38231990e+00
1.37702076e+00
1.37096459e+00
1.38004884e+00
1.35885226e+00
1.36490842e+00
1.36793651e+00
1.37474969e+00
1.39670330e+00
1.38004884e+00
1.33916972e+00
1.37247863e+00
1.35355311e+00
1.32554335e+00
1.33689866e+00
1.38989011e+00
1.34673993e+00
1.35658120e+00
1.37550672e+00
1.37626374e+00
1.37020757e+00
1.37172161e+00
1.37702076e+00
1.37550672e+00
1.39594628e+00
1.38080586e+00
1.36566545e+00
1.38686203e+00
1.38156288e+00
1.38080586e+00
1.42319902e+00
1.37399267e+00
1.38610501e+00
1.37172161e+00
1.36717949e+00
1.36869353e+00
1.37626374e+00
1.37550672e+00
1.38080586e+00
1.37020757e+00
1.42547009e+00
1.39216117e+00
1.40957265e+00
1.35582418e+00
1.35885226e+00
1.37096459e+00
1.36717949e+00
1.36793651e+00
1.36793651e+00
1.34068376e+00
1.36415140e+00
1.37096459e+00
1.35885226e+00
1.37172161e+00
1.35960928e+00
1.37474969e+00
1.36112332e+00
1.37020757e+00
1.38459096e+00
1.36717949e+00
1.39140415e+00
1.39367521e+00
1.40124542e+00
1.38837607e+00
1.36945055e+00
1.35203907e+00
1.37626374e+00
1.37172161e+00
1.38913309e+00
1.37853480e+00
1.37323565e+00
1.36869353e+00
1.38307692e+00
1.38156288e+00
1.36945055e+00
1.38307692e+00
1.38004884e+00
1.42017094e+00
1.37096459e+00
1.39594628e+00
1.38307692e+00
1.36188034e+00
1.42017094e+00
1.35658120e+00
1.37702076e+00
1.36188034e+00
1.37702076e+00
1.34219780e+00
1.35658120e+00
1.35431013e+00
1.36869353e+00
1.36188034e+00
1.32554335e+00
1.34901099e+00
1.37550672e+00
1.36490842e+00
1.36339438e+00
1.36263736e+00
1.32402930e+00
1.37247863e+00
1.38004884e+00
1.36188034e+00
1.37626374e+00
1.37626374e+00
1.37702076e+00
1.37929182e+00
1.37550672e+00
1.37474969e+00
1.42698413e+00
1.39367521e+00
1.37323565e+00
1.37929182e+00
1.36188034e+00
1.37550672e+00
1.34825397e+00
1.37247863e+00
1.38459096e+00
1.37853480e+00
1.38610501e+00
1.37702076e+00
1.37474969e+00
1.37399267e+00
1.36566545e+00
1.37323565e+00
1.41032967e+00
1.34901099e+00
1.37929182e+00
1.35960928e+00
1.38307692e+00
1.37399267e+00
1.37474969e+00
1.37853480e+00
1.36793651e+00
1.36869353e+00
1.37853480e+00
1.38686203e+00
1.37020757e+00
1.35809524e+00
1.35658120e+00
1.39140415e+00
1.38459096e+00
1.38686203e+00
1.35885226e+00
1.37853480e+00
1.36263736e+00
1.36112332e+00
1.39216117e+00
1.37550672e+00
1.36793651e+00
1.37096459e+00
1.39670330e+00
1.37020757e+00
1.38837607e+00
1.38231990e+00
1.38383394e+00
1.38004884e+00
1.38080586e+00
1.34976801e+00
1.37247863e+00
1.43985348e+00
1.35960928e+00
1.37020757e+00
1.39670330e+00
1.38459096e+00
1.36793651e+00
1.37626374e+00
1.39897436e+00
1.36869353e+00
1.38004884e+00
1.36112332e+00
1.37474969e+00
1.37323565e+00
1.37247863e+00
1.33387057e+00
1.35052503e+00
1.36869353e+00
1.38231990e+00
1.37172161e+00
1.36717949e+00
1.36188034e+00
1.37626374e+00
1.37853480e+00
1.37399267e+00
1.37777778e+00
1.37702076e+00
1.37020757e+00
1.37702076e+00
1.38080586e+00
1.36188034e+00
1.38156288e+00
1.40200244e+00
1.38610501e+00
1.37096459e+00
1.40805861e+00
1.37626374e+00
1.43001221e+00
1.37474969e+00
1.37853480e+00
1.36642247e+00
1.36717949e+00
1.39216117e+00
1.37550672e+00
1.38004884e+00
1.37929182e+00
1.36112332e+00
1.38383394e+00
1.39064713e+00
1.37096459e+00
1.38004884e+00
1.36490842e+00
1.36869353e+00
1.36490842e+00
1.39140415e+00
1.36339438e+00
1.38534799e+00
1.38837607e+00
1.37702076e+00
1.36112332e+00
1.38231990e+00
1.37702076e+00
1.36642247e+00
1.38231990e+00
1.39216117e+00
1.38080586e+00
1.39216117e+00
1.36717949e+00
1.33311355e+00
1.37096459e+00
1.34371184e+00
1.36869353e+00
1.37020757e+00
1.36339438e+00
1.38459096e+00
1.37323565e+00
1.37702076e+00
1.37020757e+00
1.38080586e+00
1.38231990e+00
1.38080586e+00
1.37702076e+00
1.36793651e+00
1.38383394e+00
1.36566545e+00
1.39291819e+00
1.36566545e+00
1.37172161e+00
1.39367521e+00
1.34144078e+00
1.38080586e+00
1.36339438e+00
1.37399267e+00
1.35809524e+00
1.37323565e+00
1.36793651e+00
1.36793651e+00
1.35658120e+00
1.35885226e+00
1.36793651e+00
1.39216117e+00
1.34371184e+00
1.35582418e+00
1.36263736e+00
1.37020757e+00
1.37172161e+00
1.38610501e+00
1.39518926e+00
1.37096459e+00
1.36415140e+00
1.36339438e+00
1.38610501e+00
1.37702076e+00
1.36869353e+00
1.38156288e+00
1.37020757e+00
1.37172161e+00
1.35279609e+00
1.36717949e+00
1.35733822e+00
1.34068376e+00
1.39897436e+00
1.43682540e+00
1.38459096e+00
1.37626374e+00
1.38610501e+00
1.37020757e+00
1.36566545e+00
1.38156288e+00
1.35658120e+00
1.38307692e+00
1.37323565e+00
1.37172161e+00
1.37626374e+00
1.37172161e+00
1.37929182e+00
1.32478632e+00
1.38913309e+00
1.36490842e+00
1.37323565e+00
1.33235653e+00
1.40124542e+00
1.38004884e+00
1.36263736e+00
1.39140415e+00
1.38459096e+00
1.38307692e+00
1.37474969e+00
1.39443223e+00
1.38080586e+00
1.34673993e+00
1.35809524e+00
1.38004884e+00
1.36642247e+00
1.36793651e+00
1.38459096e+00
1.42244200e+00
1.37172161e+00
1.38307692e+00
1.36566545e+00
1.38156288e+00
1.38080586e+00
1.38383394e+00
1.36490842e+00
1.34976801e+00
1.37399267e+00
1.36112332e+00
1.36415140e+00
1.39064713e+00
1.35960928e+00
1.36490842e+00
1.41789988e+00
1.35658120e+00
1.33311355e+00
1.35582418e+00
1.35203907e+00
1.36793651e+00
1.36566545e+00
1.36566545e+00
1.36263736e+00
1.35355311e+00
1.35582418e+00
1.36263736e+00
1.36490842e+00
1.40578755e+00
1.36036630e+00
1.39140415e+00
1.38837607e+00
1.37172161e+00
1.42092796e+00
1.35128205e+00
1.37626374e+00
1.39897436e+00
1.38004884e+00
1.37172161e+00
1.37702076e+00
1.37550672e+00
1.37626374e+00
1.36112332e+00
1.37172161e+00
1.34976801e+00
1.40351648e+00
1.37702076e+00
1.41487179e+00
1.38383394e+00
1.36869353e+00
1.35355311e+00
1.37172161e+00
1.37853480e+00
1.39670330e+00
1.36793651e+00
1.38307692e+00
1.37399267e+00
1.36415140e+00
1.38231990e+00
1.36263736e+00
1.32251526e+00
1.37247863e+00
1.39140415e+00
1.36415140e+00
1.40503053e+00
1.36490842e+00
1.36490842e+00
1.38004884e+00
1.37929182e+00
1.36717949e+00
1.37172161e+00
1.36263736e+00
1.36793651e+00
1.37550672e+00
1.37777778e+00
1.38080586e+00
1.39367521e+00
1.36793651e+00
1.37096459e+00
1.38307692e+00
1.40654457e+00
1.37777778e+00
1.39746032e+00
1.36717949e+00
1.39216117e+00
1.37247863e+00
1.35809524e+00
1.36490842e+00
1.36642247e+00
1.37020757e+00
1.36566545e+00
1.34673993e+00
1.38080586e+00
1.37096459e+00
1.37702076e+00
1.35279609e+00
1.35203907e+00
1.34825397e+00
1.36490842e+00
1.35582418e+00
1.36717949e+00
1.46407814e+00
1.35733822e+00
1.36566545e+00
1.37550672e+00
1.37172161e+00
1.35355311e+00
1.37172161e+00
1.38080586e+00
1.37247863e+00
1.41184371e+00
1.36642247e+00
1.42471306e+00
1.36188034e+00
1.36339438e+00
1.39518926e+00
1.38080586e+00
1.38837607e+00
1.38989011e+00
1.36490842e+00
1.37399267e+00
1.38459096e+00
1.38004884e+00
1.37474969e+00
1.37702076e+00
1.38080586e+00
1.35809524e+00
1.38231990e+00
1.35960928e+00
1.37626374e+00
1.37247863e+00
1.38156288e+00
1.36490842e+00
1.40048840e+00
1.37172161e+00
1.39594628e+00
1.37702076e+00
1.37247863e+00
1.35809524e+00
1.37247863e+00
1.37929182e+00
1.35960928e+00
1.37550672e+00
1.40578755e+00
1.40578755e+00
1.36793651e+00
1.38156288e+00
1.37777778e+00
1.38686203e+00
1.40048840e+00
1.36869353e+00
1.31343101e+00
1.37399267e+00
1.37323565e+00
1.37096459e+00
1.37853480e+00
1.38231990e+00
1.38989011e+00
1.37096459e+00
1.38004884e+00
1.36566545e+00
1.36717949e+00
1.33462759e+00
1.37323565e+00
1.36490842e+00
1.38837607e+00
1.37323565e+00
1.35582418e+00
1.36717949e+00
1.36263736e+00
1.37853480e+00
1.36490842e+00
1.38156288e+00
1.38307692e+00
1.38761905e+00
1.36869353e+00
1.36945055e+00
1.39367521e+00
1.35809524e+00
1.37399267e+00
1.36793651e+00
1.36036630e+00
1.34068376e+00
1.35279609e+00
1.38307692e+00
1.37474969e+00
1.37172161e+00
1.35960928e+00
1.37702076e+00
1.37247863e+00
1.37096459e+00
1.36036630e+00
1.38837607e+00
1.37626374e+00
1.38534799e+00
1.38156288e+00
1.37702076e+00
1.40351648e+00
1.37247863e+00
1.37474969e+00
1.36945055e+00
1.40427350e+00
1.37777778e+00
1.36793651e+00
1.36793651e+00
1.39064713e+00
1.37474969e+00
1.37247863e+00
1.38913309e+00
1.37399267e+00
1.37399267e+00
1.36112332e+00
1.37702076e+00
1.38534799e+00
1.37172161e+00
1.37929182e+00
1.41335775e+00
1.38307692e+00
1.41184371e+00
1.39746032e+00
1.36415140e+00
1.37702076e+00
1.36945055e+00
1.37172161e+00
1.36717949e+00
1.37096459e+00
1.40427350e+00
1.39821734e+00
1.36566545e+00
1.38307692e+00
1.38383394e+00
1.36793651e+00
1.40805861e+00
1.38080586e+00
1.38004884e+00
1.37323565e+00
1.35279609e+00
1.38534799e+00
1.37020757e+00
1.38231990e+00
1.37323565e+00
1.37096459e+00
1.38080586e+00
1.37929182e+00
1.37702076e+00
1.41638584e+00
1.41411477e+00
1.40200244e+00
1.35658120e+00
1.38610501e+00
1.33462759e+00
1.38761905e+00
1.34598291e+00
1.38080586e+00
1.38307692e+00
1.37399267e+00
1.36945055e+00
1.36112332e+00
1.37853480e+00
1.35582418e+00
1.37399267e+00
1.35431013e+00
1.36036630e+00
1.36869353e+00
1.36793651e+00
1.35582418e+00
1.41032967e+00
1.36036630e+00
1.35203907e+00
1.36415140e+00
1.37626374e+00
1.36566545e+00
1.36869353e+00
1.37399267e+00
1.39140415e+00
1.35355311e+00
1.36112332e+00
1.39518926e+00
1.35582418e+00
1.33765568e+00
1.37853480e+00
1.40275946e+00
1.37853480e+00
1.37929182e+00
1.37702076e+00
1.35355311e+00
1.38307692e+00
1.39670330e+00
1.36793651e+00
1.37929182e+00
1.38383394e+00
1.37096459e+00
1.37247863e+00
1.38231990e+00
1.36188034e+00
1.37096459e+00
1.36945055e+00
1.37702076e+00
1.36263736e+00
1.39670330e+00
1.37777778e+00
1.35960928e+00
1.38459096e+00
1.36642247e+00
1.35809524e+00
1.37474969e+00
1.35960928e+00
1.36490842e+00
1.37323565e+00
1.36566545e+00
1.38534799e+00
1.38686203e+00
1.41714286e+00
1.39594628e+00
1.37550672e+00
1.38307692e+00
1.37853480e+00
1.36793651e+00
1.37096459e+00
1.37323565e+00
1.36566545e+00
1.36793651e+00
1.35279609e+00
1.36793651e+00
1.38080586e+00
1.37247863e+00
1.36490842e+00
1.34598291e+00
1.38686203e+00
1.35960928e+00
1.36415140e+00
1.37096459e+00
1.35052503e+00
1.37853480e+00
1.38534799e+00
1.38383394e+00
1.35582418e+00
1.37702076e+00
1.36793651e+00
1.37172161e+00
1.37626374e+00
1.35279609e+00
1.35960928e+00
1.36642247e+00
1.37096459e+00
1.40200244e+00
1.34068376e+00
1.37020757e+00
1.37020757e+00
1.36112332e+00
1.39897436e+00
1.38837607e+00
1.38383394e+00
1.37399267e+00
1.37096459e+00
1.36263736e+00
1.37474969e+00
1.32327228e+00
1.37172161e+00
1.38004884e+00
1.39594628e+00
1.41335775e+00
1.38231990e+00
1.36188034e+00
1.37626374e+00
1.32251526e+00
1.37096459e+00
1.37096459e+00
1.40881563e+00
1.38080586e+00
1.37626374e+00
1.36717949e+00
1.37929182e+00
1.36263736e+00
1.37626374e+00
1.37929182e+00
1.38913309e+00
1.38913309e+00
1.36793651e+00
1.36036630e+00
1.32932845e+00
1.38534799e+00
1.32554335e+00
1.36566545e+00
1.37702076e+00
1.35582418e+00
1.37096459e+00
1.37626374e+00
1.38459096e+00
1.38231990e+00
1.37096459e+00
1.37853480e+00
1.35582418e+00
1.37247863e+00
1.36566545e+00
1.35355311e+00
1.36945055e+00
1.37853480e+00
1.39216117e+00
1.37399267e+00
1.38156288e+00
1.38913309e+00
1.37702076e+00
1.38383394e+00
1.36793651e+00
1.38231990e+00
1.37247863e+00
1.37626374e+00
1.36717949e+00
1.38913309e+00
1.37929182e+00
1.40048840e+00
1.38989011e+00
1.38156288e+00
1.37096459e+00
1.36945055e+00
1.37777778e+00
1.32630037e+00
1.38610501e+00
1.36036630e+00
1.35582418e+00
1.36717949e+00
1.36793651e+00
1.35885226e+00
1.36566545e+00
1.36112332e+00
1.35733822e+00
1.35885226e+00
1.25286935e+00
1.31418803e+00
1.35279609e+00
1.38080586e+00
1.36415140e+00
1.37929182e+00
1.36717949e+00
1.37929182e+00
1.36112332e+00
1.38459096e+00
1.37096459e+00
1.37929182e+00
1.37474969e+00
1.37777778e+00
1.38610501e+00
1.36642247e+00
1.39821734e+00
1.34522589e+00
1.42622711e+00
1.36566545e+00
1.35582418e+00
1.38307692e+00
1.38383394e+00
1.39518926e+00
1.38307692e+00
1.36869353e+00
1.36717949e+00
1.38459096e+00
1.37550672e+00
1.36339438e+00
1.36642247e+00
1.37626374e+00
1.38080586e+00
1.35733822e+00
1.37777778e+00
1.36566545e+00
1.36566545e+00
1.35506716e+00
1.36490842e+00
1.39821734e+00
1.34446886e+00
1.38231990e+00
1.36717949e+00
1.37399267e+00
1.38231990e+00
1.37702076e+00
1.36869353e+00
1.37626374e+00
1.36945055e+00
1.38307692e+00
1.40881563e+00
1.41941392e+00
1.36188034e+00
1.37626374e+00
1.34976801e+00
1.38913309e+00
1.35506716e+00
1.37474969e+00
1.37247863e+00
1.38459096e+00
1.38156288e+00
1.36339438e+00
1.36793651e+00
1.38307692e+00
1.38383394e+00
1.40427350e+00
1.39897436e+00
1.34901099e+00
1.37853480e+00
1.35658120e+00
1.36188034e+00
1.37777778e+00
1.38156288e+00
1.35203907e+00
1.36112332e+00
1.36945055e+00
1.35582418e+00
1.36188034e+00
1.35733822e+00
1.36490842e+00
1.36263736e+00
1.36793651e+00
1.33235653e+00
1.33765568e+00
1.37626374e+00
1.37096459e+00
1.39216117e+00
1.37702076e+00
1.38156288e+00
1.36566545e+00
1.41335775e+00
1.36869353e+00
1.38004884e+00
1.38534799e+00
1.37702076e+00
1.36717949e+00
1.39291819e+00
1.38610501e+00
1.36188034e+00
1.37096459e+00
1.35052503e+00
1.37247863e+00
1.39746032e+00
1.37096459e+00
1.32478632e+00
1.37702076e+00
1.38534799e+00
1.39518926e+00
1.38004884e+00
1.37399267e+00
1.37550672e+00
1.37399267e+00
1.36793651e+00
1.37474969e+00
1.36793651e+00
1.37474969e+00
1.35809524e+00
1.36793651e+00
1.34673993e+00
1.39443223e+00
1.36793651e+00
1.37777778e+00
1.35431013e+00
1.37172161e+00
1.38610501e+00
1.37247863e+00
1.36490842e+00
1.37172161e+00
1.36793651e+00
1.37172161e+00
1.36112332e+00
1.39897436e+00
1.38004884e+00
1.37172161e+00
1.37020757e+00
1.36188034e+00
1.37853480e+00
1.27633700e+00
1.37474969e+00
1.36112332e+00
1.37626374e+00
1.37399267e+00
1.36566545e+00
1.36793651e+00
1.36490842e+00
1.37702076e+00
1.38080586e+00
1.37399267e+00
1.36415140e+00
1.41032967e+00
1.35582418e+00
1.36717949e+00
1.36339438e+00
1.35355311e+00
1.36566545e+00
1.36415140e+00
1.36945055e+00
1.36339438e+00
1.35960928e+00
1.37096459e+00
1.36566545e+00
1.36642247e+00
1.36415140e+00
1.35203907e+00
1.35885226e+00
1.37020757e+00
1.35355311e+00
1.38837607e+00
1.39064713e+00
1.36490842e+00
1.38231990e+00
1.38156288e+00
1.38913309e+00
1.38534799e+00
1.36793651e+00
1.37929182e+00
1.38837607e+00
1.37474969e+00
1.37474969e+00
1.35431013e+00
1.37929182e+00
1.37702076e+00
1.41108669e+00
1.38913309e+00
1.37929182e+00
1.39216117e+00
1.37474969e+00
1.36793651e+00
1.38307692e+00
1.37929182e+00
1.37020757e+00
1.37172161e+00
1.36642247e+00
1.36945055e+00
1.37929182e+00
1.38004884e+00
1.35506716e+00
1.36566545e+00
1.36793651e+00
1.38913309e+00
1.39973138e+00
1.37929182e+00
1.35733822e+00
1.37096459e+00
1.36263736e+00
1.35885226e+00
1.37550672e+00
1.35279609e+00
1.37323565e+00
1.36945055e+00
1.37777778e+00
1.37247863e+00
1.38534799e+00
1.38837607e+00
1.40578755e+00
1.37474969e+00
1.40351648e+00
1.37020757e+00
1.37853480e+00
1.37929182e+00
1.37096459e+00
1.39291819e+00
1.38080586e+00
1.37323565e+00
1.38080586e+00
1.37020757e+00
1.37550672e+00
1.37172161e+00
1.38307692e+00
1.36945055e+00
1.38307692e+00
1.35431013e+00
1.40275946e+00
1.35203907e+00
1.38913309e+00
1.38610501e+00
1.38837607e+00
1.37626374e+00
1.37172161e+00
1.37323565e+00
1.35203907e+00
1.37172161e+00
1.36415140e+00
1.35885226e+00
1.31494505e+00
1.35582418e+00
1.37702076e+00
1.38307692e+00
1.34219780e+00
1.37172161e+00
1.38080586e+00
1.38837607e+00
1.35885226e+00
1.36112332e+00
1.27179487e+00
1.40200244e+00
1.38383394e+00
1.37777778e+00
1.33916972e+00
1.38459096e+00
1.40427350e+00
1.37096459e+00
1.40124542e+00
1.37399267e+00
1.39973138e+00
1.37399267e+00
1.38610501e+00
1.36490842e+00
1.37399267e+00
1.36339438e+00
1.35506716e+00
1.40730159e+00
1.35582418e+00
1.36793651e+00
1.39216117e+00
1.35885226e+00
1.35658120e+00
1.37323565e+00
1.37777778e+00
1.38459096e+00
1.36263736e+00
1.36945055e+00
1.35658120e+00
1.36793651e+00
1.39140415e+00
1.32251526e+00
1.42547009e+00
1.34749695e+00
1.36112332e+00
1.38837607e+00
1.37399267e+00
1.37777778e+00
1.37929182e+00
1.37777778e+00
1.38307692e+00
1.37172161e+00
1.38307692e+00
1.36717949e+00
1.37626374e+00
1.38307692e+00
1.38231990e+00
1.37247863e+00
1.36188034e+00
1.38459096e+00
1.38837607e+00
1.36112332e+00
1.37399267e+00
1.36566545e+00
1.36263736e+00
1.37626374e+00
1.37550672e+00
1.37853480e+00
1.36415140e+00
1.37096459e+00
1.37474969e+00
1.35431013e+00
1.34068376e+00
1.35279609e+00
1.36642247e+00
1.36263736e+00
1.37853480e+00
1.36188034e+00
1.35128205e+00
1.34371184e+00
1.38004884e+00
1.35658120e+00
1.37020757e+00
1.37020757e+00
1.37777778e+00
1.37702076e+00
1.38004884e+00
1.35809524e+00
1.40881563e+00
1.38383394e+00
1.37626374e+00
1.37247863e+00
1.42774115e+00
1.37702076e+00
1.42395604e+00
1.36717949e+00
1.41941392e+00
1.38231990e+00
1.38156288e+00
1.38761905e+00
1.38231990e+00
1.37020757e+00
1.38307692e+00
1.36793651e+00
1.37929182e+00
1.39518926e+00
1.38610501e+00
1.35128205e+00
1.35809524e+00
1.36415140e+00
1.38156288e+00
1.38913309e+00
1.39064713e+00
1.36869353e+00
1.36263736e+00
1.34144078e+00
1.37853480e+00
1.37323565e+00
1.35279609e+00
1.36490842e+00
1.37626374e+00
1.35052503e+00
1.35355311e+00
1.36490842e+00
1.37247863e+00
1.37096459e+00
1.37550672e+00
1.36566545e+00
1.35885226e+00
1.36869353e+00
1.36566545e+00
1.39064713e+00
1.38459096e+00
1.36793651e+00
1.37777778e+00
1.37020757e+00
1.36945055e+00
1.38156288e+00
1.37702076e+00
1.38156288e+00
1.41184371e+00
1.39064713e+00
1.36945055e+00
1.35809524e+00
1.36717949e+00
1.34976801e+00
1.37702076e+00
1.38837607e+00
1.38534799e+00
1.36869353e+00
1.38231990e+00
1.36793651e+00
1.35279609e+00
1.39443223e+00
1.34068376e+00
1.36490842e+00
1.34673993e+00
1.34295482e+00
1.35431013e+00
1.34673993e+00
1.38534799e+00
1.35582418e+00
1.34446886e+00
1.36490842e+00
1.36490842e+00
1.37247863e+00
1.37172161e+00
1.37399267e+00
1.37853480e+00
1.39518926e+00
1.37020757e+00
1.38307692e+00
1.35052503e+00
1.38080586e+00
1.42092796e+00
1.37702076e+00
1.38231990e+00
1.36415140e+00
1.40427350e+00
1.37323565e+00
1.38837607e+00
1.37399267e+00
1.37853480e+00
1.39367521e+00
1.36717949e+00
1.37626374e+00
1.37247863e+00
1.37929182e+00
1.38004884e+00
1.37853480e+00
1.37550672e+00
1.38913309e+00
1.40427350e+00
1.37929182e+00
1.38307692e+00
1.35733822e+00
1.36415140e+00
1.37020757e+00
1.37399267e+00
1.36415140e+00
1.37020757e+00
1.36112332e+00
1.35203907e+00
1.39746032e+00
1.38080586e+00
1.38383394e+00
1.35885226e+00
1.37929182e+00
1.35355311e+00
1.37020757e+00
1.35658120e+00
1.35128205e+00
1.39367521e+00
1.38231990e+00
1.37172161e+00
1.38761905e+00
1.38913309e+00
1.37626374e+00
1.38761905e+00
1.35203907e+00
1.37626374e+00
1.36263736e+00
1.36793651e+00
1.37096459e+00
1.40805861e+00
1.37399267e+00
1.35582418e+00
1.36339438e+00
1.37020757e+00
1.34598291e+00
1.36188034e+00
1.39216117e+00
1.37172161e+00
1.37323565e+00
1.36263736e+00
1.37474969e+00
1.36793651e+00
1.40048840e+00
1.39594628e+00
1.36869353e+00
1.36112332e+00
1.36415140e+00
1.37853480e+00
1.35203907e+00
1.36490842e+00
1.38837607e+00
1.37399267e+00
1.38156288e+00
1.33084249e+00
1.37020757e+00
1.38004884e+00
1.38459096e+00
1.38004884e+00
1.37096459e+00
1.35052503e+00
1.36490842e+00
1.32478632e+00
1.35279609e+00
1.36869353e+00
1.36717949e+00
1.37777778e+00
1.38004884e+00
1.37777778e+00
1.38459096e+00
1.38383394e+00
1.38989011e+00
1.37626374e+00
1.38231990e+00
1.37702076e+00
1.37853480e+00
1.38837607e+00
1.35885226e+00
1.41638584e+00
1.38610501e+00
1.34673993e+00
1.32932845e+00
1.36869353e+00
1.37172161e+00
1.34295482e+00
1.35279609e+00
1.37247863e+00
1.38080586e+00
1.35885226e+00
1.37626374e+00
1.36869353e+00
1.36642247e+00
1.36339438e+00
1.38989011e+00
1.37172161e+00
1.38610501e+00
1.40881563e+00
1.35733822e+00
1.35582418e+00
1.35128205e+00
1.35582418e+00
1.37399267e+00
1.39670330e+00
1.37323565e+00
1.37929182e+00
1.37096459e+00
1.37929182e+00
1.36490842e+00
1.36566545e+00
1.37474969e+00
1.37096459e+00
1.39821734e+00
1.40275946e+00
1.40200244e+00
1.36188034e+00
1.38004884e+00
1.41032967e+00
1.37929182e+00
1.38610501e+00
1.37172161e+00
1.38004884e+00
1.38761905e+00
1.37399267e+00
1.35960928e+00
1.36036630e+00
1.37777778e+00
1.37323565e+00
1.38307692e+00
1.34825397e+00
1.40200244e+00
1.36415140e+00
1.39064713e+00
1.37399267e+00
1.38004884e+00
1.36263736e+00
1.37020757e+00
1.37020757e+00
1.37929182e+00
1.37777778e+00
1.38231990e+00
1.39291819e+00
1.37929182e+00
1.38004884e+00
1.36490842e+00
1.35355311e+00
1.43076923e+00
1.38156288e+00
1.36263736e+00
1.37626374e+00
1.37929182e+00
1.36793651e+00
1.37247863e+00
1.38156288e+00
1.38080586e+00
1.38307692e+00
1.36642247e+00
1.38686203e+00
1.36945055e+00
1.38231990e+00
1.37247863e+00
1.40881563e+00
1.36945055e+00
1.35052503e+00
1.37096459e+00
1.36869353e+00
1.33159951e+00
1.40427350e+00
1.39897436e+00
1.37626374e+00
1.36717949e+00
1.38156288e+00
1.36566545e+00
1.36566545e+00
1.37777778e+00
1.37020757e+00
1.37247863e+00
1.36566545e+00
1.36490842e+00
1.37853480e+00
1.38913309e+00
1.38004884e+00
1.38610501e+00
1.37550672e+00
1.32554335e+00
1.38231990e+00
1.37626374e+00
1.36490842e+00
1.38913309e+00
1.39140415e+00
1.38307692e+00
1.38231990e+00
1.36490842e+00
1.36793651e+00
1.39064713e+00
1.36263736e+00
1.40881563e+00
1.36263736e+00
1.38610501e+00
1.38080586e+00
1.27633700e+00
1.36566545e+00
1.41941392e+00
1.34901099e+00
1.37096459e+00
1.37323565e+00
1.37247863e+00
1.36717949e+00
1.36263736e+00
1.36112332e+00
1.35355311e+00
1.36490842e+00
1.38837607e+00
1.37399267e+00
1.38686203e+00
1.38534799e+00
1.41335775e+00
1.37550672e+00
1.35960928e+00
1.40578755e+00
1.37626374e+00
1.37247863e+00
1.37702076e+00
1.38761905e+00
1.37323565e+00
1.40730159e+00
1.39594628e+00
1.34673993e+00
1.37323565e+00
1.40351648e+00
1.37096459e+00
1.33159951e+00
1.39216117e+00
1.38686203e+00
1.34446886e+00
1.36036630e+00
1.36945055e+00
1.38231990e+00
1.34901099e+00
1.36566545e+00
1.36717949e+00
1.37777778e+00
1.36415140e+00
1.36793651e+00
1.36263736e+00
1.34371184e+00
1.35203907e+00
1.37702076e+00
1.33538462e+00
1.36566545e+00
1.33008547e+00
1.36717949e+00
1.35128205e+00
1.38534799e+00
1.37626374e+00
1.35431013e+00
1.36339438e+00
1.37247863e+00
1.38231990e+00
1.36793651e+00
1.36869353e+00
1.36869353e+00
1.38383394e+00
1.37626374e+00
1.38989011e+00
1.36036630e+00
1.37172161e+00
1.35506716e+00
1.34825397e+00
1.36566545e+00
1.39670330e+00
1.37702076e+00
1.37399267e+00
1.37777778e+00
1.36490842e+00
1.37929182e+00
1.39518926e+00
1.39064713e+00
1.36036630e+00
1.37399267e+00
1.35279609e+00
1.39973138e+00
1.37853480e+00
1.37929182e+00
1.35279609e+00
1.34749695e+00
1.39746032e+00
1.35355311e+00
1.35809524e+00
1.39216117e+00
1.37323565e+00
1.34219780e+00
1.35658120e+00
1.39518926e+00
1.35809524e+00
1.38004884e+00
1.35885226e+00
1.37929182e+00
1.42168498e+00
1.38004884e+00
1.37474969e+00
1.30586081e+00
1.35431013e+00
1.37247863e+00
1.38156288e+00
1.37626374e+00
1.37777778e+00
1.37172161e+00
1.38989011e+00
1.38307692e+00
1.37550672e+00
1.35431013e+00
1.34749695e+00
1.36263736e+00
1.38459096e+00
1.38989011e+00
1.42244200e+00
1.38913309e+00
1.37702076e+00
1.36717949e+00
1.35582418e+00
1.37853480e+00
1.37474969e+00
1.37399267e+00
1.36415140e+00
1.37172161e+00
1.36717949e+00
1.34976801e+00
1.37474969e+00
1.37702076e+00
1.36490842e+00
1.37096459e+00
1.37323565e+00
1.35203907e+00
1.37853480e+00
1.35506716e+00
1.37777778e+00
1.36945055e+00
1.37172161e+00
1.37929182e+00
1.36415140e+00
1.33916972e+00
1.35355311e+00
1.36717949e+00
1.37702076e+00
1.35582418e+00
1.37853480e+00
1.37020757e+00
1.40275946e+00
1.35885226e+00
1.35809524e+00
1.38004884e+00
1.37550672e+00
1.37399267e+00
1.36263736e+00
1.36945055e+00
1.37853480e+00
1.38231990e+00
1.37096459e+00
1.37096459e+00
1.39367521e+00
1.35960928e+00
1.37247863e+00
1.39291819e+00
1.35658120e+00
1.36793651e+00
1.38004884e+00
1.36188034e+00
1.35582418e+00
1.35052503e+00
1.36112332e+00
1.36036630e+00
1.36793651e+00
1.36036630e+00
1.37020757e+00
1.38307692e+00
1.37247863e+00
1.41260073e+00
1.39518926e+00
1.36566545e+00
1.42925519e+00
1.37626374e+00
1.40048840e+00
1.37323565e+00
1.38004884e+00
1.41260073e+00
1.39291819e+00
1.36869353e+00
1.37777778e+00
1.38383394e+00
1.36566545e+00
1.39443223e+00
1.38156288e+00
1.35960928e+00
1.35431013e+00
1.37172161e+00
1.38004884e+00
1.36717949e+00
1.37399267e+00
1.36717949e+00
1.39443223e+00
1.37096459e+00
1.36263736e+00
1.39518926e+00
1.36188034e+00
1.36415140e+00
1.36717949e+00
1.37096459e+00
1.36566545e+00
1.37096459e+00
1.35279609e+00
1.33538462e+00
1.36036630e+00
1.37626374e+00
1.36188034e+00
1.31570208e+00
1.37323565e+00
1.36263736e+00
1.37626374e+00
1.38307692e+00
1.36188034e+00
1.37096459e+00
1.37474969e+00
1.37853480e+00
1.36945055e+00
1.36490842e+00
1.37096459e+00
1.38004884e+00
1.38307692e+00
1.37474969e+00
1.38610501e+00
1.40124542e+00
1.39594628e+00
1.37399267e+00
1.37550672e+00
1.36415140e+00
1.36490842e+00
1.37247863e+00
1.38156288e+00
1.38004884e+00
1.36642247e+00
1.37399267e+00
1.37096459e+00
1.35506716e+00
1.37172161e+00
1.34598291e+00
1.35582418e+00
1.35431013e+00
1.35733822e+00
1.36566545e+00
1.33916972e+00
1.31570208e+00
1.36642247e+00
1.37702076e+00
1.37702076e+00
1.38686203e+00
1.36263736e+00
1.38080586e+00
1.36869353e+00
1.39443223e+00
1.36112332e+00
1.34749695e+00
1.37096459e+00
1.37020757e+00
1.37096459e+00
1.37777778e+00
1.40654457e+00
1.38989011e+00
1.35960928e+00
1.37702076e+00
1.38080586e+00
1.39291819e+00
1.36869353e+00
1.37702076e+00
1.37550672e+00
1.36793651e+00
1.37702076e+00
1.40200244e+00
1.38989011e+00
1.39443223e+00
1.36188034e+00
1.36188034e+00
1.34522589e+00
1.37323565e+00
1.37626374e+00
1.38837607e+00
1.35809524e+00
1.35809524e+00
1.36188034e+00
1.35582418e+00
1.36566545e+00
1.38231990e+00
1.35279609e+00
1.37247863e+00
1.35279609e+00
1.35582418e+00
1.34522589e+00
1.37929182e+00
1.37172161e+00
1.38761905e+00
1.39367521e+00
1.37096459e+00
1.40048840e+00
1.37777778e+00
1.38004884e+00
1.36415140e+00
1.37626374e+00
1.36793651e+00
1.37096459e+00
1.36188034e+00
1.37853480e+00
1.36112332e+00
1.35203907e+00
1.37777778e+00
1.37702076e+00
1.37323565e+00
1.39821734e+00
1.37096459e+00
1.37172161e+00
1.38156288e+00
1.37323565e+00
1.37020757e+00
1.35960928e+00
1.36793651e+00
1.36566545e+00
1.36490842e+00
1.35733822e+00
1.37550672e+00
1.35355311e+00
1.37702076e+00
1.36566545e+00
1.38686203e+00
1.36793651e+00
1.37702076e+00
1.36717949e+00
1.36642247e+00
1.38004884e+00
1.38989011e+00
1.37702076e+00
1.37702076e+00
1.38534799e+00
1.36642247e+00
1.38080586e+00
1.38761905e+00
1.36263736e+00
1.38534799e+00
1.38837607e+00
1.36717949e+00
1.37550672e+00
1.38610501e+00
1.37853480e+00
1.36793651e+00
1.41184371e+00
1.37172161e+00
1.39140415e+00
1.38989011e+00
1.38913309e+00
1.37702076e+00
1.38383394e+00
1.38610501e+00
1.35506716e+00
1.37323565e+00
1.37929182e+00
1.36869353e+00
1.35355311e+00
1.37247863e+00
1.36263736e+00
1.33689866e+00
1.35431013e+00
1.33008547e+00
1.35809524e+00
1.34371184e+00
1.38004884e+00
1.36112332e+00
1.36793651e+00
1.35506716e+00
1.36945055e+00
1.37777778e+00
1.37550672e+00
1.36869353e+00
1.37777778e+00
1.37626374e+00
1.40805861e+00
1.38156288e+00
1.38231990e+00
1.37247863e+00
1.35279609e+00
1.36945055e+00
1.37550672e+00
1.38459096e+00
1.37777778e+00
1.36945055e+00
1.39594628e+00
1.39064713e+00
1.37853480e+00
1.42395604e+00
1.38686203e+00
1.37702076e+00
1.37323565e+00
1.40730159e+00
1.38004884e+00
1.37096459e+00
1.37247863e+00
1.36566545e+00
1.37247863e+00
1.36415140e+00
1.36112332e+00
1.36490842e+00
1.35885226e+00
1.35431013e+00
1.36869353e+00
1.39291819e+00
1.38383394e+00
1.32932845e+00
1.32478632e+00
1.35355311e+00
1.36566545e+00
1.38610501e+00
1.36566545e+00
1.36642247e+00
1.38383394e+00
1.38610501e+00
1.36869353e+00
