1.10146520e+00
1.01970696e+00
1.02576313e+00
1.01365079e+00
1.00986569e+00
1.01970696e+00
1.02576313e+00
1.08783883e+00
1.00986569e+00
1.09919414e+00
1.50420024e+00
1.00835165e+00
1.55037851e+00
1.01894994e+00
1.55340659e+00
1.06664225e+00
1.59504274e+00
1.03181929e+00
1.47770452e+00
1.04090354e+00
1.47391941e+00
1.26573871e+00
1.97885226e+00
1.53145299e+00
1.94857143e+00
1.53296703e+00
1.85924298e+00
1.45726496e+00
2.00610501e+00
1.44515263e+00
1.51252747e+00
1.09313797e+00
1.55340659e+00
9.97753358e-01
1.12417582e+00
1.02122100e+00
1.04695971e+00
1.02879121e+00
1.04317460e+00
1.03181929e+00
1.02576313e+00
1.02197802e+00
1.00910867e+00
9.81855922e-01
1.04468864e+00
1.10449328e+00
1.01440781e+00
1.11206349e+00
1.05301587e+00
1.08026862e+00
1.06588523e+00
1.02122100e+00
1.03560440e+00
1.01062271e+00
1.03106227e+00
1.03409035e+00
1.06210012e+00
9.99267399e-01
1.03333333e+00
1.00305250e+00
1.12039072e+00
1.10979243e+00
1.49965812e+00
1.43379731e+00
1.43152625e+00
1.42092796e+00
1.50722833e+00
1.38837607e+00
1.38459096e+00
1.37626374e+00
1.06058608e+00
1.02349206e+00
1.05150183e+00
1.04695971e+00
1.07042735e+00
1.03560440e+00
1.16051282e+00
1.10070818e+00
9.91697192e-01
1.02954823e+00
1.03030525e+00
1.02652015e+00
1.12720391e+00
1.10146520e+00
1.03257631e+00
1.01592186e+00
1.04393162e+00
1.02879121e+00
1.02879121e+00
9.92454212e-01
9.92454212e-01
1.13326007e+00
1.02122100e+00
1.09313797e+00
1.04393162e+00
1.02576313e+00
1.06058608e+00
1.10676435e+00
1.08783883e+00
1.07194139e+00
1.08405372e+00
1.01970696e+00
1.38383394e+00
1.39291819e+00
1.39670330e+00
1.38913309e+00
1.43228327e+00
1.44742369e+00
1.46786325e+00
1.45499389e+00
1.42622711e+00
1.45347985e+00
1.12720391e+00
1.46029304e+00
1.02879121e+00
1.56249084e+00
1.03863248e+00
1.47164835e+00
1.01894994e+00
9.90940171e-01
1.01440781e+00
9.75042735e-01
1.05604396e+00
1.04393162e+00
1.06210012e+00
1.05301587e+00
9.89426129e-01
1.06285714e+00
1.04014652e+00
1.03333333e+00
1.05982906e+00
9.64444444e-01
9.91697192e-01
1.04695971e+00
9.85641026e-01
1.45877900e+00
9.73528694e-01
1.45045177e+00
9.83369963e-01
1.30131868e+00
1.00380952e+00
1.04468864e+00
1.23394383e+00
1.56249084e+00
1.44666667e+00
1.61926740e+00
1.48981685e+00
1.51404151e+00
1.40503053e+00
1.35052503e+00
1.34976801e+00
9.93211233e-01
9.93968254e-01
1.00683761e+00
9.68229548e-01
9.79584860e-01
9.34920635e-01
1.00456654e+00
9.17509158e-01
1.12947497e+00
9.31135531e-01
1.02727717e+00
1.00305250e+00
9.88669109e-01
1.05074481e+00
9.95482295e-01
1.05074481e+00
9.95482295e-01
9.84126984e-01
9.87912088e-01
1.00078144e+00
9.77313797e-01
9.59902320e-01
9.92454212e-01
1.02879121e+00
1.15445665e+00
9.75799756e-01
1.12947497e+00
9.64444444e-01
9.93968254e-01
1.06664225e+00
9.43247863e-01
9.79584860e-01
1.35431013e+00
1.35279609e+00
1.35128205e+00
1.35506716e+00
1.36642247e+00
1.30964591e+00
1.38686203e+00
1.41411477e+00
1.06512821e+00
9.76556777e-01
9.92454212e-01
1.03030525e+00
1.02122100e+00
9.56117216e-01
9.68986569e-01
1.04393162e+00
1.03938950e+00
9.77313797e-01
1.03030525e+00
1.06210012e+00
1.02652015e+00
1.01894994e+00
1.03106227e+00
1.03484737e+00
9.67472527e-01
1.04317460e+00
1.03409035e+00
1.21274725e+00
1.10827839e+00
1.08935287e+00
9.62173382e-01
1.08102564e+00
1.09465201e+00
1.47164835e+00
1.02046398e+00
1.45802198e+00
1.03787546e+00
1.47391941e+00
1.03106227e+00
1.44439560e+00
1.36869353e+00
1.86529915e+00
1.45802198e+00
2.05228327e+00
1.45802198e+00
1.85318681e+00
1.41562882e+00
1.87438339e+00
1.39518926e+00
1.62835165e+00
1.04393162e+00
1.49435897e+00
1.01440781e+00
1.47694750e+00
1.02652015e+00
1.45877900e+00
1.01819292e+00
1.40048840e+00
1.04771673e+00
1.01365079e+00
1.13401709e+00
1.17943834e+00
1.01365079e+00
9.11452991e-01
1.05604396e+00
1.16278388e+00
1.05452991e+00
1.06210012e+00
1.01365079e+00
1.05604396e+00
1.02576313e+00
1.02954823e+00
1.06512821e+00
1.05452991e+00
1.00002442e+00
1.04317460e+00
1.01667888e+00
1.08556777e+00
1.08026862e+00
1.09313797e+00
1.18927961e+00
1.39897436e+00
1.39897436e+00
1.29526252e+00
1.37096459e+00
1.39216117e+00
1.38761905e+00
1.46029304e+00
1.37020757e+00
1.03409035e+00
1.08026862e+00
1.02576313e+00
1.03863248e+00
1.05680098e+00
1.11357753e+00
1.05680098e+00
1.05528694e+00
1.03181929e+00
1.07421245e+00
1.06437118e+00
1.03257631e+00
1.00002442e+00
1.00456654e+00
1.00456654e+00
1.01062271e+00
1.01970696e+00
1.02197802e+00
1.09465201e+00
1.09465201e+00
1.09616606e+00
9.88669109e-01
1.03409035e+00
1.03181929e+00
9.60659341e-01
9.95482295e-01
1.07875458e+00
1.07951160e+00
1.04166056e+00
1.01592186e+00
1.00608059e+00
1.00683761e+00
1.30131868e+00
1.40427350e+00
1.39291819e+00
1.39518926e+00
1.50344322e+00
1.42547009e+00
1.48224664e+00
1.43379731e+00
1.43682540e+00
1.43304029e+00
1.35279609e+00
1.05074481e+00
1.09162393e+00
1.04695971e+00
1.02197802e+00
1.43606838e+00
1.00608059e+00
1.44969475e+00
1.00759463e+00
1.47013431e+00
9.55360195e-01
1.36793651e+00
9.92454212e-01
1.49360195e+00
9.31892552e-01
1.52463980e+00
1.06967033e+00
1.63819292e+00
1.04166056e+00
1.46407814e+00
9.99267399e-01
1.47467643e+00
1.02349206e+00
1.47013431e+00
1.00608059e+00
1.44666667e+00
1.04166056e+00
9.70500611e-01
1.06739927e+00
1.14007326e+00
1.21880342e+00
1.50268620e+00
1.40730159e+00
1.55492063e+00
1.38307692e+00
1.45953602e+00
1.33841270e+00
1.38080586e+00
1.35582418e+00
1.02500611e+00
1.01970696e+00
1.04695971e+00
1.02122100e+00
1.12341880e+00
1.09768010e+00
1.04847375e+00
1.09010989e+00
1.03030525e+00
1.10903541e+00
1.06512821e+00
1.04771673e+00
1.10752137e+00
1.11433455e+00
1.02424908e+00
1.03787546e+00
1.04014652e+00
1.03106227e+00
1.02349206e+00
1.01516484e+00
1.04923077e+00
1.10979243e+00
1.13326007e+00
1.05831502e+00
1.05074481e+00
1.07875458e+00
1.01516484e+00
1.04090354e+00
1.07421245e+00
1.04847375e+00
1.02500611e+00
1.03181929e+00
1.34673993e+00
1.39216117e+00
1.40351648e+00
1.36339438e+00
1.37399267e+00
1.47846154e+00
1.46710623e+00
1.36036630e+00
1.29223443e+00
1.05680098e+00
1.07042735e+00
1.09616606e+00
1.05528694e+00
9.96239316e-01
9.77313797e-01
9.65201465e-01
1.01365079e+00
1.02954823e+00
1.01592186e+00
1.02122100e+00
1.01667888e+00
1.05528694e+00
1.12644689e+00
1.07421245e+00
1.11206349e+00
1.01516484e+00
1.00380952e+00
1.04468864e+00
1.04393162e+00
1.12644689e+00
1.00229548e+00
9.88669109e-01
1.03560440e+00
1.46559219e+00
1.06891331e+00
1.45272283e+00
1.02197802e+00
1.46180708e+00
1.01592186e+00
1.52161172e+00
1.32478632e+00
1.90239316e+00
1.45272283e+00
1.96522589e+00
1.50344322e+00
1.91753358e+00
1.39670330e+00
1.90920635e+00
1.31267399e+00
1.55870574e+00
1.02652015e+00
1.03938950e+00
1.01970696e+00
1.08556777e+00
1.01592186e+00
1.06210012e+00
1.07951160e+00
1.10600733e+00
1.23772894e+00
1.04468864e+00
1.09238095e+00
1.02954823e+00
9.96996337e-01
1.13401709e+00
1.10146520e+00
1.02424908e+00
1.02197802e+00
1.09465201e+00
1.03560440e+00
1.11054945e+00
1.08102564e+00
1.03030525e+00
1.02879121e+00
1.12644689e+00
1.06588523e+00
1.11887668e+00
1.04847375e+00
1.15975580e+00
1.04014652e+00
1.12266178e+00
1.13477411e+00
1.56703297e+00
1.48527473e+00
1.48073260e+00
1.47921856e+00
1.41108669e+00
1.38004884e+00
1.38231990e+00
1.38383394e+00
1.07269841e+00
1.08329670e+00
1.11433455e+00
1.08632479e+00
1.00002442e+00
1.01970696e+00
1.11660562e+00
9.93968254e-01
1.17716728e+00
1.02803419e+00
1.04393162e+00
1.01894994e+00
1.05377289e+00
1.02500611e+00
1.02424908e+00
9.91697192e-01
1.07951160e+00
1.08026862e+00
1.09010989e+00
1.05377289e+00
9.51575092e-01
1.05907204e+00
1.04771673e+00
1.07118437e+00
1.03863248e+00
1.09843712e+00
1.03106227e+00
1.07724054e+00
1.03181929e+00
1.01592186e+00
1.01062271e+00
1.04317460e+00
1.33462759e+00
1.45423687e+00
1.52009768e+00
1.46180708e+00
1.45423687e+00
1.53069597e+00
1.47467643e+00
1.38989011e+00
1.12039072e+00
1.00608059e+00
1.06891331e+00
1.03484737e+00
1.03560440e+00
1.03787546e+00
1.04923077e+00
1.06588523e+00
1.05377289e+00
1.01592186e+00
1.12568987e+00
1.01894994e+00
1.06588523e+00
1.06134310e+00
1.04998779e+00
1.08329670e+00
1.09995116e+00
1.49890110e+00
1.04771673e+00
1.48830281e+00
1.01213675e+00
1.48300366e+00
1.02727717e+00
1.48527473e+00
1.03181929e+00
1.50420024e+00
1.00305250e+00
1.58368742e+00
1.08253968e+00
1.64954823e+00
9.80341880e-01
1.70783883e+00
1.36566545e+00
2.05833944e+00
1.39216117e+00
1.59201465e+00
1.41335775e+00
1.52842491e+00
1.37929182e+00
1.41638584e+00
1.38837607e+00
1.06739927e+00
1.00153846e+00
1.02197802e+00
1.05074481e+00
1.07042735e+00
1.05680098e+00
1.09162393e+00
1.07421245e+00
1.02197802e+00
9.91697192e-01
1.15142857e+00
1.06058608e+00
1.04847375e+00
1.01970696e+00
1.04695971e+00
1.02500611e+00
1.02046398e+00
1.01137973e+00
1.02500611e+00
1.00002442e+00
1.12493284e+00
1.10525031e+00
1.18852259e+00
1.02197802e+00
9.62173382e-01
1.02954823e+00
1.12190476e+00
9.99267399e-01
1.03106227e+00
1.01440781e+00
1.03333333e+00
1.07118437e+00
1.37020757e+00
1.44666667e+00
1.39821734e+00
1.45272283e+00
1.47694750e+00
1.39443223e+00
1.39821734e+00
1.33159951e+00
1.02879121e+00
1.04847375e+00
1.06437118e+00
9.97753358e-01
1.10070818e+00
1.01062271e+00
1.03106227e+00
1.00532357e+00
1.02424908e+00
1.02349206e+00
9.94725275e-01
1.01819292e+00
1.07194139e+00
1.03181929e+00
1.07572650e+00
1.05831502e+00
9.68986569e-01
1.03863248e+00
1.00305250e+00
1.06285714e+00
1.08859585e+00
1.01213675e+00
1.02727717e+00
1.01289377e+00
1.04090354e+00
9.96996337e-01
1.02727717e+00
1.01289377e+00
9.77313797e-01
9.81855922e-01
1.06210012e+00
1.47543346e+00
1.39594628e+00
1.95008547e+00
1.38610501e+00
1.84107448e+00
1.43152625e+00
1.95841270e+00
1.37929182e+00
1.85924298e+00
1.33462759e+00
1.46256410e+00
1.01743590e+00
1.46483516e+00
1.00456654e+00
1.48451770e+00
1.03560440e+00
1.47694750e+00
1.04090354e+00
1.58217338e+00
9.80341880e-01
1.53296703e+00
1.05680098e+00
1.36793651e+00
1.06512821e+00
1.06285714e+00
9.95482295e-01
1.06664225e+00
1.00456654e+00
1.02727717e+00
9.99267399e-01
1.00986569e+00
1.05755800e+00
1.01062271e+00
9.85641026e-01
1.00835165e+00
1.01516484e+00
1.07799756e+00
9.73528694e-01
1.04166056e+00
9.78827839e-01
1.09238095e+00
1.17413919e+00
1.38307692e+00
1.36793651e+00
1.37626374e+00
1.41638584e+00
1.38383394e+00
1.43076923e+00
1.38307692e+00
1.47013431e+00
1.47619048e+00
1.36036630e+00
1.37702076e+00
1.08708181e+00
1.07951160e+00
1.08935287e+00
1.00532357e+00
9.81098901e-01
1.02349206e+00
1.02576313e+00
1.00759463e+00
1.00759463e+00
1.05150183e+00
1.06134310e+00
1.00910867e+00
1.06967033e+00
1.11206349e+00
1.00305250e+00
1.03636142e+00
1.04923077e+00
1.09313797e+00
1.04771673e+00
1.09238095e+00
1.09692308e+00
1.01365079e+00
1.04923077e+00
1.01667888e+00
9.95482295e-01
1.02349206e+00
1.04923077e+00
9.77313797e-01
9.76556777e-01
1.49511600e+00
1.34219780e+00
1.43152625e+00
1.35279609e+00
1.36566545e+00
1.41789988e+00
1.35960928e+00
1.42622711e+00
1.39746032e+00
1.00759463e+00
9.92454212e-01
9.87155067e-01
9.65958486e-01
1.01667888e+00
9.96996337e-01
9.48547009e-01
1.06058608e+00
1.46407814e+00
1.02576313e+00
1.47240537e+00
1.05225885e+00
1.43379731e+00
1.03333333e+00
1.55189255e+00
9.50818071e-01
1.45726496e+00
1.01365079e+00
1.44818071e+00
1.00608059e+00
1.44742369e+00
1.01970696e+00
1.45802198e+00
1.08026862e+00
1.51101343e+00
1.05831502e+00
1.53145299e+00
1.00078144e+00
1.69194139e+00
9.64444444e-01
1.10146520e+00
1.26119658e+00
1.43758242e+00
1.37172161e+00
1.43379731e+00
1.37777778e+00
1.37323565e+00
1.40881563e+00
1.37929182e+00
1.34144078e+00
1.10222222e+00
1.07875458e+00
9.94725275e-01
1.07345543e+00
1.01667888e+00
1.04468864e+00
1.02424908e+00
1.01592186e+00
1.05225885e+00
1.01894994e+00
1.00910867e+00
1.00078144e+00
1.00835165e+00
1.01213675e+00
1.00759463e+00
1.00532357e+00
9.89426129e-01
1.07496947e+00
1.13401709e+00
1.12568987e+00
1.15975580e+00
1.04468864e+00
1.10979243e+00
1.01970696e+00
1.17111111e+00
1.04393162e+00
1.02349206e+00
9.97753358e-01
1.00759463e+00
1.00153846e+00
9.98510379e-01
1.08026862e+00
1.42547009e+00
1.42547009e+00
1.34144078e+00
1.37550672e+00
1.47467643e+00
1.39064713e+00
1.37020757e+00
1.41487179e+00
9.96996337e-01
1.10449328e+00
1.05907204e+00
9.96996337e-01
9.93211233e-01
1.04771673e+00
1.02349206e+00
1.00078144e+00
1.01213675e+00
9.91697192e-01
1.03257631e+00
9.93211233e-01
1.16278388e+00
1.05452991e+00
1.08102564e+00
1.02424908e+00
1.01894994e+00
1.02046398e+00
1.05831502e+00
1.05301587e+00
1.01137973e+00
1.01213675e+00
1.01970696e+00
1.01592186e+00
1.02576313e+00
9.59145299e-01
9.53846154e-01
1.46332112e+00
9.87912088e-01
1.48603175e+00
1.00078144e+00
1.51328449e+00
1.32024420e+00
1.79716728e+00
1.43076923e+00
1.46862027e+00
1.34522589e+00
1.37702076e+00
1.34446886e+00
1.34825397e+00
1.34749695e+00
9.76556777e-01
1.04241758e+00
9.51575092e-01
1.05982906e+00
1.05150183e+00
1.07345543e+00
1.02424908e+00
1.05604396e+00
9.51575092e-01
1.02122100e+00
1.56930403e+00
1.01062271e+00
1.44212454e+00
9.98510379e-01
1.45499389e+00
9.81855922e-01
1.02652015e+00
9.87912088e-01
9.89426129e-01
1.05755800e+00
1.13174603e+00
1.02197802e+00
1.13401709e+00
9.74285714e-01
1.15521368e+00
1.05982906e+00
1.03711844e+00
1.10146520e+00
9.65958486e-01
9.70500611e-01
9.82612943e-01
1.18398046e+00
1.38913309e+00
1.38156288e+00
1.35885226e+00
1.38534799e+00
1.37777778e+00
1.42319902e+00
1.42774115e+00
1.31418803e+00
9.87155067e-01
1.03030525e+00
8.97826618e-01
1.04620269e+00
1.08708181e+00
1.03409035e+00
1.00002442e+00
9.84126984e-01
9.98510379e-01
9.67472527e-01
9.90940171e-01
9.37191697e-01
1.04847375e+00
1.04393162e+00
9.60659341e-01
1.02046398e+00
1.04620269e+00
1.00835165e+00
1.04241758e+00
9.96996337e-01
8.99340659e-01
9.72771673e-01
1.00229548e+00
9.64444444e-01
1.00078144e+00
9.79584860e-01
9.87155067e-01
1.02197802e+00
1.04695971e+00
9.61416361e-01
1.15142857e+00
1.04771673e+00
1.42244200e+00
1.39518926e+00
1.41941392e+00
1.46634921e+00
1.38307692e+00
1.44969475e+00
1.37550672e+00
1.35582418e+00
1.02197802e+00
9.83369963e-01
9.81098901e-01
1.02576313e+00
1.10222222e+00
1.10600733e+00
9.57631258e-01
1.02803419e+00
1.05907204e+00
1.10070818e+00
1.09010989e+00
1.52161172e+00
1.03938950e+00
1.46256410e+00
1.03333333e+00
1.44742369e+00
1.00380952e+00
1.44363858e+00
9.97753358e-01
1.47694750e+00
1.02349206e+00
1.43985348e+00
1.12266178e+00
1.53448107e+00
9.93968254e-01
1.50874237e+00
1.06134310e+00
1.43379731e+00
1.04014652e+00
1.61623932e+00
9.89426129e-01
1.47846154e+00
1.27633700e+00
1.89709402e+00
1.36793651e+00
1.47467643e+00
1.39973138e+00
1.49057387e+00
1.45272283e+00
1.40124542e+00
1.07118437e+00
1.16051282e+00
1.03257631e+00
1.07724054e+00
9.96996337e-01
1.08178266e+00
1.08405372e+00
1.03938950e+00
1.03181929e+00
1.00002442e+00
1.00759463e+00
1.02879121e+00
9.98510379e-01
9.90940171e-01
1.00153846e+00
9.44004884e-01
1.06815629e+00
1.10373626e+00
1.05301587e+00
1.12720391e+00
1.07572650e+00
9.95482295e-01
1.04090354e+00
1.14007326e+00
1.06512821e+00
1.00986569e+00
9.72014652e-01
9.71257631e-01
1.00986569e+00
1.00456654e+00
1.03636142e+00
1.02349206e+00
1.13780220e+00
1.39897436e+00
1.38534799e+00
1.44590965e+00
1.45953602e+00
1.44212454e+00
1.37550672e+00
1.42774115e+00
1.43379731e+00
9.88669109e-01
1.01516484e+00
1.01592186e+00
1.01440781e+00
1.01743590e+00
9.98510379e-01
1.01289377e+00
1.00608059e+00
1.16656899e+00
9.59902320e-01
1.09389499e+00
1.08859585e+00
1.06210012e+00
1.02954823e+00
1.09238095e+00
1.04090354e+00
1.15294261e+00
1.02879121e+00
1.02803419e+00
1.00608059e+00
9.99267399e-01
1.01062271e+00
1.01894994e+00
9.22808303e-01
9.79584860e-01
9.56117216e-01
1.06664225e+00
9.62930403e-01
1.06134310e+00
1.49890110e+00
1.02122100e+00
1.48754579e+00
1.37550672e+00
1.83956044e+00
1.37626374e+00
1.86832723e+00
1.37929182e+00
1.85242979e+00
1.36112332e+00
1.86075702e+00
1.35960928e+00
1.86378510e+00
1.36869353e+00
1.84258852e+00
1.04544567e+00
1.39897436e+00
1.04166056e+00
1.52463980e+00
1.00759463e+00
1.49133089e+00
1.03409035e+00
1.50117216e+00
1.02349206e+00
1.01970696e+00
1.00683761e+00
9.83369963e-01
1.00380952e+00
1.03636142e+00
9.89426129e-01
1.02954823e+00
1.05604396e+00
1.16354090e+00
9.86398046e-01
1.10373626e+00
1.03938950e+00
1.10373626e+00
9.93211233e-01
1.01819292e+00
1.01062271e+00
1.03106227e+00
1.01213675e+00
1.00608059e+00
1.24378510e+00
1.32251526e+00
1.40654457e+00
1.29147741e+00
1.39291819e+00
1.33841270e+00
1.39518926e+00
1.39973138e+00
1.36112332e+00
1.03181929e+00
1.03030525e+00
9.77313797e-01
9.81098901e-01
9.45518926e-01
1.01062271e+00
1.00683761e+00
1.01289377e+00
9.65201465e-01
1.00456654e+00
1.04771673e+00
1.02046398e+00
1.05907204e+00
9.43247863e-01
1.03181929e+00
9.64444444e-01
9.12967033e-01
9.55360195e-01
9.71257631e-01
1.03787546e+00
9.72771673e-01
9.75799756e-01
9.66715507e-01
9.76556777e-01
9.80341880e-01
9.81098901e-01
1.04998779e+00
9.45518926e-01
9.82612943e-01
1.01970696e+00
1.02803419e+00
1.04695971e+00
1.38004884e+00
1.38989011e+00
1.47921856e+00
1.38913309e+00
1.32478632e+00
1.33311355e+00
1.34219780e+00
1.32857143e+00
1.10146520e+00
1.00078144e+00
9.95482295e-01
9.86398046e-01
9.78827839e-01
9.55360195e-01
9.63687424e-01
1.44666667e+00
9.86398046e-01
1.46180708e+00
1.01592186e+00
1.38610501e+00
1.03181929e+00
1.41487179e+00
9.72014652e-01
1.42547009e+00
9.51575092e-01
1.42168498e+00
9.70500611e-01
1.41865690e+00
1.00380952e+00
1.44742369e+00
1.01743590e+00
1.53978022e+00
9.86398046e-01
1.40351648e+00
9.27350427e-01
1.36566545e+00
1.02349206e+00
9.65958486e-01
9.67472527e-01
1.00986569e+00
1.34522589e+00
1.46332112e+00
1.43909646e+00
1.45120879e+00
1.54810745e+00
1.35279609e+00
1.36112332e+00
1.29980464e+00
1.19155067e+00
9.91697192e-01
1.07724054e+00
1.01440781e+00
1.06058608e+00
9.93211233e-01
1.04090354e+00
1.05074481e+00
9.71257631e-01
1.00532357e+00
1.01440781e+00
1.03257631e+00
9.89426129e-01
1.05680098e+00
1.05074481e+00
1.21350427e+00
1.03560440e+00
1.06058608e+00
1.01289377e+00
1.07496947e+00
1.02273504e+00
1.12796093e+00
1.00759463e+00
1.02727717e+00
1.00305250e+00
9.94725275e-01
9.88669109e-01
1.00683761e+00
9.99267399e-01
1.05604396e+00
1.01970696e+00
1.00456654e+00
1.09843712e+00
1.46634921e+00
1.44363858e+00
1.52539683e+00
1.50041514e+00
1.42244200e+00
1.45499389e+00
1.33765568e+00
1.36263736e+00
1.02954823e+00
1.00153846e+00
1.03560440e+00
1.04998779e+00
1.02652015e+00
9.83369963e-01
1.16959707e+00
1.02197802e+00
1.13326007e+00
1.02652015e+00
1.06512821e+00
9.84884005e-01
1.09919414e+00
9.80341880e-01
1.13477411e+00
1.06815629e+00
1.02122100e+00
1.00380952e+00
1.02424908e+00
9.87155067e-01
1.00229548e+00
1.07042735e+00
1.01213675e+00
1.06210012e+00
1.02576313e+00
1.48451770e+00
9.79584860e-01
1.08102564e+00
9.56117216e-01
1.00229548e+00
9.41733822e-01
9.68986569e-01
1.34673993e+00
1.36566545e+00
1.43531136e+00
1.36642247e+00
1.36188034e+00
1.35658120e+00
1.36869353e+00
1.40124542e+00
1.08026862e+00
1.04166056e+00
1.05680098e+00
1.49965812e+00
9.98510379e-01
1.65560440e+00
1.03863248e+00
1.44666667e+00
9.89426129e-01
1.41562882e+00
9.56117216e-01
1.46105006e+00
9.87155067e-01
1.46483516e+00
1.03484737e+00
1.07194139e+00
1.04468864e+00
9.68229548e-01
9.64444444e-01
1.09162393e+00
1.06361416e+00
1.02122100e+00
1.02273504e+00
8.44078144e-01
9.69743590e-01
9.83369963e-01
9.85641026e-01
9.63687424e-01
1.00229548e+00
1.02197802e+00
9.67472527e-01
1.01365079e+00
1.28466422e+00
1.48905983e+00
1.46407814e+00
1.56551893e+00
1.48451770e+00
1.45877900e+00
1.31797314e+00
1.55946276e+00
1.35960928e+00
1.09919414e+00
9.83369963e-01
9.88669109e-01
1.01440781e+00
9.98510379e-01
9.79584860e-01
9.87155067e-01
1.10297924e+00
1.05604396e+00
9.65958486e-01
1.08329670e+00
9.94725275e-01
1.01365079e+00
1.04393162e+00
1.03938950e+00
9.68229548e-01
1.04695971e+00
1.02727717e+00
9.91697192e-01
9.96239316e-01
9.78827839e-01
9.81098901e-01
1.00835165e+00
9.90940171e-01
1.08859585e+00
1.06361416e+00
9.97753358e-01
9.76556777e-01
1.03938950e+00
1.03711844e+00
1.06437118e+00
1.15597070e+00
1.32327228e+00
1.43531136e+00
1.43076923e+00
1.38534799e+00
1.35279609e+00
1.37323565e+00
1.36188034e+00
1.40351648e+00
9.78827839e-01
1.12190476e+00
9.75799756e-01
1.07345543e+00
1.08556777e+00
1.03106227e+00
1.02879121e+00
1.07951160e+00
1.02424908e+00
1.48300366e+00
9.47789988e-01
1.44136752e+00
1.00078144e+00
1.47164835e+00
1.00759463e+00
1.44363858e+00
1.03863248e+00
1.51025641e+00
1.04090354e+00
1.53372405e+00
1.00380952e+00
1.47543346e+00
1.06361416e+00
1.46483516e+00
1.01062271e+00
1.53296703e+00
1.08026862e+00
1.48603175e+00
1.00305250e+00
1.45877900e+00
9.71257631e-01
1.46256410e+00
1.37096459e+00
1.41487179e+00
1.41714286e+00
1.50041514e+00
1.41335775e+00
1.50798535e+00
1.31797314e+00
1.36339438e+00
1.05907204e+00
1.12190476e+00
9.42490842e-01
1.07345543e+00
1.03333333e+00
9.96239316e-01
1.00153846e+00
1.03787546e+00
9.90940171e-01
1.01667888e+00
1.08935287e+00
1.08405372e+00
1.04317460e+00
1.16126984e+00
1.00532357e+00
1.01743590e+00
9.89426129e-01
1.08632479e+00
1.05528694e+00
1.05755800e+00
1.02424908e+00
1.01970696e+00
1.00078144e+00
1.03257631e+00
1.00986569e+00
1.03409035e+00
1.03409035e+00
1.03409035e+00
9.88669109e-01
9.96239316e-01
1.07118437e+00
9.92454212e-01
1.27406593e+00
1.41260073e+00
1.35355311e+00
1.41335775e+00
1.48905983e+00
1.37853480e+00
1.42849817e+00
1.37096459e+00
1.35960928e+00
1.02803419e+00
1.01743590e+00
1.00683761e+00
1.00835165e+00
1.17035409e+00
1.03257631e+00
1.03333333e+00
1.00456654e+00
1.09995116e+00
1.03409035e+00
1.08783883e+00
1.05301587e+00
9.93211233e-01
9.86398046e-01
9.77313797e-01
1.00683761e+00
9.94725275e-01
1.04393162e+00
1.03333333e+00
1.07951160e+00
1.00759463e+00
1.02500611e+00
1.00532357e+00
1.08102564e+00
9.94725275e-01
1.03409035e+00
1.03484737e+00
1.43379731e+00
1.01440781e+00
1.50874237e+00
1.01667888e+00
1.45726496e+00
1.35431013e+00
1.85772894e+00
1.38837607e+00
1.84334554e+00
1.44515263e+00
1.92661783e+00
1.39821734e+00
1.88952381e+00
1.01819292e+00
1.50571429e+00
1.03560440e+00
1.40654457e+00
1.02197802e+00
1.56097680e+00
1.01819292e+00
1.45120879e+00
1.00608059e+00
1.42925519e+00
1.06058608e+00
1.07269841e+00
1.01440781e+00
1.20971917e+00
1.02576313e+00
1.11357753e+00
1.02500611e+00
9.86398046e-01
1.04468864e+00
1.08026862e+00
9.69743590e-01
1.00986569e+00
1.02954823e+00
1.00380952e+00
9.96996337e-01
1.00380952e+00
1.00229548e+00
9.78070818e-01
1.01743590e+00
1.03636142e+00
9.97753358e-01
1.05377289e+00
1.28163614e+00
1.48678877e+00
1.42698413e+00
1.45272283e+00
1.42774115e+00
1.50268620e+00
1.43909646e+00
1.41108669e+00
1.35203907e+00
1.01213675e+00
1.02424908e+00
1.01289377e+00
1.05831502e+00
9.98510379e-01
9.69743590e-01
1.06210012e+00
1.02803419e+00
1.02197802e+00
9.90940171e-01
1.02273504e+00
9.81098901e-01
9.51575092e-01
1.06739927e+00
9.50818071e-01
1.00002442e+00
1.03484737e+00
1.00456654e+00
1.00078144e+00
9.99267399e-01
1.02879121e+00
1.02046398e+00
1.14310134e+00
1.06210012e+00
1.12417582e+00
1.04923077e+00
1.04468864e+00
1.06512821e+00
1.03636142e+00
1.04923077e+00
1.13477411e+00
1.19003663e+00
1.33916972e+00
1.38231990e+00
1.36869353e+00
1.37096459e+00
1.35658120e+00
1.39140415e+00
1.31418803e+00
1.44288156e+00
1.29753358e+00
1.41562882e+00
1.41108669e+00
1.07648352e+00
1.07572650e+00
1.41638584e+00
1.05377289e+00
1.48905983e+00
1.06512821e+00
1.44061050e+00
1.01970696e+00
1.44288156e+00
1.05604396e+00
1.45347985e+00
1.00532357e+00
1.42319902e+00
9.97753358e-01
1.50722833e+00
1.11736264e+00
1.58822955e+00
1.05982906e+00
1.04393162e+00
1.03181929e+00
9.85641026e-01
1.01516484e+00
1.00608059e+00
1.01592186e+00
9.96996337e-01
1.00456654e+00
1.02954823e+00
1.08708181e+00
9.84884005e-01
1.33462759e+00
1.44590965e+00
1.36415140e+00
1.43682540e+00
1.41260073e+00
1.37777778e+00
1.36415140e+00
1.54886447e+00
1.37399267e+00
1.06285714e+00
1.01365079e+00
1.01365079e+00
1.00759463e+00
1.01365079e+00
1.02954823e+00
1.03257631e+00
1.00002442e+00
1.08632479e+00
9.72771673e-01
1.13931624e+00
1.04771673e+00
9.70500611e-01
1.08329670e+00
1.07118437e+00
1.03257631e+00
1.15899878e+00
1.00229548e+00
1.01365079e+00
1.01289377e+00
9.93968254e-01
9.98510379e-01
1.00002442e+00
1.01970696e+00
1.02879121e+00
9.26593407e-01
9.31892552e-01
1.08708181e+00
1.08935287e+00
1.00078144e+00
1.01440781e+00
1.27557998e+00
1.35506716e+00
1.49208791e+00
1.36490842e+00
1.34749695e+00
1.40200244e+00
1.35885226e+00
1.37550672e+00
1.40503053e+00
1.01440781e+00
9.96239316e-01
1.16581197e+00
1.06512821e+00
1.03636142e+00
1.05377289e+00
1.05150183e+00
9.92454212e-01
1.04620269e+00
1.01440781e+00
9.78827839e-01
1.00683761e+00
9.93211233e-01
1.00608059e+00
9.90183150e-01
9.53089133e-01
9.96239316e-01
1.05604396e+00
1.02273504e+00
9.90183150e-01
9.90940171e-01
9.87912088e-01
1.04998779e+00
1.02954823e+00
9.92454212e-01
9.76556777e-01
1.06285714e+00
1.05528694e+00
1.01289377e+00
1.01743590e+00
1.00305250e+00
1.05604396e+00
1.39367521e+00
1.50117216e+00
1.46180708e+00
1.91147741e+00
1.42319902e+00
1.92964591e+00
1.40957265e+00
1.89255189e+00
1.02803419e+00
1.56249084e+00
9.97753358e-01
1.46105006e+00
1.00153846e+00
1.48451770e+00
1.01894994e+00
1.46559219e+00
1.01743590e+00
1.46180708e+00
9.74285714e-01
1.44666667e+00
9.83369963e-01
1.30358974e+00
1.06815629e+00
1.00759463e+00
9.72014652e-01
1.09540904e+00
1.07194139e+00
1.03636142e+00
1.05755800e+00
1.02046398e+00
9.96996337e-01
1.01137973e+00
1.00153846e+00
1.03257631e+00
9.92454212e-01
1.01592186e+00
1.02727717e+00
1.05528694e+00
1.01667888e+00
1.09010989e+00
1.31418803e+00
1.38307692e+00
1.37702076e+00
1.51631258e+00
1.40427350e+00
1.39216117e+00
1.36263736e+00
1.35279609e+00
1.14234432e+00
1.05377289e+00
1.01137973e+00
1.01289377e+00
1.10903541e+00
1.11963370e+00
1.00153846e+00
9.34920635e-01
1.00380952e+00
1.06588523e+00
1.03636142e+00
1.03181929e+00
1.06891331e+00
1.02803419e+00
1.01365079e+00
1.00153846e+00
9.98510379e-01
1.02046398e+00
1.03484737e+00
1.03560440e+00
1.03560440e+00
1.04771673e+00
1.04847375e+00
1.04468864e+00
1.07269841e+00
1.05982906e+00
1.08026862e+00
9.95482295e-01
1.01440781e+00
1.07269841e+00
1.03181929e+00
9.95482295e-01
1.22561661e+00
1.35279609e+00
1.38913309e+00
1.37626374e+00
1.42244200e+00
1.48148962e+00
1.47391941e+00
1.36036630e+00
1.42849817e+00
1.06967033e+00
1.06210012e+00
1.00608059e+00
1.08783883e+00
1.07345543e+00
1.08859585e+00
1.04620269e+00
1.42319902e+00
1.01667888e+00
1.46105006e+00
1.01213675e+00
1.45272283e+00
1.01667888e+00
1.50949939e+00
1.06058608e+00
1.50949939e+00
1.03181929e+00
1.42925519e+00
9.83369963e-01
1.64349206e+00
1.06361416e+00
1.46786325e+00
1.00229548e+00
1.48451770e+00
1.04241758e+00
1.47391941e+00
1.00078144e+00
1.53902320e+00
1.02122100e+00
1.51328449e+00
1.07572650e+00
9.25836386e-01
1.30358974e+00
1.61851038e+00
1.37172161e+00
1.55113553e+00
1.33916972e+00
1.46710623e+00
1.44288156e+00
1.35658120e+00
1.04998779e+00
1.00683761e+00
1.00759463e+00
1.06739927e+00
1.04998779e+00
1.01440781e+00
9.74285714e-01
1.07875458e+00
9.96239316e-01
1.02727717e+00
1.06664225e+00
1.11357753e+00
1.04317460e+00
1.08708181e+00
1.11509158e+00
1.11584860e+00
9.90183150e-01
1.00078144e+00
1.01440781e+00
1.00986569e+00
1.00986569e+00
9.75042735e-01
1.08026862e+00
9.87912088e-01
1.01970696e+00
9.89426129e-01
1.08102564e+00
1.05225885e+00
1.04241758e+00
1.04998779e+00
1.00532357e+00
1.07799756e+00
1.33235653e+00
1.39140415e+00
1.38989011e+00
1.39216117e+00
1.36642247e+00
1.36112332e+00
1.37474969e+00
1.46407814e+00
1.39821734e+00
1.22031746e+00
1.12190476e+00
1.03106227e+00
9.99267399e-01
1.01667888e+00
1.06058608e+00
1.09389499e+00
1.02349206e+00
1.00835165e+00
1.01440781e+00
9.97753358e-01
1.00380952e+00
9.95482295e-01
1.02954823e+00
9.95482295e-01
9.98510379e-01
1.01440781e+00
1.04695971e+00
1.01289377e+00
9.88669109e-01
1.03787546e+00
1.04166056e+00
9.82612943e-01
1.02652015e+00
1.01592186e+00
1.43682540e+00
1.00986569e+00
1.44439560e+00
1.00683761e+00
1.45499389e+00
1.00532357e+00
1.56021978e+00
1.46483516e+00
1.95235653e+00
1.44136752e+00
1.96446886e+00
1.45272283e+00
2.04092796e+00
1.44363858e+00
1.99702076e+00
1.42849817e+00
1.89860806e+00
1.34825397e+00
1.45877900e+00
1.00532357e+00
1.46180708e+00
9.84884005e-01
1.51404151e+00
9.87912088e-01
1.22637363e+00
1.04393162e+00
1.00835165e+00
1.03938950e+00
1.12947497e+00
9.84884005e-01
1.06664225e+00
1.08253968e+00
1.00532357e+00
1.09919414e+00
1.02046398e+00
1.02197802e+00
1.03181929e+00
1.00986569e+00
9.96239316e-01
1.03484737e+00
1.01137973e+00
1.03181929e+00
1.08253968e+00
1.12644689e+00
1.11357753e+00
1.06058608e+00
1.06210012e+00
1.35431013e+00
1.41865690e+00
1.46180708e+00
1.39746032e+00
1.39821734e+00
1.39216117e+00
1.37020757e+00
1.37702076e+00
1.36717949e+00
1.02122100e+00
9.90183150e-01
9.98510379e-01
9.62173382e-01
1.01667888e+00
1.08556777e+00
1.05225885e+00
1.02879121e+00
1.04923077e+00
9.90183150e-01
1.03560440e+00
1.04090354e+00
1.07724054e+00
1.01365079e+00
1.05225885e+00
1.07269841e+00
1.03711844e+00
9.68229548e-01
1.08935287e+00
1.05301587e+00
1.19836386e+00
1.06285714e+00
1.04014652e+00
1.08632479e+00
1.09616606e+00
1.05680098e+00
1.03787546e+00
1.02954823e+00
1.04544567e+00
1.02500611e+00
1.04014652e+00
1.21350427e+00
1.39746032e+00
1.39216117e+00
1.37172161e+00
1.36869353e+00
1.37929182e+00
1.37929182e+00
1.36869353e+00
1.36642247e+00
1.14310134e+00
1.00910867e+00
1.06134310e+00
1.42395604e+00
1.01440781e+00
1.47997558e+00
1.03787546e+00
1.45953602e+00
1.02727717e+00
1.47619048e+00
1.05074481e+00
1.60261294e+00
1.07951160e+00
9.69743590e-01
1.08405372e+00
1.07724054e+00
1.10449328e+00
1.09843712e+00
1.08708181e+00
1.07421245e+00
1.01213675e+00
1.02197802e+00
1.04695971e+00
1.01062271e+00
1.03863248e+00
1.01440781e+00
1.01365079e+00
1.01213675e+00
1.12341880e+00
1.42395604e+00
1.06058608e+00
1.29223443e+00
1.40654457e+00
1.73130647e+00
1.45272283e+00
1.63819292e+00
1.44515263e+00
1.46180708e+00
1.37020757e+00
1.40957265e+00
1.11736264e+00
1.05150183e+00
1.03863248e+00
1.00002442e+00
1.01365079e+00
1.05982906e+00
1.05907204e+00
1.03181929e+00
1.01289377e+00
1.13477411e+00
9.96996337e-01
1.08102564e+00
1.03484737e+00
1.10752137e+00
1.04090354e+00
1.08178266e+00
1.01213675e+00
1.02803419e+00
1.01667888e+00
1.02727717e+00
1.03484737e+00
1.13780220e+00
9.63687424e-01
1.06437118e+00
1.09843712e+00
1.08935287e+00
9.92454212e-01
9.96239316e-01
1.03106227e+00
1.07118437e+00
9.83369963e-01
1.00835165e+00
1.29374847e+00
1.41941392e+00
1.39443223e+00
1.40048840e+00
1.40124542e+00
1.38610501e+00
1.38307692e+00
1.50268620e+00
1.40427350e+00
1.12114774e+00
1.01894994e+00
1.05074481e+00
9.99267399e-01
1.13704518e+00
1.05604396e+00
1.03484737e+00
1.02046398e+00
1.04317460e+00
1.02803419e+00
1.03636142e+00
1.03257631e+00
9.68986569e-01
1.02273504e+00
1.09162393e+00
1.03938950e+00
9.92454212e-01
1.04998779e+00
1.00759463e+00
1.03863248e+00
9.92454212e-01
9.59902320e-01
1.10752137e+00
1.01365079e+00
1.06285714e+00
1.04393162e+00
1.03484737e+00
1.42319902e+00
9.93211233e-01
1.43909646e+00
1.14461538e+00
1.63213675e+00
1.45499389e+00
2.01670330e+00
1.34901099e+00
1.98717949e+00
1.47164835e+00
2.03562882e+00
1.41638584e+00
1.84031746e+00
1.04620269e+00
1.47921856e+00
1.01137973e+00
1.48527473e+00
1.00986569e+00
1.46862027e+00
1.00910867e+00
1.49814408e+00
9.58388278e-01
1.47240537e+00
9.98510379e-01
1.62229548e+00
1.08859585e+00
1.15521368e+00
1.06512821e+00
1.17868132e+00
1.05225885e+00
1.15067155e+00
1.02954823e+00
1.04771673e+00
1.02652015e+00
1.02652015e+00
1.05074481e+00
1.04090354e+00
1.03030525e+00
1.09313797e+00
1.16354090e+00
1.11509158e+00
1.04014652e+00
1.10525031e+00
1.00683761e+00
1.09540904e+00
1.47921856e+00
1.46710623e+00
1.38837607e+00
1.44288156e+00
1.52463980e+00
1.37323565e+00
1.39443223e+00
1.41184371e+00
1.14991453e+00
1.02576313e+00
1.03711844e+00
9.67472527e-01
9.89426129e-01
1.12568987e+00
1.06739927e+00
1.02122100e+00
1.04014652e+00
1.00229548e+00
1.01667888e+00
1.02727717e+00
1.02122100e+00
1.01667888e+00
1.01819292e+00
1.01970696e+00
1.02803419e+00
1.03787546e+00
1.07724054e+00
1.15067155e+00
1.05377289e+00
9.82612943e-01
1.01894994e+00
1.06815629e+00
1.07724054e+00
1.06512821e+00
1.03711844e+00
1.04771673e+00
1.02122100e+00
1.01667888e+00
1.02500611e+00
1.03938950e+00
1.33992674e+00
1.45499389e+00
1.37020757e+00
1.32857143e+00
1.46710623e+00
1.52691087e+00
1.44288156e+00
1.40275946e+00
1.33387057e+00
1.01137973e+00
9.94725275e-01
1.03787546e+00
1.02273504e+00
1.01970696e+00
1.03257631e+00
1.02349206e+00
1.42092796e+00
1.06361416e+00
1.44363858e+00
1.05528694e+00
1.61472527e+00
1.06285714e+00
1.55189255e+00
1.09919414e+00
1.57914530e+00
1.05982906e+00
1.56021978e+00
1.02803419e+00
1.48905983e+00
1.09086691e+00
1.47543346e+00
1.03333333e+00
1.47089133e+00
9.84126984e-01
1.43531136e+00
1.09843712e+00
1.62683761e+00
1.06437118e+00
1.47543346e+00
1.09238095e+00
1.19155067e+00
1.38459096e+00
1.35960928e+00
1.46407814e+00
1.41411477e+00
1.45726496e+00
1.40200244e+00
1.38610501e+00
1.53750916e+00
1.04620269e+00
1.04393162e+00
1.08102564e+00
1.09768010e+00
9.74285714e-01
1.15445665e+00
9.65958486e-01
1.11054945e+00
1.10752137e+00
1.03409035e+00
1.06285714e+00
9.97753358e-01
1.01516484e+00
1.01819292e+00
9.94725275e-01
9.98510379e-01
1.04771673e+00
1.02652015e+00
1.09162393e+00
1.01743590e+00
1.07118437e+00
9.53089133e-01
1.04468864e+00
1.00380952e+00
9.93968254e-01
9.84126984e-01
1.07724054e+00
1.09692308e+00
1.01667888e+00
1.02197802e+00
9.81855922e-01
1.01592186e+00
1.32857143e+00
1.47694750e+00
1.46786325e+00
1.56400488e+00
1.43531136e+00
1.37096459e+00
1.39821734e+00
1.39746032e+00
1.14007326e+00
1.11357753e+00
1.03333333e+00
1.13855922e+00
1.05831502e+00
1.04014652e+00
1.01137973e+00
9.96239316e-01
1.01592186e+00
9.96996337e-01
9.85641026e-01
9.92454212e-01
1.10525031e+00
1.05074481e+00
1.08859585e+00
1.08935287e+00
9.56117216e-01
1.06588523e+00
1.07875458e+00
1.07269841e+00
1.06815629e+00
9.75042735e-01
1.01592186e+00
1.05528694e+00
1.00229548e+00
1.01289377e+00
1.47089133e+00
1.03257631e+00
1.48527473e+00
1.05377289e+00
1.56324786e+00
1.08708181e+00
1.65333333e+00
1.38989011e+00
1.87514042e+00
1.39064713e+00
2.02503053e+00
1.32857143e+00
1.87211233e+00
1.36490842e+00
1.85697192e+00
1.00683761e+00
1.50874237e+00
1.02576313e+00
1.53372405e+00
1.02803419e+00
1.42547009e+00
1.02576313e+00
1.06815629e+00
1.04090354e+00
1.06512821e+00
1.02954823e+00
1.01516484e+00
1.09313797e+00
1.11054945e+00
1.02197802e+00
1.01743590e+00
1.04998779e+00
1.01819292e+00
1.02576313e+00
1.04695971e+00
1.06361416e+00
1.07345543e+00
1.03863248e+00
1.08253968e+00
1.05680098e+00
1.03863248e+00
1.02954823e+00
1.19760684e+00
9.55360195e-01
1.05301587e+00
1.01365079e+00
1.05528694e+00
1.35582418e+00
1.40805861e+00
1.39897436e+00
1.38383394e+00
1.42849817e+00
1.53750916e+00
1.40427350e+00
1.49360195e+00
1.10979243e+00
1.10449328e+00
1.03106227e+00
1.12796093e+00
9.98510379e-01
1.07421245e+00
1.12568987e+00
1.06891331e+00
1.01516484e+00
1.04393162e+00
1.02954823e+00
1.03181929e+00
1.05604396e+00
1.05150183e+00
1.07951160e+00
1.20820513e+00
1.02500611e+00
9.59145299e-01
1.05604396e+00
9.61416361e-01
1.06210012e+00
9.91697192e-01
9.94725275e-01
1.04771673e+00
1.03787546e+00
1.06815629e+00
1.02197802e+00
1.04695971e+00
1.00078144e+00
1.03938950e+00
1.11660562e+00
1.01819292e+00
1.37020757e+00
1.41714286e+00
1.34371184e+00
1.36869353e+00
1.45272283e+00
1.41108669e+00
1.38761905e+00
1.41335775e+00
1.46332112e+00
1.04014652e+00
1.02046398e+00
1.03106227e+00
1.00910867e+00
1.00683761e+00
1.01137973e+00
1.00683761e+00
1.04847375e+00
1.07042735e+00
1.19760684e+00
1.04771673e+00
1.02576313e+00
1.02954823e+00
1.03711844e+00
1.07496947e+00
1.03106227e+00
1.02954823e+00
1.03484737e+00
1.01894994e+00
1.02424908e+00
1.01516484e+00
1.56097680e+00
1.05074481e+00
1.53069597e+00
1.07799756e+00
1.64727717e+00
1.12493284e+00
1.69799756e+00
1.09843712e+00
1.52842491e+00
1.03560440e+00
1.68058608e+00
1.44439560e+00
1.55189255e+00
1.41562882e+00
1.46180708e+00
1.39216117e+00
1.42925519e+00
1.42168498e+00
1.48830281e+00
1.03181929e+00
1.16278388e+00
1.11963370e+00
1.13023199e+00
1.05452991e+00
1.18322344e+00
9.80341880e-01
1.19912088e+00
9.94725275e-01
9.84126984e-01
1.03938950e+00
1.03711844e+00
1.02879121e+00
1.04090354e+00
1.02803419e+00
1.04090354e+00
9.90183150e-01
1.01062271e+00
1.03333333e+00
1.06815629e+00
1.04393162e+00
1.07648352e+00
9.90183150e-01
1.12796093e+00
1.01592186e+00
9.65958486e-01
1.05528694e+00
9.97753358e-01
1.02424908e+00
1.00835165e+00
1.01137973e+00
1.02197802e+00
1.32175824e+00
1.43985348e+00
1.39594628e+00
1.43304029e+00
1.44136752e+00
1.45423687e+00
1.39670330e+00
1.38231990e+00
1.40957265e+00
1.46029304e+00
1.40200244e+00
1.18852259e+00
1.03181929e+00
1.02122100e+00
1.04317460e+00
1.03484737e+00
1.02576313e+00
1.01062271e+00
1.12568987e+00
9.53846154e-01
1.00910867e+00
1.03636142e+00
1.06891331e+00
1.05377289e+00
1.06210012e+00
1.00380952e+00
1.05831502e+00
1.12039072e+00
1.04090354e+00
1.01894994e+00
1.03560440e+00
1.02576313e+00
1.04847375e+00
1.02803419e+00
1.08405372e+00
1.08329670e+00
9.90183150e-01
1.17641026e+00
1.44363858e+00
1.07799756e+00
1.71010989e+00
1.41789988e+00
1.92737485e+00
1.46105006e+00
1.86681319e+00
1.39821734e+00
1.87665446e+00
1.38610501e+00
1.83350427e+00
1.03257631e+00
1.51328449e+00
1.03257631e+00
1.53372405e+00
1.02727717e+00
1.65636142e+00
1.00078144e+00
1.67982906e+00
1.03787546e+00
1.67074481e+00
9.37191697e-01
1.47694750e+00
1.05982906e+00
1.08026862e+00
1.01440781e+00
1.04771673e+00
1.06210012e+00
1.03711844e+00
1.06210012e+00
1.15824176e+00
1.04317460e+00
1.03787546e+00
1.07118437e+00
1.10449328e+00
1.05755800e+00
1.17716728e+00
1.03484737e+00
9.52332112e-01
1.01970696e+00
1.02424908e+00
1.02803419e+00
1.06210012e+00
1.36869353e+00
1.40124542e+00
1.44363858e+00
1.41638584e+00
1.46559219e+00
1.49435897e+00
1.46029304e+00
1.37777778e+00
1.47694750e+00
9.92454212e-01
1.04620269e+00
1.05680098e+00
1.03484737e+00
9.99267399e-01
1.03409035e+00
1.04695971e+00
1.02122100e+00
1.06361416e+00
1.02576313e+00
1.03181929e+00
1.04317460e+00
9.87912088e-01
1.05831502e+00
1.05377289e+00
1.05907204e+00
1.06285714e+00
1.10449328e+00
1.03711844e+00
1.05225885e+00
9.90183150e-01
1.02122100e+00
1.01365079e+00
1.02803419e+00
1.02273504e+00
1.02803419e+00
1.09010989e+00
1.10525031e+00
9.96239316e-01
1.03863248e+00
9.96996337e-01
1.28617827e+00
1.51555556e+00
1.54205128e+00
1.50949939e+00
1.34825397e+00
1.40730159e+00
1.36566545e+00
1.39140415e+00
1.09919414e+00
1.07194139e+00
1.02046398e+00
1.03181929e+00
1.03560440e+00
1.02652015e+00
1.05377289e+00
1.13704518e+00
1.43455433e+00
1.05680098e+00
1.43076923e+00
1.07724054e+00
1.55113553e+00
1.02954823e+00
1.48527473e+00
1.04998779e+00
1.47013431e+00
1.03257631e+00
1.50041514e+00
1.04695971e+00
1.45802198e+00
9.92454212e-01
1.48148962e+00
1.04468864e+00
1.44136752e+00
9.55360195e-01
1.53296703e+00
1.09238095e+00
1.47013431e+00
1.05755800e+00
1.51101343e+00
9.92454212e-01
1.20744811e+00
1.38989011e+00
1.53523810e+00
1.48224664e+00
1.49511600e+00
1.38307692e+00
1.46407814e+00
1.38004884e+00
1.50192918e+00
1.13780220e+00
1.01365079e+00
1.06512821e+00
1.10297924e+00
1.09465201e+00
1.18549451e+00
1.04090354e+00
1.02954823e+00
1.03787546e+00
1.02879121e+00
1.03484737e+00
1.07269841e+00
1.05225885e+00
1.10676435e+00
1.15597070e+00
9.86398046e-01
1.01743590e+00
1.03560440e+00
1.05528694e+00
1.12644689e+00
9.98510379e-01
1.01667888e+00
1.00986569e+00
1.11054945e+00
1.02122100e+00
1.03787546e+00
1.03181929e+00
1.03560440e+00
1.04090354e+00
1.06210012e+00
1.09162393e+00
1.12039072e+00
1.38459096e+00
1.67377289e+00
1.49587302e+00
1.51101343e+00
1.40654457e+00
1.43909646e+00
1.42698413e+00
1.54583639e+00
1.06361416e+00
1.04014652e+00
1.02879121e+00
1.01365079e+00
1.02273504e+00
1.03106227e+00
1.00229548e+00
1.03181929e+00
1.08783883e+00
1.05452991e+00
1.06285714e+00
1.10222222e+00
1.09162393e+00
9.87155067e-01
1.09162393e+00
1.07345543e+00
1.07118437e+00
9.83369963e-01
1.01440781e+00
1.01137973e+00
1.02576313e+00
9.99267399e-01
1.04998779e+00
1.01137973e+00
1.07951160e+00
1.08102564e+00
1.52161172e+00
1.04544567e+00
1.47391941e+00
1.03181929e+00
1.47997558e+00
1.03333333e+00
1.82366300e+00
1.50647131e+00
1.97052503e+00
1.48830281e+00
1.86984127e+00
1.39291819e+00
1.85848596e+00
1.39518926e+00
1.45575092e+00
1.10600733e+00
9.67472527e-01
1.03711844e+00
1.06664225e+00
1.02500611e+00
1.04393162e+00
1.02197802e+00
1.02879121e+00
1.06512821e+00
9.77313797e-01
1.00683761e+00
1.02954823e+00
1.03181929e+00
9.85641026e-01
1.01592186e+00
1.05982906e+00
1.02954823e+00
1.07269841e+00
1.01894994e+00
1.01440781e+00
1.09238095e+00
1.02273504e+00
1.01970696e+00
1.19533578e+00
1.05907204e+00
1.05831502e+00
9.94725275e-01
1.03636142e+00
1.00229548e+00
9.95482295e-01
9.99267399e-01
1.05377289e+00
1.37626374e+00
1.44893773e+00
1.52539683e+00
1.42547009e+00
1.36869353e+00
1.39216117e+00
1.36945055e+00
1.44212454e+00
1.06815629e+00
1.05831502e+00
1.11887668e+00
1.01062271e+00
1.00683761e+00
1.00229548e+00
9.90183150e-01
1.00456654e+00
1.02576313e+00
1.02273504e+00
9.93211233e-01
1.19836386e+00
1.11584860e+00
1.10752137e+00
1.10449328e+00
1.04998779e+00
1.04923077e+00
9.66715507e-01
1.02576313e+00
9.78070818e-01
1.01819292e+00
1.02727717e+00
1.01743590e+00
9.96239316e-01
1.00532357e+00
1.01213675e+00
1.06739927e+00
1.06285714e+00
9.62173382e-01
1.11433455e+00
1.01592186e+00
9.71257631e-01
1.35279609e+00
1.34446886e+00
1.38156288e+00
1.41638584e+00
1.39518926e+00
1.36036630e+00
1.37020757e+00
1.41335775e+00
1.07194139e+00
1.00683761e+00
1.04393162e+00
1.00456654e+00
9.72014652e-01
1.04090354e+00
1.03560440e+00
1.06815629e+00
1.00153846e+00
1.05301587e+00
1.04847375e+00
1.06437118e+00
9.98510379e-01
9.99267399e-01
1.44061050e+00
1.00835165e+00
1.44666667e+00
1.04166056e+00
1.46407814e+00
1.04090354e+00
1.44212454e+00
9.92454212e-01
1.52009768e+00
9.56117216e-01
1.58217338e+00
1.01516484e+00
1.51328449e+00
1.06285714e+00
1.45423687e+00
9.68229548e-01
1.44893773e+00
1.01289377e+00
1.71616606e+00
1.37777778e+00
1.44439560e+00
1.39140415e+00
1.52918193e+00
1.47694750e+00
1.33765568e+00
1.43909646e+00
1.34371184e+00
1.09086691e+00
1.12417582e+00
1.10373626e+00
