2.98744811e+00
2.72175824e+00
2.74910867e+00
2.93040293e+00
2.93743590e+00
2.74910867e+00
2.76161172e+00
2.94993895e+00
2.93587302e+00
2.75379731e+00
2.75536020e+00
2.93899878e+00
2.93978022e+00
2.77020757e+00
2.75692308e+00
2.96556777e+00
3.14998779e+00
2.93821734e+00
2.75614164e+00
2.93743590e+00
2.94837607e+00
2.76864469e+00
2.75223443e+00
2.80927961e+00
2.94134310e+00
2.75379731e+00
2.74285714e+00
2.80927961e+00
2.96166056e+00
2.75223443e+00
2.85069597e+00
2.75223443e+00
2.93899878e+00
2.83194139e+00
2.74989011e+00
2.74363858e+00
3.14608059e+00
2.76161172e+00
2.75301587e+00
2.75770452e+00
2.99448107e+00
2.74285714e+00
2.75457875e+00
2.70925519e+00
2.93978022e+00
2.73504274e+00
2.74207570e+00
2.74832723e+00
2.94446886e+00
2.75301587e+00
2.75067155e+00
2.79677656e+00
2.94368742e+00
2.96244200e+00
2.94525031e+00
2.74989011e+00
2.95775336e+00
2.75379731e+00
2.75379731e+00
2.75301587e+00
2.91164835e+00
2.73660562e+00
2.76239316e+00
2.73660562e+00
2.96244200e+00
2.76239316e+00
2.78271062e+00
2.75457875e+00
2.92180708e+00
2.75457875e+00
2.91555556e+00
2.96166056e+00
3.06793651e+00
2.79365079e+00
2.75536020e+00
2.73973138e+00
2.97885226e+00
2.74676435e+00
2.75614164e+00
2.74676435e+00
2.90930403e+00
2.75067155e+00
2.75926740e+00
2.74910867e+00
2.95072039e+00
2.76473748e+00
2.75379731e+00
2.75536020e+00
3.08200244e+00
2.94681319e+00
2.77645910e+00
2.78505495e+00
2.94915751e+00
2.74910867e+00
2.76004884e+00
2.74989011e+00
2.96791209e+00
2.75457875e+00
2.74676435e+00
2.75301587e+00
2.93665446e+00
2.92102564e+00
2.74989011e+00
2.78739927e+00
2.94915751e+00
2.93431013e+00
2.69206349e+00
2.93196581e+00
3.13748474e+00
2.94446886e+00
2.74520147e+00
2.73660562e+00
2.94368742e+00
2.91789988e+00
2.75379731e+00
2.74754579e+00
2.92180708e+00
2.93274725e+00
2.74520147e+00
2.73504274e+00
2.92571429e+00
2.92649573e+00
2.75770452e+00
2.73426129e+00
2.87413919e+00
3.10935287e+00
3.00932845e+00
2.76004884e+00
2.78192918e+00
2.96322344e+00
2.74051282e+00
2.77177045e+00
2.75145299e+00
2.92258852e+00
2.74754579e+00
2.75536020e+00
2.75145299e+00
2.94134310e+00
2.76708181e+00
2.75770452e+00
2.73738706e+00
2.93743590e+00
2.93352869e+00
3.00307692e+00
2.89289377e+00
2.93274725e+00
2.73582418e+00
2.74989011e+00
2.76161172e+00
2.95931624e+00
2.77880342e+00
2.74989011e+00
2.75926740e+00
2.94681319e+00
2.75926740e+00
2.76630037e+00
2.72644689e+00
2.94134310e+00
2.78192918e+00
2.75379731e+00
2.96556777e+00
2.98588523e+00
2.75848596e+00
2.75223443e+00
2.75926740e+00
2.91164835e+00
2.78583639e+00
2.75301587e+00
2.76786325e+00
2.94681319e+00
2.75692308e+00
2.77333333e+00
2.77177045e+00
2.93587302e+00
2.74832723e+00
2.74989011e+00
2.79990232e+00
2.94134310e+00
2.93978022e+00
2.95072039e+00
2.76239316e+00
2.94681319e+00
2.75301587e+00
2.78271062e+00
2.74754579e+00
2.94993895e+00
2.74442002e+00
2.75379731e+00
2.76161172e+00
2.95384615e+00
2.72722833e+00
2.74754579e+00
2.75614164e+00
2.93899878e+00
2.74363858e+00
2.77177045e+00
2.91868132e+00
3.16561661e+00
2.81787546e+00
2.75379731e+00
2.72410256e+00
2.94525031e+00
2.85382173e+00
2.74442002e+00
2.73973138e+00
2.95540904e+00
2.93743590e+00
2.75145299e+00
2.76473748e+00
2.95384615e+00
2.93040293e+00
2.77333333e+00
2.75926740e+00
2.95775336e+00
3.20000000e+00
2.94525031e+00
2.77645910e+00
2.95931624e+00
2.92649573e+00
2.74910867e+00
2.75145299e+00
2.92493284e+00
2.94681319e+00
2.72722833e+00
2.79990232e+00
2.85929182e+00
2.96947497e+00
2.74910867e+00
2.77177045e+00
2.81006105e+00
2.98588523e+00
2.94681319e+00
2.75614164e+00
2.76161172e+00
2.94993895e+00
2.75379731e+00
2.80849817e+00
2.74989011e+00
2.93509158e+00
2.76786325e+00
2.75301587e+00
2.76004884e+00
2.94134310e+00
2.77489621e+00
2.74520147e+00
2.76786325e+00
3.01167277e+00
2.75848596e+00
2.76395604e+00
2.77098901e+00
3.14998779e+00
2.94759463e+00
2.75145299e+00
2.75067155e+00
2.98041514e+00
2.76239316e+00
2.76239316e+00
2.75692308e+00
2.89211233e+00
2.77333333e+00
2.78739927e+00
2.73973138e+00
2.93978022e+00
2.74598291e+00
2.73582418e+00
2.76239316e+00
2.91321123e+00
2.93665446e+00
2.94603175e+00
2.75614164e+00
2.94681319e+00
2.75301587e+00
2.75536020e+00
2.74051282e+00
2.92493284e+00
2.75926740e+00
2.71863248e+00
2.75536020e+00
2.92884005e+00
2.73426129e+00
2.75223443e+00
2.75848596e+00
2.94837607e+00
2.73113553e+00
2.72253968e+00
2.93118437e+00
3.14373626e+00
2.78583639e+00
2.77958486e+00
2.69206349e+00
2.92962149e+00
2.74520147e+00
2.74051282e+00
2.71863248e+00
2.93196581e+00
2.74989011e+00
2.73347985e+00
2.75223443e+00
2.95150183e+00
2.72957265e+00
2.75223443e+00
2.76161172e+00
2.94525031e+00
2.83741148e+00
2.76395604e+00
2.93743590e+00
2.87413919e+00
2.92727717e+00
2.72566545e+00
2.71238095e+00
2.93978022e+00
2.93665446e+00
2.76239316e+00
2.75926740e+00
2.94759463e+00
2.95072039e+00
2.75223443e+00
2.76864469e+00
2.92024420e+00
2.92493284e+00
2.75379731e+00
2.74129426e+00
3.12263736e+00
3.14686203e+00
2.76786325e+00
2.75223443e+00
2.88742369e+00
2.93743590e+00
2.76083028e+00
2.73269841e+00
2.76473748e+00
2.93978022e+00
2.75770452e+00
2.74363858e+00
2.71081807e+00
2.94056166e+00
2.76864469e+00
2.74989011e+00
2.75770452e+00
3.08669109e+00
2.94681319e+00
2.75770452e+00
2.79912088e+00
2.94759463e+00
2.76942613e+00
2.74832723e+00
2.75848596e+00
2.94056166e+00
2.77333333e+00
2.74676435e+00
2.74989011e+00
2.94525031e+00
2.75457875e+00
2.77958486e+00
2.76239316e+00
2.94134310e+00
2.74676435e+00
2.94368742e+00
2.94446886e+00
2.95697192e+00
2.75379731e+00
2.75536020e+00
2.75692308e+00
2.97728938e+00
2.75770452e+00
2.75145299e+00
2.75067155e+00
2.94603175e+00
2.75145299e+00
2.76317460e+00
2.76161172e+00
2.94915751e+00
2.74832723e+00
2.78349206e+00
2.79052503e+00
2.94525031e+00
2.94212454e+00
2.76786325e+00
2.75536020e+00
2.93274725e+00
2.75145299e+00
2.74832723e+00
2.74520147e+00
3.02495726e+00
2.72488400e+00
2.75067155e+00
2.78818071e+00
2.96322344e+00
2.76942613e+00
2.79912088e+00
2.75223443e+00
2.94915751e+00
2.74676435e+00
2.94212454e+00
2.95697192e+00
2.94368742e+00
2.76083028e+00
2.75145299e+00
2.75614164e+00
2.96322344e+00
2.77880342e+00
2.74051282e+00
2.74285714e+00
3.02808303e+00
2.90930403e+00
2.75848596e+00
2.74910867e+00
2.95228327e+00
2.93431013e+00
2.76395604e+00
2.76004884e+00
3.20000000e+00
3.14529915e+00
2.79990232e+00
2.79208791e+00
2.95384615e+00
2.93040293e+00
2.75379731e+00
2.74910867e+00
2.95306471e+00
2.92727717e+00
2.76942613e+00
2.75145299e+00
2.95775336e+00
2.94134310e+00
2.75614164e+00
2.76786325e+00
2.89133089e+00
3.15936508e+00
2.89914530e+00
2.75223443e+00
2.75926740e+00
2.94446886e+00
2.73504274e+00
2.77489621e+00
2.75614164e+00
2.94056166e+00
2.75848596e+00
2.74285714e+00
2.72175824e+00
2.92884005e+00
2.74520147e+00
2.75301587e+00
2.75536020e+00
2.92180708e+00
2.75067155e+00
2.79052503e+00
2.94993895e+00
2.95853480e+00
2.77724054e+00
2.74676435e+00
2.75301587e+00
2.95150183e+00
2.74285714e+00
2.75536020e+00
2.75770452e+00
2.94446886e+00
2.76551893e+00
2.75457875e+00
2.72566545e+00
2.94056166e+00
2.74754579e+00
2.74363858e+00
2.74129426e+00
3.15076923e+00
2.93040293e+00
2.74207570e+00
2.74207570e+00
2.93196581e+00
2.72175824e+00
2.76239316e+00
2.75145299e+00
2.94290598e+00
2.81396825e+00
2.74754579e+00
2.75301587e+00
2.91555556e+00
2.73738706e+00
2.78739927e+00
2.75848596e+00
2.95228327e+00
2.93587302e+00
2.94290598e+00
2.75926740e+00
2.92805861e+00
2.75457875e+00
2.74754579e+00
2.74832723e+00
2.94525031e+00
2.79286935e+00
2.74754579e+00
2.76239316e+00
2.94446886e+00
2.78818071e+00
2.74129426e+00
2.74832723e+00
2.94446886e+00
2.75457875e+00
2.75614164e+00
2.98197802e+00
3.16170940e+00
2.86085470e+00
2.74989011e+00
2.75379731e+00
2.91555556e+00
2.80380952e+00
2.68346764e+00
2.74676435e+00
2.97963370e+00
2.87179487e+00
2.74051282e+00
2.75614164e+00
2.94915751e+00
2.93352869e+00
2.76161172e+00
2.75770452e+00
2.91477411e+00
2.96869353e+00
2.75457875e+00
2.72800977e+00
2.94134310e+00
2.94837607e+00
2.76239316e+00
2.77880342e+00
2.91399267e+00
2.94368742e+00
2.76083028e+00
2.78427350e+00
2.89758242e+00
2.91321123e+00
2.74989011e+00
2.77177045e+00
2.81084249e+00
2.94525031e+00
2.71550672e+00
2.94134310e+00
2.94446886e+00
2.96244200e+00
2.78661783e+00
2.76551893e+00
2.75770452e+00
3.04371184e+00
2.72410256e+00
2.80380952e+00
2.75379731e+00
2.93821734e+00
2.76239316e+00
2.73426129e+00
2.80146520e+00
2.97416361e+00
2.75536020e+00
2.74676435e+00
2.77958486e+00
3.13592186e+00
2.88898657e+00
2.76239316e+00
2.72488400e+00
2.94134310e+00
2.77098901e+00
2.74129426e+00
2.75145299e+00
2.91477411e+00
2.77958486e+00
2.76473748e+00
2.76786325e+00
2.93587302e+00
2.76864469e+00
2.74520147e+00
2.76630037e+00
2.91711844e+00
2.94446886e+00
2.94056166e+00
2.76317460e+00
2.96791209e+00
2.75926740e+00
2.74598291e+00
2.76473748e+00
2.97728938e+00
2.75457875e+00
2.76161172e+00
2.76473748e+00
2.94603175e+00
2.73113553e+00
2.75614164e+00
2.75614164e+00
2.93743590e+00
2.73816850e+00
2.91399267e+00
2.74989011e+00
2.93509158e+00
2.75848596e+00
2.74676435e+00
2.76864469e+00
2.94993895e+00
2.74832723e+00
2.75223443e+00
2.73894994e+00
2.95697192e+00
2.76395604e+00
2.74676435e+00
2.76161172e+00
2.89289377e+00
2.81084249e+00
2.74832723e+00
2.73504274e+00
2.95072039e+00
2.96166056e+00
2.77489621e+00
2.76473748e+00
2.94134310e+00
2.93040293e+00
2.74207570e+00
2.76630037e+00
2.97963370e+00
2.94446886e+00
2.76083028e+00
2.74442002e+00
2.90930403e+00
2.93118437e+00
2.73660562e+00
2.75770452e+00
2.95619048e+00
2.91633700e+00
2.93821734e+00
2.94446886e+00
2.94290598e+00
2.91008547e+00
2.78114774e+00
2.76708181e+00
2.96244200e+00
2.92727717e+00
2.73504274e+00
2.78192918e+00
2.84288156e+00
2.93821734e+00
2.77333333e+00
2.74598291e+00
2.76630037e+00
2.94525031e+00
2.73426129e+00
2.95931624e+00
2.95619048e+00
2.87882784e+00
2.75614164e+00
2.75536020e+00
2.74207570e+00
2.91086691e+00
2.75614164e+00
2.74989011e+00
2.76004884e+00
2.94134310e+00
2.78114774e+00
2.73973138e+00
2.75379731e+00
2.94837607e+00
2.74989011e+00
2.81787546e+00
2.72175824e+00
3.13514042e+00
2.73738706e+00
2.74754579e+00
2.79833944e+00
2.96009768e+00
2.74520147e+00
2.72332112e+00
2.74989011e+00
2.93821734e+00
2.75379731e+00
2.75536020e+00
2.78583639e+00
2.93821734e+00
2.77489621e+00
2.72566545e+00
2.74129426e+00
2.93743590e+00
2.74676435e+00
2.81240537e+00
2.99291819e+00
2.97025641e+00
2.74989011e+00
2.74676435e+00
2.75770452e+00
2.92024420e+00
2.75223443e+00
2.75926740e+00
2.75301587e+00
2.93978022e+00
2.79599512e+00
2.76551893e+00
2.81240537e+00
2.94759463e+00
2.76395604e+00
2.75301587e+00
2.74442002e+00
3.15936508e+00
2.94212454e+00
2.79677656e+00
2.72332112e+00
2.94056166e+00
2.73973138e+00
2.75223443e+00
2.75536020e+00
2.93743590e+00
2.75848596e+00
2.70691087e+00
2.74754579e+00
2.95150183e+00
2.81631258e+00
2.73894994e+00
2.76786325e+00
2.95384615e+00
3.17968254e+00
2.90461538e+00
2.76786325e+00
3.00620269e+00
2.92336996e+00
2.73504274e+00
2.77177045e+00
2.95619048e+00
2.93040293e+00
2.75145299e+00
2.74989011e+00
2.98354090e+00
2.93431013e+00
2.75301587e+00
2.75301587e+00
2.89836386e+00
2.94603175e+00
2.75301587e+00
2.97807082e+00
3.07106227e+00
2.92493284e+00
2.78192918e+00
2.75457875e+00
2.88507937e+00
2.98432234e+00
2.73035409e+00
2.77411477e+00
2.76239316e+00
2.92258852e+00
2.75536020e+00
2.74754579e+00
2.75223443e+00
2.93274725e+00
2.75067155e+00
2.75926740e+00
2.75614164e+00
2.92884005e+00
2.94681319e+00
2.73660562e+00
2.75067155e+00
2.92336996e+00
2.79130647e+00
2.75848596e+00
2.69987790e+00
2.93743590e+00
2.76708181e+00
2.74989011e+00
2.76395604e+00
2.94212454e+00
2.79208791e+00
2.77255189e+00
2.79677656e+00
2.94915751e+00
2.94759463e+00
2.94134310e+00
2.72253968e+00
2.93587302e+00
2.74989011e+00
2.76083028e+00
2.74207570e+00
2.94134310e+00
2.77567766e+00
2.75301587e+00
2.72644689e+00
2.94993895e+00
2.73035409e+00
2.78583639e+00
2.75770452e+00
2.94993895e+00
2.74910867e+00
2.76473748e+00
3.01323565e+00
3.13592186e+00
2.75457875e+00
2.76004884e+00
2.77489621e+00
2.91946276e+00
2.76317460e+00
2.75379731e+00
2.75692308e+00
2.94993895e+00
2.79833944e+00
2.75614164e+00
2.74207570e+00
2.94681319e+00
2.75067155e+00
2.74989011e+00
2.74989011e+00
3.11169719e+00
2.95150183e+00
2.88820513e+00
2.73191697e+00
2.94759463e+00
2.75457875e+00
2.76473748e+00
2.77098901e+00
2.96400488e+00
2.76395604e+00
2.74363858e+00
2.74129426e+00
2.96947497e+00
2.88039072e+00
2.75457875e+00
2.72644689e+00
2.95150183e+00
2.92727717e+00
2.93196581e+00
2.76004884e+00
3.15311355e+00
2.97181929e+00
2.74910867e+00
2.73113553e+00
2.94681319e+00
2.90070818e+00
2.74676435e+00
2.74676435e+00
2.94134310e+00
2.96244200e+00
2.78427350e+00
2.76708181e+00
2.94681319e+00
2.97416361e+00
2.76942613e+00
2.74285714e+00
2.87179487e+00
3.14061050e+00
2.94993895e+00
2.75145299e+00
2.78271062e+00
2.96087912e+00
2.76864469e+00
2.75926740e+00
2.75223443e+00
2.87960928e+00
2.74989011e+00
2.75926740e+00
2.74989011e+00
2.95150183e+00
2.74676435e+00
2.75926740e+00
2.74676435e+00
2.92493284e+00
2.75614164e+00
2.91868132e+00
2.93509158e+00
2.97103785e+00
2.76004884e+00
2.75614164e+00
2.78427350e+00
2.93274725e+00
2.75223443e+00
2.75926740e+00
2.75457875e+00
2.93978022e+00
2.76161172e+00
2.75692308e+00
2.74910867e+00
2.94525031e+00
2.73035409e+00
2.77333333e+00
2.83741148e+00
3.16249084e+00
2.75379731e+00
2.77177045e+00
2.75926740e+00
2.95150183e+00
2.74520147e+00
2.75614164e+00
2.74989011e+00
2.94056166e+00
2.75614164e+00
2.75770452e+00
2.75536020e+00
2.94603175e+00
2.73894994e+00
2.73738706e+00
2.73269841e+00
2.94446886e+00
2.72253968e+00
2.93821734e+00
2.96869353e+00
2.85460317e+00
2.74676435e+00
2.70925519e+00
2.74910867e+00
2.94056166e+00
2.74832723e+00
2.75848596e+00
2.71550672e+00
2.95931624e+00
2.75536020e+00
2.75223443e+00
2.74754579e+00
2.98354090e+00
2.74520147e+00
2.73738706e+00
2.93899878e+00
3.19296703e+00
2.77177045e+00
2.73973138e+00
2.75770452e+00
2.95540904e+00
2.82490842e+00
2.78036630e+00
2.72253968e+00
2.95853480e+00
2.92962149e+00
2.73816850e+00
2.73191697e+00
2.94368742e+00
2.94056166e+00
2.74676435e+00
2.75692308e+00
2.94993895e+00
3.14764347e+00
2.94837607e+00
2.77645910e+00
2.95306471e+00
2.91555556e+00
2.73973138e+00
2.76239316e+00
2.92493284e+00
2.94993895e+00
2.77098901e+00
2.73504274e+00
2.87882784e+00
2.96009768e+00
2.76395604e+00
2.84835165e+00
2.74285714e+00
2.94446886e+00
2.75614164e+00
2.94290598e+00
2.74910867e+00
2.95931624e+00
2.72253968e+00
2.74598291e+00
2.79990232e+00
2.93665446e+00
2.74989011e+00
2.75457875e+00
2.70456654e+00
2.94603175e+00
2.73660562e+00
2.75770452e+00
2.75223443e+00
2.97103785e+00
2.74676435e+00
2.77177045e+00
2.74989011e+00
2.94056166e+00
2.80615385e+00
2.75536020e+00
2.73660562e+00
2.94446886e+00
2.75926740e+00
2.73738706e+00
2.75379731e+00
2.94368742e+00
2.75145299e+00
2.74832723e+00
2.74910867e+00
2.93821734e+00
2.81787546e+00
2.74520147e+00
2.74129426e+00
2.94759463e+00
2.92962149e+00
2.92180708e+00
2.74285714e+00
2.93978022e+00
2.73894994e+00
2.74989011e+00
2.74989011e+00
2.93899878e+00
2.75223443e+00
2.75067155e+00
2.77098901e+00
2.92571429e+00
2.75379731e+00
2.77645910e+00
2.72879121e+00
2.94525031e+00
2.75301587e+00
2.76004884e+00
2.94134310e+00
3.15623932e+00
2.75692308e+00
2.78036630e+00
2.76473748e+00
2.94368742e+00
2.76786325e+00
2.75301587e+00
2.76161172e+00
2.89758242e+00
2.76083028e+00
2.74754579e+00
2.75379731e+00
2.96791209e+00
2.77489621e+00
2.75457875e+00
2.75223443e+00
2.94759463e+00
2.99995116e+00
2.73973138e+00
2.76864469e+00
2.99291819e+00
2.93587302e+00
2.72175824e+00
2.77255189e+00
2.94993895e+00
2.90930403e+00
2.75614164e+00
2.73816850e+00
2.97181929e+00
2.93509158e+00
2.75614164e+00
2.77020757e+00
2.94681319e+00
2.90617827e+00
2.75457875e+00
2.75614164e+00
3.13123321e+00
2.96478632e+00
2.76004884e+00
2.75692308e+00
2.88429792e+00
2.93509158e+00
2.74989011e+00
2.81240537e+00
2.78896215e+00
2.93665446e+00
2.75926740e+00
2.78036630e+00
2.77098901e+00
2.94212454e+00
2.76239316e+00
2.75145299e+00
2.91477411e+00
3.15389499e+00
2.94681319e+00
2.79990232e+00
2.76239316e+00
2.94603175e+00
2.76317460e+00
2.75536020e+00
2.83741148e+00
2.94056166e+00
2.69909646e+00
2.74989011e+00
2.74832723e+00
2.88742369e+00
2.78114774e+00
2.75692308e+00
2.73504274e+00
2.95150183e+00
2.94368742e+00
2.92571429e+00
2.76864469e+00
2.94056166e+00
2.76161172e+00
2.76239316e+00
2.74676435e+00
2.94446886e+00
2.71316239e+00
2.75457875e+00
2.76551893e+00
2.92180708e+00
2.79130647e+00
2.72957265e+00
2.73660562e+00
2.95228327e+00
2.73504274e+00
2.75301587e+00
2.89758242e+00
3.13826618e+00
2.76395604e+00
2.76630037e+00
2.76551893e+00
2.94446886e+00
2.75536020e+00
2.76317460e+00
2.75301587e+00
2.92649573e+00
2.79990232e+00
2.75770452e+00
2.74598291e+00
2.92805861e+00
2.78427350e+00
2.75926740e+00
2.75692308e+00
2.94290598e+00
2.74520147e+00
2.94681319e+00
2.77489621e+00
2.94993895e+00
2.74989011e+00
2.75770452e+00
2.78114774e+00
2.98979243e+00
2.76239316e+00
2.73894994e+00
2.73504274e+00
2.96556777e+00
2.85772894e+00
2.76317460e+00
2.75145299e+00
2.95619048e+00
3.00385836e+00
2.76942613e+00
2.93978022e+00
3.13435897e+00
2.95853480e+00
2.71785104e+00
2.79052503e+00
2.97025641e+00
2.95384615e+00
2.74207570e+00
2.75379731e+00
2.93978022e+00
2.93743590e+00
2.77724054e+00
2.75301587e+00
2.90852259e+00
2.93040293e+00
2.76630037e+00
2.77880342e+00
3.07809524e+00
3.14686203e+00
2.74442002e+00
2.76395604e+00
2.81240537e+00
2.92962149e+00
2.74989011e+00
2.76942613e+00
2.74598291e+00
2.91946276e+00
2.72879121e+00
2.75536020e+00
2.73816850e+00
2.94525031e+00
2.74442002e+00
2.76395604e+00
2.73191697e+00
3.16249084e+00
2.94525031e+00
2.76004884e+00
2.76864469e+00
2.94368742e+00
2.77411477e+00
2.75848596e+00
2.75223443e+00
2.92493284e+00
2.75926740e+00
2.73426129e+00
2.75457875e+00
3.03667888e+00
2.76942613e+00
2.75301587e+00
2.81709402e+00
2.94681319e+00
2.75536020e+00
2.94290598e+00
2.75067155e+00
3.15311355e+00
2.75614164e+00
2.73426129e+00
2.79599512e+00
2.93274725e+00
2.76239316e+00
2.75067155e+00
2.75301587e+00
2.93978022e+00
2.76239316e+00
2.74832723e+00
2.75614164e+00
2.91399267e+00
2.80302808e+00
2.74910867e+00
2.74676435e+00
3.14920635e+00
2.92336996e+00
2.80146520e+00
2.75301587e+00
2.97494505e+00
2.74363858e+00
2.77489621e+00
2.76864469e+00
2.94368742e+00
2.75067155e+00
2.75848596e+00
2.74129426e+00
2.94212454e+00
2.75926740e+00
2.76083028e+00
2.74207570e+00
2.93040293e+00
2.73035409e+00
2.93431013e+00
2.93899878e+00
2.96087912e+00
2.76239316e+00
2.80849817e+00
2.76083028e+00
2.93743590e+00
2.78427350e+00
2.75145299e+00
2.75536020e+00
2.94915751e+00
2.93743590e+00
2.75692308e+00
2.75848596e+00
2.97338217e+00
2.93743590e+00
2.73504274e+00
2.75379731e+00
3.13748474e+00
3.14998779e+00
2.75692308e+00
2.76708181e+00
2.97103785e+00
2.91555556e+00
2.75067155e+00
2.74989011e+00
2.94290598e+00
2.93743590e+00
2.75145299e+00
2.74989011e+00
2.89445665e+00
2.92493284e+00
2.75457875e+00
2.75457875e+00
2.86319902e+00
2.94681319e+00
2.79912088e+00
2.93743590e+00
2.78818071e+00
2.92884005e+00
2.74598291e+00
2.73738706e+00
2.75379731e+00
2.97807082e+00
2.74832723e+00
2.75379731e+00
2.75223443e+00
2.94212454e+00
2.75379731e+00
2.76864469e+00
2.75770452e+00
2.94368742e+00
2.75770452e+00
2.78661783e+00
2.93118437e+00
3.14764347e+00
2.75692308e+00
2.76083028e+00
2.73738706e+00
2.99213675e+00
2.75614164e+00
2.74520147e+00
2.76864469e+00
2.93431013e+00
2.75692308e+00
2.74676435e+00
2.74676435e+00
2.94056166e+00
2.76942613e+00
2.74910867e+00
2.75536020e+00
2.93431013e+00
2.95150183e+00
2.94446886e+00
2.76161172e+00
2.94759463e+00
2.74363858e+00
2.73426129e+00
2.77020757e+00
2.95306471e+00
2.75457875e+00
2.74363858e+00
2.79521368e+00
2.92180708e+00
2.75926740e+00
2.74598291e+00
2.85225885e+00
2.94915751e+00
2.72019536e+00
2.74989011e+00
2.93743590e+00
2.94525031e+00
2.75770452e+00
2.82647131e+00
2.74520147e+00
2.95150183e+00
2.73738706e+00
2.75770452e+00
2.74363858e+00
2.96947497e+00
2.78505495e+00
2.76395604e+00
2.74989011e+00
2.94134310e+00
2.74363858e+00
2.76239316e+00
2.75379731e+00
2.95306471e+00
2.76786325e+00
2.92805861e+00
2.76083028e+00
3.01557998e+00
2.93352869e+00
2.72722833e+00
2.77020757e+00
2.95853480e+00
2.94056166e+00
2.76161172e+00
2.75379731e+00
2.93587302e+00
2.93509158e+00
2.72332112e+00
2.72879121e+00
2.98119658e+00
2.92415140e+00
2.74989011e+00
2.93978022e+00
3.13982906e+00
2.93899878e+00
2.74754579e+00
2.74598291e+00
2.88820513e+00
2.94212454e+00
2.76395604e+00
2.78192918e+00
2.79755800e+00
2.93821734e+00
2.75379731e+00
2.77567766e+00
2.76786325e+00
2.93352869e+00
2.78974359e+00
2.77489621e+00
2.78739927e+00
3.13357753e+00
2.96478632e+00
2.75379731e+00
2.73269841e+00
2.94837607e+00
2.73894994e+00
2.74520147e+00
2.74285714e+00
2.94915751e+00
2.72644689e+00
2.75301587e+00
2.76161172e+00
2.96556777e+00
2.75848596e+00
2.76239316e+00
2.72957265e+00
2.94603175e+00
2.88820513e+00
2.75301587e+00
2.77489621e+00
2.98744811e+00
2.75379731e+00
2.76161172e+00
2.75536020e+00
2.92336996e+00
2.73738706e+00
2.75848596e+00
2.75301587e+00
2.95228327e+00
2.77255189e+00
2.74754579e+00
2.75692308e+00
2.94915751e+00
2.76395604e+00
2.76083028e+00
2.75614164e+00
3.13904762e+00
2.91555556e+00
2.74754579e+00
2.77177045e+00
2.95775336e+00
2.75223443e+00
2.72957265e+00
2.76630037e+00
2.94759463e+00
2.77255189e+00
2.74676435e+00
2.74989011e+00
2.93978022e+00
2.79990232e+00
2.74910867e+00
2.75223443e+00
2.97181929e+00
2.74910867e+00
2.94368742e+00
2.95384615e+00
2.96713065e+00
2.75457875e+00
2.73973138e+00
2.75848596e+00
2.94759463e+00
2.76317460e+00
2.76864469e+00
2.75379731e+00
2.94681319e+00
2.90774115e+00
2.74989011e+00
2.75926740e+00
2.92727717e+00
2.95853480e+00
2.76630037e+00
2.74754579e+00
3.15233211e+00
3.12341880e+00
2.76161172e+00
2.70456654e+00
2.95150183e+00
2.91555556e+00
2.75770452e+00
2.74910867e+00
2.93665446e+00
2.93743590e+00
2.75145299e+00
2.76864469e+00
2.93274725e+00
2.92884005e+00
2.75770452e+00
2.75223443e+00
2.89601954e+00
2.92024420e+00
2.77411477e+00
2.94759463e+00
2.97416361e+00
2.94368742e+00
2.75614164e+00
2.76083028e+00
2.74207570e+00
2.95462759e+00
2.74598291e+00
2.74363858e+00
2.73660562e+00
2.92415140e+00
2.74442002e+00
2.74207570e+00
2.73504274e+00
2.97494505e+00
2.75926740e+00
2.85772894e+00
2.93431013e+00
3.15780220e+00
2.75848596e+00
2.74989011e+00
2.74520147e+00
2.92884005e+00
2.74910867e+00
2.73582418e+00
2.75301587e+00
2.96244200e+00
2.78427350e+00
2.76864469e+00
2.78739927e+00
2.94603175e+00
2.73113553e+00
2.77567766e+00
2.74989011e+00
2.92258852e+00
2.94993895e+00
2.94446886e+00
2.70222222e+00
2.94212454e+00
2.76630037e+00
2.74442002e+00
2.75926740e+00
2.94446886e+00
2.75614164e+00
2.74363858e+00
2.75457875e+00
2.96244200e+00
2.76864469e+00
2.76551893e+00
2.74754579e+00
2.94525031e+00
2.72879121e+00
2.78036630e+00
2.94056166e+00
2.96009768e+00
2.75223443e+00
2.77880342e+00
2.79286935e+00
2.94368742e+00
2.74754579e+00
2.75301587e+00
2.79990232e+00
2.93431013e+00
2.76239316e+00
2.75457875e+00
2.75536020e+00
2.94525031e+00
2.70612943e+00
2.75145299e+00
2.76942613e+00
2.95931624e+00
2.94603175e+00
2.97963370e+00
2.75379731e+00
2.93899878e+00
2.92571429e+00
2.75301587e+00
2.77489621e+00
2.94915751e+00
2.92493284e+00
2.78114774e+00
2.83741148e+00
2.95462759e+00
2.93118437e+00
2.77333333e+00
2.76708181e+00
2.95775336e+00
2.92180708e+00
2.74754579e+00
2.96869353e+00
3.14451770e+00
3.01948718e+00
2.74363858e+00
2.73191697e+00
2.93431013e+00
2.93743590e+00
2.75848596e+00
2.77958486e+00
2.87492063e+00
2.92962149e+00
2.75536020e+00
2.74207570e+00
2.76551893e+00
2.94993895e+00
2.74520147e+00
2.74129426e+00
2.73426129e+00
3.13670330e+00
2.94837607e+00
2.75848596e+00
2.73504274e+00
2.96400488e+00
2.75223443e+00
2.74754579e+00
2.76239316e+00
2.93040293e+00
2.74285714e+00
2.74598291e+00
2.75145299e+00
2.93743590e+00
2.74989011e+00
2.75848596e+00
2.74754579e+00
2.94212454e+00
2.95150183e+00
2.75692308e+00
2.75692308e+00
2.93118437e+00
2.75457875e+00
2.75301587e+00
2.75379731e+00
2.95775336e+00
2.75223443e+00
2.75848596e+00
2.79990232e+00
2.94056166e+00
2.76317460e+00
2.75457875e+00
2.75223443e+00
2.94446886e+00
2.75223443e+00
2.77724054e+00
2.75301587e+00
3.15467643e+00
2.92180708e+00
2.76317460e+00
2.75457875e+00
2.91555556e+00
2.75614164e+00
2.77255189e+00
2.76473748e+00
2.93431013e+00
2.71706960e+00
2.76551893e+00
2.75145299e+00
2.92493284e+00
2.75379731e+00
2.76161172e+00
2.75536020e+00
2.95462759e+00
2.75301587e+00
2.97885226e+00
3.02339438e+00
2.96087912e+00
2.74989011e+00
2.77177045e+00
2.79912088e+00
2.90852259e+00
2.76395604e+00
2.74051282e+00
2.74598291e+00
2.91555556e+00
2.75848596e+00
2.74989011e+00
2.75926740e+00
2.95540904e+00
2.96087912e+00
2.73816850e+00
2.75614164e+00
3.15936508e+00
3.13514042e+00
2.70612943e+00
2.75614164e+00
2.94603175e+00
2.94368742e+00
2.75067155e+00
2.73269841e+00
2.97494505e+00
2.95306471e+00
2.74676435e+00
2.74989011e+00
2.95462759e+00
2.93196581e+00
2.75301587e+00
2.74129426e+00
2.91086691e+00
2.92571429e+00
2.72957265e+00
2.94212454e+00
3.03120879e+00
2.94681319e+00
2.75536020e+00
2.72566545e+00
2.75223443e+00
2.93743590e+00
2.74754579e+00
2.72175824e+00
2.77567766e+00
2.93821734e+00
2.75457875e+00
2.79208791e+00
2.81787546e+00
2.94603175e+00
2.75692308e+00
2.73269841e+00
2.93040293e+00
3.14998779e+00
2.75770452e+00
2.75614164e+00
2.74363858e+00
2.92180708e+00
2.76551893e+00
2.72957265e+00
2.76083028e+00
2.93899878e+00
2.75223443e+00
2.79052503e+00
2.75145299e+00
2.95384615e+00
2.72332112e+00
2.74910867e+00
2.72644689e+00
2.96244200e+00
2.93978022e+00
2.94212454e+00
2.75145299e+00
2.92962149e+00
2.72800977e+00
2.75457875e+00
2.76786325e+00
2.93509158e+00
2.69987790e+00
2.74754579e+00
2.74989011e+00
2.93587302e+00
2.76317460e+00
2.75614164e+00
2.76395604e+00
2.94837607e+00
2.78349206e+00
2.75926740e+00
2.96244200e+00
2.94525031e+00
2.95072039e+00
2.76786325e+00
2.79990232e+00
2.93665446e+00
2.74910867e+00
2.75301587e+00
2.74207570e+00
2.94681319e+00
2.75067155e+00
2.75692308e+00
2.76864469e+00
2.94759463e+00
2.76551893e+00
2.73738706e+00
2.72566545e+00
2.95306471e+00
2.76786325e+00
2.95697192e+00
2.93821734e+00
2.95540904e+00
2.78661783e+00
2.77880342e+00
2.74442002e+00
2.94212454e+00
2.94759463e+00
2.75223443e+00
2.75223443e+00
2.96556777e+00
2.92884005e+00
2.73426129e+00
2.75614164e+00
2.95150183e+00
2.91946276e+00
2.75614164e+00
2.92415140e+00
3.11560440e+00
2.94681319e+00
2.76004884e+00
2.75848596e+00
2.93978022e+00
2.92727717e+00
2.72253968e+00
2.72800977e+00
2.90617827e+00
2.92805861e+00
2.74989011e+00
2.74989011e+00
2.80224664e+00
2.94993895e+00
2.75301587e+00
2.74520147e+00
2.75223443e+00
3.12967033e+00
2.94915751e+00
2.75457875e+00
2.75301587e+00
2.95306471e+00
2.71628816e+00
2.74363858e+00
2.75457875e+00
2.94134310e+00
2.72097680e+00
2.73426129e+00
2.75614164e+00
2.93743590e+00
2.76239316e+00
2.73816850e+00
2.77880342e+00
2.92727717e+00
2.76083028e+00
2.75536020e+00
2.76551893e+00
3.17499389e+00
2.76004884e+00
2.75223443e+00
2.74442002e+00
2.99057387e+00
2.74129426e+00
2.75301587e+00
2.74207570e+00
2.94603175e+00
2.78271062e+00
2.75848596e+00
2.75536020e+00
2.94993895e+00
2.76161172e+00
2.78271062e+00
2.76239316e+00
2.93118437e+00
2.95853480e+00
2.94134310e+00
2.74285714e+00
2.96478632e+00
2.73347985e+00
2.73269841e+00
2.74520147e+00
2.94759463e+00
2.76708181e+00
2.74910867e+00
2.75379731e+00
2.94837607e+00
2.77020757e+00
2.75848596e+00
2.74129426e+00
2.95228327e+00
2.74989011e+00
2.74129426e+00
2.94603175e+00
3.15233211e+00
2.74520147e+00
2.75379731e+00
2.76239316e+00
2.93665446e+00
2.76239316e+00
2.75770452e+00
2.75536020e+00
2.94603175e+00
2.80771673e+00
2.75301587e+00
2.74598291e+00
2.94290598e+00
2.79286935e+00
2.81474969e+00
2.76083028e+00
2.94603175e+00
2.92962149e+00
2.71706960e+00
2.84757021e+00
2.95619048e+00
2.99760684e+00
2.76473748e+00
2.80771673e+00
2.94368742e+00
2.93352869e+00
2.76942613e+00
2.74832723e+00
2.92102564e+00
2.95228327e+00
2.75223443e+00
2.77020757e+00
2.90852259e+00
2.90617827e+00
2.76864469e+00
2.75926740e+00
3.05934066e+00
3.14764347e+00
2.75067155e+00
2.74442002e+00
2.76239316e+00
2.95540904e+00
2.75457875e+00
2.75926740e+00
2.74442002e+00
2.94759463e+00
2.73582418e+00
2.74989011e+00
2.75457875e+00
2.93274725e+00
2.75379731e+00
2.77333333e+00
2.74754579e+00
2.91789988e+00
2.87570208e+00
2.94212454e+00
2.76942613e+00
2.96244200e+00
2.74989011e+00
2.80927961e+00
2.74129426e+00
2.92336996e+00
2.75770452e+00
2.74129426e+00
2.78427350e+00
2.94368742e+00
2.75926740e+00
2.76551893e+00
2.76864469e+00
2.91868132e+00
2.76317460e+00
2.77098901e+00
2.94525031e+00
2.95540904e+00
2.74754579e+00
2.76942613e+00
2.77880342e+00
2.94603175e+00
2.73035409e+00
2.78114774e+00
2.74910867e+00
2.94290598e+00
2.75926740e+00
2.77489621e+00
2.75770452e+00
2.94993895e+00
2.76473748e+00
2.76004884e+00
2.76317460e+00
2.93118437e+00
2.94056166e+00
2.91555556e+00
2.93978022e+00
2.96478632e+00
2.72488400e+00
2.75770452e+00
2.75067155e+00
2.94837607e+00
2.70691087e+00
2.77177045e+00
2.74363858e+00
2.92962149e+00
2.75145299e+00
2.77333333e+00
2.76083028e+00
2.95384615e+00
2.77255189e+00
2.76395604e+00
2.74754579e+00
3.15155067e+00
2.98119658e+00
2.76630037e+00
2.75536020e+00
2.98666667e+00
2.94759463e+00
2.76473748e+00
2.77802198e+00
2.94993895e+00
2.89133089e+00
2.82803419e+00
2.75926740e+00
2.95619048e+00
2.94525031e+00
2.70456654e+00
2.75848596e+00
2.94681319e+00
2.93821734e+00
2.96634921e+00
2.80537241e+00
2.98275946e+00
2.94446886e+00
2.77411477e+00
2.74989011e+00
2.90617827e+00
2.91086691e+00
2.76239316e+00
2.72957265e+00
2.80615385e+00
2.93509158e+00
2.79521368e+00
2.75848596e+00
2.74910867e+00
2.94368742e+00
2.74910867e+00
2.74598291e+00
2.75145299e+00
3.10935287e+00
2.93899878e+00
2.73738706e+00
2.71238095e+00
2.93509158e+00
2.71003663e+00
2.74676435e+00
2.71863248e+00
2.93196581e+00
2.75223443e+00
2.75457875e+00
2.74989011e+00
2.93899878e+00
2.70847375e+00
2.75926740e+00
2.75301587e+00
2.91555556e+00
2.73582418e+00
2.94212454e+00
2.94681319e+00
2.99526252e+00
2.74989011e+00
2.72800977e+00
2.76161172e+00
2.94681319e+00
2.74989011e+00
2.74989011e+00
2.69362637e+00
2.95228327e+00
2.75770452e+00
2.74363858e+00
2.75223443e+00
2.99291819e+00
2.74051282e+00
2.77802198e+00
2.75223443e+00
3.12967033e+00
2.93899878e+00
2.70456654e+00
2.75145299e+00
2.93821734e+00
2.74910867e+00
2.75301587e+00
2.71785104e+00
2.95306471e+00
2.73738706e+00
2.75692308e+00
2.73738706e+00
2.94525031e+00
2.75457875e+00
2.75145299e+00
2.75770452e+00
2.96947497e+00
2.70691087e+00
2.74754579e+00
2.95619048e+00
3.15155067e+00
2.77411477e+00
2.75223443e+00
2.74285714e+00
2.91555556e+00
2.77177045e+00
2.73504274e+00
2.72644689e+00
2.94993895e+00
2.93352869e+00
2.75223443e+00
2.79833944e+00
2.95931624e+00
2.93352869e+00
2.74129426e+00
2.76239316e+00
2.88976801e+00
3.09450549e+00
2.94993895e+00
2.75536020e+00
2.94993895e+00
2.93352869e+00
2.74832723e+00
2.74832723e+00
2.98119658e+00
2.92336996e+00
2.77567766e+00
2.78114774e+00
2.91242979e+00
2.95540904e+00
2.75770452e+00
2.72488400e+00
2.82803419e+00
2.95306471e+00
2.74051282e+00
2.93352869e+00
2.94993895e+00
2.96478632e+00
2.76004884e+00
2.75223443e+00
2.75926740e+00
2.92415140e+00
2.74520147e+00
2.74676435e+00
2.75301587e+00
2.95150183e+00
2.80615385e+00
2.78739927e+00
2.75457875e+00
2.93978022e+00
2.75145299e+00
2.76473748e+00
2.75926740e+00
2.94368742e+00
2.94290598e+00
2.92493284e+00
2.76161172e+00
2.95619048e+00
2.74520147e+00
2.75223443e+00
2.69362637e+00
2.93587302e+00
2.79208791e+00
2.74832723e+00
2.75536020e+00
2.96556777e+00
2.71159951e+00
2.79130647e+00
2.75379731e+00
2.94993895e+00
2.74676435e+00
2.76786325e+00
2.84444444e+00
3.14842491e+00
2.95619048e+00
2.75770452e+00
2.75926740e+00
2.96087912e+00
2.74363858e+00
2.76708181e+00
2.77802198e+00
2.94759463e+00
2.76239316e+00
2.75457875e+00
2.75770452e+00
2.97103785e+00
2.75770452e+00
2.77645910e+00
2.76161172e+00
2.94290598e+00
2.76161172e+00
2.94134310e+00
2.75848596e+00
2.94290598e+00
2.78427350e+00
2.77880342e+00
2.79365079e+00
2.94993895e+00
2.75926740e+00
2.75301587e+00
2.73426129e+00
2.94915751e+00
2.76004884e+00
2.77489621e+00
2.85069597e+00
2.98197802e+00
2.90539683e+00
2.77098901e+00
2.75301587e+00
2.94525031e+00
3.13357753e+00
2.94993895e+00
2.72488400e+00
2.95306471e+00
2.94681319e+00
2.75067155e+00
2.74207570e+00
2.91321123e+00
2.94056166e+00
2.75379731e+00
2.77098901e+00
2.92024420e+00
2.93978022e+00
2.76083028e+00
2.72644689e+00
2.87179487e+00
2.93118437e+00
2.70925519e+00
2.93899878e+00
3.03746032e+00
2.96009768e+00
2.74832723e+00
2.75301587e+00
2.75301587e+00
2.90852259e+00
2.76942613e+00
2.75692308e+00
2.76395604e+00
2.93431013e+00
2.75536020e+00
2.77958486e+00
2.75457875e+00
2.95462759e+00
2.75692308e+00
2.75067155e+00
2.93978022e+00
3.14217338e+00
2.94837607e+00
2.74832723e+00
2.74989011e+00
2.93899878e+00
2.75926740e+00
2.77489621e+00
2.74989011e+00
2.95462759e+00
2.76864469e+00
2.75301587e+00
2.76630037e+00
2.94525031e+00
2.77177045e+00
2.77958486e+00
2.77411477e+00
2.94290598e+00
2.94368742e+00
2.78036630e+00
2.93274725e+00
2.94837607e+00
2.78818071e+00
2.74910867e+00
2.75926740e+00
2.93196581e+00
2.75692308e+00
2.73894994e+00
2.75301587e+00
2.96869353e+00
2.73660562e+00
2.75614164e+00
2.75848596e+00
2.96009768e+00
2.74363858e+00
2.76004884e+00
2.75692308e+00
3.14842491e+00
2.94525031e+00
2.73660562e+00
2.74989011e+00
2.94368742e+00
2.75926740e+00
2.74989011e+00
2.75223443e+00
3.03120879e+00
2.76864469e+00
2.73269841e+00
2.75536020e+00
2.98432234e+00
2.76473748e+00
2.74363858e+00
2.73973138e+00
2.94993895e+00
2.79677656e+00
2.95228327e+00
2.95150183e+00
2.94915751e+00
2.79208791e+00
2.72644689e+00
2.72879121e+00
2.94603175e+00
2.94056166e+00
2.74676435e+00
2.73816850e+00
2.93587302e+00
2.93431013e+00
2.75770452e+00
2.74598291e+00
3.02495726e+00
2.92102564e+00
2.74989011e+00
2.75536020e+00
3.15389499e+00
2.93274725e+00
2.75379731e+00
2.75067155e+00
2.93743590e+00
2.93978022e+00
2.74363858e+00
2.74442002e+00
2.90148962e+00
2.94056166e+00
2.75145299e+00
2.72879121e+00
2.83975580e+00
2.94290598e+00
2.74129426e+00
2.75301587e+00
2.75457875e+00
2.94837607e+00
2.93743590e+00
2.94993895e+00
2.76395604e+00
2.96634921e+00
2.74676435e+00
2.75145299e+00
2.74989011e+00
2.94837607e+00
2.70847375e+00
2.74363858e+00
2.75301587e+00
2.92102564e+00
2.76004884e+00
2.74363858e+00
2.71706960e+00
2.95384615e+00
2.76317460e+00
2.75614164e+00
2.93431013e+00
3.14686203e+00
2.76083028e+00
2.77177045e+00
2.75067155e+00
2.95775336e+00
2.73113553e+00
2.76239316e+00
2.77177045e+00
2.93821734e+00
2.77645910e+00
2.79677656e+00
2.74910867e+00
2.94681319e+00
2.76239316e+00
2.78505495e+00
2.75692308e+00
2.94915751e+00
2.92336996e+00
2.94681319e+00
2.70300366e+00
2.93509158e+00
2.76864469e+00
2.76161172e+00
2.75301587e+00
2.97181929e+00
2.77489621e+00
2.76161172e+00
2.74989011e+00
2.95072039e+00
2.75457875e+00
2.77724054e+00
2.75692308e+00
2.94993895e+00
2.76161172e+00
2.73738706e+00
2.76239316e+00
2.97728938e+00
2.76473748e+00
2.75457875e+00
2.73973138e+00
2.94056166e+00
2.75926740e+00
2.75301587e+00
2.76161172e+00
2.98432234e+00
2.81631258e+00
2.76239316e+00
2.78661783e+00
2.93665446e+00
2.86241758e+00
2.77724054e+00
2.74910867e+00
2.95462759e+00
3.13514042e+00
2.94993895e+00
2.75614164e+00
2.95384615e+00
2.99916972e+00
2.74676435e+00
2.84991453e+00
2.94290598e+00
2.93352869e+00
2.72488400e+00
2.75692308e+00
2.95072039e+00
2.90305250e+00
2.75770452e+00
2.77489621e+00
2.93665446e+00
2.96634921e+00
2.85616606e+00
2.94993895e+00
2.90852259e+00
2.94056166e+00
2.76551893e+00
2.75301587e+00
2.80537241e+00
2.94446886e+00
2.75457875e+00
2.77177045e+00
2.75536020e+00
2.93665446e+00
2.74442002e+00
2.74989011e+00
2.73269841e+00
2.95384615e+00
2.75223443e+00
2.74754579e+00
2.93509158e+00
3.14686203e+00
2.81787546e+00
2.77177045e+00
2.72253968e+00
2.93978022e+00
2.74285714e+00
2.72097680e+00
2.74989011e+00
2.92962149e+00
2.76551893e+00
2.76004884e+00
2.76786325e+00
2.94056166e+00
2.75614164e+00
2.73113553e+00
2.75457875e+00
2.94056166e+00
2.75770452e+00
2.84288156e+00
2.75770452e+00
2.94759463e+00
2.74832723e+00
2.74989011e+00
2.74989011e+00
2.93899878e+00
2.76083028e+00
2.73894994e+00
2.76161172e+00
2.94446886e+00
2.74363858e+00
2.74676435e+00
2.75848596e+00
2.94603175e+00
2.71785104e+00
2.79286935e+00
2.94993895e+00
3.14608059e+00
2.76630037e+00
2.77489621e+00
2.76083028e+00
2.95384615e+00
2.76942613e+00
2.75926740e+00
2.76942613e+00
2.94290598e+00
2.74989011e+00
