1.70197802e+00
1.88639805e+00
1.71604396e+00
1.68009768e+00
1.70197802e+00
1.90593407e+00
1.69885226e+00
1.69025641e+00
1.71995116e+00
1.90046398e+00
1.69025641e+00
1.71057387e+00
1.70119658e+00
1.88717949e+00
1.67931624e+00
1.69650794e+00
1.70588523e+00
2.16224664e+00
1.99579976e+00
2.03174603e+00
1.72385836e+00
1.86842491e+00
1.71604396e+00
1.73089133e+00
1.68322344e+00
1.88952381e+00
1.71135531e+00
1.69807082e+00
1.69650794e+00
1.87155067e+00
1.72932845e+00
1.73323565e+00
1.70822955e+00
1.92390720e+00
1.68713065e+00
1.98642247e+00
1.99501832e+00
1.90749695e+00
1.69494505e+00
1.69025641e+00
1.70197802e+00
1.93484737e+00
1.69728938e+00
1.70744811e+00
1.70979243e+00
1.89343101e+00
1.72542125e+00
1.71526252e+00
1.70197802e+00
1.89655678e+00
1.69416361e+00
1.70744811e+00
1.98017094e+00
2.21772894e+00
2.03252747e+00
1.69807082e+00
1.68087912e+00
1.87467643e+00
1.65978022e+00
1.67775336e+00
1.68087912e+00
1.89733822e+00
1.68869353e+00
1.69494505e+00
1.69103785e+00
1.88874237e+00
1.66212454e+00
1.66134310e+00
1.65352869e+00
1.90124542e+00
1.97313797e+00
1.66681319e+00
1.69260073e+00
1.86608059e+00
1.72542125e+00
1.69260073e+00
1.70197802e+00
1.92156288e+00
1.90905983e+00
1.76840049e+00
1.69885226e+00
1.91452991e+00
1.88405372e+00
1.66290598e+00
1.73010989e+00
1.89343101e+00
1.88639805e+00
1.70275946e+00
1.71682540e+00
2.19897436e+00
2.18959707e+00
1.73479853e+00
1.69103785e+00
1.88796093e+00
1.86061050e+00
1.70041514e+00
1.70744811e+00
1.84967033e+00
1.90046398e+00
1.70354090e+00
1.69963370e+00
1.77543346e+00
1.89655678e+00
1.69650794e+00
1.72776557e+00
1.70588523e+00
2.15912088e+00
1.95985348e+00
1.69963370e+00
1.71057387e+00
1.88874237e+00
1.68322344e+00
1.69494505e+00
1.69728938e+00
1.87233211e+00
1.69885226e+00
1.69650794e+00
1.68166056e+00
1.88405372e+00
1.67853480e+00
1.68166056e+00
1.74652015e+00
1.89655678e+00
1.69572650e+00
1.93797314e+00
1.97157509e+00
1.85670330e+00
1.67775336e+00
1.67384615e+00
1.60273504e+00
1.87467643e+00
1.71838828e+00
1.68166056e+00
1.67697192e+00
1.88874237e+00
1.70041514e+00
1.71604396e+00
1.71916972e+00
1.87233211e+00
1.70197802e+00
1.69885226e+00
1.99032967e+00
1.85357753e+00
1.71682540e+00
1.68869353e+00
1.70666667e+00
1.89811966e+00
1.68556777e+00
1.69650794e+00
1.67619048e+00
1.89186813e+00
1.70510379e+00
1.69963370e+00
1.70666667e+00
1.88483516e+00
1.70432234e+00
1.72463980e+00
1.67853480e+00
1.89343101e+00
1.72463980e+00
2.01377289e+00
1.75667888e+00
1.88717949e+00
1.69807082e+00
1.73714286e+00
1.70275946e+00
1.88639805e+00
1.67306471e+00
1.68713065e+00
1.67384615e+00
1.88327228e+00
1.66368742e+00
1.66446886e+00
1.67853480e+00
1.90046398e+00
1.72151404e+00
1.69728938e+00
1.93406593e+00
2.20210012e+00
1.88092796e+00
1.70510379e+00
1.68713065e+00
1.90593407e+00
1.88561661e+00
1.70197802e+00
1.69572650e+00
1.87936508e+00
1.91218559e+00
1.70354090e+00
1.70744811e+00
1.89811966e+00
1.89577534e+00
1.70979243e+00
1.70666667e+00
2.17709402e+00
2.19506716e+00
1.69885226e+00
1.71682540e+00
1.88327228e+00
1.92078144e+00
1.70901099e+00
1.73948718e+00
1.81137973e+00
1.88170940e+00
1.72385836e+00
1.69650794e+00
1.68087912e+00
1.88170940e+00
1.69103785e+00
1.69963370e+00
1.69885226e+00
1.87858364e+00
1.99189255e+00
1.98095238e+00
1.68009768e+00
1.89733822e+00
1.69728938e+00
1.69416361e+00
1.69025641e+00
1.89499389e+00
1.69103785e+00
1.68634921e+00
1.67853480e+00
1.88952381e+00
1.68478632e+00
1.68869353e+00
1.68322344e+00
1.89343101e+00
1.70119658e+00
1.68791209e+00
1.69650794e+00
2.19975580e+00
1.69963370e+00
1.71057387e+00
1.73323565e+00
1.89264957e+00
1.69963370e+00
1.75120879e+00
1.69963370e+00
1.90827839e+00
1.70901099e+00
1.69963370e+00
1.70510379e+00
1.89968254e+00
1.69885226e+00
1.71682540e+00
1.68869353e+00
1.92156288e+00
1.98954823e+00
1.98564103e+00
1.71135531e+00
1.89577534e+00
1.69650794e+00
1.70119658e+00
1.68713065e+00
1.89733822e+00
1.72854701e+00
1.70901099e+00
1.69572650e+00
1.89030525e+00
1.69963370e+00
1.66681319e+00
1.71369963e+00
1.89890110e+00
1.70979243e+00
1.97938950e+00
1.99501832e+00
1.93250305e+00
1.70197802e+00
1.67384615e+00
1.67931624e+00
1.85357753e+00
1.63868132e+00
1.66681319e+00
1.67853480e+00
1.88874237e+00
1.70588523e+00
1.69103785e+00
1.69885226e+00
1.89499389e+00
1.77387057e+00
1.68947497e+00
1.69807082e+00
2.19584860e+00
2.19115995e+00
1.71838828e+00
1.70275946e+00
1.91140415e+00
1.88327228e+00
1.67775336e+00
1.69025641e+00
1.89968254e+00
1.90202686e+00
1.69260073e+00
1.69728938e+00
1.89343101e+00
1.88405372e+00
1.68869353e+00
1.70588523e+00
1.88170940e+00
2.20522589e+00
1.70041514e+00
2.03409035e+00
1.85201465e+00
1.88796093e+00
1.67384615e+00
1.68634921e+00
1.76214896e+00
1.88405372e+00
1.67619048e+00
1.70041514e+00
1.70432234e+00
1.89186813e+00
1.69338217e+00
1.68478632e+00
1.69025641e+00
1.89655678e+00
1.69650794e+00
1.73167277e+00
1.99032967e+00
2.17240537e+00
1.67306471e+00
1.70666667e+00
1.69338217e+00
1.89030525e+00
1.68400488e+00
1.70901099e+00
1.73167277e+00
1.89030525e+00
1.70041514e+00
1.70822955e+00
1.68087912e+00
1.93875458e+00
1.70510379e+00
1.71369963e+00
1.68556777e+00
2.19350427e+00
1.96688645e+00
1.70822955e+00
1.77308913e+00
1.90671551e+00
1.69103785e+00
1.73636142e+00
1.69103785e+00
1.89108669e+00
1.69181929e+00
1.68087912e+00
1.71526252e+00
1.89343101e+00
1.71135531e+00
1.70354090e+00
1.72463980e+00
1.88405372e+00
1.70510379e+00
1.90905983e+00
1.98876679e+00
1.87076923e+00
1.72463980e+00
1.69260073e+00
1.69338217e+00
1.89890110e+00
1.69963370e+00
1.75277167e+00
1.70197802e+00
1.91374847e+00
1.69260073e+00
1.71916972e+00
1.71916972e+00
1.91062271e+00
1.72073260e+00
1.71526252e+00
1.96923077e+00
1.89890110e+00
1.99032967e+00
1.71213675e+00
1.68166056e+00
1.89421245e+00
1.74026862e+00
1.69572650e+00
1.68400488e+00
1.90124542e+00
1.71526252e+00
1.70979243e+00
1.72385836e+00
1.86608059e+00
1.92781441e+00
1.70119658e+00
1.73245421e+00
1.90827839e+00
2.21772894e+00
1.97235653e+00
1.72542125e+00
1.88796093e+00
1.87858364e+00
1.70979243e+00
1.69728938e+00
1.90593407e+00
1.89968254e+00
1.69807082e+00
1.68634921e+00
1.91296703e+00
1.89186813e+00
1.73714286e+00
1.69728938e+00
1.85279609e+00
1.87155067e+00
1.68400488e+00
1.98173382e+00
2.10520147e+00
1.89030525e+00
1.69025641e+00
1.70979243e+00
1.70744811e+00
1.88717949e+00
1.70041514e+00
1.70979243e+00
1.68947497e+00
1.87702076e+00
1.69728938e+00
1.72463980e+00
1.69181929e+00
1.89577534e+00
1.70119658e+00
1.69103785e+00
1.97001221e+00
2.11223443e+00
1.70119658e+00
1.70979243e+00
1.69572650e+00
1.88014652e+00
1.69181929e+00
1.69650794e+00
1.69338217e+00
1.89811966e+00
1.72463980e+00
1.69025641e+00
1.69650794e+00
1.93406593e+00
1.69572650e+00
1.70666667e+00
1.74495726e+00
1.89421245e+00
1.97001221e+00
1.69650794e+00
1.69103785e+00
1.86529915e+00
1.69728938e+00
1.74808303e+00
1.69260073e+00
1.89343101e+00
1.66993895e+00
1.69572650e+00
1.67150183e+00
1.89108669e+00
1.70432234e+00
1.72229548e+00
1.69728938e+00
1.90749695e+00
1.70588523e+00
1.70432234e+00
1.97704518e+00
2.20210012e+00
1.73401709e+00
1.69338217e+00
1.68166056e+00
1.89108669e+00
1.71604396e+00
1.68947497e+00
1.69885226e+00
1.91531136e+00
1.71760684e+00
1.70041514e+00
1.69181929e+00
1.88796093e+00
1.72151404e+00
1.67306471e+00
1.68478632e+00
1.89186813e+00
1.99501832e+00
1.97470085e+00
1.67540904e+00
1.89186813e+00
1.69260073e+00
1.70588523e+00
1.70822955e+00
1.91687424e+00
1.88170940e+00
1.71526252e+00
1.69650794e+00
1.90358974e+00
1.88952381e+00
1.69807082e+00
1.68713065e+00
1.87545788e+00
1.85357753e+00
1.68087912e+00
1.96844933e+00
2.22554335e+00
1.87702076e+00
1.68087912e+00
1.66134310e+00
1.86920635e+00
1.87858364e+00
1.66134310e+00
1.64962149e+00
1.85904762e+00
1.86998779e+00
1.71604396e+00
1.69885226e+00
1.82778999e+00
1.90749695e+00
1.69650794e+00
1.67150183e+00
2.00126984e+00
1.86920635e+00
1.70588523e+00
1.70432234e+00
1.73401709e+00
1.88405372e+00
1.68869353e+00
1.70197802e+00
1.69807082e+00
1.88483516e+00
1.69885226e+00
1.72073260e+00
1.69181929e+00
1.88952381e+00
1.69728938e+00
1.69572650e+00
1.69416361e+00
1.88952381e+00
1.70041514e+00
1.99189255e+00
2.00595849e+00
1.91921856e+00
1.69103785e+00
1.68869353e+00
1.69885226e+00
1.89968254e+00
1.72229548e+00
1.72307692e+00
1.69494505e+00
1.89030525e+00
1.71838828e+00
1.71291819e+00
1.68634921e+00
1.90515263e+00
1.73714286e+00
1.70041514e+00
1.99423687e+00
2.23335775e+00
1.70822955e+00
1.69650794e+00
1.69416361e+00
1.90749695e+00
1.69728938e+00
1.69807082e+00
1.69103785e+00
1.89811966e+00
1.71995116e+00
1.70979243e+00
1.69260073e+00
1.89264957e+00
1.71448107e+00
1.68869353e+00
1.69650794e+00
1.89108669e+00
1.99032967e+00
2.02471306e+00
1.69338217e+00
1.89421245e+00
1.69338217e+00
1.72776557e+00
1.68713065e+00
1.94031746e+00
1.67619048e+00
1.69181929e+00
1.71995116e+00
1.89890110e+00
1.68869353e+00
1.72463980e+00
1.69650794e+00
1.90358974e+00
1.70510379e+00
1.99579976e+00
1.68869353e+00
1.88561661e+00
1.71604396e+00
1.68791209e+00
1.65665446e+00
1.90046398e+00
1.86842491e+00
1.67540904e+00
1.68947497e+00
1.95985348e+00
1.90593407e+00
1.70354090e+00
1.72307692e+00
1.90905983e+00
1.93094017e+00
1.71057387e+00
1.71369963e+00
1.92547009e+00
2.18412698e+00
1.72932845e+00
1.68087912e+00
1.88014652e+00
1.90437118e+00
1.70197802e+00
1.73792430e+00
1.87467643e+00
1.89108669e+00
1.68947497e+00
1.68791209e+00
1.76449328e+00
1.88717949e+00
1.71057387e+00
1.71291819e+00
1.70901099e+00
1.85904762e+00
1.97860806e+00
1.93484737e+00
1.70197802e+00
1.92468864e+00
1.70510379e+00
1.69807082e+00
1.69416361e+00
1.88717949e+00
1.67619048e+00
1.70979243e+00
1.72073260e+00
1.88874237e+00
1.69416361e+00
1.68791209e+00
1.73714286e+00
1.91609280e+00
1.70588523e+00
1.68166056e+00
1.99970696e+00
2.19350427e+00
1.70041514e+00
1.70041514e+00
1.68869353e+00
1.91609280e+00
1.69103785e+00
1.75824176e+00
1.70354090e+00
1.90827839e+00
1.70822955e+00
1.70041514e+00
1.72542125e+00
1.90984127e+00
1.69807082e+00
1.68244200e+00
1.69260073e+00
2.19194139e+00
1.98954823e+00
1.68713065e+00
1.69728938e+00
1.87702076e+00
1.68009768e+00
1.69338217e+00
1.70588523e+00
1.87545788e+00
1.69416361e+00
1.67384615e+00
1.70197802e+00
1.89343101e+00
1.65431013e+00
1.69260073e+00
1.67150183e+00
1.88639805e+00
1.72698413e+00
1.75824176e+00
1.97938950e+00
2.20600733e+00
1.67853480e+00
1.65899878e+00
1.64727717e+00
1.86842491e+00
1.66681319e+00
1.69338217e+00
1.67540904e+00
1.86139194e+00
1.69181929e+00
1.65821734e+00
1.68087912e+00
1.88170940e+00
1.69728938e+00
1.70666667e+00
1.70744811e+00
1.90124542e+00
2.18725275e+00
1.98798535e+00
1.69885226e+00
1.89655678e+00
1.88405372e+00
1.75042735e+00
1.67228327e+00
1.90280830e+00
1.86217338e+00
1.69494505e+00
1.70822955e+00
1.87702076e+00
1.88639805e+00
1.68478632e+00
1.75355311e+00
1.86451770e+00
1.90358974e+00
1.98642247e+00
1.98329670e+00
1.84185592e+00
1.88717949e+00
1.69963370e+00
1.70041514e+00
1.79418803e+00
1.88327228e+00
1.69650794e+00
1.70510379e+00
1.68478632e+00
1.88874237e+00
1.70822955e+00
1.69963370e+00
1.72776557e+00
1.89108669e+00
1.74261294e+00
1.70354090e+00
2.02705739e+00
1.90515263e+00
1.99189255e+00
1.69181929e+00
1.70119658e+00
1.89655678e+00
1.69728938e+00
1.69494505e+00
1.70354090e+00
1.89030525e+00
1.69963370e+00
1.68087912e+00
1.69260073e+00
1.88170940e+00
1.70744811e+00
1.70901099e+00
1.68556777e+00
1.90280830e+00
1.94188034e+00
1.98798535e+00
1.99189255e+00
1.89499389e+00
1.70354090e+00
1.67853480e+00
1.69181929e+00
1.90358974e+00
1.68322344e+00
1.69103785e+00
1.70432234e+00
1.90280830e+00
1.69963370e+00
1.68634921e+00
1.69416361e+00
1.92312576e+00
1.69338217e+00
1.66134310e+00
2.00126984e+00
2.20444444e+00
1.74652015e+00
1.68713065e+00
1.70275946e+00
1.88874237e+00
1.70822955e+00
1.69572650e+00
1.69650794e+00
1.90749695e+00
1.70119658e+00
1.70119658e+00
1.73245421e+00
1.89968254e+00
1.68009768e+00
1.69807082e+00
1.69181929e+00
1.88092796e+00
2.00283272e+00
1.98954823e+00
1.67931624e+00
1.89968254e+00
1.70119658e+00
1.70510379e+00
1.69025641e+00
1.91609280e+00
1.70432234e+00
1.70666667e+00
1.69885226e+00
1.89655678e+00
1.91765568e+00
1.69728938e+00
1.73948718e+00
1.90358974e+00
1.88717949e+00
1.98485958e+00
1.67853480e+00
1.89108669e+00
1.88717949e+00
1.67853480e+00
1.65978022e+00
1.88092796e+00
1.86139194e+00
1.67775336e+00
1.69963370e+00
1.81450549e+00
1.86217338e+00
1.67853480e+00
1.69025641e+00
1.83404151e+00
1.86295482e+00
1.68166056e+00
1.69181929e+00
1.80200244e+00
2.19975580e+00
1.98564103e+00
1.69807082e+00
1.68400488e+00
1.89264957e+00
1.70588523e+00
1.76449328e+00
1.69728938e+00
1.89030525e+00
1.70275946e+00
1.67462759e+00
1.67228327e+00
1.90515263e+00
1.67775336e+00
1.69650794e+00
1.70275946e+00
1.94188034e+00
1.71526252e+00
1.96844933e+00
1.98485958e+00
1.89264957e+00
1.71682540e+00
1.70041514e+00
1.74652015e+00
1.92156288e+00
1.69338217e+00
1.68322344e+00
1.69494505e+00
1.90749695e+00
1.70354090e+00
1.68244200e+00
1.72229548e+00
1.87936508e+00
1.68400488e+00
1.68634921e+00
1.72151404e+00
2.23726496e+00
1.70432234e+00
1.70197802e+00
1.67931624e+00
1.87155067e+00
1.70901099e+00
1.68322344e+00
1.69103785e+00
1.87936508e+00
1.68556777e+00
1.68009768e+00
1.69650794e+00
1.90593407e+00
1.67306471e+00
1.70744811e+00
1.69963370e+00
1.89421245e+00
1.69963370e+00
1.71057387e+00
1.99189255e+00
1.91531136e+00
1.70354090e+00
1.76058608e+00
1.66212454e+00
1.85357753e+00
1.70041514e+00
1.70119658e+00
1.69963370e+00
1.89030525e+00
1.71213675e+00
1.69494505e+00
1.69260073e+00
1.93094017e+00
1.68869353e+00
1.70041514e+00
1.70588523e+00
2.19584860e+00
1.97704518e+00
1.70510379e+00
1.63946276e+00
1.89655678e+00
1.89499389e+00
1.69650794e+00
1.70119658e+00
1.90202686e+00
1.87545788e+00
1.69885226e+00
1.68478632e+00
1.90046398e+00
1.89968254e+00
1.70744811e+00
1.68947497e+00
1.89343101e+00
1.87623932e+00
1.98095238e+00
2.01064713e+00
1.89499389e+00
1.89108669e+00
1.70901099e+00
1.68634921e+00
1.84263736e+00
1.87780220e+00
1.69728938e+00
1.69728938e+00
1.79653236e+00
1.88483516e+00
1.70041514e+00
1.70666667e+00
1.68947497e+00
1.90046398e+00
1.69728938e+00
1.68634921e+00
1.98642247e+00
1.87858364e+00
1.66759463e+00
1.69572650e+00
1.69728938e+00
1.89343101e+00
1.69650794e+00
1.69572650e+00
1.69103785e+00
1.89343101e+00
1.69416361e+00
1.73479853e+00
1.69728938e+00
1.86686203e+00
1.69650794e+00
1.69260073e+00
1.69338217e+00
1.90124542e+00
1.97313797e+00
1.98251526e+00
1.60820513e+00
1.89421245e+00
1.69963370e+00
1.68869353e+00
1.69103785e+00
1.85201465e+00
1.69807082e+00
1.66681319e+00
1.67462759e+00
1.87233211e+00
1.68009768e+00
1.67931624e+00
1.67697192e+00
1.89499389e+00
1.71916972e+00
1.70041514e+00
1.97860806e+00
2.20366300e+00
1.69807082e+00
1.69963370e+00
1.68869353e+00
1.91296703e+00
1.69885226e+00
1.72073260e+00
1.69416361e+00
1.89264957e+00
1.67384615e+00
1.69885226e+00
1.72542125e+00
1.89655678e+00
1.70275946e+00
1.67072039e+00
1.69885226e+00
2.19115995e+00
1.99032967e+00
2.01299145e+00
1.71291819e+00
1.89343101e+00
1.72073260e+00
1.70822955e+00
1.69025641e+00
1.88405372e+00
1.69728938e+00
1.68869353e+00
1.70822955e+00
1.94656899e+00
1.71838828e+00
1.70197802e+00
1.69650794e+00
1.93094017e+00
1.88952381e+00
2.00361416e+00
1.69885226e+00
2.20600733e+00
1.88874237e+00
1.73479853e+00
1.69025641e+00
1.89968254e+00
1.86764347e+00
1.70354090e+00
1.66837607e+00
1.95672772e+00
1.88249084e+00
1.69650794e+00
1.69963370e+00
1.89421245e+00
1.88952381e+00
1.69572650e+00
1.68087912e+00
2.12239316e+00
2.22554335e+00
1.99970696e+00
1.68322344e+00
1.79575092e+00
1.86842491e+00
1.67619048e+00
1.71760684e+00
1.69494505e+00
1.85045177e+00
1.71057387e+00
1.69650794e+00
1.67697192e+00
1.90046398e+00
1.70197802e+00
1.70588523e+00
1.65587302e+00
1.89811966e+00
1.99345543e+00
2.00205128e+00
1.71369963e+00
1.87623932e+00
1.74183150e+00
1.71526252e+00
1.69650794e+00
1.88014652e+00
1.70901099e+00
1.68713065e+00
1.69963370e+00
1.88327228e+00
1.69963370e+00
1.71526252e+00
1.65352869e+00
1.89108669e+00
1.69416361e+00
1.70275946e+00
1.98329670e+00
2.22476190e+00
1.70744811e+00
1.70588523e+00
1.70510379e+00
1.91062271e+00
1.71213675e+00
1.69572650e+00
1.71604396e+00
1.89890110e+00
1.68166056e+00
1.69338217e+00
1.71057387e+00
1.88952381e+00
1.68947497e+00
1.70041514e+00
1.68713065e+00
2.17787546e+00
1.69650794e+00
1.70666667e+00
1.70744811e+00
1.89811966e+00
1.70432234e+00
1.70901099e+00
1.69416361e+00
1.89186813e+00
1.67462759e+00
1.69650794e+00
1.70979243e+00
1.89733822e+00
1.73401709e+00
1.65274725e+00
1.70197802e+00
1.96219780e+00
1.70354090e+00
1.71057387e+00
1.97079365e+00
2.21147741e+00
1.74026862e+00
1.69572650e+00
1.72776557e+00
1.88639805e+00
1.69650794e+00
1.68087912e+00
1.67619048e+00
1.86295482e+00
1.82075702e+00
1.67775336e+00
1.69103785e+00
1.86451770e+00
1.89186813e+00
1.71057387e+00
1.69650794e+00
1.87623932e+00
2.19663004e+00
2.00595849e+00
1.69572650e+00
1.89186813e+00
1.89030525e+00
1.69963370e+00
1.67931624e+00
1.89968254e+00
1.87702076e+00
1.69572650e+00
1.70901099e+00
1.87233211e+00
1.90593407e+00
1.69025641e+00
1.69885226e+00
1.80825397e+00
1.92468864e+00
2.02705739e+00
1.98564103e+00
1.72229548e+00
1.91452991e+00
1.69807082e+00
1.74730159e+00
1.69181929e+00
1.91452991e+00
1.73792430e+00
1.68087912e+00
1.69807082e+00
1.89030525e+00
1.69963370e+00
1.68478632e+00
1.71135531e+00
1.87311355e+00
1.69338217e+00
1.67853480e+00
1.70901099e+00
1.84732601e+00
1.74886447e+00
1.69650794e+00
1.72385836e+00
1.92312576e+00
1.71135531e+00
1.70510379e+00
1.70588523e+00
1.92390720e+00
1.70197802e+00
1.69025641e+00
1.69807082e+00
1.89577534e+00
1.69416361e+00
1.70744811e+00
1.69728938e+00
1.81528694e+00
1.96532357e+00
2.02158730e+00
1.68556777e+00
1.88639805e+00
1.68400488e+00
1.67228327e+00
1.70510379e+00
1.88014652e+00
1.69807082e+00
1.69025641e+00
1.69181929e+00
1.87858364e+00
1.70666667e+00
1.69416361e+00
1.71135531e+00
1.91218559e+00
1.70119658e+00
1.68244200e+00
1.98095238e+00
2.20913309e+00
1.69260073e+00
1.69103785e+00
1.65118437e+00
1.88092796e+00
1.67931624e+00
1.67540904e+00
1.70197802e+00
1.86920635e+00
1.68713065e+00
1.69103785e+00
1.69260073e+00
1.87780220e+00
1.66134310e+00
1.68791209e+00
1.66993895e+00
2.17162393e+00
1.97704518e+00
1.69807082e+00
1.70510379e+00
1.91609280e+00
1.73089133e+00
1.69494505e+00
1.70979243e+00
1.90046398e+00
1.87858364e+00
1.69728938e+00
1.69963370e+00
1.89030525e+00
1.88170940e+00
1.74417582e+00
1.70822955e+00
1.89811966e+00
1.87623932e+00
1.69416361e+00
1.66837607e+00
2.18725275e+00
1.86529915e+00
1.69963370e+00
1.67150183e+00
1.86217338e+00
1.86217338e+00
1.67931624e+00
1.68713065e+00
1.84263736e+00
1.88796093e+00
1.69494505e+00
1.68244200e+00
1.76214896e+00
1.88717949e+00
1.67853480e+00
1.70275946e+00
1.68634921e+00
2.18256410e+00
1.98954823e+00
1.67619048e+00
1.68478632e+00
1.87702076e+00
1.70197802e+00
1.69650794e+00
1.70510379e+00
1.87858364e+00
1.75824176e+00
1.68400488e+00
1.69885226e+00
1.87858364e+00
1.71916972e+00
1.73245421e+00
1.65899878e+00
1.89343101e+00
2.01846154e+00
1.96923077e+00
1.70901099e+00
1.88014652e+00
1.68634921e+00
1.67462759e+00
1.66603175e+00
1.90827839e+00
1.68947497e+00
1.68478632e+00
1.68556777e+00
1.87076923e+00
1.70822955e+00
1.71213675e+00
1.69650794e+00
1.89030525e+00
1.69650794e+00
1.75042735e+00
1.95907204e+00
2.21225885e+00
1.70901099e+00
1.68713065e+00
1.69416361e+00
1.88717949e+00
1.69885226e+00
1.69025641e+00
1.69807082e+00
1.87780220e+00
1.71604396e+00
1.70119658e+00
1.69885226e+00
1.90202686e+00
1.73714286e+00
1.69338217e+00
1.69181929e+00
2.18334554e+00
1.68556777e+00
1.98329670e+00
1.67306471e+00
1.87623932e+00
1.69338217e+00
1.66759463e+00
1.66212454e+00
1.86451770e+00
1.73167277e+00
1.70666667e+00
1.71526252e+00
1.90515263e+00
1.69650794e+00
1.72229548e+00
1.67619048e+00
1.90671551e+00
1.74495726e+00
1.69650794e+00
1.99032967e+00
2.22163614e+00
1.89343101e+00
1.70197802e+00
1.67150183e+00
1.91609280e+00
1.96688645e+00
1.73167277e+00
1.69181929e+00
1.97860806e+00
1.88327228e+00
1.69338217e+00
1.69260073e+00
1.89030525e+00
1.90593407e+00
1.70041514e+00
1.70666667e+00
2.22085470e+00
2.19037851e+00
1.99736264e+00
1.69103785e+00
1.83716728e+00
1.91140415e+00
1.64649573e+00
1.68947497e+00
1.79496947e+00
1.88717949e+00
1.70275946e+00
1.70197802e+00
1.67072039e+00
1.88639805e+00
1.69807082e+00
1.69103785e+00
1.69416361e+00
1.91531136e+00
1.98407814e+00
1.98720391e+00
1.68869353e+00
1.89655678e+00
1.71682540e+00
1.69338217e+00
1.69025641e+00
1.88717949e+00
1.68869353e+00
1.72698413e+00
1.67775336e+00
1.85045177e+00
1.70197802e+00
1.64727717e+00
1.67072039e+00
1.87780220e+00
1.66134310e+00
1.69181929e+00
1.70041514e+00
2.19663004e+00
1.98407814e+00
1.67540904e+00
1.71213675e+00
1.88327228e+00
1.70744811e+00
1.69181929e+00
1.69650794e+00
1.91452991e+00
1.69025641e+00
1.69494505e+00
1.69650794e+00
1.86920635e+00
1.72073260e+00
1.73089133e+00
1.65118437e+00
1.90280830e+00
1.71916972e+00
2.00517705e+00
1.98720391e+00
1.89421245e+00
1.69728938e+00
1.70041514e+00
1.75199023e+00
1.86217338e+00
1.66837607e+00
1.70119658e+00
1.68400488e+00
1.89968254e+00
1.73089133e+00
1.70666667e+00
1.68009768e+00
1.87155067e+00
1.69181929e+00
1.66603175e+00
1.94109890e+00
2.18803419e+00
1.73167277e+00
1.68400488e+00
1.70510379e+00
1.89499389e+00
1.70041514e+00
1.66837607e+00
1.71604396e+00
1.89421245e+00
1.72463980e+00
1.70041514e+00
1.69650794e+00
1.86920635e+00
1.87155067e+00
1.67775336e+00
1.68322344e+00
1.87467643e+00
2.14192918e+00
1.66681319e+00
1.70822955e+00
1.90671551e+00
1.92234432e+00
1.68869353e+00
1.70197802e+00
1.88952381e+00
1.87702076e+00
1.70041514e+00
1.68400488e+00
1.88717949e+00
1.87155067e+00
1.69650794e+00
1.69885226e+00
1.90280830e+00
1.88327228e+00
1.69494505e+00
1.70432234e+00
2.08566545e+00
1.86139194e+00
1.69963370e+00
1.71135531e+00
1.71526252e+00
1.86061050e+00
1.73167277e+00
1.69494505e+00
1.69181929e+00
1.88014652e+00
1.69885226e+00
1.66056166e+00
1.69025641e+00
1.88952381e+00
1.69728938e+00
1.70822955e+00
1.69494505e+00
2.18647131e+00
2.01299145e+00
1.70666667e+00
1.69572650e+00
1.90515263e+00
1.67697192e+00
1.61289377e+00
1.67619048e+00
1.87311355e+00
1.67306471e+00
1.67540904e+00
1.67619048e+00
1.85435897e+00
1.74886447e+00
1.69025641e+00
1.69650794e+00
1.88639805e+00
1.71916972e+00
1.98798535e+00
1.98017094e+00
1.89499389e+00
1.70041514e+00
1.71448107e+00
1.70041514e+00
1.90593407e+00
1.69572650e+00
1.69416361e+00
1.70197802e+00
1.88483516e+00
1.71213675e+00
1.69572650e+00
1.69650794e+00
1.91843712e+00
1.67540904e+00
1.70119658e+00
1.98564103e+00
1.88796093e+00
1.71291819e+00
1.73167277e+00
1.68322344e+00
1.88952381e+00
1.73010989e+00
1.69103785e+00
1.68713065e+00
1.88639805e+00
1.71213675e+00
1.69103785e+00
1.69260073e+00
1.89186813e+00
1.68713065e+00
1.68087912e+00
1.68556777e+00
1.89421245e+00
1.70432234e+00
1.98407814e+00
1.99345543e+00
1.91218559e+00
1.70744811e+00
1.71916972e+00
1.66993895e+00
1.88327228e+00
1.86373626e+00
1.67540904e+00
1.70275946e+00
1.88639805e+00
1.85904762e+00
1.73401709e+00
1.67931624e+00
1.91218559e+00
1.87936508e+00
1.69963370e+00
1.97938950e+00
2.20678877e+00
1.90905983e+00
1.68947497e+00
1.72073260e+00
1.89030525e+00
1.88327228e+00
1.69728938e+00
1.69025641e+00
1.87467643e+00
1.86998779e+00
1.68166056e+00
1.71291819e+00
1.81059829e+00
1.89264957e+00
1.67462759e+00
1.68869353e+00
1.67540904e+00
2.17318681e+00
1.98095238e+00
1.70666667e+00
1.69025641e+00
1.88249084e+00
1.69416361e+00
1.66290598e+00
1.68947497e+00
1.85826618e+00
1.69025641e+00
1.66759463e+00
1.72463980e+00
1.87467643e+00
1.70041514e+00
1.70822955e+00
1.69572650e+00
1.87858364e+00
1.68087912e+00
1.99423687e+00
1.69103785e+00
1.90905983e+00
1.69885226e+00
1.68478632e+00
1.68713065e+00
1.85748474e+00
1.71135531e+00
1.69572650e+00
1.72698413e+00
1.92468864e+00
1.73479853e+00
1.72073260e+00
1.69260073e+00
1.87780220e+00
1.70354090e+00
1.69572650e+00
1.66290598e+00
2.17396825e+00
1.97626374e+00
1.69181929e+00
1.67697192e+00
1.85904762e+00
1.67619048e+00
1.67228327e+00
1.69494505e+00
1.87702076e+00
1.71838828e+00
1.69416361e+00
1.71448107e+00
1.90827839e+00
1.70275946e+00
1.73714286e+00
1.70275946e+00
1.89264957e+00
1.72463980e+00
1.99345543e+00
1.99970696e+00
1.89968254e+00
1.69494505e+00
1.72542125e+00
1.67462759e+00
1.90046398e+00
1.71369963e+00
1.70275946e+00
1.68322344e+00
1.89968254e+00
1.67072039e+00
1.69650794e+00
1.69807082e+00
1.91921856e+00
1.73636142e+00
1.71916972e+00
1.69025641e+00
2.22398046e+00
2.12786325e+00
1.73089133e+00
1.70275946e+00
1.90280830e+00
1.87858364e+00
1.70041514e+00
1.70119658e+00
1.85904762e+00
1.88170940e+00
1.71838828e+00
1.69650794e+00
1.89108669e+00
1.89343101e+00
1.69650794e+00
1.69728938e+00
1.91218559e+00
1.88874237e+00
1.71213675e+00
1.97626374e+00
1.88092796e+00
1.89030525e+00
1.67150183e+00
1.68400488e+00
1.79965812e+00
1.85279609e+00
1.68009768e+00
1.68244200e+00
1.68947497e+00
1.88639805e+00
1.69963370e+00
1.69728938e+00
1.70432234e+00
1.88874237e+00
1.69181929e+00
1.68791209e+00
1.97860806e+00
2.19037851e+00
1.69963370e+00
1.68713065e+00
1.78168498e+00
1.89655678e+00
1.69494505e+00
1.76058608e+00
1.69494505e+00
1.89811966e+00
1.72932845e+00
1.69181929e+00
1.70432234e+00
1.88796093e+00
1.68244200e+00
1.71213675e+00
1.70041514e+00
1.88796093e+00
1.99032967e+00
1.98954823e+00
1.69885226e+00
1.89577534e+00
1.71057387e+00
1.69728938e+00
1.70354090e+00
1.90358974e+00
1.70197802e+00
1.71448107e+00
1.69650794e+00
1.89343101e+00
1.68791209e+00
1.69963370e+00
1.70901099e+00
1.88014652e+00
1.69807082e+00
1.71135531e+00
1.98564103e+00
1.90749695e+00
1.71213675e+00
1.70119658e+00
1.68322344e+00
1.89108669e+00
1.70119658e+00
1.68869353e+00
1.69572650e+00
1.88796093e+00
1.70432234e+00
1.70666667e+00
1.71448107e+00
1.86842491e+00
1.67072039e+00
1.70354090e+00
1.68166056e+00
1.89733822e+00
1.69807082e+00
1.98798535e+00
1.74183150e+00
1.88952381e+00
1.69963370e+00
1.74730159e+00
1.70979243e+00
1.90280830e+00
1.70666667e+00
1.69260073e+00
1.70510379e+00
1.89968254e+00
1.77777778e+00
1.68634921e+00
1.69494505e+00
1.86842491e+00
1.87233211e+00
1.96063492e+00
1.97626374e+00
1.87467643e+00
1.86061050e+00
1.69650794e+00
1.67150183e+00
1.87076923e+00
1.88327228e+00
1.70510379e+00
1.69963370e+00
1.90124542e+00
1.93719170e+00
1.71526252e+00
1.68713065e+00
1.91765568e+00
1.88639805e+00
1.71604396e+00
1.69338217e+00
2.10207570e+00
2.20678877e+00
1.69728938e+00
1.69260073e+00
1.72932845e+00
1.89421245e+00
1.70979243e+00
1.69260073e+00
1.69494505e+00
1.88952381e+00
1.71916972e+00
1.72854701e+00
1.69650794e+00
1.88717949e+00
1.70041514e+00
1.73089133e+00
1.71760684e+00
1.91296703e+00
1.96454212e+00
1.70041514e+00
1.71838828e+00
1.88874237e+00
1.68713065e+00
1.69416361e+00
1.70666667e+00
1.85514042e+00
1.69963370e+00
1.70041514e+00
1.71057387e+00
1.88796093e+00
1.69338217e+00
1.69572650e+00
1.70041514e+00
1.88405372e+00
1.70588523e+00
1.73714286e+00
1.71526252e+00
2.20913309e+00
1.70354090e+00
1.70354090e+00
1.67931624e+00
1.90358974e+00
1.69885226e+00
1.69885226e+00
1.71369963e+00
1.85357753e+00
1.69260073e+00
1.69338217e+00
1.75980464e+00
1.88327228e+00
1.72698413e+00
1.69338217e+00
1.70510379e+00
1.89577534e+00
1.99267399e+00
2.00517705e+00
1.75667888e+00
1.88874237e+00
1.69728938e+00
1.67619048e+00
1.67931624e+00
1.87389499e+00
1.68400488e+00
1.67540904e+00
1.68166056e+00
1.85514042e+00
1.67931624e+00
1.71526252e+00
1.70041514e+00
1.89343101e+00
1.72307692e+00
1.95907204e+00
1.98407814e+00
1.90749695e+00
1.69885226e+00
1.71448107e+00
1.68713065e+00
1.89811966e+00
1.73089133e+00
1.70119658e+00
1.69572650e+00
1.88717949e+00
1.90046398e+00
1.70432234e+00
1.71291819e+00
1.90827839e+00
1.95907204e+00
1.69963370e+00
1.69494505e+00
2.22163614e+00
2.19115995e+00
1.70275946e+00
1.70275946e+00
1.91687424e+00
1.89264957e+00
1.70666667e+00
1.73870574e+00
1.89577534e+00
1.90984127e+00
1.68400488e+00
1.69416361e+00
1.83404151e+00
1.86295482e+00
1.68400488e+00
1.68478632e+00
1.78246642e+00
1.88952381e+00
1.69260073e+00
1.95360195e+00
1.73089133e+00
1.91218559e+00
1.71995116e+00
1.68869353e+00
1.70588523e+00
1.87936508e+00
1.70197802e+00
1.69807082e+00
1.69650794e+00
1.92156288e+00
1.69103785e+00
1.68478632e+00
1.72229548e+00
1.89655678e+00
1.70275946e+00
1.71526252e+00
1.98642247e+00
2.20522589e+00
1.70822955e+00
1.69103785e+00
1.67931624e+00
1.88170940e+00
1.68322344e+00
1.68713065e+00
1.69572650e+00
1.90984127e+00
1.70979243e+00
1.70588523e+00
1.68947497e+00
1.89655678e+00
1.70901099e+00
1.68713065e+00
1.72463980e+00
1.88405372e+00
1.99032967e+00
1.70041514e+00
1.69103785e+00
1.93250305e+00
1.70822955e+00
1.74495726e+00
1.76214896e+00
1.91843712e+00
1.69494505e+00
1.68634921e+00
1.69181929e+00
1.91296703e+00
1.69650794e+00
1.71448107e+00
1.69650794e+00
1.87076923e+00
1.71213675e+00
1.97938950e+00
1.92859585e+00
1.89890110e+00
1.70275946e+00
1.69494505e+00
1.70432234e+00
1.89108669e+00
1.70119658e+00
1.71526252e+00
1.70275946e+00
1.91140415e+00
1.70901099e+00
1.69103785e+00
1.69650794e+00
1.92234432e+00
1.70432234e+00
1.68556777e+00
1.69025641e+00
1.87780220e+00
1.97079365e+00
1.68322344e+00
1.67228327e+00
1.87780220e+00
1.86529915e+00
1.67697192e+00
1.67931624e+00
1.90280830e+00
1.88483516e+00
1.69963370e+00
1.67931624e+00
1.89030525e+00
1.88483516e+00
1.71135531e+00
1.69885226e+00
1.88952381e+00
1.89108669e+00
1.96766789e+00
1.98720391e+00
1.88717949e+00
1.86686203e+00
1.69885226e+00
1.71448107e+00
1.85357753e+00
1.81528694e+00
1.67540904e+00
1.67775336e+00
1.77308913e+00
1.86920635e+00
1.67540904e+00
1.72698413e+00
1.70041514e+00
1.89577534e+00
1.67540904e+00
2.01142857e+00
1.98720391e+00
1.94969475e+00
1.73010989e+00
1.69963370e+00
1.70744811e+00
1.87780220e+00
1.68947497e+00
1.72463980e+00
1.69025641e+00
1.88952381e+00
1.72932845e+00
1.69103785e+00
1.68713065e+00
1.89030525e+00
1.70041514e+00
1.67619048e+00
1.69181929e+00
2.19897436e+00
1.99892552e+00
1.69885226e+00
1.69103785e+00
1.89577534e+00
1.70354090e+00
1.69728938e+00
1.69494505e+00
1.89030525e+00
1.70354090e+00
1.69885226e+00
1.70588523e+00
1.89186813e+00
1.70354090e+00
1.70197802e+00
1.68478632e+00
1.89968254e+00
1.69025641e+00
1.69885226e+00
2.00048840e+00
1.89968254e+00
1.69807082e+00
1.76293040e+00
1.67775336e+00
1.88717949e+00
1.69963370e+00
1.69807082e+00
1.70041514e+00
1.87076923e+00
1.69963370e+00
1.67775336e+00
1.69416361e+00
1.86139194e+00
1.70197802e+00
1.69338217e+00
1.70275946e+00
2.20288156e+00
1.95516484e+00
1.71369963e+00
1.69807082e+00
1.84576313e+00
1.69963370e+00
1.68869353e+00
1.70197802e+00
1.89811966e+00
1.69416361e+00
1.69572650e+00
1.73323565e+00
1.90593407e+00
1.70744811e+00
1.68400488e+00
1.65978022e+00
1.83169719e+00
1.75667888e+00
1.97391941e+00
1.96766789e+00
1.89811966e+00
1.83716728e+00
1.66212454e+00
1.69025641e+00
1.86451770e+00
1.89108669e+00
1.70354090e+00
1.68556777e+00
1.88952381e+00
1.87076923e+00
1.67853480e+00
1.66993895e+00
1.89421245e+00
1.86139194e+00
1.65821734e+00
1.96063492e+00
2.15990232e+00
1.86529915e+00
1.69728938e+00
1.68713065e+00
1.83404151e+00
1.88405372e+00
1.71838828e+00
1.69572650e+00
1.75120879e+00
1.89343101e+00
1.70432234e+00
1.67150183e+00
1.69963370e+00
1.91140415e+00
1.70979243e+00
1.70901099e+00
1.71995116e+00
1.88874237e+00
1.69807082e+00
1.98720391e+00
1.68244200e+00
1.89343101e+00
1.69885226e+00
1.70041514e+00
1.71291819e+00
1.89968254e+00
1.71838828e+00
1.69025641e+00
1.67697192e+00
1.87936508e+00
1.70432234e+00
1.68556777e+00
1.69807082e+00
1.89186813e+00
1.69181929e+00
1.68634921e+00
1.94891331e+00
2.04737485e+00
1.68244200e+00
1.69025641e+00
1.72073260e+00
1.89030525e+00
1.70432234e+00
1.69494505e+00
1.71057387e+00
1.91921856e+00
1.71760684e+00
1.70354090e+00
1.69963370e+00
1.86842491e+00
1.72463980e+00
1.70041514e+00
1.67462759e+00
2.15130647e+00
1.97001221e+00
1.69025641e+00
1.65665446e+00
1.87467643e+00
1.74573871e+00
1.69025641e+00
1.67619048e+00
1.85279609e+00
1.66525031e+00
1.74105006e+00
1.69650794e+00
1.86764347e+00
1.70588523e+00
1.68713065e+00
1.67462759e+00
1.85748474e+00
1.75199023e+00
1.98251526e+00
1.68166056e+00
1.89811966e+00
1.69181929e+00
1.71995116e+00
1.68634921e+00
1.88717949e+00
1.70119658e+00
1.72854701e+00
1.69963370e+00
1.89499389e+00
1.75746032e+00
1.69494505e+00
1.74105006e+00
1.91218559e+00
1.89343101e+00
1.69338217e+00
1.68869353e+00
1.94422466e+00
2.19584860e+00
1.71213675e+00
1.69728938e+00
1.87233211e+00
1.88170940e+00
1.69885226e+00
1.65431013e+00
1.88796093e+00
1.88561661e+00
1.70197802e+00
1.69728938e+00
1.88405372e+00
1.88405372e+00
1.71057387e+00
1.68869353e+00
1.83873016e+00
1.90905983e+00
1.99892552e+00
1.99111111e+00
1.74026862e+00
1.88717949e+00
1.69338217e+00
1.69025641e+00
1.71369963e+00
1.89343101e+00
1.69338217e+00
1.71760684e+00
1.69572650e+00
1.88483516e+00
1.75433455e+00
1.70197802e+00
1.65665446e+00
1.88874237e+00
1.69650794e+00
1.70588523e+00
1.98564103e+00
2.16459096e+00
1.70354090e+00
1.70666667e+00
1.71135531e+00
1.88170940e+00
1.68400488e+00
1.69181929e+00
1.71916972e+00
1.84341880e+00
1.70275946e+00
1.69338217e+00
1.69963370e+00
1.89030525e+00
1.69728938e+00
1.69181929e+00
1.71995116e+00
1.89030525e+00
2.04112332e+00
1.70197802e+00
1.99032967e+00
1.92703297e+00
1.71291819e+00
1.70822955e+00
1.69728938e+00
1.90046398e+00
1.68244200e+00
1.70666667e+00
1.76136752e+00
1.92859585e+00
1.71057387e+00
1.67775336e+00
1.69650794e+00
1.88639805e+00
1.71448107e+00
1.67462759e+00
1.67931624e+00
2.18100122e+00
1.97157509e+00
1.65274725e+00
1.67072039e+00
1.87936508e+00
1.72229548e+00
1.68947497e+00
1.65978022e+00
1.87233211e+00
1.68244200e+00
1.67540904e+00
1.66290598e+00
1.80200244e+00
1.68322344e+00
1.68869353e+00
1.67853480e+00
1.87233211e+00
1.96454212e+00
1.97079365e+00
1.97079365e+00
1.89264957e+00
1.79965812e+00
1.67384615e+00
1.70822955e+00
1.88170940e+00
1.86217338e+00
1.66759463e+00
1.68791209e+00
1.88561661e+00
1.87233211e+00
1.69963370e+00
1.69025641e+00
1.88796093e+00
1.86608059e+00
1.70041514e+00
1.98720391e+00
2.19897436e+00
1.90984127e+00
1.69807082e+00
1.68713065e+00
1.85514042e+00
1.90124542e+00
1.69807082e+00
1.69650794e+00
1.82935287e+00
1.89030525e+00
1.70275946e+00
1.71838828e+00
1.72385836e+00
1.89890110e+00
1.70275946e+00
1.69025641e+00
1.70588523e+00
1.89108669e+00
1.99189255e+00
2.00439560e+00
1.73636142e+00
1.88092796e+00
1.69572650e+00
1.71682540e+00
1.71291819e+00
1.90749695e+00
1.73245421e+00
1.69260073e+00
1.69025641e+00
1.89968254e+00
1.67853480e+00
1.70275946e+00
1.69260073e+00
1.90280830e+00
1.68322344e+00
1.95985348e+00
2.00361416e+00
1.90202686e+00
1.68478632e+00
1.69728938e+00
1.68400488e+00
1.90671551e+00
1.70119658e+00
1.69650794e+00
1.68713065e+00
1.85670330e+00
1.70041514e+00
1.69572650e+00
1.69338217e+00
1.88483516e+00
1.63789988e+00
1.66368742e+00
1.67619048e+00
2.18881563e+00
1.99970696e+00
1.66368742e+00
1.69807082e+00
1.89890110e+00
1.70354090e+00
1.71057387e+00
1.70354090e+00
1.90984127e+00
1.72542125e+00
1.69416361e+00
1.70744811e+00
1.90515263e+00
1.63321123e+00
1.69338217e+00
1.68947497e+00
1.89968254e+00
1.97157509e+00
1.98329670e+00
1.70666667e+00
1.89968254e+00
1.70666667e+00
1.72073260e+00
1.75120879e+00
1.89577534e+00
1.69181929e+00
1.69494505e+00
1.69494505e+00
1.88796093e+00
1.70275946e+00
1.68478632e+00
1.70041514e+00
1.91218559e+00
1.76058608e+00
1.69494505e+00
1.71448107e+00
1.90437118e+00
2.21069597e+00
1.68009768e+00
1.69650794e+00
1.89968254e+00
1.87467643e+00
1.67540904e+00
1.69650794e+00
1.92078144e+00
1.89108669e+00
1.70432234e+00
1.70822955e+00
1.96063492e+00
1.89108669e+00
1.69885226e+00
1.69338217e+00
1.91140415e+00
2.20444444e+00
1.98798535e+00
1.68791209e+00
1.83951160e+00
1.87936508e+00
1.76214896e+00
1.69963370e+00
1.75902320e+00
1.85357753e+00
1.70432234e+00
1.71995116e+00
1.71291819e+00
1.91218559e+00
1.69025641e+00
1.74105006e+00
1.73089133e+00
1.88014652e+00
1.67540904e+00
1.97860806e+00
1.99970696e+00
1.86764347e+00
1.69650794e+00
1.70744811e+00
1.69963370e+00
1.88639805e+00
1.68947497e+00
1.69416361e+00
1.67150183e+00
1.89421245e+00
1.72151404e+00
1.70510379e+00
1.70275946e+00
1.89030525e+00
1.68947497e+00
1.69650794e+00
1.69650794e+00
2.21538462e+00
1.72073260e+00
1.70588523e+00
1.70041514e+00
1.89968254e+00
1.69494505e+00
1.70666667e+00
1.73401709e+00
1.88327228e+00
1.75824176e+00
1.71682540e+00
1.69728938e+00
1.89968254e+00
1.70822955e+00
1.71448107e+00
1.70041514e+00
1.92156288e+00
1.68634921e+00
1.70901099e+00
1.98251526e+00
2.19663004e+00
1.69572650e+00
1.69103785e+00
1.70822955e+00
1.89343101e+00
