1.61523810e+00
1.59335775e+00
1.79418803e+00
1.60664225e+00
1.60820513e+00
1.58476190e+00
1.77777778e+00
1.59882784e+00
1.58945055e+00
1.57225885e+00
1.80278388e+00
1.58163614e+00
1.61289377e+00
1.62852259e+00
1.81841270e+00
1.90515263e+00
1.62617827e+00
1.59960928e+00
1.78949939e+00
1.61523810e+00
1.60195360e+00
1.62227106e+00
1.79418803e+00
1.61836386e+00
1.62305250e+00
1.59648352e+00
1.79575092e+00
1.59648352e+00
1.61133089e+00
1.59960928e+00
1.80278388e+00
1.87545788e+00
1.88170940e+00
1.76683761e+00
1.82466422e+00
1.59960928e+00
1.61601954e+00
1.56210012e+00
1.79028083e+00
1.59257631e+00
1.58085470e+00
1.58163614e+00
1.77074481e+00
1.59570208e+00
1.61680098e+00
1.58788767e+00
1.77934066e+00
1.63946276e+00
1.58632479e+00
1.84654457e+00
2.09426129e+00
1.78559219e+00
1.60664225e+00
1.60664225e+00
1.76371184e+00
1.78949939e+00
1.60351648e+00
1.59257631e+00
1.75589744e+00
1.79731380e+00
1.60820513e+00
1.58788767e+00
1.63399267e+00
1.77855922e+00
1.60820513e+00
1.58007326e+00
1.62070818e+00
2.06222222e+00
1.58398046e+00
1.64727717e+00
1.60273504e+00
1.80903541e+00
1.61601954e+00
1.62070818e+00
1.60429792e+00
1.78246642e+00
1.58945055e+00
1.59101343e+00
1.58554335e+00
1.79028083e+00
1.58710623e+00
1.61601954e+00
1.58398046e+00
1.77465201e+00
1.58085470e+00
1.60273504e+00
1.90046398e+00
2.10676435e+00
1.59960928e+00
1.59726496e+00
1.61914530e+00
1.78949939e+00
1.54100122e+00
1.56366300e+00
1.55819292e+00
1.75980464e+00
1.56600733e+00
1.57929182e+00
1.56288156e+00
1.76293040e+00
1.60976801e+00
1.59101343e+00
1.56678877e+00
2.12004884e+00
1.88717949e+00
1.60898657e+00
1.59492063e+00
1.82778999e+00
1.59492063e+00
1.58632479e+00
1.57929182e+00
1.77230769e+00
1.58398046e+00
1.59648352e+00
1.59960928e+00
1.78481074e+00
1.62305250e+00
1.57225885e+00
1.57460317e+00
1.80747253e+00
1.61914530e+00
1.92312576e+00
1.86373626e+00
1.78090354e+00
1.58632479e+00
1.60273504e+00
1.54803419e+00
1.79965812e+00
1.58866911e+00
1.58554335e+00
1.63242979e+00
1.74417582e+00
1.60586081e+00
1.60742369e+00
1.68322344e+00
1.80747253e+00
1.64727717e+00
1.62148962e+00
1.89811966e+00
2.10989011e+00
1.58945055e+00
1.61836386e+00
1.59257631e+00
1.77855922e+00
1.58945055e+00
1.58710623e+00
1.58007326e+00
1.77934066e+00
1.63164835e+00
1.60976801e+00
1.60117216e+00
1.83404151e+00
1.81372405e+00
1.61054945e+00
1.69025641e+00
1.77934066e+00
1.82622711e+00
1.98876679e+00
1.89655678e+00
1.77855922e+00
1.79028083e+00
1.59804640e+00
1.60273504e+00
1.72542125e+00
1.79340659e+00
1.60195360e+00
1.59648352e+00
1.59960928e+00
1.78715507e+00
1.56366300e+00
1.60664225e+00
1.64102564e+00
1.76214896e+00
1.58710623e+00
1.86686203e+00
1.84263736e+00
1.79106227e+00
1.59570208e+00
1.58398046e+00
1.61133089e+00
1.80043956e+00
1.62695971e+00
1.56600733e+00
1.59960928e+00
1.78481074e+00
1.59960928e+00
1.60351648e+00
1.62617827e+00
1.79418803e+00
1.60507937e+00
1.60976801e+00
1.60976801e+00
2.10285714e+00
1.89499389e+00
1.60195360e+00
1.59335775e+00
1.77308913e+00
1.57538462e+00
1.58476190e+00
1.55194139e+00
1.77074481e+00
1.59960928e+00
1.59023199e+00
1.60429792e+00
1.78793651e+00
1.64024420e+00
1.55272283e+00
1.62930403e+00
1.79496947e+00
1.89421245e+00
1.89186813e+00
1.58007326e+00
1.78168498e+00
1.59492063e+00
1.58398046e+00
1.56991453e+00
1.77152625e+00
1.60195360e+00
1.58866911e+00
1.57225885e+00
1.78637363e+00
1.60664225e+00
1.56210012e+00
1.58945055e+00
1.77699634e+00
1.61523810e+00
1.56288156e+00
1.60351648e+00
2.10520147e+00
1.89733822e+00
1.61054945e+00
1.63868132e+00
1.78559219e+00
1.60507937e+00
1.59648352e+00
1.63711844e+00
1.82153846e+00
1.60586081e+00
1.60351648e+00
1.57929182e+00
1.79653236e+00
1.58866911e+00
1.62148962e+00
1.59179487e+00
1.77777778e+00
1.89733822e+00
1.90437118e+00
1.57304029e+00
1.78793651e+00
1.58710623e+00
1.58398046e+00
1.60664225e+00
1.77855922e+00
1.60195360e+00
1.59257631e+00
1.58788767e+00
1.77074481e+00
1.75433455e+00
1.58632479e+00
1.58945055e+00
1.75667888e+00
1.76996337e+00
1.60976801e+00
1.87780220e+00
2.05128205e+00
1.76918193e+00
1.57225885e+00
1.52693529e+00
1.65352869e+00
1.77152625e+00
1.60507937e+00
1.58866911e+00
1.55428571e+00
1.74652015e+00
1.56522589e+00
1.55272283e+00
1.58085470e+00
1.76293040e+00
1.58319902e+00
1.59101343e+00
1.88327228e+00
2.07941392e+00
1.61054945e+00
1.61133089e+00
1.60898657e+00
1.79887668e+00
1.59648352e+00
1.58710623e+00
1.60117216e+00
1.80512821e+00
1.60273504e+00
1.57382173e+00
1.59101343e+00
1.75746032e+00
1.58632479e+00
1.57069597e+00
1.58163614e+00
1.76605617e+00
1.58945055e+00
1.88092796e+00
1.89968254e+00
1.79106227e+00
1.61601954e+00
1.58554335e+00
1.58319902e+00
1.79340659e+00
1.59726496e+00
1.61914530e+00
1.61367521e+00
1.81841270e+00
1.62070818e+00
1.60273504e+00
1.60507937e+00
1.79965812e+00
1.62695971e+00
1.60195360e+00
1.57772894e+00
2.10285714e+00
1.90046398e+00
1.57460317e+00
1.60820513e+00
1.79106227e+00
1.61445665e+00
1.59960928e+00
1.58476190e+00
1.80278388e+00
1.60273504e+00
1.57929182e+00
1.59570208e+00
1.79809524e+00
1.67853480e+00
1.58632479e+00
1.57225885e+00
1.77465201e+00
1.57929182e+00
1.87780220e+00
1.87389499e+00
1.81528694e+00
1.61523810e+00
1.62070818e+00
1.63321123e+00
1.79965812e+00
1.61601954e+00
1.60586081e+00
1.63633700e+00
1.81372405e+00
1.58398046e+00
1.58788767e+00
1.58710623e+00
1.79184371e+00
1.60117216e+00
1.59648352e+00
1.59413919e+00
1.80278388e+00
1.67540904e+00
1.60664225e+00
1.61523810e+00
1.79809524e+00
1.81684982e+00
1.60273504e+00
1.62148962e+00
1.76840049e+00
1.79340659e+00
1.58398046e+00
1.59257631e+00
1.74417582e+00
1.77152625e+00
1.57460317e+00
1.58945055e+00
1.62695971e+00
1.82466422e+00
1.89108669e+00
1.86529915e+00
1.60273504e+00
1.77230769e+00
1.58085470e+00
1.60742369e+00
1.62774115e+00
1.80043956e+00
1.61054945e+00
1.62930403e+00
1.59960928e+00
1.81763126e+00
1.61211233e+00
1.62227106e+00
1.63868132e+00
1.78871795e+00
1.64258852e+00
1.62461538e+00
1.88796093e+00
2.11692308e+00
1.61211233e+00
1.59726496e+00
1.61054945e+00
1.84654457e+00
1.59648352e+00
1.57147741e+00
1.57304029e+00
1.77074481e+00
1.58710623e+00
1.57929182e+00
1.60898657e+00
1.80590965e+00
1.60351648e+00
1.61914530e+00
1.60429792e+00
1.80590965e+00
1.89499389e+00
1.89108669e+00
1.60976801e+00
1.81137973e+00
1.57538462e+00
1.58085470e+00
1.59335775e+00
1.78012210e+00
1.59648352e+00
1.57929182e+00
1.56600733e+00
1.78481074e+00
1.58710623e+00
1.52615385e+00
1.58554335e+00
1.80590965e+00
1.58476190e+00
1.59492063e+00
1.62305250e+00
2.08722833e+00
1.62461538e+00
1.58554335e+00
1.55741148e+00
1.81919414e+00
1.58866911e+00
1.58398046e+00
1.60429792e+00
1.76293040e+00
1.59960928e+00
1.58398046e+00
1.57851038e+00
1.79028083e+00
1.56678877e+00
1.54568987e+00
1.58866911e+00
1.78402930e+00
1.92156288e+00
1.89421245e+00
1.59960928e+00
1.78324786e+00
1.61601954e+00
1.61445665e+00
1.62383394e+00
1.78871795e+00
1.60117216e+00
1.59570208e+00
1.60898657e+00
1.79653236e+00
1.62148962e+00
1.58476190e+00
1.58945055e+00
1.76761905e+00
1.78246642e+00
1.59023199e+00
1.88327228e+00
2.15677656e+00
1.78012210e+00
1.60898657e+00
1.59335775e+00
1.76136752e+00
1.76605617e+00
1.58788767e+00
1.59960928e+00
1.75120879e+00
1.76293040e+00
1.57460317e+00
1.53084249e+00
1.59023199e+00
1.78871795e+00
1.59023199e+00
1.56522589e+00
1.86608059e+00
2.13489621e+00
1.58788767e+00
1.59413919e+00
1.56600733e+00
1.78871795e+00
1.59570208e+00
1.58476190e+00
1.58163614e+00
1.76527473e+00
1.59648352e+00
1.59726496e+00
1.57772894e+00
1.77777778e+00
1.58632479e+00
1.58866911e+00
1.57382173e+00
1.76918193e+00
1.60273504e+00
1.89890110e+00
1.93094017e+00
1.80356532e+00
1.62070818e+00
1.61289377e+00
1.61289377e+00
1.79496947e+00
1.59257631e+00
1.58710623e+00
1.58319902e+00
1.75511600e+00
1.55584860e+00
1.56913309e+00
1.65821734e+00
1.77074481e+00
1.59726496e+00
1.56444444e+00
1.87155067e+00
2.13020757e+00
1.59023199e+00
1.59101343e+00
1.57694750e+00
1.78090354e+00
1.61914530e+00
1.60273504e+00
1.64493284e+00
1.77152625e+00
1.60351648e+00
1.58476190e+00
1.60429792e+00
1.82700855e+00
1.58945055e+00
1.60429792e+00
1.61836386e+00
1.79106227e+00
1.90515263e+00
1.86686203e+00
1.61836386e+00
1.78559219e+00
1.60898657e+00
1.60351648e+00
1.58398046e+00
1.79028083e+00
1.61445665e+00
1.59726496e+00
1.58866911e+00
1.77308913e+00
1.61367521e+00
1.60898657e+00
1.64884005e+00
1.78715507e+00
1.60820513e+00
1.60195360e+00
1.87467643e+00
1.81763126e+00
1.64415140e+00
1.58241758e+00
1.62070818e+00
1.81216117e+00
1.63321123e+00
1.61445665e+00
1.62148962e+00
1.78949939e+00
1.59570208e+00
1.58085470e+00
1.60820513e+00
1.87545788e+00
1.76840049e+00
1.60664225e+00
1.58476190e+00
1.80825397e+00
2.10520147e+00
1.90046398e+00
1.60898657e+00
1.76527473e+00
1.78481074e+00
1.59804640e+00
1.58788767e+00
1.68556777e+00
1.78871795e+00
1.58163614e+00
1.61523810e+00
1.59648352e+00
1.80903541e+00
1.62148962e+00
1.61289377e+00
1.57929182e+00
1.77074481e+00
1.58710623e+00
1.88092796e+00
1.86217338e+00
1.76449328e+00
1.58398046e+00
1.57851038e+00
1.59335775e+00
1.76840049e+00
1.56210012e+00
1.58163614e+00
1.60586081e+00
1.77543346e+00
1.57460317e+00
1.62070818e+00
1.59960928e+00
1.79496947e+00
1.62148962e+00
1.63399267e+00
1.62148962e+00
2.11926740e+00
1.89343101e+00
1.59023199e+00
1.63086691e+00
1.76214896e+00
1.58163614e+00
1.59882784e+00
1.58085470e+00
1.77230769e+00
1.55819292e+00
1.59023199e+00
1.56288156e+00
1.78012210e+00
1.58554335e+00
1.58476190e+00
1.58163614e+00
1.79965812e+00
1.56210012e+00
1.62930403e+00
1.62461538e+00
2.10989011e+00
1.56913309e+00
1.60117216e+00
1.60429792e+00
1.77934066e+00
1.60351648e+00
1.59023199e+00
1.58476190e+00
1.76293040e+00
1.59726496e+00
1.57929182e+00
1.58788767e+00
1.77465201e+00
1.57225885e+00
1.60820513e+00
1.58866911e+00
1.80278388e+00
1.87858364e+00
1.84732601e+00
1.61054945e+00
1.78637363e+00
1.57382173e+00
1.58632479e+00
1.62383394e+00
1.79887668e+00
1.59570208e+00
1.57929182e+00
1.59023199e+00
1.75746032e+00
1.63633700e+00
1.63164835e+00
1.64493284e+00
1.80669109e+00
1.64024420e+00
1.62148962e+00
1.89890110e+00
2.10989011e+00
1.67931624e+00
1.58085470e+00
1.63086691e+00
1.78168498e+00
1.78559219e+00
1.59726496e+00
1.60273504e+00
1.74339438e+00
1.77387057e+00
1.64258852e+00
1.57147741e+00
1.73792430e+00
1.79653236e+00
1.59413919e+00
1.59648352e+00
1.65352869e+00
2.09113553e+00
1.58476190e+00
1.88170940e+00
1.60351648e+00
1.76527473e+00
1.57460317e+00
1.57304029e+00
1.57772894e+00
1.77152625e+00
1.59726496e+00
1.58476190e+00
1.57929182e+00
1.77230769e+00
1.58632479e+00
1.58085470e+00
1.55194139e+00
1.80590965e+00
1.58788767e+00
1.61992674e+00
1.84888889e+00
2.08097680e+00
1.59804640e+00
1.61601954e+00
1.62461538e+00
1.79809524e+00
1.61289377e+00
1.60117216e+00
1.60586081e+00
1.79965812e+00
1.62461538e+00
1.60507937e+00
1.60273504e+00
1.78715507e+00
1.59179487e+00
1.58554335e+00
1.61054945e+00
1.85123321e+00
1.89968254e+00
1.89968254e+00
1.60273504e+00
1.78324786e+00
1.61445665e+00
1.60273504e+00
1.60586081e+00
1.79965812e+00
1.62852259e+00
1.63164835e+00
1.61445665e+00
1.78559219e+00
1.61523810e+00
1.59413919e+00
1.62070818e+00
1.79731380e+00
1.62695971e+00
1.89030525e+00
1.88249084e+00
1.78559219e+00
1.59023199e+00
1.58319902e+00
1.59413919e+00
1.78949939e+00
1.57616606e+00
1.58241758e+00
1.58085470e+00
1.80043956e+00
1.62852259e+00
1.60976801e+00
1.61836386e+00
1.79965812e+00
1.61367521e+00
1.63946276e+00
1.59335775e+00
1.82231990e+00
1.98407814e+00
1.89421245e+00
1.63711844e+00
1.81216117e+00
1.63399267e+00
1.67384615e+00
1.66056166e+00
1.81294261e+00
1.65821734e+00
1.62383394e+00
1.61133089e+00
1.81137973e+00
1.65274725e+00
1.58085470e+00
1.63633700e+00
1.76996337e+00
1.77074481e+00
1.59179487e+00
1.88796093e+00
2.08253968e+00
1.79887668e+00
1.52849817e+00
1.57460317e+00
1.72463980e+00
1.76527473e+00
1.60195360e+00
1.59179487e+00
1.67306471e+00
1.79340659e+00
1.63789988e+00
1.61367521e+00
1.61992674e+00
1.78012210e+00
1.61289377e+00
1.58866911e+00
1.59882784e+00
2.06691087e+00
1.90437118e+00
1.60898657e+00
1.58632479e+00
1.75355311e+00
1.58788767e+00
1.58398046e+00
1.56991453e+00
1.77074481e+00
1.57772894e+00
1.59023199e+00
1.58476190e+00
1.77230769e+00
1.57929182e+00
1.58398046e+00
1.58632479e+00
1.78324786e+00
1.73557998e+00
1.59257631e+00
1.57772894e+00
1.80590965e+00
1.60820513e+00
1.63711844e+00
1.60586081e+00
1.79496947e+00
1.59413919e+00
1.59335775e+00
1.57851038e+00
1.78637363e+00
1.59804640e+00
1.59960928e+00
1.58710623e+00
1.78637363e+00
1.58710623e+00
1.58866911e+00
1.56053724e+00
2.05206349e+00
1.88249084e+00
1.57929182e+00
1.55897436e+00
1.73870574e+00
1.56444444e+00
1.58163614e+00
1.60117216e+00
1.77308913e+00
1.57929182e+00
1.58866911e+00
1.58866911e+00
1.77777778e+00
1.59023199e+00
1.55897436e+00
1.59023199e+00
1.78715507e+00
1.58710623e+00
1.87155067e+00
1.87702076e+00
1.78481074e+00
1.60820513e+00
1.56835165e+00
1.59023199e+00
1.77465201e+00
1.56757021e+00
1.57147741e+00
1.56522589e+00
1.74495726e+00
1.55819292e+00
1.58866911e+00
1.57382173e+00
1.78246642e+00
1.57772894e+00
1.56835165e+00
1.86842491e+00
2.09113553e+00
1.58710623e+00
1.56210012e+00
1.57304029e+00
1.79575092e+00
1.59960928e+00
1.55897436e+00
1.57069597e+00
1.74573871e+00
1.74652015e+00
1.60664225e+00
1.63946276e+00
1.77699634e+00
1.77934066e+00
1.57147741e+00
1.57929182e+00
1.75902320e+00
1.81294261e+00
1.55741148e+00
1.84732601e+00
1.63868132e+00
1.73714286e+00
1.62070818e+00
1.54490842e+00
1.54256410e+00
1.71369963e+00
1.59101343e+00
1.57772894e+00
1.53631258e+00
1.77074481e+00
1.61289377e+00
1.57851038e+00
1.65431013e+00
1.75824176e+00
1.60351648e+00
1.60820513e+00
1.91218559e+00
2.16771673e+00
1.58710623e+00
1.61523810e+00
1.59960928e+00
1.80434676e+00
1.64024420e+00
1.63008547e+00
1.62070818e+00
1.78481074e+00
1.62539683e+00
1.62227106e+00
1.64102564e+00
1.79262515e+00
1.63321123e+00
1.60351648e+00
1.62070818e+00
1.82544567e+00
1.90124542e+00
1.91140415e+00
1.54178266e+00
1.81216117e+00
1.59335775e+00
1.60586081e+00
1.60976801e+00
1.78715507e+00
1.61680098e+00
1.61523810e+00
1.59492063e+00
1.80122100e+00
1.58945055e+00
1.60195360e+00
1.57304029e+00
1.77465201e+00
1.61054945e+00
1.87311355e+00
1.89343101e+00
1.79575092e+00
1.61367521e+00
1.59570208e+00
1.60586081e+00
1.79418803e+00
1.68478632e+00
1.59882784e+00
1.62227106e+00
1.81997558e+00
1.60976801e+00
1.65821734e+00
1.61523810e+00
1.83247863e+00
1.62539683e+00
1.65040293e+00
1.63399267e+00
1.79653236e+00
1.91374847e+00
1.90515263e+00
1.67228327e+00
1.78871795e+00
1.59960928e+00
1.62227106e+00
1.61367521e+00
1.77152625e+00
1.57694750e+00
1.57382173e+00
1.55663004e+00
1.77230769e+00
1.54725275e+00
1.62227106e+00
1.56444444e+00
1.79965812e+00
1.61758242e+00
1.57460317e+00
1.88405372e+00
2.10989011e+00
1.78090354e+00
1.60820513e+00
1.61211233e+00
1.78637363e+00
1.78715507e+00
1.61445665e+00
1.60195360e+00
1.74808303e+00
1.76996337e+00
1.60429792e+00
1.60586081e+00
1.70041514e+00
1.81919414e+00
1.62930403e+00
1.58866911e+00
1.61054945e+00
2.07628816e+00
1.91218559e+00
1.52146520e+00
1.59726496e+00
1.79184371e+00
1.59960928e+00
1.61992674e+00
1.60195360e+00
1.78637363e+00
1.60742369e+00
1.57460317e+00
1.57851038e+00
1.78090354e+00
1.58788767e+00
1.56757021e+00
1.58241758e+00
1.76293040e+00
1.62070818e+00
1.58710623e+00
1.59257631e+00
1.95985348e+00
1.63946276e+00
1.57460317e+00
1.58398046e+00
1.74339438e+00
1.57772894e+00
1.54803419e+00
1.63399267e+00
1.77074481e+00
1.60976801e+00
1.59023199e+00
1.59648352e+00
1.75980464e+00
1.58554335e+00
1.58319902e+00
1.58632479e+00
2.08800977e+00
1.89577534e+00
1.58788767e+00
1.60429792e+00
1.76840049e+00
1.59648352e+00
1.56991453e+00
1.57929182e+00
1.77621490e+00
1.58319902e+00
1.56131868e+00
1.61054945e+00
1.78559219e+00
1.56757021e+00
1.58554335e+00
1.60664225e+00
1.80122100e+00
1.59101343e+00
1.87702076e+00
1.88639805e+00
1.80590965e+00
1.57460317e+00
1.61133089e+00
1.59570208e+00
1.78793651e+00
1.60117216e+00
1.62695971e+00
1.59648352e+00
1.81294261e+00
1.63242979e+00
1.59023199e+00
1.58476190e+00
1.77934066e+00
1.57382173e+00
1.58632479e+00
1.60586081e+00
2.11770452e+00
1.58241758e+00
1.55975580e+00
1.59726496e+00
1.79028083e+00
1.58241758e+00
1.58398046e+00
1.58476190e+00
1.77699634e+00
1.58710623e+00
1.64571429e+00
1.58398046e+00
1.77777778e+00
1.67384615e+00
1.58945055e+00
1.59648352e+00
1.79418803e+00
1.77074481e+00
1.57147741e+00
1.90593407e+00
2.08644689e+00
1.76449328e+00
1.57069597e+00
1.57851038e+00
1.72073260e+00
1.79340659e+00
1.60820513e+00
1.60351648e+00
1.63008547e+00
1.79184371e+00
1.60664225e+00
1.60507937e+00
1.62852259e+00
1.79418803e+00
1.61601954e+00
1.59960928e+00
1.89264957e+00
2.09738706e+00
1.58945055e+00
1.60586081e+00
1.61758242e+00
1.77465201e+00
1.58710623e+00
1.56600733e+00
1.58085470e+00
1.76527473e+00
1.58710623e+00
1.58007326e+00
1.59960928e+00
1.78871795e+00
1.56678877e+00
1.58554335e+00
1.58085470e+00
1.74730159e+00
1.88249084e+00
1.87389499e+00
1.61992674e+00
1.79028083e+00
1.65040293e+00
1.60820513e+00
1.59179487e+00
1.78012210e+00
1.61054945e+00
1.60586081e+00
1.60351648e+00
1.79731380e+00
1.60586081e+00
1.58163614e+00
1.56678877e+00
1.78949939e+00
1.62305250e+00
1.60976801e+00
1.92468864e+00
1.77074481e+00
1.88483516e+00
1.62227106e+00
1.59648352e+00
1.77387057e+00
1.58163614e+00
1.59335775e+00
1.57304029e+00
1.79965812e+00
1.58007326e+00
1.61992674e+00
1.59882784e+00
1.79418803e+00
1.60586081e+00
1.60976801e+00
1.64649573e+00
1.79965812e+00
1.62461538e+00
1.89733822e+00
1.89890110e+00
1.83482295e+00
1.59413919e+00
1.61992674e+00
1.60586081e+00
1.77777778e+00
1.60898657e+00
1.59804640e+00
1.59570208e+00
1.79028083e+00
1.60429792e+00
1.63086691e+00
1.59960928e+00
1.80356532e+00
1.61211233e+00
1.61133089e+00
1.59960928e+00
2.11223443e+00
1.60429792e+00
1.60351648e+00
1.62305250e+00
1.76058608e+00
1.60664225e+00
1.56522589e+00
1.59335775e+00
1.75120879e+00
1.76527473e+00
1.56444444e+00
1.59101343e+00
1.76527473e+00
1.76840049e+00
1.57147741e+00
1.59023199e+00
1.72698413e+00
2.06847375e+00
1.88405372e+00
1.60195360e+00
1.65665446e+00
1.83169719e+00
1.60898657e+00
1.61211233e+00
1.58241758e+00
1.78715507e+00
1.60820513e+00
1.56913309e+00
1.57225885e+00
1.75199023e+00
1.57929182e+00
1.54568987e+00
1.56210012e+00
1.79887668e+00
1.57772894e+00
1.58319902e+00
1.87545788e+00
2.10129426e+00
1.62461538e+00
1.59570208e+00
1.58007326e+00
1.76527473e+00
1.58710623e+00
1.57225885e+00
1.58085470e+00
1.76293040e+00
1.55272283e+00
1.58710623e+00
1.57772894e+00
1.76449328e+00
1.58710623e+00
1.60898657e+00
1.58866911e+00
2.07081807e+00
1.89733822e+00
1.59023199e+00
1.57616606e+00
1.77465201e+00
1.56210012e+00
1.60117216e+00
1.58710623e+00
1.77074481e+00
1.59570208e+00
1.55819292e+00
1.56991453e+00
1.77152625e+00
1.66525031e+00
1.57147741e+00
1.58866911e+00
1.77152625e+00
1.59257631e+00
1.89655678e+00
1.87780220e+00
1.82544567e+00
1.58476190e+00
1.60351648e+00
1.56444444e+00
1.77465201e+00
1.55428571e+00
1.59335775e+00
1.61054945e+00
1.77465201e+00
1.58788767e+00
1.62539683e+00
1.60742369e+00
1.79575092e+00
1.60273504e+00
1.60898657e+00
1.58710623e+00
2.09582418e+00
1.60351648e+00
1.57772894e+00
1.60507937e+00
1.80747253e+00
1.54803419e+00
1.61054945e+00
1.59960928e+00
1.77934066e+00
1.61367521e+00
1.61133089e+00
1.59804640e+00
1.77543346e+00
1.59960928e+00
1.58710623e+00
1.59960928e+00
1.79653236e+00
1.63789988e+00
1.63711844e+00
1.89655678e+00
1.79028083e+00
1.79028083e+00
1.60273504e+00
1.60976801e+00
1.78481074e+00
1.77699634e+00
1.58398046e+00
1.59492063e+00
1.75199023e+00
1.74417582e+00
1.54100122e+00
1.58319902e+00
1.66837607e+00
1.80434676e+00
1.60742369e+00
1.89733822e+00
1.89577534e+00
1.94891331e+00
1.61211233e+00
1.58945055e+00
1.58398046e+00
1.77152625e+00
1.57382173e+00
1.58554335e+00
1.57069597e+00
1.77308913e+00
1.57304029e+00
1.58241758e+00
1.58398046e+00
1.79809524e+00
1.64024420e+00
1.60507937e+00
1.60742369e+00
2.09113553e+00
1.89968254e+00
1.63711844e+00
1.60429792e+00
1.80981685e+00
1.62539683e+00
1.63555556e+00
1.61992674e+00
1.80356532e+00
1.64336996e+00
1.62070818e+00
1.63711844e+00
1.84654457e+00
1.62774115e+00
1.62070818e+00
1.62774115e+00
1.83247863e+00
1.65509158e+00
1.91609280e+00
1.61836386e+00
1.79965812e+00
1.61445665e+00
1.64727717e+00
1.59960928e+00
1.79262515e+00
1.60429792e+00
1.61523810e+00
1.60351648e+00
1.79028083e+00
1.62383394e+00
1.58866911e+00
1.58163614e+00
1.76293040e+00
1.60429792e+00
1.60742369e+00
1.62148962e+00
1.78090354e+00
1.95282051e+00
1.58398046e+00
1.57616606e+00
1.79653236e+00
1.57382173e+00
1.55272283e+00
1.58710623e+00
1.79106227e+00
1.59413919e+00
1.58866911e+00
1.57460317e+00
1.78168498e+00
1.56678877e+00
1.60351648e+00
1.62774115e+00
1.83247863e+00
1.59882784e+00
1.92078144e+00
1.90046398e+00
1.80278388e+00
1.61523810e+00
1.59804640e+00
1.59179487e+00
1.78402930e+00
1.61445665e+00
1.53709402e+00
1.57851038e+00
1.77465201e+00
1.59882784e+00
1.57772894e+00
1.62930403e+00
1.79887668e+00
1.67384615e+00
1.61367521e+00
1.90358974e+00
2.05987790e+00
1.79575092e+00
1.58007326e+00
1.58866911e+00
1.76449328e+00
1.77621490e+00
1.58319902e+00
1.55741148e+00
1.71760684e+00
1.75433455e+00
1.53396825e+00
1.56835165e+00
1.64024420e+00
1.76840049e+00
1.57694750e+00
1.54256410e+00
1.55741148e+00
2.05597070e+00
1.85748474e+00
1.59179487e+00
1.56053724e+00
1.75589744e+00
1.54256410e+00
1.58398046e+00
1.56991453e+00
1.74964591e+00
1.56522589e+00
1.57147741e+00
1.54568987e+00
1.76605617e+00
1.61211233e+00
1.55819292e+00
1.54334554e+00
1.75277167e+00
1.57069597e+00
1.60664225e+00
1.87702076e+00
2.13411477e+00
1.58007326e+00
1.59335775e+00
1.57460317e+00
1.77465201e+00
1.61992674e+00
1.58632479e+00
1.59335775e+00
1.79106227e+00
1.58007326e+00
1.58710623e+00
1.55350427e+00
1.77621490e+00
1.56522589e+00
1.58241758e+00
1.60820513e+00
2.09426129e+00
1.87155067e+00
1.88092796e+00
1.58398046e+00
1.77152625e+00
1.61523810e+00
1.58554335e+00
1.59179487e+00
1.77777778e+00
1.58866911e+00
1.58398046e+00
1.59570208e+00
1.75120879e+00
1.60976801e+00
1.60273504e+00
1.59648352e+00
1.81216117e+00
1.61758242e+00
1.89108669e+00
1.89655678e+00
1.78637363e+00
1.59023199e+00
1.59960928e+00
1.58554335e+00
1.77465201e+00
1.59804640e+00
1.59648352e+00
1.57772894e+00
1.77777778e+00
1.58554335e+00
1.59570208e+00
1.58163614e+00
1.78715507e+00
1.60507937e+00
1.59023199e+00
1.59648352e+00
2.08722833e+00
1.59726496e+00
1.94813187e+00
1.52380952e+00
1.80043956e+00
1.60507937e+00
1.60820513e+00
1.60195360e+00
1.79496947e+00
1.63789988e+00
1.57460317e+00
1.58398046e+00
1.75120879e+00
1.75042735e+00
1.52771673e+00
1.57538462e+00
1.74730159e+00
1.78949939e+00
1.92547009e+00
1.89186813e+00
1.77699634e+00
1.78949939e+00
1.59804640e+00
1.63321123e+00
1.68556777e+00
1.79106227e+00
1.60898657e+00
1.60976801e+00
1.63477411e+00
1.80669109e+00
1.60273504e+00
1.59257631e+00
1.60898657e+00
1.79262515e+00
1.64884005e+00
1.60273504e+00
1.89733822e+00
2.09113553e+00
1.62930403e+00
1.58710623e+00
1.60273504e+00
1.78949939e+00
1.61836386e+00
1.69338217e+00
1.57851038e+00
1.78481074e+00
1.61523810e+00
1.59648352e+00
1.60507937e+00
1.82778999e+00
1.62070818e+00
1.61211233e+00
1.63868132e+00
1.79965812e+00
1.87311355e+00
1.91218559e+00
1.63868132e+00
1.77777778e+00
1.57929182e+00
1.59413919e+00
1.58241758e+00
1.76918193e+00
1.58866911e+00
1.59648352e+00
1.61680098e+00
1.79496947e+00
1.63164835e+00
1.59023199e+00
1.63633700e+00
1.78871795e+00
1.60507937e+00
1.89186813e+00
1.60273504e+00
1.79653236e+00
1.61367521e+00
1.59804640e+00
1.59335775e+00
1.79887668e+00
1.64884005e+00
1.62461538e+00
1.58945055e+00
1.80747253e+00
1.59648352e+00
1.59804640e+00
1.62695971e+00
1.78715507e+00
1.60586081e+00
1.60742369e+00
1.57851038e+00
1.79965812e+00
1.87155067e+00
1.82388278e+00
1.57772894e+00
1.76449328e+00
1.58476190e+00
1.58945055e+00
1.58632479e+00
1.81137973e+00
1.61367521e+00
1.59570208e+00
1.62148962e+00
1.77621490e+00
1.59726496e+00
1.61289377e+00
1.57772894e+00
1.77543346e+00
1.58241758e+00
1.58554335e+00
1.83482295e+00
2.08644689e+00
1.61367521e+00
1.56835165e+00
1.60664225e+00
1.77387057e+00
1.77699634e+00
1.59413919e+00
1.57851038e+00
1.77934066e+00
1.77074481e+00
1.57460317e+00
1.58710623e+00
1.74261294e+00
1.77777778e+00
1.58241758e+00
1.59882784e+00
1.70744811e+00
2.03956044e+00
1.59413919e+00
1.58163614e+00
1.58945055e+00
1.77465201e+00
1.59179487e+00
1.58476190e+00
1.61992674e+00
1.80512821e+00
1.58398046e+00
1.61914530e+00
1.58632479e+00
1.74886447e+00
1.57616606e+00
1.58398046e+00
1.60976801e+00
1.76840049e+00
1.61054945e+00
1.59960928e+00
1.86920635e+00
2.07785104e+00
1.62774115e+00
1.60664225e+00
1.59804640e+00
1.76761905e+00
1.60273504e+00
1.60976801e+00
1.61914530e+00
1.81059829e+00
1.60664225e+00
1.60351648e+00
1.61758242e+00
1.80669109e+00
1.57772894e+00
1.58398046e+00
1.58241758e+00
1.76371184e+00
1.89108669e+00
1.86608059e+00
1.58085470e+00
1.76527473e+00
1.61211233e+00
1.61054945e+00
1.62383394e+00
1.79809524e+00
1.61601954e+00
1.58710623e+00
1.63789988e+00
1.77308913e+00
1.62617827e+00
1.56991453e+00
1.58241758e+00
1.73401709e+00
1.59570208e+00
1.59023199e+00
1.87467643e+00
2.08097680e+00
1.60898657e+00
1.62695971e+00
1.59960928e+00
1.79028083e+00
1.60195360e+00
1.60507937e+00
1.62852259e+00
1.80200244e+00
1.59570208e+00
1.61211233e+00
1.61367521e+00
1.77934066e+00
1.60351648e+00
1.57772894e+00
1.60273504e+00
1.75277167e+00
1.60820513e+00
1.89655678e+00
1.89968254e+00
1.81216117e+00
1.59960928e+00
1.63164835e+00
1.59648352e+00
1.79340659e+00
1.61445665e+00
1.62539683e+00
1.59804640e+00
1.79653236e+00
1.58398046e+00
1.61211233e+00
1.63711844e+00
1.81763126e+00
1.77699634e+00
1.58632479e+00
1.58241758e+00
2.08253968e+00
2.07081807e+00
1.58945055e+00
1.58632479e+00
1.72151404e+00
1.78168498e+00
1.65978022e+00
1.59648352e+00
1.68322344e+00
1.78559219e+00
1.57460317e+00
1.59960928e+00
1.61758242e+00
1.82700855e+00
1.61523810e+00
1.59335775e+00
1.62461538e+00
1.80590965e+00
1.90984127e+00
1.90984127e+00
1.61289377e+00
1.78012210e+00
1.59023199e+00
1.61523810e+00
1.57382173e+00
1.79262515e+00
1.63711844e+00
1.58554335e+00
1.62852259e+00
1.79809524e+00
1.61758242e+00
1.60273504e+00
1.59804640e+00
1.79418803e+00
1.63399267e+00
1.61054945e+00
1.61289377e+00
1.79262515e+00
1.89890110e+00
1.61367521e+00
1.58398046e+00
1.78871795e+00
1.60664225e+00
1.60820513e+00
1.60898657e+00
1.81137973e+00
1.63164835e+00
1.60742369e+00
1.63008547e+00
1.79106227e+00
1.59648352e+00
1.60820513e+00
1.58945055e+00
1.77621490e+00
1.60507937e+00
1.81606838e+00
1.91687424e+00
1.78637363e+00
1.58710623e+00
1.62461538e+00
1.59726496e+00
1.79965812e+00
1.60195360e+00
1.62852259e+00
1.61758242e+00
1.78168498e+00
1.63321123e+00
1.60195360e+00
1.57929182e+00
1.77777778e+00
1.63399267e+00
1.59023199e+00
1.58866911e+00
2.08175824e+00
1.87858364e+00
1.60820513e+00
1.60039072e+00
1.78168498e+00
1.58476190e+00
1.58241758e+00
1.55272283e+00
1.78637363e+00
1.58710623e+00
1.57694750e+00
1.59960928e+00
1.81372405e+00
1.62227106e+00
1.60742369e+00
1.59023199e+00
1.80200244e+00
1.62227106e+00
1.67540904e+00
1.60664225e+00
2.11457875e+00
1.66525031e+00
1.59960928e+00
1.59023199e+00
1.78793651e+00
1.78949939e+00
1.61211233e+00
1.59179487e+00
1.76527473e+00
1.76996337e+00
1.56288156e+00
1.57225885e+00
1.72932845e+00
1.76527473e+00
1.59492063e+00
1.57616606e+00
1.64336996e+00
2.12317460e+00
1.87780220e+00
1.58163614e+00
1.57694750e+00
1.78090354e+00
1.63086691e+00
1.61211233e+00
1.57929182e+00
1.76214896e+00
1.58788767e+00
1.56678877e+00
1.55428571e+00
1.76371184e+00
1.59257631e+00
1.56991453e+00
1.55194139e+00
1.75980464e+00
1.57538462e+00
1.86608059e+00
1.86061050e+00
1.80356532e+00
1.64336996e+00
1.56210012e+00
1.56131868e+00
1.76605617e+00
1.57772894e+00
1.59570208e+00
1.57304029e+00
1.73323565e+00
1.60664225e+00
1.58085470e+00
1.59570208e+00
1.76371184e+00
1.59023199e+00
1.58398046e+00
1.56913309e+00
2.09738706e+00
1.59179487e+00
1.88014652e+00
1.58632479e+00
1.79887668e+00
1.57851038e+00
1.58398046e+00
1.59960928e+00
1.77308913e+00
1.61523810e+00
1.58241758e+00
1.60820513e+00
1.89030525e+00
1.61523810e+00
1.62227106e+00
1.55584860e+00
1.79106227e+00
1.60976801e+00
1.61836386e+00
1.90046398e+00
2.11223443e+00
1.61601954e+00
1.60820513e+00
1.59101343e+00
1.78559219e+00
1.61836386e+00
1.61211233e+00
1.60507937e+00
1.77855922e+00
1.61445665e+00
1.66134310e+00
1.60273504e+00
1.80278388e+00
1.60976801e+00
1.61601954e+00
1.63008547e+00
1.79887668e+00
1.90905983e+00
1.89811966e+00
1.60273504e+00
1.80747253e+00
1.59413919e+00
1.59335775e+00
1.66681319e+00
1.78246642e+00
1.58632479e+00
1.58007326e+00
1.58085470e+00
1.77777778e+00
1.63711844e+00
1.58007326e+00
1.58632479e+00
1.80981685e+00
1.76293040e+00
1.56522589e+00
1.88014652e+00
1.76214896e+00
1.79809524e+00
1.58163614e+00
1.58085470e+00
1.72463980e+00
1.77465201e+00
1.58710623e+00
1.59101343e+00
1.65899878e+00
1.80043956e+00
1.58945055e+00
1.59335775e+00
1.61758242e+00
1.79653236e+00
1.60898657e+00
1.61054945e+00
1.56366300e+00
1.76996337e+00
1.85357753e+00
1.92937729e+00
1.58085470e+00
1.78168498e+00
1.57460317e+00
1.59726496e+00
1.58007326e+00
1.79575092e+00
1.63086691e+00
1.59882784e+00
1.60664225e+00
1.78481074e+00
1.60664225e+00
1.63477411e+00
1.62383394e+00
1.79262515e+00
1.64415140e+00
1.59960928e+00
1.88483516e+00
2.11145299e+00
1.59804640e+00
1.60586081e+00
1.61133089e+00
1.77934066e+00
1.64415140e+00
1.58788767e+00
1.59257631e+00
1.78324786e+00
1.61680098e+00
1.59179487e+00
1.63321123e+00
1.81216117e+00
1.60976801e+00
1.60273504e+00
1.59257631e+00
1.81841270e+00
1.88405372e+00
1.89577534e+00
1.58163614e+00
1.79418803e+00
1.58398046e+00
1.58632479e+00
1.58945055e+00
1.79028083e+00
1.58085470e+00
1.57069597e+00
1.59726496e+00
1.79731380e+00
1.60429792e+00
1.61054945e+00
1.59882784e+00
1.79262515e+00
1.60586081e+00
1.59960928e+00
1.61289377e+00
2.11770452e+00
1.87858364e+00
1.59882784e+00
1.58945055e+00
1.79262515e+00
1.59804640e+00
1.61289377e+00
1.59960928e+00
1.80434676e+00
1.61054945e+00
1.59023199e+00
1.61211233e+00
1.79965812e+00
1.63399267e+00
1.59257631e+00
1.58866911e+00
1.78090354e+00
1.88405372e+00
1.86295482e+00
1.87467643e+00
1.80512821e+00
1.65743590e+00
1.59257631e+00
1.58945055e+00
1.78012210e+00
1.81528694e+00
1.60273504e+00
1.57460317e+00
1.74730159e+00
1.77308913e+00
1.58085470e+00
1.57069597e+00
1.69963370e+00
1.77387057e+00
1.57382173e+00
1.88717949e+00
1.89264957e+00
1.76214896e+00
1.59413919e+00
1.58163614e+00
1.56991453e+00
1.77074481e+00
1.60273504e+00
1.60117216e+00
1.62227106e+00
1.83247863e+00
1.59960928e+00
1.58554335e+00
1.57460317e+00
1.79653236e+00
1.59335775e+00
1.60507937e+00
1.58085470e+00
2.10051282e+00
1.60117216e+00
1.89108669e+00
1.58788767e+00
1.76527473e+00
1.61289377e+00
1.57929182e+00
1.59648352e+00
1.71369963e+00
1.56678877e+00
1.58241758e+00
1.56522589e+00
1.75902320e+00
1.57538462e+00
1.56444444e+00
1.56288156e+00
1.80903541e+00
1.58866911e+00
1.63555556e+00
1.88014652e+00
2.08722833e+00
1.59726496e+00
1.58945055e+00
1.58788767e+00
1.77230769e+00
1.63477411e+00
1.61289377e+00
1.60742369e+00
1.86998779e+00
1.62148962e+00
1.61914530e+00
1.61211233e+00
1.84107448e+00
1.60976801e+00
1.60507937e+00
1.59804640e+00
1.76058608e+00
1.84654457e+00
1.79496947e+00
1.59726496e+00
1.79653236e+00
1.63633700e+00
1.60507937e+00
1.59960928e+00
1.79418803e+00
1.61289377e+00
1.61601954e+00
1.59335775e+00
1.81137973e+00
1.59413919e+00
1.55584860e+00
1.64024420e+00
1.74026862e+00
1.60898657e+00
1.58632479e+00
1.87623932e+00
1.81606838e+00
1.58241758e+00
1.64649573e+00
1.58554335e+00
1.78402930e+00
1.61289377e+00
1.58398046e+00
1.60273504e+00
1.82388278e+00
1.62539683e+00
1.63868132e+00
1.62383394e+00
1.86061050e+00
1.68947497e+00
1.62617827e+00
1.60586081e+00
1.79028083e+00
1.80590965e+00
1.89890110e+00
1.59960928e+00
1.77152625e+00
1.78793651e+00
1.53709402e+00
1.59648352e+00
1.74495726e+00
1.84107448e+00
1.61992674e+00
1.60898657e+00
1.64258852e+00
1.76214896e+00
1.62227106e+00
1.60820513e+00
1.62930403e+00
1.79184371e+00
1.60586081e+00
1.90124542e+00
1.89030525e+00
1.83247863e+00
1.59648352e+00
1.59804640e+00
1.59960928e+00
1.80356532e+00
1.61445665e+00
1.59648352e+00
1.60742369e+00
1.79653236e+00
1.59882784e+00
1.62461538e+00
1.60898657e+00
1.78715507e+00
1.62148962e+00
1.60351648e+00
1.60898657e+00
2.09269841e+00
1.66603175e+00
1.66603175e+00
1.54803419e+00
1.76214896e+00
1.54334554e+00
1.54959707e+00
1.52459096e+00
1.71995116e+00
1.54178266e+00
1.54959707e+00
1.61054945e+00
1.80903541e+00
1.61054945e+00
1.60429792e+00
1.60429792e+00
1.77230769e+00
1.88874237e+00
1.61601954e+00
1.58398046e+00
1.76214896e+00
1.56678877e+00
1.55975580e+00
1.58476190e+00
1.76136752e+00
1.56678877e+00
1.57069597e+00
1.59492063e+00
1.76761905e+00
1.60507937e+00
1.57929182e+00
1.56366300e+00
1.81841270e+00
1.57069597e+00
1.57460317e+00
1.58710623e+00
2.09816850e+00
1.88092796e+00
1.61289377e+00
1.63008547e+00
1.77855922e+00
1.56366300e+00
1.57147741e+00
1.59257631e+00
1.78324786e+00
1.58632479e+00
1.58710623e+00
1.57929182e+00
1.77465201e+00
1.59960928e+00
1.54959707e+00
1.57851038e+00
1.73792430e+00
1.53943834e+00
1.82310134e+00
1.85826618e+00
1.78715507e+00
1.55506716e+00
1.60586081e+00
1.63164835e+00
1.79262515e+00
1.61211233e+00
1.59804640e+00
1.60586081e+00
1.79418803e+00
1.78637363e+00
1.56835165e+00
1.56131868e+00
1.74417582e+00
1.75589744e+00
1.57460317e+00
1.54334554e+00
2.00048840e+00
2.06847375e+00
1.60664225e+00
1.58085470e+00
1.58398046e+00
1.75902320e+00
1.58710623e+00
1.60117216e+00
1.60273504e+00
1.76761905e+00
1.57851038e+00
1.57694750e+00
1.66759463e+00
1.77387057e+00
1.58007326e+00
1.56991453e+00
1.58241758e+00
2.07550672e+00
1.58398046e+00
1.89343101e+00
1.59882784e+00
1.75277167e+00
1.55741148e+00
1.58710623e+00
1.57929182e+00
1.75980464e+00
1.58085470e+00
1.58945055e+00
1.58554335e+00
1.76840049e+00
1.54959707e+00
1.61211233e+00
1.58319902e+00
1.77387057e+00
1.66525031e+00
1.56757021e+00
1.88717949e+00
2.10129426e+00
1.60742369e+00
1.59023199e+00
1.56210012e+00
1.79731380e+00
1.62695971e+00
1.59804640e+00
1.59335775e+00
1.79809524e+00
1.62227106e+00
1.55741148e+00
1.60429792e+00
1.80278388e+00
1.58319902e+00
1.58085470e+00
1.57304029e+00
1.77777778e+00
1.88952381e+00
1.87467643e+00
1.58398046e+00
1.83873016e+00
1.58632479e+00
1.59257631e+00
1.59023199e+00
1.77074481e+00
1.59570208e+00
1.59726496e+00
1.57304029e+00
1.78324786e+00
1.59413919e+00
1.57460317e+00
1.58241758e+00
1.76527473e+00
1.58710623e+00
1.86217338e+00
1.89968254e+00
1.78402930e+00
1.59413919e+00
1.65665446e+00
1.59179487e+00
1.79340659e+00
1.60898657e+00
1.59648352e+00
1.60507937e+00
1.79653236e+00
1.61758242e+00
1.61133089e+00
1.64493284e+00
1.81528694e+00
1.63086691e+00
1.61133089e+00
1.60351648e+00
1.82388278e+00
1.90515263e+00
1.90202686e+00
1.59648352e+00
1.80512821e+00
1.79887668e+00
1.60820513e+00
1.59492063e+00
1.86764347e+00
1.78402930e+00
1.60586081e+00
1.63321123e+00
1.77543346e+00
1.78402930e+00
1.61211233e+00
1.61992674e+00
1.68869353e+00
1.77699634e+00
1.79418803e+00
1.87780220e+00
1.84967033e+00
1.78168498e+00
1.57616606e+00
1.62070818e+00
1.62930403e+00
1.80747253e+00
1.59960928e+00
1.61211233e+00
1.59804640e+00
1.79184371e+00
1.59882784e+00
1.63008547e+00
1.60195360e+00
1.81216117e+00
1.60586081e+00
1.60507937e+00
1.86451770e+00
2.09660562e+00
1.71448107e+00
1.61133089e+00
1.59570208e+00
1.77387057e+00
1.58554335e+00
1.62461538e+00
1.57929182e+00
1.74730159e+00
1.60586081e+00
1.58866911e+00
1.55272283e+00
1.77699634e+00
1.57069597e+00
1.54881563e+00
1.56678877e+00
1.76918193e+00
1.86529915e+00
1.60507937e+00
1.59882784e+00
1.79809524e+00
1.62539683e+00
1.59101343e+00
1.59023199e+00
1.79106227e+00
1.60195360e+00
1.57694750e+00
1.60507937e+00
1.77230769e+00
1.57069597e+00
1.58398046e+00
1.58476190e+00
1.78012210e+00
1.60429792e+00
1.54959707e+00
1.55272283e+00
2.06300366e+00
1.85435897e+00
1.55115995e+00
1.56991453e+00
1.75902320e+00
1.58476190e+00
1.57538462e+00
1.53943834e+00
1.76058608e+00
1.59179487e+00
1.56835165e+00
1.57772894e+00
1.82388278e+00
1.54959707e+00
1.59335775e+00
1.59648352e+00
1.78871795e+00
1.86608059e+00
1.88639805e+00
1.74573871e+00
1.77387057e+00
1.59960928e+00
1.61758242e+00
1.58319902e+00
1.81450549e+00
1.60273504e+00
1.61758242e+00
1.60273504e+00
1.79184371e+00
1.61289377e+00
1.57460317e+00
1.58710623e+00
1.79106227e+00
1.78481074e+00
1.57460317e+00
1.84732601e+00
2.08566545e+00
1.79496947e+00
1.54490842e+00
1.55897436e+00
