2.39902320e+00
2.53264957e+00
2.58891331e+00
2.39746032e+00
2.38964591e+00
2.48263736e+00
2.59985348e+00
2.40605617e+00
2.40058608e+00
2.63814408e+00
2.82568987e+00
2.63423687e+00
2.36229548e+00
2.37636142e+00
2.59047619e+00
2.39667888e+00
2.39042735e+00
2.40449328e+00
2.57641026e+00
2.49201465e+00
2.39667888e+00
2.40840049e+00
2.58735043e+00
2.39667888e+00
2.37714286e+00
2.39355311e+00
2.58735043e+00
2.39120879e+00
2.63736264e+00
2.62720391e+00
2.57094017e+00
2.43184371e+00
2.35369963e+00
2.38808303e+00
2.60454212e+00
2.38886447e+00
2.41465201e+00
2.41308913e+00
2.59516484e+00
2.39120879e+00
2.39589744e+00
2.41152625e+00
2.61391941e+00
2.39042735e+00
2.38886447e+00
2.38183150e+00
2.59672772e+00
2.64752137e+00
2.63267399e+00
2.38652015e+00
2.59360195e+00
2.39120879e+00
2.38573871e+00
2.38964591e+00
2.56000000e+00
2.34041514e+00
2.37479853e+00
2.39355311e+00
2.58969475e+00
2.40996337e+00
2.36776557e+00
2.41152625e+00
2.55843712e+00
2.41699634e+00
2.62564103e+00
2.61938950e+00
2.85069597e+00
2.44981685e+00
2.38573871e+00
2.37089133e+00
2.59203907e+00
2.39667888e+00
2.41934066e+00
2.38652015e+00
2.59672772e+00
2.38730159e+00
2.38964591e+00
2.38261294e+00
2.59907204e+00
2.42715507e+00
2.43965812e+00
2.39980464e+00
2.80771673e+00
2.80224664e+00
2.62720391e+00
2.38652015e+00
2.59907204e+00
2.57953602e+00
2.38730159e+00
2.38573871e+00
2.60063492e+00
2.57875458e+00
2.38495726e+00
2.38730159e+00
2.65924298e+00
2.61782662e+00
2.41543346e+00
2.37401709e+00
2.58500611e+00
2.68971917e+00
2.41855922e+00
2.40683761e+00
2.55921856e+00
2.59203907e+00
2.40996337e+00
2.37323565e+00
2.48576313e+00
2.61079365e+00
2.39199023e+00
2.39042735e+00
2.40605617e+00
2.58031746e+00
2.36463980e+00
2.38730159e+00
2.36542125e+00
2.59516484e+00
2.39199023e+00
2.38573871e+00
2.39667888e+00
2.81396825e+00
2.61079365e+00
2.63189255e+00
2.39433455e+00
2.57797314e+00
2.36229548e+00
2.36698413e+00
2.39902320e+00
2.58266178e+00
2.39277167e+00
2.34979243e+00
2.39980464e+00
2.58422466e+00
2.41465201e+00
2.39277167e+00
2.39667888e+00
2.60610501e+00
2.39277167e+00
2.39120879e+00
2.63267399e+00
2.83506716e+00
2.41465201e+00
2.38886447e+00
2.37948718e+00
2.58344322e+00
2.43418803e+00
2.45059829e+00
2.39980464e+00
2.59203907e+00
2.39511600e+00
2.39355311e+00
2.36698413e+00
2.58422466e+00
2.39355311e+00
2.39667888e+00
2.38886447e+00
2.58188034e+00
2.62407814e+00
2.39746032e+00
2.64283272e+00
2.59203907e+00
2.41543346e+00
2.39120879e+00
2.40136752e+00
2.58422466e+00
2.39980464e+00
2.40996337e+00
2.39433455e+00
2.57250305e+00
2.39199023e+00
2.39433455e+00
2.41230769e+00
2.59985348e+00
2.39120879e+00
2.38808303e+00
2.39589744e+00
2.80302808e+00
2.66471306e+00
2.40136752e+00
2.38495726e+00
2.56312576e+00
2.42168498e+00
2.39902320e+00
2.40996337e+00
2.59360195e+00
2.58109890e+00
2.47560440e+00
2.38964591e+00
2.58109890e+00
2.57484737e+00
2.41934066e+00
2.37714286e+00
2.59594628e+00
2.64439560e+00
2.62407814e+00
2.63423687e+00
2.64908425e+00
2.58344322e+00
2.39277167e+00
2.41230769e+00
2.66158730e+00
2.59047619e+00
2.39199023e+00
2.40136752e+00
2.57015873e+00
2.60688645e+00
2.45528694e+00
2.41387057e+00
2.46935287e+00
2.59985348e+00
2.38808303e+00
2.44200244e+00
2.63267399e+00
2.58422466e+00
2.40605617e+00
2.41074481e+00
2.42012210e+00
2.57406593e+00
2.37714286e+00
2.39042735e+00
2.40996337e+00
2.57172161e+00
2.39277167e+00
2.40918193e+00
2.40840049e+00
2.58969475e+00
2.34041514e+00
2.39355311e+00
2.40840049e+00
2.58735043e+00
2.39667888e+00
2.61938950e+00
2.62954823e+00
2.59907204e+00
2.40683761e+00
2.38886447e+00
2.41621490e+00
2.58500611e+00
2.38261294e+00
2.39277167e+00
2.38886447e+00
2.58422466e+00
2.39824176e+00
2.39042735e+00
2.38495726e+00
2.61470085e+00
2.40918193e+00
2.39042735e+00
2.39277167e+00
2.84131868e+00
2.64048840e+00
2.39667888e+00
2.38573871e+00
2.58031746e+00
2.40683761e+00
2.39980464e+00
2.39277167e+00
2.59360195e+00
2.39120879e+00
2.39355311e+00
2.40214896e+00
2.61470085e+00
2.39980464e+00
2.39120879e+00
2.39120879e+00
2.58813187e+00
2.38417582e+00
2.62173382e+00
2.40371184e+00
2.56547009e+00
2.40840049e+00
2.39824176e+00
2.39824176e+00
2.59750916e+00
2.39120879e+00
2.40136752e+00
2.37792430e+00
2.58735043e+00
2.39511600e+00
2.40918193e+00
2.37948718e+00
2.58188034e+00
2.42559219e+00
2.38026862e+00
2.40761905e+00
2.64673993e+00
2.77020757e+00
2.62407814e+00
2.39667888e+00
2.59594628e+00
2.60141636e+00
2.37792430e+00
2.38652015e+00
2.64126984e+00
2.57719170e+00
2.39199023e+00
2.34744811e+00
2.59594628e+00
2.56781441e+00
2.40293040e+00
2.38652015e+00
2.60844933e+00
2.58344322e+00
2.42559219e+00
2.62798535e+00
2.82334554e+00
2.84522589e+00
2.39355311e+00
2.39277167e+00
2.50920635e+00
2.55765568e+00
2.41308913e+00
2.39589744e+00
2.44903541e+00
2.57328449e+00
2.43496947e+00
2.37479853e+00
2.39433455e+00
2.59985348e+00
2.38417582e+00
2.37479853e+00
2.39120879e+00
2.58500611e+00
2.61079365e+00
2.40293040e+00
2.63345543e+00
2.58735043e+00
2.39589744e+00
2.38964591e+00
2.37792430e+00
2.58735043e+00
2.38886447e+00
2.38652015e+00
2.38730159e+00
2.57953602e+00
2.38026862e+00
2.41699634e+00
2.38183150e+00
2.59985348e+00
2.38417582e+00
2.34744811e+00
2.39980464e+00
2.82256410e+00
2.62564103e+00
2.62329670e+00
2.43575092e+00
2.67487179e+00
2.38417582e+00
2.39277167e+00
2.38808303e+00
2.60844933e+00
2.39589744e+00
2.39589744e+00
2.40996337e+00
2.58891331e+00
2.38886447e+00
2.39277167e+00
2.39433455e+00
2.61313797e+00
2.39277167e+00
2.40449328e+00
2.63579976e+00
2.85304029e+00
2.46075702e+00
2.39277167e+00
2.40293040e+00
2.58969475e+00
2.39042735e+00
2.39277167e+00
2.38730159e+00
2.63032967e+00
2.42793651e+00
2.39667888e+00
2.39433455e+00
2.57953602e+00
2.39277167e+00
2.40996337e+00
2.39824176e+00
2.58422466e+00
2.39277167e+00
2.39980464e+00
2.63501832e+00
2.60532357e+00
2.43496947e+00
2.40449328e+00
2.38730159e+00
2.64126984e+00
2.57172161e+00
2.39980464e+00
2.41308913e+00
2.58578755e+00
2.60844933e+00
2.40293040e+00
2.41074481e+00
2.60063492e+00
2.56234432e+00
2.40918193e+00
2.39902320e+00
2.82647131e+00
2.85538462e+00
2.62017094e+00
2.49435897e+00
2.59282051e+00
2.58969475e+00
2.40371184e+00
2.38730159e+00
2.54046398e+00
2.57875458e+00
2.39902320e+00
2.40527473e+00
2.47247863e+00
2.60532357e+00
2.39667888e+00
2.39511600e+00
2.39902320e+00
2.62485958e+00
2.40683761e+00
2.62485958e+00
2.62173382e+00
2.58656899e+00
2.40214896e+00
2.39199023e+00
2.39902320e+00
2.58344322e+00
2.39433455e+00
2.40214896e+00
2.39511600e+00
2.58266178e+00
2.38730159e+00
2.41543346e+00
2.38730159e+00
2.59829060e+00
2.39589744e+00
2.39120879e+00
2.41230769e+00
2.59672772e+00
2.65142857e+00
2.63111111e+00
2.44200244e+00
2.55218559e+00
2.40449328e+00
2.38495726e+00
2.38652015e+00
2.59672772e+00
2.39120879e+00
2.39589744e+00
2.43106227e+00
2.58188034e+00
2.39120879e+00
2.38105006e+00
2.39980464e+00
2.61860806e+00
2.41230769e+00
2.39511600e+00
2.64986569e+00
2.84522589e+00
2.40214896e+00
2.38495726e+00
2.37792430e+00
2.59985348e+00
2.39746032e+00
2.38573871e+00
2.39277167e+00
2.60610501e+00
2.40293040e+00
2.40371184e+00
2.39746032e+00
2.59594628e+00
2.38808303e+00
2.44278388e+00
2.38495726e+00
2.57484737e+00
2.63345543e+00
2.65064713e+00
2.34354090e+00
2.58891331e+00
2.42481074e+00
2.39746032e+00
2.39824176e+00
2.59125763e+00
2.39042735e+00
2.39355311e+00
2.39433455e+00
2.58656899e+00
2.43028083e+00
2.40449328e+00
2.40214896e+00
2.59907204e+00
2.58266178e+00
2.37010989e+00
2.39277167e+00
2.59985348e+00
2.82490842e+00
2.63032967e+00
2.39589744e+00
2.60063492e+00
2.69440781e+00
2.38495726e+00
2.39042735e+00
2.59125763e+00
2.57015873e+00
2.38495726e+00
2.39199023e+00
2.57250305e+00
2.63501832e+00
2.38964591e+00
2.38730159e+00
2.52639805e+00
2.56625153e+00
2.40761905e+00
2.62407814e+00
2.66471306e+00
2.59672772e+00
2.41777778e+00
2.37948718e+00
2.38495726e+00
2.56390720e+00
2.42402930e+00
2.42246642e+00
2.39199023e+00
2.57719170e+00
2.41387057e+00
2.39589744e+00
2.39355311e+00
2.57562882e+00
2.39511600e+00
2.37479853e+00
2.39355311e+00
2.59438339e+00
2.61313797e+00
2.39589744e+00
2.37870574e+00
2.58578755e+00
2.30290598e+00
2.40840049e+00
2.38573871e+00
2.60219780e+00
2.38261294e+00
2.42246642e+00
2.38339438e+00
2.58266178e+00
2.39746032e+00
2.39746032e+00
2.38652015e+00
2.58109890e+00
2.39511600e+00
2.39980464e+00
2.39589744e+00
2.85851038e+00
2.63032967e+00
2.38652015e+00
2.37792430e+00
2.59125763e+00
2.41855922e+00
2.38730159e+00
2.38886447e+00
2.58500611e+00
2.40449328e+00
2.42402930e+00
2.38183150e+00
2.58109890e+00
2.40605617e+00
2.38339438e+00
2.39511600e+00
2.60297924e+00
2.38417582e+00
2.65924298e+00
2.63189255e+00
2.59438339e+00
2.39199023e+00
2.39589744e+00
2.39277167e+00
2.58422466e+00
2.38026862e+00
2.39589744e+00
2.39277167e+00
2.62251526e+00
2.38105006e+00
2.35995116e+00
2.43340659e+00
2.59985348e+00
2.42090354e+00
2.39589744e+00
2.42637363e+00
2.58813187e+00
2.58500611e+00
2.39980464e+00
2.40840049e+00
2.59438339e+00
2.57484737e+00
2.38964591e+00
2.38652015e+00
2.60297924e+00
2.53499389e+00
2.37870574e+00
2.39199023e+00
2.64048840e+00
2.57250305e+00
2.35916972e+00
2.43575092e+00
2.58735043e+00
2.55531136e+00
2.39511600e+00
2.40449328e+00
2.80693529e+00
2.84210012e+00
2.39355311e+00
2.39120879e+00
2.49435897e+00
2.60688645e+00
2.39042735e+00
2.40605617e+00
2.38339438e+00
2.63579976e+00
2.38261294e+00
2.38730159e+00
2.41230769e+00
2.58422466e+00
2.38652015e+00
2.39980464e+00
2.38886447e+00
2.59672772e+00
2.63267399e+00
2.63736264e+00
2.39824176e+00
2.58344322e+00
2.39824176e+00
2.38730159e+00
2.38730159e+00
2.62485958e+00
2.39589744e+00
2.41152625e+00
2.38495726e+00
2.57250305e+00
2.39824176e+00
2.38730159e+00
2.39042735e+00
2.59203907e+00
2.39511600e+00
2.37401709e+00
2.39589744e+00
2.57562882e+00
2.63111111e+00
2.29587302e+00
2.38886447e+00
2.58422466e+00
2.41074481e+00
2.38573871e+00
2.39277167e+00
2.62564103e+00
2.39042735e+00
2.36307692e+00
2.40527473e+00
2.60376068e+00
2.39980464e+00
2.39589744e+00
2.38808303e+00
2.58656899e+00
2.42559219e+00
2.65533578e+00
2.63267399e+00
2.59360195e+00
2.39199023e+00
2.40527473e+00
2.38261294e+00
2.58969475e+00
2.41152625e+00
2.39589744e+00
2.39042735e+00
2.57172161e+00
2.38886447e+00
2.37089133e+00
2.39667888e+00
2.58813187e+00
2.44669109e+00
2.39433455e+00
2.37714286e+00
2.84757021e+00
2.63267399e+00
2.65768010e+00
2.39511600e+00
2.62251526e+00
2.40449328e+00
2.40371184e+00
2.34901099e+00
2.58109890e+00
2.56781441e+00
2.39042735e+00
2.39355311e+00
2.60297924e+00
2.58578755e+00
2.36620269e+00
2.41855922e+00
2.61860806e+00
2.57250305e+00
2.39042735e+00
2.34197802e+00
2.84913309e+00
2.83428571e+00
2.36073260e+00
2.40293040e+00
2.57797314e+00
2.57328449e+00
2.37479853e+00
2.42324786e+00
2.55765568e+00
2.56234432e+00
2.38886447e+00
2.41934066e+00
2.46622711e+00
2.58422466e+00
2.43028083e+00
2.45372405e+00
2.43965812e+00
2.59829060e+00
2.63658120e+00
2.62720391e+00
2.38808303e+00
2.58422466e+00
2.37089133e+00
2.39511600e+00
2.39042735e+00
2.58500611e+00
2.36698413e+00
2.44825397e+00
2.38417582e+00
2.61626374e+00
2.39433455e+00
2.41699634e+00
2.35682540e+00
2.58735043e+00
2.36932845e+00
2.38183150e+00
2.60923077e+00
2.84288156e+00
2.40293040e+00
2.40761905e+00
2.37245421e+00
2.58031746e+00
2.34979243e+00
2.39355311e+00
2.39042735e+00
2.58656899e+00
2.40527473e+00
2.44043956e+00
2.38964591e+00
2.58735043e+00
2.39433455e+00
2.35838828e+00
2.46153846e+00
2.58500611e+00
2.39042735e+00
2.39355311e+00
2.62954823e+00
2.58344322e+00
2.40293040e+00
2.40527473e+00
2.38730159e+00
2.59047619e+00
2.35057387e+00
2.39589744e+00
2.37479853e+00
2.57562882e+00
2.40371184e+00
2.39667888e+00
2.39746032e+00
2.59047619e+00
2.39824176e+00
2.41152625e+00
2.39042735e+00
2.82725275e+00
2.62876679e+00
2.38573871e+00
2.38495726e+00
2.59047619e+00
2.39980464e+00
2.38183150e+00
2.39042735e+00
2.58109890e+00
2.37948718e+00
2.38495726e+00
2.41777778e+00
2.59438339e+00
2.42324786e+00
2.36307692e+00
2.37636142e+00
2.61157509e+00
2.57328449e+00
2.61235653e+00
2.63267399e+00
2.61470085e+00
2.60297924e+00
2.36463980e+00
2.38730159e+00
2.60141636e+00
2.57562882e+00
2.38808303e+00
2.37167277e+00
2.59516484e+00
2.58422466e+00
2.39667888e+00
2.38808303e+00
2.60141636e+00
2.58578755e+00
2.38730159e+00
2.38886447e+00
2.54827839e+00
2.57797314e+00
2.63267399e+00
2.40683761e+00
2.48420024e+00
2.59985348e+00
2.38417582e+00
2.39433455e+00
2.38886447e+00
2.57015873e+00
2.39277167e+00
2.39042735e+00
2.39433455e+00
2.61001221e+00
2.39042735e+00
2.36463980e+00
2.37714286e+00
2.58188034e+00
2.37479853e+00
2.40840049e+00
2.62251526e+00
2.83350427e+00
2.38964591e+00
2.39433455e+00
2.39277167e+00
2.55531136e+00
2.43731380e+00
2.38964591e+00
2.39042735e+00
2.59047619e+00
2.39042735e+00
2.39902320e+00
2.39980464e+00
2.66549451e+00
2.38886447e+00
2.38886447e+00
2.36932845e+00
2.58969475e+00
2.63111111e+00
2.62564103e+00
2.36698413e+00
2.54827839e+00
2.39433455e+00
2.43731380e+00
2.39433455e+00
2.61235653e+00
2.49904762e+00
2.38886447e+00
2.37479853e+00
2.58735043e+00
2.40449328e+00
2.38339438e+00
2.39199023e+00
2.68112332e+00
2.41777778e+00
2.38573871e+00
2.40371184e+00
2.59360195e+00
2.64126984e+00
2.38495726e+00
2.38730159e+00
2.62485958e+00
2.39824176e+00
2.38105006e+00
2.39980464e+00
2.59360195e+00
2.42324786e+00
2.38573871e+00
2.38105006e+00
2.59907204e+00
2.46778999e+00
2.43575092e+00
2.40527473e+00
2.61470085e+00
2.39902320e+00
2.64830281e+00
2.67956044e+00
2.61391941e+00
2.45294261e+00
2.39199023e+00
2.37479853e+00
2.59047619e+00
2.58422466e+00
2.39667888e+00
2.38417582e+00
2.59438339e+00
2.57875458e+00
2.39511600e+00
2.38886447e+00
2.59985348e+00
2.63032967e+00
2.41855922e+00
2.38417582e+00
2.57406593e+00
2.83272283e+00
2.39433455e+00
2.37167277e+00
2.59750916e+00
2.57797314e+00
2.38573871e+00
2.43965812e+00
2.53890110e+00
2.58969475e+00
2.38573871e+00
2.39746032e+00
2.47482295e+00
2.60532357e+00
2.39980464e+00
2.39980464e+00
2.39355311e+00
2.62095238e+00
2.40136752e+00
2.38026862e+00
2.67096459e+00
2.59360195e+00
2.42246642e+00
2.37479853e+00
2.38730159e+00
2.58109890e+00
2.39120879e+00
2.42871795e+00
2.39589744e+00
2.57875458e+00
2.39667888e+00
2.39199023e+00
2.41387057e+00
2.63189255e+00
2.37792430e+00
2.39667888e+00
2.39355311e+00
2.58422466e+00
2.64439560e+00
2.63267399e+00
2.40449328e+00
2.58031746e+00
2.40449328e+00
2.44122100e+00
2.39824176e+00
2.58344322e+00
2.38261294e+00
2.43028083e+00
2.38339438e+00
2.59203907e+00
2.40449328e+00
2.38886447e+00
2.38105006e+00
2.57172161e+00
2.39980464e+00
2.41465201e+00
2.62876679e+00
2.81396825e+00
2.41699634e+00
2.40058608e+00
2.38730159e+00
2.56312576e+00
2.39746032e+00
2.42871795e+00
2.39902320e+00
2.58656899e+00
2.40293040e+00
2.33963370e+00
2.38261294e+00
2.59438339e+00
2.39433455e+00
2.39433455e+00
2.42246642e+00
2.58735043e+00
2.39746032e+00
2.63189255e+00
2.65142857e+00
2.59282051e+00
2.35291819e+00
2.39746032e+00
2.39667888e+00
2.58266178e+00
2.41387057e+00
2.39199023e+00
2.39511600e+00
2.58266178e+00
2.42090354e+00
2.40371184e+00
2.39042735e+00
2.59282051e+00
2.59672772e+00
2.38964591e+00
2.38808303e+00
2.86007326e+00
2.83428571e+00
2.41855922e+00
2.38183150e+00
2.65455433e+00
2.60141636e+00
2.38339438e+00
2.39199023e+00
2.60376068e+00
2.53264957e+00
2.41543346e+00
2.38964591e+00
2.58422466e+00
2.58969475e+00
2.38183150e+00
2.39980464e+00
2.56156288e+00
2.55843712e+00
2.63658120e+00
2.60141636e+00
2.49982906e+00
2.58500611e+00
2.34901099e+00
2.38495726e+00
2.46075702e+00
2.61704518e+00
2.38886447e+00
2.36229548e+00
2.39511600e+00
2.57719170e+00
2.41308913e+00
2.40527473e+00
2.36307692e+00
2.59672772e+00
2.42246642e+00
2.38261294e+00
2.39355311e+00
2.57875458e+00
2.64908425e+00
2.40918193e+00
2.35291819e+00
2.58500611e+00
2.39902320e+00
2.42168498e+00
2.38183150e+00
2.57953602e+00
2.39355311e+00
2.38886447e+00
2.40293040e+00
2.58813187e+00
2.40371184e+00
2.38339438e+00
2.42246642e+00
2.58735043e+00
2.60063492e+00
2.62017094e+00
2.39667888e+00
2.63111111e+00
2.39199023e+00
2.41777778e+00
2.35604396e+00
2.57484737e+00
2.39433455e+00
2.39042735e+00
2.37792430e+00
2.58969475e+00
2.39433455e+00
2.36854701e+00
2.40449328e+00
2.58422466e+00
2.34979243e+00
2.39746032e+00
2.62564103e+00
2.83506716e+00
2.63423687e+00
2.38339438e+00
2.39355311e+00
2.55296703e+00
2.39433455e+00
2.40371184e+00
2.36698413e+00
2.58735043e+00
2.39199023e+00
2.39980464e+00
2.39042735e+00
2.59985348e+00
2.39902320e+00
2.43575092e+00
2.38964591e+00
2.59282051e+00
2.39667888e+00
2.62564103e+00
2.39511600e+00
2.59438339e+00
2.40371184e+00
2.36698413e+00
2.39277167e+00
2.59047619e+00
2.57250305e+00
2.39277167e+00
2.45684982e+00
2.59829060e+00
2.64126984e+00
2.39433455e+00
2.39120879e+00
2.61313797e+00
2.58344322e+00
2.39824176e+00
2.41074481e+00
2.59125763e+00
2.85538462e+00
2.63423687e+00
2.38808303e+00
2.55296703e+00
2.57406593e+00
2.42715507e+00
2.38964591e+00
2.55687424e+00
2.55843712e+00
2.38808303e+00
2.39277167e+00
2.50451770e+00
2.58266178e+00
2.41934066e+00
2.39433455e+00
2.39042735e+00
2.58656899e+00
2.47638584e+00
2.64439560e+00
2.62720391e+00
2.60219780e+00
2.42012210e+00
2.38886447e+00
2.39355311e+00
2.58109890e+00
2.41465201e+00
2.39042735e+00
2.38964591e+00
2.58109890e+00
2.38964591e+00
2.38417582e+00
2.40918193e+00
2.59125763e+00
2.39902320e+00
2.38730159e+00
2.37089133e+00
2.82100122e+00
2.39746032e+00
2.39824176e+00
2.40136752e+00
2.60766789e+00
2.37792430e+00
2.36073260e+00
2.44356532e+00
2.59203907e+00
2.39120879e+00
2.39902320e+00
2.40136752e+00
2.57875458e+00
2.38495726e+00
2.44278388e+00
2.39980464e+00
2.58031746e+00
2.47247863e+00
2.38573871e+00
2.64986569e+00
2.83819292e+00
2.39667888e+00
2.36463980e+00
2.39042735e+00
2.61235653e+00
2.39589744e+00
2.39042735e+00
2.39120879e+00
2.59047619e+00
2.37714286e+00
2.38730159e+00
2.39042735e+00
2.57797314e+00
2.40449328e+00
2.41465201e+00
2.38964591e+00
2.62876679e+00
2.68268620e+00
2.62798535e+00
2.39355311e+00
2.60141636e+00
2.42012210e+00
2.37557998e+00
2.38730159e+00
2.59438339e+00
2.39667888e+00
2.39980464e+00
2.37167277e+00
2.58813187e+00
2.40527473e+00
2.39355311e+00
2.42871795e+00
2.59750916e+00
2.58031746e+00
2.37636142e+00
2.61001221e+00
2.60610501e+00
2.55531136e+00
2.40293040e+00
2.38495726e+00
2.60844933e+00
2.55218559e+00
2.39433455e+00
2.38730159e+00
2.61079365e+00
2.58344322e+00
2.39589744e+00
2.42793651e+00
2.58500611e+00
2.57562882e+00
2.41230769e+00
2.42246642e+00
2.55452991e+00
2.58109890e+00
2.63345543e+00
2.62407814e+00
2.50529915e+00
2.61782662e+00
2.38964591e+00
2.34432234e+00
2.39902320e+00
2.57719170e+00
2.41152625e+00
2.40214896e+00
2.35604396e+00
2.57797314e+00
2.39980464e+00
2.39902320e+00
2.39511600e+00
2.63892552e+00
2.39902320e+00
2.43496947e+00
2.63579976e+00
2.82256410e+00
2.41465201e+00
2.39042735e+00
2.39824176e+00
2.59594628e+00
2.39120879e+00
2.38964591e+00
2.39980464e+00
2.60923077e+00
2.32244200e+00
2.39824176e+00
2.33572650e+00
2.55609280e+00
2.38417582e+00
2.38573871e+00
2.39042735e+00
2.58735043e+00
2.63267399e+00
2.63736264e+00
2.43340659e+00
2.58500611e+00
2.39355311e+00
2.38964591e+00
2.37714286e+00
2.57094017e+00
2.38730159e+00
2.37323565e+00
2.38964591e+00
2.58344322e+00
2.38495726e+00
2.38964591e+00
2.38964591e+00
2.59516484e+00
2.41543346e+00
2.41934066e+00
2.39511600e+00
2.86866911e+00
2.63111111e+00
2.41855922e+00
2.40293040e+00
2.59360195e+00
2.37089133e+00
2.38886447e+00
2.45372405e+00
2.57484737e+00
2.38886447e+00
2.38105006e+00
2.40996337e+00
2.55062271e+00
2.38652015e+00
2.39042735e+00
2.39746032e+00
2.60532357e+00
2.40605617e+00
2.57015873e+00
2.63111111e+00
2.63111111e+00
2.41308913e+00
2.40840049e+00
2.39980464e+00
2.59282051e+00
2.44122100e+00
2.40996337e+00
2.38026862e+00
2.58813187e+00
2.57484737e+00
2.36542125e+00
2.39667888e+00
2.60219780e+00
2.55765568e+00
2.39589744e+00
2.37557998e+00
2.62798535e+00
2.83428571e+00
2.37479853e+00
2.37714286e+00
2.58969475e+00
2.57641026e+00
2.39433455e+00
2.44981685e+00
2.56156288e+00
2.57719170e+00
2.38339438e+00
2.40449328e+00
2.48732601e+00
2.59282051e+00
2.36620269e+00
2.38652015e+00
2.33572650e+00
2.59047619e+00
2.38730159e+00
2.39667888e+00
2.62485958e+00
2.90305250e+00
2.42090354e+00
2.39433455e+00
2.37479853e+00
2.56859585e+00
2.40136752e+00
2.39667888e+00
2.38495726e+00
2.57719170e+00
2.41855922e+00
2.40996337e+00
2.39667888e+00
2.58266178e+00
2.39824176e+00
2.38652015e+00
2.38105006e+00
2.57719170e+00
2.62564103e+00
2.66393162e+00
2.22710623e+00
2.58344322e+00
2.43653236e+00
2.38652015e+00
2.36542125e+00
2.60610501e+00
2.41543346e+00
2.39277167e+00
2.38261294e+00
2.62798535e+00
2.44278388e+00
2.37714286e+00
2.42012210e+00
2.58266178e+00
2.41465201e+00
2.37792430e+00
2.38183150e+00
2.86476190e+00
2.40527473e+00
2.38808303e+00
2.42559219e+00
2.58578755e+00
2.39980464e+00
2.38417582e+00
2.41621490e+00
2.51623932e+00
2.39511600e+00
2.40293040e+00
2.38339438e+00
2.64205128e+00
2.35526252e+00
2.39667888e+00
2.39355311e+00
2.58500611e+00
2.40683761e+00
2.45528694e+00
2.63111111e+00
2.83819292e+00
2.38730159e+00
2.43106227e+00
2.42168498e+00
2.59985348e+00
2.47638584e+00
2.38808303e+00
2.33807082e+00
2.61001221e+00
2.43575092e+00
2.38730159e+00
2.39980464e+00
2.59047619e+00
2.59125763e+00
2.39355311e+00
2.40136752e+00
2.59438339e+00
2.82647131e+00
2.64283272e+00
2.39511600e+00
2.62642247e+00
2.58422466e+00
2.40136752e+00
2.40214896e+00
2.59985348e+00
2.61313797e+00
2.39355311e+00
2.42715507e+00
2.57797314e+00
2.57875458e+00
2.38808303e+00
2.39199023e+00
2.56547009e+00
2.62329670e+00
2.39120879e+00
2.60376068e+00
2.52170940e+00
2.58109890e+00
2.39980464e+00
2.40293040e+00
2.45997558e+00
2.57484737e+00
2.33885226e+00
2.38261294e+00
2.40136752e+00
2.57641026e+00
2.38652015e+00
2.37401709e+00
2.39199023e+00
2.56000000e+00
2.39980464e+00
2.39355311e+00
2.39355311e+00
2.59985348e+00
2.62876679e+00
2.66627595e+00
2.38417582e+00
2.63579976e+00
2.40293040e+00
2.40449328e+00
2.41934066e+00
2.60844933e+00
2.40840049e+00
2.38730159e+00
2.39980464e+00
2.54827839e+00
2.39120879e+00
2.38730159e+00
2.38026862e+00
2.59750916e+00
2.39120879e+00
2.39433455e+00
2.62173382e+00
2.83975580e+00
2.39277167e+00
2.28415140e+00
2.39199023e+00
2.56937729e+00
2.38573871e+00
2.38964591e+00
2.38573871e+00
2.58656899e+00
2.36463980e+00
2.40840049e+00
2.39355311e+00
2.55687424e+00
2.39589744e+00
2.41152625e+00
2.38964591e+00
2.59516484e+00
2.62407814e+00
2.38339438e+00
2.35760684e+00
2.62720391e+00
2.37636142e+00
2.38261294e+00
2.38652015e+00
2.60376068e+00
2.35213675e+00
2.40527473e+00
2.39824176e+00
2.58422466e+00
2.38573871e+00
2.37792430e+00
2.41621490e+00
2.57953602e+00
2.39980464e+00
2.38886447e+00
2.40683761e+00
2.83897436e+00
2.70612943e+00
2.38417582e+00
2.37870574e+00
2.58735043e+00
2.44512821e+00
2.39667888e+00
2.39589744e+00
2.59594628e+00
2.61470085e+00
2.38964591e+00
2.37870574e+00
2.59750916e+00
2.55374847e+00
2.39199023e+00
2.39511600e+00
2.58578755e+00
2.58500611e+00
2.63189255e+00
2.62564103e+00
2.61235653e+00
2.56234432e+00
2.39355311e+00
2.38886447e+00
2.55452991e+00
2.57953602e+00
2.37870574e+00
2.38495726e+00
2.48107448e+00
2.55374847e+00
2.38808303e+00
2.39589744e+00
2.39746032e+00
2.52717949e+00
2.40293040e+00
2.39042735e+00
2.62876679e+00
2.83663004e+00
2.35291819e+00
2.37557998e+00
2.38652015e+00
2.57641026e+00
2.39589744e+00
2.40918193e+00
2.36620269e+00
2.57797314e+00
2.39042735e+00
2.39589744e+00
2.38026862e+00
2.53733822e+00
2.38652015e+00
2.38261294e+00
2.38730159e+00
2.56625153e+00
2.38261294e+00
2.62642247e+00
2.64439560e+00
2.83819292e+00
2.39199023e+00
2.43340659e+00
2.38808303e+00
2.55609280e+00
2.39355311e+00
2.35526252e+00
2.37167277e+00
2.58891331e+00
2.39120879e+00
2.38183150e+00
2.41777778e+00
2.55765568e+00
2.39746032e+00
2.38026862e+00
2.42871795e+00
2.63892552e+00
2.65611722e+00
2.63423687e+00
2.40214896e+00
2.58578755e+00
2.39980464e+00
2.39589744e+00
2.38886447e+00
2.62251526e+00
2.36776557e+00
2.38808303e+00
2.39433455e+00
2.58969475e+00
2.37323565e+00
2.42012210e+00
2.37792430e+00
2.61235653e+00
2.39667888e+00
2.43028083e+00
2.63579976e+00
2.60063492e+00
2.40683761e+00
2.39277167e+00
2.38573871e+00
2.59125763e+00
2.41855922e+00
2.40683761e+00
2.39746032e+00
2.56468864e+00
2.41230769e+00
2.39042735e+00
2.38495726e+00
2.61548230e+00
2.51858364e+00
2.41152625e+00
2.41230769e+00
2.60610501e+00
2.58188034e+00
2.63345543e+00
2.63032967e+00
2.54280830e+00
2.58031746e+00
2.39277167e+00
2.36073260e+00
2.63032967e+00
2.60297924e+00
2.38026862e+00
2.39277167e+00
2.66158730e+00
2.58500611e+00
2.37479853e+00
2.42012210e+00
2.58188034e+00
2.55687424e+00
2.45216117e+00
2.61001221e+00
2.72566545e+00
2.83741148e+00
2.38417582e+00
2.38573871e+00
2.41777778e+00
2.58735043e+00
2.38495726e+00
2.42715507e+00
2.40683761e+00
2.59203907e+00
2.34822955e+00
2.41855922e+00
2.38964591e+00
2.58735043e+00
2.38886447e+00
2.39355311e+00
2.38261294e+00
2.62642247e+00
2.62485958e+00
2.63423687e+00
2.38417582e+00
2.58813187e+00
2.38183150e+00
2.40371184e+00
2.39902320e+00
2.56625153e+00
2.38964591e+00
2.42168498e+00
2.37245421e+00
2.58656899e+00
2.40683761e+00
2.39589744e+00
2.39120879e+00
2.62329670e+00
2.39042735e+00
2.39355311e+00
2.39667888e+00
2.77724054e+00
2.63345543e+00
2.38964591e+00
2.35369963e+00
2.59125763e+00
2.41543346e+00
2.36932845e+00
2.39824176e+00
2.58735043e+00
2.39746032e+00
2.39042735e+00
2.38261294e+00
2.58891331e+00
2.44981685e+00
2.39355311e+00
2.40371184e+00
2.58109890e+00
2.39511600e+00
2.66393162e+00
2.62876679e+00
2.59125763e+00
2.39355311e+00
2.39824176e+00
2.40293040e+00
2.58891331e+00
2.39667888e+00
2.46075702e+00
2.38730159e+00
2.59047619e+00
2.40136752e+00
2.37401709e+00
2.35682540e+00
2.58500611e+00
2.42559219e+00
2.41152625e+00
2.42090354e+00
2.85382173e+00
2.64752137e+00
2.37557998e+00
2.38808303e+00
2.55687424e+00
2.44512821e+00
2.39042735e+00
2.39199023e+00
2.60766789e+00
2.59907204e+00
2.38183150e+00
2.38808303e+00
2.59047619e+00
2.59516484e+00
2.49982906e+00
2.40605617e+00
2.59672772e+00
2.55843712e+00
2.40527473e+00
2.65299145e+00
2.89601954e+00
2.59672772e+00
2.41543346e+00
2.42949939e+00
2.56078144e+00
2.57797314e+00
2.40293040e+00
2.37792430e+00
2.54984127e+00
2.56078144e+00
2.41230769e+00
2.38730159e+00
2.44747253e+00
2.58891331e+00
2.41621490e+00
2.42402930e+00
2.62954823e+00
2.79521368e+00
2.63501832e+00
2.38339438e+00
2.42402930e+00
2.58500611e+00
2.39667888e+00
2.38339438e+00
2.34119658e+00
2.61704518e+00
2.39277167e+00
2.39199023e+00
2.38730159e+00
2.62485958e+00
2.43731380e+00
2.38573871e+00
2.40058608e+00
2.58735043e+00
2.41308913e+00
2.63032967e+00
2.63423687e+00
2.58578755e+00
2.39042735e+00
2.38183150e+00
2.37401709e+00
2.60141636e+00
2.39199023e+00
2.39667888e+00
2.36620269e+00
2.58735043e+00
2.38730159e+00
2.49045177e+00
2.38964591e+00
2.59360195e+00
2.37167277e+00
2.37714286e+00
2.39433455e+00
2.59438339e+00
2.42090354e+00
2.62876679e+00
2.39980464e+00
2.58735043e+00
2.39277167e+00
2.38730159e+00
2.42402930e+00
2.58188034e+00
2.38573871e+00
2.38886447e+00
2.42168498e+00
2.63111111e+00
2.39746032e+00
2.39199023e+00
2.39355311e+00
2.58109890e+00
2.41855922e+00
2.61860806e+00
2.63267399e+00
2.83663004e+00
2.36542125e+00
2.43653236e+00
2.39746032e+00
2.59125763e+00
2.40293040e+00
2.36932845e+00
2.40371184e+00
2.58188034e+00
2.39902320e+00
2.39355311e+00
2.47091575e+00
2.61235653e+00
2.40996337e+00
2.39042735e+00
2.38886447e+00
2.81865690e+00
2.88898657e+00
2.39511600e+00
2.39667888e+00
2.60688645e+00
2.57953602e+00
2.40605617e+00
2.39355311e+00
2.58344322e+00
2.58578755e+00
2.38964591e+00
2.42168498e+00
2.59282051e+00
2.57094017e+00
2.39667888e+00
2.41074481e+00
2.57172161e+00
2.57328449e+00
2.65689866e+00
2.62720391e+00
2.52405372e+00
2.61704518e+00
2.39042735e+00
2.39042735e+00
2.44747253e+00
2.59985348e+00
2.38495726e+00
2.38886447e+00
2.42012210e+00
2.57562882e+00
2.39042735e+00
2.41152625e+00
2.40527473e+00
2.58656899e+00
2.38417582e+00
2.40449328e+00
2.40527473e+00
2.82021978e+00
2.62407814e+00
2.42559219e+00
2.38339438e+00
2.58031746e+00
2.39589744e+00
2.39042735e+00
2.39980464e+00
2.57328449e+00
2.40918193e+00
2.38417582e+00
2.43965812e+00
2.61704518e+00
2.40840049e+00
2.43575092e+00
2.39980464e+00
2.58969475e+00
2.35213675e+00
2.62954823e+00
2.70612943e+00
2.59516484e+00
2.39277167e+00
2.34979243e+00
2.41074481e+00
2.52874237e+00
2.39355311e+00
2.39589744e+00
2.37792430e+00
2.58578755e+00
2.39277167e+00
2.39355311e+00
2.35526252e+00
2.57719170e+00
2.39355311e+00
2.41074481e+00
2.38730159e+00
2.60688645e+00
2.60532357e+00
2.39120879e+00
2.39355311e+00
2.58578755e+00
2.39433455e+00
2.38417582e+00
2.39980464e+00
2.59750916e+00
2.38573871e+00
2.39199023e+00
2.38495726e+00
2.58969475e+00
2.39120879e+00
2.39120879e+00
2.37323565e+00
2.65924298e+00
2.39042735e+00
2.41777778e+00
2.62642247e+00
2.83741148e+00
2.41152625e+00
2.38730159e+00
2.39433455e+00
2.59047619e+00
2.41074481e+00
2.37792430e+00
2.40371184e+00
2.59985348e+00
2.58344322e+00
2.40918193e+00
2.38105006e+00
2.59750916e+00
2.55843712e+00
2.39199023e+00
2.39589744e+00
2.57250305e+00
2.81006105e+00
2.62564103e+00
2.39511600e+00
2.57328449e+00
2.56312576e+00
2.38808303e+00
2.39433455e+00
2.57875458e+00
2.57797314e+00
2.38730159e+00
2.38964591e+00
2.54984127e+00
2.56781441e+00
2.39589744e+00
2.40136752e+00
2.49045177e+00
2.57797314e+00
2.39667888e+00
2.37401709e+00
2.62876679e+00
2.57953602e+00
2.46466422e+00
2.42246642e+00
2.41308913e+00
2.56781441e+00
2.38808303e+00
2.39042735e+00
2.38964591e+00
2.60141636e+00
2.38495726e+00
2.39511600e+00
2.38417582e+00
2.58656899e+00
2.39199023e+00
2.38026862e+00
2.38652015e+00
2.58422466e+00
2.40840049e+00
2.62017094e+00
2.43731380e+00
2.57797314e+00
2.40761905e+00
2.38730159e+00
2.38730159e+00
2.60063492e+00
2.39277167e+00
2.40371184e+00
2.38964591e+00
2.56547009e+00
2.39433455e+00
2.38964591e+00
2.39667888e+00
2.59438339e+00
2.38417582e+00
2.37870574e+00
2.62798535e+00
2.84131868e+00
2.43340659e+00
2.39511600e+00
2.40214896e+00
2.59203907e+00
2.39980464e+00
2.39746032e+00
2.39511600e+00
2.56468864e+00
2.38183150e+00
2.36620269e+00
2.38730159e+00
2.59594628e+00
2.43184371e+00
2.40293040e+00
2.39120879e+00
2.59516484e+00
2.62017094e+00
2.63423687e+00
2.41230769e+00
2.59282051e+00
2.39042735e+00
2.41543346e+00
2.38339438e+00
2.59282051e+00
2.36698413e+00
2.40683761e+00
2.41230769e+00
2.57641026e+00
2.39667888e+00
2.36698413e+00
2.38261294e+00
2.59203907e+00
2.39980464e+00
2.38652015e+00
2.63814408e+00
2.58813187e+00
2.75536020e+00
2.35916972e+00
2.38183150e+00
2.64908425e+00
2.58891331e+00
2.36698413e+00
2.39589744e+00
2.59750916e+00
2.59125763e+00
2.38105006e+00
2.33807082e+00
2.56781441e+00
2.57797314e+00
2.40840049e+00
2.38652015e+00
2.59672772e+00
2.58422466e+00
2.62485958e+00
2.63189255e+00
2.56781441e+00
2.54280830e+00
2.36620269e+00
2.38886447e+00
2.49670330e+00
2.58344322e+00
2.38495726e+00
2.41699634e+00
2.39042735e+00
2.57953602e+00
2.40449328e+00
2.40527473e+00
2.38105006e+00
2.59203907e+00
2.39199023e+00
2.37870574e+00
2.63892552e+00
2.89914530e+00
2.39589744e+00
2.37323565e+00
2.38417582e+00
2.60297924e+00
2.41387057e+00
2.38730159e+00
2.38730159e+00
2.58031746e+00
2.35760684e+00
2.41230769e+00
2.38183150e+00
2.58266178e+00
2.39589744e+00
2.39824176e+00
2.39980464e+00
2.58266178e+00
2.63736264e+00
2.38573871e+00
2.38417582e+00
2.59360195e+00
2.38964591e+00
2.38730159e+00
2.38417582e+00
2.57094017e+00
2.39355311e+00
2.38730159e+00
2.39980464e+00
2.57328449e+00
2.47247863e+00
2.37948718e+00
2.39277167e+00
2.67330891e+00
2.39902320e+00
2.37479853e+00
2.61548230e+00
2.83741148e+00
2.63345543e+00
2.39355311e+00
2.40605617e+00
2.58422466e+00
2.39355311e+00
2.39980464e+00
2.38339438e+00
2.58500611e+00
2.35213675e+00
2.39120879e+00
2.42168498e+00
2.59672772e+00
2.40918193e+00
2.38495726e+00
2.38886447e+00
2.59282051e+00
2.43418803e+00
2.61782662e+00
2.67565324e+00
2.59438339e+00
2.40058608e+00
2.44122100e+00
2.37948718e+00
2.59282051e+00
2.39980464e+00
2.42402930e+00
2.35213675e+00
2.60063492e+00
2.53968254e+00
2.39433455e+00
2.38964591e+00
2.58891331e+00
2.59047619e+00
2.42949939e+00
2.62642247e+00
2.88351648e+00
2.58031746e+00
2.41152625e+00
2.40058608e+00
2.58578755e+00
2.59047619e+00
2.38495726e+00
2.38886447e+00
2.64830281e+00
2.57484737e+00
2.35760684e+00
2.33963370e+00
2.56937729e+00
2.56547009e+00
2.39042735e+00
2.38026862e+00
2.56078144e+00
2.58735043e+00
2.37714286e+00
2.63111111e+00
2.51155067e+00
2.58109890e+00
2.40683761e+00
2.40996337e+00
2.39042735e+00
2.58578755e+00
2.37167277e+00
2.38886447e+00
2.39902320e+00
2.57797314e+00
2.38730159e+00
2.39355311e+00
2.39199023e+00
2.59125763e+00
2.39120879e+00
2.39667888e+00
2.62564103e+00
2.83506716e+00
2.42168498e+00
2.39199023e+00
2.37948718e+00
2.59829060e+00
2.38495726e+00
2.40683761e+00
2.39042735e+00
2.55921856e+00
2.39433455e+00
2.38652015e+00
2.36385836e+00
2.58031746e+00
2.39980464e+00
2.35604396e+00
2.39980464e+00
2.57328449e+00
2.63814408e+00
2.62329670e+00
2.44356532e+00
2.59047619e+00
2.38339438e+00
2.37167277e+00
2.43496947e+00
2.58656899e+00
2.40371184e+00
2.39042735e+00
2.39042735e+00
2.60844933e+00
2.41387057e+00
2.39902320e+00
2.39120879e+00
2.59203907e+00
2.40840049e+00
2.39902320e+00
2.60766789e+00
2.59047619e+00
2.62251526e+00
2.38495726e+00
2.32869353e+00
2.58735043e+00
2.39042735e+00
2.39199023e+00
2.41308913e+00
2.56468864e+00
2.39511600e+00
2.39511600e+00
2.39433455e+00
2.60297924e+00
2.41230769e+00
2.39589744e+00
2.41152625e+00
2.58188034e+00
2.69362637e+00
2.62485958e+00
2.63267399e+00
2.60454212e+00
2.40918193e+00
2.44903541e+00
2.41152625e+00
2.59594628e+00
2.56156288e+00
2.38652015e+00
2.44747253e+00
2.59672772e+00
2.58109890e+00
2.36932845e+00
2.38730159e+00
2.62564103e+00
2.57094017e+00
2.39277167e+00
2.40996337e+00
2.83115995e+00
2.84678877e+00
2.41543346e+00
2.39511600e+00
2.56625153e+00
2.59360195e+00
2.38105006e+00
2.38183150e+00
2.56390720e+00
2.58969475e+00
2.39277167e+00
2.40371184e+00
2.52249084e+00
2.58422466e+00
2.42871795e+00
2.38105006e+00
2.39277167e+00
2.60141636e+00
2.62876679e+00
2.38652015e+00
2.38886447e+00
2.58266178e+00
2.39042735e+00
2.38339438e+00
2.40761905e+00
2.58500611e+00
2.38573871e+00
2.41230769e+00
2.40371184e+00
2.56859585e+00
2.38886447e+00
2.36698413e+00
2.37479853e+00
2.57797314e+00
2.38339438e+00
2.38183150e+00
2.62329670e+00
2.85069597e+00
2.43887668e+00
2.38808303e+00
2.39199023e+00
2.62251526e+00
2.41621490e+00
2.38652015e+00
2.38183150e+00
2.57641026e+00
2.38417582e+00
2.36776557e+00
2.39199023e+00
2.60844933e+00
2.39902320e+00
2.37323565e+00
2.42559219e+00
2.58344322e+00
2.61782662e+00
2.65064713e+00
2.42090354e+00
2.62876679e+00
2.38886447e+00
2.37557998e+00
2.39277167e+00
2.57328449e+00
2.39355311e+00
2.39355311e+00
2.38105006e+00
2.58578755e+00
2.37557998e+00
2.37870574e+00
2.39667888e+00
2.56390720e+00
2.39120879e+00
2.45450549e+00
2.62798535e+00
2.84444444e+00
2.39355311e+00
2.38652015e+00
2.39667888e+00
2.60063492e+00
2.37870574e+00
2.42402930e+00
2.38886447e+00
2.56547009e+00
2.39433455e+00
2.39589744e+00
2.39042735e+00
2.58891331e+00
2.39433455e+00
2.41465201e+00
2.39355311e+00
2.56625153e+00
2.56781441e+00
2.38964591e+00
2.63501832e+00
2.62642247e+00
2.58422466e+00
2.38339438e+00
2.37870574e+00
2.60532357e+00
2.58344322e+00
2.39199023e+00
2.38261294e+00
2.60454212e+00
2.58422466e+00
2.41074481e+00
2.37948718e+00
2.59907204e+00
2.59203907e+00
2.47404151e+00
2.39589744e+00
2.55218559e+00
2.83741148e+00
2.63267399e+00
2.37870574e+00
2.50686203e+00
2.62251526e+00
2.43106227e+00
2.38730159e+00
2.37792430e+00
2.58735043e+00
2.33650794e+00
2.43106227e+00
2.39120879e+00
2.59672772e+00
2.39824176e+00
2.41855922e+00
2.36307692e+00
2.60141636e+00
2.40683761e+00
2.62407814e+00
2.66315018e+00
2.57641026e+00
2.40918193e+00
2.39277167e+00
2.38730159e+00
2.58109890e+00
2.39120879e+00
2.38730159e+00
2.42168498e+00
2.58891331e+00
2.36932845e+00
2.39042735e+00
2.39511600e+00
2.58735043e+00
2.38964591e+00
2.38652015e+00
2.35369963e+00
2.58188034e+00
2.62954823e+00
2.52483516e+00
2.40840049e+00
2.58344322e+00
2.38183150e+00
2.38573871e+00
2.38417582e+00
2.60141636e+00
2.39980464e+00
2.38417582e+00
2.39199023e+00
2.58422466e+00
2.42793651e+00
2.36463980e+00
2.38808303e+00
2.58109890e+00
2.39902320e+00
2.61938950e+00
2.63579976e+00
2.84131868e+00
2.38261294e+00
2.38652015e+00
2.37948718e+00
2.59203907e+00
2.38886447e+00
2.38730159e+00
2.39980464e+00
2.59750916e+00
2.39042735e+00
2.39199023e+00
2.39120879e+00
