1.29562882e+00
1.33626374e+00
1.29953602e+00
1.29484737e+00
1.30891331e+00
1.28390720e+00
1.31047619e+00
1.30891331e+00
1.29641026e+00
1.28625153e+00
1.31360195e+00
1.29953602e+00
1.31203907e+00
1.29953602e+00
1.30500611e+00
1.30109890e+00
1.30578755e+00
1.30109890e+00
1.29484737e+00
1.27921856e+00
1.30969475e+00
1.28390720e+00
1.30422466e+00
1.31594628e+00
1.27687424e+00
1.31516484e+00
1.30344322e+00
1.30891331e+00
1.32141636e+00
1.28547009e+00
1.31047619e+00
1.29406593e+00
1.29797314e+00
1.28937729e+00
1.32610501e+00
1.30735043e+00
1.31282051e+00
1.29328449e+00
1.29172161e+00
1.28000000e+00
1.29875458e+00
1.31907204e+00
1.30813187e+00
1.29953602e+00
1.35345543e+00
1.29406593e+00
1.25499389e+00
1.30735043e+00
1.32141636e+00
1.28547009e+00
1.30578755e+00
1.28468864e+00
1.31047619e+00
1.25577534e+00
1.29015873e+00
1.30656899e+00
1.34017094e+00
1.30266178e+00
1.39877900e+00
1.26515263e+00
1.30188034e+00
1.29406593e+00
1.29875458e+00
1.31907204e+00
1.28859585e+00
1.30266178e+00
1.30109890e+00
1.30188034e+00
1.30500611e+00
1.30813187e+00
1.32219780e+00
1.28937729e+00
1.31203907e+00
1.29094017e+00
1.29562882e+00
1.30578755e+00
1.31203907e+00
1.29641026e+00
1.31203907e+00
1.28078144e+00
1.30891331e+00
1.27140415e+00
1.29406593e+00
1.27452991e+00
1.28078144e+00
1.31282051e+00
1.32610501e+00
1.30735043e+00
1.30578755e+00
1.29719170e+00
1.30422466e+00
1.28468864e+00
1.30031746e+00
1.27921856e+00
1.29406593e+00
1.30578755e+00
1.32688645e+00
1.31360195e+00
1.28859585e+00
1.35892552e+00
1.30109890e+00
1.29562882e+00
1.31438339e+00
1.34407814e+00
1.26671551e+00
1.31125763e+00
1.27374847e+00
1.29406593e+00
1.30891331e+00
1.28547009e+00
1.29953602e+00
1.31594628e+00
1.31125763e+00
1.31829060e+00
1.29094017e+00
1.29875458e+00
1.29719170e+00
1.31360195e+00
1.31985348e+00
1.29797314e+00
1.30344322e+00
1.34954823e+00
1.30109890e+00
1.29484737e+00
1.30188034e+00
1.30813187e+00
1.27687424e+00
1.30344322e+00
1.32141636e+00
1.30344322e+00
1.29797314e+00
1.32454212e+00
1.31203907e+00
1.30891331e+00
1.26515263e+00
1.30735043e+00
1.31125763e+00
1.30109890e+00
1.31907204e+00
1.31125763e+00
1.31516484e+00
1.32454212e+00
1.30109890e+00
1.34720391e+00
1.26202686e+00
1.31360195e+00
1.26515263e+00
1.31203907e+00
1.31047619e+00
1.29015873e+00
1.29641026e+00
1.32297924e+00
1.30266178e+00
1.25811966e+00
1.28390720e+00
1.30969475e+00
1.35658120e+00
1.30813187e+00
1.28937729e+00
1.39721612e+00
1.30422466e+00
1.31985348e+00
1.29328449e+00
1.25030525e+00
1.30578755e+00
1.31360195e+00
1.28156288e+00
1.28547009e+00
1.31985348e+00
1.31203907e+00
1.29328449e+00
1.30969475e+00
1.31047619e+00
1.30266178e+00
1.26671551e+00
1.28859585e+00
1.29406593e+00
1.30813187e+00
1.26827839e+00
1.28234432e+00
1.30656899e+00
1.33079365e+00
1.29406593e+00
1.25577534e+00
1.26593407e+00
1.30344322e+00
1.32923077e+00
1.28859585e+00
1.29406593e+00
1.27140415e+00
1.31360195e+00
1.27062271e+00
1.30422466e+00
1.31985348e+00
1.31594628e+00
1.29641026e+00
1.31047619e+00
1.30500611e+00
1.27609280e+00
1.29797314e+00
1.31203907e+00
1.30266178e+00
1.30344322e+00
1.28859585e+00
1.37768010e+00
1.30969475e+00
1.29250305e+00
1.30969475e+00
1.29875458e+00
1.28390720e+00
1.30500611e+00
1.32532357e+00
1.31203907e+00
1.41206349e+00
1.36205128e+00
1.29953602e+00
1.29406593e+00
1.31360195e+00
1.25499389e+00
1.34017094e+00
1.31203907e+00
1.33938950e+00
1.29484737e+00
1.29015873e+00
1.26671551e+00
1.30500611e+00
1.33235653e+00
1.29641026e+00
1.28859585e+00
1.33704518e+00
1.30500611e+00
1.28703297e+00
1.30266178e+00
1.30578755e+00
1.28703297e+00
1.30266178e+00
1.31985348e+00
1.29953602e+00
1.33157509e+00
1.28390720e+00
1.29641026e+00
1.33235653e+00
1.32063492e+00
1.28781441e+00
1.29797314e+00
1.30578755e+00
1.32766789e+00
1.29015873e+00
1.31907204e+00
1.29562882e+00
1.30500611e+00
1.30109890e+00
1.29875458e+00
1.31047619e+00
1.29641026e+00
1.30813187e+00
1.28390720e+00
1.31829060e+00
1.32766789e+00
1.29797314e+00
1.31829060e+00
1.32766789e+00
1.31203907e+00
1.29484737e+00
1.28703297e+00
1.30500611e+00
1.29015873e+00
1.30266178e+00
1.31047619e+00
1.36752137e+00
1.31750916e+00
1.31672772e+00
1.29953602e+00
1.32923077e+00
1.33001221e+00
1.29328449e+00
1.30344322e+00
1.31516484e+00
1.29562882e+00
1.33079365e+00
1.29484737e+00
1.36752137e+00
1.31125763e+00
1.27452991e+00
1.35189255e+00
1.30266178e+00
1.30578755e+00
1.28547009e+00
1.33938950e+00
1.31203907e+00
1.31438339e+00
1.32766789e+00
1.30656899e+00
1.31047619e+00
1.29562882e+00
1.31203907e+00
1.26515263e+00
1.30578755e+00
1.29875458e+00
1.30656899e+00
1.29797314e+00
1.34720391e+00
1.30813187e+00
1.29875458e+00
1.28234432e+00
1.31282051e+00
1.30422466e+00
1.29641026e+00
1.30656899e+00
1.29875458e+00
1.31282051e+00
1.28547009e+00
1.29797314e+00
1.30266178e+00
1.28781441e+00
1.30578755e+00
1.32141636e+00
1.30188034e+00
1.29953602e+00
1.31203907e+00
1.29719170e+00
1.27765568e+00
1.27609280e+00
1.33079365e+00
1.31203907e+00
1.30109890e+00
1.27843712e+00
1.34017094e+00
1.31594628e+00
1.31672772e+00
1.30969475e+00
1.30188034e+00
1.30578755e+00
1.30188034e+00
1.32610501e+00
1.30813187e+00
1.30109890e+00
1.31829060e+00
1.31438339e+00
1.28156288e+00
1.29875458e+00
1.26984127e+00
1.31125763e+00
1.29953602e+00
1.26515263e+00
1.30422466e+00
1.29641026e+00
1.35736264e+00
1.31203907e+00
1.31125763e+00
1.31516484e+00
1.29015873e+00
1.32532357e+00
1.31125763e+00
1.34485958e+00
1.29953602e+00
1.31282051e+00
1.33938950e+00
1.31594628e+00
1.29719170e+00
1.31047619e+00
1.27452991e+00
1.30031746e+00
1.30656899e+00
1.32454212e+00
1.30422466e+00
1.38080586e+00
1.31203907e+00
1.30578755e+00
1.29641026e+00
1.29641026e+00
1.28390720e+00
1.27452991e+00
1.29562882e+00
1.32454212e+00
1.30266178e+00
1.35579976e+00
1.34173382e+00
1.30344322e+00
1.32297924e+00
1.30578755e+00
1.29641026e+00
1.27374847e+00
1.30813187e+00
1.37455433e+00
1.30266178e+00
1.29953602e+00
1.34642247e+00
1.30031746e+00
1.33938950e+00
1.30266178e+00
1.32610501e+00
1.31829060e+00
1.29953602e+00
1.31125763e+00
1.30656899e+00
1.28781441e+00
1.32454212e+00
1.29797314e+00
1.31516484e+00
1.30422466e+00
1.31360195e+00
1.32297924e+00
1.29484737e+00
1.32454212e+00
1.29953602e+00
1.29094017e+00
1.28937729e+00
1.30031746e+00
1.33157509e+00
1.31282051e+00
1.28234432e+00
1.30891331e+00
1.29406593e+00
1.29172161e+00
1.31594628e+00
1.29094017e+00
1.31829060e+00
1.31047619e+00
1.29172161e+00
1.30656899e+00
1.26905983e+00
1.31516484e+00
1.30735043e+00
1.30266178e+00
1.30500611e+00
1.23702076e+00
1.27921856e+00
1.31516484e+00
1.31829060e+00
1.31047619e+00
1.29250305e+00
1.31516484e+00
1.29484737e+00
1.29562882e+00
1.30891331e+00
1.31438339e+00
1.31516484e+00
1.30656899e+00
1.29797314e+00
1.30344322e+00
1.31282051e+00
1.30031746e+00
1.30266178e+00
1.27374847e+00
1.29719170e+00
1.30735043e+00
1.29641026e+00
1.31282051e+00
1.29015873e+00
1.30813187e+00
1.34407814e+00
1.29641026e+00
1.31203907e+00
1.31203907e+00
1.30109890e+00
1.31672772e+00
1.25343101e+00
1.30969475e+00
1.30266178e+00
1.30656899e+00
1.29328449e+00
1.30500611e+00
1.30891331e+00
1.30500611e+00
1.29406593e+00
1.29953602e+00
1.27921856e+00
1.30578755e+00
1.29562882e+00
1.30109890e+00
1.29562882e+00
1.29797314e+00
1.31438339e+00
1.26124542e+00
1.31047619e+00
1.35111111e+00
1.31516484e+00
1.30188034e+00
1.32610501e+00
1.30813187e+00
1.30344322e+00
1.30735043e+00
1.30109890e+00
1.30188034e+00
1.29953602e+00
1.26749695e+00
1.29094017e+00
1.31438339e+00
1.25968254e+00
1.29172161e+00
1.35189255e+00
1.30735043e+00
1.30578755e+00
1.27531136e+00
1.30735043e+00
1.31829060e+00
1.35658120e+00
1.30188034e+00
1.32376068e+00
1.29797314e+00
1.27843712e+00
1.24639805e+00
1.30266178e+00
1.30266178e+00
1.30578755e+00
1.31516484e+00
1.26437118e+00
1.30578755e+00
1.28937729e+00
1.29328449e+00
1.32141636e+00
1.33470085e+00
1.31125763e+00
1.29875458e+00
1.29953602e+00
1.31516484e+00
1.27609280e+00
1.31594628e+00
1.33001221e+00
1.28937729e+00
1.31829060e+00
1.29328449e+00
1.30969475e+00
1.30735043e+00
1.32766789e+00
1.31282051e+00
1.31594628e+00
1.31125763e+00
1.26124542e+00
1.29719170e+00
1.30031746e+00
1.27921856e+00
1.30031746e+00
1.28625153e+00
1.31516484e+00
1.37455433e+00
1.29719170e+00
1.32376068e+00
1.28468864e+00
1.30735043e+00
1.29641026e+00
1.31438339e+00
1.31203907e+00
1.31282051e+00
1.32141636e+00
1.30891331e+00
1.32454212e+00
1.30500611e+00
1.27140415e+00
1.29328449e+00
1.29953602e+00
1.30188034e+00
1.30735043e+00
1.28312576e+00
1.29875458e+00
1.30266178e+00
1.32376068e+00
1.30031746e+00
1.27687424e+00
1.31750916e+00
1.31594628e+00
1.27062271e+00
1.31360195e+00
1.29562882e+00
1.35111111e+00
1.29015873e+00
1.30266178e+00
1.31047619e+00
1.28312576e+00
1.32532357e+00
1.33313797e+00
1.27062271e+00
1.29797314e+00
1.30266178e+00
1.31907204e+00
1.31438339e+00
1.32766789e+00
1.30578755e+00
1.26358974e+00
1.30266178e+00
1.29484737e+00
1.33704518e+00
1.29797314e+00
1.28312576e+00
1.31203907e+00
1.29250305e+00
1.33001221e+00
1.31438339e+00
1.29953602e+00
1.28703297e+00
1.31203907e+00
1.26984127e+00
1.30500611e+00
1.29172161e+00
1.28312576e+00
1.30891331e+00
1.29875458e+00
1.30891331e+00
1.30188034e+00
1.33704518e+00
1.29484737e+00
1.32688645e+00
1.29641026e+00
1.31594628e+00
1.32454212e+00
1.29953602e+00
1.36205128e+00
1.30500611e+00
1.29797314e+00
1.30266178e+00
1.31438339e+00
1.34095238e+00
1.29953602e+00
1.32688645e+00
1.29641026e+00
1.33391941e+00
1.29719170e+00
1.30813187e+00
1.28703297e+00
1.31594628e+00
1.31203907e+00
1.26202686e+00
1.30813187e+00
1.28625153e+00
1.30344322e+00
1.31203907e+00
1.32454212e+00
1.30656899e+00
1.31750916e+00
1.28468864e+00
1.28390720e+00
1.31360195e+00
1.30422466e+00
1.29719170e+00
1.29875458e+00
1.30109890e+00
1.27452991e+00
1.30813187e+00
1.41597070e+00
1.29953602e+00
1.30578755e+00
1.29875458e+00
1.29875458e+00
1.32688645e+00
1.33704518e+00
1.32766789e+00
1.28703297e+00
1.31125763e+00
1.28937729e+00
1.28468864e+00
1.28703297e+00
1.25968254e+00
1.30344322e+00
1.31907204e+00
1.29484737e+00
1.30578755e+00
1.30891331e+00
1.30266178e+00
1.27531136e+00
1.34954823e+00
1.30188034e+00
1.30266178e+00
1.29641026e+00
1.28781441e+00
1.32063492e+00
1.30656899e+00
1.32923077e+00
1.29953602e+00
1.32766789e+00
1.34095238e+00
1.30031746e+00
1.28468864e+00
1.31516484e+00
1.29641026e+00
1.32454212e+00
1.30500611e+00
1.30109890e+00
1.30735043e+00
1.38783883e+00
1.27452991e+00
1.30969475e+00
1.31672772e+00
1.29250305e+00
1.34017094e+00
1.29172161e+00
1.32063492e+00
1.28390720e+00
1.31516484e+00
1.28937729e+00
1.35267399e+00
1.31203907e+00
1.27218559e+00
1.30969475e+00
1.35345543e+00
1.29250305e+00
1.29406593e+00
1.29953602e+00
1.32454212e+00
1.27140415e+00
1.29015873e+00
1.30109890e+00
1.31672772e+00
1.30031746e+00
1.32376068e+00
1.38705739e+00
1.30735043e+00
1.35423687e+00
1.29562882e+00
1.33079365e+00
1.29875458e+00
1.31282051e+00
1.31125763e+00
1.30344322e+00
1.33313797e+00
1.30969475e+00
1.29641026e+00
1.29015873e+00
1.31125763e+00
1.29562882e+00
1.28156288e+00
1.30813187e+00
1.30500611e+00
1.30891331e+00
1.28078144e+00
1.30031746e+00
1.30500611e+00
1.30031746e+00
1.29797314e+00
1.27921856e+00
1.30813187e+00
1.31282051e+00
1.32219780e+00
1.30344322e+00
1.29875458e+00
1.30500611e+00
1.29562882e+00
1.30969475e+00
1.30422466e+00
1.33938950e+00
1.30422466e+00
1.31282051e+00
1.29953602e+00
1.30266178e+00
1.30031746e+00
1.30813187e+00
1.29953602e+00
1.35579976e+00
1.29641026e+00
1.30813187e+00
1.29562882e+00
1.31203907e+00
1.28703297e+00
1.32454212e+00
1.29875458e+00
1.33704518e+00
1.29953602e+00
1.29015873e+00
1.29953602e+00
1.30500611e+00
1.28156288e+00
1.31125763e+00
1.38705739e+00
1.29641026e+00
1.23702076e+00
1.29406593e+00
1.30422466e+00
1.28234432e+00
1.31750916e+00
1.29641026e+00
1.32063492e+00
1.29953602e+00
1.28703297e+00
1.32063492e+00
1.30188034e+00
1.29328449e+00
1.29250305e+00
1.32141636e+00
1.30266178e+00
1.28625153e+00
1.25811966e+00
1.30422466e+00
1.33079365e+00
1.31282051e+00
1.27765568e+00
1.29875458e+00
1.32688645e+00
1.29641026e+00
1.29719170e+00
1.28312576e+00
1.30578755e+00
1.30656899e+00
1.31750916e+00
1.31203907e+00
1.31360195e+00
1.30188034e+00
1.31047619e+00
1.30578755e+00
1.31750916e+00
1.31438339e+00
1.26984127e+00
1.29719170e+00
1.31829060e+00
1.29484737e+00
1.33626374e+00
1.31360195e+00
1.30969475e+00
1.31438339e+00
1.30578755e+00
1.27531136e+00
1.28547009e+00
1.30422466e+00
1.29953602e+00
1.32297924e+00
1.34954823e+00
1.28703297e+00
1.32688645e+00
1.29015873e+00
1.29094017e+00
1.31750916e+00
1.32219780e+00
1.28703297e+00
1.28547009e+00
1.28703297e+00
1.29484737e+00
1.34251526e+00
1.30031746e+00
1.32141636e+00
1.32297924e+00
1.30188034e+00
1.30031746e+00
1.30422466e+00
1.30891331e+00
1.31282051e+00
1.31203907e+00
1.32454212e+00
1.30031746e+00
1.28547009e+00
1.28156288e+00
1.29406593e+00
1.34173382e+00
1.29015873e+00
1.29797314e+00
1.28625153e+00
1.30578755e+00
1.26124542e+00
1.29406593e+00
1.30735043e+00
1.31047619e+00
1.30188034e+00
1.28703297e+00
1.31203907e+00
1.29172161e+00
1.29172161e+00
1.29797314e+00
1.25655678e+00
1.30891331e+00
1.26827839e+00
1.33079365e+00
1.30500611e+00
1.30109890e+00
1.29641026e+00
1.29562882e+00
1.29719170e+00
1.29875458e+00
1.29015873e+00
1.30422466e+00
1.33157509e+00
1.30344322e+00
1.30188034e+00
1.28781441e+00
1.30188034e+00
1.28078144e+00
1.32532357e+00
1.29328449e+00
1.29719170e+00
1.29719170e+00
1.28468864e+00
1.33235653e+00
1.31282051e+00
1.31907204e+00
1.29328449e+00
1.31360195e+00
1.30109890e+00
1.31203907e+00
1.33079365e+00
1.30500611e+00
1.28703297e+00
1.27921856e+00
1.29953602e+00
1.29719170e+00
1.29953602e+00
1.31438339e+00
1.30500611e+00
1.29406593e+00
1.32141636e+00
1.30500611e+00
1.30188034e+00
1.31047619e+00
1.30500611e+00
1.31985348e+00
1.29250305e+00
1.29250305e+00
1.27374847e+00
1.31594628e+00
1.29094017e+00
1.31047619e+00
1.27921856e+00
1.29562882e+00
1.30891331e+00
1.32063492e+00
1.31203907e+00
1.31672772e+00
1.28625153e+00
1.30266178e+00
1.32376068e+00
1.31125763e+00
1.32454212e+00
1.30813187e+00
1.30188034e+00
1.29953602e+00
1.30813187e+00
1.29015873e+00
1.29953602e+00
1.30891331e+00
1.29250305e+00
1.30969475e+00
1.31125763e+00
1.29875458e+00
1.30891331e+00
1.31360195e+00
1.30891331e+00
1.28000000e+00
1.30031746e+00
1.30656899e+00
1.32844933e+00
1.28859585e+00
1.28390720e+00
1.28625153e+00
1.30422466e+00
1.29797314e+00
1.32688645e+00
1.29094017e+00
1.29172161e+00
1.30969475e+00
1.27687424e+00
1.32766789e+00
1.31594628e+00
1.31672772e+00
1.31360195e+00
1.37689866e+00
1.35892552e+00
1.32454212e+00
1.28390720e+00
1.32141636e+00
1.30813187e+00
1.30735043e+00
1.30891331e+00
1.27218559e+00
1.30891331e+00
1.31750916e+00
1.31282051e+00
1.25264957e+00
1.29562882e+00
1.30813187e+00
1.27609280e+00
1.30735043e+00
1.32454212e+00
1.28703297e+00
1.31438339e+00
1.30109890e+00
1.30422466e+00
1.36517705e+00
1.32141636e+00
1.30266178e+00
1.27609280e+00
1.33782662e+00
1.29875458e+00
1.27687424e+00
1.29328449e+00
1.29406593e+00
1.30735043e+00
1.29484737e+00
1.29562882e+00
1.30735043e+00
1.31203907e+00
1.30969475e+00
1.32063492e+00
1.32454212e+00
1.31438339e+00
1.29484737e+00
1.30500611e+00
1.28156288e+00
1.35189255e+00
1.30969475e+00
1.30735043e+00
1.30500611e+00
1.34954823e+00
1.28937729e+00
1.28937729e+00
1.37768010e+00
1.31438339e+00
1.30813187e+00
1.34798535e+00
1.31125763e+00
1.27921856e+00
1.29484737e+00
1.32219780e+00
1.24483516e+00
1.30500611e+00
1.30813187e+00
1.31360195e+00
1.31203907e+00
1.32454212e+00
1.31829060e+00
1.26437118e+00
1.32532357e+00
1.32454212e+00
1.27687424e+00
1.30969475e+00
1.31125763e+00
1.30969475e+00
1.33001221e+00
1.30422466e+00
1.30031746e+00
1.31438339e+00
1.29719170e+00
1.34798535e+00
1.32219780e+00
1.30266178e+00
1.29406593e+00
1.28390720e+00
1.28000000e+00
1.31985348e+00
1.30813187e+00
1.32610501e+00
1.33548230e+00
1.32532357e+00
1.31594628e+00
1.29172161e+00
1.28390720e+00
1.28703297e+00
1.31282051e+00
1.32376068e+00
1.30109890e+00
1.33704518e+00
1.29250305e+00
1.29015873e+00
1.29953602e+00
1.29875458e+00
1.28703297e+00
1.30500611e+00
1.30891331e+00
1.29641026e+00
1.30109890e+00
1.28234432e+00
1.30656899e+00
1.32532357e+00
1.28937729e+00
1.30031746e+00
1.31907204e+00
1.37299145e+00
1.29797314e+00
1.26202686e+00
1.30188034e+00
1.28000000e+00
1.29484737e+00
1.31282051e+00
1.32297924e+00
1.33860806e+00
1.32454212e+00
1.31750916e+00
1.30188034e+00
1.31750916e+00
1.30344322e+00
1.31516484e+00
1.32532357e+00
1.29719170e+00
1.32688645e+00
1.28937729e+00
1.26827839e+00
1.29641026e+00
1.30735043e+00
1.31516484e+00
1.30656899e+00
1.30891331e+00
1.29250305e+00
1.30656899e+00
1.30656899e+00
1.31203907e+00
1.30891331e+00
1.28390720e+00
1.29953602e+00
1.30109890e+00
1.30031746e+00
1.38315018e+00
1.33079365e+00
1.29406593e+00
1.31907204e+00
1.30266178e+00
1.27765568e+00
1.27531136e+00
1.31203907e+00
1.38393162e+00
1.29250305e+00
1.29484737e+00
1.29015873e+00
1.29953602e+00
1.38627595e+00
1.31282051e+00
1.28703297e+00
1.29562882e+00
1.29641026e+00
1.30735043e+00
1.29953602e+00
1.32923077e+00
1.29172161e+00
1.30891331e+00
1.32454212e+00
1.31438339e+00
1.39330891e+00
1.34251526e+00
1.30344322e+00
1.37924298e+00
1.29797314e+00
1.33079365e+00
1.33313797e+00
1.32532357e+00
1.32688645e+00
1.30109890e+00
1.31750916e+00
1.25030525e+00
1.29797314e+00
1.32766789e+00
1.30266178e+00
1.27843712e+00
1.27765568e+00
1.30422466e+00
1.32376068e+00
1.30266178e+00
1.32141636e+00
1.30109890e+00
1.33626374e+00
1.29875458e+00
1.29641026e+00
1.36361416e+00
1.30813187e+00
1.29953602e+00
1.28156288e+00
1.30969475e+00
1.32376068e+00
1.29875458e+00
1.30422466e+00
1.34876679e+00
1.30578755e+00
1.32454212e+00
1.29015873e+00
1.30656899e+00
1.32454212e+00
1.30422466e+00
1.27765568e+00
1.26202686e+00
1.29953602e+00
1.28937729e+00
1.29719170e+00
1.30031746e+00
1.31282051e+00
1.32141636e+00
1.29797314e+00
1.30891331e+00
1.29719170e+00
1.30656899e+00
1.30422466e+00
1.28781441e+00
1.29953602e+00
1.32063492e+00
1.26905983e+00
1.30578755e+00
1.32688645e+00
1.30188034e+00
1.27765568e+00
1.30422466e+00
1.29797314e+00
1.32063492e+00
1.30422466e+00
1.28703297e+00
1.28859585e+00
1.31125763e+00
1.27687424e+00
1.30813187e+00
1.32532357e+00
1.38393162e+00
1.29172161e+00
1.29094017e+00
1.30813187e+00
1.27765568e+00
1.30891331e+00
1.29250305e+00
1.27140415e+00
1.30344322e+00
1.29562882e+00
1.31829060e+00
1.30188034e+00
1.28625153e+00
1.29797314e+00
1.28859585e+00
1.31438339e+00
1.30578755e+00
1.28547009e+00
1.29094017e+00
1.30656899e+00
1.24717949e+00
1.31829060e+00
1.27843712e+00
1.30031746e+00
1.33313797e+00
1.25343101e+00
1.29015873e+00
1.37142857e+00
1.29953602e+00
1.31985348e+00
1.28781441e+00
1.32063492e+00
1.28625153e+00
1.30266178e+00
1.31125763e+00
1.32219780e+00
1.30578755e+00
1.30578755e+00
1.28156288e+00
1.28390720e+00
1.30422466e+00
1.31282051e+00
1.29484737e+00
1.30735043e+00
1.30266178e+00
1.28625153e+00
1.30578755e+00
1.32063492e+00
1.29641026e+00
1.29172161e+00
1.31594628e+00
1.29953602e+00
1.29719170e+00
1.31594628e+00
1.31750916e+00
1.28000000e+00
1.29797314e+00
1.28625153e+00
1.29953602e+00
1.30344322e+00
1.31907204e+00
1.33391941e+00
1.28468864e+00
1.30578755e+00
1.28547009e+00
1.30266178e+00
1.28859585e+00
1.31438339e+00
1.30500611e+00
1.29562882e+00
1.34407814e+00
1.30969475e+00
1.31750916e+00
1.28937729e+00
1.27843712e+00
1.29953602e+00
1.32923077e+00
1.31829060e+00
1.30188034e+00
1.32532357e+00
1.34564103e+00
1.30188034e+00
1.31203907e+00
1.32219780e+00
1.31360195e+00
1.31438339e+00
1.30422466e+00
1.30656899e+00
1.29562882e+00
1.32454212e+00
1.33626374e+00
1.30031746e+00
1.31516484e+00
1.32219780e+00
1.31438339e+00
1.27687424e+00
1.30344322e+00
1.29953602e+00
1.31438339e+00
1.32923077e+00
1.28703297e+00
1.29953602e+00
1.31438339e+00
1.33157509e+00
1.30735043e+00
1.27921856e+00
1.30578755e+00
1.29953602e+00
1.31125763e+00
1.31594628e+00
1.30656899e+00
1.32141636e+00
1.32376068e+00
1.31203907e+00
1.30500611e+00
1.31672772e+00
1.31907204e+00
1.30500611e+00
1.28625153e+00
1.29719170e+00
1.31125763e+00
1.31203907e+00
1.26593407e+00
1.28468864e+00
1.30656899e+00
1.33704518e+00
1.29641026e+00
1.33626374e+00
1.26671551e+00
1.30813187e+00
1.33470085e+00
1.29875458e+00
1.29015873e+00
1.31438339e+00
1.30500611e+00
1.27140415e+00
1.30031746e+00
1.29484737e+00
1.27765568e+00
1.29484737e+00
1.31360195e+00
1.29562882e+00
1.31125763e+00
1.31047619e+00
1.29875458e+00
1.31125763e+00
1.30656899e+00
1.27296703e+00
1.28703297e+00
1.30656899e+00
1.30266178e+00
1.30188034e+00
1.31829060e+00
1.29094017e+00
1.31203907e+00
1.26593407e+00
1.31125763e+00
1.39330891e+00
1.32141636e+00
1.30422466e+00
1.30813187e+00
1.32063492e+00
1.33391941e+00
1.30109890e+00
1.29406593e+00
1.27687424e+00
1.29953602e+00
1.29172161e+00
1.28468864e+00
1.29875458e+00
1.27218559e+00
1.29094017e+00
1.30735043e+00
1.28234432e+00
1.30656899e+00
1.31907204e+00
1.29875458e+00
1.27921856e+00
1.26358974e+00
1.28937729e+00
1.29641026e+00
1.30266178e+00
1.28312576e+00
1.33235653e+00
1.30813187e+00
1.31203907e+00
1.30031746e+00
1.27921856e+00
1.31360195e+00
1.31203907e+00
1.32297924e+00
1.28937729e+00
1.29953602e+00
1.26749695e+00
1.30031746e+00
1.29562882e+00
1.30578755e+00
1.27921856e+00
1.34017094e+00
1.29953602e+00
1.32297924e+00
1.31047619e+00
1.30500611e+00
1.29953602e+00
1.29875458e+00
1.26202686e+00
1.30813187e+00
1.37142857e+00
1.31750916e+00
1.30578755e+00
1.30188034e+00
1.29875458e+00
1.27218559e+00
1.26202686e+00
1.31125763e+00
1.30891331e+00
1.31438339e+00
1.31360195e+00
1.34642247e+00
1.30266178e+00
1.29797314e+00
1.30578755e+00
1.30109890e+00
1.26749695e+00
1.29015873e+00
1.37533578e+00
1.30109890e+00
1.28781441e+00
1.30031746e+00
1.31047619e+00
1.29641026e+00
1.30109890e+00
1.28390720e+00
1.30031746e+00
1.30891331e+00
1.31907204e+00
1.30422466e+00
1.27531136e+00
1.31125763e+00
1.31047619e+00
1.30656899e+00
1.31125763e+00
1.29406593e+00
1.33391941e+00
1.29484737e+00
1.30500611e+00
1.30891331e+00
1.30344322e+00
1.34329670e+00
1.31047619e+00
1.30109890e+00
1.30656899e+00
1.28703297e+00
1.26749695e+00
1.30735043e+00
1.30500611e+00
1.29641026e+00
1.26827839e+00
1.32376068e+00
1.31594628e+00
1.27374847e+00
1.30188034e+00
1.29875458e+00
1.30422466e+00
1.30344322e+00
1.32688645e+00
1.30578755e+00
1.36673993e+00
1.29015873e+00
1.31125763e+00
1.29250305e+00
1.32141636e+00
1.28312576e+00
1.29641026e+00
1.33079365e+00
1.29015873e+00
1.29953602e+00
1.31125763e+00
1.32297924e+00
1.30344322e+00
1.33626374e+00
1.32844933e+00
1.29250305e+00
1.29406593e+00
1.30109890e+00
1.29797314e+00
1.29250305e+00
1.31438339e+00
1.30266178e+00
1.30422466e+00
1.31907204e+00
1.29328449e+00
1.28234432e+00
1.32376068e+00
1.32141636e+00
1.38627595e+00
1.29172161e+00
1.31203907e+00
1.35970696e+00
1.29875458e+00
1.26046398e+00
1.31360195e+00
1.28625153e+00
1.27296703e+00
1.30735043e+00
1.29562882e+00
1.31516484e+00
1.31203907e+00
1.28625153e+00
1.31203907e+00
1.33313797e+00
1.31594628e+00
1.33235653e+00
1.30500611e+00
1.30344322e+00
1.33235653e+00
1.29015873e+00
1.30266178e+00
1.31672772e+00
1.29797314e+00
1.30031746e+00
1.29094017e+00
1.31438339e+00
1.31750916e+00
1.29328449e+00
1.27218559e+00
1.31047619e+00
1.30188034e+00
1.29250305e+00
1.29719170e+00
1.36361416e+00
1.27765568e+00
1.30500611e+00
1.26202686e+00
1.30891331e+00
1.30735043e+00
1.36439560e+00
1.29328449e+00
1.27687424e+00
1.30656899e+00
1.30031746e+00
1.28234432e+00
1.31282051e+00
1.31985348e+00
1.31203907e+00
1.28390720e+00
1.28781441e+00
1.30109890e+00
1.32923077e+00
1.29015873e+00
1.33704518e+00
1.31282051e+00
1.33626374e+00
1.25577534e+00
1.29797314e+00
1.30578755e+00
1.30969475e+00
1.31594628e+00
1.30422466e+00
1.30735043e+00
1.29562882e+00
1.36205128e+00
1.31203907e+00
1.28078144e+00
1.33860806e+00
1.31516484e+00
1.30188034e+00
1.30891331e+00
1.30109890e+00
1.29015873e+00
1.31125763e+00
1.30578755e+00
1.30500611e+00
1.30188034e+00
1.30656899e+00
1.29406593e+00
1.30656899e+00
1.29953602e+00
1.30656899e+00
1.32063492e+00
1.26905983e+00
1.28937729e+00
1.31672772e+00
1.32766789e+00
1.30656899e+00
1.28234432e+00
1.32141636e+00
1.30500611e+00
1.29641026e+00
1.29719170e+00
1.30031746e+00
1.29953602e+00
1.30500611e+00
1.31282051e+00
1.31203907e+00
1.27452991e+00
1.31516484e+00
1.30422466e+00
1.33001221e+00
1.30578755e+00
1.26827839e+00
1.25577534e+00
1.31438339e+00
1.27218559e+00
1.30344322e+00
1.29015873e+00
1.27296703e+00
1.30656899e+00
1.30422466e+00
1.29562882e+00
1.30578755e+00
1.31125763e+00
1.30344322e+00
1.30813187e+00
1.32063492e+00
1.30344322e+00
1.27687424e+00
1.29172161e+00
1.31203907e+00
1.32532357e+00
1.32766789e+00
1.34954823e+00
1.30031746e+00
1.29484737e+00
1.30656899e+00
1.30266178e+00
1.32923077e+00
1.31672772e+00
1.31672772e+00
1.29015873e+00
1.30188034e+00
1.36439560e+00
1.31203907e+00
1.29875458e+00
1.29250305e+00
1.36517705e+00
1.32766789e+00
1.30188034e+00
1.31125763e+00
1.31047619e+00
1.31203907e+00
1.33782662e+00
1.30266178e+00
1.32454212e+00
1.29250305e+00
1.28859585e+00
1.25577534e+00
1.31282051e+00
1.38549451e+00
1.29953602e+00
1.28703297e+00
1.30578755e+00
1.29953602e+00
1.28390720e+00
1.30578755e+00
1.29641026e+00
1.30109890e+00
1.32219780e+00
1.32063492e+00
1.30422466e+00
1.31516484e+00
1.32376068e+00
1.30031746e+00
1.31203907e+00
1.31203907e+00
1.28859585e+00
1.33235653e+00
1.30891331e+00
1.29328449e+00
1.30891331e+00
1.29094017e+00
1.27843712e+00
1.30422466e+00
1.35970696e+00
1.28625153e+00
1.30656899e+00
1.28468864e+00
1.30891331e+00
1.28234432e+00
1.30969475e+00
1.29953602e+00
1.28781441e+00
1.30813187e+00
1.32923077e+00
1.29562882e+00
1.29875458e+00
1.25343101e+00
1.30188034e+00
1.28156288e+00
1.27452991e+00
1.32141636e+00
1.31516484e+00
1.29641026e+00
1.31672772e+00
1.29562882e+00
1.30891331e+00
1.31907204e+00
1.31282051e+00
1.25890110e+00
1.36595849e+00
1.31985348e+00
1.30031746e+00
1.30188034e+00
1.29719170e+00
1.32688645e+00
1.29641026e+00
1.30031746e+00
1.30266178e+00
1.29406593e+00
1.29953602e+00
1.31282051e+00
1.30500611e+00
1.31047619e+00
1.29172161e+00
1.29875458e+00
1.31203907e+00
1.33157509e+00
1.30735043e+00
1.29953602e+00
1.26827839e+00
1.30656899e+00
1.29797314e+00
1.30031746e+00
1.31282051e+00
1.29719170e+00
1.32141636e+00
1.24561661e+00
1.30188034e+00
1.29719170e+00
1.29172161e+00
1.29953602e+00
1.32454212e+00
1.30735043e+00
1.32219780e+00
1.32454212e+00
1.30500611e+00
1.26202686e+00
1.30578755e+00
1.29406593e+00
1.30578755e+00
1.30344322e+00
1.30813187e+00
1.32063492e+00
1.33079365e+00
1.30813187e+00
1.31203907e+00
1.36205128e+00
1.29953602e+00
1.30578755e+00
1.27921856e+00
1.31203907e+00
1.30735043e+00
1.30969475e+00
1.29719170e+00
1.28703297e+00
1.29875458e+00
1.31985348e+00
1.30891331e+00
1.31672772e+00
1.31125763e+00
1.31438339e+00
1.32844933e+00
1.30735043e+00
1.31907204e+00
1.29641026e+00
1.29015873e+00
1.29641026e+00
1.30500611e+00
1.27531136e+00
1.26202686e+00
1.30344322e+00
1.28859585e+00
1.29953602e+00
1.28937729e+00
1.34095238e+00
1.29562882e+00
1.35345543e+00
1.30500611e+00
1.29875458e+00
1.26827839e+00
1.31360195e+00
1.31125763e+00
1.31203907e+00
1.28703297e+00
1.35970696e+00
1.30813187e+00
1.28078144e+00
1.29094017e+00
1.28390720e+00
1.27218559e+00
1.31047619e+00
1.29172161e+00
1.32923077e+00
1.29562882e+00
1.34798535e+00
1.29719170e+00
1.32923077e+00
1.29641026e+00
1.32688645e+00
1.25968254e+00
1.30344322e+00
1.28781441e+00
1.30266178e+00
1.31047619e+00
1.30578755e+00
1.30578755e+00
1.29015873e+00
1.30578755e+00
1.26280830e+00
1.34329670e+00
1.30266178e+00
1.29328449e+00
1.30891331e+00
1.30578755e+00
1.32376068e+00
1.30266178e+00
1.26905983e+00
1.30344322e+00
1.28390720e+00
1.25499389e+00
1.30266178e+00
1.28781441e+00
1.30500611e+00
1.31672772e+00
1.31282051e+00
1.31438339e+00
1.29562882e+00
1.30031746e+00
1.29015873e+00
1.28312576e+00
1.30656899e+00
1.28781441e+00
1.29953602e+00
1.28781441e+00
1.29172161e+00
1.29719170e+00
1.31282051e+00
1.30578755e+00
1.34329670e+00
1.27843712e+00
1.29953602e+00
1.30735043e+00
1.30344322e+00
1.27452991e+00
1.28937729e+00
1.30344322e+00
1.31125763e+00
1.31438339e+00
1.34017094e+00
1.32844933e+00
1.29562882e+00
1.29172161e+00
1.30344322e+00
1.32923077e+00
1.32532357e+00
1.29797314e+00
1.31516484e+00
1.31203907e+00
1.31203907e+00
1.31360195e+00
1.30578755e+00
1.29250305e+00
1.31047619e+00
1.29641026e+00
1.30656899e+00
1.31360195e+00
1.27921856e+00
1.30188034e+00
1.27843712e+00
1.31516484e+00
1.30735043e+00
1.38080586e+00
1.29953602e+00
1.28312576e+00
1.29562882e+00
1.29641026e+00
1.31360195e+00
1.31203907e+00
1.32532357e+00
1.31829060e+00
1.29172161e+00
1.29641026e+00
1.37221001e+00
1.29797314e+00
1.29719170e+00
1.30735043e+00
1.29953602e+00
1.29953602e+00
1.33391941e+00
1.31594628e+00
1.31282051e+00
1.30969475e+00
1.26905983e+00
1.30656899e+00
1.28781441e+00
1.30344322e+00
1.32063492e+00
1.32923077e+00
1.33626374e+00
1.32923077e+00
1.33782662e+00
1.29484737e+00
1.31203907e+00
1.27296703e+00
1.32141636e+00
1.31360195e+00
1.30266178e+00
1.29406593e+00
1.31829060e+00
1.28859585e+00
1.31125763e+00
1.28312576e+00
1.28078144e+00
1.30109890e+00
1.27921856e+00
1.30735043e+00
1.31516484e+00
1.30031746e+00
1.30656899e+00
1.27140415e+00
1.29484737e+00
1.30969475e+00
1.32141636e+00
1.32454212e+00
1.28937729e+00
1.30266178e+00
1.28625153e+00
1.28312576e+00
1.29641026e+00
1.25811966e+00
1.31282051e+00
1.32297924e+00
1.31750916e+00
1.29250305e+00
1.30266178e+00
1.29953602e+00
1.28937729e+00
1.32141636e+00
1.30969475e+00
1.34329670e+00
1.31125763e+00
1.28000000e+00
1.29875458e+00
1.29797314e+00
1.32454212e+00
1.29797314e+00
1.28781441e+00
1.27687424e+00
1.29484737e+00
1.27296703e+00
1.30656899e+00
1.31438339e+00
1.32844933e+00
1.29250305e+00
1.33782662e+00
1.30735043e+00
1.34720391e+00
1.29172161e+00
1.29406593e+00
1.39877900e+00
1.31360195e+00
1.26593407e+00
1.29953602e+00
1.29719170e+00
1.28078144e+00
1.29797314e+00
1.32923077e+00
1.23858364e+00
1.30891331e+00
1.29484737e+00
1.30969475e+00
1.32219780e+00
1.31360195e+00
1.30578755e+00
1.32376068e+00
1.30109890e+00
1.28859585e+00
1.29015873e+00
1.30266178e+00
1.32766789e+00
1.30969475e+00
1.30656899e+00
1.31750916e+00
1.32454212e+00
1.31672772e+00
1.29953602e+00
1.30969475e+00
1.28000000e+00
1.30813187e+00
1.24717949e+00
1.30500611e+00
1.32923077e+00
1.29641026e+00
1.29484737e+00
1.30266178e+00
1.29953602e+00
1.30422466e+00
1.33313797e+00
1.30266178e+00
1.28390720e+00
1.31047619e+00
1.30188034e+00
1.37377289e+00
1.30813187e+00
1.29953602e+00
1.29797314e+00
1.27843712e+00
1.26124542e+00
1.31125763e+00
1.31985348e+00
1.30656899e+00
1.27296703e+00
1.33860806e+00
1.29094017e+00
1.27140415e+00
1.29406593e+00
1.32766789e+00
1.27687424e+00
1.31203907e+00
1.37768010e+00
1.31203907e+00
1.32923077e+00
1.27452991e+00
1.30578755e+00
1.29484737e+00
1.31047619e+00
1.29641026e+00
1.32141636e+00
1.31282051e+00
1.30813187e+00
1.30266178e+00
1.32063492e+00
1.31438339e+00
1.29641026e+00
1.30422466e+00
1.30500611e+00
1.29094017e+00
1.31985348e+00
1.29328449e+00
1.29015873e+00
1.31516484e+00
1.31203907e+00
1.27452991e+00
1.30344322e+00
1.31750916e+00
1.28859585e+00
1.29875458e+00
1.32923077e+00
1.29641026e+00
1.26827839e+00
1.29406593e+00
1.29328449e+00
1.26593407e+00
1.30031746e+00
1.30578755e+00
1.32923077e+00
1.32063492e+00
1.33470085e+00
1.30422466e+00
1.30891331e+00
1.29562882e+00
1.33938950e+00
1.29953602e+00
1.30344322e+00
1.32688645e+00
1.36205128e+00
1.29641026e+00
1.29250305e+00
1.30344322e+00
1.32454212e+00
1.29015873e+00
1.33548230e+00
1.27765568e+00
1.29953602e+00
1.28703297e+00
1.30109890e+00
1.32454212e+00
1.30735043e+00
1.31516484e+00
1.30109890e+00
1.29953602e+00
1.32454212e+00
1.30344322e+00
1.30266178e+00
1.30344322e+00
1.29797314e+00
1.28625153e+00
1.29094017e+00
1.30344322e+00
1.30735043e+00
1.32376068e+00
1.28468864e+00
1.38080586e+00
1.30500611e+00
1.30735043e+00
1.33001221e+00
1.31203907e+00
1.29484737e+00
1.30109890e+00
1.27531136e+00
1.30109890e+00
1.33391941e+00
1.35736264e+00
1.31672772e+00
1.28390720e+00
1.29406593e+00
1.30109890e+00
1.33470085e+00
1.31203907e+00
1.29719170e+00
1.27921856e+00
1.30500611e+00
1.30344322e+00
1.29953602e+00
1.33001221e+00
1.36517705e+00
1.30344322e+00
1.31985348e+00
1.29562882e+00
1.38393162e+00
1.33626374e+00
1.30578755e+00
1.35736264e+00
1.30813187e+00
1.30578755e+00
1.28000000e+00
1.29953602e+00
1.30031746e+00
1.31203907e+00
1.33157509e+00
1.26515263e+00
1.29406593e+00
1.25655678e+00
1.32923077e+00
1.31829060e+00
1.27140415e+00
1.30031746e+00
1.29484737e+00
1.30891331e+00
1.27765568e+00
1.26984127e+00
1.30969475e+00
1.28703297e+00
1.30735043e+00
1.29172161e+00
1.29719170e+00
1.29250305e+00
1.31594628e+00
1.29953602e+00
1.30735043e+00
1.32219780e+00
1.32219780e+00
1.29875458e+00
1.31360195e+00
1.31282051e+00
1.28703297e+00
1.30031746e+00
1.32141636e+00
1.31047619e+00
1.28312576e+00
1.30969475e+00
1.30969475e+00
1.28312576e+00
1.29562882e+00
1.31829060e+00
1.30969475e+00
1.30109890e+00
1.29406593e+00
1.31203907e+00
1.36361416e+00
1.33548230e+00
1.30109890e+00
1.30188034e+00
1.30031746e+00
1.32688645e+00
1.35267399e+00
1.30031746e+00
1.30735043e+00
1.32923077e+00
1.25890110e+00
1.31282051e+00
1.31829060e+00
1.32844933e+00
1.30344322e+00
1.28390720e+00
1.29953602e+00
1.30813187e+00
1.26124542e+00
1.30891331e+00
1.27765568e+00
1.34564103e+00
1.29484737e+00
1.34642247e+00
1.31516484e+00
1.29875458e+00
1.31907204e+00
1.33938950e+00
1.33079365e+00
1.29953602e+00
1.28859585e+00
1.29250305e+00
1.30891331e+00
1.28468864e+00
1.30656899e+00
1.30188034e+00
1.27921856e+00
1.30578755e+00
1.25655678e+00
1.30344322e+00
1.30109890e+00
1.26280830e+00
1.30578755e+00
1.26593407e+00
1.30188034e+00
1.28468864e+00
1.39174603e+00
1.30109890e+00
1.28234432e+00
1.32454212e+00
1.30344322e+00
1.26671551e+00
1.31282051e+00
1.29953602e+00
1.29172161e+00
1.32454212e+00
1.30578755e+00
1.30344322e+00
1.28312576e+00
1.29953602e+00
1.34251526e+00
1.27452991e+00
1.31125763e+00
1.34485958e+00
1.30500611e+00
1.33079365e+00
1.32688645e+00
1.30500611e+00
1.40893773e+00
1.30813187e+00
1.28625153e+00
1.34642247e+00
1.30735043e+00
1.31047619e+00
1.29641026e+00
1.29015873e+00
1.21826618e+00
1.31125763e+00
1.31750916e+00
1.29641026e+00
1.27765568e+00
1.33391941e+00
1.29562882e+00
1.26437118e+00
1.30422466e+00
1.33938950e+00
1.29797314e+00
1.30344322e+00
1.28547009e+00
1.29328449e+00
1.26202686e+00
1.27765568e+00
1.29953602e+00
1.31829060e+00
1.30266178e+00
1.31594628e+00
1.30109890e+00
1.31516484e+00
1.31125763e+00
1.27843712e+00
1.28781441e+00
1.32766789e+00
1.31360195e+00
1.31125763e+00
1.31594628e+00
1.26437118e+00
1.32141636e+00
1.29328449e+00
1.32454212e+00
1.28781441e+00
1.29641026e+00
1.26202686e+00
1.31282051e+00
1.31282051e+00
1.29328449e+00
1.30656899e+00
1.31907204e+00
1.29797314e+00
1.29641026e+00
1.29484737e+00
1.29953602e+00
1.30969475e+00
1.30578755e+00
1.26827839e+00
1.30735043e+00
1.31829060e+00
1.33704518e+00
1.29328449e+00
1.32923077e+00
1.28312576e+00
1.33391941e+00
1.32297924e+00
1.30813187e+00
1.29875458e+00
1.28703297e+00
1.31203907e+00
1.32766789e+00
1.31125763e+00
1.30109890e+00
1.31282051e+00
1.29094017e+00
1.32454212e+00
1.30344322e+00
1.32141636e+00
1.30266178e+00
1.31282051e+00
1.31203907e+00
1.31750916e+00
1.36986569e+00
1.28625153e+00
1.30344322e+00
1.30735043e+00
1.30266178e+00
1.27765568e+00
1.34798535e+00
1.29094017e+00
1.29875458e+00
1.30735043e+00
1.28078144e+00
1.29172161e+00
1.29875458e+00
1.27843712e+00
1.30266178e+00
1.32454212e+00
1.29953602e+00
1.29094017e+00
1.32219780e+00
1.29328449e+00
1.31125763e+00
1.28703297e+00
1.30891331e+00
1.32376068e+00
1.30500611e+00
1.27531136e+00
1.35501832e+00
1.29719170e+00
1.26593407e+00
1.32376068e+00
1.29172161e+00
1.30891331e+00
1.29719170e+00
1.30656899e+00
1.30188034e+00
1.27140415e+00
1.28078144e+00
1.30656899e+00
1.31203907e+00
1.30422466e+00
1.35111111e+00
1.31672772e+00
1.30500611e+00
1.29094017e+00
1.30188034e+00
1.32376068e+00
1.30031746e+00
1.30969475e+00
1.33860806e+00
1.30578755e+00
1.32141636e+00
1.34329670e+00
1.29719170e+00
1.30656899e+00
1.29484737e+00
1.33079365e+00
1.32376068e+00
1.31750916e+00
1.24327228e+00
1.30266178e+00
1.27140415e+00
1.33235653e+00
1.31047619e+00
1.28312576e+00
1.30813187e+00
1.31907204e+00
1.31047619e+00
1.29250305e+00
1.31438339e+00
1.30266178e+00
1.30578755e+00
1.29641026e+00
1.29015873e+00
1.31203907e+00
1.30031746e+00
1.30109890e+00
1.26671551e+00
1.32766789e+00
1.30813187e+00
1.30969475e+00
1.26905983e+00
1.31907204e+00
1.31125763e+00
1.29641026e+00
1.29953602e+00
1.28625153e+00
1.29406593e+00
1.30891331e+00
