7.81440781e-03
0.00000000e+00
0.00000000e+00
0.00000000e+00
0.00000000e+00
4.68864469e-03
2.65689866e-02
0.00000000e+00
0.00000000e+00
0.00000000e+00
3.12576313e-03
0.00000000e+00
0.00000000e+00
0.00000000e+00
2.34432234e-02
2.34432234e-03
1.64102564e-02
0.00000000e+00
9.37728938e-03
0.00000000e+00
0.00000000e+00
2.50061050e-02
0.00000000e+00
0.00000000e+00
7.81440781e-04
2.34432234e-03
1.56288156e-02
3.90720391e-03
0.00000000e+00
0.00000000e+00
0.00000000e+00
0.00000000e+00
2.10989011e-02
0.00000000e+00
1.17216117e-02
0.00000000e+00
1.01587302e-02
0.00000000e+00
1.56288156e-03
0.00000000e+00
0.00000000e+00
0.00000000e+00
1.56288156e-02
0.00000000e+00
0.00000000e+00
1.56288156e-03
0.00000000e+00
0.00000000e+00
7.81440781e-03
1.64102564e-02
0.00000000e+00
0.00000000e+00
1.71916972e-02
3.12576313e-03
2.34432234e-03
0.00000000e+00
1.64102564e-02
0.00000000e+00
6.25152625e-03
0.00000000e+00
7.81440781e-03
2.18803419e-02
1.09401709e-02
0.00000000e+00
1.56288156e-03
0.00000000e+00
0.00000000e+00
0.00000000e+00
0.00000000e+00
0.00000000e+00
0.00000000e+00
5.47008547e-03
1.17216117e-02
0.00000000e+00
2.10989011e-02
0.00000000e+00
1.64102564e-02
2.34432234e-02
1.56288156e-03
1.71916972e-02
5.47008547e-03
1.17216117e-02
0.00000000e+00
0.00000000e+00
4.68864469e-03
5.47008547e-03
2.50061050e-02
0.00000000e+00
0.00000000e+00
3.51648352e-02
2.34432234e-03
1.87545788e-02
1.48473748e-02
0.00000000e+00
2.18803419e-02
0.00000000e+00
0.00000000e+00
0.00000000e+00
0.00000000e+00
1.56288156e-03
0.00000000e+00
1.40659341e-02
0.00000000e+00
0.00000000e+00
0.00000000e+00
0.00000000e+00
6.09523810e-02
1.64102564e-02
3.12576313e-03
3.04761905e-02
1.64102564e-02
0.00000000e+00
7.81440781e-03
0.00000000e+00
0.00000000e+00
0.00000000e+00
0.00000000e+00
0.00000000e+00
7.81440781e-04
0.00000000e+00
3.90720391e-03
3.90720391e-03
0.00000000e+00
0.00000000e+00
0.00000000e+00
3.12576313e-03
0.00000000e+00
8.59584860e-03
7.81440781e-03
6.25152625e-03
2.34432234e-03
3.04761905e-02
5.47008547e-03
7.81440781e-03
7.81440781e-04
3.12576313e-03
0.00000000e+00
0.00000000e+00
0.00000000e+00
0.00000000e+00
0.00000000e+00
0.00000000e+00
0.00000000e+00
0.00000000e+00
0.00000000e+00
0.00000000e+00
2.34432234e-03
0.00000000e+00
0.00000000e+00
0.00000000e+00
0.00000000e+00
1.25030525e-02
5.54822955e-02
3.90720391e-03
7.57997558e-02
7.81440781e-04
0.00000000e+00
0.00000000e+00
3.12576313e-03
9.37728938e-03
0.00000000e+00
5.47008547e-03
0.00000000e+00
0.00000000e+00
0.00000000e+00
1.56288156e-03
2.89133089e-02
0.00000000e+00
0.00000000e+00
0.00000000e+00
3.12576313e-03
0.00000000e+00
3.20390720e-02
7.03296703e-03
0.00000000e+00
0.00000000e+00
0.00000000e+00
0.00000000e+00
3.12576313e-03
0.00000000e+00
0.00000000e+00
0.00000000e+00
3.51648352e-02
2.34432234e-03
0.00000000e+00
0.00000000e+00
7.81440781e-03
0.00000000e+00
0.00000000e+00
3.51648352e-02
6.25152625e-03
0.00000000e+00
0.00000000e+00
1.56288156e-03
2.34432234e-03
0.00000000e+00
1.40659341e-02
2.57875458e-02
7.81440781e-04
1.56288156e-03
0.00000000e+00
1.01587302e-02
1.48473748e-02
1.01587302e-02
3.90720391e-03
0.00000000e+00
0.00000000e+00
2.50061050e-02
3.12576313e-03
8.59584860e-03
3.12576313e-03
0.00000000e+00
0.00000000e+00
0.00000000e+00
0.00000000e+00
0.00000000e+00
0.00000000e+00
3.90720391e-03
7.81440781e-04
0.00000000e+00
2.50061050e-02
6.25152625e-03
0.00000000e+00
1.56288156e-03
0.00000000e+00
0.00000000e+00
1.48473748e-02
1.17216117e-02
4.68864469e-03
0.00000000e+00
0.00000000e+00
5.00122100e-02
2.81318681e-02
0.00000000e+00
0.00000000e+00
0.00000000e+00
3.90720391e-03
5.47008547e-03
7.81440781e-04
0.00000000e+00
1.25030525e-02
1.17216117e-02
0.00000000e+00
0.00000000e+00
0.00000000e+00
0.00000000e+00
0.00000000e+00
0.00000000e+00
0.00000000e+00
7.03296703e-03
0.00000000e+00
0.00000000e+00
0.00000000e+00
0.00000000e+00
0.00000000e+00
0.00000000e+00
0.00000000e+00
0.00000000e+00
5.47008547e-03
0.00000000e+00
2.50061050e-02
1.01587302e-02
2.65689866e-02
2.34432234e-03
0.00000000e+00
2.34432234e-03
1.17216117e-02
0.00000000e+00
0.00000000e+00
0.00000000e+00
0.00000000e+00
1.40659341e-02
1.48473748e-02
6.25152625e-03
2.34432234e-03
0.00000000e+00
0.00000000e+00
1.79731380e-02
0.00000000e+00
0.00000000e+00
1.25030525e-02
0.00000000e+00
0.00000000e+00
3.90720391e-03
4.68864469e-03
1.95360195e-02
3.90720391e-03
7.81440781e-03
0.00000000e+00
0.00000000e+00
0.00000000e+00
1.56288156e-03
7.81440781e-02
0.00000000e+00
2.26617827e-02
0.00000000e+00
7.81440781e-04
0.00000000e+00
1.56288156e-03
0.00000000e+00
0.00000000e+00
2.34432234e-03
4.68864469e-03
7.81440781e-04
0.00000000e+00
0.00000000e+00
0.00000000e+00
0.00000000e+00
0.00000000e+00
0.00000000e+00
0.00000000e+00
3.12576313e-03
0.00000000e+00
4.68864469e-03
8.59584860e-02
3.36019536e-02
0.00000000e+00
0.00000000e+00
2.34432234e-03
0.00000000e+00
0.00000000e+00
1.17216117e-02
5.31379731e-02
0.00000000e+00
0.00000000e+00
0.00000000e+00
1.71916972e-02
3.75091575e-02
2.34432234e-03
2.34432234e-03
1.64102564e-02
3.90720391e-03
0.00000000e+00
0.00000000e+00
5.47008547e-03
0.00000000e+00
7.81440781e-04
2.34432234e-02
1.56288156e-03
0.00000000e+00
0.00000000e+00
0.00000000e+00
0.00000000e+00
0.00000000e+00
0.00000000e+00
9.37728938e-03
0.00000000e+00
3.90720391e-03
3.12576313e-03
0.00000000e+00
7.81440781e-03
3.12576313e-03
1.71916972e-02
0.00000000e+00
0.00000000e+00
2.34432234e-02
0.00000000e+00
0.00000000e+00
0.00000000e+00
0.00000000e+00
3.12576313e-02
0.00000000e+00
7.81440781e-04
0.00000000e+00
0.00000000e+00
1.09401709e-02
0.00000000e+00
9.37728938e-03
7.81440781e-04
1.32844933e-02
0.00000000e+00
2.18803419e-02
9.37728938e-03
7.81440781e-03
0.00000000e+00
1.32844933e-02
0.00000000e+00
0.00000000e+00
1.56288156e-03
0.00000000e+00
7.03296703e-03
2.34432234e-03
6.48595849e-02
0.00000000e+00
0.00000000e+00
3.90720391e-02
8.59584860e-03
0.00000000e+00
0.00000000e+00
0.00000000e+00
3.43833944e-02
1.56288156e-03
0.00000000e+00
1.71916972e-02
0.00000000e+00
0.00000000e+00
3.12576313e-03
0.00000000e+00
0.00000000e+00
0.00000000e+00
0.00000000e+00
7.81440781e-04
0.00000000e+00
0.00000000e+00
0.00000000e+00
6.87667888e-02
7.81440781e-04
0.00000000e+00
0.00000000e+00
1.56288156e-03
0.00000000e+00
7.81440781e-04
0.00000000e+00
2.34432234e-03
2.65689866e-02
0.00000000e+00
0.00000000e+00
7.03296703e-03
0.00000000e+00
0.00000000e+00
0.00000000e+00
3.12576313e-03
0.00000000e+00
0.00000000e+00
1.17216117e-02
7.81440781e-04
0.00000000e+00
4.68864469e-03
0.00000000e+00
0.00000000e+00
0.00000000e+00
0.00000000e+00
0.00000000e+00
0.00000000e+00
4.68864469e-03
2.10989011e-02
0.00000000e+00
0.00000000e+00
0.00000000e+00
0.00000000e+00
3.12576313e-02
7.81440781e-04
0.00000000e+00
9.37728938e-03
1.17216117e-02
1.95360195e-02
0.00000000e+00
0.00000000e+00
1.01587302e-02
3.12576313e-03
1.56288156e-03
0.00000000e+00
0.00000000e+00
0.00000000e+00
0.00000000e+00
4.68864469e-03
1.56288156e-03
2.34432234e-03
0.00000000e+00
1.56288156e-03
0.00000000e+00
0.00000000e+00
2.18803419e-02
1.25030525e-02
2.10989011e-02
0.00000000e+00
0.00000000e+00
0.00000000e+00
1.56288156e-02
0.00000000e+00
2.65689866e-02
0.00000000e+00
1.40659341e-02
0.00000000e+00
1.40659341e-02
0.00000000e+00
1.56288156e-03
7.03296703e-03
7.81440781e-04
2.65689866e-02
0.00000000e+00
0.00000000e+00
1.25030525e-02
1.32844933e-02
8.59584860e-03
0.00000000e+00
0.00000000e+00
7.81440781e-03
0.00000000e+00
0.00000000e+00
9.37728938e-03
6.25152625e-03
0.00000000e+00
0.00000000e+00
0.00000000e+00
5.00122100e-02
4.68864469e-03
0.00000000e+00
0.00000000e+00
0.00000000e+00
0.00000000e+00
0.00000000e+00
5.47008547e-02
0.00000000e+00
0.00000000e+00
1.56288156e-02
5.47008547e-03
0.00000000e+00
3.90720391e-03
2.65689866e-02
5.47008547e-03
1.87545788e-02
0.00000000e+00
0.00000000e+00
0.00000000e+00
0.00000000e+00
0.00000000e+00
0.00000000e+00
0.00000000e+00
1.56288156e-03
0.00000000e+00
0.00000000e+00
0.00000000e+00
3.12576313e-02
2.34432234e-03
1.17216117e-02
7.81440781e-04
0.00000000e+00
2.10989011e-02
3.90720391e-03
3.28205128e-02
0.00000000e+00
0.00000000e+00
0.00000000e+00
0.00000000e+00
4.68864469e-03
0.00000000e+00
0.00000000e+00
4.68864469e-03
7.81440781e-04
4.68864469e-03
4.68864469e-03
2.03174603e-02
8.59584860e-03
0.00000000e+00
1.48473748e-02
0.00000000e+00
0.00000000e+00
0.00000000e+00
0.00000000e+00
1.09401709e-02
0.00000000e+00
0.00000000e+00
0.00000000e+00
0.00000000e+00
3.90720391e-03
7.81440781e-03
0.00000000e+00
0.00000000e+00
3.90720391e-03
0.00000000e+00
3.12576313e-03
0.00000000e+00
0.00000000e+00
2.34432234e-03
0.00000000e+00
4.68864469e-03
4.92307692e-02
0.00000000e+00
0.00000000e+00
7.81440781e-04
3.12576313e-03
7.65811966e-02
0.00000000e+00
0.00000000e+00
2.10989011e-02
1.09401709e-02
0.00000000e+00
0.00000000e+00
0.00000000e+00
0.00000000e+00
0.00000000e+00
0.00000000e+00
0.00000000e+00
0.00000000e+00
0.00000000e+00
7.03296703e-03
0.00000000e+00
2.18803419e-02
1.40659341e-02
4.68864469e-03
0.00000000e+00
0.00000000e+00
0.00000000e+00
1.56288156e-03
0.00000000e+00
4.68864469e-03
0.00000000e+00
0.00000000e+00
8.59584860e-03
0.00000000e+00
0.00000000e+00
0.00000000e+00
0.00000000e+00
1.56288156e-03
0.00000000e+00
0.00000000e+00
0.00000000e+00
0.00000000e+00
0.00000000e+00
2.10989011e-02
5.47008547e-03
2.42246642e-02
0.00000000e+00
3.90720391e-03
0.00000000e+00
7.81440781e-04
0.00000000e+00
0.00000000e+00
7.81440781e-04
0.00000000e+00
0.00000000e+00
0.00000000e+00
0.00000000e+00
6.25152625e-03
1.48473748e-02
2.34432234e-03
1.32844933e-02
0.00000000e+00
0.00000000e+00
0.00000000e+00
0.00000000e+00
1.01587302e-02
2.34432234e-03
0.00000000e+00
1.25030525e-02
0.00000000e+00
0.00000000e+00
6.09523810e-02
0.00000000e+00
1.40659341e-02
0.00000000e+00
0.00000000e+00
0.00000000e+00
1.56288156e-03
2.34432234e-03
0.00000000e+00
0.00000000e+00
0.00000000e+00
1.56288156e-03
0.00000000e+00
0.00000000e+00
0.00000000e+00
0.00000000e+00
0.00000000e+00
0.00000000e+00
0.00000000e+00
2.18803419e-02
0.00000000e+00
0.00000000e+00
1.79731380e-02
0.00000000e+00
0.00000000e+00
3.12576313e-02
0.00000000e+00
0.00000000e+00
0.00000000e+00
0.00000000e+00
1.09401709e-02
5.47008547e-03
0.00000000e+00
3.12576313e-03
0.00000000e+00
0.00000000e+00
4.68864469e-03
0.00000000e+00
0.00000000e+00
0.00000000e+00
0.00000000e+00
4.68864469e-03
0.00000000e+00
7.81440781e-04
0.00000000e+00
0.00000000e+00
0.00000000e+00
0.00000000e+00
0.00000000e+00
0.00000000e+00
0.00000000e+00
1.01587302e-02
1.07838828e-01
2.34432234e-03
0.00000000e+00
0.00000000e+00
7.81440781e-04
9.37728938e-03
8.59584860e-03
1.01587302e-02
2.50061050e-02
0.00000000e+00
2.34432234e-03
0.00000000e+00
0.00000000e+00
1.09401709e-02
2.34432234e-02
3.43833944e-02
2.34432234e-03
4.29792430e-02
0.00000000e+00
0.00000000e+00
0.00000000e+00
0.00000000e+00
0.00000000e+00
2.03174603e-02
0.00000000e+00
0.00000000e+00
0.00000000e+00
0.00000000e+00
0.00000000e+00
0.00000000e+00
3.90720391e-02
0.00000000e+00
3.04761905e-02
0.00000000e+00
6.25152625e-03
2.26617827e-02
0.00000000e+00
2.42246642e-02
1.56288156e-03
0.00000000e+00
0.00000000e+00
0.00000000e+00
0.00000000e+00
0.00000000e+00
0.00000000e+00
8.59584860e-03
0.00000000e+00
0.00000000e+00
1.25030525e-02
0.00000000e+00
0.00000000e+00
1.56288156e-03
0.00000000e+00
5.47008547e-03
2.34432234e-03
0.00000000e+00
0.00000000e+00
0.00000000e+00
1.40659341e-02
0.00000000e+00
2.18803419e-02
0.00000000e+00
0.00000000e+00
0.00000000e+00
1.56288156e-03
0.00000000e+00
3.67277167e-02
1.17216117e-02
0.00000000e+00
0.00000000e+00
1.79731380e-02
0.00000000e+00
0.00000000e+00
0.00000000e+00
7.81440781e-03
0.00000000e+00
0.00000000e+00
0.00000000e+00
1.56288156e-02
0.00000000e+00
0.00000000e+00
3.12576313e-03
2.18803419e-02
0.00000000e+00
0.00000000e+00
1.87545788e-02
9.37728938e-03
0.00000000e+00
0.00000000e+00
7.81440781e-04
1.56288156e-03
0.00000000e+00
2.34432234e-03
0.00000000e+00
0.00000000e+00
0.00000000e+00
0.00000000e+00
9.37728938e-03
7.81440781e-03
0.00000000e+00
3.90720391e-03
0.00000000e+00
0.00000000e+00
0.00000000e+00
0.00000000e+00
0.00000000e+00
0.00000000e+00
0.00000000e+00
0.00000000e+00
0.00000000e+00
0.00000000e+00
1.79731380e-02
0.00000000e+00
0.00000000e+00
3.12576313e-03
0.00000000e+00
0.00000000e+00
0.00000000e+00
0.00000000e+00
0.00000000e+00
1.01587302e-02
0.00000000e+00
7.81440781e-04
1.56288156e-02
1.17216117e-02
0.00000000e+00
0.00000000e+00
0.00000000e+00
0.00000000e+00
5.47008547e-03
7.03296703e-03
1.40659341e-02
0.00000000e+00
3.82905983e-02
0.00000000e+00
2.89133089e-02
3.04761905e-02
7.81440781e-03
0.00000000e+00
2.34432234e-03
0.00000000e+00
0.00000000e+00
0.00000000e+00
0.00000000e+00
5.47008547e-03
1.40659341e-02
4.29792430e-02
1.71916972e-02
0.00000000e+00
0.00000000e+00
7.81440781e-03
3.82905983e-02
0.00000000e+00
0.00000000e+00
3.12576313e-03
0.00000000e+00
0.00000000e+00
0.00000000e+00
0.00000000e+00
0.00000000e+00
0.00000000e+00
1.01587302e-02
0.00000000e+00
0.00000000e+00
0.00000000e+00
2.10989011e-02
2.65689866e-02
0.00000000e+00
0.00000000e+00
0.00000000e+00
1.71916972e-02
0.00000000e+00
0.00000000e+00
0.00000000e+00
0.00000000e+00
0.00000000e+00
0.00000000e+00
3.90720391e-03
9.37728938e-03
0.00000000e+00
1.40659341e-02
0.00000000e+00
0.00000000e+00
0.00000000e+00
0.00000000e+00
0.00000000e+00
8.51770452e-02
7.81440781e-04
3.12576313e-03
0.00000000e+00
8.59584860e-03
1.56288156e-03
1.56288156e-03
0.00000000e+00
3.12576313e-03
0.00000000e+00
0.00000000e+00
7.81440781e-04
0.00000000e+00
0.00000000e+00
5.47008547e-03
1.32844933e-02
0.00000000e+00
0.00000000e+00
3.12576313e-03
0.00000000e+00
0.00000000e+00
3.12576313e-03
0.00000000e+00
0.00000000e+00
0.00000000e+00
0.00000000e+00
0.00000000e+00
0.00000000e+00
0.00000000e+00
0.00000000e+00
1.56288156e-02
0.00000000e+00
0.00000000e+00
7.81440781e-04
0.00000000e+00
0.00000000e+00
0.00000000e+00
1.71916972e-02
0.00000000e+00
0.00000000e+00
0.00000000e+00
2.34432234e-03
0.00000000e+00
0.00000000e+00
4.68864469e-03
0.00000000e+00
0.00000000e+00
8.59584860e-03
0.00000000e+00
0.00000000e+00
0.00000000e+00
2.34432234e-03
1.56288156e-03
0.00000000e+00
0.00000000e+00
0.00000000e+00
0.00000000e+00
1.09401709e-02
0.00000000e+00
0.00000000e+00
9.37728938e-03
0.00000000e+00
5.47008547e-03
2.34432234e-03
0.00000000e+00
1.56288156e-03
0.00000000e+00
0.00000000e+00
7.81440781e-03
0.00000000e+00
5.47008547e-03
0.00000000e+00
1.56288156e-02
0.00000000e+00
0.00000000e+00
0.00000000e+00
3.12576313e-03
0.00000000e+00
0.00000000e+00
0.00000000e+00
0.00000000e+00
0.00000000e+00
9.37728938e-03
1.09401709e-02
1.56288156e-02
8.67399267e-02
3.90720391e-03
0.00000000e+00
3.12576313e-02
3.12576313e-03
0.00000000e+00
3.12576313e-03
1.56288156e-02
7.81440781e-04
3.12576313e-03
0.00000000e+00
3.12576313e-03
0.00000000e+00
6.25152625e-02
0.00000000e+00
0.00000000e+00
7.81440781e-03
0.00000000e+00
0.00000000e+00
4.68864469e-03
7.81440781e-03
0.00000000e+00
2.65689866e-02
3.12576313e-03
2.34432234e-03
3.90720391e-03
0.00000000e+00
6.25152625e-03
0.00000000e+00
2.34432234e-03
0.00000000e+00
0.00000000e+00
0.00000000e+00
0.00000000e+00
0.00000000e+00
0.00000000e+00
7.81440781e-04
2.34432234e-03
1.09401709e-02
0.00000000e+00
2.26617827e-02
3.67277167e-02
0.00000000e+00
0.00000000e+00
0.00000000e+00
1.56288156e-03
9.37728938e-03
0.00000000e+00
5.31379731e-02
1.56288156e-03
0.00000000e+00
2.34432234e-03
0.00000000e+00
0.00000000e+00
9.37728938e-03
0.00000000e+00
2.34432234e-03
1.17216117e-02
2.34432234e-02
0.00000000e+00
3.90720391e-03
0.00000000e+00
0.00000000e+00
0.00000000e+00
1.40659341e-02
1.32844933e-02
0.00000000e+00
0.00000000e+00
1.71916972e-02
4.68864469e-03
0.00000000e+00
0.00000000e+00
0.00000000e+00
0.00000000e+00
0.00000000e+00
0.00000000e+00
0.00000000e+00
1.48473748e-02
1.01587302e-02
0.00000000e+00
1.56288156e-02
0.00000000e+00
0.00000000e+00
0.00000000e+00
0.00000000e+00
1.56288156e-03
0.00000000e+00
8.59584860e-03
4.61050061e-02
4.68864469e-03
1.79731380e-02
2.10989011e-02
1.56288156e-03
0.00000000e+00
0.00000000e+00
0.00000000e+00
0.00000000e+00
0.00000000e+00
0.00000000e+00
0.00000000e+00
0.00000000e+00
7.03296703e-03
0.00000000e+00
1.25030525e-02
1.48473748e-02
7.81440781e-03
0.00000000e+00
3.90720391e-02
0.00000000e+00
3.12576313e-03
0.00000000e+00
1.17216117e-02
0.00000000e+00
4.68864469e-03
7.03296703e-03
2.03174603e-02
0.00000000e+00
0.00000000e+00
7.81440781e-03
0.00000000e+00
0.00000000e+00
3.59462759e-02
2.65689866e-02
0.00000000e+00
0.00000000e+00
0.00000000e+00
0.00000000e+00
2.81318681e-02
1.09401709e-02
7.81440781e-04
2.50061050e-02
0.00000000e+00
0.00000000e+00
3.43833944e-02
0.00000000e+00
0.00000000e+00
3.12576313e-03
1.32844933e-02
1.56288156e-03
2.34432234e-03
5.47008547e-03
1.48473748e-02
0.00000000e+00
0.00000000e+00
9.37728938e-03
0.00000000e+00
2.34432234e-03
3.67277167e-02
0.00000000e+00
0.00000000e+00
2.57875458e-02
0.00000000e+00
0.00000000e+00
0.00000000e+00
0.00000000e+00
0.00000000e+00
0.00000000e+00
0.00000000e+00
1.56288156e-03
0.00000000e+00
5.00122100e-02
0.00000000e+00
0.00000000e+00
3.36019536e-02
0.00000000e+00
0.00000000e+00
0.00000000e+00
0.00000000e+00
0.00000000e+00
0.00000000e+00
9.37728938e-03
0.00000000e+00
0.00000000e+00
0.00000000e+00
3.12576313e-03
1.56288156e-03
1.56288156e-03
0.00000000e+00
0.00000000e+00
1.17216117e-02
0.00000000e+00
3.12576313e-02
7.03296703e-03
1.56288156e-02
0.00000000e+00
0.00000000e+00
0.00000000e+00
2.34432234e-03
2.34432234e-03
0.00000000e+00
0.00000000e+00
1.71916972e-02
0.00000000e+00
3.98534799e-02
0.00000000e+00
0.00000000e+00
0.00000000e+00
0.00000000e+00
3.12576313e-03
2.65689866e-02
0.00000000e+00
7.81440781e-04
7.81440781e-03
7.03296703e-03
0.00000000e+00
0.00000000e+00
3.90720391e-03
0.00000000e+00
0.00000000e+00
0.00000000e+00
0.00000000e+00
8.59584860e-03
6.25152625e-03
0.00000000e+00
0.00000000e+00
0.00000000e+00
0.00000000e+00
1.32844933e-02
1.56288156e-03
4.68864469e-03
0.00000000e+00
0.00000000e+00
0.00000000e+00
0.00000000e+00
7.81440781e-04
0.00000000e+00
0.00000000e+00
0.00000000e+00
0.00000000e+00
0.00000000e+00
0.00000000e+00
0.00000000e+00
1.56288156e-03
0.00000000e+00
6.25152625e-03
0.00000000e+00
0.00000000e+00
0.00000000e+00
0.00000000e+00
0.00000000e+00
0.00000000e+00
0.00000000e+00
3.12576313e-03
3.67277167e-02
7.81440781e-04
0.00000000e+00
7.81440781e-03
5.47008547e-03
1.40659341e-02
0.00000000e+00
0.00000000e+00
7.03296703e-03
3.90720391e-03
9.37728938e-03
0.00000000e+00
3.12576313e-03
0.00000000e+00
0.00000000e+00
0.00000000e+00
0.00000000e+00
1.95360195e-02
0.00000000e+00
3.12576313e-03
2.34432234e-03
0.00000000e+00
4.68864469e-03
0.00000000e+00
5.47008547e-03
5.07936508e-02
6.25152625e-03
0.00000000e+00
0.00000000e+00
0.00000000e+00
0.00000000e+00
0.00000000e+00
3.20390720e-02
0.00000000e+00
2.34432234e-03
7.42368742e-02
7.03296703e-03
0.00000000e+00
0.00000000e+00
0.00000000e+00
0.00000000e+00
1.56288156e-03
0.00000000e+00
0.00000000e+00
1.56288156e-03
0.00000000e+00
2.34432234e-03
0.00000000e+00
3.04761905e-02
1.09401709e-02
5.47008547e-03
0.00000000e+00
1.87545788e-02
0.00000000e+00
0.00000000e+00
0.00000000e+00
1.25030525e-02
0.00000000e+00
0.00000000e+00
3.12576313e-03
1.56288156e-02
0.00000000e+00
0.00000000e+00
0.00000000e+00
0.00000000e+00
0.00000000e+00
0.00000000e+00
0.00000000e+00
0.00000000e+00
3.12576313e-03
1.56288156e-03
0.00000000e+00
1.25030525e-02
0.00000000e+00
0.00000000e+00
0.00000000e+00
3.12576313e-03
7.03296703e-03
0.00000000e+00
6.25152625e-03
7.03296703e-03
1.09401709e-02
0.00000000e+00
0.00000000e+00
0.00000000e+00
0.00000000e+00
7.81440781e-03
0.00000000e+00
0.00000000e+00
3.90720391e-03
1.56288156e-02
0.00000000e+00
0.00000000e+00
7.42368742e-02
0.00000000e+00
0.00000000e+00
0.00000000e+00
0.00000000e+00
2.10989011e-02
1.64102564e-02
0.00000000e+00
0.00000000e+00
0.00000000e+00
1.40659341e-02
3.90720391e-03
0.00000000e+00
0.00000000e+00
7.18925519e-02
3.36019536e-02
0.00000000e+00
8.59584860e-03
0.00000000e+00
0.00000000e+00
0.00000000e+00
0.00000000e+00
1.56288156e-03
0.00000000e+00
0.00000000e+00
5.47008547e-03
0.00000000e+00
5.00122100e-02
1.01587302e-02
0.00000000e+00
1.25030525e-02
4.68864469e-03
0.00000000e+00
2.18803419e-02
0.00000000e+00
1.64102564e-02
0.00000000e+00
0.00000000e+00
0.00000000e+00
8.59584860e-03
8.28327228e-02
0.00000000e+00
2.65689866e-02
1.56288156e-03
0.00000000e+00
7.81440781e-03
1.56288156e-02
0.00000000e+00
1.64102564e-02
0.00000000e+00
0.00000000e+00
0.00000000e+00
0.00000000e+00
4.92307692e-02
3.12576313e-03
6.25152625e-03
8.59584860e-03
2.10989011e-02
7.81440781e-03
1.17216117e-02
1.40659341e-02
0.00000000e+00
0.00000000e+00
2.81318681e-02
6.25152625e-03
2.34432234e-03
5.47008547e-03
0.00000000e+00
0.00000000e+00
0.00000000e+00
1.56288156e-02
0.00000000e+00
0.00000000e+00
0.00000000e+00
0.00000000e+00
8.59584860e-03
0.00000000e+00
0.00000000e+00
0.00000000e+00
2.42246642e-02
0.00000000e+00
0.00000000e+00
7.81440781e-04
3.12576313e-03
2.96947497e-02
0.00000000e+00
2.34432234e-03
2.34432234e-03
0.00000000e+00
7.81440781e-04
2.34432234e-02
0.00000000e+00
6.25152625e-03
0.00000000e+00
0.00000000e+00
3.12576313e-03
0.00000000e+00
0.00000000e+00
6.25152625e-03
6.25152625e-03
2.26617827e-02
3.12576313e-03
2.73504274e-02
9.37728938e-03
0.00000000e+00
0.00000000e+00
0.00000000e+00
0.00000000e+00
3.12576313e-03
7.81440781e-03
2.65689866e-02
0.00000000e+00
0.00000000e+00
0.00000000e+00
0.00000000e+00
0.00000000e+00
0.00000000e+00
0.00000000e+00
1.32844933e-02
0.00000000e+00
2.96947497e-02
0.00000000e+00
0.00000000e+00
0.00000000e+00
9.37728938e-03
2.57875458e-02
1.56288156e-03
0.00000000e+00
2.18803419e-02
2.10989011e-02
9.37728938e-03
0.00000000e+00
1.40659341e-02
1.87545788e-02
0.00000000e+00
0.00000000e+00
4.68864469e-03
0.00000000e+00
0.00000000e+00
0.00000000e+00
7.81440781e-04
0.00000000e+00
3.90720391e-03
9.37728938e-03
3.12576313e-03
2.03174603e-02
0.00000000e+00
6.25152625e-03
0.00000000e+00
1.56288156e-03
1.56288156e-03
0.00000000e+00
0.00000000e+00
0.00000000e+00
2.34432234e-03
0.00000000e+00
1.56288156e-03
0.00000000e+00
1.56288156e-02
0.00000000e+00
0.00000000e+00
0.00000000e+00
0.00000000e+00
0.00000000e+00
2.34432234e-03
0.00000000e+00
0.00000000e+00
0.00000000e+00
0.00000000e+00
0.00000000e+00
0.00000000e+00
0.00000000e+00
0.00000000e+00
4.68864469e-03
0.00000000e+00
6.25152625e-03
2.34432234e-03
0.00000000e+00
2.26617827e-02
0.00000000e+00
0.00000000e+00
0.00000000e+00
2.34432234e-03
0.00000000e+00
0.00000000e+00
0.00000000e+00
0.00000000e+00
3.75091575e-02
0.00000000e+00
0.00000000e+00
1.64102564e-02
0.00000000e+00
1.25030525e-02
0.00000000e+00
0.00000000e+00
0.00000000e+00
0.00000000e+00
0.00000000e+00
7.81440781e-04
0.00000000e+00
2.50061050e-02
8.59584860e-03
0.00000000e+00
1.01587302e-02
0.00000000e+00
0.00000000e+00
3.12576313e-03
7.81440781e-03
4.68864469e-03
1.56288156e-03
1.48473748e-02
0.00000000e+00
0.00000000e+00
0.00000000e+00
3.90720391e-03
7.81440781e-04
6.25152625e-03
0.00000000e+00
3.12576313e-03
1.56288156e-03
0.00000000e+00
0.00000000e+00
0.00000000e+00
1.56288156e-02
3.90720391e-03
0.00000000e+00
7.81440781e-03
0.00000000e+00
1.56288156e-02
9.37728938e-03
0.00000000e+00
0.00000000e+00
8.59584860e-03
0.00000000e+00
0.00000000e+00
0.00000000e+00
2.57875458e-02
0.00000000e+00
0.00000000e+00
3.12576313e-03
0.00000000e+00
0.00000000e+00
1.56288156e-03
0.00000000e+00
1.56288156e-03
2.73504274e-02
0.00000000e+00
2.89133089e-02
7.81440781e-04
0.00000000e+00
0.00000000e+00
0.00000000e+00
1.48473748e-02
0.00000000e+00
1.56288156e-03
1.48473748e-02
0.00000000e+00
1.17216117e-02
1.17216117e-02
6.25152625e-03
0.00000000e+00
0.00000000e+00
3.12576313e-03
0.00000000e+00
0.00000000e+00
0.00000000e+00
1.56288156e-03
0.00000000e+00
0.00000000e+00
0.00000000e+00
8.59584860e-03
7.81440781e-03
0.00000000e+00
0.00000000e+00
2.34432234e-03
9.37728938e-03
1.56288156e-03
5.62637363e-02
1.79731380e-02
0.00000000e+00
1.09401709e-02
1.64102564e-02
2.34432234e-02
1.25030525e-02
9.37728938e-03
0.00000000e+00
0.00000000e+00
2.34432234e-03
1.56288156e-03
0.00000000e+00
0.00000000e+00
2.18803419e-02
0.00000000e+00
4.84493284e-02
0.00000000e+00
0.00000000e+00
0.00000000e+00
0.00000000e+00
0.00000000e+00
0.00000000e+00
1.10964591e-01
0.00000000e+00
3.12576313e-03
0.00000000e+00
3.12576313e-03
1.48473748e-02
0.00000000e+00
1.56288156e-03
0.00000000e+00
7.81440781e-03
0.00000000e+00
0.00000000e+00
0.00000000e+00
7.81440781e-04
1.79731380e-02
7.03296703e-03
0.00000000e+00
4.68864469e-03
0.00000000e+00
0.00000000e+00
0.00000000e+00
3.12576313e-03
0.00000000e+00
0.00000000e+00
4.68864469e-03
0.00000000e+00
1.17216117e-02
0.00000000e+00
0.00000000e+00
0.00000000e+00
0.00000000e+00
0.00000000e+00
0.00000000e+00
0.00000000e+00
0.00000000e+00
1.09401709e-02
0.00000000e+00
0.00000000e+00
0.00000000e+00
3.12576313e-03
0.00000000e+00
1.56288156e-02
3.12576313e-03
0.00000000e+00
5.47008547e-03
2.96947497e-02
0.00000000e+00
0.00000000e+00
0.00000000e+00
0.00000000e+00
0.00000000e+00
3.90720391e-03
0.00000000e+00
0.00000000e+00
7.81440781e-04
0.00000000e+00
0.00000000e+00
3.12576313e-03
2.34432234e-03
0.00000000e+00
1.32844933e-02
1.56288156e-03
0.00000000e+00
0.00000000e+00
1.56288156e-03
0.00000000e+00
0.00000000e+00
0.00000000e+00
0.00000000e+00
5.47008547e-03
0.00000000e+00
0.00000000e+00
1.01587302e-02
0.00000000e+00
1.09401709e-02
0.00000000e+00
0.00000000e+00
0.00000000e+00
2.96947497e-02
2.34432234e-03
0.00000000e+00
2.34432234e-03
6.25152625e-03
0.00000000e+00
0.00000000e+00
0.00000000e+00
0.00000000e+00
0.00000000e+00
6.09523810e-02
0.00000000e+00
0.00000000e+00
0.00000000e+00
0.00000000e+00
0.00000000e+00
0.00000000e+00
0.00000000e+00
0.00000000e+00
7.81440781e-04
0.00000000e+00
2.34432234e-03
0.00000000e+00
0.00000000e+00
0.00000000e+00
0.00000000e+00
5.47008547e-03
0.00000000e+00
4.61050061e-02
6.25152625e-03
0.00000000e+00
1.56288156e-03
0.00000000e+00
0.00000000e+00
0.00000000e+00
1.48473748e-02
0.00000000e+00
1.56288156e-02
0.00000000e+00
0.00000000e+00
0.00000000e+00
2.34432234e-03
0.00000000e+00
3.04761905e-02
0.00000000e+00
3.90720391e-03
3.90720391e-03
0.00000000e+00
7.81440781e-03
0.00000000e+00
0.00000000e+00
1.79731380e-02
3.82905983e-02
3.12576313e-02
7.81440781e-04
0.00000000e+00
3.90720391e-03
0.00000000e+00
4.29792430e-02
0.00000000e+00
0.00000000e+00
0.00000000e+00
1.87545788e-02
0.00000000e+00
0.00000000e+00
0.00000000e+00
2.10989011e-02
0.00000000e+00
8.59584860e-03
7.81440781e-04
1.25030525e-02
7.03296703e-03
1.56288156e-03
4.68864469e-03
1.56288156e-03
0.00000000e+00
1.71916972e-02
0.00000000e+00
4.06349206e-02
1.25030525e-02
0.00000000e+00
1.48473748e-02
0.00000000e+00
0.00000000e+00
1.48473748e-02
0.00000000e+00
1.40659341e-02
4.68864469e-03
0.00000000e+00
4.68864469e-03
0.00000000e+00
0.00000000e+00
0.00000000e+00
2.34432234e-03
8.59584860e-03
7.81440781e-03
4.68864469e-03
0.00000000e+00
1.32844933e-02
0.00000000e+00
1.87545788e-02
5.47008547e-03
0.00000000e+00
2.34432234e-03
0.00000000e+00
7.81440781e-04
0.00000000e+00
1.56288156e-03
0.00000000e+00
0.00000000e+00
0.00000000e+00
0.00000000e+00
2.10989011e-02
9.37728938e-03
0.00000000e+00
0.00000000e+00
3.28205128e-02
0.00000000e+00
0.00000000e+00
2.34432234e-03
0.00000000e+00
9.37728938e-03
1.32844933e-02
1.25030525e-02
0.00000000e+00
1.87545788e-02
0.00000000e+00
0.00000000e+00
0.00000000e+00
0.00000000e+00
1.56288156e-02
2.03174603e-02
8.59584860e-03
7.81440781e-04
0.00000000e+00
0.00000000e+00
1.48473748e-02
5.47008547e-03
1.25030525e-02
0.00000000e+00
0.00000000e+00
1.40659341e-02
0.00000000e+00
0.00000000e+00
0.00000000e+00
0.00000000e+00
6.25152625e-03
0.00000000e+00
0.00000000e+00
7.81440781e-04
0.00000000e+00
0.00000000e+00
0.00000000e+00
1.25030525e-02
0.00000000e+00
0.00000000e+00
0.00000000e+00
0.00000000e+00
5.47008547e-03
0.00000000e+00
0.00000000e+00
0.00000000e+00
0.00000000e+00
0.00000000e+00
0.00000000e+00
2.73504274e-02
0.00000000e+00
0.00000000e+00
2.26617827e-02
4.68864469e-03
1.79731380e-02
3.90720391e-03
1.56288156e-03
1.56288156e-03
0.00000000e+00
1.17216117e-02
0.00000000e+00
1.56288156e-03
6.25152625e-03
0.00000000e+00
0.00000000e+00
0.00000000e+00
1.56288156e-02
8.59584860e-03
0.00000000e+00
0.00000000e+00
0.00000000e+00
1.56288156e-03
0.00000000e+00
5.47008547e-03
0.00000000e+00
0.00000000e+00
2.34432234e-03
3.90720391e-03
0.00000000e+00
0.00000000e+00
1.79731380e-02
0.00000000e+00
0.00000000e+00
0.00000000e+00
0.00000000e+00
5.47008547e-03
0.00000000e+00
0.00000000e+00
0.00000000e+00
9.37728938e-03
4.14163614e-02
0.00000000e+00
0.00000000e+00
1.40659341e-02
1.95360195e-02
0.00000000e+00
2.34432234e-03
2.34432234e-03
0.00000000e+00
8.59584860e-03
0.00000000e+00
2.34432234e-03
0.00000000e+00
0.00000000e+00
1.95360195e-02
6.09523810e-02
0.00000000e+00
0.00000000e+00
0.00000000e+00
0.00000000e+00
0.00000000e+00
1.56288156e-03
0.00000000e+00
2.34432234e-03
0.00000000e+00
0.00000000e+00
0.00000000e+00
0.00000000e+00
3.12576313e-03
0.00000000e+00
7.57997558e-02
8.59584860e-03
0.00000000e+00
1.48473748e-02
0.00000000e+00
0.00000000e+00
3.90720391e-03
0.00000000e+00
0.00000000e+00
5.47008547e-03
1.48473748e-02
7.81440781e-04
0.00000000e+00
0.00000000e+00
0.00000000e+00
0.00000000e+00
0.00000000e+00
0.00000000e+00
0.00000000e+00
0.00000000e+00
0.00000000e+00
1.56288156e-02
5.47008547e-03
0.00000000e+00
5.47008547e-03
6.56410256e-02
7.03296703e-03
2.34432234e-03
0.00000000e+00
3.51648352e-02
2.73504274e-02
0.00000000e+00
0.00000000e+00
6.25152625e-03
1.32844933e-02
7.81440781e-03
0.00000000e+00
3.90720391e-03
0.00000000e+00
1.56288156e-02
2.34432234e-03
0.00000000e+00
4.68864469e-03
1.17216117e-02
2.34432234e-03
3.28205128e-02
0.00000000e+00
0.00000000e+00
4.68864469e-03
0.00000000e+00
2.03174603e-02
3.90720391e-03
1.56288156e-03
1.09401709e-02
0.00000000e+00
1.48473748e-02
7.03296703e-03
0.00000000e+00
1.56288156e-03
0.00000000e+00
0.00000000e+00
0.00000000e+00
0.00000000e+00
0.00000000e+00
4.06349206e-02
0.00000000e+00
4.68864469e-03
0.00000000e+00
9.37728938e-03
3.12576313e-03
0.00000000e+00
7.81440781e-04
5.47008547e-03
8.59584860e-03
3.59462759e-02
0.00000000e+00
0.00000000e+00
0.00000000e+00
0.00000000e+00
0.00000000e+00
0.00000000e+00
0.00000000e+00
2.81318681e-02
0.00000000e+00
0.00000000e+00
1.09401709e-02
0.00000000e+00
0.00000000e+00
0.00000000e+00
3.90720391e-03
2.42246642e-02
7.81440781e-04
7.65811966e-02
1.95360195e-02
1.25030525e-02
2.50061050e-02
2.73504274e-02
0.00000000e+00
2.73504274e-02
0.00000000e+00
0.00000000e+00
2.34432234e-03
0.00000000e+00
0.00000000e+00
7.03296703e-03
8.59584860e-03
0.00000000e+00
0.00000000e+00
2.34432234e-03
0.00000000e+00
0.00000000e+00
2.34432234e-03
2.34432234e-03
1.01587302e-02
0.00000000e+00
4.14163614e-02
4.68864469e-03
7.03296703e-03
0.00000000e+00
0.00000000e+00
0.00000000e+00
0.00000000e+00
0.00000000e+00
2.34432234e-03
0.00000000e+00
3.90720391e-03
0.00000000e+00
1.56288156e-03
0.00000000e+00
8.59584860e-03
0.00000000e+00
0.00000000e+00
0.00000000e+00
0.00000000e+00
1.56288156e-03
3.90720391e-03
3.12576313e-03
0.00000000e+00
0.00000000e+00
0.00000000e+00
2.50061050e-02
0.00000000e+00
0.00000000e+00
8.59584860e-03
0.00000000e+00
0.00000000e+00
1.40659341e-02
9.37728938e-03
1.01587302e-02
0.00000000e+00
1.40659341e-02
0.00000000e+00
1.48473748e-02
2.10989011e-02
0.00000000e+00
0.00000000e+00
0.00000000e+00
1.25030525e-02
1.48473748e-02
1.56288156e-02
6.25152625e-03
0.00000000e+00
1.09401709e-02
0.00000000e+00
2.34432234e-03
9.92429792e-02
0.00000000e+00
3.12576313e-03
7.81440781e-03
0.00000000e+00
7.03296703e-03
0.00000000e+00
7.42368742e-02
0.00000000e+00
4.68864469e-03
7.81440781e-04
8.59584860e-03
0.00000000e+00
1.64102564e-02
3.12576313e-03
0.00000000e+00
0.00000000e+00
0.00000000e+00
0.00000000e+00
0.00000000e+00
0.00000000e+00
9.37728938e-03
0.00000000e+00
9.37728938e-03
0.00000000e+00
0.00000000e+00
0.00000000e+00
2.73504274e-02
9.37728938e-03
5.47008547e-03
3.43833944e-02
7.03296703e-03
0.00000000e+00
0.00000000e+00
0.00000000e+00
3.12576313e-03
0.00000000e+00
2.34432234e-03
7.81440781e-04
0.00000000e+00
0.00000000e+00
7.81440781e-04
0.00000000e+00
0.00000000e+00
0.00000000e+00
0.00000000e+00
3.12576313e-03
0.00000000e+00
2.34432234e-03
0.00000000e+00
0.00000000e+00
8.59584860e-03
1.17216117e-02
3.04761905e-02
0.00000000e+00
0.00000000e+00
6.25152625e-03
9.37728938e-03
3.98534799e-02
0.00000000e+00
0.00000000e+00
0.00000000e+00
0.00000000e+00
0.00000000e+00
3.90720391e-03
3.90720391e-03
0.00000000e+00
2.96947497e-02
2.18803419e-02
0.00000000e+00
0.00000000e+00
1.17216117e-02
1.25030525e-02
1.32844933e-02
0.00000000e+00
1.56288156e-02
0.00000000e+00
3.28205128e-02
0.00000000e+00
2.34432234e-03
0.00000000e+00
0.00000000e+00
4.84493284e-02
0.00000000e+00
0.00000000e+00
0.00000000e+00
8.59584860e-03
0.00000000e+00
0.00000000e+00
0.00000000e+00
3.36019536e-02
0.00000000e+00
1.01587302e-02
0.00000000e+00
0.00000000e+00
3.90720391e-03
0.00000000e+00
0.00000000e+00
1.17216117e-02
0.00000000e+00
7.81440781e-03
0.00000000e+00
1.87545788e-02
0.00000000e+00
3.90720391e-03
0.00000000e+00
9.37728938e-03
3.90720391e-03
2.10989011e-02
0.00000000e+00
0.00000000e+00
7.81440781e-03
0.00000000e+00
1.32844933e-02
0.00000000e+00
1.56288156e-03
8.59584860e-03
3.90720391e-03
0.00000000e+00
0.00000000e+00
0.00000000e+00
0.00000000e+00
0.00000000e+00
0.00000000e+00
0.00000000e+00
1.25030525e-02
8.36141636e-02
1.48473748e-02
2.73504274e-02
1.56288156e-03
3.90720391e-03
1.17216117e-02
0.00000000e+00
8.59584860e-03
0.00000000e+00
1.87545788e-02
5.70451770e-02
0.00000000e+00
7.81440781e-04
0.00000000e+00
0.00000000e+00
0.00000000e+00
0.00000000e+00
4.68864469e-03
2.34432234e-03
2.50061050e-02
5.47008547e-03
1.56288156e-03
1.01587302e-02
0.00000000e+00
0.00000000e+00
0.00000000e+00
0.00000000e+00
0.00000000e+00
0.00000000e+00
0.00000000e+00
3.67277167e-02
5.47008547e-03
3.12576313e-03
0.00000000e+00
0.00000000e+00
1.87545788e-02
0.00000000e+00
0.00000000e+00
0.00000000e+00
1.56288156e-03
1.25030525e-02
0.00000000e+00
1.79731380e-02
0.00000000e+00
0.00000000e+00
0.00000000e+00
7.03296703e-03
0.00000000e+00
2.34432234e-03
5.47008547e-03
1.40659341e-02
0.00000000e+00
0.00000000e+00
5.47008547e-03
3.28205128e-02
8.59584860e-03
0.00000000e+00
0.00000000e+00
0.00000000e+00
0.00000000e+00
1.09401709e-02
6.25152625e-03
4.68864469e-03
0.00000000e+00
4.06349206e-02
0.00000000e+00
0.00000000e+00
1.56288156e-03
2.34432234e-03
9.37728938e-03
2.96947497e-02
0.00000000e+00
0.00000000e+00
0.00000000e+00
0.00000000e+00
0.00000000e+00
8.59584860e-03
0.00000000e+00
0.00000000e+00
1.01587302e-02
3.43833944e-02
0.00000000e+00
0.00000000e+00
6.25152625e-03
1.79731380e-02
1.71916972e-02
0.00000000e+00
0.00000000e+00
7.81440781e-03
0.00000000e+00
0.00000000e+00
0.00000000e+00
7.81440781e-04
3.12576313e-03
0.00000000e+00
0.00000000e+00
7.81440781e-04
0.00000000e+00
0.00000000e+00
0.00000000e+00
2.34432234e-03
7.81440781e-04
7.03296703e-03
6.17338217e-02
0.00000000e+00
5.00122100e-02
0.00000000e+00
5.47008547e-03
1.56288156e-03
0.00000000e+00
1.64102564e-02
4.68864469e-03
0.00000000e+00
0.00000000e+00
0.00000000e+00
0.00000000e+00
0.00000000e+00
0.00000000e+00
5.47008547e-03
6.25152625e-03
3.51648352e-02
0.00000000e+00
0.00000000e+00
0.00000000e+00
0.00000000e+00
2.18803419e-02
0.00000000e+00
0.00000000e+00
2.03174603e-02
0.00000000e+00
1.09401709e-02
1.56288156e-03
4.68864469e-03
0.00000000e+00
5.47008547e-03
7.81440781e-04
0.00000000e+00
1.64102564e-02
0.00000000e+00
2.34432234e-03
7.81440781e-04
1.09401709e-02
7.81440781e-03
1.56288156e-03
0.00000000e+00
1.56288156e-03
0.00000000e+00
0.00000000e+00
1.32844933e-02
0.00000000e+00
3.90720391e-03
0.00000000e+00
2.03174603e-02
2.26617827e-02
0.00000000e+00
0.00000000e+00
0.00000000e+00
0.00000000e+00
1.71916972e-02
2.57875458e-02
1.32844933e-02
0.00000000e+00
0.00000000e+00
7.81440781e-04
0.00000000e+00
0.00000000e+00
7.81440781e-04
1.17216117e-02
0.00000000e+00
0.00000000e+00
0.00000000e+00
0.00000000e+00
0.00000000e+00
0.00000000e+00
3.12576313e-03
0.00000000e+00
7.81440781e-04
7.42368742e-02
0.00000000e+00
0.00000000e+00
0.00000000e+00
4.68864469e-03
1.56288156e-03
0.00000000e+00
0.00000000e+00
1.56288156e-02
0.00000000e+00
3.90720391e-03
5.23565324e-02
0.00000000e+00
0.00000000e+00
0.00000000e+00
3.90720391e-03
5.47008547e-03
8.59584860e-03
