1.17684982e+00
1.15496947e+00
1.01274725e+00
9.71330891e-01
1.14481074e+00
1.24014652e+00
9.94774115e-01
9.88522589e-01
1.20263736e+00
1.19169719e+00
1.00962149e+00
9.93992674e-01
1.16903541e+00
1.18466422e+00
1.01196581e+00
1.27374847e+00
1.46051282e+00
1.17450549e+00
1.00571429e+00
9.86959707e-01
1.01196581e+00
1.17919414e+00
9.86178266e-01
9.91648352e-01
9.86178266e-01
1.15887668e+00
9.95555556e-01
1.05181929e+00
1.00649573e+00
1.19247863e+00
1.02368742e+00
9.97899878e-01
9.84615385e-01
1.18075702e+00
1.02525031e+00
1.03697192e+00
1.29719170e+00
1.49567766e+00
1.00258852e+00
9.95555556e-01
9.84615385e-01
1.18544567e+00
9.93211233e-01
9.97118437e-01
9.85396825e-01
1.19951160e+00
9.75238095e-01
1.00571429e+00
1.01743590e+00
1.23389499e+00
9.91648352e-01
9.95555556e-01
9.81489621e-01
1.19404151e+00
9.99462759e-01
9.95555556e-01
1.29172161e+00
1.19326007e+00
1.31672772e+00
1.01274725e+00
1.00415140e+00
1.18935287e+00
9.69768010e-01
1.01509158e+00
1.01040293e+00
1.16512821e+00
9.97899878e-01
9.88522589e-01
9.98681319e-01
1.17841270e+00
1.02603175e+00
1.00962149e+00
1.00493284e+00
1.20185592e+00
1.03306471e+00
9.81489621e-01
9.98681319e-01
1.50349206e+00
1.30422466e+00
1.02681319e+00
9.79145299e-01
1.19013431e+00
9.98681319e-01
9.92429792e-01
9.79145299e-01
1.17606838e+00
9.93211233e-01
9.88522589e-01
9.98681319e-01
1.13699634e+00
9.65079365e-01
9.68986569e-01
9.96336996e-01
1.17763126e+00
1.01196581e+00
9.81489621e-01
9.80708181e-01
1.19716728e+00
1.49802198e+00
1.33313797e+00
1.05572650e+00
1.19247863e+00
1.19716728e+00
9.99462759e-01
9.80708181e-01
1.14715507e+00
1.16512821e+00
9.85396825e-01
9.90085470e-01
1.19873016e+00
1.19326007e+00
9.95555556e-01
9.90866911e-01
1.16747253e+00
1.13387057e+00
9.83833944e-01
9.76800977e-01
1.13152625e+00
1.49645910e+00
1.25733822e+00
1.05338217e+00
1.08073260e+00
1.19951160e+00
9.93211233e-01
1.00180708e+00
9.83833944e-01
1.18075702e+00
9.99462759e-01
9.96336996e-01
1.02056166e+00
1.21435897e+00
9.65079365e-01
9.72112332e-01
9.71330891e-01
1.16200244e+00
9.97118437e-01
9.97899878e-01
9.91648352e-01
1.18544567e+00
1.35267399e+00
1.31282051e+00
1.00258852e+00
1.11589744e+00
9.70549451e-01
1.01274725e+00
9.99462759e-01
1.17684982e+00
1.09245421e+00
1.00258852e+00
9.90085470e-01
1.16200244e+00
9.97899878e-01
9.55702076e-01
9.90085470e-01
1.15653236e+00
1.02056166e+00
9.62735043e-01
9.99462759e-01
1.17216117e+00
1.29406593e+00
9.77582418e-01
1.27687424e+00
1.14949939e+00
1.01821734e+00
9.66642247e-01
9.77582418e-01
1.16590965e+00
9.53357753e-01
1.00336996e+00
9.96336996e-01
1.17684982e+00
9.91648352e-01
9.75238095e-01
9.85396825e-01
1.20029304e+00
1.07369963e+00
1.00102564e+00
9.84615385e-01
1.20967033e+00
9.59609280e-01
1.31047619e+00
1.29953602e+00
1.24561661e+00
1.03619048e+00
1.01587302e+00
9.90866911e-01
1.22451770e+00
9.87741148e-01
9.93211233e-01
1.00180708e+00
1.19091575e+00
1.00024420e+00
1.01196581e+00
1.00180708e+00
1.22764347e+00
1.04322344e+00
9.93992674e-01
9.54139194e-01
1.17763126e+00
1.18153846e+00
1.01196581e+00
1.29562882e+00
1.53631258e+00
1.20420024e+00
9.29914530e-01
9.99462759e-01
1.23233211e+00
1.16043956e+00
9.89304029e-01
9.47106227e-01
1.19482295e+00
1.17372405e+00
9.90866911e-01
9.70549451e-01
1.20967033e+00
1.22451770e+00
9.62735043e-01
9.90866911e-01
1.18857143e+00
1.19326007e+00
9.97118437e-01
1.29641026e+00
1.39643468e+00
1.21045177e+00
9.83833944e-01
1.02993895e+00
9.61953602e-01
1.15653236e+00
9.89304029e-01
9.93992674e-01
9.43980464e-01
1.17137973e+00
9.74456654e-01
9.84615385e-01
9.70549451e-01
1.14402930e+00
1.00024420e+00
9.80708181e-01
1.00805861e+00
1.21123321e+00
9.78363858e-01
9.74456654e-01
1.27374847e+00
1.46598291e+00
1.28390720e+00
9.59609280e-01
9.72112332e-01
1.17997558e+00
9.64297924e-01
9.78363858e-01
1.00493284e+00
1.15887668e+00
9.89304029e-01
9.79926740e-01
1.00336996e+00
1.23780220e+00
9.93211233e-01
1.01352869e+00
1.00727717e+00
1.20263736e+00
9.89304029e-01
9.93211233e-01
1.29484737e+00
1.21201465e+00
1.32766789e+00
9.64297924e-01
9.93992674e-01
1.18388278e+00
1.00415140e+00
9.81489621e-01
1.00102564e+00
1.18857143e+00
9.72893773e-01
9.99462759e-01
9.97899878e-01
1.16356532e+00
9.92429792e-01
9.67423687e-01
9.65079365e-01
1.20185592e+00
1.00024420e+00
9.93992674e-01
9.90085470e-01
1.49645910e+00
1.30031746e+00
9.43199023e-01
9.93992674e-01
1.18075702e+00
1.00336996e+00
9.83833944e-01
9.97899878e-01
1.18700855e+00
1.00258852e+00
9.97899878e-01
9.89304029e-01
1.14637363e+00
1.01196581e+00
9.99462759e-01
1.06197802e+00
1.19951160e+00
1.18466422e+00
9.87741148e-01
8.90842491e-01
1.20107448e+00
1.49645910e+00
1.31047619e+00
9.77582418e-01
1.20576313e+00
1.22608059e+00
9.83833944e-01
1.00493284e+00
1.24014652e+00
1.14324786e+00
9.87741148e-01
9.93211233e-01
1.20654457e+00
1.18388278e+00
9.87741148e-01
9.83052503e-01
1.15653236e+00
1.18857143e+00
9.86178266e-01
9.86178266e-01
1.10730159e+00
1.49567766e+00
1.28937729e+00
9.49450549e-01
9.79926740e-01
1.17763126e+00
9.84615385e-01
9.80708181e-01
9.67423687e-01
1.17841270e+00
9.62735043e-01
1.02837607e+00
1.03072039e+00
1.18231990e+00
9.77582418e-01
1.02681319e+00
9.99462759e-01
1.19638584e+00
1.00649573e+00
9.90085470e-01
9.68986569e-01
1.18778999e+00
1.28468864e+00
1.29641026e+00
1.01431013e+00
1.19482295e+00
9.84615385e-01
9.94774115e-01
1.02056166e+00
1.17684982e+00
1.01665446e+00
9.99462759e-01
9.97118437e-01
1.18778999e+00
1.00571429e+00
9.96336996e-01
9.89304029e-01
1.22686203e+00
9.93211233e-01
9.84615385e-01
9.51794872e-01
1.17997558e+00
1.25733822e+00
9.93211233e-01
1.27687424e+00
1.21201465e+00
9.77582418e-01
1.00336996e+00
9.90866911e-01
1.18310134e+00
1.00805861e+00
9.71330891e-01
9.67423687e-01
1.16356532e+00
1.02603175e+00
9.96336996e-01
9.67423687e-01
1.17606838e+00
9.78363858e-01
9.83052503e-01
9.94774115e-01
1.16043956e+00
9.34603175e-01
1.29719170e+00
1.27609280e+00
1.16200244e+00
9.90866911e-01
1.00649573e+00
1.00180708e+00
1.17059829e+00
9.97118437e-01
9.86959707e-01
9.83833944e-01
1.19482295e+00
9.77582418e-01
9.90085470e-01
1.01274725e+00
1.18388278e+00
1.17919414e+00
9.85396825e-01
1.01040293e+00
1.18857143e+00
1.19638584e+00
9.93211233e-01
1.30422466e+00
1.53162393e+00
1.20967033e+00
9.76800977e-01
1.04791209e+00
1.17684982e+00
1.21592186e+00
9.97118437e-01
9.90085470e-01
1.18231990e+00
1.15496947e+00
1.00805861e+00
9.81489621e-01
1.16903541e+00
1.16278388e+00
1.02134310e+00
9.65860806e-01
1.08854701e+00
1.15340659e+00
9.83052503e-01
1.29094017e+00
1.29484737e+00
1.17684982e+00
1.07995116e+00
1.02603175e+00
9.92429792e-01
1.17059829e+00
9.86959707e-01
1.03853480e+00
9.99462759e-01
1.18231990e+00
9.97118437e-01
1.00102564e+00
9.95555556e-01
1.20107448e+00
9.98681319e-01
9.96336996e-01
9.83833944e-01
1.18700855e+00
1.00649573e+00
1.01118437e+00
1.33001221e+00
1.51677656e+00
1.27531136e+00
1.00805861e+00
1.00336996e+00
1.17684982e+00
9.97118437e-01
9.88522589e-01
9.99462759e-01
1.21435897e+00
1.02134310e+00
1.01899878e+00
1.01978022e+00
1.17372405e+00
1.01509158e+00
9.26788767e-01
9.96336996e-01
1.20654457e+00
9.89304029e-01
1.01431013e+00
1.28156288e+00
1.18388278e+00
1.32063492e+00
8.84590965e-01
9.69768010e-01
1.18622711e+00
9.81489621e-01
9.87741148e-01
9.93211233e-01
1.23311355e+00
1.00805861e+00
9.94774115e-01
9.83052503e-01
1.20107448e+00
1.01587302e+00
1.02759463e+00
9.93211233e-01
1.18231990e+00
1.00258852e+00
1.05260073e+00
9.74456654e-01
1.47379731e+00
1.28547009e+00
1.30578755e+00
9.62735043e-01
1.14559219e+00
9.68205128e-01
9.66642247e-01
9.84615385e-01
1.18700855e+00
9.63516484e-01
9.67423687e-01
1.02290598e+00
1.19326007e+00
1.09714286e+00
1.01431013e+00
9.86959707e-01
1.22529915e+00
1.18075702e+00
1.03384615e+00
9.86178266e-01
1.20420024e+00
1.51286935e+00
1.31516484e+00
1.34954823e+00
1.16825397e+00
1.20341880e+00
1.06979243e+00
9.76019536e-01
1.23623932e+00
1.18075702e+00
9.94774115e-01
1.00258852e+00
1.17450549e+00
1.16043956e+00
9.61953602e-01
9.97118437e-01
1.12214896e+00
1.19482295e+00
9.83833944e-01
1.01352869e+00
9.90866911e-01
1.20888889e+00
1.30500611e+00
1.05260073e+00
1.03228327e+00
1.18778999e+00
9.97899878e-01
9.78363858e-01
9.79926740e-01
1.22061050e+00
9.85396825e-01
9.87741148e-01
9.89304029e-01
1.18857143e+00
1.00962149e+00
1.00493284e+00
1.02603175e+00
1.16512821e+00
1.01196581e+00
9.93211233e-01
9.65860806e-01
1.16434676e+00
9.86178266e-01
1.28312576e+00
1.29719170e+00
1.16903541e+00
9.77582418e-01
1.03697192e+00
1.03150183e+00
1.23545788e+00
9.91648352e-01
1.00336996e+00
1.02681319e+00
1.17841270e+00
9.89304029e-01
9.90866911e-01
1.01118437e+00
1.17919414e+00
1.02681319e+00
9.90085470e-01
9.96336996e-01
1.19326007e+00
1.06197802e+00
9.66642247e-01
1.32219780e+00
1.51208791e+00
1.01118437e+00
1.01665446e+00
1.00805861e+00
1.17372405e+00
9.90866911e-01
9.85396825e-01
1.04556777e+00
1.20263736e+00
9.83833944e-01
9.71330891e-01
1.00415140e+00
1.18466422e+00
9.87741148e-01
1.01040293e+00
9.94774115e-01
1.18700855e+00
1.05103785e+00
9.91648352e-01
1.34407814e+00
1.51677656e+00
1.26671551e+00
9.58046398e-01
9.71330891e-01
1.15418803e+00
1.02603175e+00
9.91648352e-01
9.54920635e-01
1.18622711e+00
1.21045177e+00
1.00180708e+00
9.90085470e-01
1.23155067e+00
1.17450549e+00
9.90085470e-01
1.00493284e+00
1.18231990e+00
1.22139194e+00
9.98681319e-01
1.00493284e+00
1.50896215e+00
1.44253968e+00
9.92429792e-01
1.01118437e+00
1.24483516e+00
1.17606838e+00
1.00258852e+00
9.81489621e-01
1.17997558e+00
1.19013431e+00
9.93992674e-01
9.74456654e-01
1.07760684e+00
1.17059829e+00
1.04791209e+00
9.94774115e-01
9.52576313e-01
1.24249084e+00
9.90085470e-01
9.68205128e-01
1.29719170e+00
1.17684982e+00
9.90866911e-01
9.97899878e-01
1.02446886e+00
1.18778999e+00
1.00962149e+00
9.78363858e-01
9.90866911e-01
1.18075702e+00
9.91648352e-01
1.00962149e+00
9.97118437e-01
1.18778999e+00
9.65079365e-01
9.99462759e-01
9.86959707e-01
1.17450549e+00
1.00415140e+00
1.00258852e+00
9.84615385e-01
1.50114774e+00
1.27140415e+00
1.00884005e+00
9.66642247e-01
1.21279609e+00
9.85396825e-01
9.93211233e-01
9.99462759e-01
1.22139194e+00
1.00805861e+00
9.91648352e-01
9.93992674e-01
1.19482295e+00
1.03775336e+00
9.93211233e-01
9.84615385e-01
1.18544567e+00
9.94774115e-01
9.80708181e-01
1.00024420e+00
1.19482295e+00
1.28234432e+00
1.30735043e+00
1.03150183e+00
1.19013431e+00
1.02446886e+00
1.03697192e+00
9.93211233e-01
1.19873016e+00
9.80708181e-01
9.68986569e-01
9.63516484e-01
1.16747253e+00
9.48669109e-01
9.74456654e-01
9.86178266e-01
1.18153846e+00
1.00805861e+00
9.93211233e-01
1.01274725e+00
1.18466422e+00
1.30188034e+00
1.33079365e+00
1.03072039e+00
1.19560440e+00
9.83052503e-01
9.81489621e-01
9.86959707e-01
1.19638584e+00
1.05025641e+00
9.71330891e-01
1.01118437e+00
1.19951160e+00
1.15809524e+00
9.81489621e-01
9.61172161e-01
1.21592186e+00
1.15262515e+00
9.72112332e-01
9.86959707e-01
1.21826618e+00
1.49333333e+00
1.28312576e+00
1.30578755e+00
1.19638584e+00
1.19638584e+00
9.65079365e-01
9.90866911e-01
1.15028083e+00
1.19560440e+00
9.79145299e-01
9.84615385e-01
1.11355311e+00
1.20654457e+00
1.00180708e+00
9.73675214e-01
1.03462759e+00
1.17372405e+00
1.00493284e+00
9.82271062e-01
1.04556777e+00
1.17606838e+00
1.31750916e+00
1.04634921e+00
1.00884005e+00
1.21123321e+00
9.83833944e-01
9.63516484e-01
9.93211233e-01
1.17606838e+00
1.05181929e+00
1.05025641e+00
9.97899878e-01
1.18153846e+00
1.00024420e+00
1.01352869e+00
9.81489621e-01
1.17763126e+00
9.97118437e-01
1.00415140e+00
1.00571429e+00
1.23076923e+00
9.86959707e-01
1.29172161e+00
1.30813187e+00
1.16590965e+00
9.79926740e-01
9.93992674e-01
9.86959707e-01
1.17294261e+00
1.07916972e+00
1.00649573e+00
9.88522589e-01
1.19091575e+00
9.93211233e-01
9.79926740e-01
9.65860806e-01
1.16278388e+00
1.01196581e+00
1.00258852e+00
9.47887668e-01
1.20263736e+00
9.76800977e-01
9.83052503e-01
1.28078144e+00
1.50036630e+00
9.65860806e-01
9.75238095e-01
1.01196581e+00
1.16434676e+00
9.93211233e-01
1.01899878e+00
9.87741148e-01
1.18310134e+00
9.80708181e-01
9.90085470e-01
9.72112332e-01
1.18935287e+00
9.86959707e-01
9.65079365e-01
9.61953602e-01
1.17606838e+00
9.58046398e-01
9.98681319e-01
1.27452991e+00
1.50896215e+00
9.59609280e-01
9.93992674e-01
1.07057387e+00
1.18075702e+00
1.03462759e+00
9.93992674e-01
9.93992674e-01
1.18153846e+00
1.19013431e+00
9.83052503e-01
1.05260073e+00
1.19247863e+00
1.17137973e+00
9.80708181e-01
9.81489621e-01
1.20654457e+00
1.17997558e+00
9.96336996e-01
1.27452991e+00
1.47301587e+00
1.45113553e+00
9.80708181e-01
9.97118437e-01
1.15262515e+00
1.13621490e+00
1.02603175e+00
9.84615385e-01
1.10808303e+00
1.19873016e+00
9.83052503e-01
1.00102564e+00
1.04713065e+00
1.16903541e+00
9.98681319e-01
1.00727717e+00
9.97899878e-01
1.18388278e+00
9.84615385e-01
1.30422466e+00
1.28312576e+00
1.18544567e+00
9.97118437e-01
9.74456654e-01
9.89304029e-01
1.16747253e+00
1.03072039e+00
9.92429792e-01
9.93992674e-01
1.19482295e+00
9.79145299e-01
1.01431013e+00
9.82271062e-01
1.22295482e+00
9.99462759e-01
9.65860806e-01
9.77582418e-01
1.18857143e+00
9.87741148e-01
9.89304029e-01
1.25577534e+00
1.49958486e+00
1.29719170e+00
1.00571429e+00
1.00571429e+00
1.19013431e+00
1.03775336e+00
1.00024420e+00
9.80708181e-01
1.17137973e+00
9.56483516e-01
1.02290598e+00
1.01196581e+00
1.21592186e+00
1.00336996e+00
1.00336996e+00
9.90866911e-01
1.18857143e+00
9.95555556e-01
1.00024420e+00
1.04791209e+00
1.24327228e+00
1.30188034e+00
1.31829060e+00
1.00024420e+00
1.21201465e+00
9.43199023e-01
9.90085470e-01
1.02525031e+00
1.19482295e+00
9.86959707e-01
1.00649573e+00
9.93992674e-01
1.19716728e+00
1.00962149e+00
9.83052503e-01
9.96336996e-01
1.20029304e+00
1.00727717e+00
1.01821734e+00
9.85396825e-01
1.57069597e+00
1.29719170e+00
9.25225885e-01
9.92429792e-01
1.20263736e+00
1.04322344e+00
9.85396825e-01
9.92429792e-01
1.19794872e+00
1.16043956e+00
1.04634921e+00
9.90866911e-01
1.20498168e+00
1.18388278e+00
9.90085470e-01
1.00805861e+00
1.18310134e+00
1.15887668e+00
1.01899878e+00
9.94774115e-01
1.22451770e+00
1.50661783e+00
1.34954823e+00
9.79145299e-01
1.18700855e+00
1.17216117e+00
9.97118437e-01
9.87741148e-01
1.10417582e+00
1.19013431e+00
9.97118437e-01
9.90085470e-01
1.04713065e+00
1.20263736e+00
1.00493284e+00
1.00962149e+00
9.95555556e-01
1.21045177e+00
1.02446886e+00
1.02603175e+00
9.40073260e-01
1.48630037e+00
1.29719170e+00
9.89304029e-01
1.01978022e+00
1.20341880e+00
1.01899878e+00
9.90866911e-01
9.93211233e-01
1.16434676e+00
9.93211233e-01
1.00649573e+00
1.01431013e+00
1.16903541e+00
1.02915751e+00
1.00571429e+00
9.98681319e-01
1.17919414e+00
1.02759463e+00
1.00415140e+00
1.02915751e+00
1.19169719e+00
1.30578755e+00
1.29015873e+00
1.00493284e+00
1.18700855e+00
1.01821734e+00
9.83052503e-01
9.84615385e-01
1.17841270e+00
9.93211233e-01
9.43980464e-01
9.50231990e-01
1.13934066e+00
9.77582418e-01
1.04087912e+00
9.90085470e-01
1.19013431e+00
9.99462759e-01
9.91648352e-01
9.97899878e-01
1.20967033e+00
1.29562882e+00
1.02603175e+00
1.31282051e+00
1.21904762e+00
1.00102564e+00
1.01743590e+00
9.80708181e-01
1.19482295e+00
9.99462759e-01
9.73675214e-01
9.93992674e-01
1.17763126e+00
9.89304029e-01
9.48669109e-01
9.67423687e-01
1.16669109e+00
1.00649573e+00
9.99462759e-01
9.99462759e-01
1.19404151e+00
1.27218559e+00
1.31203907e+00
1.30109890e+00
1.18700855e+00
9.99462759e-01
1.00180708e+00
1.04791209e+00
1.19482295e+00
1.19716728e+00
9.97118437e-01
9.96336996e-01
1.16747253e+00
1.17763126e+00
9.78363858e-01
1.00649573e+00
1.19091575e+00
1.17059829e+00
1.00336996e+00
1.06275946e+00
1.19794872e+00
1.18466422e+00
1.00884005e+00
1.30188034e+00
1.49958486e+00
1.16825397e+00
9.86959707e-01
9.92429792e-01
1.15496947e+00
1.17528694e+00
9.98681319e-01
9.99462759e-01
1.09479853e+00
1.18388278e+00
1.01040293e+00
1.00024420e+00
9.76019536e-01
1.16434676e+00
1.01821734e+00
9.85396825e-01
1.00884005e+00
1.18622711e+00
1.26202686e+00
1.29953602e+00
1.29641026e+00
1.19873016e+00
9.82271062e-01
9.92429792e-01
9.92429792e-01
1.18153846e+00
9.80708181e-01
9.86959707e-01
9.78363858e-01
1.19013431e+00
9.82271062e-01
1.02525031e+00
1.00727717e+00
1.19326007e+00
1.01196581e+00
9.92429792e-01
1.00727717e+00
1.21201465e+00
1.03072039e+00
1.30266178e+00
1.34720391e+00
1.21045177e+00
1.01743590e+00
9.54920635e-01
9.83052503e-01
1.17919414e+00
1.02134310e+00
9.73675214e-01
9.71330891e-01
1.18466422e+00
1.02681319e+00
9.90085470e-01
9.79145299e-01
1.20185592e+00
9.96336996e-01
1.04009768e+00
9.92429792e-01
1.18388278e+00
1.00336996e+00
1.29641026e+00
1.29250305e+00
1.18935287e+00
9.99462759e-01
9.79926740e-01
9.75238095e-01
1.13308913e+00
9.97118437e-01
9.59609280e-01
1.00024420e+00
1.19013431e+00
1.00102564e+00
9.96336996e-01
1.01743590e+00
1.19404151e+00
9.93211233e-01
9.83052503e-01
1.02446886e+00
1.20341880e+00
9.98681319e-01
1.02446886e+00
1.29484737e+00
1.52146520e+00
1.14090354e+00
9.83052503e-01
9.96336996e-01
1.19638584e+00
1.18857143e+00
9.56483516e-01
1.00884005e+00
1.18857143e+00
1.14793651e+00
9.88522589e-01
9.94774115e-01
1.21904762e+00
1.18231990e+00
1.00493284e+00
1.01196581e+00
1.20654457e+00
1.16669109e+00
9.98681319e-01
9.77582418e-01
1.19638584e+00
1.53709402e+00
9.69768010e-01
9.84615385e-01
1.13543346e+00
1.19326007e+00
9.88522589e-01
1.00336996e+00
1.10652015e+00
1.17137973e+00
1.02759463e+00
1.00024420e+00
1.01978022e+00
1.18388278e+00
9.63516484e-01
9.97118437e-01
9.90866911e-01
1.20810745e+00
9.92429792e-01
1.23936508e+00
1.29875458e+00
1.50896215e+00
9.79145299e-01
9.87741148e-01
9.68986569e-01
1.15575092e+00
1.00258852e+00
9.86959707e-01
9.66642247e-01
1.16278388e+00
9.68205128e-01
9.96336996e-01
9.96336996e-01
1.18700855e+00
9.84615385e-01
1.00024420e+00
1.04087912e+00
1.21435897e+00
9.92429792e-01
1.01821734e+00
9.91648352e-01
1.51521368e+00
1.33704518e+00
9.90085470e-01
8.91623932e-01
1.16200244e+00
1.00258852e+00
1.01665446e+00
9.96336996e-01
1.18700855e+00
1.02681319e+00
9.72893773e-01
1.00493284e+00
1.18231990e+00
9.96336996e-01
9.97118437e-01
1.01509158e+00
1.22608059e+00
1.00884005e+00
9.88522589e-01
1.01118437e+00
1.51833944e+00
1.30578755e+00
1.00180708e+00
9.58827839e-01
1.18231990e+00
1.01431013e+00
9.78363858e-01
9.98681319e-01
1.18622711e+00
1.00571429e+00
9.81489621e-01
1.02056166e+00
1.19404151e+00
9.84615385e-01
1.01821734e+00
1.00884005e+00
1.22217338e+00
1.00024420e+00
9.99462759e-01
9.96336996e-01
1.19013431e+00
1.30656899e+00
1.30188034e+00
8.33015873e-01
1.20732601e+00
1.07291819e+00
9.96336996e-01
9.97899878e-01
1.22842491e+00
1.20654457e+00
9.78363858e-01
1.00493284e+00
1.19013431e+00
1.12840049e+00
1.00102564e+00
1.00102564e+00
1.20888889e+00
1.15496947e+00
9.72893773e-01
9.82271062e-01
1.17137973e+00
1.19247863e+00
9.90866911e-01
1.31438339e+00
1.18935287e+00
1.20498168e+00
9.98681319e-01
1.00102564e+00
1.11433455e+00
1.15653236e+00
9.91648352e-01
9.90085470e-01
9.95555556e-01
1.20498168e+00
1.03072039e+00
1.03228327e+00
9.86959707e-01
1.19013431e+00
1.00493284e+00
1.00962149e+00
1.01274725e+00
1.16825397e+00
1.31203907e+00
1.36048840e+00
1.10573871e+00
1.19247863e+00
9.97899878e-01
9.93992674e-01
9.86959707e-01
1.20654457e+00
9.93211233e-01
9.99462759e-01
9.98681319e-01
1.18700855e+00
9.61172161e-01
9.72112332e-01
9.88522589e-01
1.19091575e+00
1.01431013e+00
9.87741148e-01
9.99462759e-01
1.20263736e+00
1.00571429e+00
1.29484737e+00
1.30344322e+00
1.51755800e+00
1.01821734e+00
1.00258852e+00
1.00884005e+00
1.17763126e+00
1.02290598e+00
1.01352869e+00
9.92429792e-01
1.19326007e+00
1.02915751e+00
1.02446886e+00
9.27570208e-01
1.19247863e+00
9.77582418e-01
9.61953602e-01
1.01196581e+00
1.19951160e+00
1.00415140e+00
1.01821734e+00
1.30188034e+00
1.09401709e+00
1.26437118e+00
9.90085470e-01
1.01821734e+00
1.18388278e+00
1.00258852e+00
9.90866911e-01
1.00493284e+00
1.19638584e+00
9.86178266e-01
9.96336996e-01
1.01431013e+00
1.18466422e+00
1.01118437e+00
9.46324786e-01
9.90866911e-01
1.17216117e+00
1.00571429e+00
9.77582418e-01
1.00884005e+00
1.51052503e+00
1.48708181e+00
9.83833944e-01
1.00415140e+00
1.17372405e+00
1.20654457e+00
9.77582418e-01
9.81489621e-01
1.19638584e+00
1.14324786e+00
9.93211233e-01
9.93992674e-01
1.23076923e+00
1.17216117e+00
9.59609280e-01
9.90085470e-01
1.19951160e+00
1.17294261e+00
9.86959707e-01
9.90866911e-01
1.16043956e+00
1.58007326e+00
1.24952381e+00
1.02134310e+00
1.08151404e+00
1.18466422e+00
1.02759463e+00
9.86959707e-01
1.01899878e+00
1.18310134e+00
9.82271062e-01
1.00102564e+00
9.94774115e-01
1.13308913e+00
9.79145299e-01
1.01352869e+00
9.96336996e-01
1.18857143e+00
9.65860806e-01
1.02993895e+00
9.92429792e-01
1.49724054e+00
1.30500611e+00
9.79145299e-01
1.00258852e+00
1.17528694e+00
9.81489621e-01
9.83833944e-01
9.90085470e-01
1.18544567e+00
1.00415140e+00
1.00571429e+00
9.98681319e-01
1.18388278e+00
1.02056166e+00
9.98681319e-01
9.90085470e-01
1.20498168e+00
9.72893773e-01
1.00258852e+00
1.01274725e+00
1.17763126e+00
1.29797314e+00
1.34876679e+00
9.67423687e-01
1.18935287e+00
1.00102564e+00
9.68986569e-01
9.61172161e-01
1.21201465e+00
1.00258852e+00
9.97899878e-01
9.93211233e-01
1.22842491e+00
9.74456654e-01
9.98681319e-01
9.86178266e-01
1.19013431e+00
9.86959707e-01
9.84615385e-01
9.90085470e-01
1.17841270e+00
1.31282051e+00
9.96336996e-01
1.29953602e+00
1.17997558e+00
9.61953602e-01
9.77582418e-01
9.71330891e-01
1.20888889e+00
9.75238095e-01
9.97118437e-01
9.85396825e-01
1.16903541e+00
9.83052503e-01
9.90085470e-01
9.86959707e-01
1.20107448e+00
1.07916972e+00
9.83052503e-01
1.00180708e+00
1.17216117e+00
1.17294261e+00
1.30813187e+00
1.31672772e+00
1.19951160e+00
1.18622711e+00
9.90866911e-01
9.86959707e-01
1.19560440e+00
1.18466422e+00
1.02134310e+00
1.00962149e+00
1.19169719e+00
1.15887668e+00
9.91648352e-01
9.79926740e-01
1.16122100e+00
1.17841270e+00
9.96336996e-01
9.90085470e-01
1.14949939e+00
1.18466422e+00
9.67423687e-01
1.28156288e+00
1.43081807e+00
1.18075702e+00
1.00258852e+00
1.04009768e+00
9.99462759e-01
1.16903541e+00
1.03462759e+00
9.94774115e-01
9.76800977e-01
1.21435897e+00
1.00102564e+00
1.00024420e+00
9.97899878e-01
1.13387057e+00
9.97899878e-01
9.94774115e-01
9.41636142e-01
1.18700855e+00
1.01118437e+00
1.27374847e+00
1.31203907e+00
1.17763126e+00
1.00258852e+00
1.02056166e+00
9.95555556e-01
1.18622711e+00
9.77582418e-01
9.90085470e-01
9.97118437e-01
1.16903541e+00
9.84615385e-01
9.93992674e-01
9.79926740e-01
1.19638584e+00
1.01587302e+00
9.97118437e-01
1.00571429e+00
1.15262515e+00
9.77582418e-01
1.29250305e+00
1.27921856e+00
1.53553114e+00
9.64297924e-01
1.00805861e+00
9.77582418e-01
1.18544567e+00
1.00024420e+00
9.83052503e-01
1.00102564e+00
1.18388278e+00
1.00024420e+00
9.80708181e-01
9.96336996e-01
1.20263736e+00
1.01978022e+00
9.90085470e-01
1.01665446e+00
1.19716728e+00
1.01196581e+00
1.27609280e+00
1.29719170e+00
1.16278388e+00
9.95555556e-01
9.48669109e-01
1.00571429e+00
1.17841270e+00
9.67423687e-01
9.72112332e-01
9.76800977e-01
1.20498168e+00
9.93211233e-01
9.93211233e-01
1.00024420e+00
1.16669109e+00
9.94774115e-01
9.82271062e-01
9.76800977e-01
1.19482295e+00
1.08385836e+00
1.00727717e+00
1.30031746e+00
1.50114774e+00
1.46754579e+00
1.00727717e+00
9.87741148e-01
1.19091575e+00
1.19951160e+00
1.01040293e+00
9.91648352e-01
1.16669109e+00
1.18388278e+00
1.00415140e+00
1.02446886e+00
1.21514042e+00
1.17763126e+00
9.99462759e-01
9.92429792e-01
1.17919414e+00
1.15575092e+00
9.40073260e-01
9.82271062e-01
1.10417582e+00
1.52068376e+00
9.15848596e-01
9.61953602e-01
9.75238095e-01
1.22842491e+00
9.86959707e-01
9.72893773e-01
9.86959707e-01
1.16043956e+00
9.73675214e-01
9.76800977e-01
9.55702076e-01
1.14246642e+00
9.55702076e-01
9.65860806e-01
9.93211233e-01
1.19013431e+00
9.96336996e-01
9.90866911e-01
1.30578755e+00
1.53631258e+00
1.32610501e+00
1.03853480e+00
9.79145299e-01
1.15887668e+00
9.99462759e-01
9.85396825e-01
9.79926740e-01
1.21592186e+00
1.03540904e+00
9.85396825e-01
1.01743590e+00
1.20029304e+00
9.90085470e-01
1.02525031e+00
1.00962149e+00
1.20420024e+00
1.01196581e+00
9.67423687e-01
9.67423687e-01
1.49802198e+00
1.27765568e+00
1.30031746e+00
9.79926740e-01
1.14481074e+00
9.66642247e-01
9.65860806e-01
1.00336996e+00
1.18935287e+00
9.95555556e-01
1.01978022e+00
9.79145299e-01
1.18466422e+00
9.97899878e-01
1.00884005e+00
9.93992674e-01
1.17528694e+00
9.75238095e-01
9.97118437e-01
9.94774115e-01
1.18700855e+00
1.27452991e+00
9.72112332e-01
1.26515263e+00
1.20263736e+00
1.02134310e+00
9.61953602e-01
1.00336996e+00
1.16981685e+00
9.83833944e-01
9.77582418e-01
1.01196581e+00
1.14324786e+00
9.97899878e-01
1.02681319e+00
9.78363858e-01
1.17841270e+00
1.18153846e+00
9.81489621e-01
9.97899878e-01
1.13699634e+00
1.15496947e+00
1.30188034e+00
1.27921856e+00
1.19013431e+00
1.18700855e+00
9.92429792e-01
9.95555556e-01
1.19247863e+00
1.17528694e+00
9.83052503e-01
1.01274725e+00
1.18388278e+00
1.17606838e+00
9.47106227e-01
9.61172161e-01
1.12449328e+00
1.13308913e+00
9.81489621e-01
9.62735043e-01
1.05807082e+00
1.16200244e+00
1.01978022e+00
1.29719170e+00
1.36830281e+00
1.19794872e+00
9.81489621e-01
9.72893773e-01
1.02056166e+00
1.20420024e+00
9.86959707e-01
1.00336996e+00
9.85396825e-01
1.19169719e+00
1.01352869e+00
9.65860806e-01
9.75238095e-01
1.20498168e+00
1.02915751e+00
9.86178266e-01
9.91648352e-01
1.19013431e+00
1.00727717e+00
1.30969475e+00
1.31203907e+00
1.18310134e+00
9.78363858e-01
9.45543346e-01
1.00102564e+00
1.12449328e+00
9.82271062e-01
9.93211233e-01
1.01040293e+00
1.18544567e+00
9.80708181e-01
9.38510379e-01
9.93992674e-01
1.16590965e+00
9.95555556e-01
1.01509158e+00
1.01665446e+00
1.19247863e+00
1.01665446e+00
9.93211233e-01
1.37221001e+00
1.51521368e+00
1.12996337e+00
1.01118437e+00
9.65860806e-01
1.17997558e+00
9.96336996e-01
9.93211233e-01
9.96336996e-01
1.18544567e+00
1.01821734e+00
9.83052503e-01
9.89304029e-01
1.17997558e+00
1.00571429e+00
9.86959707e-01
9.65079365e-01
1.18153846e+00
9.72893773e-01
9.91648352e-01
1.27765568e+00
1.23858364e+00
1.30813187e+00
1.05807082e+00
9.96336996e-01
1.19013431e+00
1.00180708e+00
9.83052503e-01
9.95555556e-01
1.19247863e+00
1.07057387e+00
9.99462759e-01
9.97899878e-01
1.20029304e+00
1.16512821e+00
1.02368742e+00
9.80708181e-01
1.19638584e+00
1.18935287e+00
9.89304029e-01
9.90866911e-01
1.46832723e+00
1.50818071e+00
1.27218559e+00
1.00336996e+00
1.18466422e+00
1.13855922e+00
9.75238095e-01
9.93992674e-01
1.13230769e+00
1.16434676e+00
1.01118437e+00
9.67423687e-01
1.15262515e+00
1.17919414e+00
9.88522589e-01
9.80708181e-01
1.07369963e+00
1.19091575e+00
9.96336996e-01
9.82271062e-01
1.01665446e+00
1.46520147e+00
1.31907204e+00
1.28703297e+00
9.71330891e-01
1.18778999e+00
9.82271062e-01
9.98681319e-01
9.95555556e-01
1.16043956e+00
1.00649573e+00
9.86959707e-01
9.97899878e-01
1.18075702e+00
1.00024420e+00
9.72112332e-01
9.90085470e-01
1.22451770e+00
9.90085470e-01
9.77582418e-01
9.95555556e-01
1.18075702e+00
1.29953602e+00
9.79145299e-01
9.69768010e-01
1.16747253e+00
9.65860806e-01
1.00727717e+00
1.00727717e+00
1.17450549e+00
9.79926740e-01
9.91648352e-01
1.00102564e+00
1.18935287e+00
9.69768010e-01
9.89304029e-01
9.75238095e-01
1.18935287e+00
9.86959707e-01
9.69768010e-01
9.67423687e-01
1.19638584e+00
9.70549451e-01
1.29094017e+00
1.37924298e+00
1.13387057e+00
9.79926740e-01
1.01509158e+00
1.01196581e+00
1.20654457e+00
9.76800977e-01
1.00805861e+00
9.66642247e-01
1.18935287e+00
1.02134310e+00
9.89304029e-01
9.91648352e-01
1.18310134e+00
1.00415140e+00
9.88522589e-01
9.79926740e-01
1.19013431e+00
9.98681319e-01
9.97899878e-01
1.31907204e+00
1.42769231e+00
1.26593407e+00
9.90085470e-01
9.94774115e-01
1.18935287e+00
1.02837607e+00
9.91648352e-01
9.64297924e-01
1.19169719e+00
1.18310134e+00
1.01040293e+00
1.00180708e+00
1.17841270e+00
1.17841270e+00
9.76800977e-01
9.78363858e-01
1.19326007e+00
1.15340659e+00
9.92429792e-01
1.12214896e+00
1.49020757e+00
1.48708181e+00
9.89304029e-01
1.01196581e+00
1.14637363e+00
1.17841270e+00
9.93211233e-01
9.89304029e-01
1.14949939e+00
1.19951160e+00
9.88522589e-01
9.99462759e-01
1.09323565e+00
1.17059829e+00
9.54139194e-01
1.00102564e+00
9.95555556e-01
1.17841270e+00
1.01274725e+00
1.01821734e+00
1.27452991e+00
1.50818071e+00
1.28703297e+00
1.01587302e+00
1.04400488e+00
1.22529915e+00
1.01040293e+00
9.90085470e-01
9.83833944e-01
1.17450549e+00
9.73675214e-01
9.90866911e-01
1.00024420e+00
1.19169719e+00
9.80708181e-01
1.02368742e+00
1.00727717e+00
1.16903541e+00
9.85396825e-01
9.97899878e-01
9.67423687e-01
1.17997558e+00
1.07291819e+00
1.29015873e+00
1.01821734e+00
1.20576313e+00
1.02368742e+00
9.69768010e-01
9.91648352e-01
1.22998779e+00
9.83833944e-01
9.92429792e-01
9.77582418e-01
1.18778999e+00
1.02368742e+00
9.93211233e-01
9.95555556e-01
1.19326007e+00
1.04009768e+00
1.00336996e+00
1.06666667e+00
1.18857143e+00
1.31985348e+00
1.29875458e+00
9.95555556e-01
1.17528694e+00
1.00571429e+00
1.00884005e+00
9.99462759e-01
1.19326007e+00
1.03619048e+00
9.88522589e-01
9.96336996e-01
1.16903541e+00
9.83833944e-01
1.00884005e+00
9.71330891e-01
1.15575092e+00
1.00336996e+00
9.40073260e-01
9.56483516e-01
1.19091575e+00
9.94774115e-01
1.30891331e+00
1.28547009e+00
1.18700855e+00
1.09636142e+00
9.88522589e-01
9.76800977e-01
1.15887668e+00
1.18388278e+00
9.77582418e-01
1.00180708e+00
1.18700855e+00
1.18388278e+00
9.42417582e-01
9.98681319e-01
1.19716728e+00
1.17763126e+00
1.02134310e+00
1.09948718e+00
1.19013431e+00
1.16590965e+00
1.34251526e+00
1.30344322e+00
1.18310134e+00
1.31516484e+00
9.73675214e-01
9.98681319e-01
1.10026862e+00
1.19482295e+00
9.90085470e-01
9.85396825e-01
1.00493284e+00
1.18231990e+00
9.90085470e-01
9.99462759e-01
9.86959707e-01
1.21670330e+00
1.01665446e+00
9.76019536e-01
1.01118437e+00
1.17450549e+00
1.00805861e+00
9.85396825e-01
1.33704518e+00
1.50271062e+00
1.09010989e+00
9.76800977e-01
1.01118437e+00
1.17450549e+00
9.96336996e-01
9.91648352e-01
1.04087912e+00
1.18388278e+00
1.03697192e+00
1.00024420e+00
9.92429792e-01
1.16747253e+00
9.70549451e-01
9.79145299e-01
9.83833944e-01
1.18153846e+00
9.76800977e-01
9.99462759e-01
1.00258852e+00
1.51833944e+00
1.30656899e+00
1.01587302e+00
1.01274725e+00
1.17450549e+00
9.94774115e-01
1.00805861e+00
1.02134310e+00
1.18700855e+00
9.86959707e-01
9.93992674e-01
9.70549451e-01
1.14871795e+00
1.02837607e+00
9.75238095e-01
9.79926740e-01
1.17059829e+00
9.97899878e-01
1.02446886e+00
9.55702076e-01
1.48395604e+00
1.25421245e+00
9.83052503e-01
9.90866911e-01
1.20029304e+00
9.71330891e-01
9.67423687e-01
9.86959707e-01
1.18778999e+00
9.46324786e-01
1.00024420e+00
1.00024420e+00
1.24639805e+00
9.93992674e-01
9.80708181e-01
9.91648352e-01
1.18778999e+00
1.03072039e+00
1.00258852e+00
1.01118437e+00
1.19560440e+00
1.59023199e+00
1.30969475e+00
1.28468864e+00
1.21514042e+00
1.18310134e+00
9.90085470e-01
9.79145299e-01
1.19247863e+00
1.19326007e+00
9.73675214e-01
1.01743590e+00
1.19404151e+00
1.19091575e+00
1.03462759e+00
9.86959707e-01
1.18310134e+00
1.16043956e+00
9.83833944e-01
9.93992674e-01
1.17997558e+00
1.24561661e+00
9.95555556e-01
1.27452991e+00
1.41362637e+00
1.19169719e+00
9.90085470e-01
9.96336996e-01
9.77582418e-01
1.21748474e+00
1.01196581e+00
9.90085470e-01
1.00180708e+00
1.18075702e+00
9.76019536e-01
9.97899878e-01
1.00962149e+00
1.18857143e+00
1.01509158e+00
1.00102564e+00
9.91648352e-01
1.16825397e+00
1.03462759e+00
1.29406593e+00
1.29641026e+00
1.20888889e+00
9.82271062e-01
9.78363858e-01
9.92429792e-01
1.19169719e+00
9.80708181e-01
1.02603175e+00
1.04244200e+00
1.18544567e+00
9.83833944e-01
1.00493284e+00
9.76019536e-01
1.19873016e+00
9.93992674e-01
9.93211233e-01
9.97118437e-01
1.16590965e+00
1.00336996e+00
1.00024420e+00
1.29641026e+00
1.50192918e+00
9.83052503e-01
9.92429792e-01
9.83833944e-01
1.19560440e+00
9.99462759e-01
9.57264957e-01
9.86959707e-01
1.17919414e+00
1.05494505e+00
1.00571429e+00
9.80708181e-01
1.16434676e+00
1.01274725e+00
9.73675214e-01
1.00336996e+00
1.17841270e+00
1.01040293e+00
9.96336996e-01
1.29562882e+00
1.18544567e+00
1.02681319e+00
1.01821734e+00
9.90085470e-01
1.17841270e+00
9.96336996e-01
9.79926740e-01
9.84615385e-01
1.20263736e+00
9.98681319e-01
1.00258852e+00
1.01118437e+00
1.13074481e+00
1.02915751e+00
9.95555556e-01
9.90085470e-01
1.23233211e+00
1.17997558e+00
9.83052503e-01
9.79145299e-01
1.52380952e+00
1.55272283e+00
1.01821734e+00
9.91648352e-01
1.18231990e+00
1.14168498e+00
9.77582418e-01
9.47106227e-01
1.18310134e+00
1.16747253e+00
9.64297924e-01
9.40854701e-01
1.19951160e+00
1.18153846e+00
1.02603175e+00
1.01509158e+00
1.18544567e+00
1.19013431e+00
9.97118437e-01
9.85396825e-01
1.07213675e+00
1.48473748e+00
1.31750916e+00
9.72112332e-01
9.95555556e-01
1.18622711e+00
1.02993895e+00
9.71330891e-01
1.00493284e+00
1.16590965e+00
1.00024420e+00
1.00884005e+00
9.82271062e-01
1.19013431e+00
9.85396825e-01
1.01509158e+00
9.65860806e-01
1.20967033e+00
9.99462759e-01
1.04009768e+00
1.01040293e+00
1.47223443e+00
1.30422466e+00
1.00336996e+00
1.02993895e+00
1.19404151e+00
9.83052503e-01
9.63516484e-01
9.81489621e-01
1.17763126e+00
9.90085470e-01
1.00024420e+00
9.83052503e-01
1.16434676e+00
9.63516484e-01
9.79926740e-01
9.36166056e-01
1.15340659e+00
9.86959707e-01
1.04947497e+00
9.75238095e-01
1.17997558e+00
1.27921856e+00
1.27843712e+00
1.31125763e+00
1.13543346e+00
9.83052503e-01
9.90085470e-01
1.00024420e+00
1.17372405e+00
9.93992674e-01
1.02759463e+00
9.80708181e-01
1.19247863e+00
9.94774115e-01
9.66642247e-01
9.40073260e-01
1.16043956e+00
9.79145299e-01
9.65079365e-01
9.79145299e-01
1.20341880e+00
9.90085470e-01
1.00180708e+00
9.77582418e-01
1.54256410e+00
1.06510379e+00
9.79926740e-01
9.92429792e-01
1.18857143e+00
9.86959707e-01
9.92429792e-01
1.00962149e+00
1.18153846e+00
1.03619048e+00
1.00415140e+00
9.94774115e-01
1.23702076e+00
1.21748474e+00
9.83833944e-01
1.00884005e+00
1.22764347e+00
1.20420024e+00
1.00180708e+00
1.31203907e+00
1.54647131e+00
1.13387057e+00
1.00571429e+00
9.74456654e-01
1.19247863e+00
1.14949939e+00
9.68205128e-01
1.02759463e+00
1.15731380e+00
1.17450549e+00
9.94774115e-01
1.05103785e+00
1.12371184e+00
1.17216117e+00
1.05025641e+00
9.96336996e-01
1.03775336e+00
1.17372405e+00
1.00649573e+00
9.99462759e-01
1.29015873e+00
1.50349206e+00
1.00024420e+00
9.89304029e-01
9.86959707e-01
1.15965812e+00
1.00962149e+00
9.78363858e-01
9.96336996e-01
1.20967033e+00
9.97118437e-01
9.91648352e-01
9.79145299e-01
1.18778999e+00
9.92429792e-01
9.70549451e-01
9.65860806e-01
1.25655678e+00
9.89304029e-01
9.97899878e-01
1.31985348e+00
1.16278388e+00
9.69768010e-01
1.01196581e+00
1.01118437e+00
1.25030525e+00
9.68205128e-01
9.51013431e-01
9.89304029e-01
1.18857143e+00
1.02525031e+00
9.79926740e-01
9.90085470e-01
1.18466422e+00
9.90085470e-01
9.87741148e-01
9.83833944e-01
1.22686203e+00
1.00962149e+00
1.09245421e+00
9.70549451e-01
1.50739927e+00
1.34017094e+00
1.30344322e+00
1.00962149e+00
1.18622711e+00
9.97899878e-01
1.01118437e+00
9.79926740e-01
1.20029304e+00
1.02056166e+00
1.00336996e+00
1.00493284e+00
1.18700855e+00
1.02681319e+00
1.03072039e+00
1.02837607e+00
1.15653236e+00
1.00884005e+00
9.90085470e-01
9.87741148e-01
1.16981685e+00
9.85396825e-01
1.29641026e+00
1.31203907e+00
1.21826618e+00
1.06666667e+00
9.97118437e-01
9.89304029e-01
1.19091575e+00
1.19873016e+00
9.82271062e-01
9.61172161e-01
1.23311355e+00
1.17684982e+00
9.97118437e-01
9.91648352e-01
1.21514042e+00
1.17763126e+00
9.90866911e-01
9.70549451e-01
1.20967033e+00
1.48786325e+00
1.29953602e+00
1.31516484e+00
1.18153846e+00
1.17137973e+00
1.01274725e+00
9.68205128e-01
1.14793651e+00
1.15496947e+00
9.62735043e-01
9.56483516e-01
1.12449328e+00
1.17763126e+00
1.00180708e+00
1.01665446e+00
1.02759463e+00
1.19091575e+00
1.00024420e+00
9.83833944e-01
9.90085470e-01
1.21123321e+00
1.31125763e+00
1.34642247e+00
1.30969475e+00
1.21514042e+00
1.02134310e+00
9.90085470e-01
1.09167277e+00
1.25655678e+00
9.79926740e-01
9.58827839e-01
9.93992674e-01
1.18388278e+00
1.01665446e+00
1.00962149e+00
9.86959707e-01
1.17919414e+00
9.95555556e-01
1.01040293e+00
9.81489621e-01
1.18231990e+00
1.17763126e+00
9.86959707e-01
9.69768010e-01
1.52224664e+00
1.00024420e+00
1.00180708e+00
1.00024420e+00
1.19326007e+00
9.98681319e-01
1.01118437e+00
9.98681319e-01
1.17450549e+00
9.93992674e-01
9.95555556e-01
1.00649573e+00
1.18778999e+00
1.00493284e+00
9.79926740e-01
1.00884005e+00
1.17997558e+00
9.88522589e-01
1.36205128e+00
1.34876679e+00
1.51677656e+00
9.86178266e-01
9.83052503e-01
9.57264957e-01
1.20263736e+00
