7.11892552e-01
7.24395604e-01
1.01431013e+00
1.25655678e+00
7.54871795e-01
7.25177045e-01
7.17362637e-01
9.18974359e-01
7.02515263e-01
7.29865690e-01
7.27521368e-01
9.13504274e-01
7.29865690e-01
6.80634921e-01
7.03296703e-01
9.12722833e-01
7.32991453e-01
7.27521368e-01
7.09548230e-01
9.07252747e-01
1.16200244e+00
7.20488400e-01
1.00571429e+00
9.69768010e-01
8.93186813e-01
6.84542125e-01
7.34554335e-01
9.38510379e-01
8.97094017e-01
7.18144078e-01
7.35335775e-01
9.12722833e-01
9.09597070e-01
7.16581197e-01
7.18144078e-01
9.20537241e-01
8.93968254e-01
7.58778999e-01
7.04859585e-01
1.23623932e+00
1.22764347e+00
7.10329670e-01
7.40805861e-01
8.59584860e-01
9.29914530e-01
7.25177045e-01
6.68131868e-01
7.40805861e-01
9.40854701e-01
7.21269841e-01
7.15018315e-01
7.08766789e-01
9.35384615e-01
7.18925519e-01
7.36898657e-01
7.11892552e-01
9.32258852e-01
1.00180708e+00
1.06197802e+00
7.33772894e-01
9.08815629e-01
7.24395604e-01
6.93137973e-01
7.04859585e-01
9.24444444e-01
7.11892552e-01
7.29084249e-01
6.83760684e-01
9.26788767e-01
7.19706960e-01
7.18144078e-01
7.86129426e-01
9.24444444e-01
7.09548230e-01
7.32210012e-01
1.04634921e+00
9.01782662e-01
7.16581197e-01
7.29084249e-01
6.82979243e-01
9.24444444e-01
7.15799756e-01
7.11111111e-01
7.24395604e-01
9.03345543e-01
7.25958486e-01
7.32991453e-01
6.77509158e-01
9.40073260e-01
7.17362637e-01
7.47838828e-01
7.28302808e-01
9.51013431e-01
7.21269841e-01
1.05885226e+00
1.02290598e+00
9.27570208e-01
7.07985348e-01
7.34554335e-01
6.93137973e-01
9.37728938e-01
7.61904762e-01
7.68156288e-01
7.29865690e-01
9.34603175e-01
7.39242979e-01
7.16581197e-01
7.93943834e-01
9.15848596e-01
7.26739927e-01
7.18925519e-01
7.40024420e-01
1.21748474e+00
1.01899878e+00
7.36898657e-01
7.23614164e-01
9.26007326e-01
7.35335775e-01
7.55653236e-01
7.36117216e-01
9.26007326e-01
7.70500611e-01
6.99389499e-01
7.49401709e-01
9.54139194e-01
8.84590965e-01
6.97826618e-01
7.00170940e-01
9.18974359e-01
9.83833944e-01
1.01821734e+00
6.18119658e-01
9.48669109e-01
9.18974359e-01
7.15018315e-01
7.35335775e-01
9.20537241e-01
1.01509158e+00
7.16581197e-01
7.24395604e-01
9.02564103e-01
9.27570208e-01
6.97826618e-01
7.05641026e-01
8.63492063e-01
9.08815629e-01
7.24395604e-01
6.69694750e-01
7.65030525e-01
1.21826618e+00
7.42368742e-01
7.47838828e-01
7.07203907e-01
9.12722833e-01
7.29084249e-01
7.25958486e-01
7.20488400e-01
8.96312576e-01
7.22832723e-01
7.09548230e-01
7.12673993e-01
8.86935287e-01
7.27521368e-01
7.37680098e-01
7.32991453e-01
9.11941392e-01
1.01118437e+00
1.02759463e+00
7.34554335e-01
9.49450549e-01
7.02515263e-01
6.86105006e-01
7.07203907e-01
9.00219780e-01
7.04859585e-01
7.21269841e-01
6.96263736e-01
8.90842491e-01
7.04859585e-01
7.18144078e-01
7.20488400e-01
9.08034188e-01
7.11111111e-01
7.15018315e-01
1.05025641e+00
1.23780220e+00
6.97045177e-01
7.21269841e-01
7.15018315e-01
9.06471306e-01
7.18144078e-01
7.25958486e-01
7.27521368e-01
9.09597070e-01
7.50964591e-01
7.11892552e-01
6.78290598e-01
8.95531136e-01
6.92356532e-01
6.99389499e-01
7.24395604e-01
8.85372405e-01
9.97899878e-01
7.21269841e-01
1.04244200e+00
9.32258852e-01
7.51746032e-01
6.79853480e-01
7.11111111e-01
9.23663004e-01
6.88449328e-01
7.21269841e-01
6.90793651e-01
8.96312576e-01
6.91575092e-01
7.05641026e-01
7.35335775e-01
8.61929182e-01
7.10329670e-01
7.34554335e-01
7.09548230e-01
1.22608059e+00
1.01431013e+00
7.25177045e-01
7.15018315e-01
9.33040293e-01
8.58021978e-01
7.51746032e-01
7.51746032e-01
9.43980464e-01
9.16630037e-01
7.03296703e-01
7.04859585e-01
9.15067155e-01
8.93968254e-01
6.93137973e-01
7.20488400e-01
9.06471306e-01
8.96312576e-01
1.01040293e+00
1.00024420e+00
8.63492063e-01
8.93186813e-01
7.11892552e-01
7.07203907e-01
8.47863248e-01
8.94749695e-01
6.93919414e-01
6.95482295e-01
7.86129426e-01
9.17411477e-01
7.29865690e-01
7.15018315e-01
7.16581197e-01
9.20537241e-01
7.05641026e-01
7.03296703e-01
1.02525031e+00
9.34603175e-01
7.47838828e-01
7.00170940e-01
6.94700855e-01
8.83809524e-01
7.10329670e-01
7.28302808e-01
7.09548230e-01
9.04126984e-01
7.33772894e-01
7.18925519e-01
7.06422466e-01
9.13504274e-01
7.35335775e-01
7.19706960e-01
7.00952381e-01
9.06471306e-01
7.29084249e-01
1.01431013e+00
1.04244200e+00
9.22881563e-01
7.64249084e-01
7.20488400e-01
6.99389499e-01
9.08034188e-01
6.99389499e-01
7.07985348e-01
7.10329670e-01
8.79120879e-01
6.80634921e-01
7.11111111e-01
6.83760684e-01
9.36947497e-01
7.30647131e-01
6.99389499e-01
8.36923077e-01
1.29172161e+00
7.07985348e-01
7.50964591e-01
7.66593407e-01
9.11941392e-01
7.51746032e-01
7.11892552e-01
7.02515263e-01
9.14285714e-01
7.17362637e-01
7.39242979e-01
7.32991453e-01
9.38510379e-01
7.21269841e-01
7.12673993e-01
7.49401709e-01
9.34603175e-01
1.01509158e+00
1.03462759e+00
7.06422466e-01
8.98656899e-01
7.71282051e-01
7.65030525e-01
7.14236874e-01
9.44761905e-01
7.17362637e-01
7.15799756e-01
6.98608059e-01
9.18192918e-01
7.34554335e-01
8.00976801e-01
7.64249084e-01
9.25225885e-01
9.16630037e-01
7.02515263e-01
7.20488400e-01
9.11941392e-01
1.25811966e+00
7.23614164e-01
7.28302808e-01
9.42417582e-01
9.20537241e-01
7.16581197e-01
6.86105006e-01
9.15067155e-01
9.30695971e-01
7.28302808e-01
7.66593407e-01
9.15848596e-01
9.00219780e-01
7.28302808e-01
7.26739927e-01
8.86935287e-01
9.86959707e-01
1.02525031e+00
1.06354090e+00
8.74432234e-01
8.91623932e-01
7.48620269e-01
7.21269841e-01
7.36898657e-01
9.15848596e-01
6.96263736e-01
7.18925519e-01
7.09548230e-01
8.95531136e-01
7.46275946e-01
6.75164835e-01
6.68131868e-01
8.95531136e-01
6.94700855e-01
6.88449328e-01
9.79145299e-01
1.29094017e+00
7.04078144e-01
8.04884005e-01
7.25958486e-01
9.05689866e-01
7.36898657e-01
7.14236874e-01
7.03296703e-01
9.19755800e-01
6.82197802e-01
7.88473748e-01
7.57997558e-01
9.02564103e-01
7.04859585e-01
6.92356532e-01
7.33772894e-01
9.10378510e-01
1.02446886e+00
7.12673993e-01
7.36117216e-01
9.72893773e-01
7.19706960e-01
7.16581197e-01
7.21269841e-01
8.91623932e-01
7.37680098e-01
7.09548230e-01
7.55653236e-01
9.26007326e-01
7.06422466e-01
7.22832723e-01
7.11892552e-01
9.22100122e-01
7.32210012e-01
6.82197802e-01
1.00649573e+00
1.21748474e+00
7.53308913e-01
6.77509158e-01
6.83760684e-01
8.12698413e-01
7.02515263e-01
7.20488400e-01
7.43931624e-01
9.22881563e-01
7.49401709e-01
7.29084249e-01
7.40024420e-01
9.04126984e-01
7.23614164e-01
6.75946276e-01
7.27521368e-01
9.28351648e-01
9.86959707e-01
1.03228327e+00
7.49401709e-01
9.22100122e-01
7.27521368e-01
7.28302808e-01
6.99389499e-01
9.04908425e-01
7.57216117e-01
7.08766789e-01
7.08766789e-01
9.40854701e-01
9.33821734e-01
7.26739927e-01
6.68913309e-01
9.39291819e-01
8.83809524e-01
6.66568987e-01
1.01899878e+00
1.25655678e+00
8.83809524e-01
7.16581197e-01
7.35335775e-01
9.22881563e-01
8.97094017e-01
7.15799756e-01
7.36117216e-01
8.80683761e-01
9.15067155e-01
6.97826618e-01
7.65811966e-01
8.97875458e-01
9.15067155e-01
7.11111111e-01
7.28302808e-01
7.86129426e-01
9.16630037e-01
7.22051282e-01
1.04947497e+00
7.30647131e-01
8.92405372e-01
7.30647131e-01
7.14236874e-01
7.03296703e-01
9.52576313e-01
7.43931624e-01
7.04078144e-01
6.86886447e-01
9.26007326e-01
7.12673993e-01
7.18144078e-01
7.24395604e-01
9.15848596e-01
7.30647131e-01
7.11892552e-01
1.02212454e+00
1.25499389e+00
7.80659341e-01
7.25177045e-01
7.43931624e-01
9.16630037e-01
7.12673993e-01
7.29865690e-01
7.25958486e-01
9.28351648e-01
7.52527473e-01
7.14236874e-01
7.46275946e-01
9.12722833e-01
7.11111111e-01
7.18144078e-01
7.19706960e-01
9.38510379e-01
1.02446886e+00
1.02759463e+00
7.43150183e-01
9.14285714e-01
7.22051282e-01
6.98608059e-01
7.18144078e-01
8.79120879e-01
7.27521368e-01
7.22832723e-01
7.25958486e-01
9.11941392e-01
7.22051282e-01
7.11111111e-01
7.13455433e-01
9.26788767e-01
7.08766789e-01
7.40024420e-01
7.21269841e-01
9.27570208e-01
1.04087912e+00
7.66593407e-01
7.10329670e-01
8.98656899e-01
7.02515263e-01
7.21269841e-01
7.37680098e-01
9.18974359e-01
7.26739927e-01
7.15799756e-01
7.25177045e-01
9.15067155e-01
7.11892552e-01
7.22051282e-01
6.86886447e-01
9.04126984e-01
1.03619048e+00
1.02212454e+00
9.68205128e-01
9.11941392e-01
8.78339438e-01
6.98608059e-01
6.80634921e-01
9.31477411e-01
9.03345543e-01
6.96263736e-01
7.43931624e-01
9.08034188e-01
9.17411477e-01
7.19706960e-01
7.18925519e-01
8.96312576e-01
8.95531136e-01
7.18925519e-01
1.01118437e+00
1.22373626e+00
9.05689866e-01
6.99389499e-01
7.11892552e-01
9.05689866e-01
8.99438339e-01
7.02515263e-01
7.41587302e-01
8.27545788e-01
8.86153846e-01
7.15799756e-01
7.27521368e-01
7.53308913e-01
9.08034188e-01
7.39242979e-01
7.10329670e-01
6.97045177e-01
1.23155067e+00
1.02368742e+00
7.12673993e-01
7.33772894e-01
9.49450549e-01
6.93137973e-01
7.08766789e-01
7.09548230e-01
9.16630037e-01
6.99389499e-01
7.26739927e-01
7.13455433e-01
8.83028083e-01
6.86886447e-01
7.16581197e-01
7.19706960e-01
8.94749695e-01
7.15799756e-01
7.21269841e-01
1.03150183e+00
1.24639805e+00
7.18925519e-01
7.15018315e-01
7.26739927e-01
9.48669109e-01
7.43931624e-01
6.90012210e-01
6.89230769e-01
9.16630037e-01
7.01733822e-01
7.02515263e-01
7.00952381e-01
9.01001221e-01
7.05641026e-01
7.04859585e-01
7.18144078e-01
1.18935287e+00
1.04322344e+00
7.07203907e-01
7.47057387e-01
8.90842491e-01
7.14236874e-01
7.05641026e-01
7.27521368e-01
8.79120879e-01
7.39242979e-01
7.24395604e-01
7.11892552e-01
9.09597070e-01
7.74407814e-01
6.97826618e-01
7.11111111e-01
9.11941392e-01
7.45494505e-01
1.02993895e+00
1.01899878e+00
9.45543346e-01
7.14236874e-01
7.16581197e-01
7.51746032e-01
8.69743590e-01
7.21269841e-01
7.32991453e-01
7.37680098e-01
9.29133089e-01
7.93162393e-01
7.21269841e-01
6.99389499e-01
9.47887668e-01
7.33772894e-01
6.90012210e-01
7.05641026e-01
1.22529915e+00
9.11159951e-01
7.57216117e-01
7.49401709e-01
9.18192918e-01
8.96312576e-01
7.11892552e-01
7.00952381e-01
9.31477411e-01
8.97875458e-01
6.86105006e-01
7.07985348e-01
9.40073260e-01
8.61147741e-01
7.29865690e-01
7.97851038e-01
8.68180708e-01
9.00219780e-01
7.23614164e-01
1.01274725e+00
1.19873016e+00
9.37728938e-01
7.20488400e-01
6.75946276e-01
7.65030525e-01
8.54896215e-01
7.17362637e-01
7.35335775e-01
7.30647131e-01
9.23663004e-01
7.29865690e-01
7.25958486e-01
5.97802198e-01
9.02564103e-01
7.08766789e-01
7.64249084e-01
7.18144078e-01
1.22295482e+00
1.00962149e+00
7.14236874e-01
7.09548230e-01
9.15848596e-01
7.39242979e-01
7.43150183e-01
7.11892552e-01
9.68986569e-01
7.12673993e-01
7.08766789e-01
7.17362637e-01
9.17411477e-01
6.99389499e-01
7.40024420e-01
7.34554335e-01
9.25225885e-01
7.22832723e-01
1.01978022e+00
7.19706960e-01
9.06471306e-01
6.75946276e-01
7.06422466e-01
7.57997558e-01
9.09597070e-01
7.15799756e-01
7.26739927e-01
7.15799756e-01
9.37728938e-01
7.35335775e-01
7.80659341e-01
7.05641026e-01
8.98656899e-01
7.10329670e-01
7.25958486e-01
7.39242979e-01
8.93968254e-01
1.02212454e+00
5.80610501e-01
7.24395604e-01
9.36947497e-01
7.10329670e-01
7.06422466e-01
7.04859585e-01
9.04908425e-01
7.06422466e-01
7.02515263e-01
6.97826618e-01
8.98656899e-01
7.48620269e-01
7.65030525e-01
7.54871795e-01
9.15848596e-01
7.77533578e-01
1.01040293e+00
1.06666667e+00
7.18144078e-01
7.18925519e-01
7.61123321e-01
7.42368742e-01
9.51794872e-01
7.61904762e-01
6.82197802e-01
7.72844933e-01
9.40854701e-01
8.99438339e-01
7.37680098e-01
6.98608059e-01
9.76019536e-01
8.80683761e-01
6.90012210e-01
6.86886447e-01
1.20888889e+00
1.20498168e+00
6.99389499e-01
7.01733822e-01
9.26788767e-01
8.75213675e-01
7.28302808e-01
7.15799756e-01
9.36947497e-01
8.79902320e-01
7.11111111e-01
7.11892552e-01
8.65054945e-01
9.05689866e-01
6.67350427e-01
7.31428571e-01
8.09572650e-01
9.27570208e-01
9.96336996e-01
6.94700855e-01
1.02603175e+00
9.02564103e-01
7.04078144e-01
7.08766789e-01
6.59536020e-01
9.13504274e-01
7.75189255e-01
7.16581197e-01
6.79072039e-01
8.78339438e-01
7.22832723e-01
7.21269841e-01
7.18925519e-01
9.22100122e-01
7.49401709e-01
7.03296703e-01
6.92356532e-01
1.20810745e+00
1.01821734e+00
7.01733822e-01
7.15018315e-01
8.83028083e-01
7.20488400e-01
7.43150183e-01
7.04859585e-01
9.44761905e-01
7.23614164e-01
7.40805861e-01
7.58778999e-01
9.26788767e-01
7.27521368e-01
7.25177045e-01
7.32991453e-01
8.97875458e-01
7.39242979e-01
1.02212454e+00
1.02446886e+00
9.23663004e-01
7.36898657e-01
7.18925519e-01
7.45494505e-01
9.28351648e-01
7.14236874e-01
7.24395604e-01
7.37680098e-01
9.19755800e-01
7.40024420e-01
7.27521368e-01
6.76727717e-01
8.93186813e-01
7.07985348e-01
6.89230769e-01
6.93137973e-01
1.23233211e+00
7.59560440e-01
7.07203907e-01
7.00952381e-01
9.56483516e-01
7.38461538e-01
7.23614164e-01
7.15018315e-01
9.45543346e-01
6.97045177e-01
7.43150183e-01
7.18144078e-01
9.21318681e-01
7.09548230e-01
6.76727717e-01
7.00952381e-01
9.01001221e-01
7.24395604e-01
6.62661783e-01
1.02837607e+00
1.22998779e+00
9.00219780e-01
6.79072039e-01
7.17362637e-01
9.26007326e-01
9.12722833e-01
7.66593407e-01
7.11892552e-01
8.99438339e-01
9.27570208e-01
7.53308913e-01
7.44713065e-01
9.21318681e-01
9.19755800e-01
7.39242979e-01
7.23614164e-01
1.18075702e+00
1.23389499e+00
1.03619048e+00
7.17362637e-01
8.83028083e-01
9.20537241e-01
7.59560440e-01
7.40024420e-01
8.31452991e-01
9.33040293e-01
7.65030525e-01
7.46275946e-01
7.54871795e-01
8.78339438e-01
7.36117216e-01
6.95482295e-01
7.26739927e-01
9.05689866e-01
7.25958486e-01
1.02993895e+00
7.21269841e-01
9.14285714e-01
7.15018315e-01
7.11111111e-01
7.06422466e-01
8.92405372e-01
7.21269841e-01
7.17362637e-01
7.54871795e-01
9.16630037e-01
7.49401709e-01
7.88473748e-01
7.31428571e-01
9.69768010e-01
7.36898657e-01
7.31428571e-01
7.18925519e-01
9.27570208e-01
1.03619048e+00
7.15799756e-01
7.16581197e-01
9.26007326e-01
6.85323565e-01
7.32210012e-01
7.14236874e-01
9.18192918e-01
7.25177045e-01
7.11892552e-01
7.68156288e-01
9.15848596e-01
7.27521368e-01
7.23614164e-01
7.17362637e-01
8.65054945e-01
7.21269841e-01
1.02056166e+00
1.02446886e+00
9.38510379e-01
7.32991453e-01
7.32210012e-01
7.38461538e-01
9.24444444e-01
7.22051282e-01
7.09548230e-01
7.03296703e-01
9.39291819e-01
7.03296703e-01
7.22051282e-01
7.07203907e-01
9.28351648e-01
7.09548230e-01
7.32991453e-01
6.93137973e-01
1.24874237e+00
1.02681319e+00
7.40024420e-01
7.23614164e-01
9.27570208e-01
7.10329670e-01
7.10329670e-01
7.61123321e-01
8.90061050e-01
7.20488400e-01
7.21269841e-01
7.11111111e-01
9.43199023e-01
7.43150183e-01
6.89230769e-01
7.61123321e-01
9.18192918e-01
8.92405372e-01
1.02759463e+00
7.02515263e-01
1.04400488e+00
9.24444444e-01
7.22832723e-01
7.30647131e-01
9.22881563e-01
9.11941392e-01
7.30647131e-01
7.27521368e-01
9.15067155e-01
9.32258852e-01
7.09548230e-01
7.11892552e-01
8.96312576e-01
9.18974359e-01
7.38461538e-01
7.09548230e-01
1.17294261e+00
1.24249084e+00
1.02525031e+00
7.90818071e-01
7.41587302e-01
8.93186813e-01
7.40024420e-01
7.42368742e-01
7.28302808e-01
8.80683761e-01
7.29084249e-01
7.61904762e-01
7.35335775e-01
9.01782662e-01
6.69694750e-01
7.30647131e-01
7.19706960e-01
9.15067155e-01
1.01665446e+00
9.79145299e-01
7.18144078e-01
9.20537241e-01
7.21269841e-01
7.38461538e-01
7.36898657e-01
9.18974359e-01
7.10329670e-01
7.26739927e-01
7.15018315e-01
9.01001221e-01
7.34554335e-01
7.43150183e-01
7.18925519e-01
9.01782662e-01
7.46275946e-01
7.13455433e-01
1.06041514e+00
1.24014652e+00
7.42368742e-01
7.11111111e-01
6.73601954e-01
8.88498168e-01
7.01733822e-01
7.50183150e-01
7.42368742e-01
9.16630037e-01
7.18925519e-01
7.13455433e-01
7.21269841e-01
9.46324786e-01
7.19706960e-01
7.43931624e-01
7.43150183e-01
9.55702076e-01
7.15018315e-01
1.03853480e+00
1.06354090e+00
9.29133089e-01
7.08766789e-01
7.01733822e-01
7.22832723e-01
9.36947497e-01
7.16581197e-01
7.09548230e-01
6.97826618e-01
8.89279609e-01
6.83760684e-01
7.04859585e-01
7.04859585e-01
8.50989011e-01
7.37680098e-01
7.01733822e-01
7.20488400e-01
1.28156288e+00
1.04322344e+00
7.25177045e-01
7.09548230e-01
9.26007326e-01
7.36898657e-01
7.87692308e-01
7.13455433e-01
9.33040293e-01
9.11941392e-01
7.04078144e-01
7.17362637e-01
9.18192918e-01
8.83028083e-01
7.34554335e-01
7.36898657e-01
8.98656899e-01
1.20107448e+00
1.00649573e+00
6.75164835e-01
8.68962149e-01
8.99438339e-01
7.14236874e-01
7.10329670e-01
9.36166056e-01
8.86153846e-01
7.17362637e-01
6.99389499e-01
9.37728938e-01
9.33040293e-01
7.60341880e-01
7.29084249e-01
8.52551893e-01
9.21318681e-01
7.30647131e-01
1.05025641e+00
7.12673993e-01
9.14285714e-01
7.18925519e-01
7.18925519e-01
7.01733822e-01
9.55702076e-01
7.12673993e-01
7.28302808e-01
7.22051282e-01
9.20537241e-01
7.49401709e-01
7.29865690e-01
7.04078144e-01
9.19755800e-01
7.07203907e-01
6.93137973e-01
7.25177045e-01
9.58046398e-01
1.01040293e+00
1.01743590e+00
6.88449328e-01
9.04908425e-01
7.61904762e-01
7.17362637e-01
7.00952381e-01
9.09597070e-01
7.16581197e-01
7.85347985e-01
7.24395604e-01
8.99438339e-01
7.01733822e-01
7.20488400e-01
6.81416361e-01
9.15067155e-01
7.26739927e-01
9.98681319e-01
1.02681319e+00
9.81489621e-01
7.56434676e-01
7.18144078e-01
7.47838828e-01
9.21318681e-01
7.22051282e-01
7.24395604e-01
7.33772894e-01
9.20537241e-01
7.19706960e-01
7.36117216e-01
7.22832723e-01
9.33040293e-01
7.57216117e-01
7.22832723e-01
7.61123321e-01
1.26827839e+00
1.01821734e+00
7.51746032e-01
7.22051282e-01
9.13504274e-01
7.04859585e-01
6.99389499e-01
7.53308913e-01
9.17411477e-01
7.15018315e-01
7.18144078e-01
7.11892552e-01
8.75213675e-01
7.18144078e-01
7.08766789e-01
7.37680098e-01
9.19755800e-01
7.55653236e-01
7.07985348e-01
7.36898657e-01
1.22529915e+00
7.41587302e-01
7.26739927e-01
7.09548230e-01
9.23663004e-01
8.99438339e-01
7.40805861e-01
6.93137973e-01
8.97875458e-01
8.93968254e-01
7.21269841e-01
6.61880342e-01
9.05689866e-01
8.91623932e-01
7.07985348e-01
7.08766789e-01
1.24327228e+00
1.19326007e+00
1.02056166e+00
7.31428571e-01
8.98656899e-01
9.61172161e-01
6.99389499e-01
7.15018315e-01
8.42393162e-01
8.74432234e-01
7.19706960e-01
6.64224664e-01
7.43931624e-01
8.75213675e-01
6.80634921e-01
7.11111111e-01
6.89230769e-01
8.91623932e-01
9.98681319e-01
9.90866911e-01
8.87716728e-01
8.89279609e-01
7.19706960e-01
7.11892552e-01
7.22051282e-01
9.04908425e-01
7.86129426e-01
7.15018315e-01
7.14236874e-01
8.86153846e-01
6.80634921e-01
6.97045177e-01
6.82197802e-01
8.85372405e-01
7.05641026e-01
6.63443223e-01
9.92429792e-01
1.22998779e+00
7.43150183e-01
7.22051282e-01
7.30647131e-01
9.05689866e-01
7.07203907e-01
7.15018315e-01
7.99413919e-01
9.43980464e-01
7.43931624e-01
7.29084249e-01
7.63467643e-01
9.25225885e-01
7.52527473e-01
7.22832723e-01
7.66593407e-01
9.29914530e-01
7.41587302e-01
1.01509158e+00
1.12371184e+00
9.11941392e-01
7.62686203e-01
7.20488400e-01
7.18144078e-01
9.56483516e-01
7.52527473e-01
7.29084249e-01
6.90793651e-01
9.11941392e-01
7.15018315e-01
7.18144078e-01
7.05641026e-01
9.43199023e-01
7.46275946e-01
7.09548230e-01
7.21269841e-01
1.21435897e+00
1.00180708e+00
7.42368742e-01
7.00952381e-01
9.39291819e-01
7.43150183e-01
7.12673993e-01
7.32991453e-01
9.32258852e-01
7.11892552e-01
7.00170940e-01
7.02515263e-01
9.08815629e-01
7.47057387e-01
7.18925519e-01
6.98608059e-01
8.97094017e-01
1.24170940e+00
1.00336996e+00
6.83760684e-01
9.39291819e-01
9.02564103e-01
7.13455433e-01
7.36117216e-01
9.36166056e-01
9.77582418e-01
7.08766789e-01
7.12673993e-01
9.38510379e-01
9.29914530e-01
7.30647131e-01
7.97069597e-01
9.33040293e-01
9.54920635e-01
7.57997558e-01
1.05807082e+00
9.04126984e-01
8.90842491e-01
6.98608059e-01
7.15018315e-01
8.48644689e-01
9.11941392e-01
7.14236874e-01
7.36898657e-01
7.21269841e-01
9.11159951e-01
6.93137973e-01
7.19706960e-01
7.68156288e-01
9.08815629e-01
7.09548230e-01
7.22051282e-01
7.15018315e-01
9.18974359e-01
1.04947497e+00
1.01040293e+00
7.16581197e-01
9.18192918e-01
6.96263736e-01
7.24395604e-01
7.40805861e-01
9.05689866e-01
7.32991453e-01
7.58778999e-01
7.54871795e-01
9.25225885e-01
7.40024420e-01
7.33772894e-01
7.03296703e-01
9.05689866e-01
7.06422466e-01
6.74383394e-01
1.04087912e+00
1.23467643e+00
7.28302808e-01
7.06422466e-01
7.07203907e-01
9.12722833e-01
7.23614164e-01
7.15799756e-01
7.65030525e-01
9.02564103e-01
7.22832723e-01
7.27521368e-01
7.18144078e-01
9.16630037e-01
7.54090354e-01
7.15799756e-01
7.00170940e-01
1.21123321e+00
1.00884005e+00
7.24395604e-01
7.14236874e-01
9.36947497e-01
7.36898657e-01
7.47838828e-01
6.84542125e-01
9.00219780e-01
7.16581197e-01
6.99389499e-01
6.99389499e-01
9.18192918e-01
6.97045177e-01
6.77509158e-01
7.16581197e-01
8.76776557e-01
7.57997558e-01
7.35335775e-01
7.13455433e-01
1.24170940e+00
6.47814408e-01
7.35335775e-01
7.18144078e-01
9.30695971e-01
7.15018315e-01
7.26739927e-01
6.79072039e-01
9.18192918e-01
7.46275946e-01
7.25177045e-01
7.03296703e-01
9.74456654e-01
9.40854701e-01
7.30647131e-01
7.18925519e-01
9.05689866e-01
1.22842491e+00
1.00727717e+00
7.27521368e-01
9.29133089e-01
9.09597070e-01
7.36898657e-01
7.00952381e-01
8.83028083e-01
9.08034188e-01
6.82979243e-01
7.15018315e-01
9.00219780e-01
9.74456654e-01
7.17362637e-01
7.40805861e-01
8.75995116e-01
9.15067155e-01
7.42368742e-01
1.03931624e+00
1.08229548e+00
9.32258852e-01
7.18925519e-01
7.31428571e-01
7.20488400e-01
9.03345543e-01
7.30647131e-01
7.11892552e-01
7.17362637e-01
9.45543346e-01
7.15799756e-01
6.57191697e-01
7.01733822e-01
9.25225885e-01
7.25177045e-01
7.25177045e-01
7.57216117e-01
1.22686203e+00
7.18144078e-01
1.02134310e+00
7.11111111e-01
8.93186813e-01
7.08766789e-01
7.43150183e-01
6.99389499e-01
8.99438339e-01
7.22051282e-01
7.24395604e-01
7.16581197e-01
9.19755800e-01
7.72063492e-01
6.70476190e-01
7.15018315e-01
9.21318681e-01
7.27521368e-01
7.20488400e-01
1.04087912e+00
1.25108669e+00
7.74407814e-01
6.88449328e-01
7.47057387e-01
9.49450549e-01
7.21269841e-01
7.07985348e-01
7.10329670e-01
9.40854701e-01
7.10329670e-01
7.43931624e-01
7.41587302e-01
9.18192918e-01
6.59536020e-01
7.13455433e-01
6.97045177e-01
9.26788767e-01
9.94774115e-01
1.04556777e+00
7.22051282e-01
9.11159951e-01
7.05641026e-01
7.11892552e-01
7.08766789e-01
9.22100122e-01
6.96263736e-01
7.11892552e-01
7.36898657e-01
9.08815629e-01
7.12673993e-01
7.11892552e-01
7.03296703e-01
9.45543346e-01
7.27521368e-01
6.68913309e-01
1.02368742e+00
9.15848596e-01
7.60341880e-01
7.18144078e-01
7.25177045e-01
9.11159951e-01
9.46324786e-01
7.20488400e-01
7.18925519e-01
9.04908425e-01
9.06471306e-01
7.14236874e-01
7.18925519e-01
9.22881563e-01
9.09597070e-01
7.25177045e-01
6.95482295e-01
9.49450549e-01
1.26202686e+00
1.03306471e+00
7.29865690e-01
9.21318681e-01
9.10378510e-01
7.18144078e-01
7.61123321e-01
8.79120879e-01
8.77557998e-01
7.25958486e-01
6.98608059e-01
8.15042735e-01
9.12722833e-01
7.59560440e-01
6.96263736e-01
7.22051282e-01
8.94749695e-01
7.15799756e-01
1.02525031e+00
1.03072039e+00
8.83809524e-01
7.09548230e-01
7.16581197e-01
7.36117216e-01
9.16630037e-01
7.01733822e-01
7.53308913e-01
7.07985348e-01
9.19755800e-01
7.19706960e-01
7.21269841e-01
7.15018315e-01
9.26788767e-01
6.66568987e-01
7.59560440e-01
1.02290598e+00
1.22061050e+00
7.08766789e-01
7.12673993e-01
7.20488400e-01
9.34603175e-01
7.35335775e-01
7.07203907e-01
7.34554335e-01
9.01001221e-01
6.89230769e-01
7.35335775e-01
7.20488400e-01
9.31477411e-01
7.20488400e-01
7.67374847e-01
7.21269841e-01
9.15067155e-01
1.01899878e+00
7.38461538e-01
7.05641026e-01
9.37728938e-01
7.25177045e-01
7.12673993e-01
7.46275946e-01
8.68180708e-01
7.50183150e-01
7.16581197e-01
7.02515263e-01
9.11159951e-01
6.78290598e-01
7.83003663e-01
7.22832723e-01
9.01001221e-01
7.39242979e-01
7.48620269e-01
7.29865690e-01
1.23936508e+00
1.04322344e+00
7.08766789e-01
7.23614164e-01
8.93186813e-01
7.04078144e-01
6.93137973e-01
7.13455433e-01
9.01001221e-01
6.90793651e-01
7.11892552e-01
7.57216117e-01
9.26007326e-01
7.61904762e-01
7.66593407e-01
7.15018315e-01
9.11941392e-01
7.72844933e-01
1.01196581e+00
7.82222222e-01
9.22100122e-01
9.08034188e-01
7.36117216e-01
7.17362637e-01
9.33040293e-01
9.02564103e-01
7.50964591e-01
6.98608059e-01
9.11941392e-01
9.47106227e-01
7.09548230e-01
7.11111111e-01
8.98656899e-01
8.56459096e-01
7.65030525e-01
1.02603175e+00
1.23467643e+00
9.28351648e-01
7.32210012e-01
7.31428571e-01
9.01001221e-01
9.08815629e-01
7.16581197e-01
7.15018315e-01
8.58803419e-01
9.08815629e-01
6.96263736e-01
7.77533578e-01
7.45494505e-01
9.18974359e-01
7.17362637e-01
7.02515263e-01
7.27521368e-01
9.24444444e-01
7.18144078e-01
1.01196581e+00
7.51746032e-01
9.04908425e-01
7.06422466e-01
6.96263736e-01
7.22832723e-01
9.24444444e-01
6.86886447e-01
7.48620269e-01
7.43150183e-01
9.14285714e-01
7.54871795e-01
6.99389499e-01
7.03296703e-01
9.22881563e-01
7.29084249e-01
1.06275946e+00
1.00102564e+00
1.24170940e+00
7.61904762e-01
7.21269841e-01
7.40024420e-01
9.59609280e-01
7.24395604e-01
7.26739927e-01
7.40024420e-01
9.00219780e-01
7.62686203e-01
7.41587302e-01
7.27521368e-01
9.17411477e-01
7.16581197e-01
7.27521368e-01
7.23614164e-01
1.26515263e+00
1.02837607e+00
7.36117216e-01
7.17362637e-01
9.11941392e-01
6.72039072e-01
7.24395604e-01
7.44713065e-01
9.15067155e-01
7.12673993e-01
7.15018315e-01
7.10329670e-01
9.26007326e-01
7.17362637e-01
7.09548230e-01
7.49401709e-01
9.13504274e-01
7.33772894e-01
1.04791209e+00
1.03228327e+00
8.62710623e-01
7.31428571e-01
7.42368742e-01
6.83760684e-01
9.17411477e-01
7.30647131e-01
7.20488400e-01
7.11111111e-01
9.86178266e-01
7.38461538e-01
7.32991453e-01
7.28302808e-01
9.08815629e-01
9.11159951e-01
7.12673993e-01
7.37680098e-01
9.08034188e-01
1.22373626e+00
1.05260073e+00
7.12673993e-01
9.31477411e-01
9.16630037e-01
7.11892552e-01
7.22832723e-01
9.33040293e-01
9.06471306e-01
7.14236874e-01
7.43150183e-01
9.17411477e-01
9.09597070e-01
7.14236874e-01
7.54871795e-01
9.17411477e-01
9.22881563e-01
7.32991453e-01
1.03072039e+00
1.15887668e+00
9.34603175e-01
7.11111111e-01
7.43150183e-01
7.43150183e-01
9.02564103e-01
7.26739927e-01
7.23614164e-01
7.11892552e-01
9.35384615e-01
7.22832723e-01
7.32991453e-01
7.52527473e-01
9.06471306e-01
7.01733822e-01
7.39242979e-01
7.32991453e-01
1.23076923e+00
1.02446886e+00
7.11111111e-01
6.99389499e-01
8.56459096e-01
7.79877900e-01
7.01733822e-01
7.18925519e-01
8.83809524e-01
6.95482295e-01
6.85323565e-01
7.15018315e-01
8.93968254e-01
7.18144078e-01
7.29865690e-01
7.20488400e-01
9.47887668e-01
7.07203907e-01
6.90012210e-01
7.18144078e-01
1.27843712e+00
7.11111111e-01
7.14236874e-01
7.06422466e-01
8.86153846e-01
6.97045177e-01
6.98608059e-01
6.96263736e-01
9.12722833e-01
6.79072039e-01
7.36898657e-01
6.90793651e-01
8.77557998e-01
6.92356532e-01
7.53308913e-01
8.15042735e-01
8.97094017e-01
1.01899878e+00
1.02759463e+00
7.58778999e-01
9.29133089e-01
7.21269841e-01
6.72039072e-01
7.12673993e-01
8.81465201e-01
7.11892552e-01
6.93919414e-01
6.93137973e-01
9.02564103e-01
6.74383394e-01
7.19706960e-01
7.29865690e-01
8.99438339e-01
7.50183150e-01
1.04869353e+00
1.03619048e+00
1.25811966e+00
7.42368742e-01
7.35335775e-01
7.27521368e-01
9.60390720e-01
8.27545788e-01
7.55653236e-01
7.18144078e-01
9.02564103e-01
9.07252747e-01
7.27521368e-01
7.58778999e-01
9.33821734e-01
9.11159951e-01
7.27521368e-01
7.14236874e-01
9.89304029e-01
8.97094017e-01
7.23614164e-01
7.15018315e-01
9.15067155e-01
9.46324786e-01
7.36117216e-01
7.42368742e-01
8.86153846e-01
9.08815629e-01
7.33772894e-01
7.14236874e-01
8.36141636e-01
9.11941392e-01
7.15799756e-01
7.12673993e-01
7.67374847e-01
8.83809524e-01
7.32991453e-01
1.01587302e+00
1.03150183e+00
9.20537241e-01
7.16581197e-01
7.50183150e-01
7.12673993e-01
9.20537241e-01
7.24395604e-01
7.22051282e-01
7.36898657e-01
8.97094017e-01
7.07985348e-01
7.43150183e-01
7.15018315e-01
9.43980464e-01
7.22051282e-01
7.81440781e-01
7.16581197e-01
1.23076923e+00
1.02525031e+00
7.16581197e-01
7.40024420e-01
9.14285714e-01
6.86886447e-01
7.42368742e-01
7.18925519e-01
9.17411477e-01
7.28302808e-01
7.38461538e-01
7.04078144e-01
9.14285714e-01
7.33772894e-01
7.41587302e-01
7.40024420e-01
8.81465201e-01
6.86886447e-01
1.06744811e+00
1.04087912e+00
9.01782662e-01
6.89230769e-01
7.14236874e-01
7.11892552e-01
9.05689866e-01
7.27521368e-01
7.40805861e-01
7.22051282e-01
9.26788767e-01
7.61904762e-01
7.68156288e-01
7.40805861e-01
9.70549451e-01
7.43931624e-01
7.58778999e-01
7.21269841e-01
9.03345543e-01
1.01665446e+00
1.06275946e+00
7.28302808e-01
9.06471306e-01
7.13455433e-01
7.19706960e-01
7.27521368e-01
9.18192918e-01
7.34554335e-01
7.11111111e-01
7.28302808e-01
9.05689866e-01
7.20488400e-01
7.25958486e-01
7.24395604e-01
9.20537241e-01
7.99413919e-01
7.36898657e-01
1.04713065e+00
1.26202686e+00
9.08034188e-01
7.31428571e-01
7.23614164e-01
9.01782662e-01
8.71306471e-01
7.04078144e-01
7.25177045e-01
8.90061050e-01
9.18192918e-01
6.60317460e-01
7.20488400e-01
9.29133089e-01
9.08034188e-01
6.90793651e-01
7.11892552e-01
9.08034188e-01
1.24952381e+00
1.03697192e+00
7.36117216e-01
8.61147741e-01
8.79902320e-01
7.65030525e-01
7.07985348e-01
7.46275946e-01
9.40073260e-01
7.07203907e-01
7.14236874e-01
7.51746032e-01
9.00219780e-01
7.24395604e-01
7.45494505e-01
7.18144078e-01
9.12722833e-01
6.70476190e-01
6.81416361e-01
7.35335775e-01
1.34954823e+00
7.40024420e-01
6.87667888e-01
7.38461538e-01
9.18192918e-01
7.05641026e-01
7.34554335e-01
7.46275946e-01
9.14285714e-01
7.18925519e-01
7.10329670e-01
7.40805861e-01
9.19755800e-01
7.94725275e-01
7.21269841e-01
7.22051282e-01
9.15848596e-01
1.00493284e+00
1.01899878e+00
7.20488400e-01
9.27570208e-01
7.23614164e-01
7.01733822e-01
7.34554335e-01
9.08034188e-01
7.43150183e-01
7.05641026e-01
7.07985348e-01
9.00219780e-01
7.06422466e-01
7.16581197e-01
7.21269841e-01
9.03345543e-01
6.77509158e-01
7.21269841e-01
9.91648352e-01
1.24014652e+00
7.36898657e-01
7.20488400e-01
7.40805861e-01
9.29914530e-01
7.55653236e-01
7.11892552e-01
7.12673993e-01
9.11159951e-01
7.00170940e-01
6.89230769e-01
6.87667888e-01
9.01782662e-01
7.04859585e-01
6.79853480e-01
7.26739927e-01
9.02564103e-01
6.91575092e-01
6.86105006e-01
1.00180708e+00
9.05689866e-01
6.90793651e-01
7.18144078e-01
7.04859585e-01
9.14285714e-01
7.43150183e-01
7.40805861e-01
7.40024420e-01
9.02564103e-01
9.74456654e-01
7.84566545e-01
7.35335775e-01
9.29133089e-01
8.80683761e-01
7.28302808e-01
7.22051282e-01
1.24952381e+00
1.22139194e+00
7.24395604e-01
7.13455433e-01
9.44761905e-01
9.31477411e-01
7.31428571e-01
7.10329670e-01
9.39291819e-01
8.80683761e-01
6.76727717e-01
7.14236874e-01
8.75213675e-01
8.96312576e-01
6.72820513e-01
7.10329670e-01
8.06446886e-01
8.96312576e-01
1.04322344e+00
1.00649573e+00
7.61123321e-01
9.11159951e-01
7.18144078e-01
6.82979243e-01
7.18925519e-01
9.04908425e-01
7.15799756e-01
7.32210012e-01
7.10329670e-01
9.15067155e-01
7.36898657e-01
7.09548230e-01
7.25958486e-01
8.89279609e-01
7.11111111e-01
7.11892552e-01
1.02368742e+00
9.28351648e-01
7.27521368e-01
7.17362637e-01
6.97045177e-01
9.22100122e-01
7.37680098e-01
7.57997558e-01
7.45494505e-01
9.11941392e-01
7.25177045e-01
7.57997558e-01
6.61098901e-01
8.97094017e-01
7.37680098e-01
7.10329670e-01
7.16581197e-01
9.04908425e-01
1.03228327e+00
1.03306471e+00
8.97094017e-01
9.38510379e-01
7.07203907e-01
6.90793651e-01
6.90793651e-01
8.84590965e-01
7.13455433e-01
7.63467643e-01
6.97045177e-01
9.09597070e-01
7.20488400e-01
7.08766789e-01
7.03296703e-01
9.52576313e-01
7.49401709e-01
7.36117216e-01
1.05025641e+00
1.28312576e+00
7.65030525e-01
7.22832723e-01
7.41587302e-01
9.32258852e-01
7.54090354e-01
7.58778999e-01
7.11892552e-01
9.36947497e-01
7.25177045e-01
7.49401709e-01
6.78290598e-01
9.12722833e-01
7.04859585e-01
6.97045177e-01
6.98608059e-01
9.24444444e-01
1.02446886e+00
1.06744811e+00
7.36898657e-01
9.01782662e-01
9.22100122e-01
7.25177045e-01
7.17362637e-01
9.18192918e-01
9.12722833e-01
7.22051282e-01
7.17362637e-01
9.30695971e-01
9.05689866e-01
7.43150183e-01
6.82979243e-01
9.20537241e-01
8.96312576e-01
7.15018315e-01
7.05641026e-01
8.71306471e-01
1.21201465e+00
8.01758242e-01
7.03296703e-01
8.35360195e-01
9.13504274e-01
6.96263736e-01
6.90012210e-01
8.52551893e-01
9.04126984e-01
7.43150183e-01
7.25958486e-01
7.49401709e-01
9.16630037e-01
7.00952381e-01
7.11892552e-01
7.18925519e-01
1.22608059e+00
1.04400488e+00
1.01821734e+00
7.22051282e-01
9.01782662e-01
7.17362637e-01
6.99389499e-01
6.41562882e-01
9.15848596e-01
6.99389499e-01
6.97826618e-01
6.92356532e-01
8.84590965e-01
6.97045177e-01
7.32991453e-01
6.98608059e-01
9.00219780e-01
7.10329670e-01
1.01196581e+00
1.03072039e+00
8.33015873e-01
7.49401709e-01
7.05641026e-01
7.14236874e-01
9.11159951e-01
7.08766789e-01
7.22051282e-01
7.11892552e-01
8.93968254e-01
7.20488400e-01
7.28302808e-01
7.15018315e-01
8.84590965e-01
7.02515263e-01
7.45494505e-01
7.18925519e-01
1.24014652e+00
7.25177045e-01
7.74407814e-01
7.40805861e-01
9.07252747e-01
7.11892552e-01
7.07985348e-01
7.33772894e-01
9.27570208e-01
7.18144078e-01
7.07985348e-01
7.05641026e-01
8.89279609e-01
7.00170940e-01
6.97826618e-01
6.92356532e-01
9.11941392e-01
8.00195360e-01
7.21269841e-01
9.94774115e-01
1.22764347e+00
6.90793651e-01
7.48620269e-01
7.30647131e-01
9.11159951e-01
7.29084249e-01
7.50183150e-01
7.36117216e-01
9.16630037e-01
7.02515263e-01
7.02515263e-01
7.07985348e-01
9.18974359e-01
7.68156288e-01
7.14236874e-01
7.03296703e-01
9.33040293e-01
1.21435897e+00
1.04400488e+00
7.74407814e-01
9.11941392e-01
9.08815629e-01
6.96263736e-01
7.21269841e-01
9.23663004e-01
9.07252747e-01
7.05641026e-01
6.79853480e-01
9.22100122e-01
9.30695971e-01
6.86886447e-01
7.11892552e-01
9.11941392e-01
8.84590965e-01
9.80708181e-01
1.02446886e+00
1.06588523e+00
9.04126984e-01
6.96263736e-01
7.87692308e-01
7.74407814e-01
9.26007326e-01
7.44713065e-01
7.24395604e-01
7.01733822e-01
9.03345543e-01
6.94700855e-01
6.92356532e-01
7.14236874e-01
9.34603175e-01
7.24395604e-01
7.07985348e-01
1.06588523e+00
8.99438339e-01
1.00258852e+00
7.20488400e-01
6.66568987e-01
8.18949939e-01
6.95482295e-01
7.00952381e-01
6.79853480e-01
9.01782662e-01
6.99389499e-01
7.18144078e-01
8.15042735e-01
9.08815629e-01
7.31428571e-01
7.29865690e-01
7.00952381e-01
9.29914530e-01
7.25958486e-01
1.04400488e+00
1.04400488e+00
9.11159951e-01
7.22832723e-01
7.08766789e-01
7.70500611e-01
9.01782662e-01
7.17362637e-01
7.09548230e-01
7.49401709e-01
9.27570208e-01
7.28302808e-01
7.21269841e-01
6.50940171e-01
9.58046398e-01
6.99389499e-01
7.36898657e-01
7.04078144e-01
1.19638584e+00
1.00336996e+00
6.93919414e-01
6.61880342e-01
9.15848596e-01
7.72844933e-01
7.14236874e-01
7.13455433e-01
9.27570208e-01
7.18925519e-01
7.15018315e-01
7.22051282e-01
9.33040293e-01
7.82222222e-01
7.23614164e-01
7.00170940e-01
9.22100122e-01
6.86886447e-01
1.03228327e+00
7.07203907e-01
9.13504274e-01
6.57191697e-01
7.06422466e-01
7.44713065e-01
9.15848596e-01
7.36117216e-01
7.36898657e-01
7.55653236e-01
9.31477411e-01
9.30695971e-01
7.19706960e-01
7.42368742e-01
8.98656899e-01
8.71306471e-01
7.22051282e-01
7.72063492e-01
1.22139194e+00
1.21201465e+00
9.43980464e-01
6.48595849e-01
8.93186813e-01
9.14285714e-01
6.92356532e-01
6.74383394e-01
9.14285714e-01
9.11159951e-01
6.80634921e-01
7.55653236e-01
9.01782662e-01
9.15067155e-01
6.97045177e-01
7.40024420e-01
8.40048840e-01
9.90085470e-01
1.06822955e+00
1.01821734e+00
7.16581197e-01
9.48669109e-01
7.21269841e-01
6.99389499e-01
6.87667888e-01
8.86153846e-01
7.04078144e-01
7.09548230e-01
6.90012210e-01
9.33821734e-01
6.91575092e-01
6.99389499e-01
7.25177045e-01
9.32258852e-01
7.93943834e-01
7.14236874e-01
1.05181929e+00
1.26437118e+00
7.21269841e-01
7.39242979e-01
7.20488400e-01
9.05689866e-01
7.42368742e-01
7.15018315e-01
7.11892552e-01
9.14285714e-01
7.65030525e-01
6.96263736e-01
7.18144078e-01
9.02564103e-01
6.96263736e-01
6.54847375e-01
7.16581197e-01
9.18974359e-01
7.15018315e-01
7.32210012e-01
1.05963370e+00
9.11159951e-01
7.27521368e-01
7.12673993e-01
7.20488400e-01
9.12722833e-01
6.95482295e-01
7.09548230e-01
7.39242979e-01
9.08815629e-01
7.36117216e-01
7.02515263e-01
7.14236874e-01
8.93186813e-01
7.65030525e-01
7.16581197e-01
7.36898657e-01
1.24092796e+00
1.03306471e+00
7.46275946e-01
7.02515263e-01
9.47106227e-01
7.01733822e-01
7.00952381e-01
6.86886447e-01
9.05689866e-01
7.11892552e-01
7.05641026e-01
6.93137973e-01
8.46300366e-01
7.43931624e-01
7.48620269e-01
7.12673993e-01
9.58046398e-01
7.12673993e-01
1.02368742e+00
1.06275946e+00
9.36947497e-01
7.43150183e-01
6.90793651e-01
7.11892552e-01
9.51794872e-01
9.04126984e-01
7.14236874e-01
6.75164835e-01
9.50231990e-01
9.49450549e-01
7.13455433e-01
7.18925519e-01
9.26788767e-01
9.10378510e-01
7.14236874e-01
1.04556777e+00
1.24327228e+00
8.87716728e-01
7.32210012e-01
