1.65352869e+00
1.66212454e+00
1.46051282e+00
1.58007326e+00
1.37768010e+00
1.39956044e+00
1.37064713e+00
1.54725275e+00
1.36205128e+00
1.46207570e+00
1.36048840e+00
1.55584860e+00
1.38080586e+00
1.37611722e+00
1.36283272e+00
1.56600733e+00
1.36361416e+00
1.35579976e+00
1.36517705e+00
1.53396825e+00
1.39721612e+00
1.36986569e+00
1.64962149e+00
1.86608059e+00
1.40659341e+00
1.35111111e+00
1.36439560e+00
1.55975580e+00
1.39877900e+00
1.42847375e+00
1.34251526e+00
1.56210012e+00
1.36517705e+00
1.36205128e+00
1.35814408e+00
1.54959707e+00
1.41675214e+00
1.38236874e+00
1.37455433e+00
1.61445665e+00
1.54256410e+00
1.36517705e+00
1.40268620e+00
1.81841270e+00
1.54256410e+00
1.34642247e+00
1.36752137e+00
1.59492063e+00
1.55975580e+00
1.39018315e+00
1.36517705e+00
1.54647131e+00
1.53396825e+00
1.36595849e+00
1.37768010e+00
1.52224664e+00
1.55272283e+00
1.38471306e+00
1.33860806e+00
1.47848596e+00
1.54803419e+00
1.37142857e+00
1.37689866e+00
1.37455433e+00
1.86295482e+00
1.66681319e+00
1.65509158e+00
1.35189255e+00
1.54881563e+00
1.41284493e+00
1.35189255e+00
1.36517705e+00
1.54803419e+00
1.37533578e+00
1.36361416e+00
1.37611722e+00
1.56444444e+00
1.36048840e+00
1.36517705e+00
1.34095238e+00
1.53943834e+00
1.37142857e+00
1.37142857e+00
1.37299145e+00
1.56444444e+00
1.68009768e+00
1.65821734e+00
1.67775336e+00
1.56522589e+00
1.37221001e+00
1.35892552e+00
1.36048840e+00
1.54725275e+00
1.37846154e+00
1.36752137e+00
1.39174603e+00
1.55584860e+00
1.36830281e+00
1.35658120e+00
1.36205128e+00
1.55428571e+00
1.37142857e+00
1.35658120e+00
1.36048840e+00
1.58945055e+00
1.33782662e+00
1.65274725e+00
1.66915751e+00
1.55272283e+00
1.38080586e+00
1.37455433e+00
1.35892552e+00
1.57304029e+00
1.35267399e+00
1.34017094e+00
1.38158730e+00
1.55897436e+00
1.37064713e+00
1.37221001e+00
1.36830281e+00
1.53631258e+00
1.36986569e+00
1.35970696e+00
1.38080586e+00
1.53240537e+00
1.36752137e+00
1.36517705e+00
1.68400488e+00
1.86139194e+00
1.66368742e+00
1.44722833e+00
1.36908425e+00
1.56913309e+00
1.38940171e+00
1.34642247e+00
1.38705739e+00
1.55115995e+00
1.42691087e+00
1.37142857e+00
1.35736264e+00
1.59257631e+00
1.53084249e+00
1.37377289e+00
1.38080586e+00
1.58866911e+00
1.53631258e+00
1.38080586e+00
1.34876679e+00
1.54568987e+00
1.84888889e+00
1.69963370e+00
1.36205128e+00
1.56053724e+00
1.56210012e+00
1.35345543e+00
1.41518926e+00
1.54256410e+00
1.53787546e+00
1.34876679e+00
1.36830281e+00
1.49958486e+00
1.54881563e+00
1.34642247e+00
1.34642247e+00
1.44879121e+00
1.54021978e+00
1.37064713e+00
1.33704518e+00
1.34251526e+00
1.59023199e+00
1.69181929e+00
1.35345543e+00
1.36986569e+00
1.54959707e+00
1.39018315e+00
1.36517705e+00
1.36361416e+00
1.55037851e+00
1.34485958e+00
1.38705739e+00
1.39330891e+00
1.54959707e+00
1.43706960e+00
1.36595849e+00
1.35814408e+00
1.53553114e+00
1.37064713e+00
1.40346764e+00
1.37533578e+00
1.58319902e+00
1.36283272e+00
1.63633700e+00
1.64415140e+00
1.85123321e+00
1.36830281e+00
1.37064713e+00
1.33860806e+00
1.54959707e+00
1.36439560e+00
1.36908425e+00
1.36830281e+00
1.54959707e+00
1.36361416e+00
1.38236874e+00
1.36126984e+00
1.64415140e+00
1.37064713e+00
1.37299145e+00
1.34564103e+00
1.56131868e+00
1.38080586e+00
1.41362637e+00
1.36752137e+00
1.88483516e+00
1.65587302e+00
1.65352869e+00
1.37455433e+00
1.53787546e+00
1.36517705e+00
1.36986569e+00
1.35892552e+00
1.55194139e+00
1.36048840e+00
1.38705739e+00
1.36205128e+00
1.55272283e+00
1.37142857e+00
1.37455433e+00
1.35579976e+00
1.57147741e+00
1.38549451e+00
1.36673993e+00
1.36439560e+00
1.53240537e+00
1.37064713e+00
1.38236874e+00
1.65899878e+00
1.64415140e+00
1.35892552e+00
1.36126984e+00
1.36205128e+00
1.55584860e+00
1.40971917e+00
1.37768010e+00
1.40659341e+00
1.57382173e+00
1.54803419e+00
1.36673993e+00
1.36205128e+00
1.55975580e+00
1.52927961e+00
1.37299145e+00
1.34642247e+00
1.53865690e+00
1.56053724e+00
1.36830281e+00
1.65274725e+00
1.85904762e+00
1.56600733e+00
1.40346764e+00
1.39721612e+00
1.53240537e+00
1.55584860e+00
1.37377289e+00
1.37064713e+00
1.46598291e+00
1.56913309e+00
1.36205128e+00
1.35970696e+00
1.37221001e+00
1.59257631e+00
1.36908425e+00
1.33235653e+00
1.33079365e+00
1.54178266e+00
1.35579976e+00
1.35658120e+00
1.41597070e+00
1.87780220e+00
1.65899878e+00
1.63711844e+00
1.37299145e+00
1.53553114e+00
1.40971917e+00
1.36752137e+00
1.38393162e+00
1.55584860e+00
1.35892552e+00
1.38315018e+00
1.36205128e+00
1.59335775e+00
1.39330891e+00
1.34095238e+00
1.39487179e+00
1.54256410e+00
1.35814408e+00
1.36908425e+00
1.33782662e+00
1.57460317e+00
1.39487179e+00
1.68947497e+00
1.66525031e+00
1.55115995e+00
1.41831502e+00
1.36283272e+00
1.38080586e+00
1.57147741e+00
1.37846154e+00
1.34017094e+00
1.35032967e+00
1.55115995e+00
1.37299145e+00
1.39330891e+00
1.40503053e+00
1.55741148e+00
1.40268620e+00
1.36908425e+00
1.37142857e+00
1.52068376e+00
1.36908425e+00
1.63164835e+00
1.64727717e+00
1.55584860e+00
1.41753358e+00
1.36439560e+00
1.36439560e+00
1.53318681e+00
1.37533578e+00
1.36205128e+00
1.35658120e+00
1.58241758e+00
1.35736264e+00
1.38315018e+00
1.37064713e+00
1.55428571e+00
1.35892552e+00
1.38315018e+00
1.40190476e+00
1.58319902e+00
1.37455433e+00
1.38705739e+00
1.36205128e+00
1.84576313e+00
1.66915751e+00
1.37689866e+00
1.38393162e+00
1.59570208e+00
1.54100122e+00
1.40893773e+00
1.36908425e+00
1.57929182e+00
1.54959707e+00
1.39956044e+00
1.37611722e+00
1.56678877e+00
1.55506716e+00
1.37924298e+00
1.36830281e+00
1.54647131e+00
1.54412698e+00
1.37299145e+00
1.34954823e+00
1.54334554e+00
1.54334554e+00
1.65899878e+00
1.65352869e+00
1.50114774e+00
1.51912088e+00
1.35970696e+00
1.35970696e+00
1.44957265e+00
1.55194139e+00
1.37377289e+00
1.36517705e+00
1.36986569e+00
1.52849817e+00
1.36517705e+00
1.39487179e+00
1.42300366e+00
1.55037851e+00
1.40815629e+00
1.36205128e+00
1.36830281e+00
1.55037851e+00
1.65274725e+00
1.39174603e+00
1.35501832e+00
1.85514042e+00
1.28703297e+00
1.36830281e+00
1.36283272e+00
1.56210012e+00
1.40424908e+00
1.33782662e+00
1.39956044e+00
1.55350427e+00
1.41675214e+00
1.35736264e+00
1.36595849e+00
1.54412698e+00
1.36126984e+00
1.38158730e+00
1.38549451e+00
1.57069597e+00
1.36439560e+00
1.35579976e+00
1.65899878e+00
1.85904762e+00
1.68713065e+00
1.37064713e+00
1.36205128e+00
1.54178266e+00
1.36908425e+00
1.37064713e+00
1.37455433e+00
1.55819292e+00
1.38471306e+00
1.36986569e+00
1.33704518e+00
1.55037851e+00
1.36517705e+00
1.39877900e+00
1.37768010e+00
1.55741148e+00
1.37377289e+00
1.36986569e+00
1.32454212e+00
1.56366300e+00
1.64805861e+00
1.67462759e+00
1.65978022e+00
1.52146520e+00
1.36673993e+00
1.36595849e+00
1.36830281e+00
1.55741148e+00
1.36283272e+00
1.36830281e+00
1.36986569e+00
1.55428571e+00
1.35189255e+00
1.40581197e+00
1.37377289e+00
1.49802198e+00
1.37689866e+00
1.35892552e+00
1.34642247e+00
1.56131868e+00
1.38549451e+00
1.38002442e+00
1.65196581e+00
1.84967033e+00
1.55037851e+00
1.35892552e+00
1.40424908e+00
1.56366300e+00
1.58710623e+00
1.37768010e+00
1.34017094e+00
1.55897436e+00
1.57772894e+00
1.35892552e+00
1.36595849e+00
1.59648352e+00
1.56210012e+00
1.37142857e+00
1.41206349e+00
1.52459096e+00
1.63164835e+00
1.38940171e+00
1.35892552e+00
1.73948718e+00
1.54490842e+00
1.36439560e+00
1.36986569e+00
1.34642247e+00
1.55350427e+00
1.36673993e+00
1.33626374e+00
1.37455433e+00
1.55897436e+00
1.39096459e+00
1.35892552e+00
1.35970696e+00
1.54803419e+00
1.36205128e+00
1.34798535e+00
1.36986569e+00
1.54490842e+00
1.37455433e+00
1.33626374e+00
1.34798535e+00
1.54412698e+00
1.67072039e+00
1.66525031e+00
1.35345543e+00
1.55194139e+00
1.36517705e+00
1.36830281e+00
1.35970696e+00
1.54178266e+00
1.40659341e+00
1.37455433e+00
1.37455433e+00
1.55194139e+00
1.36986569e+00
1.36439560e+00
1.35892552e+00
1.53006105e+00
1.37299145e+00
1.39565324e+00
1.36986569e+00
1.55663004e+00
1.33704518e+00
1.38002442e+00
1.65040293e+00
1.88483516e+00
1.38315018e+00
1.35345543e+00
1.36752137e+00
1.52849817e+00
1.36908425e+00
1.36673993e+00
1.37221001e+00
1.56366300e+00
1.39096459e+00
1.36439560e+00
1.36673993e+00
1.53474969e+00
1.37064713e+00
1.40581197e+00
1.36595849e+00
1.54490842e+00
1.35345543e+00
1.35501832e+00
1.33001221e+00
1.54959707e+00
1.65587302e+00
1.61211233e+00
1.40503053e+00
1.54100122e+00
1.36126984e+00
1.37064713e+00
1.36517705e+00
1.55584860e+00
1.35111111e+00
1.39018315e+00
1.35814408e+00
1.55272283e+00
1.41597070e+00
1.35501832e+00
1.44957265e+00
1.55506716e+00
1.60976801e+00
1.37064713e+00
1.36986569e+00
1.56600733e+00
1.54256410e+00
1.67540904e+00
1.36673993e+00
1.56600733e+00
1.54959707e+00
1.36595849e+00
1.34642247e+00
1.55506716e+00
1.56210012e+00
1.35814408e+00
1.36205128e+00
1.57382173e+00
1.56522589e+00
1.34407814e+00
1.38471306e+00
1.47379731e+00
1.54881563e+00
1.40190476e+00
1.37455433e+00
1.37377289e+00
1.55350427e+00
1.39330891e+00
1.62070818e+00
1.66681319e+00
1.87076923e+00
1.37846154e+00
1.39174603e+00
1.36126984e+00
1.59179487e+00
1.36205128e+00
1.35736264e+00
1.38862027e+00
1.56835165e+00
1.35501832e+00
1.38705739e+00
1.36439560e+00
1.52771673e+00
1.37142857e+00
1.34642247e+00
1.39096459e+00
1.55037851e+00
1.37768010e+00
1.37768010e+00
1.39409035e+00
1.85904762e+00
1.65899878e+00
1.65196581e+00
1.36283272e+00
1.54803419e+00
1.37142857e+00
1.36517705e+00
1.36595849e+00
1.55506716e+00
1.37299145e+00
1.36830281e+00
1.36908425e+00
1.58398046e+00
1.41753358e+00
1.35814408e+00
1.36283272e+00
1.54881563e+00
1.35111111e+00
1.36205128e+00
1.38549451e+00
1.51443223e+00
1.66446886e+00
1.36673993e+00
1.70744811e+00
1.55506716e+00
1.36673993e+00
1.37377289e+00
1.37689866e+00
1.54725275e+00
1.36908425e+00
1.35111111e+00
1.37064713e+00
1.55428571e+00
1.37142857e+00
1.37689866e+00
1.37846154e+00
1.55819292e+00
1.37142857e+00
1.37299145e+00
1.36361416e+00
1.53162393e+00
1.38393162e+00
1.34876679e+00
1.66837607e+00
1.86686203e+00
1.36517705e+00
1.36517705e+00
1.38471306e+00
1.53006105e+00
1.38471306e+00
1.36830281e+00
1.36361416e+00
1.51052503e+00
1.54959707e+00
1.35892552e+00
1.36126984e+00
1.55897436e+00
1.61914530e+00
1.39799756e+00
1.35970696e+00
1.63477411e+00
1.55194139e+00
1.37455433e+00
1.39956044e+00
1.55350427e+00
1.85279609e+00
1.67306471e+00
1.43706960e+00
1.54256410e+00
1.54725275e+00
1.35892552e+00
1.36517705e+00
1.51208791e+00
1.60429792e+00
1.35970696e+00
1.38393162e+00
1.42612943e+00
1.55819292e+00
1.34485958e+00
1.36126984e+00
1.34407814e+00
1.55115995e+00
1.37299145e+00
1.41206349e+00
1.40659341e+00
1.54256410e+00
1.37142857e+00
1.65274725e+00
1.66290598e+00
1.58710623e+00
1.41831502e+00
1.40815629e+00
1.35892552e+00
1.50896215e+00
1.39096459e+00
1.37689866e+00
1.37377289e+00
1.52771673e+00
1.36517705e+00
1.36439560e+00
1.36517705e+00
1.55975580e+00
1.37689866e+00
1.36908425e+00
1.36517705e+00
1.55663004e+00
1.37455433e+00
1.59023199e+00
1.67072039e+00
1.55975580e+00
1.36908425e+00
1.35892552e+00
1.32844933e+00
1.51755800e+00
1.37377289e+00
1.36048840e+00
1.35579976e+00
1.57460317e+00
1.37533578e+00
1.36205128e+00
1.39487179e+00
1.56913309e+00
1.42534799e+00
1.36673993e+00
1.35892552e+00
1.55115995e+00
1.36126984e+00
1.36205128e+00
1.38783883e+00
1.87467643e+00
1.68947497e+00
1.65196581e+00
1.37142857e+00
1.63321123e+00
1.38080586e+00
1.36205128e+00
1.35970696e+00
1.54568987e+00
1.36752137e+00
1.36517705e+00
1.32454212e+00
1.57772894e+00
1.38549451e+00
1.35423687e+00
1.34876679e+00
1.57538462e+00
1.37689866e+00
1.33938950e+00
1.35267399e+00
1.54881563e+00
1.38549451e+00
1.64180708e+00
1.66290598e+00
1.54803419e+00
1.42769231e+00
1.36595849e+00
1.35423687e+00
1.56835165e+00
1.54647131e+00
1.36986569e+00
1.34329670e+00
1.55975580e+00
1.54959707e+00
1.40815629e+00
1.37299145e+00
1.52224664e+00
1.54568987e+00
1.36361416e+00
1.34876679e+00
1.56131868e+00
1.60742369e+00
1.37924298e+00
1.36673993e+00
1.55194139e+00
1.86373626e+00
1.41284493e+00
1.36752137e+00
1.43472527e+00
1.53396825e+00
1.36361416e+00
1.34720391e+00
1.38705739e+00
1.54725275e+00
1.36283272e+00
1.36283272e+00
1.38862027e+00
1.54959707e+00
1.34485958e+00
1.37142857e+00
1.36908425e+00
1.54725275e+00
1.39721612e+00
1.39877900e+00
1.41206349e+00
1.85592186e+00
1.65587302e+00
1.37299145e+00
1.38002442e+00
1.54178266e+00
1.37221001e+00
1.37846154e+00
1.35032967e+00
1.56913309e+00
1.37768010e+00
1.37064713e+00
1.35736264e+00
1.56210012e+00
1.39721612e+00
1.37768010e+00
1.36673993e+00
1.62383394e+00
1.38862027e+00
1.38080586e+00
1.36283272e+00
1.55428571e+00
1.64805861e+00
1.66290598e+00
1.65587302e+00
1.60507937e+00
1.35111111e+00
1.35579976e+00
1.38236874e+00
1.56053724e+00
1.40971917e+00
1.36595849e+00
1.36752137e+00
1.56366300e+00
1.35658120e+00
1.35501832e+00
1.36830281e+00
1.55037851e+00
1.35267399e+00
1.34954823e+00
1.38236874e+00
1.55975580e+00
1.39721612e+00
1.37064713e+00
1.64805861e+00
1.86529915e+00
1.37768010e+00
1.36517705e+00
1.36517705e+00
1.56522589e+00
1.35658120e+00
1.39252747e+00
1.38705739e+00
1.57538462e+00
1.37064713e+00
1.39330891e+00
1.36439560e+00
1.60898657e+00
1.41206349e+00
1.36439560e+00
1.39799756e+00
1.56210012e+00
1.38236874e+00
1.35345543e+00
1.38471306e+00
1.85826618e+00
1.81216117e+00
1.41909646e+00
1.39643468e+00
1.54959707e+00
1.50114774e+00
1.37299145e+00
1.31750916e+00
1.51130647e+00
1.54647131e+00
1.39487179e+00
1.37455433e+00
1.57382173e+00
1.58007326e+00
1.36517705e+00
1.35658120e+00
1.53865690e+00
1.58319902e+00
1.35892552e+00
1.36283272e+00
1.49098901e+00
1.86061050e+00
1.68009768e+00
1.37221001e+00
1.40893773e+00
1.58866911e+00
1.37377289e+00
1.36986569e+00
1.34564103e+00
1.54178266e+00
1.36673993e+00
1.37455433e+00
1.36752137e+00
1.56913309e+00
1.37533578e+00
1.39330891e+00
1.37064713e+00
1.55350427e+00
1.38705739e+00
1.36205128e+00
1.36517705e+00
1.55897436e+00
1.35189255e+00
1.65821734e+00
1.65509158e+00
1.59257631e+00
1.38940171e+00
1.37846154e+00
1.41831502e+00
1.55272283e+00
1.37533578e+00
1.36908425e+00
1.39877900e+00
1.57147741e+00
1.36361416e+00
1.43628816e+00
1.35501832e+00
1.55897436e+00
1.39409035e+00
1.36439560e+00
1.35814408e+00
1.56444444e+00
1.39018315e+00
1.65352869e+00
1.65274725e+00
1.56131868e+00
1.37924298e+00
1.36595849e+00
1.37299145e+00
1.54725275e+00
1.32141636e+00
1.36205128e+00
1.35892552e+00
1.57304029e+00
1.37221001e+00
1.36439560e+00
1.38315018e+00
1.52068376e+00
1.36752137e+00
1.37299145e+00
1.35189255e+00
1.57460317e+00
1.35111111e+00
1.40737485e+00
1.64571429e+00
1.85904762e+00
1.64727717e+00
1.37142857e+00
1.33704518e+00
1.55741148e+00
1.40503053e+00
1.35658120e+00
1.36126984e+00
1.53631258e+00
1.36361416e+00
1.36048840e+00
1.36205128e+00
1.57382173e+00
1.37455433e+00
1.36830281e+00
1.42300366e+00
1.55819292e+00
1.46207570e+00
1.41831502e+00
1.36205128e+00
1.58398046e+00
1.85748474e+00
1.73401709e+00
1.37142857e+00
1.55741148e+00
1.56835165e+00
1.36205128e+00
1.36126984e+00
1.59413919e+00
1.54725275e+00
1.38705739e+00
1.36126984e+00
1.52849817e+00
1.54803419e+00
1.36517705e+00
1.34173382e+00
1.52380952e+00
1.52771673e+00
1.37611722e+00
1.36752137e+00
1.48864469e+00
1.54568987e+00
1.64962149e+00
1.34954823e+00
1.36752137e+00
1.55897436e+00
1.35970696e+00
1.37142857e+00
1.36439560e+00
1.55115995e+00
1.36752137e+00
1.37455433e+00
1.34564103e+00
1.56913309e+00
1.36986569e+00
1.35345543e+00
1.37689866e+00
1.53943834e+00
1.38080586e+00
1.37455433e+00
1.37689866e+00
1.56757021e+00
1.39956044e+00
1.64336996e+00
1.66290598e+00
1.97860806e+00
1.36986569e+00
1.38080586e+00
1.36830281e+00
1.54647131e+00
1.35345543e+00
1.36830281e+00
1.36439560e+00
1.54334554e+00
1.36126984e+00
1.38940171e+00
1.33704518e+00
1.55350427e+00
1.37611722e+00
1.36283272e+00
1.35736264e+00
1.60351648e+00
1.34642247e+00
1.36517705e+00
1.37142857e+00
1.86529915e+00
1.66837607e+00
1.36986569e+00
1.34095238e+00
1.55975580e+00
1.36361416e+00
1.34642247e+00
1.38471306e+00
1.63086691e+00
1.36283272e+00
1.36830281e+00
1.37846154e+00
1.54021978e+00
1.34329670e+00
1.38158730e+00
1.36205128e+00
1.55741148e+00
1.36595849e+00
1.39330891e+00
1.38002442e+00
1.83326007e+00
1.65821734e+00
1.36986569e+00
1.59413919e+00
1.55897436e+00
1.39018315e+00
1.37689866e+00
1.36361416e+00
1.54334554e+00
1.36986569e+00
1.35892552e+00
1.35189255e+00
1.55897436e+00
1.38471306e+00
1.37689866e+00
1.35658120e+00
1.56600733e+00
1.48317460e+00
1.36283272e+00
1.38393162e+00
1.56131868e+00
1.55272283e+00
1.65431013e+00
1.64180708e+00
1.56288156e+00
1.53084249e+00
1.36986569e+00
1.35501832e+00
1.56210012e+00
1.54959707e+00
1.38158730e+00
1.35501832e+00
1.54568987e+00
1.55272283e+00
1.36517705e+00
1.38236874e+00
1.48864469e+00
1.54412698e+00
1.35736264e+00
1.36205128e+00
1.42300366e+00
1.53553114e+00
1.37221001e+00
1.41362637e+00
1.65509158e+00
1.88249084e+00
1.33704518e+00
1.35892552e+00
1.39799756e+00
1.55819292e+00
1.38705739e+00
1.37299145e+00
1.37221001e+00
1.55819292e+00
1.36595849e+00
1.32532357e+00
1.36908425e+00
1.55194139e+00
1.32688645e+00
1.38471306e+00
1.36126984e+00
1.56835165e+00
1.36752137e+00
1.36595849e+00
1.65274725e+00
1.54490842e+00
1.36126984e+00
1.36908425e+00
1.36986569e+00
1.55663004e+00
1.39643468e+00
1.38393162e+00
1.35892552e+00
1.57851038e+00
1.36361416e+00
1.34954823e+00
1.36752137e+00
1.56131868e+00
1.36283272e+00
1.36830281e+00
1.37924298e+00
1.58398046e+00
1.36830281e+00
1.39174603e+00
1.36673993e+00
1.56835165e+00
1.66525031e+00
1.66915751e+00
1.42691087e+00
1.56600733e+00
1.33391941e+00
1.35736264e+00
1.36517705e+00
1.55819292e+00
1.37689866e+00
1.34407814e+00
1.35814408e+00
1.55428571e+00
1.39956044e+00
1.37768010e+00
1.37768010e+00
1.58710623e+00
1.36908425e+00
1.35032967e+00
1.38862027e+00
1.54490842e+00
1.36595849e+00
1.64727717e+00
1.65352869e+00
1.57851038e+00
1.35423687e+00
1.39330891e+00
1.35814408e+00
1.54490842e+00
1.36986569e+00
1.36752137e+00
1.36048840e+00
1.56288156e+00
1.36673993e+00
1.35892552e+00
1.38236874e+00
1.57616606e+00
1.54568987e+00
1.36673993e+00
1.35579976e+00
1.55663004e+00
1.55272283e+00
1.64962149e+00
1.70666667e+00
1.54334554e+00
1.59960928e+00
1.33782662e+00
1.36283272e+00
1.56053724e+00
1.55037851e+00
1.41675214e+00
1.35501832e+00
1.54959707e+00
1.54568987e+00
1.38236874e+00
1.35579976e+00
1.48395604e+00
1.54647131e+00
1.36048840e+00
1.39018315e+00
1.37924298e+00
1.56053724e+00
1.36361416e+00
1.63868132e+00
1.69963370e+00
1.87623932e+00
1.42691087e+00
1.36908425e+00
1.37377289e+00
1.53787546e+00
1.39018315e+00
1.37142857e+00
1.36673993e+00
1.62617827e+00
1.36673993e+00
1.36595849e+00
1.33938950e+00
1.56053724e+00
1.35814408e+00
1.33860806e+00
1.36830281e+00
1.54647131e+00
1.36752137e+00
1.35032967e+00
1.39330891e+00
1.88014652e+00
1.67384615e+00
1.37689866e+00
1.35970696e+00
1.54959707e+00
1.36048840e+00
1.38393162e+00
1.36517705e+00
1.55037851e+00
1.38862027e+00
1.32610501e+00
1.36205128e+00
1.55115995e+00
1.40424908e+00
1.37846154e+00
1.34642247e+00
1.56991453e+00
1.37221001e+00
1.36361416e+00
1.41362637e+00
1.83404151e+00
1.64727717e+00
1.37611722e+00
1.37142857e+00
1.54178266e+00
1.36986569e+00
1.35579976e+00
1.36439560e+00
1.58085470e+00
1.38002442e+00
1.37533578e+00
1.37455433e+00
1.55897436e+00
1.37064713e+00
1.37689866e+00
1.36517705e+00
1.55741148e+00
1.36283272e+00
1.40893773e+00
1.35658120e+00
1.55897436e+00
1.40581197e+00
1.65899878e+00
1.65978022e+00
1.57772894e+00
1.37142857e+00
1.34876679e+00
1.36673993e+00
1.54256410e+00
1.39643468e+00
1.36205128e+00
1.37455433e+00
1.54959707e+00
1.44644689e+00
1.35579976e+00
1.36752137e+00
1.58788767e+00
1.53084249e+00
1.38471306e+00
1.35345543e+00
1.56053724e+00
1.52693529e+00
1.36439560e+00
1.66212454e+00
1.87702076e+00
1.55350427e+00
1.37221001e+00
1.36205128e+00
1.55272283e+00
1.55584860e+00
1.37221001e+00
1.35814408e+00
1.49645910e+00
1.54256410e+00
1.36439560e+00
1.36908425e+00
1.49880342e+00
1.54256410e+00
1.42925519e+00
1.36205128e+00
1.39018315e+00
1.54725275e+00
1.37846154e+00
1.65352869e+00
1.65509158e+00
1.54412698e+00
1.38940171e+00
1.37064713e+00
1.38393162e+00
1.56053724e+00
1.36361416e+00
1.35345543e+00
1.35892552e+00
1.54647131e+00
1.38002442e+00
1.35892552e+00
1.36986569e+00
1.55741148e+00
1.36283272e+00
1.32766789e+00
1.36361416e+00
1.53787546e+00
1.37689866e+00
1.37221001e+00
1.38080586e+00
1.87467643e+00
1.67072039e+00
1.38158730e+00
1.34954823e+00
1.54334554e+00
1.37768010e+00
1.36752137e+00
1.36205128e+00
1.55663004e+00
1.35032967e+00
1.36517705e+00
1.37768010e+00
1.56210012e+00
1.34798535e+00
1.36752137e+00
1.36986569e+00
1.55819292e+00
1.38862027e+00
1.38002442e+00
1.34017094e+00
1.55506716e+00
1.35111111e+00
1.66603175e+00
1.66056166e+00
1.61289377e+00
1.39330891e+00
1.37768010e+00
1.36205128e+00
1.54100122e+00
1.38705739e+00
1.36908425e+00
1.31594628e+00
1.55897436e+00
1.39877900e+00
1.37377289e+00
1.37221001e+00
1.55506716e+00
1.37142857e+00
1.34095238e+00
1.36595849e+00
1.56366300e+00
1.35423687e+00
1.66915751e+00
1.65118437e+00
1.58710623e+00
1.38002442e+00
1.34407814e+00
1.38940171e+00
1.54803419e+00
1.36205128e+00
1.36752137e+00
1.37455433e+00
1.57147741e+00
1.48004884e+00
1.36361416e+00
1.36126984e+00
1.56210012e+00
1.54568987e+00
1.35814408e+00
1.33782662e+00
1.56444444e+00
1.54803419e+00
1.35736264e+00
1.52459096e+00
1.86217338e+00
1.84732601e+00
1.34642247e+00
1.36517705e+00
1.58319902e+00
1.52537241e+00
1.35267399e+00
1.35892552e+00
1.49567766e+00
1.53396825e+00
1.36517705e+00
1.36517705e+00
1.45504274e+00
1.55506716e+00
1.38080586e+00
1.32923077e+00
1.35970696e+00
1.52537241e+00
1.37142857e+00
1.36673993e+00
1.33782662e+00
1.85201465e+00
1.66837607e+00
1.43003663e+00
1.36126984e+00
1.50192918e+00
1.36517705e+00
1.37142857e+00
1.36439560e+00
1.53943834e+00
1.36986569e+00
1.39330891e+00
1.38315018e+00
1.56288156e+00
1.36283272e+00
1.38940171e+00
1.37768010e+00
1.54256410e+00
1.35658120e+00
1.36595849e+00
1.35970696e+00
1.55194139e+00
1.64493284e+00
1.37611722e+00
1.35970696e+00
1.58163614e+00
1.38158730e+00
1.36205128e+00
1.39565324e+00
1.56131868e+00
1.37689866e+00
1.36986569e+00
1.38002442e+00
1.55194139e+00
1.36830281e+00
1.37142857e+00
1.39409035e+00
1.54256410e+00
1.38471306e+00
1.37142857e+00
1.41362637e+00
1.55194139e+00
1.34954823e+00
1.64727717e+00
1.66134310e+00
1.86764347e+00
1.39956044e+00
1.38393162e+00
1.37455433e+00
1.55272283e+00
1.39956044e+00
1.36205128e+00
1.35814408e+00
1.57460317e+00
1.37142857e+00
1.35111111e+00
1.36517705e+00
1.56210012e+00
1.38705739e+00
1.36752137e+00
1.40424908e+00
1.55663004e+00
1.34876679e+00
1.36126984e+00
1.36205128e+00
1.90046398e+00
1.68322344e+00
1.38158730e+00
1.36517705e+00
1.52849817e+00
1.41909646e+00
1.37142857e+00
1.38705739e+00
1.53865690e+00
1.54490842e+00
1.34173382e+00
1.39096459e+00
1.56288156e+00
1.52537241e+00
1.36205128e+00
1.36517705e+00
1.56522589e+00
1.53396825e+00
1.33470085e+00
1.37768010e+00
1.64493284e+00
1.84263736e+00
1.38627595e+00
1.64571429e+00
1.52927961e+00
1.54647131e+00
1.36752137e+00
1.39096459e+00
1.49177045e+00
1.53865690e+00
1.36205128e+00
1.36361416e+00
1.40659341e+00
1.54256410e+00
1.36283272e+00
1.36595849e+00
1.35970696e+00
1.56913309e+00
1.39799756e+00
1.37064713e+00
1.39877900e+00
1.54959707e+00
1.65899878e+00
1.64336996e+00
1.36361416e+00
1.57616606e+00
1.37689866e+00
1.37455433e+00
1.38393162e+00
1.54647131e+00
1.37142857e+00
1.35189255e+00
1.37611722e+00
1.55663004e+00
1.38393162e+00
1.36517705e+00
1.36205128e+00
1.56913309e+00
1.37142857e+00
1.36908425e+00
1.35892552e+00
1.56131868e+00
1.39174603e+00
1.67384615e+00
1.65196581e+00
1.84732601e+00
1.36986569e+00
1.35814408e+00
1.37611722e+00
1.55037851e+00
1.39174603e+00
1.36752137e+00
1.38940171e+00
1.53631258e+00
1.36673993e+00
1.34642247e+00
1.36908425e+00
1.56600733e+00
1.38002442e+00
1.36205128e+00
1.39018315e+00
1.56835165e+00
1.38002442e+00
1.38862027e+00
1.66290598e+00
1.54803419e+00
1.36752137e+00
1.31203907e+00
1.37533578e+00
1.54725275e+00
1.36439560e+00
1.36830281e+00
1.36830281e+00
1.57304029e+00
1.37768010e+00
1.36517705e+00
1.36517705e+00
1.54881563e+00
1.38471306e+00
1.35189255e+00
1.38783883e+00
1.56600733e+00
1.40503053e+00
1.37768010e+00
1.36205128e+00
1.87545788e+00
1.65899878e+00
1.38393162e+00
1.36126984e+00
1.55975580e+00
1.41518926e+00
1.36986569e+00
1.37611722e+00
1.55428571e+00
1.56522589e+00
1.36283272e+00
1.37142857e+00
1.56210012e+00
1.55115995e+00
1.35814408e+00
1.36205128e+00
1.54959707e+00
1.54959707e+00
1.39409035e+00
1.37689866e+00
1.56053724e+00
1.85592186e+00
1.66915751e+00
1.57304029e+00
1.54334554e+00
1.53553114e+00
1.37142857e+00
1.37689866e+00
1.49177045e+00
1.54490842e+00
1.37142857e+00
1.39096459e+00
1.36908425e+00
1.59101343e+00
1.37689866e+00
1.36439560e+00
1.39096459e+00
1.54568987e+00
1.45894994e+00
1.38158730e+00
1.34564103e+00
1.54647131e+00
1.65665446e+00
1.37142857e+00
1.36673993e+00
1.54412698e+00
1.36126984e+00
1.38080586e+00
1.40268620e+00
1.58476190e+00
1.42612943e+00
1.36595849e+00
1.44644689e+00
1.54100122e+00
1.36439560e+00
1.34642247e+00
1.39018315e+00
1.57460317e+00
1.34017094e+00
1.36673993e+00
1.37377289e+00
1.54959707e+00
1.40112332e+00
1.43472527e+00
1.68322344e+00
1.86217338e+00
1.34564103e+00
1.40503053e+00
1.34173382e+00
1.55194139e+00
1.38080586e+00
1.36283272e+00
1.35345543e+00
1.55037851e+00
1.36830281e+00
1.40893773e+00
1.36205128e+00
1.53084249e+00
1.34876679e+00
1.39174603e+00
1.34876679e+00
1.59492063e+00
1.37768010e+00
1.37064713e+00
1.37142857e+00
1.86529915e+00
1.67775336e+00
1.36908425e+00
1.32063492e+00
1.54725275e+00
1.38080586e+00
1.34642247e+00
1.37299145e+00
1.55975580e+00
1.36517705e+00
1.36673993e+00
1.34642247e+00
1.54959707e+00
1.37064713e+00
1.36986569e+00
1.36986569e+00
1.58710623e+00
1.38393162e+00
1.36126984e+00
1.35267399e+00
1.83638584e+00
1.65743590e+00
1.36361416e+00
1.36361416e+00
1.52146520e+00
1.56678877e+00
1.37377289e+00
1.37455433e+00
1.55819292e+00
1.53631258e+00
1.37064713e+00
1.36908425e+00
1.55584860e+00
1.52927961e+00
1.37299145e+00
1.38002442e+00
1.57382173e+00
1.54725275e+00
1.37455433e+00
1.36908425e+00
1.55115995e+00
1.54803419e+00
1.65899878e+00
1.62695971e+00
1.50974359e+00
1.54490842e+00
1.38080586e+00
1.36752137e+00
1.42065934e+00
1.55897436e+00
1.41518926e+00
1.33938950e+00
1.36205128e+00
1.60664225e+00
1.37064713e+00
1.36126984e+00
1.44722833e+00
1.57382173e+00
1.38315018e+00
1.36517705e+00
1.36517705e+00
1.58710623e+00
1.37221001e+00
1.38393162e+00
1.65196581e+00
1.80981685e+00
1.37377289e+00
1.38705739e+00
1.36752137e+00
1.55272283e+00
1.35970696e+00
1.35736264e+00
1.36205128e+00
1.53318681e+00
1.38393162e+00
1.39956044e+00
1.34017094e+00
1.55741148e+00
1.36673993e+00
1.36283272e+00
1.39018315e+00
1.53787546e+00
1.35970696e+00
1.36361416e+00
1.35970696e+00
1.54412698e+00
1.38705739e+00
1.65040293e+00
1.35814408e+00
1.56131868e+00
1.39799756e+00
1.34876679e+00
1.37533578e+00
1.54100122e+00
1.36752137e+00
1.34329670e+00
1.34954823e+00
1.56053724e+00
1.45582418e+00
1.37455433e+00
1.39643468e+00
1.55350427e+00
1.37377289e+00
1.36126984e+00
1.36126984e+00
1.54959707e+00
1.63321123e+00
1.65196581e+00
1.66603175e+00
1.55584860e+00
1.39096459e+00
1.36205128e+00
1.36595849e+00
1.54568987e+00
1.36986569e+00
1.39018315e+00
1.35345543e+00
1.55897436e+00
1.38627595e+00
1.37533578e+00
1.38236874e+00
1.52459096e+00
1.37924298e+00
1.36908425e+00
1.37924298e+00
1.60351648e+00
1.39330891e+00
1.37377289e+00
1.70041514e+00
1.86686203e+00
1.61211233e+00
1.35579976e+00
1.39643468e+00
1.56522589e+00
1.54568987e+00
1.38393162e+00
1.34954823e+00
1.55272283e+00
1.54178266e+00
1.38627595e+00
1.37142857e+00
1.52068376e+00
1.54959707e+00
1.39174603e+00
1.36048840e+00
1.53318681e+00
1.58241758e+00
1.36752137e+00
1.34407814e+00
1.46754579e+00
1.88561661e+00
1.62383394e+00
1.37142857e+00
1.39877900e+00
1.54647131e+00
1.37455433e+00
1.36361416e+00
1.36986569e+00
1.56288156e+00
1.36439560e+00
1.42378510e+00
1.39643468e+00
1.55506716e+00
1.36283272e+00
1.37533578e+00
1.36752137e+00
1.54256410e+00
1.39956044e+00
1.36517705e+00
1.36830281e+00
1.82778999e+00
1.66681319e+00
1.36517705e+00
1.39018315e+00
1.54959707e+00
1.34642247e+00
1.39721612e+00
1.37142857e+00
1.56600733e+00
1.37377289e+00
1.40346764e+00
1.37142857e+00
1.54881563e+00
1.35970696e+00
1.36283272e+00
1.33313797e+00
1.58007326e+00
1.36830281e+00
1.41206349e+00
1.39877900e+00
1.53396825e+00
1.37924298e+00
1.66134310e+00
1.68400488e+00
1.57616606e+00
1.37768010e+00
1.36517705e+00
1.37142857e+00
1.57616606e+00
1.34954823e+00
1.40893773e+00
1.39096459e+00
1.54178266e+00
1.35267399e+00
1.38627595e+00
1.35189255e+00
1.55897436e+00
1.35892552e+00
1.36752137e+00
1.34876679e+00
1.60586081e+00
1.38705739e+00
1.36830281e+00
1.36908425e+00
1.89108669e+00
1.66056166e+00
1.37768010e+00
1.37064713e+00
1.53709402e+00
1.37064713e+00
1.44097680e+00
1.39565324e+00
1.56444444e+00
1.38627595e+00
1.35970696e+00
1.37142857e+00
1.58710623e+00
1.38549451e+00
1.36517705e+00
1.36752137e+00
1.54412698e+00
1.56678877e+00
1.36439560e+00
1.39643468e+00
1.84576313e+00
1.86139194e+00
1.35970696e+00
1.36908425e+00
1.56522589e+00
1.55272283e+00
1.38940171e+00
1.38393162e+00
1.56131868e+00
1.54490842e+00
1.38002442e+00
1.38471306e+00
1.53709402e+00
1.53631258e+00
1.38315018e+00
1.32766789e+00
1.49098901e+00
1.58085470e+00
1.37142857e+00
1.34251526e+00
1.44019536e+00
1.85592186e+00
1.65118437e+00
1.64962149e+00
1.35970696e+00
1.62383394e+00
1.36986569e+00
1.35579976e+00
1.39409035e+00
1.55584860e+00
1.35501832e+00
1.37064713e+00
1.37611722e+00
1.55272283e+00
1.37689866e+00
1.38471306e+00
1.35814408e+00
1.54881563e+00
1.39487179e+00
1.43081807e+00
1.41284493e+00
1.54881563e+00
1.36126984e+00
1.65509158e+00
1.65665446e+00
1.54334554e+00
1.38627595e+00
1.35579976e+00
1.36830281e+00
1.56913309e+00
1.39252747e+00
1.36752137e+00
1.39877900e+00
1.55272283e+00
1.35814408e+00
1.44800977e+00
1.36439560e+00
1.54568987e+00
1.36830281e+00
1.36517705e+00
1.31750916e+00
1.56053724e+00
1.41128205e+00
1.65821734e+00
1.58007326e+00
1.53943834e+00
1.37455433e+00
1.34485958e+00
1.36205128e+00
1.55194139e+00
1.36908425e+00
1.35501832e+00
1.31047619e+00
1.57225885e+00
1.38862027e+00
1.32610501e+00
1.36517705e+00
1.54881563e+00
1.37846154e+00
1.38002442e+00
1.35345543e+00
1.55663004e+00
1.37768010e+00
1.36439560e+00
1.40268620e+00
1.85670330e+00
1.66134310e+00
1.44644689e+00
1.38158730e+00
1.53084249e+00
1.41128205e+00
1.38705739e+00
1.41597070e+00
1.55584860e+00
1.38471306e+00
1.36517705e+00
1.36830281e+00
1.56444444e+00
1.41909646e+00
1.39487179e+00
1.37846154e+00
1.56757021e+00
1.53709402e+00
1.38158730e+00
1.33782662e+00
1.58007326e+00
1.84967033e+00
1.66212454e+00
1.35658120e+00
1.54959707e+00
1.53865690e+00
1.36830281e+00
1.36986569e+00
1.56757021e+00
1.55897436e+00
1.38080586e+00
1.36205128e+00
1.52849817e+00
1.55428571e+00
1.37221001e+00
1.36283272e+00
1.47457875e+00
1.61445665e+00
1.38471306e+00
1.28390720e+00
1.36517705e+00
1.84654457e+00
1.65978022e+00
1.66603175e+00
1.36752137e+00
1.53318681e+00
1.35032967e+00
1.33938950e+00
1.36126984e+00
1.54725275e+00
1.40893773e+00
1.36908425e+00
1.34564103e+00
1.56522589e+00
1.38315018e+00
1.34954823e+00
1.36048840e+00
1.56678877e+00
1.38080586e+00
1.40190476e+00
1.36752137e+00
1.55506716e+00
1.36986569e+00
1.67306471e+00
1.66837607e+00
1.54803419e+00
1.38080586e+00
1.37299145e+00
1.36673993e+00
1.55506716e+00
1.39565324e+00
1.39565324e+00
1.36205128e+00
1.55194139e+00
1.35736264e+00
1.40737485e+00
1.37299145e+00
1.53631258e+00
1.38236874e+00
1.35892552e+00
1.35658120e+00
1.55272283e+00
1.36595849e+00
1.37299145e+00
1.36908425e+00
1.82857143e+00
1.37142857e+00
1.40268620e+00
1.36986569e+00
1.55272283e+00
1.36908425e+00
1.37768010e+00
1.37611722e+00
1.57694750e+00
1.33548230e+00
1.31125763e+00
1.36908425e+00
1.55272283e+00
1.37142857e+00
1.36283272e+00
1.37924298e+00
1.57460317e+00
1.38549451e+00
1.36361416e+00
1.67462759e+00
1.94266178e+00
1.66446886e+00
1.39487179e+00
1.38862027e+00
1.55194139e+00
1.37142857e+00
1.36986569e+00
1.36048840e+00
1.55819292e+00
1.42847375e+00
1.39018315e+00
1.37455433e+00
1.61289377e+00
1.50192918e+00
1.35111111e+00
1.40503053e+00
1.56288156e+00
1.53162393e+00
1.33157509e+00
1.37846154e+00
1.55663004e+00
1.85279609e+00
1.71448107e+00
1.36048840e+00
1.55350427e+00
1.54959707e+00
1.36126984e+00
1.36283272e+00
1.54881563e+00
1.53709402e+00
1.35814408e+00
1.36986569e+00
1.49880342e+00
1.54334554e+00
1.34485958e+00
1.35189255e+00
1.43941392e+00
1.55819292e+00
1.43003663e+00
1.37611722e+00
1.33470085e+00
1.54803419e+00
1.37377289e+00
1.63946276e+00
1.66837607e+00
1.56522589e+00
1.36908425e+00
1.39799756e+00
1.35658120e+00
1.56835165e+00
1.38471306e+00
1.37142857e+00
1.38315018e+00
1.56131868e+00
1.35970696e+00
1.37142857e+00
1.36517705e+00
1.56522589e+00
1.36361416e+00
1.36126984e+00
1.37142857e+00
1.58398046e+00
1.36439560e+00
1.64571429e+00
1.66603175e+00
1.55975580e+00
1.37455433e+00
1.35501832e+00
1.36048840e+00
1.55897436e+00
1.36908425e+00
1.36439560e+00
1.37924298e+00
1.54647131e+00
1.39018315e+00
1.38940171e+00
1.36205128e+00
1.55428571e+00
1.36439560e+00
1.39487179e+00
1.38002442e+00
1.59257631e+00
1.36830281e+00
1.36517705e+00
1.64180708e+00
1.85592186e+00
1.65509158e+00
1.40503053e+00
1.38549451e+00
1.55115995e+00
1.38080586e+00
1.36830281e+00
1.37064713e+00
1.57538462e+00
1.36986569e+00
1.36048840e+00
1.38236874e+00
1.54959707e+00
1.38393162e+00
1.37221001e+00
1.36205128e+00
1.54959707e+00
1.37064713e+00
1.37377289e+00
1.37064713e+00
1.56522589e+00
1.40268620e+00
1.66603175e+00
1.42144078e+00
1.57069597e+00
1.41284493e+00
1.35579976e+00
1.37142857e+00
1.53943834e+00
1.39565324e+00
1.38549451e+00
1.35892552e+00
1.51912088e+00
1.54021978e+00
1.37689866e+00
1.33157509e+00
1.56288156e+00
1.57460317e+00
1.37299145e+00
1.36830281e+00
1.57304029e+00
1.83873016e+00
1.67619048e+00
1.66056166e+00
1.55663004e+00
1.53240537e+00
1.35345543e+00
1.36595849e+00
1.52224664e+00
1.54881563e+00
1.36752137e+00
1.38158730e+00
1.49489621e+00
1.56210012e+00
1.38549451e+00
1.37689866e+00
1.40737485e+00
1.62461538e+00
1.38471306e+00
1.35892552e+00
1.38783883e+00
1.55897436e+00
1.64571429e+00
1.63711844e+00
1.67540904e+00
1.54490842e+00
1.37064713e+00
1.38705739e+00
1.34642247e+00
1.52693529e+00
1.38315018e+00
1.34485958e+00
1.41128205e+00
1.57382173e+00
1.36830281e+00
1.39252747e+00
1.35892552e+00
1.56913309e+00
1.33079365e+00
1.36752137e+00
1.35501832e+00
1.55428571e+00
1.35658120e+00
1.38393162e+00
1.37455433e+00
1.85279609e+00
1.41831502e+00
1.36283272e+00
1.36517705e+00
1.52459096e+00
1.40893773e+00
1.37846154e+00
1.35501832e+00
1.53787546e+00
1.35892552e+00
1.36439560e+00
1.36517705e+00
1.54725275e+00
1.35267399e+00
1.36205128e+00
1.38236874e+00
1.56288156e+00
1.37846154e+00
1.37455433e+00
1.65509158e+00
1.86686203e+00
1.36673993e+00
1.38002442e+00
1.38705739e+00
1.55819292e+00
1.38315018e+00
1.37533578e+00
1.37846154e+00
1.53631258e+00
1.36830281e+00
1.35736264e+00
1.37455433e+00
1.57382173e+00
1.36126984e+00
1.37142857e+00
1.35579976e+00
1.57460317e+00
1.38705739e+00
1.37689866e+00
1.35579976e+00
1.84967033e+00
1.67540904e+00
1.66368742e+00
1.35579976e+00
1.55975580e+00
1.38315018e+00
1.35579976e+00
1.36126984e+00
1.57304029e+00
1.39018315e+00
1.39877900e+00
1.39877900e+00
1.60898657e+00
1.54178266e+00
1.36361416e+00
1.35111111e+00
1.59726496e+00
1.59101343e+00
1.35189255e+00
1.36283272e+00
1.51755800e+00
1.83951160e+00
1.38315018e+00
1.64962149e+00
1.56053724e+00
1.53240537e+00
1.37689866e+00
1.38315018e+00
1.51833944e+00
1.54178266e+00
1.36595849e+00
1.38080586e+00
1.52615385e+00
1.55584860e+00
1.37221001e+00
1.39252747e+00
1.40424908e+00
1.59335775e+00
1.36205128e+00
1.36517705e+00
1.35579976e+00
1.55115995e+00
1.63946276e+00
1.67697192e+00
1.37142857e+00
1.56210012e+00
1.40815629e+00
1.39956044e+00
1.36517705e+00
1.55272283e+00
1.40737485e+00
1.33313797e+00
1.39330891e+00
1.55350427e+00
1.35814408e+00
1.37455433e+00
1.39018315e+00
1.54100122e+00
1.37768010e+00
1.36830281e+00
1.36283272e+00
1.54725275e+00
1.36361416e+00
1.68556777e+00
1.65274725e+00
1.54647131e+00
1.37768010e+00
1.37455433e+00
1.32141636e+00
1.54647131e+00
1.35736264e+00
1.36126984e+00
1.35814408e+00
1.56288156e+00
1.36126984e+00
1.36517705e+00
1.38080586e+00
1.57382173e+00
1.35736264e+00
1.36439560e+00
1.35892552e+00
1.58007326e+00
1.36517705e+00
1.36048840e+00
1.65509158e+00
1.54959707e+00
1.34876679e+00
1.40815629e+00
1.36126984e+00
1.54881563e+00
1.36830281e+00
1.36048840e+00
1.35892552e+00
1.53943834e+00
1.36986569e+00
1.35814408e+00
1.37611722e+00
1.56522589e+00
1.34876679e+00
1.36673993e+00
