2.60844933e+00
2.61626374e+00
2.80927961e+00
2.64908425e+00
2.61860806e+00
2.61938950e+00
2.80302808e+00
2.82647131e+00
2.82490842e+00
2.61391941e+00
2.84053724e+00
2.63736264e+00
2.62173382e+00
2.64126984e+00
2.83663004e+00
2.62329670e+00
2.61548230e+00
2.60844933e+00
2.81553114e+00
2.61548230e+00
2.64517705e+00
2.64048840e+00
2.81240537e+00
2.61548230e+00
2.83350427e+00
2.81318681e+00
2.82490842e+00
2.62095238e+00
2.56781441e+00
2.61704518e+00
2.82881563e+00
2.59985348e+00
2.61001221e+00
2.61235653e+00
2.81865690e+00
2.62720391e+00
2.64205128e+00
2.60610501e+00
2.82412698e+00
2.62173382e+00
2.62798535e+00
2.67799756e+00
2.82256410e+00
2.80302808e+00
2.77880342e+00
2.60532357e+00
2.86632479e+00
2.62564103e+00
2.61548230e+00
2.61313797e+00
2.81006105e+00
2.65924298e+00
2.60923077e+00
2.61157509e+00
2.80693529e+00
2.83115995e+00
2.61235653e+00
2.61548230e+00
2.81787546e+00
2.79365079e+00
2.83741148e+00
2.88195360e+00
2.82256410e+00
2.82178266e+00
2.60297924e+00
2.62798535e+00
2.82490842e+00
2.80615385e+00
2.63970696e+00
2.62485958e+00
2.80537241e+00
2.79286935e+00
2.61704518e+00
2.61704518e+00
2.76551893e+00
2.79990232e+00
2.62329670e+00
2.60610501e+00
2.95306471e+00
3.03120879e+00
2.61548230e+00
2.63032967e+00
2.60610501e+00
2.80380952e+00
2.61548230e+00
2.60688645e+00
2.60923077e+00
2.79990232e+00
2.59985348e+00
2.60063492e+00
2.64361416e+00
2.76083028e+00
2.62251526e+00
2.61235653e+00
2.65142857e+00
3.00229548e+00
2.82490842e+00
2.61860806e+00
2.62407814e+00
2.86710623e+00
2.63423687e+00
2.58735043e+00
2.60532357e+00
2.79833944e+00
2.62798535e+00
2.60219780e+00
2.61860806e+00
2.79521368e+00
2.61938950e+00
2.66002442e+00
2.61548230e+00
2.83428571e+00
2.61313797e+00
2.61860806e+00
2.61001221e+00
3.02886447e+00
2.60923077e+00
2.61001221e+00
2.58813187e+00
2.81084249e+00
2.63032967e+00
2.61860806e+00
2.62017094e+00
2.82568987e+00
2.67174603e+00
2.60532357e+00
2.61470085e+00
2.80849817e+00
2.59125763e+00
2.63658120e+00
2.60532357e+00
2.97103785e+00
2.82725275e+00
2.62173382e+00
2.62173382e+00
2.80615385e+00
2.65299145e+00
2.61548230e+00
2.61626374e+00
2.80224664e+00
2.61704518e+00
2.63501832e+00
2.61235653e+00
2.81240537e+00
2.63032967e+00
2.62407814e+00
2.60688645e+00
2.82256410e+00
2.63111111e+00
2.81943834e+00
2.84991453e+00
2.83663004e+00
2.63423687e+00
2.65377289e+00
2.58188034e+00
2.80302808e+00
2.81709402e+00
2.61470085e+00
2.62876679e+00
2.84991453e+00
2.79990232e+00
2.58656899e+00
2.60454212e+00
2.81709402e+00
2.78192918e+00
2.62564103e+00
2.81474969e+00
3.03980464e+00
2.78349206e+00
2.58891331e+00
2.62485958e+00
2.80380952e+00
2.79443223e+00
2.61313797e+00
2.61313797e+00
2.78974359e+00
2.84366300e+00
2.62329670e+00
2.62251526e+00
2.73426129e+00
2.80537241e+00
2.61704518e+00
2.61313797e+00
2.62251526e+00
2.78739927e+00
2.61235653e+00
2.81162393e+00
2.61860806e+00
2.80615385e+00
2.61548230e+00
2.61235653e+00
2.61079365e+00
2.80849817e+00
2.59907204e+00
2.60688645e+00
2.61548230e+00
2.80302808e+00
2.60923077e+00
2.62173382e+00
2.60454212e+00
2.80537241e+00
2.58656899e+00
2.82647131e+00
2.88507937e+00
2.81787546e+00
2.61938950e+00
2.61548230e+00
2.61157509e+00
2.88195360e+00
2.63501832e+00
2.62017094e+00
2.60297924e+00
2.80693529e+00
2.62407814e+00
2.61782662e+00
2.64595849e+00
2.81162393e+00
2.61626374e+00
2.61313797e+00
2.67643468e+00
3.02339438e+00
2.82803419e+00
2.63111111e+00
2.59750916e+00
2.82100122e+00
2.61938950e+00
2.61391941e+00
2.62642247e+00
2.78114774e+00
2.61938950e+00
2.60923077e+00
2.61235653e+00
2.81162393e+00
2.59985348e+00
2.55140415e+00
2.61704518e+00
2.82178266e+00
2.82803419e+00
2.80615385e+00
2.58735043e+00
2.81474969e+00
2.63111111e+00
2.61782662e+00
2.60844933e+00
2.81787546e+00
2.62564103e+00
2.63111111e+00
2.62407814e+00
2.85929182e+00
2.61391941e+00
2.61079365e+00
2.60532357e+00
2.80615385e+00
2.61001221e+00
2.63579976e+00
2.61860806e+00
2.81474969e+00
2.76004884e+00
2.63267399e+00
2.64048840e+00
2.81162393e+00
2.81006105e+00
2.61391941e+00
2.61470085e+00
2.83975580e+00
2.81553114e+00
2.60766789e+00
2.61860806e+00
2.83272283e+00
2.80849817e+00
2.60688645e+00
2.59594628e+00
2.81162393e+00
3.02183150e+00
2.87570208e+00
2.62485958e+00
2.79990232e+00
2.79990232e+00
2.60376068e+00
2.62564103e+00
2.76395604e+00
2.80849817e+00
2.61391941e+00
2.61626374e+00
2.63970696e+00
2.80615385e+00
2.60141636e+00
2.58500611e+00
2.64595849e+00
2.79912088e+00
2.60766789e+00
2.82256410e+00
2.81709402e+00
2.86163614e+00
2.60688645e+00
2.61782662e+00
2.60297924e+00
2.80302808e+00
2.61782662e+00
2.62876679e+00
2.61079365e+00
2.82568987e+00
2.62954823e+00
2.65064713e+00
2.62642247e+00
2.80459096e+00
2.65064713e+00
2.61704518e+00
2.79990232e+00
3.03277167e+00
2.62954823e+00
2.61938950e+00
2.61860806e+00
2.78974359e+00
2.62798535e+00
2.61938950e+00
2.61157509e+00
2.81709402e+00
2.64752137e+00
2.61235653e+00
2.61704518e+00
2.79052503e+00
2.62251526e+00
2.62095238e+00
2.63579976e+00
2.81318681e+00
2.83115995e+00
2.61860806e+00
2.81240537e+00
2.81240537e+00
2.61235653e+00
2.60376068e+00
2.60923077e+00
2.79208791e+00
2.63970696e+00
2.61704518e+00
2.59125763e+00
2.78505495e+00
2.59438339e+00
2.60766789e+00
2.61860806e+00
2.80302808e+00
2.61704518e+00
2.60688645e+00
2.79677656e+00
3.04293040e+00
2.62642247e+00
2.61079365e+00
2.65299145e+00
2.80224664e+00
2.62642247e+00
2.62642247e+00
2.60610501e+00
2.82412698e+00
2.73504274e+00
2.61782662e+00
2.63736264e+00
2.80146520e+00
2.65377289e+00
2.59985348e+00
2.62017094e+00
2.85538462e+00
3.01948718e+00
2.83741148e+00
2.59360195e+00
2.82412698e+00
2.77333333e+00
2.61313797e+00
2.60844933e+00
2.81084249e+00
2.81553114e+00
2.62954823e+00
2.59047619e+00
2.82334554e+00
2.78583639e+00
2.61470085e+00
2.61548230e+00
2.79990232e+00
2.83741148e+00
2.82256410e+00
2.82256410e+00
2.79990232e+00
2.80459096e+00
2.61235653e+00
2.64283272e+00
2.71863248e+00
2.79912088e+00
2.68268620e+00
2.64908425e+00
2.64673993e+00
2.80615385e+00
2.61860806e+00
2.63111111e+00
2.59829060e+00
2.82021978e+00
2.61548230e+00
2.60688645e+00
2.79599512e+00
2.81318681e+00
2.60844933e+00
2.61079365e+00
2.63892552e+00
2.81240537e+00
2.61860806e+00
2.58969475e+00
2.61860806e+00
2.75223443e+00
2.59594628e+00
2.63501832e+00
2.59360195e+00
2.79990232e+00
2.65846154e+00
2.62095238e+00
2.61938950e+00
2.78661783e+00
2.82647131e+00
2.81943834e+00
2.62485958e+00
2.81787546e+00
2.59907204e+00
2.62720391e+00
2.61391941e+00
2.85147741e+00
2.61313797e+00
2.56625153e+00
2.61860806e+00
2.82725275e+00
2.59438339e+00
2.60063492e+00
2.60376068e+00
2.81474969e+00
2.63111111e+00
2.59985348e+00
2.82100122e+00
3.02886447e+00
2.62720391e+00
2.62798535e+00
2.63501832e+00
2.81709402e+00
2.61938950e+00
2.61313797e+00
2.61079365e+00
2.82412698e+00
2.61704518e+00
2.63267399e+00
2.61235653e+00
2.82256410e+00
2.59594628e+00
2.60844933e+00
2.61470085e+00
2.82178266e+00
2.80380952e+00
2.82490842e+00
2.63345543e+00
2.78896215e+00
2.60688645e+00
2.57406593e+00
2.63579976e+00
2.80302808e+00
2.65299145e+00
2.61548230e+00
2.62407814e+00
2.83584860e+00
2.69440781e+00
2.61626374e+00
2.61626374e+00
2.78818071e+00
2.79521368e+00
2.82647131e+00
2.61001221e+00
2.81943834e+00
2.80537241e+00
2.61470085e+00
2.61548230e+00
2.82568987e+00
2.80459096e+00
2.61782662e+00
2.58500611e+00
2.82178266e+00
2.78661783e+00
2.61626374e+00
2.61782662e+00
2.77489621e+00
2.80693529e+00
2.62485958e+00
2.63814408e+00
2.93665446e+00
2.98822955e+00
2.82568987e+00
2.61001221e+00
2.63267399e+00
2.82568987e+00
2.61157509e+00
2.62642247e+00
2.60532357e+00
2.80693529e+00
2.59594628e+00
2.61235653e+00
2.62329670e+00
2.79990232e+00
2.61235653e+00
2.58969475e+00
2.57562882e+00
2.80615385e+00
2.80224664e+00
2.82959707e+00
2.62485958e+00
2.85929182e+00
2.61626374e+00
2.61704518e+00
2.61782662e+00
2.80615385e+00
2.61860806e+00
2.61860806e+00
2.61548230e+00
2.79052503e+00
2.61782662e+00
2.59985348e+00
2.61860806e+00
2.82021978e+00
2.61548230e+00
2.61548230e+00
2.81943834e+00
3.03511600e+00
2.61548230e+00
2.61391941e+00
2.61079365e+00
2.76942613e+00
2.61470085e+00
2.65221001e+00
2.60532357e+00
2.83819292e+00
2.61391941e+00
2.62017094e+00
2.61548230e+00
2.81553114e+00
2.59282051e+00
2.64205128e+00
2.60610501e+00
3.01401709e+00
2.62173382e+00
2.61235653e+00
2.61782662e+00
2.82334554e+00
2.60844933e+00
2.61626374e+00
2.61938950e+00
2.82178266e+00
2.62407814e+00
2.60923077e+00
2.61391941e+00
2.80615385e+00
2.65689866e+00
2.63345543e+00
2.61313797e+00
2.82881563e+00
2.64205128e+00
2.70378510e+00
2.82881563e+00
3.03902320e+00
2.62407814e+00
2.62485958e+00
2.59985348e+00
2.82021978e+00
2.65533578e+00
2.62564103e+00
2.60844933e+00
2.80849817e+00
2.80615385e+00
2.61391941e+00
2.61235653e+00
2.84835165e+00
2.77177045e+00
2.61782662e+00
2.58813187e+00
3.03433455e+00
3.02964591e+00
2.63579976e+00
2.60923077e+00
2.79833944e+00
2.80615385e+00
2.62485958e+00
2.64048840e+00
2.80224664e+00
2.79599512e+00
2.61782662e+00
2.59047619e+00
2.77958486e+00
2.80771673e+00
2.61626374e+00
2.62720391e+00
2.68659341e+00
2.80771673e+00
2.82568987e+00
2.82725275e+00
2.60923077e+00
2.80693529e+00
2.62017094e+00
2.62095238e+00
2.60923077e+00
2.80771673e+00
2.63579976e+00
2.58813187e+00
2.61470085e+00
2.82881563e+00
2.61626374e+00
2.61235653e+00
2.65064713e+00
2.80380952e+00
2.62173382e+00
2.82725275e+00
2.59907204e+00
2.82100122e+00
2.62407814e+00
2.59360195e+00
2.61079365e+00
2.81474969e+00
2.61548230e+00
2.62095238e+00
2.63267399e+00
2.80927961e+00
2.61001221e+00
2.54202686e+00
2.61626374e+00
2.87804640e+00
2.63345543e+00
2.61860806e+00
2.62642247e+00
2.80927961e+00
2.87882784e+00
2.62095238e+00
2.71238095e+00
2.79990232e+00
2.62017094e+00
2.61313797e+00
2.60688645e+00
2.77724054e+00
2.59438339e+00
2.62642247e+00
2.59125763e+00
2.81240537e+00
2.60063492e+00
2.65689866e+00
2.61704518e+00
2.82725275e+00
2.62095238e+00
2.81787546e+00
2.83037851e+00
2.81865690e+00
2.61860806e+00
2.62329670e+00
2.59829060e+00
2.79208791e+00
2.62173382e+00
2.61235653e+00
2.60923077e+00
2.80771673e+00
2.59907204e+00
2.61313797e+00
2.64048840e+00
2.81631258e+00
2.63970696e+00
2.61548230e+00
2.81240537e+00
3.03355311e+00
2.63658120e+00
2.59047619e+00
2.63111111e+00
2.81162393e+00
2.76942613e+00
2.60141636e+00
2.60063492e+00
2.81474969e+00
2.79755800e+00
2.59907204e+00
2.59985348e+00
2.80380952e+00
2.75692308e+00
2.60532357e+00
2.61235653e+00
2.84131868e+00
2.99760684e+00
2.82412698e+00
2.61548230e+00
2.80849817e+00
2.80302808e+00
2.61548230e+00
2.62251526e+00
2.79052503e+00
2.79990232e+00
2.63267399e+00
2.61470085e+00
2.73035409e+00
2.81162393e+00
2.61391941e+00
2.61157509e+00
2.63032967e+00
2.83741148e+00
2.61079365e+00
2.61938950e+00
2.81553114e+00
2.81631258e+00
2.59438339e+00
2.60923077e+00
2.61235653e+00
2.79755800e+00
2.61157509e+00
2.71550672e+00
2.61626374e+00
2.80693529e+00
2.64048840e+00
2.60688645e+00
2.59672772e+00
2.80693529e+00
2.60376068e+00
2.60923077e+00
2.60454212e+00
3.01792430e+00
2.82803419e+00
2.62485958e+00
2.61626374e+00
2.80693529e+00
2.63892552e+00
2.61548230e+00
2.60219780e+00
2.80615385e+00
2.62251526e+00
2.60844933e+00
2.61391941e+00
2.85616606e+00
2.65611722e+00
2.62485958e+00
2.60688645e+00
2.81631258e+00
2.63189255e+00
2.78192918e+00
2.82178266e+00
2.81865690e+00
2.61938950e+00
2.72097680e+00
2.59985348e+00
2.81787546e+00
2.58656899e+00
2.61470085e+00
2.61157509e+00
2.78583639e+00
2.62173382e+00
2.59594628e+00
2.61782662e+00
2.81240537e+00
2.63111111e+00
2.62173382e+00
2.62798535e+00
3.03746032e+00
2.62564103e+00
2.62251526e+00
2.61001221e+00
2.79677656e+00
2.62876679e+00
2.61391941e+00
2.59438339e+00
2.81943834e+00
2.64908425e+00
2.61470085e+00
2.63345543e+00
2.82021978e+00
2.62798535e+00
2.65299145e+00
2.62017094e+00
2.80380952e+00
2.71238095e+00
2.82725275e+00
2.82881563e+00
2.82178266e+00
2.81865690e+00
2.63423687e+00
2.61235653e+00
2.83115995e+00
2.80615385e+00
2.61470085e+00
2.63423687e+00
2.81396825e+00
2.78661783e+00
2.60844933e+00
2.61235653e+00
2.83428571e+00
2.79990232e+00
2.60923077e+00
2.61079365e+00
2.92258852e+00
3.02808303e+00
2.61548230e+00
2.61704518e+00
2.74520147e+00
2.80693529e+00
2.61235653e+00
2.61235653e+00
2.63892552e+00
2.79365079e+00
2.62876679e+00
2.62251526e+00
2.60844933e+00
2.81396825e+00
2.62017094e+00
2.69362637e+00
2.60688645e+00
3.01636142e+00
2.82412698e+00
2.62173382e+00
2.56547009e+00
2.79365079e+00
2.60844933e+00
2.61860806e+00
2.63345543e+00
2.91711844e+00
2.64048840e+00
2.61548230e+00
2.60844933e+00
2.82178266e+00
2.62720391e+00
2.54905983e+00
2.60923077e+00
2.81474969e+00
2.61470085e+00
2.81865690e+00
2.66549451e+00
2.81162393e+00
2.62720391e+00
2.61001221e+00
2.58031746e+00
2.81709402e+00
2.62720391e+00
2.61157509e+00
2.61782662e+00
2.84366300e+00
2.60297924e+00
2.61860806e+00
2.70847375e+00
2.81553114e+00
2.60376068e+00
2.62485958e+00
2.62173382e+00
3.02261294e+00
2.83741148e+00
2.65924298e+00
2.60454212e+00
2.81084249e+00
2.62876679e+00
2.63501832e+00
2.54749695e+00
2.81631258e+00
2.62798535e+00
2.61235653e+00
2.60923077e+00
2.82178266e+00
2.62876679e+00
2.61313797e+00
2.63892552e+00
2.81006105e+00
2.63579976e+00
2.81084249e+00
2.82959707e+00
2.78271062e+00
2.59203907e+00
2.62485958e+00
2.66236874e+00
2.81787546e+00
2.61079365e+00
2.61626374e+00
2.58500611e+00
2.79443223e+00
2.72332112e+00
2.63423687e+00
2.61704518e+00
2.88507937e+00
2.79365079e+00
2.62173382e+00
2.61079365e+00
3.04918193e+00
3.08043956e+00
2.58969475e+00
2.61548230e+00
2.81865690e+00
2.82178266e+00
2.72019536e+00
2.61470085e+00
2.81865690e+00
2.79208791e+00
2.61313797e+00
2.61391941e+00
2.81006105e+00
2.80302808e+00
2.66236874e+00
2.62251526e+00
2.85616606e+00
3.01636142e+00
2.61470085e+00
2.62485958e+00
2.69206349e+00
2.84757021e+00
2.57641026e+00
2.60923077e+00
2.58188034e+00
2.79677656e+00
2.62720391e+00
2.63423687e+00
2.61860806e+00
2.79990232e+00
2.60923077e+00
2.63501832e+00
2.54671551e+00
2.79990232e+00
2.60766789e+00
2.62407814e+00
2.90070818e+00
3.06559219e+00
2.61626374e+00
2.65299145e+00
2.61157509e+00
2.79755800e+00
2.65221001e+00
2.61704518e+00
2.63658120e+00
2.81006105e+00
2.58813187e+00
2.58344322e+00
2.61548230e+00
2.81396825e+00
2.60063492e+00
2.63658120e+00
2.58422466e+00
3.02183150e+00
2.84678877e+00
2.61079365e+00
2.64048840e+00
2.77802198e+00
2.61391941e+00
2.66862027e+00
2.62485958e+00
2.81631258e+00
2.64205128e+00
2.61001221e+00
2.63267399e+00
2.82334554e+00
2.60688645e+00
2.61157509e+00
2.61938950e+00
2.81006105e+00
2.61157509e+00
2.81240537e+00
2.81709402e+00
2.83037851e+00
2.64439560e+00
2.64517705e+00
2.66705739e+00
2.82490842e+00
2.63189255e+00
2.61626374e+00
2.62251526e+00
2.79677656e+00
2.66783883e+00
2.61782662e+00
2.60610501e+00
2.80693529e+00
2.63032967e+00
2.60923077e+00
2.81865690e+00
2.80615385e+00
2.62407814e+00
2.62407814e+00
2.68112332e+00
2.81865690e+00
2.62798535e+00
2.66315018e+00
2.61548230e+00
2.80615385e+00
2.81318681e+00
2.62017094e+00
2.61313797e+00
2.82959707e+00
2.79208791e+00
2.61313797e+00
2.58813187e+00
2.82256410e+00
2.80224664e+00
2.79443223e+00
2.62407814e+00
2.82412698e+00
2.77098901e+00
2.61235653e+00
2.59672772e+00
2.81396825e+00
2.82256410e+00
2.62017094e+00
2.61313797e+00
2.79599512e+00
2.80380952e+00
2.68346764e+00
2.62876679e+00
2.75457875e+00
2.79833944e+00
2.62485958e+00
2.87882784e+00
2.85304029e+00
2.80615385e+00
2.57719170e+00
2.61313797e+00
2.60844933e+00
2.82412698e+00
2.61157509e+00
2.61391941e+00
2.61626374e+00
2.79990232e+00
2.58422466e+00
2.63423687e+00
2.58656899e+00
2.80927961e+00
2.63032967e+00
2.60688645e+00
2.81474969e+00
3.02573871e+00
2.61548230e+00
2.71472527e+00
2.61626374e+00
2.80224664e+00
2.64048840e+00
2.60923077e+00
2.61079365e+00
2.80224664e+00
2.61470085e+00
2.62564103e+00
2.61079365e+00
2.81553114e+00
2.68815629e+00
2.62173382e+00
2.65846154e+00
2.81396825e+00
2.82412698e+00
2.79286935e+00
2.62017094e+00
2.81396825e+00
2.62720391e+00
2.59750916e+00
2.59282051e+00
2.80849817e+00
2.62564103e+00
2.60923077e+00
2.63736264e+00
2.82178266e+00
2.61548230e+00
2.68424908e+00
2.61626374e+00
2.82490842e+00
2.59282051e+00
2.61235653e+00
2.63189255e+00
2.99995116e+00
2.62173382e+00
2.59907204e+00
2.59360195e+00
2.80927961e+00
2.62485958e+00
2.61079365e+00
2.67096459e+00
2.81553114e+00
2.61548230e+00
2.60923077e+00
2.61235653e+00
2.80771673e+00
2.61782662e+00
2.58578755e+00
2.61157509e+00
2.81865690e+00
2.76864469e+00
2.83350427e+00
2.61157509e+00
2.81474969e+00
2.69597070e+00
2.62876679e+00
2.62095238e+00
2.82959707e+00
2.80771673e+00
2.59907204e+00
2.58344322e+00
2.82021978e+00
2.79990232e+00
2.64361416e+00
2.61938950e+00
2.81943834e+00
2.80146520e+00
2.79443223e+00
2.83663004e+00
2.82647131e+00
2.82412698e+00
2.61001221e+00
2.67174603e+00
2.84053724e+00
2.85225885e+00
2.62017094e+00
2.60923077e+00
2.73973138e+00
2.80224664e+00
2.64048840e+00
2.68190476e+00
2.68346764e+00
2.80224664e+00
2.62251526e+00
2.55609280e+00
2.79443223e+00
3.03589744e+00
2.69675214e+00
2.61235653e+00
2.66080586e+00
2.78818071e+00
2.61313797e+00
2.61001221e+00
2.62329670e+00
2.78739927e+00
2.61548230e+00
2.61391941e+00
2.58578755e+00
2.76786325e+00
2.61548230e+00
2.65611722e+00
2.60688645e+00
2.79990232e+00
2.63892552e+00
2.83663004e+00
2.61001221e+00
2.81396825e+00
2.58344322e+00
2.60376068e+00
2.60923077e+00
2.79208791e+00
2.61157509e+00
2.62017094e+00
2.61626374e+00
2.81318681e+00
2.61626374e+00
2.61001221e+00
2.63345543e+00
2.80459096e+00
2.62173382e+00
2.60766789e+00
2.81943834e+00
3.03433455e+00
2.62017094e+00
2.58735043e+00
2.59672772e+00
2.81006105e+00
2.62954823e+00
2.62017094e+00
2.59985348e+00
2.79912088e+00
2.62485958e+00
2.64205128e+00
2.60844933e+00
2.75692308e+00
2.64283272e+00
2.62954823e+00
2.63892552e+00
2.81240537e+00
2.82256410e+00
2.87492063e+00
2.62642247e+00
2.79833944e+00
2.63189255e+00
2.61235653e+00
2.60844933e+00
2.80927961e+00
2.63970696e+00
2.62485958e+00
2.59047619e+00
2.81943834e+00
2.61782662e+00
2.61391941e+00
2.61313797e+00
2.80771673e+00
2.66236874e+00
2.61782662e+00
2.74676435e+00
2.81865690e+00
2.78114774e+00
2.55765568e+00
2.62173382e+00
2.81631258e+00
2.79755800e+00
2.60844933e+00
2.61235653e+00
2.81240537e+00
2.79208791e+00
2.60610501e+00
2.62173382e+00
2.88742369e+00
2.80068376e+00
2.62407814e+00
2.60923077e+00
2.82412698e+00
3.03277167e+00
2.82881563e+00
2.62173382e+00
2.77958486e+00
2.81162393e+00
2.64908425e+00
2.60923077e+00
2.70300366e+00
2.80771673e+00
2.59672772e+00
2.63032967e+00
2.61470085e+00
2.82412698e+00
2.62798535e+00
2.61001221e+00
2.61001221e+00
2.80693529e+00
2.59125763e+00
2.83584860e+00
2.82412698e+00
2.78974359e+00
2.62485958e+00
2.59594628e+00
2.62407814e+00
2.83897436e+00
2.65142857e+00
2.61391941e+00
2.62407814e+00
2.80302808e+00
2.62407814e+00
2.63579976e+00
2.60766789e+00
2.87960928e+00
2.63736264e+00
2.61235653e+00
2.78739927e+00
3.03199023e+00
2.62251526e+00
2.63579976e+00
2.60766789e+00
2.79990232e+00
2.61313797e+00
2.61157509e+00
2.62017094e+00
2.81631258e+00
2.60141636e+00
2.61235653e+00
2.62720391e+00
2.84053724e+00
2.62329670e+00
2.60766789e+00
2.61470085e+00
2.81318681e+00
2.82568987e+00
2.61235653e+00
2.59047619e+00
2.83350427e+00
2.62485958e+00
2.62798535e+00
2.61391941e+00
2.82100122e+00
2.62485958e+00
2.56000000e+00
2.60610501e+00
2.81240537e+00
2.64048840e+00
2.61235653e+00
2.65768010e+00
2.82256410e+00
2.61938950e+00
2.62017094e+00
2.61704518e+00
3.03980464e+00
2.67018315e+00
2.60610501e+00
2.61001221e+00
2.79052503e+00
2.61938950e+00
2.61548230e+00
2.61235653e+00
2.77255189e+00
2.61548230e+00
2.61079365e+00
2.66627595e+00
2.81240537e+00
2.68424908e+00
2.61938950e+00
2.61235653e+00
2.83272283e+00
3.02808303e+00
2.94056166e+00
2.61235653e+00
2.81943834e+00
2.80771673e+00
2.61860806e+00
2.59125763e+00
2.81474969e+00
2.78583639e+00
2.62173382e+00
2.61782662e+00
2.81474969e+00
2.80224664e+00
2.71941392e+00
2.61313797e+00
2.79365079e+00
2.81240537e+00
2.62017094e+00
2.74442002e+00
2.96244200e+00
2.81553114e+00
2.63423687e+00
2.62564103e+00
2.60766789e+00
2.81006105e+00
2.60688645e+00
2.59047619e+00
2.61001221e+00
2.80302808e+00
2.61938950e+00
2.61235653e+00
2.61235653e+00
2.80849817e+00
2.59203907e+00
2.59047619e+00
2.81162393e+00
2.81162393e+00
2.61782662e+00
2.60454212e+00
2.60063492e+00
2.80693529e+00
2.53343101e+00
2.60766789e+00
2.58969475e+00
2.80459096e+00
2.61782662e+00
2.60844933e+00
2.60532357e+00
2.81474969e+00
2.62564103e+00
2.61470085e+00
2.59907204e+00
2.80537241e+00
2.60688645e+00
2.79130647e+00
2.83194139e+00
2.77567766e+00
2.61548230e+00
2.60610501e+00
2.60297924e+00
2.80927961e+00
2.62173382e+00
2.61548230e+00
2.59750916e+00
2.83350427e+00
2.61938950e+00
2.61548230e+00
2.62564103e+00
2.81865690e+00
2.65377289e+00
2.60688645e+00
2.79912088e+00
3.03511600e+00
2.85069597e+00
2.61235653e+00
2.61313797e+00
2.81553114e+00
2.61860806e+00
2.62720391e+00
2.61860806e+00
2.81865690e+00
2.59282051e+00
2.62017094e+00
2.60844933e+00
2.81162393e+00
2.61235653e+00
2.61157509e+00
2.61860806e+00
2.82256410e+00
2.78896215e+00
2.83272283e+00
2.59985348e+00
2.82256410e+00
2.66236874e+00
2.61548230e+00
2.61626374e+00
2.87648352e+00
2.64986569e+00
2.54046398e+00
2.59829060e+00
2.81865690e+00
2.82490842e+00
2.62173382e+00
2.64986569e+00
2.72800977e+00
2.79990232e+00
2.60219780e+00
2.76786325e+00
2.83115995e+00
3.03120879e+00
2.62173382e+00
2.61313797e+00
2.80224664e+00
2.82100122e+00
2.61001221e+00
2.63736264e+00
2.79990232e+00
2.81240537e+00
2.58266178e+00
2.59985348e+00
2.76004884e+00
2.80302808e+00
2.61470085e+00
2.63658120e+00
2.64673993e+00
3.02105006e+00
2.80537241e+00
2.83350427e+00
2.57406593e+00
2.80302808e+00
2.61470085e+00
2.63267399e+00
2.61548230e+00
2.80615385e+00
2.61782662e+00
2.61626374e+00
2.61704518e+00
2.81631258e+00
2.65377289e+00
2.66236874e+00
2.61313797e+00
2.81084249e+00
2.57484737e+00
2.84678877e+00
2.82881563e+00
2.83037851e+00
2.67487179e+00
2.63501832e+00
2.56937729e+00
2.80615385e+00
2.62173382e+00
2.61313797e+00
2.65455433e+00
2.78505495e+00
2.60532357e+00
2.60532357e+00
2.62485958e+00
2.79912088e+00
2.58422466e+00
2.65611722e+00
2.62173382e+00
3.02573871e+00
2.84366300e+00
2.66236874e+00
2.61470085e+00
2.81787546e+00
2.61079365e+00
2.62095238e+00
2.62564103e+00
2.80302808e+00
2.61313797e+00
2.61860806e+00
2.61313797e+00
2.82178266e+00
2.56390720e+00
2.62954823e+00
2.58813187e+00
2.83194139e+00
2.59907204e+00
2.59516484e+00
2.82881563e+00
3.00698413e+00
2.62485958e+00
2.61470085e+00
2.63970696e+00
2.80849817e+00
2.62954823e+00
2.59360195e+00
2.61860806e+00
2.82725275e+00
2.63345543e+00
2.59594628e+00
2.62251526e+00
2.81318681e+00
2.63736264e+00
2.62095238e+00
2.63189255e+00
2.82959707e+00
2.94525031e+00
2.84678877e+00
2.61548230e+00
2.82178266e+00
2.81318681e+00
2.64205128e+00
2.64048840e+00
2.81553114e+00
2.80927961e+00
2.60376068e+00
2.59829060e+00
2.78739927e+00
2.79912088e+00
2.62095238e+00
2.61860806e+00
2.81553114e+00
2.84600733e+00
2.62329670e+00
2.81006105e+00
3.01792430e+00
2.81084249e+00
2.60297924e+00
2.61235653e+00
2.74676435e+00
2.81553114e+00
2.61313797e+00
2.59282051e+00
2.64908425e+00
2.81631258e+00
2.60141636e+00
2.61313797e+00
2.60844933e+00
2.81084249e+00
2.70612943e+00
2.62564103e+00
2.73113553e+00
2.80927961e+00
2.61470085e+00
2.62954823e+00
2.61470085e+00
2.80849817e+00
2.61626374e+00
2.61313797e+00
2.62173382e+00
2.80615385e+00
2.60766789e+00
2.63970696e+00
2.61860806e+00
2.90852259e+00
2.61782662e+00
2.61782662e+00
2.56859585e+00
2.80537241e+00
2.61313797e+00
2.83115995e+00
2.82725275e+00
2.81553114e+00
2.61470085e+00
2.55765568e+00
2.59750916e+00
2.81162393e+00
2.62173382e+00
2.61704518e+00
2.60610501e+00
2.78661783e+00
2.60844933e+00
2.62329670e+00
2.61001221e+00
2.82490842e+00
2.59985348e+00
2.60532357e+00
2.73347985e+00
3.03511600e+00
2.82803419e+00
2.60219780e+00
2.61079365e+00
2.81006105e+00
2.60610501e+00
2.55921856e+00
2.65455433e+00
2.81709402e+00
2.60923077e+00
2.61235653e+00
2.60063492e+00
2.82490842e+00
2.61704518e+00
2.61782662e+00
2.61391941e+00
2.77802198e+00
2.82568987e+00
2.82490842e+00
2.61235653e+00
2.83428571e+00
2.63501832e+00
2.59282051e+00
2.61704518e+00
2.90539683e+00
2.61938950e+00
2.58735043e+00
2.61626374e+00
2.82803419e+00
2.65299145e+00
2.62642247e+00
2.58735043e+00
2.83584860e+00
2.80771673e+00
2.61860806e+00
2.61938950e+00
2.79677656e+00
2.80537241e+00
2.61782662e+00
2.61470085e+00
2.81787546e+00
2.80302808e+00
2.58813187e+00
2.62017094e+00
2.81240537e+00
2.77880342e+00
2.59985348e+00
2.61704518e+00
2.81553114e+00
2.84210012e+00
2.62173382e+00
2.62329670e+00
2.75301587e+00
3.02026862e+00
2.82256410e+00
2.62720391e+00
2.67721612e+00
2.82490842e+00
2.61391941e+00
2.62329670e+00
2.61548230e+00
2.80459096e+00
2.57875458e+00
2.61235653e+00
2.71238095e+00
2.79912088e+00
2.63579976e+00
2.61860806e+00
2.61860806e+00
2.79443223e+00
2.63736264e+00
2.83037851e+00
2.81865690e+00
2.80771673e+00
2.66705739e+00
2.61391941e+00
2.62720391e+00
2.81474969e+00
2.61391941e+00
2.55609280e+00
2.61391941e+00
2.81240537e+00
2.63579976e+00
2.62251526e+00
2.58735043e+00
2.81631258e+00
2.62329670e+00
2.66549451e+00
2.81084249e+00
2.99916972e+00
2.61626374e+00
2.58188034e+00
2.61235653e+00
2.80771673e+00
2.61001221e+00
2.61782662e+00
2.62798535e+00
2.75067155e+00
2.61860806e+00
2.67174603e+00
2.62720391e+00
2.86788767e+00
2.58735043e+00
2.62954823e+00
2.59438339e+00
2.80224664e+00
2.81162393e+00
2.60844933e+00
2.65689866e+00
2.80224664e+00
2.61391941e+00
2.60532357e+00
2.66158730e+00
2.81553114e+00
2.65533578e+00
2.62954823e+00
2.60141636e+00
2.79990232e+00
2.62876679e+00
2.59750916e+00
2.58891331e+00
2.83741148e+00
2.61001221e+00
2.60610501e+00
2.82021978e+00
3.03902320e+00
2.60844933e+00
2.61391941e+00
2.61938950e+00
2.84913309e+00
2.62642247e+00
2.59438339e+00
2.61470085e+00
2.81474969e+00
2.77489621e+00
2.69362637e+00
2.59750916e+00
2.81709402e+00
2.80459096e+00
2.59985348e+00
2.62017094e+00
2.83741148e+00
3.03199023e+00
2.82803419e+00
2.62173382e+00
2.82881563e+00
2.80615385e+00
2.64595849e+00
2.61548230e+00
2.75614164e+00
2.81943834e+00
2.61391941e+00
2.59985348e+00
2.78427350e+00
2.77802198e+00
2.67330891e+00
2.62564103e+00
2.69909646e+00
2.80771673e+00
2.83819292e+00
2.83428571e+00
2.65846154e+00
2.81631258e+00
2.62485958e+00
2.59750916e+00
2.61938950e+00
2.80302808e+00
2.62407814e+00
2.61548230e+00
2.61548230e+00
2.79208791e+00
2.63658120e+00
2.62173382e+00
2.60610501e+00
2.80302808e+00
2.61235653e+00
2.80537241e+00
2.82178266e+00
2.81084249e+00
2.62798535e+00
2.60844933e+00
2.61235653e+00
2.81318681e+00
2.61235653e+00
2.61391941e+00
2.62017094e+00
2.81162393e+00
2.61001221e+00
2.61548230e+00
2.60532357e+00
2.80693529e+00
2.60219780e+00
2.60923077e+00
2.61782662e+00
2.84288156e+00
2.81162393e+00
2.63814408e+00
2.59829060e+00
2.81162393e+00
2.64283272e+00
2.59829060e+00
2.61313797e+00
2.81553114e+00
2.62954823e+00
2.62642247e+00
2.62173382e+00
2.81006105e+00
2.61391941e+00
2.61938950e+00
2.63032967e+00
2.80537241e+00
2.60219780e+00
2.77020757e+00
2.82334554e+00
2.84131868e+00
2.62173382e+00
2.61157509e+00
2.63267399e+00
2.81865690e+00
2.63658120e+00
2.63423687e+00
2.61626374e+00
2.85225885e+00
2.62017094e+00
2.63267399e+00
2.59594628e+00
2.81474969e+00
2.61235653e+00
2.61157509e+00
2.83975580e+00
3.03589744e+00
2.63189255e+00
2.64595849e+00
2.61626374e+00
2.82803419e+00
2.65142857e+00
2.61548230e+00
2.61391941e+00
2.81396825e+00
2.80771673e+00
2.62017094e+00
2.61704518e+00
2.84288156e+00
2.80380952e+00
2.68971917e+00
2.57250305e+00
2.84913309e+00
3.00385836e+00
2.82490842e+00
2.59672772e+00
2.82568987e+00
2.80146520e+00
2.62173382e+00
2.62017094e+00
2.81240537e+00
2.78661783e+00
2.62564103e+00
2.61548230e+00
2.77098901e+00
2.78427350e+00
2.61079365e+00
2.60610501e+00
2.70144078e+00
2.82178266e+00
2.59360195e+00
2.60297924e+00
2.81865690e+00
3.03433455e+00
2.62095238e+00
2.61938950e+00
2.60844933e+00
2.81553114e+00
2.60844933e+00
2.63111111e+00
2.62564103e+00
2.77724054e+00
2.62329670e+00
2.61704518e+00
2.60219780e+00
2.83897436e+00
2.64361416e+00
2.61470085e+00
2.61626374e+00
3.00698413e+00
2.80693529e+00
2.82256410e+00
2.62798535e+00
2.78896215e+00
2.60923077e+00
2.71472527e+00
2.61782662e+00
2.80693529e+00
2.60063492e+00
2.59360195e+00
2.65768010e+00
2.84600733e+00
2.60219780e+00
2.62251526e+00
2.61391941e+00
2.79599512e+00
2.62876679e+00
2.81318681e+00
2.82725275e+00
2.82412698e+00
2.63814408e+00
2.58969475e+00
2.61860806e+00
2.80849817e+00
2.65611722e+00
2.59985348e+00
2.58188034e+00
2.80849817e+00
2.60532357e+00
2.61391941e+00
2.60532357e+00
2.80615385e+00
2.62485958e+00
2.61470085e+00
2.61157509e+00
3.08747253e+00
2.61470085e+00
2.61001221e+00
2.61548230e+00
2.81006105e+00
2.65611722e+00
2.59750916e+00
2.61235653e+00
2.81474969e+00
2.60923077e+00
2.65142857e+00
2.62173382e+00
2.80693529e+00
2.68034188e+00
2.60688645e+00
2.57406593e+00
2.80302808e+00
2.63189255e+00
2.60376068e+00
2.83663004e+00
2.82568987e+00
2.79599512e+00
2.62876679e+00
2.59829060e+00
2.81084249e+00
2.82490842e+00
2.60610501e+00
2.61157509e+00
2.81865690e+00
2.80927961e+00
2.63501832e+00
2.63267399e+00
2.81865690e+00
2.82959707e+00
2.62329670e+00
2.63267399e+00
3.00620269e+00
3.02964591e+00
2.60688645e+00
2.58578755e+00
2.77724054e+00
2.80146520e+00
2.61548230e+00
2.61157509e+00
2.72253968e+00
2.81396825e+00
2.61626374e+00
2.63736264e+00
2.61001221e+00
2.76864469e+00
2.60766789e+00
2.60844933e+00
2.60923077e+00
2.84444444e+00
2.80849817e+00
2.60923077e+00
2.67330891e+00
2.82959707e+00
2.67018315e+00
2.63736264e+00
2.61548230e+00
2.82490842e+00
2.62485958e+00
2.63345543e+00
2.58031746e+00
2.81943834e+00
2.60923077e+00
2.61548230e+00
2.60297924e+00
2.82881563e+00
2.60844933e+00
2.81553114e+00
2.61860806e+00
2.81006105e+00
2.62095238e+00
2.61157509e+00
2.62173382e+00
2.80615385e+00
2.61235653e+00
2.63267399e+00
2.61079365e+00
2.81474969e+00
2.61235653e+00
2.59829060e+00
2.61001221e+00
2.81865690e+00
2.60454212e+00
2.61704518e+00
2.61548230e+00
2.79208791e+00
2.82021978e+00
2.62564103e+00
2.60844933e+00
2.80615385e+00
2.65377289e+00
2.61470085e+00
2.60063492e+00
2.81162393e+00
2.64126984e+00
2.63111111e+00
2.61548230e+00
2.81240537e+00
2.62485958e+00
2.62642247e+00
2.63267399e+00
2.82490842e+00
2.61860806e+00
2.82647131e+00
2.67956044e+00
2.78505495e+00
2.63345543e+00
2.62642247e+00
2.61938950e+00
2.81318681e+00
2.62251526e+00
2.61782662e+00
2.64439560e+00
2.81162393e+00
2.66705739e+00
2.55609280e+00
2.62173382e+00
2.82178266e+00
2.68190476e+00
2.59985348e+00
2.81318681e+00
3.04996337e+00
2.81474969e+00
2.63032967e+00
2.61235653e+00
2.87726496e+00
2.81240537e+00
2.62173382e+00
2.62564103e+00
2.78114774e+00
2.80693529e+00
2.62642247e+00
2.67487179e+00
2.81709402e+00
2.80771673e+00
2.64595849e+00
2.60923077e+00
2.79521368e+00
3.01636142e+00
2.84053724e+00
2.60844933e+00
2.75926740e+00
2.76473748e+00
2.63032967e+00
2.60923077e+00
2.67252747e+00
2.79990232e+00
2.61548230e+00
2.61626374e+00
2.63423687e+00
2.83819292e+00
2.61079365e+00
2.61626374e+00
2.61548230e+00
2.82881563e+00
2.63736264e+00
2.60923077e+00
2.82490842e+00
3.03042735e+00
2.71238095e+00
2.59203907e+00
2.61235653e+00
2.80146520e+00
2.62407814e+00
2.58891331e+00
2.62329670e+00
2.80537241e+00
2.61626374e+00
2.63423687e+00
2.62095238e+00
2.78114774e+00
2.61782662e+00
2.63032967e+00
2.60923077e+00
3.02652015e+00
2.83663004e+00
2.61626374e+00
2.63892552e+00
2.81084249e+00
2.59360195e+00
2.58969475e+00
2.61235653e+00
2.82334554e+00
2.62485958e+00
2.53890110e+00
2.65299145e+00
2.81240537e+00
2.61860806e+00
2.61548230e+00
2.64986569e+00
2.73035409e+00
2.61235653e+00
2.79208791e+00
2.83663004e+00
2.82803419e+00
2.59282051e+00
2.61548230e+00
2.59985348e+00
2.81631258e+00
2.62798535e+00
2.69675214e+00
2.62251526e+00
2.83115995e+00
2.63579976e+00
2.63111111e+00
2.56625153e+00
2.81865690e+00
2.60297924e+00
2.62095238e+00
2.59672772e+00
3.02495726e+00
2.61782662e+00
2.65846154e+00
2.60610501e+00
2.81787546e+00
2.62095238e+00
2.61704518e+00
2.62485958e+00
2.82334554e+00
2.72019536e+00
2.62173382e+00
2.60688645e+00
2.78818071e+00
2.82021978e+00
2.61938950e+00
2.61626374e+00
2.82021978e+00
2.79599512e+00
2.81240537e+00
2.82178266e+00
2.83350427e+00
2.79990232e+00
2.61548230e+00
2.64283272e+00
2.81006105e+00
2.76786325e+00
2.61313797e+00
2.60141636e+00
2.78739927e+00
2.80302808e+00
2.59672772e+00
2.60923077e+00
2.77489621e+00
2.79990232e+00
2.65611722e+00
2.60141636e+00
2.93118437e+00
3.02886447e+00
2.59829060e+00
2.61860806e+00
2.58656899e+00
2.80615385e+00
2.61391941e+00
2.60610501e+00
2.63970696e+00
2.83741148e+00
2.62485958e+00
2.61001221e+00
2.62329670e+00
2.80849817e+00
2.64673993e+00
2.61860806e+00
2.58891331e+00
2.80693529e+00
2.80615385e+00
2.83194139e+00
2.61079365e+00
2.80771673e+00
2.62720391e+00
2.61157509e+00
2.60454212e+00
2.81162393e+00
2.62095238e+00
2.60923077e+00
2.61391941e+00
2.80693529e+00
2.61548230e+00
2.60844933e+00
2.59360195e+00
2.81084249e+00
2.59985348e+00
2.61704518e+00
2.60532357e+00
2.81240537e+00
2.64673993e+00
2.66236874e+00
2.62720391e+00
2.77880342e+00
2.62485958e+00
2.60610501e+00
2.62876679e+00
2.82568987e+00
2.61470085e+00
2.66236874e+00
2.61470085e+00
2.81240537e+00
2.61704518e+00
2.60844933e+00
2.59516484e+00
2.80693529e+00
2.85225885e+00
2.83506716e+00
2.60688645e+00
2.81318681e+00
2.62251526e+00
2.63267399e+00
2.61782662e+00
2.83506716e+00
2.60844933e+00
2.61470085e+00
2.61157509e+00
2.81865690e+00
2.62017094e+00
2.62798535e+00
2.61860806e+00
2.82256410e+00
2.60923077e+00
2.60297924e+00
2.84522589e+00
3.02730159e+00
2.66862027e+00
2.61626374e+00
2.60844933e+00
2.84131868e+00
2.80615385e+00
2.67799756e+00
2.62095238e+00
2.86085470e+00
2.77567766e+00
2.61470085e+00
2.59985348e+00
2.81865690e+00
2.79912088e+00
2.60141636e+00
2.61313797e+00
2.81162393e+00
3.01323565e+00
2.60688645e+00
2.59829060e+00
2.81631258e+00
2.82178266e+00
2.61079365e+00
2.61079365e+00
2.77177045e+00
2.79990232e+00
2.67018315e+00
2.61860806e+00
2.66940171e+00
2.82803419e+00
2.62329670e+00
2.60688645e+00
2.61235653e+00
2.79443223e+00
2.60688645e+00
2.61782662e+00
2.81396825e+00
3.03277167e+00
2.61235653e+00
2.61391941e+00
2.61626374e+00
2.80459096e+00
2.61001221e+00
2.58735043e+00
2.60063492e+00
2.79833944e+00
2.59282051e+00
2.61626374e+00
2.62173382e+00
2.82959707e+00
2.61079365e+00
2.63267399e+00
2.61938950e+00
3.04449328e+00
2.86319902e+00
2.82334554e+00
2.61313797e+00
2.83428571e+00
2.61704518e+00
2.62876679e+00
2.63501832e+00
2.83897436e+00
2.62642247e+00
2.55296703e+00
2.66236874e+00
2.80537241e+00
2.58969475e+00
2.63970696e+00
2.59516484e+00
2.81709402e+00
2.62095238e+00
2.86398046e+00
2.84131868e+00
2.79052503e+00
2.63501832e+00
2.62095238e+00
2.63658120e+00
2.81553114e+00
2.61001221e+00
2.63736264e+00
2.64595849e+00
2.81240537e+00
2.61782662e+00
2.61548230e+00
2.58109890e+00
2.80927961e+00
2.62095238e+00
2.62329670e+00
2.64752137e+00
3.02730159e+00
2.62329670e+00
2.60688645e+00
2.63345543e+00
2.81865690e+00
2.62954823e+00
2.60688645e+00
2.61391941e+00
2.82021978e+00
2.63423687e+00
2.61860806e+00
2.61548230e+00
2.82178266e+00
2.70769231e+00
2.65924298e+00
2.61157509e+00
2.81474969e+00
2.79912088e+00
2.82725275e+00
2.82647131e+00
2.82881563e+00
2.79833944e+00
2.61391941e+00
2.62173382e+00
2.81943834e+00
2.81084249e+00
2.63736264e+00
2.61548230e+00
2.81787546e+00
2.82881563e+00
2.56937729e+00
2.61860806e+00
2.81006105e+00
2.79365079e+00
2.67799756e+00
2.58344322e+00
2.99995116e+00
3.03589744e+00
2.54515263e+00
2.58109890e+00
2.64986569e+00
2.80380952e+00
2.61235653e+00
2.62798535e+00
2.58031746e+00
2.79833944e+00
2.61548230e+00
2.58500611e+00
2.63423687e+00
2.78427350e+00
2.57797314e+00
2.62173382e+00
2.59594628e+00
2.83272283e+00
2.79208791e+00
2.86554335e+00
2.61157509e+00
2.89601954e+00
2.63736264e+00
2.61235653e+00
2.60297924e+00
2.80537241e+00
2.62173382e+00
2.63423687e+00
2.61860806e+00
2.79599512e+00
2.61001221e+00
2.61860806e+00
2.60923077e+00
2.83115995e+00
2.61235653e+00
2.82256410e+00
2.61938950e+00
3.06012210e+00
2.61079365e+00
2.58109890e+00
2.61001221e+00
2.80380952e+00
2.57484737e+00
2.61235653e+00
2.62095238e+00
2.82490842e+00
2.61938950e+00
2.62720391e+00
2.63345543e+00
2.81553114e+00
2.61860806e+00
2.57328449e+00
2.61391941e+00
2.78114774e+00
2.82959707e+00
2.83272283e+00
2.60923077e+00
2.82490842e+00
2.62251526e+00
2.61548230e+00
2.61313797e+00
2.76473748e+00
2.59438339e+00
2.60376068e+00
2.62876679e+00
2.79990232e+00
2.61157509e+00
2.59594628e+00
2.61313797e+00
2.82178266e+00
2.61704518e+00
2.60376068e+00
2.79599512e+00
