2.54984127e+00
2.73035409e+00
2.74754579e+00
2.56625153e+00
2.56547009e+00
2.75848596e+00
2.72175824e+00
2.77802198e+00
2.77880342e+00
2.96087912e+00
2.74442002e+00
2.56000000e+00
2.57094017e+00
2.68503053e+00
2.74363858e+00
2.56000000e+00
2.56000000e+00
2.61157509e+00
2.74989011e+00
2.54749695e+00
2.56234432e+00
2.54358974e+00
2.76395604e+00
2.56156288e+00
2.54593407e+00
2.76630037e+00
2.76161172e+00
2.81553114e+00
2.56468864e+00
2.54358974e+00
2.73738706e+00
2.63345543e+00
2.56937729e+00
2.55609280e+00
2.75301587e+00
2.56468864e+00
2.56000000e+00
2.56625153e+00
2.74363858e+00
2.57172161e+00
2.55843712e+00
2.55531136e+00
2.75223443e+00
2.56937729e+00
2.76942613e+00
2.77802198e+00
2.75614164e+00
2.52170940e+00
2.55374847e+00
2.55374847e+00
2.74754579e+00
2.55218559e+00
2.55921856e+00
2.55687424e+00
2.75770452e+00
2.55765568e+00
2.56625153e+00
2.57328449e+00
2.75301587e+00
2.57797314e+00
2.56156288e+00
2.66940171e+00
2.96244200e+00
2.79365079e+00
2.56703297e+00
2.56547009e+00
2.76239316e+00
2.55843712e+00
2.57328449e+00
2.55609280e+00
2.74989011e+00
2.55609280e+00
2.56625153e+00
2.56390720e+00
2.74832723e+00
2.55452991e+00
2.59907204e+00
2.58109890e+00
2.76551893e+00
2.75848596e+00
2.76317460e+00
2.59047619e+00
2.78349206e+00
2.56937729e+00
2.61626374e+00
2.56156288e+00
2.77489621e+00
2.56078144e+00
2.55296703e+00
2.56781441e+00
2.75301587e+00
2.72175824e+00
2.52483516e+00
2.56000000e+00
2.74989011e+00
2.73504274e+00
2.60297924e+00
2.59047619e+00
2.97572650e+00
2.96869353e+00
2.57172161e+00
2.59985348e+00
2.74285714e+00
2.73816850e+00
2.65924298e+00
2.57172161e+00
2.75614164e+00
2.71941392e+00
2.56859585e+00
2.55765568e+00
2.73504274e+00
2.73738706e+00
2.60063492e+00
2.56625153e+00
2.69206349e+00
2.74363858e+00
2.74129426e+00
2.75848596e+00
2.57328449e+00
2.72019536e+00
2.56078144e+00
2.58188034e+00
2.55218559e+00
2.74989011e+00
2.55843712e+00
2.56234432e+00
2.52639805e+00
2.71863248e+00
2.55765568e+00
2.55140415e+00
2.55140415e+00
2.71863248e+00
2.61235653e+00
2.55609280e+00
2.74285714e+00
2.96947497e+00
2.56468864e+00
2.61548230e+00
2.55687424e+00
2.74832723e+00
2.55843712e+00
2.60063492e+00
2.55062271e+00
2.73973138e+00
2.59516484e+00
2.55374847e+00
2.56625153e+00
2.74676435e+00
2.55609280e+00
2.56234432e+00
2.55921856e+00
2.72800977e+00
2.57094017e+00
2.56234432e+00
2.56547009e+00
2.77255189e+00
2.53186813e+00
2.52874237e+00
2.56625153e+00
2.73973138e+00
2.56781441e+00
2.64986569e+00
2.55140415e+00
2.74989011e+00
2.56859585e+00
2.56781441e+00
2.58344322e+00
2.76161172e+00
2.56781441e+00
2.56312576e+00
2.76239316e+00
2.96791209e+00
2.75457875e+00
2.57172161e+00
2.57484737e+00
2.74207570e+00
2.56234432e+00
2.60923077e+00
2.55765568e+00
2.74598291e+00
2.56859585e+00
2.57250305e+00
2.56156288e+00
2.77802198e+00
2.55609280e+00
2.56312576e+00
2.61938950e+00
2.77255189e+00
2.78896215e+00
2.76239316e+00
2.57875458e+00
2.76395604e+00
2.74754579e+00
2.56781441e+00
2.54124542e+00
2.75614164e+00
2.71472527e+00
2.55765568e+00
2.55609280e+00
2.72957265e+00
2.74051282e+00
2.61548230e+00
2.55296703e+00
2.74989011e+00
2.77802198e+00
2.55765568e+00
2.81162393e+00
2.98041514e+00
2.75301587e+00
2.56156288e+00
2.54046398e+00
2.72879121e+00
2.76864469e+00
2.55843712e+00
2.55921856e+00
2.61157509e+00
2.73973138e+00
2.56390720e+00
2.56000000e+00
2.56937729e+00
2.78739927e+00
2.54671551e+00
2.59672772e+00
2.55374847e+00
2.74285714e+00
2.76239316e+00
2.76708181e+00
2.55687424e+00
2.75301587e+00
2.51311355e+00
2.55531136e+00
2.57875458e+00
2.76864469e+00
2.56234432e+00
2.57172161e+00
2.55687424e+00
2.73504274e+00
2.59125763e+00
2.55140415e+00
2.56468864e+00
2.74676435e+00
2.58109890e+00
2.56156288e+00
2.77333333e+00
2.97494505e+00
2.57328449e+00
2.59047619e+00
2.62173382e+00
2.75223443e+00
2.55843712e+00
2.55452991e+00
2.58656899e+00
2.75145299e+00
2.56234432e+00
2.60297924e+00
2.55609280e+00
2.77098901e+00
2.55687424e+00
2.55452991e+00
2.56078144e+00
2.74910867e+00
2.81943834e+00
2.77255189e+00
2.56234432e+00
2.73973138e+00
2.54515263e+00
2.57094017e+00
2.49592186e+00
2.74598291e+00
2.56234432e+00
2.58031746e+00
2.56781441e+00
2.75848596e+00
2.56468864e+00
2.53499389e+00
2.55843712e+00
2.78349206e+00
2.52796093e+00
2.55765568e+00
2.54515263e+00
2.97963370e+00
2.78349206e+00
2.56468864e+00
2.55218559e+00
2.79912088e+00
2.53186813e+00
2.56234432e+00
2.54046398e+00
2.74989011e+00
2.61235653e+00
2.54749695e+00
2.58344322e+00
2.76239316e+00
2.74598291e+00
2.56078144e+00
2.58422466e+00
2.76317460e+00
2.97260073e+00
2.77489621e+00
2.55531136e+00
2.76551893e+00
2.72800977e+00
2.58188034e+00
2.55374847e+00
2.73738706e+00
2.74051282e+00
2.54749695e+00
2.56312576e+00
2.73426129e+00
2.74129426e+00
2.59203907e+00
2.56859585e+00
2.67799756e+00
2.73738706e+00
2.54905983e+00
2.77489621e+00
2.81240537e+00
2.75301587e+00
2.54515263e+00
2.58031746e+00
2.54358974e+00
2.71394383e+00
2.54671551e+00
2.55609280e+00
2.58344322e+00
2.77177045e+00
2.57328449e+00
2.55609280e+00
2.55687424e+00
2.75145299e+00
2.59985348e+00
2.57484737e+00
2.57328449e+00
2.96322344e+00
2.56390720e+00
2.57875458e+00
2.55687424e+00
2.77489621e+00
2.55296703e+00
2.55374847e+00
2.56859585e+00
2.74989011e+00
2.55531136e+00
2.55921856e+00
2.54358974e+00
2.74676435e+00
2.57328449e+00
2.56468864e+00
2.55921856e+00
2.72410256e+00
2.60376068e+00
2.55843712e+00
2.76630037e+00
2.98979243e+00
2.58891331e+00
2.55687424e+00
2.57484737e+00
2.74442002e+00
2.56156288e+00
2.55843712e+00
2.57015873e+00
2.74520147e+00
2.57172161e+00
2.56156288e+00
2.55531136e+00
2.76239316e+00
2.55452991e+00
2.55531136e+00
2.56234432e+00
2.72800977e+00
2.78114774e+00
2.76551893e+00
2.55609280e+00
2.74910867e+00
2.56547009e+00
2.61001221e+00
2.55765568e+00
2.78661783e+00
2.55687424e+00
2.55609280e+00
2.50061050e+00
2.75770452e+00
2.55296703e+00
2.56468864e+00
2.55374847e+00
2.73582418e+00
2.56156288e+00
2.54358974e+00
2.76630037e+00
3.05152625e+00
2.75692308e+00
2.55531136e+00
2.55452991e+00
2.75536020e+00
2.73191697e+00
2.56234432e+00
2.55921856e+00
2.80146520e+00
2.72800977e+00
2.50217338e+00
2.54749695e+00
2.75457875e+00
2.71003663e+00
2.56000000e+00
2.57875458e+00
2.74207570e+00
2.75223443e+00
2.76239316e+00
2.56937729e+00
2.72879121e+00
2.82178266e+00
2.55374847e+00
2.56234432e+00
2.64439560e+00
2.75379731e+00
2.54984127e+00
2.56000000e+00
2.52952381e+00
2.74051282e+00
2.55609280e+00
2.56781441e+00
2.55531136e+00
2.74129426e+00
2.56078144e+00
2.78036630e+00
2.77880342e+00
2.74598291e+00
2.58500611e+00
2.57406593e+00
2.52483516e+00
2.74051282e+00
2.56156288e+00
2.54046398e+00
2.55609280e+00
2.78818071e+00
2.60766789e+00
2.57094017e+00
2.57562882e+00
2.75457875e+00
2.59360195e+00
2.52483516e+00
2.56078144e+00
2.96947497e+00
2.77333333e+00
2.55921856e+00
2.54671551e+00
2.75223443e+00
2.56234432e+00
2.56234432e+00
2.54124542e+00
2.75145299e+00
2.56547009e+00
2.55531136e+00
2.55531136e+00
2.74520147e+00
2.61626374e+00
2.56000000e+00
2.54593407e+00
2.76708181e+00
2.53811966e+00
2.74910867e+00
2.55843712e+00
2.99682540e+00
2.56156288e+00
2.56234432e+00
2.57015873e+00
2.74598291e+00
2.53186813e+00
2.56390720e+00
2.54515263e+00
2.75770452e+00
2.56468864e+00
2.55765568e+00
2.55921856e+00
2.74676435e+00
2.62251526e+00
2.55140415e+00
2.56234432e+00
2.75926740e+00
2.77177045e+00
2.75926740e+00
2.54124542e+00
2.75692308e+00
2.57094017e+00
2.56156288e+00
2.55921856e+00
2.75770452e+00
2.57328449e+00
2.55374847e+00
2.65768010e+00
2.78583639e+00
2.73973138e+00
2.56000000e+00
2.55765568e+00
2.75848596e+00
2.74207570e+00
2.56859585e+00
2.75926740e+00
2.98588523e+00
2.75536020e+00
2.57797314e+00
2.58344322e+00
2.74285714e+00
2.74051282e+00
2.54593407e+00
2.58500611e+00
2.75067155e+00
2.74363858e+00
2.56234432e+00
2.57484737e+00
2.75770452e+00
2.74129426e+00
2.55687424e+00
2.56312576e+00
2.60063492e+00
2.96791209e+00
2.56234432e+00
2.55843712e+00
2.56078144e+00
2.73582418e+00
2.57250305e+00
2.55765568e+00
2.55218559e+00
2.74129426e+00
2.64517705e+00
2.57015873e+00
2.57250305e+00
2.76864469e+00
2.56156288e+00
2.54046398e+00
2.53890110e+00
2.73191697e+00
2.54984127e+00
2.56234432e+00
2.77645910e+00
2.76239316e+00
2.55609280e+00
2.55296703e+00
2.55687424e+00
2.75379731e+00
2.57484737e+00
2.55843712e+00
2.51623932e+00
2.74442002e+00
2.55296703e+00
2.55609280e+00
2.55296703e+00
2.74598291e+00
2.55921856e+00
2.55062271e+00
2.54358974e+00
2.96556777e+00
2.79130647e+00
2.56156288e+00
2.47482295e+00
2.73738706e+00
2.55765568e+00
2.56390720e+00
2.56078144e+00
2.73113553e+00
2.54827839e+00
2.56234432e+00
2.55140415e+00
2.75145299e+00
2.55296703e+00
2.55531136e+00
2.55531136e+00
2.74910867e+00
2.56390720e+00
2.78271062e+00
2.75536020e+00
2.76551893e+00
2.55921856e+00
2.56234432e+00
2.53186813e+00
2.73113553e+00
2.56312576e+00
2.54124542e+00
2.56859585e+00
2.73191697e+00
2.58266178e+00
2.56859585e+00
2.56390720e+00
2.75848596e+00
2.66236874e+00
2.60376068e+00
2.56078144e+00
2.74598291e+00
2.74285714e+00
2.77724054e+00
2.54046398e+00
2.75614164e+00
2.73660562e+00
2.56156288e+00
2.55452991e+00
2.75536020e+00
2.75379731e+00
2.53343101e+00
2.55687424e+00
2.77567766e+00
2.72957265e+00
2.55296703e+00
2.56703297e+00
2.74989011e+00
2.79599512e+00
2.73738706e+00
2.77880342e+00
2.92962149e+00
2.75223443e+00
2.51155067e+00
2.54046398e+00
2.67956044e+00
2.73035409e+00
2.55921856e+00
2.57484737e+00
2.58422466e+00
2.74051282e+00
2.53577534e+00
2.55921856e+00
2.62173382e+00
2.74285714e+00
2.56859585e+00
2.58891331e+00
2.76239316e+00
3.02730159e+00
2.56000000e+00
2.54905983e+00
2.54905983e+00
2.75692308e+00
2.56312576e+00
2.58109890e+00
2.56156288e+00
2.72332112e+00
2.55687424e+00
2.50217338e+00
2.56468864e+00
2.75223443e+00
2.55609280e+00
2.55218559e+00
2.55687424e+00
2.77411477e+00
2.76551893e+00
2.77255189e+00
2.56312576e+00
2.74051282e+00
2.54593407e+00
2.56312576e+00
2.56312576e+00
2.74676435e+00
2.55296703e+00
2.52405372e+00
2.55296703e+00
2.75223443e+00
2.57406593e+00
2.58735043e+00
2.55765568e+00
2.74207570e+00
2.58500611e+00
2.56078144e+00
2.56859585e+00
2.98510379e+00
2.78271062e+00
2.54671551e+00
2.55609280e+00
2.75301587e+00
2.55609280e+00
2.56781441e+00
2.58500611e+00
2.75457875e+00
2.55062271e+00
2.59516484e+00
2.56312576e+00
2.79443223e+00
2.56547009e+00
2.55218559e+00
2.57406593e+00
2.75145299e+00
2.75145299e+00
2.79833944e+00
2.77645910e+00
2.76630037e+00
2.55531136e+00
2.57172161e+00
2.56625153e+00
2.73816850e+00
2.57015873e+00
2.55140415e+00
2.54984127e+00
2.76551893e+00
2.75926740e+00
2.57406593e+00
2.56156288e+00
2.75848596e+00
2.74363858e+00
2.58500611e+00
2.78583639e+00
2.98275946e+00
2.97572650e+00
2.57250305e+00
2.55374847e+00
2.76942613e+00
2.73582418e+00
2.53186813e+00
2.55921856e+00
2.70925519e+00
2.73973138e+00
2.56859585e+00
2.53108669e+00
2.71238095e+00
2.74051282e+00
2.56547009e+00
2.56078144e+00
2.65611722e+00
2.94759463e+00
2.51467643e+00
2.60532357e+00
2.56781441e+00
2.71785104e+00
2.55374847e+00
2.56078144e+00
2.56234432e+00
2.74520147e+00
2.56547009e+00
2.56156288e+00
2.54280830e+00
2.67018315e+00
2.55218559e+00
2.56234432e+00
2.54984127e+00
2.74051282e+00
2.63423687e+00
2.56547009e+00
2.79365079e+00
2.97260073e+00
2.59438339e+00
2.54905983e+00
2.54984127e+00
2.74363858e+00
2.57953602e+00
2.55531136e+00
2.47247863e+00
2.74129426e+00
2.55843712e+00
2.55921856e+00
2.57172161e+00
2.73113553e+00
2.56078144e+00
2.56234432e+00
2.58188034e+00
2.75301587e+00
2.77802198e+00
2.77489621e+00
2.58656899e+00
2.75301587e+00
2.60844933e+00
2.55765568e+00
2.58188034e+00
2.76395604e+00
2.53733822e+00
2.55452991e+00
2.54593407e+00
2.74051282e+00
2.55296703e+00
2.55296703e+00
2.62251526e+00
2.70769231e+00
2.56937729e+00
2.58422466e+00
2.76473748e+00
2.77255189e+00
2.59438339e+00
2.55531136e+00
2.55921856e+00
2.74598291e+00
2.58031746e+00
2.55296703e+00
2.55296703e+00
2.72800977e+00
2.59282051e+00
2.54202686e+00
2.51858364e+00
2.75614164e+00
2.59829060e+00
2.54984127e+00
2.55921856e+00
2.73113553e+00
2.59750916e+00
2.77098901e+00
2.56625153e+00
2.76004884e+00
2.76239316e+00
2.55452991e+00
2.58735043e+00
2.76786325e+00
2.73347985e+00
2.56859585e+00
2.56078144e+00
2.76239316e+00
2.73347985e+00
2.57172161e+00
2.51702076e+00
2.74910867e+00
2.74442002e+00
2.56234432e+00
2.75926740e+00
2.98432234e+00
2.74207570e+00
2.57719170e+00
2.54046398e+00
2.72332112e+00
2.72879121e+00
2.56156288e+00
2.54671551e+00
2.62407814e+00
2.78427350e+00
2.56547009e+00
2.55921856e+00
2.59047619e+00
2.76161172e+00
2.57953602e+00
2.54124542e+00
2.57406593e+00
2.96791209e+00
2.75223443e+00
2.52483516e+00
2.57328449e+00
2.75536020e+00
2.56781441e+00
2.56078144e+00
2.56078144e+00
2.72488400e+00
2.57562882e+00
2.56625153e+00
2.55843712e+00
2.71238095e+00
2.55062271e+00
2.55921856e+00
2.59047619e+00
2.72019536e+00
2.56547009e+00
2.75223443e+00
2.55921856e+00
2.75926740e+00
2.55218559e+00
2.55374847e+00
2.54827839e+00
2.75067155e+00
2.55843712e+00
2.56234432e+00
2.53030525e+00
2.79521368e+00
2.55921856e+00
2.55374847e+00
2.55140415e+00
2.75692308e+00
2.58735043e+00
2.55843712e+00
2.54671551e+00
2.97572650e+00
2.77255189e+00
2.52717949e+00
2.56156288e+00
2.71550672e+00
2.55609280e+00
2.56234432e+00
2.53733822e+00
2.74520147e+00
2.57484737e+00
2.57172161e+00
2.54749695e+00
2.79677656e+00
2.56078144e+00
2.57875458e+00
2.55296703e+00
2.75848596e+00
2.56937729e+00
2.76942613e+00
2.83037851e+00
2.77567766e+00
2.55374847e+00
2.54202686e+00
2.57172161e+00
2.75145299e+00
2.57015873e+00
2.57484737e+00
2.52561661e+00
2.74910867e+00
2.71159951e+00
2.58656899e+00
2.55062271e+00
2.76786325e+00
2.74207570e+00
2.56156288e+00
2.55609280e+00
2.98275946e+00
2.96947497e+00
2.56547009e+00
2.55062271e+00
2.74754579e+00
2.73894994e+00
2.56937729e+00
2.55843712e+00
2.76551893e+00
2.74598291e+00
2.56234432e+00
2.57406593e+00
2.73269841e+00
2.71785104e+00
2.57484737e+00
2.53733822e+00
2.69206349e+00
2.74051282e+00
2.58109890e+00
2.78583639e+00
2.78427350e+00
2.60688645e+00
2.55843712e+00
2.53421245e+00
2.57250305e+00
2.73035409e+00
2.60376068e+00
2.56234432e+00
2.55921856e+00
2.74910867e+00
2.55062271e+00
2.55374847e+00
2.56078144e+00
2.75301587e+00
2.56625153e+00
2.55296703e+00
2.53343101e+00
2.97025641e+00
2.77333333e+00
2.55531136e+00
2.53264957e+00
2.76161172e+00
2.58109890e+00
2.54984127e+00
2.54280830e+00
2.73894994e+00
2.56859585e+00
2.55609280e+00
2.52796093e+00
2.72644689e+00
2.56859585e+00
2.55687424e+00
2.56156288e+00
2.71159951e+00
2.61001221e+00
2.78427350e+00
2.77802198e+00
2.75145299e+00
2.53421245e+00
2.54671551e+00
2.51702076e+00
2.76786325e+00
2.55921856e+00
2.60376068e+00
2.54202686e+00
2.76708181e+00
2.54515263e+00
2.56000000e+00
2.52327228e+00
2.73738706e+00
2.56234432e+00
2.59594628e+00
2.55452991e+00
2.75536020e+00
2.59907204e+00
2.77489621e+00
2.62407814e+00
2.74989011e+00
2.56078144e+00
2.57797314e+00
2.56390720e+00
2.75379731e+00
2.57406593e+00
2.55765568e+00
2.57484737e+00
2.74363858e+00
2.50373626e+00
2.56625153e+00
2.65924298e+00
2.76864469e+00
2.59594628e+00
2.73113553e+00
2.77802198e+00
2.99291819e+00
2.74910867e+00
2.60610501e+00
2.54046398e+00
2.77567766e+00
2.74989011e+00
2.55531136e+00
2.55218559e+00
2.75536020e+00
2.74676435e+00
2.53264957e+00
2.56937729e+00
2.75457875e+00
2.73738706e+00
2.56703297e+00
2.64048840e+00
2.93743590e+00
2.96869353e+00
2.62485958e+00
2.55765568e+00
2.70144078e+00
2.74051282e+00
2.56234432e+00
2.55765568e+00
2.63736264e+00
2.74051282e+00
2.55843712e+00
2.55062271e+00
2.54046398e+00
2.76630037e+00
2.53343101e+00
2.57172161e+00
2.54984127e+00
2.74363858e+00
2.77411477e+00
2.77489621e+00
2.61470085e+00
2.74363858e+00
2.56156288e+00
2.55765568e+00
2.53811966e+00
2.74129426e+00
2.55609280e+00
2.59829060e+00
2.55765568e+00
2.72410256e+00
2.59594628e+00
2.56234432e+00
2.54437118e+00
2.74598291e+00
2.49514042e+00
2.56000000e+00
2.56156288e+00
2.96791209e+00
2.77411477e+00
2.55843712e+00
2.59907204e+00
2.75848596e+00
2.52952381e+00
2.57797314e+00
2.56156288e+00
2.74129426e+00
2.56234432e+00
2.58578755e+00
2.56468864e+00
2.78271062e+00
2.57719170e+00
2.55921856e+00
2.56156288e+00
2.74910867e+00
2.59985348e+00
2.77802198e+00
2.77489621e+00
2.75457875e+00
2.55687424e+00
2.53577534e+00
2.64986569e+00
2.74598291e+00
2.56156288e+00
2.55609280e+00
2.59282051e+00
2.71706960e+00
2.56390720e+00
2.51389499e+00
2.55609280e+00
2.74129426e+00
2.55062271e+00
2.56547009e+00
2.66315018e+00
2.98275946e+00
2.77411477e+00
2.56000000e+00
2.55765568e+00
2.80615385e+00
2.56547009e+00
2.58422466e+00
2.48654457e+00
2.75770452e+00
2.59282051e+00
2.57250305e+00
2.55296703e+00
2.80849817e+00
2.74285714e+00
2.59360195e+00
2.55062271e+00
2.75457875e+00
2.98197802e+00
2.56468864e+00
2.76317460e+00
2.77177045e+00
2.73894994e+00
2.52952381e+00
2.56000000e+00
2.76786325e+00
2.74520147e+00
2.53421245e+00
2.54202686e+00
2.74285714e+00
2.75770452e+00
2.56234432e+00
2.54749695e+00
2.68971917e+00
2.74363858e+00
2.53030525e+00
2.56390720e+00
2.75457875e+00
2.96322344e+00
2.55218559e+00
2.58031746e+00
2.55687424e+00
2.73894994e+00
2.53890110e+00
2.54905983e+00
2.55921856e+00
2.74520147e+00
2.51233211e+00
2.57953602e+00
2.56156288e+00
2.76083028e+00
2.56468864e+00
2.58109890e+00
2.58656899e+00
2.74676435e+00
2.85929182e+00
2.77177045e+00
2.55374847e+00
2.75692308e+00
2.56234432e+00
2.54984127e+00
2.57562882e+00
2.73426129e+00
2.56390720e+00
2.56234432e+00
2.53577534e+00
2.74598291e+00
2.61001221e+00
2.56781441e+00
2.54827839e+00
2.74989011e+00
2.56156288e+00
2.63423687e+00
2.73738706e+00
2.74442002e+00
2.55140415e+00
2.55921856e+00
2.54124542e+00
2.72800977e+00
2.57172161e+00
2.57875458e+00
2.56547009e+00
2.73738706e+00
2.58266178e+00
2.57015873e+00
2.54749695e+00
2.75614164e+00
2.54984127e+00
2.58813187e+00
2.55765568e+00
2.73191697e+00
2.56390720e+00
2.77645910e+00
2.54671551e+00
2.74598291e+00
2.55609280e+00
2.55531136e+00
2.59360195e+00
2.79990232e+00
2.56156288e+00
2.54984127e+00
2.55687424e+00
2.78192918e+00
2.57484737e+00
2.55531136e+00
2.55609280e+00
2.74989011e+00
2.57797314e+00
2.57562882e+00
2.77177045e+00
2.98041514e+00
2.75145299e+00
2.57562882e+00
2.55062271e+00
2.76551893e+00
2.73973138e+00
2.56234432e+00
2.56547009e+00
2.75770452e+00
2.73894994e+00
2.55765568e+00
2.56156288e+00
2.76786325e+00
2.73973138e+00
2.54905983e+00
2.62876679e+00
2.74676435e+00
2.96478632e+00
2.71003663e+00
2.56468864e+00
2.72019536e+00
2.74676435e+00
2.58656899e+00
2.56078144e+00
2.67721612e+00
2.72175824e+00
2.55921856e+00
2.57641026e+00
2.55531136e+00
2.73973138e+00
2.58656899e+00
2.56390720e+00
2.53108669e+00
2.75145299e+00
2.64126984e+00
2.55374847e+00
2.56234432e+00
2.76317460e+00
2.51545788e+00
2.55218559e+00
2.56234432e+00
2.74832723e+00
2.56234432e+00
2.56390720e+00
2.55531136e+00
2.74051282e+00
2.55765568e+00
2.57484737e+00
2.55843712e+00
2.76630037e+00
2.55765568e+00
2.56547009e+00
2.52561661e+00
2.95775336e+00
2.78427350e+00
2.52170940e+00
2.55687424e+00
2.74363858e+00
2.58422466e+00
2.56937729e+00
2.58031746e+00
2.74989011e+00
2.57015873e+00
2.53811966e+00
2.55843712e+00
2.73973138e+00
2.56468864e+00
2.55531136e+00
2.53733822e+00
2.73582418e+00
2.55843712e+00
2.76239316e+00
2.78114774e+00
2.75926740e+00
2.56859585e+00
2.56078144e+00
2.56000000e+00
2.72332112e+00
2.56312576e+00
2.56234432e+00
2.56156288e+00
2.75457875e+00
2.57172161e+00
2.56547009e+00
2.57015873e+00
2.74129426e+00
2.55296703e+00
2.56547009e+00
2.54515263e+00
2.97260073e+00
2.77489621e+00
2.56234432e+00
2.62720391e+00
2.73660562e+00
2.58188034e+00
2.55765568e+00
2.55531136e+00
2.76083028e+00
2.58188034e+00
2.55921856e+00
2.55843712e+00
2.75536020e+00
2.73816850e+00
2.57172161e+00
2.56234432e+00
2.79990232e+00
2.75926740e+00
2.57094017e+00
2.77958486e+00
2.98275946e+00
2.74989011e+00
2.55452991e+00
2.54671551e+00
2.72488400e+00
2.74129426e+00
2.55843712e+00
2.57015873e+00
2.73347985e+00
2.72097680e+00
2.55531136e+00
2.54905983e+00
2.71394383e+00
2.72800977e+00
2.55218559e+00
2.56781441e+00
2.65221001e+00
2.96869353e+00
2.78427350e+00
2.58109890e+00
2.55531136e+00
2.75848596e+00
2.56000000e+00
2.58109890e+00
2.54437118e+00
2.74207570e+00
2.58109890e+00
2.56000000e+00
2.58031746e+00
2.73973138e+00
2.56156288e+00
2.54905983e+00
2.55609280e+00
2.83115995e+00
2.58500611e+00
2.76551893e+00
2.75379731e+00
2.75301587e+00
2.60141636e+00
2.57250305e+00
2.55921856e+00
2.76473748e+00
2.55765568e+00
2.59829060e+00
2.55140415e+00
2.75770452e+00
2.56703297e+00
2.57094017e+00
2.56625153e+00
2.78974359e+00
2.56000000e+00
2.54671551e+00
2.56859585e+00
2.70691087e+00
2.56156288e+00
2.77724054e+00
2.54984127e+00
2.75457875e+00
2.59125763e+00
2.54124542e+00
2.57484737e+00
2.75692308e+00
2.56547009e+00
2.58813187e+00
2.54984127e+00
2.74520147e+00
2.56000000e+00
2.56234432e+00
2.64439560e+00
2.78192918e+00
2.56078144e+00
2.56781441e+00
2.77255189e+00
2.99604396e+00
2.58344322e+00
2.55452991e+00
2.55687424e+00
2.76395604e+00
2.56156288e+00
2.54984127e+00
2.55843712e+00
2.74989011e+00
2.60532357e+00
2.59594628e+00
2.54280830e+00
2.74910867e+00
2.57484737e+00
2.57328449e+00
2.54749695e+00
2.77177045e+00
2.84835165e+00
2.77489621e+00
2.55921856e+00
2.76786325e+00
2.74207570e+00
2.56859585e+00
2.58578755e+00
2.74832723e+00
2.78114774e+00
2.58735043e+00
2.56547009e+00
2.74285714e+00
2.74363858e+00
2.55374847e+00
2.54515263e+00
2.74442002e+00
2.71316239e+00
2.77489621e+00
2.56234432e+00
2.74989011e+00
2.75692308e+00
2.60297924e+00
2.56000000e+00
2.67799756e+00
2.73660562e+00
2.56234432e+00
2.55452991e+00
2.58500611e+00
2.73738706e+00
2.57406593e+00
2.56547009e+00
2.53108669e+00
2.74207570e+00
2.54749695e+00
2.59907204e+00
2.55921856e+00
2.95540904e+00
2.77177045e+00
2.57406593e+00
2.54515263e+00
2.74754579e+00
2.55765568e+00
2.55140415e+00
2.55218559e+00
2.72722833e+00
2.56781441e+00
2.55609280e+00
2.55765568e+00
2.73738706e+00
2.57484737e+00
2.56703297e+00
2.61313797e+00
2.74832723e+00
2.58344322e+00
2.76161172e+00
2.76630037e+00
2.74832723e+00
2.57328449e+00
2.56547009e+00
2.58344322e+00
2.73894994e+00
2.55921856e+00
2.55296703e+00
2.59594628e+00
2.78349206e+00
2.56312576e+00
2.56234432e+00
2.56234432e+00
2.74442002e+00
2.56312576e+00
2.55609280e+00
2.56000000e+00
2.98041514e+00
2.77411477e+00
2.51233211e+00
2.56468864e+00
2.76864469e+00
2.57094017e+00
2.54671551e+00
2.54046398e+00
2.74598291e+00
2.53499389e+00
2.55843712e+00
2.56547009e+00
2.75379731e+00
2.57562882e+00
2.52952381e+00
2.55843712e+00
2.77724054e+00
2.61548230e+00
2.55921856e+00
2.77255189e+00
2.81318681e+00
2.53577534e+00
2.50608059e+00
2.55765568e+00
2.75692308e+00
2.57250305e+00
2.61470085e+00
2.55921856e+00
2.75223443e+00
2.75379731e+00
2.54671551e+00
2.58969475e+00
2.76864469e+00
2.74676435e+00
2.55687424e+00
2.58266178e+00
2.75926740e+00
2.98041514e+00
2.77411477e+00
2.55921856e+00
2.76864469e+00
2.72097680e+00
2.57953602e+00
2.55374847e+00
2.75457875e+00
2.73738706e+00
2.56703297e+00
2.57953602e+00
2.71706960e+00
2.74754579e+00
2.56468864e+00
2.57875458e+00
2.60766789e+00
2.77333333e+00
2.56078144e+00
2.77489621e+00
2.75926740e+00
2.73426129e+00
2.56312576e+00
2.52483516e+00
2.55843712e+00
2.74442002e+00
2.55921856e+00
2.55609280e+00
2.55296703e+00
2.74598291e+00
2.57406593e+00
2.60063492e+00
2.55531136e+00
2.73426129e+00
2.55062271e+00
2.53890110e+00
2.56937729e+00
2.75692308e+00
2.65221001e+00
2.56000000e+00
2.60219780e+00
2.72097680e+00
2.55452991e+00
2.55609280e+00
2.56625153e+00
2.76473748e+00
2.57094017e+00
2.56078144e+00
2.53030525e+00
2.76942613e+00
2.54984127e+00
2.62173382e+00
2.55140415e+00
2.73269841e+00
2.56547009e+00
2.84913309e+00
2.77177045e+00
2.75926740e+00
2.56703297e+00
2.56547009e+00
2.56390720e+00
2.73504274e+00
2.55062271e+00
2.56156288e+00
2.54984127e+00
2.76395604e+00
2.60923077e+00
2.56156288e+00
2.53733822e+00
2.75614164e+00
2.53186813e+00
2.51467643e+00
2.56234432e+00
2.96244200e+00
2.77489621e+00
2.54046398e+00
2.55218559e+00
2.74989011e+00
2.55609280e+00
2.54984127e+00
2.55452991e+00
2.85929182e+00
2.56000000e+00
2.54671551e+00
2.56781441e+00
2.74989011e+00
2.53890110e+00
2.55531136e+00
2.61470085e+00
2.74832723e+00
2.58500611e+00
2.83428571e+00
2.58735043e+00
2.75926740e+00
2.74989011e+00
2.55609280e+00
2.54202686e+00
2.75379731e+00
2.73894994e+00
2.55921856e+00
2.57875458e+00
2.74989011e+00
2.74129426e+00
2.55062271e+00
2.55921856e+00
2.74989011e+00
2.74598291e+00
2.55687424e+00
2.57406593e+00
2.74442002e+00
2.96791209e+00
2.49904762e+00
2.55374847e+00
2.71472527e+00
2.69909646e+00
2.56859585e+00
2.61938950e+00
2.61626374e+00
2.74989011e+00
2.54437118e+00
2.54358974e+00
2.54827839e+00
2.74676435e+00
2.56078144e+00
2.57484737e+00
2.56234432e+00
2.75614164e+00
2.77802198e+00
2.74676435e+00
2.57172161e+00
2.80380952e+00
2.55062271e+00
2.49670330e+00
2.60219780e+00
2.75926740e+00
2.59047619e+00
2.55609280e+00
2.56468864e+00
2.74051282e+00
2.54515263e+00
2.57094017e+00
2.63658120e+00
2.74676435e+00
2.56312576e+00
2.57172161e+00
2.77411477e+00
2.97494505e+00
2.59360195e+00
2.58891331e+00
2.55531136e+00
2.79365079e+00
2.58422466e+00
2.56859585e+00
2.66158730e+00
2.77880342e+00
2.57250305e+00
2.57094017e+00
2.56234432e+00
2.75145299e+00
2.59125763e+00
2.55609280e+00
2.57719170e+00
2.83897436e+00
2.76630037e+00
2.61548230e+00
2.56781441e+00
2.74832723e+00
2.55687424e+00
2.57797314e+00
2.55921856e+00
2.74129426e+00
2.55218559e+00
2.56078144e+00
2.56078144e+00
2.75614164e+00
2.55609280e+00
2.55609280e+00
2.55140415e+00
2.75223443e+00
2.55609280e+00
2.56625153e+00
2.83819292e+00
2.98041514e+00
2.56859585e+00
2.56234432e+00
2.55531136e+00
2.73973138e+00
2.57015873e+00
2.55765568e+00
2.55921856e+00
2.74598291e+00
2.61235653e+00
2.56703297e+00
2.55218559e+00
2.78661783e+00
2.74676435e+00
2.56468864e+00
2.56000000e+00
2.75301587e+00
2.96087912e+00
2.78036630e+00
2.60923077e+00
2.75614164e+00
2.71785104e+00
2.60766789e+00
2.56390720e+00
2.80224664e+00
2.74285714e+00
2.55921856e+00
2.55609280e+00
2.73191697e+00
2.82021978e+00
2.57797314e+00
2.53811966e+00
2.67487179e+00
2.75379731e+00
2.56000000e+00
2.77098901e+00
2.81787546e+00
2.76473748e+00
2.55843712e+00
2.57641026e+00
2.55140415e+00
2.74520147e+00
2.54046398e+00
2.53421245e+00
2.55218559e+00
2.73738706e+00
2.57484737e+00
2.53655678e+00
2.54827839e+00
2.69440781e+00
2.55374847e+00
2.56859585e+00
2.68503053e+00
2.74989011e+00
2.77489621e+00
2.58266178e+00
2.55296703e+00
2.75145299e+00
2.56703297e+00
2.56390720e+00
2.56703297e+00
2.74676435e+00
2.57641026e+00
2.55609280e+00
2.54202686e+00
2.74989011e+00
2.55921856e+00
2.61157509e+00
2.55062271e+00
2.71706960e+00
2.56078144e+00
2.78271062e+00
2.76864469e+00
2.77098901e+00
2.62642247e+00
2.55531136e+00
2.55843712e+00
2.74910867e+00
2.55531136e+00
2.58969475e+00
2.55374847e+00
2.74754579e+00
2.53968254e+00
2.56390720e+00
2.55921856e+00
2.75770452e+00
2.56234432e+00
2.55218559e+00
2.57484737e+00
2.90695971e+00
2.77489621e+00
2.55687424e+00
2.54280830e+00
2.75301587e+00
2.55452991e+00
2.55609280e+00
2.56156288e+00
2.73113553e+00
2.56547009e+00
2.51076923e+00
2.55921856e+00
2.76708181e+00
2.55296703e+00
2.55687424e+00
2.56625153e+00
2.75223443e+00
2.54593407e+00
2.77489621e+00
2.56390720e+00
2.77255189e+00
2.66783883e+00
2.59516484e+00
2.54905983e+00
2.74910867e+00
2.76317460e+00
2.56703297e+00
2.53030525e+00
2.74285714e+00
2.73582418e+00
2.54827839e+00
2.55140415e+00
2.75379731e+00
2.78427350e+00
2.55765568e+00
2.55687424e+00
2.75614164e+00
2.94525031e+00
2.60219780e+00
2.56000000e+00
2.71785104e+00
2.75067155e+00
2.55531136e+00
2.56390720e+00
2.68190476e+00
2.73426129e+00
2.55609280e+00
2.55687424e+00
2.53577534e+00
2.74910867e+00
2.54749695e+00
2.56312576e+00
2.54671551e+00
2.74910867e+00
2.77567766e+00
2.76551893e+00
2.57719170e+00
2.74989011e+00
2.56234432e+00
2.57484737e+00
2.55687424e+00
2.75301587e+00
2.55374847e+00
2.57641026e+00
2.56078144e+00
2.80615385e+00
2.56547009e+00
2.55609280e+00
2.54984127e+00
2.75692308e+00
2.51545788e+00
2.56000000e+00
2.75692308e+00
2.98119658e+00
2.56547009e+00
2.54358974e+00
2.56781441e+00
2.78427350e+00
2.56156288e+00
2.56078144e+00
2.55765568e+00
2.74989011e+00
2.55296703e+00
2.56859585e+00
2.56390720e+00
2.74598291e+00
2.56156288e+00
2.59047619e+00
2.60844933e+00
2.75301587e+00
2.57328449e+00
2.55609280e+00
2.55609280e+00
2.74989011e+00
2.56468864e+00
2.54749695e+00
2.53030525e+00
2.76083028e+00
2.55609280e+00
2.56078144e+00
2.53421245e+00
2.75848596e+00
2.57406593e+00
2.58422466e+00
2.56781441e+00
2.77020757e+00
2.56468864e+00
2.53890110e+00
2.75614164e+00
2.99291819e+00
2.55531136e+00
2.55765568e+00
2.53421245e+00
2.73191697e+00
2.56781441e+00
2.61548230e+00
2.55687424e+00
2.74676435e+00
2.56859585e+00
2.56234432e+00
2.58109890e+00
2.74832723e+00
2.80459096e+00
2.54358974e+00
2.55843712e+00
2.75926740e+00
2.97650794e+00
2.77177045e+00
2.55531136e+00
2.75848596e+00
2.79052503e+00
2.57250305e+00
2.55296703e+00
2.76630037e+00
2.74051282e+00
2.58969475e+00
2.56156288e+00
2.75067155e+00
2.75379731e+00
2.55374847e+00
2.57406593e+00
2.72410256e+00
2.70925519e+00
2.58422466e+00
2.79521368e+00
2.88429792e+00
2.74363858e+00
2.59594628e+00
2.53186813e+00
2.55765568e+00
2.73894994e+00
2.55843712e+00
2.54202686e+00
2.62642247e+00
2.76786325e+00
2.56312576e+00
2.56625153e+00
2.61001221e+00
2.78974359e+00
2.55531136e+00
2.52327228e+00
2.55374847e+00
2.76551893e+00
2.72253968e+00
2.67956044e+00
2.58109890e+00
2.74989011e+00
2.56312576e+00
2.54905983e+00
2.56312576e+00
2.73426129e+00
2.57641026e+00
2.57953602e+00
2.63579976e+00
2.74676435e+00
2.56781441e+00
2.56234432e+00
2.55687424e+00
2.77645910e+00
2.55687424e+00
2.76864469e+00
2.76942613e+00
2.76239316e+00
2.62564103e+00
2.56156288e+00
2.53577534e+00
2.76395604e+00
2.53577534e+00
2.57172161e+00
2.55843712e+00
2.78271062e+00
2.56078144e+00
2.53577534e+00
2.57406593e+00
2.74832723e+00
2.55921856e+00
2.54984127e+00
2.56078144e+00
2.97572650e+00
2.77411477e+00
2.56703297e+00
2.55687424e+00
2.72019536e+00
2.53030525e+00
2.56468864e+00
2.65846154e+00
2.79912088e+00
2.54593407e+00
2.55531136e+00
2.55609280e+00
2.74989011e+00
2.57015873e+00
2.56390720e+00
2.58422466e+00
2.74676435e+00
2.56937729e+00
2.75848596e+00
2.57484737e+00
2.73660562e+00
2.60923077e+00
2.55531136e+00
2.55609280e+00
2.75692308e+00
2.69518926e+00
2.55374847e+00
2.57484737e+00
2.75614164e+00
2.78739927e+00
2.59985348e+00
2.55218559e+00
2.73269841e+00
2.73973138e+00
2.55218559e+00
2.51311355e+00
2.74832723e+00
2.97181929e+00
2.79833944e+00
2.55374847e+00
2.73738706e+00
2.75145299e+00
2.55374847e+00
2.56703297e+00
2.72800977e+00
2.72644689e+00
2.56547009e+00
2.55843712e+00
2.59672772e+00
2.73426129e+00
2.59438339e+00
2.56468864e+00
2.56078144e+00
2.74676435e+00
2.60219780e+00
2.79912088e+00
2.77880342e+00
2.75926740e+00
2.56078144e+00
2.53030525e+00
2.54671551e+00
2.74363858e+00
2.58735043e+00
2.55687424e+00
2.58735043e+00
2.73582418e+00
2.56547009e+00
2.56156288e+00
2.56468864e+00
2.74910867e+00
2.56156288e+00
2.55218559e+00
2.55921856e+00
2.97728938e+00
2.56390720e+00
2.54515263e+00
2.54984127e+00
2.75379731e+00
2.56390720e+00
2.56156288e+00
2.55374847e+00
2.74598291e+00
2.58344322e+00
2.56312576e+00
2.55843712e+00
2.77489621e+00
2.55921856e+00
2.53733822e+00
2.57562882e+00
2.75223443e+00
2.56625153e+00
2.55687424e+00
2.83741148e+00
2.98197802e+00
2.59985348e+00
2.54984127e+00
2.55374847e+00
2.74676435e+00
2.57172161e+00
2.56234432e+00
2.54437118e+00
2.75301587e+00
2.54749695e+00
2.55452991e+00
2.56390720e+00
2.72800977e+00
2.56390720e+00
2.53890110e+00
2.55062271e+00
2.74129426e+00
2.76942613e+00
2.77724054e+00
2.53890110e+00
2.74676435e+00
2.54827839e+00
2.55296703e+00
2.55609280e+00
2.74754579e+00
2.56703297e+00
2.54046398e+00
2.55843712e+00
2.74910867e+00
2.77255189e+00
2.56156288e+00
2.58735043e+00
2.70456654e+00
2.74285714e+00
2.62017094e+00
2.77255189e+00
2.99057387e+00
2.73426129e+00
2.56156288e+00
2.55296703e+00
2.76083028e+00
2.73816850e+00
2.54593407e+00
2.55296703e+00
2.74989011e+00
2.75770452e+00
2.54593407e+00
2.60454212e+00
2.73347985e+00
2.81865690e+00
2.57328449e+00
2.53968254e+00
2.63736264e+00
2.75770452e+00
2.82178266e+00
2.55843712e+00
2.55140415e+00
2.74598291e+00
2.55687424e+00
2.56000000e+00
2.55296703e+00
2.74754579e+00
2.52170940e+00
2.56000000e+00
2.53421245e+00
2.68112332e+00
2.58031746e+00
2.55062271e+00
2.56000000e+00
2.75848596e+00
2.53890110e+00
2.75145299e+00
2.80849817e+00
2.98197802e+00
2.55921856e+00
2.57797314e+00
2.55218559e+00
2.75379731e+00
2.58500611e+00
2.54984127e+00
2.55531136e+00
2.77255189e+00
2.58500611e+00
2.55843712e+00
2.53186813e+00
2.74520147e+00
2.55609280e+00
2.57015873e+00
2.56468864e+00
2.98979243e+00
2.77411477e+00
2.56234432e+00
2.55296703e+00
2.74989011e+00
2.56312576e+00
2.54984127e+00
2.53655678e+00
2.74129426e+00
2.57641026e+00
2.56000000e+00
2.58735043e+00
2.75926740e+00
2.55531136e+00
2.55296703e+00
2.53421245e+00
2.74989011e+00
2.55609280e+00
2.79912088e+00
2.56937729e+00
2.82803419e+00
2.55921856e+00
2.58031746e+00
2.55062271e+00
2.77177045e+00
2.55531136e+00
2.51545788e+00
2.55296703e+00
2.75614164e+00
2.56312576e+00
2.56156288e+00
2.54202686e+00
2.75926740e+00
2.63892552e+00
2.56468864e+00
2.52249084e+00
2.75770452e+00
2.80224664e+00
2.78192918e+00
2.56156288e+00
2.73347985e+00
2.73113553e+00
2.55296703e+00
2.60923077e+00
2.76161172e+00
2.75145299e+00
2.57641026e+00
2.57172161e+00
2.78114774e+00
2.74363858e+00
2.55062271e+00
2.57484737e+00
2.74832723e+00
2.73660562e+00
2.55687424e+00
2.77255189e+00
2.97963370e+00
2.75223443e+00
2.60063492e+00
2.55843712e+00
2.67799756e+00
2.74363858e+00
2.56547009e+00
2.52952381e+00
2.61470085e+00
2.76395604e+00
2.61235653e+00
2.56078144e+00
2.54515263e+00
2.74129426e+00
2.53421245e+00
2.58266178e+00
2.55765568e+00
3.03355311e+00
2.58266178e+00
2.56390720e+00
2.54202686e+00
2.74989011e+00
2.55140415e+00
2.55374847e+00
2.52796093e+00
2.75926740e+00
2.55609280e+00
2.54515263e+00
2.57562882e+00
2.75848596e+00
2.56000000e+00
2.57015873e+00
2.58813187e+00
2.75301587e+00
2.58500611e+00
2.52170940e+00
2.77255189e+00
3.00776557e+00
2.55374847e+00
2.56234432e+00
2.56234432e+00
2.74754579e+00
2.59750916e+00
2.56625153e+00
2.52561661e+00
2.75145299e+00
2.56859585e+00
2.57250305e+00
2.56547009e+00
2.74363858e+00
2.56625153e+00
2.55921856e+00
2.55062271e+00
2.73660562e+00
2.75536020e+00
2.79365079e+00
2.55218559e+00
2.71628816e+00
2.56781441e+00
2.54593407e+00
2.57015873e+00
2.75848596e+00
2.59672772e+00
2.55609280e+00
2.57250305e+00
2.74442002e+00
2.55921856e+00
2.54671551e+00
2.56468864e+00
2.74363858e+00
2.66549451e+00
2.55921856e+00
2.77645910e+00
2.98432234e+00
2.54671551e+00
2.60766789e+00
2.54984127e+00
2.77880342e+00
2.57484737e+00
2.50686203e+00
2.57172161e+00
2.74989011e+00
2.72800977e+00
2.56234432e+00
2.59594628e+00
2.75614164e+00
2.75692308e+00
2.55296703e+00
2.56234432e+00
2.75926740e+00
2.74442002e+00
2.77411477e+00
2.57797314e+00
2.75926740e+00
2.71472527e+00
2.58969475e+00
2.55452991e+00
2.74598291e+00
2.74363858e+00
2.55921856e+00
2.54046398e+00
2.73738706e+00
2.74051282e+00
2.58891331e+00
2.55452991e+00
2.66002442e+00
2.74520147e+00
2.56234432e+00
2.76942613e+00
2.77411477e+00
2.74363858e+00
2.54905983e+00
2.54280830e+00
2.54124542e+00
2.74989011e+00
2.55765568e+00
2.56390720e+00
2.54358974e+00
2.76317460e+00
2.56156288e+00
2.50451770e+00
2.55609280e+00
2.75926740e+00
2.56312576e+00
2.56156288e+00
2.53499389e+00
2.96713065e+00
2.82490842e+00
2.56000000e+00
2.55921856e+00
2.73426129e+00
2.56547009e+00
2.56547009e+00
2.54046398e+00
2.73582418e+00
2.55531136e+00
2.55609280e+00
2.56234432e+00
2.77177045e+00
2.56859585e+00
2.57719170e+00
2.56390720e+00
2.72800977e+00
2.55921856e+00
2.80537241e+00
2.58344322e+00
2.76083028e+00
2.57953602e+00
2.54124542e+00
2.52639805e+00
2.75770452e+00
2.55843712e+00
2.56234432e+00
2.56547009e+00
2.77880342e+00
2.61157509e+00
2.55531136e+00
2.54827839e+00
2.75457875e+00
2.61157509e+00
2.57015873e+00
2.56468864e+00
2.97181929e+00
2.77645910e+00
2.78427350e+00
2.56781441e+00
2.75457875e+00
2.55140415e+00
2.56468864e+00
2.49123321e+00
2.77567766e+00
2.56078144e+00
2.51155067e+00
2.54984127e+00
2.78505495e+00
2.57250305e+00
2.55687424e+00
2.52952381e+00
2.76395604e+00
2.58031746e+00
2.58656899e+00
2.75926740e+00
3.13201465e+00
2.74442002e+00
2.56703297e+00
2.55687424e+00
2.75067155e+00
2.77724054e+00
2.55687424e+00
2.56468864e+00
2.73191697e+00
2.74051282e+00
2.58578755e+00
2.56625153e+00
2.72957265e+00
2.73816850e+00
2.55687424e+00
2.58109890e+00
2.74754579e+00
