1.30344322e+00
1.31907204e+00
1.30735043e+00
1.31907204e+00
1.30500611e+00
1.31047619e+00
1.29719170e+00
1.30891331e+00
1.31203907e+00
1.31047619e+00
1.29484737e+00
1.30891331e+00
1.30891331e+00
1.30656899e+00
1.30891331e+00
1.30813187e+00
1.31907204e+00
1.31125763e+00
1.30813187e+00
1.30656899e+00
1.31516484e+00
1.30969475e+00
1.30813187e+00
1.29328449e+00
1.30891331e+00
1.29953602e+00
1.31907204e+00
1.31125763e+00
1.29797314e+00
1.30656899e+00
1.30813187e+00
1.31438339e+00
1.31047619e+00
1.31438339e+00
1.31125763e+00
1.30188034e+00
1.31516484e+00
1.30813187e+00
1.30344322e+00
1.31203907e+00
1.30344322e+00
1.31750916e+00
1.30813187e+00
1.31047619e+00
1.30735043e+00
1.31360195e+00
1.31829060e+00
1.30656899e+00
1.32532357e+00
1.29953602e+00
1.30031746e+00
1.32297924e+00
1.30969475e+00
1.31829060e+00
1.30735043e+00
1.31125763e+00
1.31203907e+00
1.30969475e+00
1.31047619e+00
1.30422466e+00
1.30969475e+00
1.30735043e+00
1.31360195e+00
1.29719170e+00
1.31047619e+00
1.30422466e+00
1.30735043e+00
1.30891331e+00
1.31203907e+00
1.31360195e+00
1.30344322e+00
1.32532357e+00
1.30891331e+00
1.30266178e+00
1.31516484e+00
1.31516484e+00
1.29797314e+00
1.30891331e+00
1.29953602e+00
1.30188034e+00
1.30656899e+00
1.30031746e+00
1.30969475e+00
1.31594628e+00
1.30266178e+00
1.30344322e+00
1.30891331e+00
1.30578755e+00
1.32141636e+00
1.30031746e+00
1.31985348e+00
1.29562882e+00
1.31125763e+00
1.30031746e+00
1.30266178e+00
1.30969475e+00
1.29641026e+00
1.30891331e+00
1.31360195e+00
1.31282051e+00
1.30891331e+00
1.31594628e+00
1.30735043e+00
1.31047619e+00
1.30031746e+00
1.30969475e+00
1.31203907e+00
1.31203907e+00
1.29406593e+00
1.30891331e+00
1.30813187e+00
1.29719170e+00
1.30891331e+00
1.32610501e+00
1.31672772e+00
1.31282051e+00
1.29953602e+00
1.31203907e+00
1.31516484e+00
1.31203907e+00
1.30188034e+00
1.30969475e+00
1.30891331e+00
1.30969475e+00
1.30891331e+00
1.30969475e+00
1.32063492e+00
1.30969475e+00
1.30422466e+00
1.30891331e+00
1.30500611e+00
1.31829060e+00
1.30578755e+00
1.30735043e+00
1.29484737e+00
1.30735043e+00
1.31829060e+00
1.30266178e+00
1.31047619e+00
1.31360195e+00
1.31047619e+00
1.31672772e+00
1.30891331e+00
1.31282051e+00
1.31047619e+00
1.30813187e+00
1.31907204e+00
1.31282051e+00
1.31282051e+00
1.30500611e+00
1.30735043e+00
1.30735043e+00
1.31203907e+00
1.31047619e+00
1.30344322e+00
1.31203907e+00
1.31125763e+00
1.30422466e+00
1.31360195e+00
1.30891331e+00
1.30578755e+00
1.31907204e+00
1.30969475e+00
1.31750916e+00
1.30813187e+00
1.30891331e+00
1.30188034e+00
1.30031746e+00
1.30344322e+00
1.32219780e+00
1.30656899e+00
1.29562882e+00
1.30891331e+00
1.31672772e+00
1.31047619e+00
1.31203907e+00
1.32141636e+00
1.31203907e+00
1.31829060e+00
1.31672772e+00
1.30813187e+00
1.32063492e+00
1.30735043e+00
1.32063492e+00
1.32610501e+00
1.30735043e+00
1.31438339e+00
1.30578755e+00
1.30109890e+00
1.31360195e+00
1.30500611e+00
1.31047619e+00
1.30891331e+00
1.30266178e+00
1.30500611e+00
1.30578755e+00
1.30813187e+00
1.30813187e+00
1.30109890e+00
1.30813187e+00
1.30656899e+00
1.30813187e+00
1.30969475e+00
1.30500611e+00
1.31516484e+00
1.30891331e+00
1.32141636e+00
1.31594628e+00
1.30266178e+00
1.32454212e+00
1.31047619e+00
1.31985348e+00
1.30813187e+00
1.30578755e+00
1.30344322e+00
1.31203907e+00
1.32376068e+00
1.31282051e+00
1.30266178e+00
1.30188034e+00
1.31125763e+00
1.30031746e+00
1.30500611e+00
1.30266178e+00
1.31047619e+00
1.30813187e+00
1.30344322e+00
1.30656899e+00
1.32063492e+00
1.30266178e+00
1.30735043e+00
1.30344322e+00
1.30735043e+00
1.29172161e+00
1.31282051e+00
1.30735043e+00
1.31203907e+00
1.30656899e+00
1.30969475e+00
1.32063492e+00
1.30656899e+00
1.30813187e+00
1.31047619e+00
1.30813187e+00
1.31594628e+00
1.30813187e+00
1.31829060e+00
1.30344322e+00
1.30266178e+00
1.31125763e+00
1.31282051e+00
1.30500611e+00
1.31516484e+00
1.30422466e+00
1.29797314e+00
1.30891331e+00
1.31907204e+00
1.31282051e+00
1.31594628e+00
1.31516484e+00
1.30891331e+00
1.30578755e+00
1.31438339e+00
1.31985348e+00
1.31203907e+00
1.30891331e+00
1.30578755e+00
1.31203907e+00
1.31516484e+00
1.32063492e+00
1.30891331e+00
1.30735043e+00
1.31047619e+00
1.31829060e+00
1.30735043e+00
1.31047619e+00
1.31125763e+00
1.30891331e+00
1.31360195e+00
1.31047619e+00
1.30813187e+00
1.30500611e+00
1.30891331e+00
1.30969475e+00
1.31203907e+00
1.30656899e+00
1.31125763e+00
1.30891331e+00
1.32063492e+00
1.29094017e+00
1.31047619e+00
1.31360195e+00
1.30969475e+00
1.31203907e+00
1.30500611e+00
1.30813187e+00
1.29875458e+00
1.30891331e+00
1.31203907e+00
1.31516484e+00
1.30969475e+00
1.29641026e+00
1.31047619e+00
1.31438339e+00
1.30578755e+00
1.30969475e+00
1.31282051e+00
1.30266178e+00
1.31516484e+00
1.30500611e+00
1.30578755e+00
1.29641026e+00
1.30891331e+00
1.32376068e+00
1.31438339e+00
1.30969475e+00
1.31360195e+00
1.30969475e+00
1.29484737e+00
1.31203907e+00
1.31047619e+00
1.29953602e+00
1.30969475e+00
1.30813187e+00
1.31203907e+00
1.30891331e+00
1.30891331e+00
1.31829060e+00
1.30578755e+00
1.31203907e+00
1.30813187e+00
1.30031746e+00
1.31438339e+00
1.30578755e+00
1.30656899e+00
1.31047619e+00
1.30891331e+00
1.31282051e+00
1.31438339e+00
1.31125763e+00
1.31047619e+00
1.29719170e+00
1.30891331e+00
1.31047619e+00
1.31907204e+00
1.30891331e+00
1.31282051e+00
1.31282051e+00
1.30578755e+00
1.29719170e+00
1.30969475e+00
1.31203907e+00
1.30735043e+00
1.30891331e+00
1.30578755e+00
1.30656899e+00
1.30344322e+00
1.31203907e+00
1.31516484e+00
1.31516484e+00
1.30813187e+00
1.30969475e+00
1.30891331e+00
1.31203907e+00
1.30188034e+00
1.30578755e+00
1.31516484e+00
1.30031746e+00
1.29797314e+00
1.31360195e+00
1.31203907e+00
1.30891331e+00
1.31360195e+00
1.30656899e+00
1.32297924e+00
1.31125763e+00
1.30031746e+00
1.31203907e+00
1.31203907e+00
1.29562882e+00
1.31203907e+00
1.31203907e+00
1.30656899e+00
1.31125763e+00
1.31672772e+00
1.31282051e+00
1.29953602e+00
1.31047619e+00
1.30578755e+00
1.29094017e+00
1.30891331e+00
1.30891331e+00
1.29953602e+00
1.31282051e+00
1.31203907e+00
1.30813187e+00
1.29562882e+00
1.30656899e+00
1.31125763e+00
1.31907204e+00
1.30422466e+00
1.31360195e+00
1.31594628e+00
1.31203907e+00
1.30969475e+00
1.30656899e+00
1.30656899e+00
1.31282051e+00
1.31203907e+00
1.31438339e+00
1.30813187e+00
1.31516484e+00
1.30735043e+00
1.30813187e+00
1.30344322e+00
1.30891331e+00
1.32610501e+00
1.32141636e+00
1.30969475e+00
1.31750916e+00
1.30656899e+00
1.30891331e+00
1.32219780e+00
1.30735043e+00
1.30813187e+00
1.31203907e+00
1.31360195e+00
1.31203907e+00
1.29875458e+00
1.29172161e+00
1.31438339e+00
1.31360195e+00
1.30578755e+00
1.30891331e+00
1.32063492e+00
1.30969475e+00
1.31282051e+00
1.31360195e+00
1.31203907e+00
1.30344322e+00
1.30813187e+00
1.30735043e+00
1.30969475e+00
1.30656899e+00
1.31985348e+00
1.30656899e+00
1.30344322e+00
1.31047619e+00
1.31125763e+00
1.29953602e+00
1.30813187e+00
1.29953602e+00
1.31438339e+00
1.30578755e+00
1.30656899e+00
1.31125763e+00
1.32297924e+00
1.31672772e+00
1.30656899e+00
1.30031746e+00
1.30813187e+00
1.30813187e+00
1.31438339e+00
1.30578755e+00
1.30813187e+00
1.30891331e+00
1.30969475e+00
1.31047619e+00
1.31125763e+00
1.29953602e+00
1.30891331e+00
1.30344322e+00
1.30813187e+00
1.31125763e+00
1.31672772e+00
1.31282051e+00
1.31203907e+00
1.31438339e+00
1.31125763e+00
1.31125763e+00
1.30813187e+00
1.30578755e+00
1.30109890e+00
1.30813187e+00
1.30656899e+00
1.31203907e+00
1.30500611e+00
1.31907204e+00
1.31047619e+00
1.30422466e+00
1.30891331e+00
1.31203907e+00
1.30266178e+00
1.30735043e+00
1.31203907e+00
1.31047619e+00
1.31829060e+00
1.30500611e+00
1.30735043e+00
1.30656899e+00
1.30500611e+00
1.30656899e+00
1.31203907e+00
1.30344322e+00
1.29797314e+00
1.30891331e+00
1.31360195e+00
1.29875458e+00
1.30735043e+00
1.30891331e+00
1.31438339e+00
1.30969475e+00
1.30344322e+00
1.30656899e+00
1.29406593e+00
1.31282051e+00
1.29953602e+00
1.30813187e+00
1.30813187e+00
1.29953602e+00
1.30813187e+00
1.31594628e+00
1.29875458e+00
1.31125763e+00
1.31594628e+00
1.31203907e+00
1.32219780e+00
1.30500611e+00
1.30422466e+00
1.31125763e+00
1.30969475e+00
1.30656899e+00
1.29953602e+00
1.31125763e+00
1.31125763e+00
1.31360195e+00
1.30109890e+00
1.30656899e+00
1.31047619e+00
1.30969475e+00
1.31203907e+00
1.31203907e+00
1.28781441e+00
1.30188034e+00
1.31203907e+00
1.30969475e+00
1.29797314e+00
1.30969475e+00
1.31047619e+00
1.30735043e+00
1.30891331e+00
1.30422466e+00
1.31829060e+00
1.30813187e+00
1.31516484e+00
1.31125763e+00
1.31438339e+00
1.30813187e+00
1.30500611e+00
1.30735043e+00
1.30813187e+00
1.30266178e+00
1.31829060e+00
1.31047619e+00
1.30656899e+00
1.31203907e+00
1.29875458e+00
1.31282051e+00
1.30969475e+00
1.32376068e+00
1.29953602e+00
1.30266178e+00
1.30578755e+00
1.31047619e+00
1.31360195e+00
1.30891331e+00
1.30344322e+00
1.29406593e+00
1.30735043e+00
1.30109890e+00
1.30813187e+00
1.31516484e+00
1.30266178e+00
1.30813187e+00
1.30656899e+00
1.30891331e+00
1.30500611e+00
1.31203907e+00
1.31750916e+00
1.30891331e+00
1.31125763e+00
1.30578755e+00
1.30813187e+00
1.31282051e+00
1.30891331e+00
1.30578755e+00
1.31985348e+00
1.29797314e+00
1.30500611e+00
1.30813187e+00
1.30735043e+00
1.31360195e+00
1.31438339e+00
1.30969475e+00
1.31047619e+00
1.31125763e+00
1.29172161e+00
1.31907204e+00
1.31125763e+00
1.31829060e+00
1.30500611e+00
1.31282051e+00
1.31125763e+00
1.30969475e+00
1.31047619e+00
1.31203907e+00
1.31438339e+00
1.32219780e+00
1.30578755e+00
1.30266178e+00
1.30735043e+00
1.30344322e+00
1.30578755e+00
1.31203907e+00
1.32376068e+00
1.30735043e+00
1.30266178e+00
1.30891331e+00
1.30656899e+00
1.31594628e+00
1.30891331e+00
1.30891331e+00
1.29406593e+00
1.30656899e+00
1.31594628e+00
1.31047619e+00
1.30188034e+00
1.29562882e+00
1.30656899e+00
1.31516484e+00
1.31360195e+00
1.31125763e+00
1.30188034e+00
1.30891331e+00
1.30656899e+00
1.31203907e+00
1.30266178e+00
1.30031746e+00
1.30891331e+00
1.30266178e+00
1.30266178e+00
1.30422466e+00
1.30031746e+00
1.31125763e+00
1.31047619e+00
1.30969475e+00
1.31282051e+00
1.30891331e+00
1.30891331e+00
1.30735043e+00
1.30813187e+00
1.31438339e+00
1.29719170e+00
1.31047619e+00
1.31125763e+00
1.30578755e+00
1.30656899e+00
1.31985348e+00
1.30969475e+00
1.30735043e+00
1.31047619e+00
1.31047619e+00
1.31985348e+00
1.31360195e+00
1.31907204e+00
1.30813187e+00
1.30735043e+00
1.32219780e+00
1.30891331e+00
1.31360195e+00
1.29797314e+00
1.30500611e+00
1.30031746e+00
1.30188034e+00
1.30735043e+00
1.30813187e+00
1.30813187e+00
1.30813187e+00
1.30500611e+00
1.32141636e+00
1.31438339e+00
1.30813187e+00
1.29328449e+00
1.30422466e+00
1.30500611e+00
1.30969475e+00
1.30656899e+00
1.29406593e+00
1.30969475e+00
1.29875458e+00
1.31360195e+00
1.31125763e+00
1.29406593e+00
1.30735043e+00
1.31516484e+00
1.30422466e+00
1.31203907e+00
1.31829060e+00
1.31125763e+00
1.30656899e+00
1.31047619e+00
1.31203907e+00
1.31985348e+00
1.30891331e+00
1.30422466e+00
1.31203907e+00
1.30969475e+00
1.30969475e+00
1.30735043e+00
1.30578755e+00
1.30891331e+00
1.30735043e+00
1.32454212e+00
1.30891331e+00
1.30891331e+00
1.31672772e+00
1.30656899e+00
1.30735043e+00
1.30656899e+00
1.30188034e+00
1.31203907e+00
1.30656899e+00
1.31829060e+00
1.30813187e+00
1.30500611e+00
1.30813187e+00
1.30891331e+00
1.30500611e+00
1.31360195e+00
1.29797314e+00
1.31047619e+00
1.31125763e+00
1.31750916e+00
1.30109890e+00
1.31750916e+00
1.32376068e+00
1.31047619e+00
1.32141636e+00
1.31047619e+00
1.32219780e+00
1.30344322e+00
1.31047619e+00
1.30266178e+00
1.30891331e+00
1.31516484e+00
1.29094017e+00
1.30969475e+00
1.30891331e+00
1.31203907e+00
1.30031746e+00
1.30969475e+00
1.31203907e+00
1.30188034e+00
1.30813187e+00
1.31203907e+00
1.29875458e+00
1.31047619e+00
1.30656899e+00
1.30891331e+00
1.30422466e+00
1.30656899e+00
1.31047619e+00
1.28859585e+00
1.30578755e+00
1.31282051e+00
1.31516484e+00
1.31203907e+00
1.30266178e+00
1.30656899e+00
1.32688645e+00
1.30735043e+00
1.30969475e+00
1.29875458e+00
1.30813187e+00
1.30500611e+00
1.29328449e+00
1.30656899e+00
1.31750916e+00
1.30344322e+00
1.32141636e+00
1.31203907e+00
1.30735043e+00
1.30813187e+00
1.31125763e+00
1.31829060e+00
1.30813187e+00
1.30813187e+00
1.31594628e+00
1.30891331e+00
1.31438339e+00
1.30266178e+00
1.31360195e+00
1.31829060e+00
1.31203907e+00
1.30188034e+00
1.30031746e+00
1.30891331e+00
1.30891331e+00
1.30813187e+00
1.31360195e+00
1.31829060e+00
1.31047619e+00
1.29562882e+00
1.30813187e+00
1.29562882e+00
1.31047619e+00
1.30969475e+00
1.31516484e+00
1.30891331e+00
1.32141636e+00
1.30891331e+00
1.30813187e+00
1.30578755e+00
1.30344322e+00
1.31125763e+00
1.30735043e+00
1.31203907e+00
1.29641026e+00
1.31516484e+00
1.31907204e+00
1.29094017e+00
1.31125763e+00
1.31672772e+00
1.31125763e+00
1.31594628e+00
1.29719170e+00
1.30969475e+00
1.30422466e+00
1.30891331e+00
1.31594628e+00
1.31203907e+00
1.30735043e+00
1.30031746e+00
1.30891331e+00
1.30578755e+00
1.30735043e+00
1.30813187e+00
1.30344322e+00
1.30891331e+00
1.29562882e+00
1.31985348e+00
1.31282051e+00
1.32141636e+00
1.30735043e+00
1.31282051e+00
1.30656899e+00
1.30891331e+00
1.31438339e+00
1.30813187e+00
1.32454212e+00
1.32141636e+00
1.31203907e+00
1.30891331e+00
1.30500611e+00
1.30891331e+00
1.30656899e+00
1.30656899e+00
1.30266178e+00
1.30891331e+00
1.30813187e+00
1.31125763e+00
1.30891331e+00
1.30188034e+00
1.31203907e+00
1.30813187e+00
1.31360195e+00
1.30656899e+00
1.30891331e+00
1.30735043e+00
1.31438339e+00
1.29641026e+00
1.31125763e+00
1.30266178e+00
1.30969475e+00
1.30578755e+00
1.31282051e+00
1.30969475e+00
1.31203907e+00
1.31282051e+00
1.31203907e+00
1.31282051e+00
1.30969475e+00
1.32141636e+00
1.30969475e+00
1.31282051e+00
1.30813187e+00
1.30969475e+00
1.30656899e+00
1.30735043e+00
1.31047619e+00
1.30656899e+00
1.30969475e+00
1.30344322e+00
1.30500611e+00
1.29094017e+00
1.29094017e+00
1.31594628e+00
1.31203907e+00
1.30500611e+00
1.30969475e+00
1.32141636e+00
1.31125763e+00
1.30188034e+00
1.31516484e+00
1.30656899e+00
1.30969475e+00
1.30735043e+00
1.30266178e+00
1.30422466e+00
1.31125763e+00
1.30500611e+00
1.31047619e+00
1.30735043e+00
1.30266178e+00
1.30500611e+00
1.31438339e+00
1.31203907e+00
1.31360195e+00
1.30109890e+00
1.30969475e+00
1.29484737e+00
1.30578755e+00
1.30578755e+00
1.30344322e+00
1.31360195e+00
1.30891331e+00
1.31125763e+00
1.30656899e+00
1.31438339e+00
1.30500611e+00
1.30891331e+00
1.30656899e+00
1.30891331e+00
1.31203907e+00
1.30031746e+00
1.29172161e+00
1.30656899e+00
1.32141636e+00
1.30891331e+00
1.31516484e+00
1.29641026e+00
1.31203907e+00
1.30656899e+00
1.31672772e+00
1.31047619e+00
1.30891331e+00
1.30813187e+00
1.31203907e+00
1.30656899e+00
1.30578755e+00
1.31125763e+00
1.31047619e+00
1.31750916e+00
1.31047619e+00
1.30969475e+00
1.29719170e+00
1.30813187e+00
1.31750916e+00
1.31438339e+00
1.30578755e+00
1.30344322e+00
1.31125763e+00
1.30813187e+00
1.29797314e+00
1.31203907e+00
1.30031746e+00
1.30891331e+00
1.30656899e+00
1.31203907e+00
1.30656899e+00
1.31047619e+00
1.30969475e+00
1.31750916e+00
1.31282051e+00
1.31438339e+00
1.30500611e+00
1.31203907e+00
1.31203907e+00
1.31438339e+00
1.30891331e+00
1.32297924e+00
1.31516484e+00
1.29328449e+00
1.30813187e+00
1.31047619e+00
1.30735043e+00
1.31047619e+00
1.30656899e+00
1.30578755e+00
1.30891331e+00
1.31907204e+00
1.30656899e+00
1.31438339e+00
1.31282051e+00
1.30813187e+00
1.30656899e+00
1.30813187e+00
1.31125763e+00
1.30813187e+00
1.31125763e+00
1.29562882e+00
1.30891331e+00
1.30578755e+00
1.29797314e+00
1.31047619e+00
1.30422466e+00
1.31047619e+00
1.31047619e+00
1.30735043e+00
1.31125763e+00
1.31985348e+00
1.31203907e+00
1.31516484e+00
1.31438339e+00
1.30813187e+00
1.31907204e+00
1.30735043e+00
1.29953602e+00
1.30813187e+00
1.31047619e+00
1.29953602e+00
1.31047619e+00
1.29250305e+00
1.32063492e+00
1.31203907e+00
1.31125763e+00
1.31282051e+00
1.31203907e+00
1.30266178e+00
1.30969475e+00
1.31125763e+00
1.30813187e+00
1.29328449e+00
1.31282051e+00
1.31438339e+00
1.31438339e+00
1.30266178e+00
1.30031746e+00
1.31750916e+00
1.31125763e+00
1.30344322e+00
1.31125763e+00
1.30266178e+00
1.31282051e+00
1.30578755e+00
1.30109890e+00
1.30344322e+00
1.30031746e+00
1.31047619e+00
1.30969475e+00
1.31203907e+00
1.31203907e+00
1.29641026e+00
1.31125763e+00
1.30891331e+00
1.31047619e+00
1.30813187e+00
1.31203907e+00
1.30266178e+00
1.30969475e+00
1.31985348e+00
1.30891331e+00
1.30500611e+00
1.32141636e+00
1.31125763e+00
1.30344322e+00
1.29953602e+00
1.31672772e+00
1.31203907e+00
1.30656899e+00
1.31672772e+00
1.30578755e+00
1.30109890e+00
1.31203907e+00
1.30656899e+00
1.31047619e+00
1.31282051e+00
1.31047619e+00
1.31829060e+00
1.31360195e+00
1.31829060e+00
1.30969475e+00
1.29797314e+00
1.31985348e+00
1.31047619e+00
1.29172161e+00
1.31203907e+00
1.29953602e+00
1.30188034e+00
1.30891331e+00
1.30188034e+00
1.30656899e+00
1.31203907e+00
1.31750916e+00
1.30735043e+00
1.30735043e+00
1.30735043e+00
1.31125763e+00
1.30969475e+00
1.30891331e+00
1.30891331e+00
1.30735043e+00
1.31985348e+00
1.30266178e+00
1.30891331e+00
1.30109890e+00
1.30969475e+00
1.31594628e+00
1.31282051e+00
1.30813187e+00
1.30735043e+00
1.30656899e+00
1.30891331e+00
1.30344322e+00
1.30969475e+00
1.29953602e+00
1.30422466e+00
1.31282051e+00
1.31282051e+00
1.31125763e+00
1.31282051e+00
1.30969475e+00
1.30188034e+00
1.30578755e+00
1.30656899e+00
1.31125763e+00
1.30891331e+00
1.31125763e+00
1.30188034e+00
1.30891331e+00
1.29406593e+00
1.30969475e+00
1.29875458e+00
1.31672772e+00
1.30969475e+00
1.31985348e+00
1.30813187e+00
1.30891331e+00
1.32376068e+00
1.30735043e+00
1.30500611e+00
1.31282051e+00
1.32297924e+00
1.30813187e+00
1.31203907e+00
1.30891331e+00
1.31203907e+00
1.31203907e+00
1.31750916e+00
1.30813187e+00
1.29406593e+00
1.31360195e+00
1.29953602e+00
1.30344322e+00
1.31203907e+00
1.30735043e+00
1.30891331e+00
1.31516484e+00
1.29641026e+00
1.31282051e+00
1.31985348e+00
1.30344322e+00
1.31203907e+00
1.31594628e+00
1.30735043e+00
1.30969475e+00
1.31203907e+00
1.30656899e+00
1.31985348e+00
1.31125763e+00
1.31829060e+00
1.30578755e+00
1.31438339e+00
1.31594628e+00
1.31125763e+00
1.32219780e+00
1.30891331e+00
1.31516484e+00
1.31047619e+00
1.30656899e+00
1.31282051e+00
1.31360195e+00
1.30656899e+00
1.31047619e+00
1.30891331e+00
1.30891331e+00
1.30891331e+00
1.30969475e+00
1.31829060e+00
1.30891331e+00
1.31829060e+00
1.30266178e+00
1.30969475e+00
1.29797314e+00
1.30813187e+00
1.32766789e+00
1.31047619e+00
1.30891331e+00
1.30422466e+00
1.30422466e+00
1.30969475e+00
1.31203907e+00
1.30891331e+00
1.31516484e+00
1.31282051e+00
1.30109890e+00
1.30656899e+00
1.30891331e+00
1.29797314e+00
1.30891331e+00
1.32532357e+00
1.30266178e+00
1.31360195e+00
1.31282051e+00
1.30891331e+00
1.31594628e+00
1.30266178e+00
1.30735043e+00
1.29797314e+00
1.31282051e+00
1.30500611e+00
1.31047619e+00
1.30578755e+00
1.29875458e+00
1.30891331e+00
1.31125763e+00
1.30969475e+00
1.30891331e+00
1.31282051e+00
1.30656899e+00
1.30422466e+00
1.30656899e+00
1.30969475e+00
1.30891331e+00
1.31125763e+00
1.29719170e+00
1.31203907e+00
1.31125763e+00
1.30344322e+00
1.31125763e+00
1.30735043e+00
1.31829060e+00
1.30578755e+00
1.31829060e+00
1.30735043e+00
1.31907204e+00
1.30891331e+00
1.31282051e+00
1.31594628e+00
1.31672772e+00
1.31907204e+00
1.30422466e+00
1.30891331e+00
1.32063492e+00
1.30813187e+00
1.29953602e+00
1.30813187e+00
1.31282051e+00
1.31203907e+00
1.30969475e+00
1.32219780e+00
1.31750916e+00
1.30891331e+00
1.30969475e+00
1.31907204e+00
1.30578755e+00
1.31047619e+00
1.30656899e+00
1.31672772e+00
1.30813187e+00
1.31282051e+00
1.30422466e+00
1.30969475e+00
1.31360195e+00
1.30813187e+00
1.31203907e+00
1.31203907e+00
1.31203907e+00
1.30500611e+00
1.31125763e+00
1.31829060e+00
1.30188034e+00
1.30735043e+00
1.30891331e+00
1.30891331e+00
1.30500611e+00
1.30578755e+00
1.30578755e+00
1.31750916e+00
1.30578755e+00
1.31516484e+00
1.29250305e+00
1.30656899e+00
1.29484737e+00
1.30500611e+00
1.30969475e+00
1.30266178e+00
1.31125763e+00
1.29719170e+00
1.30735043e+00
1.31750916e+00
1.31516484e+00
1.30813187e+00
1.31594628e+00
1.30891331e+00
1.30891331e+00
1.30813187e+00
1.30969475e+00
1.31594628e+00
1.30891331e+00
1.32297924e+00
1.32454212e+00
1.30109890e+00
1.32063492e+00
1.30735043e+00
1.30735043e+00
1.30109890e+00
1.30500611e+00
1.31985348e+00
1.31047619e+00
1.30891331e+00
1.31516484e+00
1.31282051e+00
1.30344322e+00
1.30891331e+00
1.31125763e+00
1.31282051e+00
1.31360195e+00
1.31829060e+00
1.30656899e+00
1.31360195e+00
1.31203907e+00
1.30578755e+00
1.32219780e+00
1.30735043e+00
1.30188034e+00
1.31672772e+00
1.31047619e+00
1.31047619e+00
1.30969475e+00
1.31282051e+00
1.31829060e+00
1.31203907e+00
1.30891331e+00
1.30969475e+00
1.31516484e+00
1.31360195e+00
1.30578755e+00
1.30344322e+00
1.30656899e+00
1.32141636e+00
1.30735043e+00
1.30891331e+00
1.30344322e+00
1.30813187e+00
1.31829060e+00
1.31438339e+00
1.30969475e+00
1.31125763e+00
1.30813187e+00
1.30344322e+00
1.31829060e+00
1.31047619e+00
1.30656899e+00
1.30735043e+00
1.31516484e+00
1.30109890e+00
1.31203907e+00
1.29953602e+00
1.30891331e+00
1.30969475e+00
1.31360195e+00
1.31047619e+00
1.31672772e+00
1.30813187e+00
1.31594628e+00
1.30656899e+00
1.30578755e+00
1.31516484e+00
1.30656899e+00
1.31282051e+00
1.30188034e+00
1.30500611e+00
1.30422466e+00
1.31047619e+00
1.29797314e+00
1.30500611e+00
1.30891331e+00
1.30266178e+00
1.30969475e+00
1.30891331e+00
1.30109890e+00
1.31125763e+00
1.29250305e+00
1.31047619e+00
1.31672772e+00
1.29719170e+00
1.30813187e+00
1.29953602e+00
1.31047619e+00
1.32532357e+00
1.31985348e+00
1.30969475e+00
1.31516484e+00
1.30891331e+00
1.31047619e+00
1.31203907e+00
1.30735043e+00
1.32063492e+00
1.30266178e+00
1.31125763e+00
1.32454212e+00
1.30422466e+00
1.30813187e+00
1.31438339e+00
1.30656899e+00
1.29797314e+00
1.30969475e+00
1.29953602e+00
1.30735043e+00
1.30188034e+00
1.30969475e+00
1.30969475e+00
1.30656899e+00
1.31047619e+00
1.30031746e+00
1.30813187e+00
1.31282051e+00
1.30031746e+00
1.31516484e+00
1.31516484e+00
1.30500611e+00
1.30735043e+00
1.30969475e+00
1.30813187e+00
1.30500611e+00
1.31750916e+00
1.31203907e+00
1.30578755e+00
1.31047619e+00
1.31594628e+00
1.30266178e+00
1.31125763e+00
1.30891331e+00
1.31047619e+00
1.30969475e+00
1.30891331e+00
1.31125763e+00
1.31125763e+00
1.31282051e+00
1.31125763e+00
1.31360195e+00
1.31047619e+00
1.30578755e+00
1.31203907e+00
1.31047619e+00
1.30891331e+00
1.30813187e+00
1.29953602e+00
1.30656899e+00
1.30891331e+00
1.31047619e+00
1.30344322e+00
1.31282051e+00
1.30813187e+00
1.30266178e+00
1.31282051e+00
1.31203907e+00
1.31594628e+00
1.29875458e+00
1.30969475e+00
1.31125763e+00
1.30813187e+00
1.29953602e+00
1.30656899e+00
1.30656899e+00
1.31203907e+00
1.31203907e+00
1.29953602e+00
1.31203907e+00
1.30266178e+00
1.30344322e+00
1.30578755e+00
1.31125763e+00
1.30578755e+00
1.30735043e+00
1.31360195e+00
1.31047619e+00
1.30891331e+00
1.31516484e+00
1.31125763e+00
1.30969475e+00
1.30813187e+00
1.31360195e+00
1.30344322e+00
1.30266178e+00
1.29719170e+00
1.30578755e+00
1.29484737e+00
1.31125763e+00
1.30578755e+00
1.31594628e+00
1.31829060e+00
1.31125763e+00
1.29797314e+00
1.31203907e+00
1.31047619e+00
1.31047619e+00
1.30344322e+00
1.31047619e+00
1.31047619e+00
1.30891331e+00
1.31047619e+00
1.30578755e+00
1.31907204e+00
1.31047619e+00
1.31985348e+00
1.30891331e+00
1.30656899e+00
1.30188034e+00
1.31047619e+00
1.30031746e+00
1.30813187e+00
1.30656899e+00
1.30500611e+00
1.30656899e+00
1.30735043e+00
1.30500611e+00
1.29562882e+00
1.30344322e+00
1.31203907e+00
1.31438339e+00
1.30891331e+00
1.30344322e+00
1.31907204e+00
1.31282051e+00
1.30735043e+00
1.31360195e+00
1.30969475e+00
1.31750916e+00
1.31438339e+00
1.30344322e+00
1.30969475e+00
1.32063492e+00
1.30578755e+00
1.30735043e+00
1.30735043e+00
1.30578755e+00
1.31438339e+00
1.31672772e+00
1.30656899e+00
1.30266178e+00
1.31125763e+00
1.29562882e+00
1.28703297e+00
1.31438339e+00
1.31282051e+00
1.30891331e+00
1.30266178e+00
1.29719170e+00
1.30891331e+00
1.30422466e+00
1.30422466e+00
1.32063492e+00
1.31829060e+00
1.30578755e+00
1.30266178e+00
1.30735043e+00
1.30891331e+00
1.31047619e+00
1.30969475e+00
1.30656899e+00
1.31125763e+00
1.30578755e+00
1.30109890e+00
1.30813187e+00
1.30656899e+00
1.31516484e+00
1.30656899e+00
1.31282051e+00
1.31282051e+00
1.31360195e+00
1.30031746e+00
1.30344322e+00
1.29094017e+00
1.30735043e+00
1.30344322e+00
1.30891331e+00
1.30188034e+00
1.31360195e+00
1.30813187e+00
1.30578755e+00
1.30578755e+00
1.30188034e+00
1.31516484e+00
1.30813187e+00
1.29406593e+00
1.30656899e+00
1.30422466e+00
1.30422466e+00
1.31282051e+00
1.29562882e+00
1.30969475e+00
1.30813187e+00
1.31203907e+00
1.30656899e+00
1.32141636e+00
1.31203907e+00
1.29875458e+00
1.30969475e+00
1.31047619e+00
1.30813187e+00
1.31125763e+00
1.29719170e+00
1.30813187e+00
1.30891331e+00
1.31282051e+00
1.31360195e+00
1.32141636e+00
1.30031746e+00
1.30656899e+00
1.31594628e+00
1.31125763e+00
1.31203907e+00
1.31672772e+00
1.31203907e+00
1.30656899e+00
1.30500611e+00
1.31516484e+00
1.30500611e+00
1.31125763e+00
1.32376068e+00
1.30813187e+00
1.32532357e+00
1.32141636e+00
1.30969475e+00
1.30656899e+00
1.30969475e+00
1.29875458e+00
1.30500611e+00
1.30969475e+00
1.31282051e+00
1.30969475e+00
1.32766789e+00
1.30109890e+00
1.31203907e+00
1.30188034e+00
1.30813187e+00
1.30422466e+00
1.31203907e+00
1.30500611e+00
1.31203907e+00
1.31125763e+00
1.30266178e+00
1.30109890e+00
1.30969475e+00
1.31438339e+00
1.30656899e+00
1.30344322e+00
1.31047619e+00
1.30891331e+00
1.30344322e+00
1.30891331e+00
1.31438339e+00
1.31203907e+00
1.30891331e+00
1.31829060e+00
1.31282051e+00
1.31047619e+00
1.29875458e+00
1.31203907e+00
1.31360195e+00
1.30813187e+00
1.30500611e+00
1.29953602e+00
1.30891331e+00
1.30500611e+00
1.30422466e+00
1.30735043e+00
1.30188034e+00
1.31203907e+00
1.30422466e+00
1.30735043e+00
1.31282051e+00
1.29641026e+00
1.31047619e+00
1.29797314e+00
1.30813187e+00
1.30969475e+00
1.30735043e+00
1.30891331e+00
1.31282051e+00
1.31516484e+00
1.30969475e+00
1.31438339e+00
1.30735043e+00
1.29484737e+00
1.31829060e+00
1.30969475e+00
1.31516484e+00
1.31047619e+00
1.30969475e+00
1.30266178e+00
1.30109890e+00
1.31829060e+00
1.31125763e+00
1.30031746e+00
1.30969475e+00
1.31438339e+00
1.31750916e+00
1.30969475e+00
1.32219780e+00
1.31282051e+00
1.31282051e+00
1.30813187e+00
1.30735043e+00
1.31360195e+00
1.31438339e+00
1.30578755e+00
1.29797314e+00
1.30891331e+00
1.31047619e+00
1.31516484e+00
1.30969475e+00
1.29875458e+00
1.31047619e+00
1.30735043e+00
1.31360195e+00
1.30969475e+00
1.30735043e+00
1.31125763e+00
1.31985348e+00
1.30578755e+00
1.31203907e+00
1.30891331e+00
1.30813187e+00
1.30578755e+00
1.32454212e+00
1.30813187e+00
1.30813187e+00
1.30969475e+00
1.30109890e+00
1.30344322e+00
1.31125763e+00
1.32297924e+00
1.30578755e+00
1.30891331e+00
1.30031746e+00
1.30969475e+00
1.29797314e+00
1.30969475e+00
1.30500611e+00
1.31203907e+00
1.31125763e+00
1.31282051e+00
1.31203907e+00
1.30969475e+00
1.30578755e+00
1.30969475e+00
1.31907204e+00
1.30813187e+00
1.29641026e+00
1.30031746e+00
1.30422466e+00
1.30188034e+00
1.30891331e+00
1.30109890e+00
1.31516484e+00
1.31047619e+00
1.31750916e+00
1.30578755e+00
1.30344322e+00
1.31125763e+00
1.30735043e+00
1.31203907e+00
1.30578755e+00
1.31985348e+00
1.31438339e+00
1.30813187e+00
1.31750916e+00
1.30656899e+00
1.31985348e+00
1.29562882e+00
1.30500611e+00
1.30813187e+00
1.31360195e+00
1.30891331e+00
1.30578755e+00
1.30578755e+00
1.30188034e+00
1.30578755e+00
1.30656899e+00
1.30188034e+00
1.30969475e+00
1.30735043e+00
1.30891331e+00
1.30344322e+00
1.31594628e+00
1.30656899e+00
1.31125763e+00
1.30656899e+00
1.30422466e+00
1.31282051e+00
1.30735043e+00
1.30656899e+00
1.31125763e+00
1.29875458e+00
1.31672772e+00
1.30891331e+00
1.30031746e+00
1.30813187e+00
1.31750916e+00
1.30031746e+00
1.30969475e+00
1.30656899e+00
1.30891331e+00
1.29719170e+00
1.30344322e+00
1.31282051e+00
1.31516484e+00
1.30578755e+00
1.31750916e+00
1.30969475e+00
1.31047619e+00
1.30969475e+00
1.31125763e+00
1.31750916e+00
1.31282051e+00
1.31203907e+00
1.30109890e+00
1.31125763e+00
1.30969475e+00
1.30969475e+00
1.30891331e+00
1.30500611e+00
1.31047619e+00
1.31672772e+00
1.29172161e+00
1.30891331e+00
1.30578755e+00
1.30500611e+00
1.29015873e+00
1.31438339e+00
1.30891331e+00
1.32610501e+00
1.30500611e+00
1.30422466e+00
1.29797314e+00
1.31047619e+00
1.30188034e+00
1.31125763e+00
1.30422466e+00
1.30422466e+00
1.30891331e+00
1.30344322e+00
1.30891331e+00
1.29250305e+00
1.30422466e+00
1.30266178e+00
1.32063492e+00
1.30813187e+00
1.31203907e+00
1.30578755e+00
1.31438339e+00
1.30422466e+00
1.30578755e+00
1.30422466e+00
1.30344322e+00
1.30735043e+00
1.31829060e+00
1.30656899e+00
1.31047619e+00
1.31516484e+00
1.30578755e+00
1.30500611e+00
1.30969475e+00
1.31047619e+00
1.31125763e+00
1.30969475e+00
1.30422466e+00
1.30656899e+00
1.31438339e+00
1.31594628e+00
1.30969475e+00
1.30891331e+00
1.31360195e+00
1.29406593e+00
1.29562882e+00
1.30578755e+00
1.29406593e+00
1.30735043e+00
1.30969475e+00
1.30735043e+00
1.31203907e+00
1.30266178e+00
1.31125763e+00
1.30969475e+00
1.29406593e+00
1.30813187e+00
1.31907204e+00
1.31125763e+00
1.30813187e+00
1.30969475e+00
1.30578755e+00
1.31203907e+00
1.30891331e+00
1.30188034e+00
1.31282051e+00
1.30969475e+00
1.29641026e+00
1.31282051e+00
1.31282051e+00
1.30188034e+00
1.30500611e+00
1.31829060e+00
1.31438339e+00
1.30344322e+00
1.30422466e+00
1.31047619e+00
1.31594628e+00
1.31360195e+00
1.30188034e+00
1.31047619e+00
1.30891331e+00
1.30188034e+00
1.31203907e+00
1.30969475e+00
1.29953602e+00
1.30735043e+00
1.32063492e+00
1.30969475e+00
1.30891331e+00
1.32063492e+00
1.30500611e+00
1.30578755e+00
1.30891331e+00
1.30578755e+00
1.30891331e+00
1.31125763e+00
1.30578755e+00
1.30266178e+00
1.30656899e+00
1.30500611e+00
1.30813187e+00
1.30500611e+00
1.31203907e+00
1.30578755e+00
1.31516484e+00
1.31047619e+00
1.30891331e+00
1.30109890e+00
1.31829060e+00
1.31594628e+00
1.30813187e+00
1.31047619e+00
1.29719170e+00
1.30813187e+00
1.31907204e+00
1.30969475e+00
1.32063492e+00
1.31047619e+00
1.30813187e+00
1.30500611e+00
1.31203907e+00
1.31282051e+00
1.29641026e+00
1.31438339e+00
1.30422466e+00
1.31125763e+00
1.30656899e+00
1.30266178e+00
1.31203907e+00
1.30969475e+00
1.31047619e+00
1.31282051e+00
1.30969475e+00
1.30969475e+00
1.29406593e+00
1.30656899e+00
1.31672772e+00
1.30891331e+00
1.31125763e+00
1.31282051e+00
1.30578755e+00
1.30500611e+00
1.30813187e+00
1.30969475e+00
1.30813187e+00
1.31203907e+00
1.30500611e+00
1.31516484e+00
1.30891331e+00
1.30500611e+00
1.30813187e+00
1.30266178e+00
1.30969475e+00
1.31125763e+00
1.31750916e+00
1.31125763e+00
1.29641026e+00
1.31672772e+00
1.30813187e+00
1.32141636e+00
1.30735043e+00
1.30422466e+00
1.31516484e+00
1.30969475e+00
1.31829060e+00
1.30891331e+00
1.30578755e+00
1.31438339e+00
1.31125763e+00
1.31516484e+00
1.31282051e+00
1.31047619e+00
1.30500611e+00
1.30344322e+00
1.30422466e+00
1.30813187e+00
1.31047619e+00
1.32219780e+00
1.30813187e+00
1.30500611e+00
1.30969475e+00
1.31985348e+00
1.31203907e+00
1.30813187e+00
1.30266178e+00
1.31203907e+00
1.31282051e+00
1.30891331e+00
1.30578755e+00
1.30578755e+00
1.31282051e+00
1.31985348e+00
1.29953602e+00
1.30735043e+00
1.31750916e+00
1.31203907e+00
1.30578755e+00
1.29328449e+00
1.30656899e+00
1.31750916e+00
1.30969475e+00
1.31203907e+00
1.32063492e+00
1.31125763e+00
1.31125763e+00
1.30735043e+00
1.30813187e+00
1.30344322e+00
1.30969475e+00
1.30031746e+00
1.30969475e+00
1.31907204e+00
1.31047619e+00
1.31125763e+00
1.30656899e+00
1.30578755e+00
1.30969475e+00
1.29953602e+00
1.29953602e+00
1.30500611e+00
1.31047619e+00
1.30266178e+00
1.30735043e+00
1.30969475e+00
1.31203907e+00
1.30969475e+00
1.30266178e+00
1.29484737e+00
1.30578755e+00
1.30500611e+00
1.30813187e+00
1.31047619e+00
1.31750916e+00
1.30735043e+00
1.32376068e+00
1.30969475e+00
1.30344322e+00
1.31672772e+00
1.30422466e+00
1.31829060e+00
1.31047619e+00
1.31203907e+00
1.31125763e+00
1.30578755e+00
1.31594628e+00
1.30735043e+00
1.31829060e+00
1.30344322e+00
1.30578755e+00
1.30109890e+00
1.30891331e+00
1.30735043e+00
1.30891331e+00
1.30969475e+00
1.31125763e+00
1.30891331e+00
1.30109890e+00
1.32219780e+00
1.30656899e+00
1.31047619e+00
1.30735043e+00
1.31516484e+00
1.30344322e+00
1.30813187e+00
1.30813187e+00
1.29875458e+00
1.30266178e+00
1.29719170e+00
1.30500611e+00
1.31516484e+00
1.31047619e+00
1.29797314e+00
1.32063492e+00
1.31203907e+00
1.31047619e+00
1.30578755e+00
1.30735043e+00
1.30422466e+00
1.30891331e+00
1.31516484e+00
1.30578755e+00
1.31516484e+00
1.30188034e+00
1.30813187e+00
1.29484737e+00
1.31360195e+00
1.30813187e+00
1.31203907e+00
1.31125763e+00
1.32297924e+00
1.30891331e+00
1.30578755e+00
1.30891331e+00
1.31047619e+00
1.30188034e+00
1.30656899e+00
1.30969475e+00
1.31125763e+00
1.30969475e+00
1.31829060e+00
1.31125763e+00
1.32297924e+00
1.30109890e+00
1.30813187e+00
1.30422466e+00
1.31047619e+00
1.31516484e+00
1.30656899e+00
1.30735043e+00
1.30735043e+00
1.31047619e+00
1.31203907e+00
1.30969475e+00
1.31282051e+00
1.30422466e+00
1.31203907e+00
1.29953602e+00
1.31047619e+00
1.30969475e+00
1.30891331e+00
1.30500611e+00
1.30656899e+00
1.30578755e+00
1.30891331e+00
1.30344322e+00
1.30891331e+00
1.31438339e+00
1.31594628e+00
1.30266178e+00
1.29797314e+00
1.31047619e+00
1.30656899e+00
1.30656899e+00
1.30344322e+00
1.30578755e+00
1.31203907e+00
1.31203907e+00
1.30578755e+00
1.31438339e+00
1.30266178e+00
1.30969475e+00
1.31047619e+00
1.31438339e+00
1.30656899e+00
1.30266178e+00
1.31282051e+00
1.30578755e+00
1.32063492e+00
1.30656899e+00
1.30891331e+00
1.30735043e+00
1.30813187e+00
1.31125763e+00
1.30188034e+00
1.30891331e+00
1.31594628e+00
1.30891331e+00
1.30891331e+00
1.30969475e+00
1.31125763e+00
1.29953602e+00
1.30656899e+00
1.30344322e+00
1.30813187e+00
1.31360195e+00
1.30735043e+00
1.30656899e+00
1.30422466e+00
1.30813187e+00
1.31516484e+00
1.32376068e+00
1.30500611e+00
1.30813187e+00
1.30735043e+00
1.31672772e+00
1.31985348e+00
1.31203907e+00
1.31750916e+00
1.30891331e+00
1.30656899e+00
1.30578755e+00
1.30813187e+00
1.29328449e+00
1.31125763e+00
1.30188034e+00
1.32376068e+00
1.31047619e+00
1.32141636e+00
1.31203907e+00
1.30422466e+00
1.30891331e+00
1.30578755e+00
1.29562882e+00
1.30891331e+00
1.31125763e+00
1.30500611e+00
1.31047619e+00
1.29953602e+00
1.30969475e+00
1.31203907e+00
1.32688645e+00
1.30735043e+00
1.30891331e+00
1.30735043e+00
1.30344322e+00
1.31438339e+00
1.30656899e+00
1.29875458e+00
1.30656899e+00
1.30656899e+00
1.31594628e+00
1.30969475e+00
1.31829060e+00
1.30813187e+00
1.30813187e+00
1.30813187e+00
1.31047619e+00
1.29641026e+00
1.30969475e+00
1.30031746e+00
1.30735043e+00
1.30735043e+00
1.31360195e+00
1.30735043e+00
1.30031746e+00
1.31438339e+00
1.31203907e+00
1.30891331e+00
1.31125763e+00
1.29953602e+00
1.31438339e+00
1.30969475e+00
1.32063492e+00
1.30891331e+00
1.31750916e+00
1.30813187e+00
1.30578755e+00
1.30891331e+00
1.30500611e+00
1.30969475e+00
1.30578755e+00
1.30813187e+00
1.30969475e+00
1.31282051e+00
1.31125763e+00
1.31047619e+00
1.30500611e+00
1.30188034e+00
1.30891331e+00
1.31750916e+00
1.31360195e+00
1.30969475e+00
1.31438339e+00
1.30735043e+00
1.30735043e+00
1.30969475e+00
1.30891331e+00
1.31672772e+00
1.30656899e+00
1.31047619e+00
1.31047619e+00
1.30891331e+00
1.31516484e+00
1.30813187e+00
1.31516484e+00
1.31203907e+00
1.30656899e+00
1.31750916e+00
1.30813187e+00
1.31438339e+00
1.30500611e+00
1.30735043e+00
1.31907204e+00
1.31125763e+00
1.30344322e+00
1.30813187e+00
1.30813187e+00
1.31203907e+00
1.30578755e+00
1.31672772e+00
1.31203907e+00
1.31047619e+00
1.31360195e+00
1.31203907e+00
1.30344322e+00
1.31125763e+00
1.30735043e+00
1.30735043e+00
1.31282051e+00
1.31438339e+00
1.29953602e+00
1.30578755e+00
1.31516484e+00
1.30813187e+00
1.30813187e+00
1.31125763e+00
1.31360195e+00
1.30813187e+00
1.30891331e+00
1.31047619e+00
1.31594628e+00
1.30891331e+00
1.31047619e+00
1.30891331e+00
1.31203907e+00
1.30656899e+00
1.30891331e+00
1.30031746e+00
1.31125763e+00
1.30969475e+00
1.30344322e+00
1.30578755e+00
1.30344322e+00
1.31203907e+00
1.31125763e+00
1.31985348e+00
1.30656899e+00
1.31907204e+00
1.30891331e+00
1.32454212e+00
1.30578755e+00
1.30656899e+00
1.31594628e+00
1.30656899e+00
1.31282051e+00
1.30891331e+00
1.31203907e+00
1.30969475e+00
1.30188034e+00
1.31672772e+00
1.31125763e+00
1.30969475e+00
1.32063492e+00
1.30891331e+00
1.30109890e+00
1.30422466e+00
1.30813187e+00
1.31203907e+00
1.30578755e+00
1.30500611e+00
1.30891331e+00
1.30813187e+00
1.31985348e+00
1.31047619e+00
