9.95555556e-01
6.86886447e-01
8.14261294e-01
6.61880342e-01
6.54065934e-01
7.06422466e-01
8.71306471e-01
6.55628816e-01
6.71257631e-01
6.33748474e-01
8.58021978e-01
6.35311355e-01
6.80634921e-01
6.86886447e-01
8.52551893e-01
6.42344322e-01
6.66568987e-01
9.41636142e-01
1.22608059e+00
8.80683761e-01
6.25934066e-01
6.50158730e-01
8.58021978e-01
6.82979243e-01
6.53284493e-01
6.79072039e-01
8.47081807e-01
6.92356532e-01
6.75946276e-01
6.86886447e-01
8.53333333e-01
6.70476190e-01
6.68913309e-01
6.54847375e-01
8.78339438e-01
6.50940171e-01
6.33748474e-01
9.48669109e-01
8.44737485e-01
6.42344322e-01
6.49377289e-01
6.36092796e-01
8.49426129e-01
6.39218559e-01
6.71257631e-01
6.59536020e-01
8.67399267e-01
6.92356532e-01
6.47814408e-01
6.58754579e-01
8.93968254e-01
5.89987790e-01
6.31404151e-01
6.36092796e-01
8.44737485e-01
9.36166056e-01
9.50231990e-01
6.43125763e-01
8.96312576e-01
6.43907204e-01
6.40000000e-01
6.18119658e-01
8.57240537e-01
6.58754579e-01
6.39218559e-01
6.41562882e-01
8.43174603e-01
6.65006105e-01
6.21245421e-01
6.57973138e-01
8.51770452e-01
6.69694750e-01
6.57191697e-01
1.01196581e+00
1.20107448e+00
8.43174603e-01
6.62661783e-01
6.50940171e-01
8.55677656e-01
8.39267399e-01
6.91575092e-01
6.21245421e-01
8.55677656e-01
8.40830281e-01
6.67350427e-01
6.72039072e-01
8.47081807e-01
8.36923077e-01
6.58754579e-01
6.56410256e-01
8.29890110e-01
8.45518926e-01
9.68205128e-01
9.74456654e-01
8.08791209e-01
8.49426129e-01
6.67350427e-01
6.73601954e-01
6.97045177e-01
8.41611722e-01
6.48595849e-01
6.47814408e-01
6.63443223e-01
8.83028083e-01
6.55628816e-01
6.38437118e-01
6.59536020e-01
8.47081807e-01
6.81416361e-01
6.58754579e-01
9.76019536e-01
1.20654457e+00
6.53284493e-01
7.01733822e-01
6.57973138e-01
8.36923077e-01
6.21245421e-01
6.54847375e-01
6.44688645e-01
8.58803419e-01
6.60317460e-01
6.39218559e-01
6.62661783e-01
8.52551893e-01
6.69694750e-01
6.73601954e-01
6.57191697e-01
8.49426129e-01
9.59609280e-01
9.87741148e-01
6.63443223e-01
8.27545788e-01
6.95482295e-01
6.47814408e-01
6.59536020e-01
8.50207570e-01
6.65006105e-01
6.65787546e-01
6.90012210e-01
8.50207570e-01
6.53284493e-01
6.86886447e-01
6.61098901e-01
8.11916972e-01
6.68913309e-01
6.50940171e-01
6.63443223e-01
8.56459096e-01
9.77582418e-01
6.95482295e-01
6.47814408e-01
8.33797314e-01
6.55628816e-01
6.61880342e-01
6.48595849e-01
8.54114774e-01
6.35311355e-01
6.61098901e-01
7.21269841e-01
8.58803419e-01
6.46251526e-01
7.18925519e-01
6.53284493e-01
8.80683761e-01
6.49377289e-01
9.55702076e-01
9.76019536e-01
1.17997558e+00
6.75946276e-01
6.62661783e-01
7.13455433e-01
8.34578755e-01
7.10329670e-01
6.11868132e-01
6.51721612e-01
8.42393162e-01
8.22075702e-01
6.70476190e-01
6.57973138e-01
8.68962149e-01
8.99438339e-01
6.40000000e-01
6.65787546e-01
8.45518926e-01
1.16903541e+00
1.01821734e+00
6.40000000e-01
8.60366300e-01
8.02539683e-01
6.20463980e-01
6.75946276e-01
8.43956044e-01
8.27545788e-01
6.36092796e-01
7.11892552e-01
8.44737485e-01
8.40830281e-01
6.45470085e-01
6.86886447e-01
6.83760684e-01
8.35360195e-01
7.18144078e-01
6.40781441e-01
9.53357753e-01
1.16747253e+00
6.55628816e-01
6.45470085e-01
6.56410256e-01
8.47081807e-01
6.59536020e-01
6.96263736e-01
6.46251526e-01
8.42393162e-01
6.46251526e-01
6.38437118e-01
6.42344322e-01
8.86935287e-01
6.34529915e-01
6.77509158e-01
6.55628816e-01
8.65836386e-01
6.47032967e-01
9.60390720e-01
9.61953602e-01
8.49426129e-01
6.22808303e-01
6.64224664e-01
6.63443223e-01
8.20512821e-01
6.49377289e-01
6.57191697e-01
6.78290598e-01
8.58803419e-01
6.71257631e-01
6.60317460e-01
6.36092796e-01
8.77557998e-01
6.40000000e-01
6.33748474e-01
6.29841270e-01
1.15496947e+00
6.83760684e-01
6.54065934e-01
7.49401709e-01
8.25201465e-01
6.57973138e-01
6.59536020e-01
6.50940171e-01
8.52551893e-01
6.86105006e-01
6.58754579e-01
6.46251526e-01
8.63492063e-01
6.47032967e-01
6.93137973e-01
6.09523810e-01
8.62710623e-01
6.65787546e-01
6.57973138e-01
9.70549451e-01
1.19247863e+00
6.99389499e-01
6.75946276e-01
6.61880342e-01
8.34578755e-01
6.80634921e-01
6.57973138e-01
6.59536020e-01
8.76776557e-01
6.57973138e-01
6.85323565e-01
6.46251526e-01
8.57240537e-01
7.82222222e-01
6.55628816e-01
6.67350427e-01
8.51770452e-01
1.14949939e+00
9.07252747e-01
6.60317460e-01
8.20512821e-01
8.23638584e-01
6.46251526e-01
7.15018315e-01
8.50207570e-01
8.61929182e-01
6.18901099e-01
6.57191697e-01
8.45518926e-01
8.61929182e-01
6.65006105e-01
6.49377289e-01
8.25201465e-01
8.39267399e-01
6.57973138e-01
9.36947497e-01
1.13074481e+00
8.51770452e-01
6.39218559e-01
6.76727717e-01
6.41562882e-01
8.86153846e-01
6.61098901e-01
7.03296703e-01
6.07179487e-01
8.56459096e-01
6.61880342e-01
6.59536020e-01
6.45470085e-01
8.29890110e-01
6.36092796e-01
7.22051282e-01
6.84542125e-01
8.47863248e-01
9.70549451e-01
9.73675214e-01
6.18119658e-01
8.49426129e-01
6.43125763e-01
6.69694750e-01
6.86105006e-01
8.04884005e-01
6.47032967e-01
6.71257631e-01
6.50940171e-01
8.58021978e-01
6.47032967e-01
6.63443223e-01
6.79072039e-01
8.36141636e-01
6.44688645e-01
6.72039072e-01
9.76019536e-01
1.23389499e+00
6.15775336e-01
6.54847375e-01
7.29084249e-01
8.73650794e-01
6.76727717e-01
6.71257631e-01
6.71257631e-01
8.60366300e-01
6.89230769e-01
6.65006105e-01
6.25934066e-01
8.86935287e-01
6.14993895e-01
6.63443223e-01
6.58754579e-01
8.87716728e-01
9.97118437e-01
9.91648352e-01
6.61098901e-01
8.87716728e-01
6.49377289e-01
6.69694750e-01
6.55628816e-01
8.52551893e-01
6.68131868e-01
6.27496947e-01
6.54847375e-01
8.77557998e-01
6.63443223e-01
6.92356532e-01
7.35335775e-01
8.52551893e-01
6.67350427e-01
6.75164835e-01
6.40781441e-01
1.16590965e+00
9.73675214e-01
6.08742369e-01
6.60317460e-01
8.15042735e-01
7.87692308e-01
6.43125763e-01
6.54847375e-01
8.65054945e-01
8.24420024e-01
6.57191697e-01
6.48595849e-01
8.77557998e-01
8.30671551e-01
6.36874237e-01
6.61880342e-01
8.83809524e-01
8.21294261e-01
6.74383394e-01
9.69768010e-01
1.19794872e+00
8.58021978e-01
5.82173382e-01
6.64224664e-01
8.11916972e-01
8.36923077e-01
6.33748474e-01
6.08742369e-01
7.31428571e-01
8.27545788e-01
6.86886447e-01
6.58754579e-01
6.58754579e-01
8.53333333e-01
6.70476190e-01
7.12673993e-01
6.66568987e-01
1.18231990e+00
6.57191697e-01
6.40000000e-01
6.37655678e-01
8.36141636e-01
7.06422466e-01
6.60317460e-01
6.37655678e-01
8.30671551e-01
6.35311355e-01
6.22808303e-01
6.29841270e-01
8.11135531e-01
6.37655678e-01
6.36092796e-01
6.33748474e-01
8.54896215e-01
6.81416361e-01
6.62661783e-01
9.71330891e-01
1.18075702e+00
6.67350427e-01
6.99389499e-01
6.61880342e-01
8.49426129e-01
6.52503053e-01
6.82979243e-01
6.61880342e-01
8.48644689e-01
6.58754579e-01
6.54847375e-01
6.50158730e-01
8.50989011e-01
6.36874237e-01
6.72039072e-01
6.38437118e-01
8.53333333e-01
9.57264957e-01
9.59609280e-01
6.82197802e-01
9.26788767e-01
6.77509158e-01
6.00146520e-01
6.62661783e-01
8.51770452e-01
6.65787546e-01
6.53284493e-01
6.39218559e-01
8.36141636e-01
6.62661783e-01
6.50158730e-01
6.61098901e-01
8.64273504e-01
6.67350427e-01
6.55628816e-01
1.00102564e+00
1.18075702e+00
6.63443223e-01
6.29841270e-01
6.57191697e-01
8.50207570e-01
6.44688645e-01
6.14993895e-01
6.56410256e-01
8.53333333e-01
7.04859585e-01
6.55628816e-01
6.60317460e-01
8.59584860e-01
8.36923077e-01
6.38437118e-01
6.90793651e-01
8.33797314e-01
8.16605617e-01
6.61880342e-01
9.97118437e-01
1.21201465e+00
8.85372405e-01
6.68131868e-01
6.59536020e-01
8.52551893e-01
8.71306471e-01
6.97045177e-01
6.93919414e-01
8.50207570e-01
9.33040293e-01
6.82979243e-01
6.98608059e-01
9.08815629e-01
8.34578755e-01
6.42344322e-01
6.72039072e-01
6.36874237e-01
1.15965812e+00
9.65079365e-01
6.67350427e-01
6.75164835e-01
8.58021978e-01
6.51721612e-01
6.62661783e-01
6.68131868e-01
8.77557998e-01
6.56410256e-01
7.14236874e-01
6.55628816e-01
8.42393162e-01
6.49377289e-01
6.77509158e-01
6.24371184e-01
8.52551893e-01
7.25958486e-01
9.54920635e-01
6.52503053e-01
7.79096459e-01
6.61880342e-01
6.52503053e-01
6.62661783e-01
8.81465201e-01
7.04859585e-01
6.50158730e-01
6.67350427e-01
8.83809524e-01
7.29084249e-01
6.57191697e-01
6.71257631e-01
8.03321123e-01
6.90793651e-01
6.72039072e-01
6.53284493e-01
8.66617827e-01
9.54920635e-01
9.74456654e-01
9.97118437e-01
8.10354090e-01
6.59536020e-01
7.03296703e-01
6.47032967e-01
8.65836386e-01
6.58754579e-01
6.66568987e-01
6.43907204e-01
8.56459096e-01
6.86886447e-01
6.70476190e-01
6.62661783e-01
8.84590965e-01
6.21245421e-01
6.76727717e-01
9.86959707e-01
1.19404151e+00
9.80708181e-01
6.48595849e-01
6.82197802e-01
8.63492063e-01
6.50940171e-01
6.94700855e-01
6.58754579e-01
8.68180708e-01
6.72039072e-01
6.61880342e-01
6.14212454e-01
8.00976801e-01
6.76727717e-01
6.55628816e-01
6.31404151e-01
8.45518926e-01
7.11892552e-01
9.47106227e-01
6.62661783e-01
9.26788767e-01
8.61929182e-01
6.48595849e-01
6.78290598e-01
8.45518926e-01
8.42393162e-01
6.47814408e-01
6.46251526e-01
8.75213675e-01
8.33015873e-01
6.52503053e-01
6.68913309e-01
8.35360195e-01
8.54896215e-01
6.64224664e-01
6.68131868e-01
8.33015873e-01
1.19404151e+00
9.72893773e-01
7.05641026e-01
7.87692308e-01
8.40830281e-01
6.60317460e-01
6.31404151e-01
6.90793651e-01
8.33015873e-01
6.76727717e-01
6.61880342e-01
6.42344322e-01
8.49426129e-01
6.36092796e-01
6.37655678e-01
6.19682540e-01
8.43956044e-01
7.07203907e-01
9.45543346e-01
9.64297924e-01
7.86910867e-01
6.86886447e-01
6.49377289e-01
6.52503053e-01
8.42393162e-01
6.36874237e-01
6.78290598e-01
6.55628816e-01
8.50207570e-01
6.48595849e-01
6.61880342e-01
6.60317460e-01
8.61147741e-01
6.62661783e-01
6.47814408e-01
6.86886447e-01
1.18075702e+00
6.81416361e-01
6.61098901e-01
7.06422466e-01
8.56459096e-01
6.53284493e-01
6.50940171e-01
6.56410256e-01
8.73650794e-01
7.09548230e-01
6.63443223e-01
6.65787546e-01
8.67399267e-01
6.45470085e-01
6.39218559e-01
6.88449328e-01
8.98656899e-01
6.55628816e-01
6.90793651e-01
9.64297924e-01
1.18388278e+00
6.72039072e-01
6.72820513e-01
6.50940171e-01
8.58021978e-01
6.66568987e-01
6.36874237e-01
6.52503053e-01
8.62710623e-01
6.54065934e-01
6.66568987e-01
6.14993895e-01
8.68962149e-01
6.33748474e-01
6.24371184e-01
6.36874237e-01
8.62710623e-01
9.45543346e-01
9.28351648e-01
9.52576313e-01
8.45518926e-01
7.33772894e-01
6.75164835e-01
6.50158730e-01
8.59584860e-01
7.37680098e-01
7.11111111e-01
6.79072039e-01
8.80683761e-01
8.73650794e-01
6.63443223e-01
6.73601954e-01
8.97875458e-01
8.86935287e-01
6.82979243e-01
6.78290598e-01
8.81465201e-01
8.43956044e-01
8.93968254e-01
6.93137973e-01
8.58803419e-01
8.50989011e-01
6.61880342e-01
6.30622711e-01
8.56459096e-01
8.65054945e-01
6.60317460e-01
6.75164835e-01
7.97851038e-01
8.69743590e-01
6.99389499e-01
6.74383394e-01
7.25177045e-01
8.52551893e-01
6.54847375e-01
9.76019536e-01
1.00180708e+00
8.61929182e-01
6.19682540e-01
6.65006105e-01
6.82197802e-01
8.72869353e-01
6.76727717e-01
6.66568987e-01
6.52503053e-01
8.62710623e-01
7.15018315e-01
6.75164835e-01
6.95482295e-01
8.57240537e-01
6.82197802e-01
6.80634921e-01
6.96263736e-01
1.20107448e+00
9.73675214e-01
6.98608059e-01
6.86886447e-01
8.63492063e-01
6.24371184e-01
6.57973138e-01
6.54847375e-01
8.73650794e-01
6.57191697e-01
6.36874237e-01
6.44688645e-01
8.64273504e-01
6.70476190e-01
6.71257631e-01
6.65787546e-01
9.17411477e-01
6.54847375e-01
8.37704518e-01
6.85323565e-01
1.19404151e+00
6.48595849e-01
6.68131868e-01
6.81416361e-01
8.53333333e-01
6.79853480e-01
6.71257631e-01
6.54065934e-01
8.43956044e-01
6.72039072e-01
6.22026862e-01
6.22026862e-01
8.61929182e-01
6.41562882e-01
6.81416361e-01
6.86105006e-01
8.46300366e-01
6.60317460e-01
9.58827839e-01
9.81489621e-01
8.58021978e-01
6.65787546e-01
6.56410256e-01
6.71257631e-01
8.25982906e-01
6.54065934e-01
6.36874237e-01
6.61880342e-01
8.57240537e-01
6.81416361e-01
6.62661783e-01
6.51721612e-01
8.31452991e-01
8.33797314e-01
6.54065934e-01
6.51721612e-01
1.15809524e+00
1.16356532e+00
6.24371184e-01
6.34529915e-01
8.93186813e-01
8.47863248e-01
6.36092796e-01
6.58754579e-01
8.46300366e-01
8.29890110e-01
6.81416361e-01
6.49377289e-01
8.48644689e-01
8.29108669e-01
6.18119658e-01
6.45470085e-01
8.18949939e-01
8.24420024e-01
6.83760684e-01
6.47814408e-01
1.03697192e+00
8.58021978e-01
6.77509158e-01
6.56410256e-01
6.68913309e-01
8.65054945e-01
6.37655678e-01
7.32991453e-01
6.47814408e-01
8.36141636e-01
6.29059829e-01
6.50940171e-01
6.61098901e-01
8.68962149e-01
6.50940171e-01
6.69694750e-01
6.58754579e-01
1.15028083e+00
9.76019536e-01
6.73601954e-01
6.58754579e-01
8.50989011e-01
6.46251526e-01
6.49377289e-01
6.79853480e-01
8.45518926e-01
6.36874237e-01
6.31404151e-01
6.50940171e-01
8.35360195e-01
6.86105006e-01
6.60317460e-01
7.22051282e-01
8.74432234e-01
6.36092796e-01
6.56410256e-01
9.67423687e-01
1.18544567e+00
6.82979243e-01
6.41562882e-01
7.47838828e-01
8.45518926e-01
6.53284493e-01
6.85323565e-01
6.87667888e-01
9.06471306e-01
6.51721612e-01
6.56410256e-01
6.25934066e-01
8.34578755e-01
7.08766789e-01
6.57191697e-01
6.54847375e-01
8.65836386e-01
6.83760684e-01
9.53357753e-01
9.54920635e-01
9.24444444e-01
6.73601954e-01
6.49377289e-01
6.07179487e-01
8.50989011e-01
6.59536020e-01
6.62661783e-01
6.72039072e-01
8.62710623e-01
6.61098901e-01
6.45470085e-01
6.75946276e-01
8.68180708e-01
6.67350427e-01
6.59536020e-01
6.74383394e-01
1.18310134e+00
9.76019536e-01
6.39218559e-01
6.61880342e-01
8.37704518e-01
8.77557998e-01
6.67350427e-01
6.70476190e-01
8.52551893e-01
8.37704518e-01
6.75164835e-01
6.57973138e-01
8.88498168e-01
8.66617827e-01
6.76727717e-01
6.93137973e-01
8.39267399e-01
8.65836386e-01
9.93211233e-01
1.00024420e+00
8.28327228e-01
8.18949939e-01
6.74383394e-01
6.73601954e-01
8.45518926e-01
8.57240537e-01
6.43907204e-01
6.20463980e-01
7.43931624e-01
8.34578755e-01
6.41562882e-01
6.71257631e-01
6.65787546e-01
8.42393162e-01
7.11892552e-01
6.63443223e-01
6.61880342e-01
8.41611722e-01
9.62735043e-01
6.54065934e-01
6.49377289e-01
8.45518926e-01
6.12649573e-01
6.61880342e-01
6.32967033e-01
8.63492063e-01
6.68913309e-01
6.47032967e-01
6.50158730e-01
8.35360195e-01
6.47814408e-01
6.58754579e-01
6.78290598e-01
8.65054945e-01
6.90012210e-01
9.58827839e-01
9.61953602e-01
8.50207570e-01
6.55628816e-01
7.09548230e-01
6.74383394e-01
8.59584860e-01
6.53284493e-01
6.55628816e-01
6.50158730e-01
8.50207570e-01
6.73601954e-01
6.17338217e-01
6.56410256e-01
8.54896215e-01
6.82197802e-01
6.65787546e-01
6.49377289e-01
8.58021978e-01
9.57264957e-01
9.47106227e-01
6.63443223e-01
8.39267399e-01
6.23589744e-01
6.48595849e-01
6.57191697e-01
8.51770452e-01
6.53284493e-01
6.63443223e-01
6.60317460e-01
8.50207570e-01
6.41562882e-01
6.40000000e-01
6.71257631e-01
8.56459096e-01
6.48595849e-01
6.65006105e-01
6.46251526e-01
1.18622711e+00
9.77582418e-01
6.97045177e-01
6.49377289e-01
8.92405372e-01
6.61098901e-01
6.48595849e-01
6.57973138e-01
8.39267399e-01
7.04078144e-01
6.51721612e-01
6.18901099e-01
8.37704518e-01
8.25201465e-01
6.39218559e-01
6.64224664e-01
8.54114774e-01
8.33015873e-01
9.58046398e-01
9.47106227e-01
8.86935287e-01
8.52551893e-01
6.61098901e-01
6.61098901e-01
9.06471306e-01
8.47863248e-01
6.80634921e-01
6.39218559e-01
8.37704518e-01
8.43174603e-01
6.65787546e-01
7.22051282e-01
7.92380952e-01
8.46300366e-01
6.74383394e-01
6.54065934e-01
1.02212454e+00
1.17606838e+00
6.48595849e-01
6.40000000e-01
6.59536020e-01
8.45518926e-01
6.72039072e-01
6.58754579e-01
6.43907204e-01
8.35360195e-01
7.27521368e-01
6.97045177e-01
6.59536020e-01
8.53333333e-01
6.49377289e-01
6.38437118e-01
6.57973138e-01
8.50207570e-01
7.27521368e-01
9.56483516e-01
9.66642247e-01
1.21045177e+00
6.56410256e-01
6.65006105e-01
6.60317460e-01
8.34578755e-01
6.95482295e-01
6.59536020e-01
6.18119658e-01
8.41611722e-01
6.41562882e-01
7.36117216e-01
6.48595849e-01
8.37704518e-01
6.88449328e-01
7.16581197e-01
6.51721612e-01
8.73650794e-01
9.31477411e-01
1.00024420e+00
6.85323565e-01
8.50207570e-01
7.11111111e-01
6.93137973e-01
6.72039072e-01
8.93186813e-01
6.74383394e-01
6.92356532e-01
6.83760684e-01
8.75213675e-01
6.30622711e-01
6.61880342e-01
6.58754579e-01
8.69743590e-01
6.65006105e-01
6.72039072e-01
9.98681319e-01
8.52551893e-01
6.37655678e-01
6.99389499e-01
6.46251526e-01
8.42393162e-01
6.49377289e-01
6.52503053e-01
6.79853480e-01
8.77557998e-01
6.74383394e-01
6.55628816e-01
6.62661783e-01
8.69743590e-01
6.43907204e-01
5.78266178e-01
6.73601954e-01
8.75213675e-01
7.51746032e-01
8.69743590e-01
9.96336996e-01
1.20888889e+00
8.91623932e-01
6.75164835e-01
7.07203907e-01
8.47081807e-01
8.47081807e-01
6.62661783e-01
6.76727717e-01
9.06471306e-01
8.35360195e-01
6.50158730e-01
6.94700855e-01
8.89279609e-01
8.72869353e-01
7.13455433e-01
6.88449328e-01
8.64273504e-01
1.17919414e+00
9.82271062e-01
6.90012210e-01
7.76752137e-01
8.28327228e-01
6.65787546e-01
6.62661783e-01
6.61098901e-01
8.50207570e-01
6.64224664e-01
6.47032967e-01
6.49377289e-01
8.43956044e-01
6.49377289e-01
6.65006105e-01
6.59536020e-01
9.16630037e-01
7.64249084e-01
9.49450549e-01
6.70476190e-01
1.20185592e+00
7.07203907e-01
6.93137973e-01
6.77509158e-01
8.70525031e-01
6.66568987e-01
6.71257631e-01
6.66568987e-01
8.59584860e-01
6.54065934e-01
6.50940171e-01
6.36874237e-01
8.65836386e-01
6.75164835e-01
6.40781441e-01
6.49377289e-01
9.08815629e-01
9.70549451e-01
9.61953602e-01
5.14969475e-01
8.62710623e-01
6.93919414e-01
6.39218559e-01
6.52503053e-01
8.98656899e-01
6.46251526e-01
6.61098901e-01
6.51721612e-01
8.65836386e-01
6.57973138e-01
6.62661783e-01
6.50940171e-01
8.60366300e-01
6.52503053e-01
6.54065934e-01
9.58827839e-01
1.22920635e+00
6.14212454e-01
6.38437118e-01
6.59536020e-01
8.47863248e-01
6.74383394e-01
6.54847375e-01
6.43907204e-01
9.23663004e-01
6.74383394e-01
6.74383394e-01
6.72039072e-01
8.48644689e-01
6.49377289e-01
6.69694750e-01
7.04859585e-01
9.01001221e-01
6.58754579e-01
6.67350427e-01
6.58754579e-01
1.20732601e+00
6.66568987e-01
6.54847375e-01
6.73601954e-01
8.65054945e-01
8.50989011e-01
6.76727717e-01
6.60317460e-01
8.72087912e-01
8.54114774e-01
6.56410256e-01
6.76727717e-01
8.62710623e-01
8.78339438e-01
6.51721612e-01
6.37655678e-01
8.42393162e-01
1.19716728e+00
1.02915751e+00
6.77509158e-01
8.14261294e-01
8.64273504e-01
6.40000000e-01
6.36092796e-01
7.91599512e-01
8.20512821e-01
6.31404151e-01
6.21245421e-01
7.36898657e-01
8.18949939e-01
7.03296703e-01
5.82173382e-01
6.55628816e-01
8.24420024e-01
6.72820513e-01
9.45543346e-01
9.47887668e-01
8.75213675e-01
6.46251526e-01
6.78290598e-01
6.22808303e-01
8.68962149e-01
6.53284493e-01
6.61880342e-01
6.71257631e-01
7.87692308e-01
6.43907204e-01
6.61880342e-01
6.34529915e-01
8.77557998e-01
6.45470085e-01
6.42344322e-01
6.62661783e-01
8.50207570e-01
6.77509158e-01
9.83833944e-01
9.75238095e-01
8.73650794e-01
6.54847375e-01
6.83760684e-01
6.63443223e-01
8.44737485e-01
6.78290598e-01
7.22832723e-01
7.00952381e-01
8.89279609e-01
7.08766789e-01
6.82979243e-01
6.64224664e-01
8.91623932e-01
6.57973138e-01
6.29841270e-01
6.80634921e-01
1.16825397e+00
9.86178266e-01
6.59536020e-01
6.52503053e-01
8.61929182e-01
6.52503053e-01
6.58754579e-01
6.52503053e-01
8.98656899e-01
6.58754579e-01
7.02515263e-01
6.15775336e-01
8.63492063e-01
7.00952381e-01
6.94700855e-01
6.93137973e-01
8.15042735e-01
6.75946276e-01
1.00180708e+00
9.66642247e-01
8.54896215e-01
6.89230769e-01
6.86886447e-01
6.60317460e-01
8.75213675e-01
7.12673993e-01
7.07985348e-01
6.97826618e-01
8.60366300e-01
6.86105006e-01
6.53284493e-01
6.82979243e-01
8.44737485e-01
8.54896215e-01
6.64224664e-01
6.46251526e-01
8.37704518e-01
8.87716728e-01
1.04244200e+00
6.91575092e-01
8.99438339e-01
8.90061050e-01
6.79853480e-01
6.82979243e-01
8.58803419e-01
8.89279609e-01
6.77509158e-01
6.77509158e-01
8.31452991e-01
8.54896215e-01
6.47814408e-01
6.40000000e-01
8.07228327e-01
8.61147741e-01
6.63443223e-01
1.00024420e+00
1.03775336e+00
8.75995116e-01
6.99389499e-01
6.46251526e-01
6.54065934e-01
8.33015873e-01
6.71257631e-01
6.59536020e-01
6.52503053e-01
8.75995116e-01
6.50940171e-01
6.49377289e-01
6.74383394e-01
8.29108669e-01
6.94700855e-01
6.47032967e-01
6.52503053e-01
1.18231990e+00
9.79145299e-01
6.86105006e-01
6.71257631e-01
8.57240537e-01
6.39218559e-01
6.62661783e-01
6.75164835e-01
8.59584860e-01
6.61098901e-01
6.41562882e-01
6.77509158e-01
8.80683761e-01
6.27496947e-01
6.57191697e-01
6.62661783e-01
8.47081807e-01
6.55628816e-01
6.82979243e-01
6.69694750e-01
1.21045177e+00
6.90793651e-01
6.85323565e-01
6.73601954e-01
8.52551893e-01
6.47814408e-01
6.57973138e-01
6.58754579e-01
8.50207570e-01
6.68131868e-01
7.02515263e-01
6.57973138e-01
8.70525031e-01
6.72820513e-01
6.52503053e-01
6.18119658e-01
8.32234432e-01
9.54139194e-01
1.04244200e+00
9.40073260e-01
8.67399267e-01
6.42344322e-01
6.27496947e-01
6.24371184e-01
8.61929182e-01
6.99389499e-01
6.62661783e-01
6.62661783e-01
8.65836386e-01
6.43907204e-01
7.04859585e-01
6.74383394e-01
8.86153846e-01
6.63443223e-01
6.65006105e-01
6.47032967e-01
1.16747253e+00
1.03853480e+00
6.43125763e-01
6.49377289e-01
8.45518926e-01
8.18949939e-01
6.53284493e-01
6.16556777e-01
8.34578755e-01
8.90061050e-01
6.71257631e-01
6.68131868e-01
9.00219780e-01
8.55677656e-01
6.79072039e-01
6.74383394e-01
8.78339438e-01
8.74432234e-01
6.57973138e-01
9.61172161e-01
1.17450549e+00
8.71306471e-01
6.58754579e-01
6.88449328e-01
7.99413919e-01
8.49426129e-01
6.09523810e-01
6.02490842e-01
6.59536020e-01
8.77557998e-01
6.48595849e-01
6.43907204e-01
6.93919414e-01
8.14261294e-01
6.50158730e-01
6.53284493e-01
6.64224664e-01
8.33797314e-01
9.58827839e-01
9.86959707e-01
6.75164835e-01
8.83809524e-01
6.76727717e-01
6.77509158e-01
6.81416361e-01
8.50207570e-01
6.75164835e-01
6.58754579e-01
6.60317460e-01
8.38485958e-01
6.72820513e-01
6.11868132e-01
6.32185592e-01
8.59584860e-01
6.68131868e-01
6.56410256e-01
9.65860806e-01
8.96312576e-01
6.92356532e-01
6.73601954e-01
6.64224664e-01
8.99438339e-01
6.94700855e-01
6.74383394e-01
6.72820513e-01
9.40854701e-01
6.66568987e-01
6.64224664e-01
6.60317460e-01
8.25982906e-01
6.43907204e-01
6.79072039e-01
6.50940171e-01
8.68962149e-01
6.77509158e-01
9.63516484e-01
9.15067155e-01
1.17450549e+00
6.67350427e-01
7.19706960e-01
6.63443223e-01
8.70525031e-01
6.67350427e-01
6.78290598e-01
6.80634921e-01
8.30671551e-01
6.66568987e-01
7.04859585e-01
6.75946276e-01
8.19731380e-01
6.58754579e-01
7.14236874e-01
6.91575092e-01
8.58021978e-01
9.90085470e-01
9.80708181e-01
6.82979243e-01
8.67399267e-01
6.70476190e-01
6.57973138e-01
6.68131868e-01
8.65054945e-01
8.27545788e-01
6.58754579e-01
6.60317460e-01
8.75995116e-01
8.61929182e-01
6.72039072e-01
6.64224664e-01
8.66617827e-01
8.97094017e-01
6.58754579e-01
9.58046398e-01
8.80683761e-01
1.15653236e+00
7.44713065e-01
7.21269841e-01
8.77557998e-01
8.78339438e-01
6.85323565e-01
6.88449328e-01
8.33797314e-01
9.71330891e-01
6.72039072e-01
6.68131868e-01
7.68937729e-01
8.47081807e-01
6.94700855e-01
6.75946276e-01
6.84542125e-01
8.46300366e-01
9.79145299e-01
9.77582418e-01
7.00952381e-01
8.40048840e-01
6.89230769e-01
7.04078144e-01
6.49377289e-01
8.53333333e-01
6.40781441e-01
6.50940171e-01
6.41562882e-01
8.56459096e-01
6.58754579e-01
6.50940171e-01
6.33748474e-01
8.83809524e-01
6.43125763e-01
6.36874237e-01
7.10329670e-01
1.13152625e+00
9.74456654e-01
6.49377289e-01
6.63443223e-01
8.83809524e-01
6.40000000e-01
6.37655678e-01
6.50158730e-01
8.47081807e-01
6.56410256e-01
6.57191697e-01
6.32185592e-01
8.40048840e-01
6.76727717e-01
6.47032967e-01
6.81416361e-01
8.34578755e-01
7.27521368e-01
6.74383394e-01
6.25934066e-01
1.16512821e+00
6.61880342e-01
6.49377289e-01
6.40781441e-01
8.29890110e-01
6.33748474e-01
6.49377289e-01
6.27496947e-01
8.30671551e-01
6.62661783e-01
5.80610501e-01
6.44688645e-01
9.20537241e-01
6.53284493e-01
6.93919414e-01
6.56410256e-01
8.68180708e-01
9.76800977e-01
9.99462759e-01
6.86886447e-01
9.10378510e-01
6.32967033e-01
6.49377289e-01
6.51721612e-01
8.53333333e-01
7.03296703e-01
6.57191697e-01
6.57191697e-01
8.50207570e-01
7.96288156e-01
6.47814408e-01
6.82979243e-01
8.36923077e-01
8.15824176e-01
6.30622711e-01
9.40073260e-01
1.22373626e+00
8.79902320e-01
6.61880342e-01
6.54847375e-01
8.61929182e-01
8.40048840e-01
6.83760684e-01
6.50158730e-01
8.29108669e-01
8.21294261e-01
6.76727717e-01
6.78290598e-01
8.30671551e-01
8.33797314e-01
6.53284493e-01
6.65006105e-01
8.75213675e-01
8.44737485e-01
6.50158730e-01
9.91648352e-01
1.03619048e+00
8.58803419e-01
6.59536020e-01
6.29841270e-01
6.65787546e-01
8.37704518e-01
6.25934066e-01
6.41562882e-01
6.90793651e-01
8.55677656e-01
6.79072039e-01
6.68131868e-01
6.42344322e-01
8.65836386e-01
6.33748474e-01
5.89206349e-01
6.78290598e-01
1.15887668e+00
9.67423687e-01
6.50158730e-01
6.67350427e-01
8.68180708e-01
6.61880342e-01
6.57191697e-01
6.50940171e-01
8.60366300e-01
6.74383394e-01
7.07203907e-01
6.79853480e-01
8.46300366e-01
6.93137973e-01
6.38437118e-01
6.50940171e-01
8.58021978e-01
6.82197802e-01
9.58827839e-01
9.58046398e-01
8.68962149e-01
7.79877900e-01
7.05641026e-01
6.75946276e-01
9.11159951e-01
6.77509158e-01
6.90012210e-01
6.65006105e-01
8.20512821e-01
6.37655678e-01
6.63443223e-01
6.58754579e-01
8.90842491e-01
6.61880342e-01
6.47814408e-01
6.49377289e-01
8.79902320e-01
7.00170940e-01
1.01274725e+00
7.04078144e-01
8.76776557e-01
7.24395604e-01
6.38437118e-01
7.04859585e-01
8.71306471e-01
6.70476190e-01
6.78290598e-01
6.15775336e-01
8.61929182e-01
6.58754579e-01
6.58754579e-01
6.47032967e-01
8.21294261e-01
6.87667888e-01
6.53284493e-01
6.48595849e-01
1.22295482e+00
1.11042735e+00
6.64224664e-01
7.16581197e-01
8.83809524e-01
8.91623932e-01
7.20488400e-01
6.79853480e-01
8.90061050e-01
8.65054945e-01
6.72039072e-01
6.44688645e-01
8.52551893e-01
8.89279609e-01
6.70476190e-01
6.43907204e-01
8.59584860e-01
8.58803419e-01
9.80708181e-01
9.75238095e-01
8.33797314e-01
8.46300366e-01
6.43907204e-01
6.65006105e-01
7.90036630e-01
8.57240537e-01
6.43125763e-01
6.60317460e-01
6.46251526e-01
8.30671551e-01
6.47814408e-01
6.08742369e-01
6.54065934e-01
8.37704518e-01
6.55628816e-01
6.50158730e-01
6.79853480e-01
1.16512821e+00
9.48669109e-01
9.71330891e-01
6.62661783e-01
8.50207570e-01
6.55628816e-01
6.52503053e-01
6.56410256e-01
8.43956044e-01
6.98608059e-01
6.66568987e-01
6.65787546e-01
8.69743590e-01
6.69694750e-01
6.52503053e-01
6.40000000e-01
8.56459096e-01
6.39218559e-01
6.65006105e-01
9.57264957e-01
1.18310134e+00
6.15775336e-01
6.65006105e-01
6.97826618e-01
8.74432234e-01
6.53284493e-01
6.26715507e-01
6.51721612e-01
8.55677656e-01
7.32210012e-01
6.61880342e-01
6.49377289e-01
8.53333333e-01
6.60317460e-01
6.63443223e-01
6.58754579e-01
8.23638584e-01
9.58046398e-01
6.65006105e-01
6.76727717e-01
8.73650794e-01
6.72820513e-01
6.54847375e-01
6.73601954e-01
8.76776557e-01
6.55628816e-01
6.55628816e-01
6.61098901e-01
8.53333333e-01
6.55628816e-01
6.57973138e-01
6.68913309e-01
8.62710623e-01
6.77509158e-01
6.49377289e-01
6.63443223e-01
1.18231990e+00
9.79145299e-01
8.88498168e-01
6.56410256e-01
8.54896215e-01
6.93137973e-01
6.79853480e-01
6.62661783e-01
8.36141636e-01
8.45518926e-01
6.51721612e-01
6.47814408e-01
8.65836386e-01
8.58021978e-01
6.55628816e-01
6.52503053e-01
8.57240537e-01
8.36141636e-01
6.46251526e-01
9.58046398e-01
1.16356532e+00
8.54896215e-01
6.58754579e-01
6.84542125e-01
8.61147741e-01
8.21294261e-01
6.65006105e-01
6.82197802e-01
8.01758242e-01
8.46300366e-01
6.76727717e-01
6.57191697e-01
7.22832723e-01
8.52551893e-01
6.18901099e-01
6.89230769e-01
6.58754579e-01
8.72087912e-01
6.30622711e-01
9.46324786e-01
6.43125763e-01
8.29108669e-01
6.61880342e-01
6.53284493e-01
6.31404151e-01
8.54114774e-01
6.78290598e-01
6.80634921e-01
6.72039072e-01
8.61929182e-01
6.37655678e-01
6.57191697e-01
6.67350427e-01
8.24420024e-01
6.82197802e-01
6.68131868e-01
6.72039072e-01
1.24952381e+00
9.79926740e-01
6.67350427e-01
6.20463980e-01
8.54114774e-01
6.83760684e-01
6.51721612e-01
6.78290598e-01
8.37704518e-01
6.61880342e-01
6.65787546e-01
6.90012210e-01
8.75213675e-01
6.96263736e-01
6.93919414e-01
7.00170940e-01
8.58021978e-01
6.93919414e-01
9.93211233e-01
9.88522589e-01
8.40048840e-01
6.61880342e-01
6.62661783e-01
6.74383394e-01
8.65054945e-01
6.57191697e-01
6.35311355e-01
6.50158730e-01
8.67399267e-01
6.61880342e-01
6.69694750e-01
6.30622711e-01
8.62710623e-01
6.47032967e-01
6.36092796e-01
6.24371184e-01
8.43174603e-01
9.68986569e-01
9.88522589e-01
6.47032967e-01
8.64273504e-01
6.23589744e-01
6.58754579e-01
6.97826618e-01
8.63492063e-01
6.03272283e-01
6.43125763e-01
6.81416361e-01
8.37704518e-01
8.50207570e-01
6.80634921e-01
6.76727717e-01
8.78339438e-01
8.58803419e-01
6.96263736e-01
9.79145299e-01
1.22998779e+00
8.91623932e-01
6.62661783e-01
6.76727717e-01
8.52551893e-01
8.57240537e-01
6.65006105e-01
7.61123321e-01
8.58803419e-01
8.50989011e-01
6.65787546e-01
6.65787546e-01
8.25982906e-01
8.61147741e-01
6.14212454e-01
6.56410256e-01
7.93162393e-01
8.86153846e-01
9.71330891e-01
6.96263736e-01
6.86886447e-01
8.40830281e-01
6.50940171e-01
6.75946276e-01
6.25934066e-01
8.54896215e-01
6.57191697e-01
6.54065934e-01
6.72820513e-01
8.18949939e-01
6.69694750e-01
6.54847375e-01
6.04835165e-01
8.51770452e-01
6.43907204e-01
6.22026862e-01
6.22026862e-01
1.12840049e+00
9.46324786e-01
6.33748474e-01
6.37655678e-01
8.22075702e-01
5.75140415e-01
6.43907204e-01
6.36874237e-01
8.29890110e-01
6.36874237e-01
6.60317460e-01
6.35311355e-01
8.25201465e-01
6.54065934e-01
6.54847375e-01
6.51721612e-01
8.44737485e-01
6.22026862e-01
9.33821734e-01
9.46324786e-01
8.43956044e-01
6.30622711e-01
7.11892552e-01
6.65006105e-01
8.58803419e-01
6.71257631e-01
6.51721612e-01
6.29841270e-01
8.55677656e-01
6.45470085e-01
7.25958486e-01
6.71257631e-01
8.95531136e-01
6.47032967e-01
6.62661783e-01
6.50158730e-01
8.82246642e-01
9.94774115e-01
6.13431013e-01
6.45470085e-01
8.60366300e-01
6.58754579e-01
6.47814408e-01
5.87643468e-01
8.33015873e-01
6.92356532e-01
6.45470085e-01
6.28278388e-01
8.23638584e-01
6.60317460e-01
6.36092796e-01
6.65006105e-01
8.04884005e-01
5.97020757e-01
6.72039072e-01
7.18925519e-01
1.16356532e+00
1.18544567e+00
6.32967033e-01
6.72820513e-01
8.58803419e-01
8.46300366e-01
6.38437118e-01
6.83760684e-01
8.50207570e-01
8.40830281e-01
6.60317460e-01
6.52503053e-01
8.57240537e-01
8.40830281e-01
6.50940171e-01
6.62661783e-01
8.94749695e-01
8.42393162e-01
6.74383394e-01
9.40854701e-01
1.15262515e+00
8.06446886e-01
6.99389499e-01
6.48595849e-01
8.16605617e-01
8.61929182e-01
6.82197802e-01
7.41587302e-01
6.62661783e-01
8.64273504e-01
6.99389499e-01
6.61098901e-01
6.54065934e-01
8.67399267e-01
7.17362637e-01
6.82979243e-01
6.90793651e-01
8.79902320e-01
6.72039072e-01
9.92429792e-01
6.71257631e-01
8.42393162e-01
7.14236874e-01
6.66568987e-01
6.65006105e-01
8.77557998e-01
6.76727717e-01
6.65006105e-01
6.54847375e-01
8.40830281e-01
6.68913309e-01
6.96263736e-01
6.74383394e-01
8.75995116e-01
6.68131868e-01
6.82197802e-01
9.17411477e-01
1.21592186e+00
9.92429792e-01
6.81416361e-01
6.99389499e-01
8.61929182e-01
6.93919414e-01
6.71257631e-01
6.80634921e-01
9.04126984e-01
6.84542125e-01
6.79853480e-01
6.81416361e-01
8.61929182e-01
6.82979243e-01
6.91575092e-01
6.86105006e-01
8.59584860e-01
6.63443223e-01
9.86178266e-01
9.88522589e-01
8.93186813e-01
6.75164835e-01
6.63443223e-01
6.74383394e-01
8.45518926e-01
6.71257631e-01
6.54065934e-01
6.91575092e-01
8.65054945e-01
6.58754579e-01
6.49377289e-01
6.61098901e-01
8.43174603e-01
6.40000000e-01
6.63443223e-01
6.48595849e-01
8.48644689e-01
9.75238095e-01
9.39291819e-01
6.58754579e-01
8.47863248e-01
7.17362637e-01
6.52503053e-01
6.66568987e-01
8.96312576e-01
8.72087912e-01
6.71257631e-01
6.48595849e-01
8.75213675e-01
9.08034188e-01
7.06422466e-01
6.79853480e-01
9.77582418e-01
8.18949939e-01
6.31404151e-01
9.18974359e-01
1.16043956e+00
1.13855922e+00
6.62661783e-01
6.12649573e-01
8.81465201e-01
8.55677656e-01
6.75164835e-01
6.43125763e-01
7.86129426e-01
8.58021978e-01
6.72039072e-01
6.22026862e-01
6.59536020e-01
8.10354090e-01
6.11086691e-01
6.46251526e-01
6.57973138e-01
8.83028083e-01
9.54920635e-01
6.50940171e-01
6.45470085e-01
8.72869353e-01
6.68913309e-01
6.94700855e-01
6.39218559e-01
8.39267399e-01
6.61098901e-01
6.84542125e-01
6.74383394e-01
9.16630037e-01
6.72039072e-01
6.68913309e-01
6.74383394e-01
8.72087912e-01
6.35311355e-01
6.68913309e-01
6.03272283e-01
1.13934066e+00
9.68205128e-01
6.80634921e-01
6.61098901e-01
8.41611722e-01
6.80634921e-01
6.75164835e-01
6.48595849e-01
8.48644689e-01
6.43125763e-01
6.70476190e-01
6.52503053e-01
8.52551893e-01
6.60317460e-01
6.36092796e-01
6.71257631e-01
8.22075702e-01
6.79072039e-01
6.40781441e-01
9.39291819e-01
1.18310134e+00
6.83760684e-01
6.32967033e-01
6.57973138e-01
8.86935287e-01
6.65787546e-01
6.57191697e-01
6.63443223e-01
8.61147741e-01
6.93137973e-01
6.28278388e-01
6.43907204e-01
8.34578755e-01
6.42344322e-01
6.44688645e-01
6.52503053e-01
8.58803419e-01
6.42344322e-01
6.68913309e-01
9.86959707e-01
7.60341880e-01
6.63443223e-01
6.32185592e-01
6.55628816e-01
8.77557998e-01
6.86105006e-01
6.57191697e-01
6.25152625e-01
8.77557998e-01
8.28327228e-01
6.38437118e-01
6.74383394e-01
8.62710623e-01
8.36923077e-01
6.66568987e-01
6.34529915e-01
8.53333333e-01
1.19326007e+00
9.69768010e-01
6.33748474e-01
8.24420024e-01
8.50989011e-01
6.76727717e-01
6.33748474e-01
8.22857143e-01
8.40830281e-01
6.55628816e-01
6.33748474e-01
8.07228327e-01
8.38485958e-01
6.99389499e-01
6.76727717e-01
7.15018315e-01
8.50207570e-01
6.55628816e-01
9.86178266e-01
9.77582418e-01
8.62710623e-01
6.67350427e-01
7.06422466e-01
6.71257631e-01
8.67399267e-01
6.87667888e-01
6.66568987e-01
6.78290598e-01
8.36141636e-01
6.68131868e-01
6.50158730e-01
6.75946276e-01
8.79902320e-01
6.75164835e-01
6.47814408e-01
6.61098901e-01
8.68180708e-01
6.45470085e-01
9.57264957e-01
9.57264957e-01
8.46300366e-01
6.43125763e-01
6.20463980e-01
6.50158730e-01
8.75213675e-01
6.86886447e-01
6.80634921e-01
6.65787546e-01
8.85372405e-01
6.79853480e-01
6.98608059e-01
6.67350427e-01
8.66617827e-01
6.63443223e-01
6.40000000e-01
6.49377289e-01
1.17294261e+00
9.40073260e-01
6.61098901e-01
6.54847375e-01
9.11941392e-01
6.90012210e-01
6.93919414e-01
6.68913309e-01
8.92405372e-01
6.78290598e-01
6.90012210e-01
7.10329670e-01
8.62710623e-01
6.31404151e-01
6.57973138e-01
6.58754579e-01
8.83028083e-01
6.45470085e-01
9.72112332e-01
9.55702076e-01
8.50207570e-01
6.41562882e-01
6.57973138e-01
6.63443223e-01
8.55677656e-01
6.75164835e-01
6.47032967e-01
6.65006105e-01
8.68180708e-01
6.79072039e-01
6.60317460e-01
6.40000000e-01
8.96312576e-01
7.22051282e-01
6.43907204e-01
6.57191697e-01
8.65836386e-01
1.14949939e+00
9.71330891e-01
6.61098901e-01
8.59584860e-01
8.40830281e-01
6.58754579e-01
6.58754579e-01
8.80683761e-01
8.50989011e-01
6.57973138e-01
6.87667888e-01
8.54114774e-01
8.49426129e-01
6.66568987e-01
6.63443223e-01
8.13479853e-01
8.43174603e-01
6.64224664e-01
9.78363858e-01
1.08620269e+00
1.15731380e+00
6.58754579e-01
6.45470085e-01
6.86886447e-01
7.47057387e-01
6.56410256e-01
6.54847375e-01
6.49377289e-01
8.63492063e-01
6.71257631e-01
6.47032967e-01
6.46251526e-01
8.50989011e-01
6.46251526e-01
6.80634921e-01
6.34529915e-01
8.50989011e-01
9.89304029e-01
6.57973138e-01
6.72039072e-01
8.25982906e-01
6.53284493e-01
7.45494505e-01
6.55628816e-01
8.76776557e-01
6.47814408e-01
6.67350427e-01
7.13455433e-01
8.61147741e-01
6.57191697e-01
6.56410256e-01
6.50158730e-01
8.43956044e-01
6.59536020e-01
7.16581197e-01
6.99389499e-01
1.15418803e+00
9.79926740e-01
6.82979243e-01
6.72039072e-01
9.05689866e-01
6.55628816e-01
6.51721612e-01
6.26715507e-01
8.53333333e-01
6.47814408e-01
6.37655678e-01
6.70476190e-01
8.24420024e-01
6.42344322e-01
6.71257631e-01
6.70476190e-01
8.36141636e-01
6.72820513e-01
9.32258852e-01
9.58046398e-01
8.53333333e-01
7.07203907e-01
6.65787546e-01
6.46251526e-01
8.33015873e-01
6.51721612e-01
6.36092796e-01
6.57973138e-01
8.71306471e-01
6.50940171e-01
6.86886447e-01
6.62661783e-01
8.48644689e-01
6.49377289e-01
6.46251526e-01
6.62661783e-01
1.17997558e+00
6.65006105e-01
6.40000000e-01
6.54065934e-01
8.95531136e-01
8.21294261e-01
6.50940171e-01
6.27496947e-01
8.50207570e-01
8.30671551e-01
6.52503053e-01
6.68131868e-01
8.63492063e-01
8.50207570e-01
6.56410256e-01
6.68131868e-01
8.98656899e-01
8.42393162e-01
7.07203907e-01
9.79145299e-01
1.18231990e+00
8.44737485e-01
6.57191697e-01
6.50158730e-01
8.33797314e-01
8.42393162e-01
6.68913309e-01
6.50158730e-01
7.94725275e-01
8.46300366e-01
6.54847375e-01
6.40781441e-01
6.43907204e-01
8.56459096e-01
6.65006105e-01
7.33772894e-01
