7.90036630e-01
7.77533578e-01
9.86178266e-01
7.68937729e-01
7.91599512e-01
1.07448107e+00
1.31125763e+00
7.86910867e-01
8.18168498e-01
7.65030525e-01
9.94774115e-01
8.08791209e-01
7.78315018e-01
7.90036630e-01
9.80708181e-01
9.72893773e-01
7.81440781e-01
7.72844933e-01
9.90866911e-01
9.62735043e-01
7.83785104e-01
7.69719170e-01
9.88522589e-01
9.86959707e-01
1.09479853e+00
1.15028083e+00
9.97899878e-01
9.74456654e-01
7.84566545e-01
7.75189255e-01
9.79926740e-01
9.72112332e-01
8.04102564e-01
7.87692308e-01
9.46324786e-01
9.93992674e-01
7.90036630e-01
7.89255189e-01
8.27545788e-01
9.76800977e-01
7.68156288e-01
7.72844933e-01
7.61904762e-01
1.01431013e+00
1.12918193e+00
1.08229548e+00
7.79096459e-01
9.83052503e-01
7.74407814e-01
8.27545788e-01
8.15042735e-01
9.75238095e-01
7.87692308e-01
8.01758242e-01
7.79877900e-01
9.90085470e-01
7.80659341e-01
7.74407814e-01
7.86910867e-01
9.83833944e-01
7.75970696e-01
7.74407814e-01
1.08307692e+00
1.30578755e+00
1.09010989e+00
7.43931624e-01
7.83785104e-01
9.90866911e-01
7.79096459e-01
7.68937729e-01
7.84566545e-01
9.78363858e-01
7.98632479e-01
7.96288156e-01
7.94725275e-01
1.01196581e+00
7.76752137e-01
7.74407814e-01
7.80659341e-01
1.01352869e+00
7.90818071e-01
1.05650794e+00
8.08009768e-01
1.01352869e+00
7.93162393e-01
7.87692308e-01
7.86910867e-01
1.04244200e+00
7.99413919e-01
7.18144078e-01
7.47057387e-01
9.99462759e-01
7.87692308e-01
7.83785104e-01
7.78315018e-01
1.00493284e+00
7.75189255e-01
7.95506716e-01
7.88473748e-01
9.96336996e-01
8.21294261e-01
1.08385836e+00
1.09010989e+00
9.27570208e-01
7.75970696e-01
7.67374847e-01
7.76752137e-01
1.02681319e+00
7.93943834e-01
7.90036630e-01
7.49401709e-01
1.00102564e+00
8.97094017e-01
7.79096459e-01
7.82222222e-01
9.96336996e-01
9.45543346e-01
7.47057387e-01
7.54090354e-01
9.54139194e-01
1.28000000e+00
1.09245421e+00
8.11916972e-01
9.96336996e-01
9.96336996e-01
7.69719170e-01
7.76752137e-01
9.35384615e-01
9.53357753e-01
7.79877900e-01
7.75189255e-01
9.86959707e-01
9.71330891e-01
8.04102564e-01
7.58778999e-01
9.08815629e-01
9.72112332e-01
7.80659341e-01
7.95506716e-01
1.13074481e+00
1.35032967e+00
1.10808303e+00
7.67374847e-01
7.73626374e-01
9.81489621e-01
8.00976801e-01
7.96288156e-01
7.93943834e-01
9.65079365e-01
7.83785104e-01
7.86129426e-01
7.99413919e-01
9.73675214e-01
7.75970696e-01
7.74407814e-01
7.79877900e-01
9.78363858e-01
7.49401709e-01
7.86129426e-01
1.08463980e+00
1.32141636e+00
7.74407814e-01
7.58778999e-01
8.24420024e-01
9.99462759e-01
7.51746032e-01
7.63467643e-01
7.40805861e-01
1.04322344e+00
8.33015873e-01
7.92380952e-01
7.89255189e-01
9.62735043e-01
8.13479853e-01
7.80659341e-01
8.06446886e-01
9.90866911e-01
7.84566545e-01
7.68156288e-01
1.10026862e+00
9.67423687e-01
7.97069597e-01
7.93162393e-01
7.72844933e-01
9.86959707e-01
7.87692308e-01
7.79096459e-01
8.04102564e-01
9.84615385e-01
7.81440781e-01
7.72063492e-01
8.17387057e-01
9.73675214e-01
7.86910867e-01
7.79096459e-01
7.53308913e-01
9.87741148e-01
1.07448107e+00
1.07760684e+00
7.77533578e-01
9.82271062e-01
7.80659341e-01
7.80659341e-01
7.73626374e-01
1.01118437e+00
7.66593407e-01
7.78315018e-01
7.76752137e-01
9.50231990e-01
7.68156288e-01
7.71282051e-01
7.71282051e-01
9.93211233e-01
8.08791209e-01
7.95506716e-01
7.49401709e-01
1.30891331e+00
9.77582418e-01
7.61904762e-01
7.81440781e-01
1.00258852e+00
9.68205128e-01
8.08791209e-01
7.83785104e-01
9.84615385e-01
9.78363858e-01
7.81440781e-01
7.83785104e-01
9.51013431e-01
9.72893773e-01
7.66593407e-01
7.69719170e-01
9.65860806e-01
9.83833944e-01
7.79877900e-01
7.62686203e-01
1.26280830e+00
1.30188034e+00
7.95506716e-01
7.56434676e-01
8.35360195e-01
9.76800977e-01
8.44737485e-01
7.90036630e-01
7.77533578e-01
9.58827839e-01
7.88473748e-01
7.96288156e-01
8.36923077e-01
9.83052503e-01
7.98632479e-01
7.74407814e-01
8.10354090e-01
1.01821734e+00
7.90036630e-01
1.09636142e+00
1.09479853e+00
1.00336996e+00
8.68962149e-01
8.00976801e-01
7.66593407e-01
9.74456654e-01
7.79877900e-01
7.75189255e-01
7.77533578e-01
9.93211233e-01
7.82222222e-01
7.68156288e-01
7.36117216e-01
9.79145299e-01
7.52527473e-01
7.99413919e-01
7.70500611e-01
9.91648352e-01
9.29133089e-01
1.09870574e+00
1.09948718e+00
9.84615385e-01
8.14261294e-01
7.68937729e-01
7.90818071e-01
9.89304029e-01
8.02539683e-01
7.97069597e-01
7.67374847e-01
9.86178266e-01
7.97851038e-01
7.62686203e-01
7.86129426e-01
9.86959707e-01
7.90036630e-01
7.76752137e-01
7.65030525e-01
1.33782662e+00
1.09401709e+00
6.86105006e-01
7.82222222e-01
1.00102564e+00
8.11916972e-01
7.75970696e-01
7.86129426e-01
1.00102564e+00
8.14261294e-01
7.67374847e-01
7.75189255e-01
1.01196581e+00
8.15042735e-01
7.58778999e-01
8.74432234e-01
9.97899878e-01
7.83003663e-01
7.82222222e-01
7.29084249e-01
1.00336996e+00
1.16669109e+00
8.07228327e-01
7.29084249e-01
9.88522589e-01
9.93211233e-01
7.77533578e-01
7.90036630e-01
9.94774115e-01
1.03697192e+00
7.90036630e-01
7.79877900e-01
1.00727717e+00
9.83833944e-01
7.80659341e-01
8.54896215e-01
9.91648352e-01
9.60390720e-01
7.74407814e-01
1.06041514e+00
1.30109890e+00
1.02212454e+00
7.86129426e-01
7.86910867e-01
8.72869353e-01
9.55702076e-01
7.76752137e-01
7.81440781e-01
8.08791209e-01
9.64297924e-01
7.78315018e-01
7.76752137e-01
7.98632479e-01
1.00649573e+00
8.19731380e-01
7.59560440e-01
7.79877900e-01
9.68205128e-01
1.11667888e+00
7.64249084e-01
1.10573871e+00
9.98681319e-01
8.31452991e-01
8.04884005e-01
8.03321123e-01
9.96336996e-01
7.56434676e-01
8.03321123e-01
7.89255189e-01
9.65860806e-01
7.93943834e-01
7.75189255e-01
8.08791209e-01
9.83052503e-01
7.89255189e-01
7.92380952e-01
7.86910867e-01
9.65860806e-01
1.10886447e+00
1.06666667e+00
7.99413919e-01
9.88522589e-01
8.07228327e-01
7.97851038e-01
7.60341880e-01
9.82271062e-01
7.79096459e-01
8.15042735e-01
7.90036630e-01
1.01587302e+00
7.94725275e-01
7.84566545e-01
7.58778999e-01
9.79145299e-01
7.80659341e-01
8.05665446e-01
7.77533578e-01
1.32454212e+00
7.84566545e-01
8.15042735e-01
7.75970696e-01
9.83052503e-01
7.98632479e-01
7.78315018e-01
7.86910867e-01
9.87741148e-01
7.93162393e-01
8.03321123e-01
8.08791209e-01
9.61953602e-01
7.65030525e-01
7.72063492e-01
8.54896215e-01
9.99462759e-01
7.82222222e-01
7.93943834e-01
7.73626374e-01
1.33235653e+00
1.10261294e+00
8.59584860e-01
7.64249084e-01
1.01665446e+00
8.40048840e-01
7.94725275e-01
7.88473748e-01
1.02212454e+00
9.78363858e-01
7.54871795e-01
7.86910867e-01
9.77582418e-01
9.18974359e-01
7.82222222e-01
7.76752137e-01
9.80708181e-01
9.72112332e-01
7.86129426e-01
1.09010989e+00
1.30266178e+00
9.94774115e-01
7.66593407e-01
7.88473748e-01
9.74456654e-01
9.88522589e-01
7.93943834e-01
7.40805861e-01
9.57264957e-01
1.01196581e+00
7.76752137e-01
7.72844933e-01
7.89255189e-01
9.68205128e-01
7.83003663e-01
7.67374847e-01
7.46275946e-01
9.99462759e-01
1.07916972e+00
1.08620269e+00
1.10339438e+00
9.86178266e-01
7.74407814e-01
8.03321123e-01
7.82222222e-01
1.00258852e+00
7.98632479e-01
7.68937729e-01
7.83785104e-01
9.76800977e-01
7.78315018e-01
8.12698413e-01
7.90036630e-01
9.91648352e-01
7.86910867e-01
7.65811966e-01
8.02539683e-01
1.28625153e+00
1.09948718e+00
7.95506716e-01
7.88473748e-01
9.68205128e-01
8.04884005e-01
7.99413919e-01
7.85347985e-01
1.04009768e+00
7.89255189e-01
7.74407814e-01
7.93162393e-01
9.90085470e-01
7.80659341e-01
7.93943834e-01
7.75970696e-01
9.86178266e-01
7.82222222e-01
7.58778999e-01
7.87692308e-01
9.86959707e-01
1.12918193e+00
8.09572650e-01
7.81440781e-01
1.03540904e+00
7.70500611e-01
7.80659341e-01
7.86910867e-01
9.72893773e-01
7.68156288e-01
8.22075702e-01
7.72063492e-01
9.88522589e-01
7.67374847e-01
7.93943834e-01
7.79096459e-01
1.00727717e+00
7.91599512e-01
1.05885226e+00
1.11902320e+00
1.29015873e+00
8.02539683e-01
7.95506716e-01
8.07228327e-01
9.79145299e-01
7.87692308e-01
7.57216117e-01
8.14261294e-01
9.68986569e-01
7.86910867e-01
7.83785104e-01
7.93943834e-01
9.93211233e-01
9.52576313e-01
7.90036630e-01
7.94725275e-01
1.01431013e+00
1.27218559e+00
1.10652015e+00
7.70500611e-01
1.03697192e+00
1.06354090e+00
7.83003663e-01
7.85347985e-01
1.01743590e+00
9.76019536e-01
7.81440781e-01
7.83785104e-01
9.58827839e-01
9.83833944e-01
7.81440781e-01
8.05665446e-01
9.26007326e-01
9.83833944e-01
8.47081807e-01
7.84566545e-01
8.35360195e-01
1.30656899e+00
1.07291819e+00
7.73626374e-01
7.92380952e-01
9.61953602e-01
7.55653236e-01
7.72844933e-01
7.75189255e-01
9.82271062e-01
7.82222222e-01
7.76752137e-01
7.86910867e-01
9.86178266e-01
7.77533578e-01
7.83003663e-01
7.84566545e-01
9.76019536e-01
7.57216117e-01
7.90036630e-01
1.09948718e+00
1.30578755e+00
7.81440781e-01
8.05665446e-01
8.15824176e-01
1.04244200e+00
7.89255189e-01
7.82222222e-01
7.90036630e-01
9.78363858e-01
8.02539683e-01
7.83785104e-01
7.77533578e-01
9.29914530e-01
7.87692308e-01
8.21294261e-01
7.83785104e-01
1.00258852e+00
7.86910867e-01
7.93943834e-01
1.09323565e+00
1.32063492e+00
8.24420024e-01
8.09572650e-01
7.83003663e-01
9.91648352e-01
7.79877900e-01
7.91599512e-01
7.23614164e-01
9.83833944e-01
7.84566545e-01
7.43931624e-01
7.89255189e-01
9.92429792e-01
7.80659341e-01
7.87692308e-01
7.93162393e-01
9.79145299e-01
7.51746032e-01
1.05494505e+00
1.09167277e+00
9.94774115e-01
7.45494505e-01
7.96288156e-01
7.72063492e-01
1.02056166e+00
7.83785104e-01
7.80659341e-01
8.35360195e-01
9.90085470e-01
7.96288156e-01
7.85347985e-01
8.25982906e-01
1.00493284e+00
8.39267399e-01
7.90036630e-01
8.01758242e-01
1.05885226e+00
9.98681319e-01
1.10183150e+00
1.07995116e+00
9.88522589e-01
1.02993895e+00
8.00195360e-01
7.76752137e-01
1.01587302e+00
9.88522589e-01
7.60341880e-01
8.10354090e-01
9.81489621e-01
9.72112332e-01
7.88473748e-01
7.94725275e-01
9.54139194e-01
9.79926740e-01
7.72063492e-01
7.91599512e-01
9.49450549e-01
1.28625153e+00
1.09636142e+00
8.18949939e-01
8.11135531e-01
9.91648352e-01
7.99413919e-01
7.82222222e-01
7.81440781e-01
9.75238095e-01
7.93943834e-01
7.93943834e-01
7.74407814e-01
1.01040293e+00
7.80659341e-01
8.00976801e-01
7.93943834e-01
9.70549451e-01
7.74407814e-01
7.86910867e-01
7.62686203e-01
9.60390720e-01
1.11042735e+00
7.86129426e-01
7.97069597e-01
9.76019536e-01
7.68156288e-01
7.76752137e-01
7.83003663e-01
9.73675214e-01
8.25982906e-01
7.68937729e-01
7.77533578e-01
9.77582418e-01
7.83003663e-01
8.15824176e-01
8.19731380e-01
9.73675214e-01
7.72063492e-01
8.03321123e-01
1.08932845e+00
1.31594628e+00
7.83003663e-01
7.71282051e-01
7.85347985e-01
9.75238095e-01
7.64249084e-01
7.90818071e-01
8.06446886e-01
9.91648352e-01
7.86129426e-01
7.57997558e-01
7.82222222e-01
9.88522589e-01
7.83003663e-01
7.54871795e-01
7.82222222e-01
9.76019536e-01
7.77533578e-01
1.09636142e+00
7.75970696e-01
9.94774115e-01
7.89255189e-01
7.93162393e-01
8.31452991e-01
1.03072039e+00
7.36117216e-01
7.77533578e-01
7.63467643e-01
9.90866911e-01
7.83785104e-01
8.14261294e-01
7.52527473e-01
9.58046398e-01
8.05665446e-01
7.50964591e-01
7.49401709e-01
9.85396825e-01
8.58021978e-01
1.04947497e+00
1.05494505e+00
9.86959707e-01
9.66642247e-01
7.99413919e-01
7.73626374e-01
1.00336996e+00
9.68986569e-01
7.93162393e-01
7.70500611e-01
9.81489621e-01
9.52576313e-01
7.59560440e-01
7.74407814e-01
9.61953602e-01
9.86959707e-01
7.86129426e-01
7.82222222e-01
9.93211233e-01
1.31907204e+00
1.08932845e+00
7.79877900e-01
9.47106227e-01
9.86959707e-01
7.84566545e-01
7.81440781e-01
7.72063492e-01
9.74456654e-01
7.73626374e-01
7.44713065e-01
7.89255189e-01
9.79926740e-01
8.70525031e-01
7.65811966e-01
7.57997558e-01
9.72893773e-01
7.47057387e-01
7.63467643e-01
1.10261294e+00
1.30266178e+00
1.09948718e+00
7.72063492e-01
7.67374847e-01
9.82271062e-01
7.85347985e-01
8.61929182e-01
7.90036630e-01
9.74456654e-01
7.86129426e-01
7.58778999e-01
7.82222222e-01
9.76019536e-01
7.76752137e-01
7.71282051e-01
7.27521368e-01
9.49450549e-01
7.64249084e-01
7.58778999e-01
1.08854701e+00
1.34095238e+00
8.08791209e-01
7.77533578e-01
7.76752137e-01
9.74456654e-01
8.09572650e-01
7.97851038e-01
8.42393162e-01
9.98681319e-01
7.80659341e-01
7.85347985e-01
7.71282051e-01
1.01743590e+00
7.83003663e-01
7.68937729e-01
7.65030525e-01
9.88522589e-01
7.67374847e-01
7.55653236e-01
1.09089133e+00
1.01274725e+00
8.08009768e-01
8.12698413e-01
7.81440781e-01
9.88522589e-01
7.98632479e-01
8.22075702e-01
7.85347985e-01
9.72893773e-01
7.79096459e-01
7.73626374e-01
7.98632479e-01
1.01899878e+00
7.69719170e-01
7.74407814e-01
7.66593407e-01
1.00493284e+00
1.05103785e+00
1.16747253e+00
7.75189255e-01
9.79926740e-01
9.28351648e-01
7.95506716e-01
7.76752137e-01
9.95555556e-01
9.51013431e-01
7.16581197e-01
7.71282051e-01
1.01978022e+00
9.90085470e-01
7.75189255e-01
8.14261294e-01
9.68986569e-01
9.72112332e-01
7.75189255e-01
7.86129426e-01
1.28937729e+00
9.83833944e-01
1.16512821e+00
7.77533578e-01
9.88522589e-01
1.03384615e+00
7.81440781e-01
7.79096459e-01
9.10378510e-01
9.75238095e-01
7.79096459e-01
7.65030525e-01
7.88473748e-01
9.72893773e-01
8.11135531e-01
7.93943834e-01
8.04884005e-01
9.74456654e-01
8.11135531e-01
7.54871795e-01
1.07838828e+00
1.32063492e+00
8.43174603e-01
7.81440781e-01
7.54090354e-01
9.73675214e-01
7.92380952e-01
7.86910867e-01
7.81440781e-01
9.43980464e-01
7.83785104e-01
7.96288156e-01
7.80659341e-01
9.76800977e-01
7.90036630e-01
7.74407814e-01
7.92380952e-01
9.36166056e-01
1.08542125e+00
1.11433455e+00
7.99413919e-01
1.00649573e+00
7.90818071e-01
7.82222222e-01
7.57216117e-01
9.73675214e-01
7.83785104e-01
7.81440781e-01
7.79096459e-01
9.89304029e-01
7.40024420e-01
7.86129426e-01
7.90036630e-01
1.00336996e+00
7.78315018e-01
8.08009768e-01
7.55653236e-01
1.00727717e+00
1.08463980e+00
1.10339438e+00
8.14261294e-01
9.82271062e-01
7.85347985e-01
7.89255189e-01
7.68156288e-01
9.61172161e-01
8.12698413e-01
7.79877900e-01
7.74407814e-01
9.40854701e-01
8.30671551e-01
7.93162393e-01
7.61904762e-01
9.95555556e-01
7.84566545e-01
7.91599512e-01
7.67374847e-01
1.29328449e+00
1.09948718e+00
7.61123321e-01
7.71282051e-01
9.95555556e-01
8.05665446e-01
7.75189255e-01
7.91599512e-01
9.87741148e-01
8.86935287e-01
7.66593407e-01
7.85347985e-01
1.00884005e+00
1.02290598e+00
7.83003663e-01
7.66593407e-01
9.94774115e-01
9.79145299e-01
7.61123321e-01
7.86910867e-01
1.31203907e+00
1.32454212e+00
7.95506716e-01
7.65030525e-01
9.86178266e-01
9.94774115e-01
7.72063492e-01
8.06446886e-01
9.92429792e-01
9.86959707e-01
7.68156288e-01
7.74407814e-01
9.41636142e-01
9.76019536e-01
7.86910867e-01
7.97851038e-01
8.18168498e-01
9.68986569e-01
7.72844933e-01
1.09010989e+00
1.07838828e+00
1.00024420e+00
7.62686203e-01
7.72844933e-01
7.79096459e-01
9.67423687e-01
7.75970696e-01
7.62686203e-01
7.75189255e-01
9.88522589e-01
7.90036630e-01
7.86910867e-01
7.82222222e-01
9.97899878e-01
7.67374847e-01
7.92380952e-01
7.68156288e-01
1.30735043e+00
7.75189255e-01
7.76752137e-01
7.77533578e-01
9.84615385e-01
7.93943834e-01
7.75189255e-01
7.73626374e-01
9.90866911e-01
7.83003663e-01
8.03321123e-01
7.86910867e-01
9.50231990e-01
7.90036630e-01
7.93162393e-01
7.77533578e-01
9.73675214e-01
8.05665446e-01
7.75189255e-01
7.74407814e-01
1.29406593e+00
1.13543346e+00
8.21294261e-01
7.77533578e-01
9.72893773e-01
7.79877900e-01
7.95506716e-01
7.67374847e-01
1.00962149e+00
7.88473748e-01
8.02539683e-01
7.90036630e-01
9.90085470e-01
7.86910867e-01
7.83003663e-01
7.86910867e-01
1.00962149e+00
7.81440781e-01
8.08009768e-01
1.07213675e+00
1.34954823e+00
8.11135531e-01
7.75189255e-01
7.85347985e-01
9.90085470e-01
8.02539683e-01
8.14261294e-01
7.78315018e-01
1.01431013e+00
7.95506716e-01
8.15042735e-01
7.79877900e-01
1.02446886e+00
8.26764347e-01
8.04102564e-01
7.49401709e-01
9.82271062e-01
9.92429792e-01
7.70500611e-01
1.08776557e+00
1.36361416e+00
9.53357753e-01
7.83003663e-01
7.80659341e-01
9.92429792e-01
9.53357753e-01
8.06446886e-01
7.83003663e-01
9.86959707e-01
9.80708181e-01
7.57997558e-01
7.83785104e-01
9.84615385e-01
1.06744811e+00
8.00976801e-01
7.73626374e-01
9.61172161e-01
1.28781441e+00
1.08307692e+00
8.77557998e-01
8.21294261e-01
9.95555556e-01
7.83003663e-01
7.77533578e-01
7.90036630e-01
9.66642247e-01
8.14261294e-01
7.75970696e-01
8.01758242e-01
9.73675214e-01
7.71282051e-01
7.96288156e-01
7.74407814e-01
9.88522589e-01
8.09572650e-01
7.78315018e-01
8.08791209e-01
9.82271062e-01
1.11589744e+00
7.75970696e-01
7.81440781e-01
9.52576313e-01
7.79096459e-01
7.29865690e-01
7.93943834e-01
9.95555556e-01
7.20488400e-01
7.83785104e-01
7.91599512e-01
9.82271062e-01
7.50183150e-01
7.65030525e-01
7.87692308e-01
9.59609280e-01
7.77533578e-01
7.61123321e-01
1.09948718e+00
1.31203907e+00
8.40048840e-01
7.80659341e-01
7.73626374e-01
9.84615385e-01
7.75970696e-01
7.87692308e-01
8.09572650e-01
9.96336996e-01
7.61123321e-01
7.90036630e-01
7.71282051e-01
9.83052503e-01
7.61904762e-01
7.79096459e-01
7.84566545e-01
9.80708181e-01
1.11042735e+00
1.07604396e+00
7.99413919e-01
1.01665446e+00
7.72844933e-01
7.71282051e-01
7.82222222e-01
9.90085470e-01
7.93162393e-01
8.33015873e-01
8.23638584e-01
1.00024420e+00
7.86910867e-01
7.67374847e-01
8.00976801e-01
1.00102564e+00
8.03321123e-01
7.92380952e-01
7.89255189e-01
9.75238095e-01
1.14324786e+00
1.11667888e+00
6.47814408e-01
9.89304029e-01
9.72112332e-01
8.15042735e-01
7.96288156e-01
9.87741148e-01
9.75238095e-01
7.70500611e-01
7.66593407e-01
1.02056166e+00
9.50231990e-01
7.78315018e-01
7.57997558e-01
9.72893773e-01
9.38510379e-01
7.54871795e-01
7.97069597e-01
1.30031746e+00
1.34095238e+00
7.49401709e-01
7.79096459e-01
9.30695971e-01
1.02759463e+00
7.65030525e-01
7.93162393e-01
8.55677656e-01
9.76019536e-01
7.86129426e-01
7.98632479e-01
7.86910867e-01
1.00571429e+00
7.75189255e-01
7.61904762e-01
7.45494505e-01
9.56483516e-01
7.96288156e-01
7.83785104e-01
1.07682540e+00
1.34642247e+00
7.90818071e-01
7.75189255e-01
7.57216117e-01
9.95555556e-01
8.17387057e-01
7.67374847e-01
8.19731380e-01
9.83052503e-01
8.10354090e-01
7.52527473e-01
7.73626374e-01
1.00493284e+00
7.79096459e-01
7.89255189e-01
7.72844933e-01
9.93211233e-01
1.09714286e+00
1.08932845e+00
1.09010989e+00
1.00258852e+00
7.84566545e-01
7.51746032e-01
7.83785104e-01
9.80708181e-01
8.16605617e-01
7.82222222e-01
8.06446886e-01
9.77582418e-01
7.90036630e-01
8.15824176e-01
7.76752137e-01
9.54139194e-01
7.83003663e-01
7.73626374e-01
8.20512821e-01
1.29484737e+00
7.91599512e-01
1.08073260e+00
7.50964591e-01
1.01743590e+00
7.65811966e-01
8.29108669e-01
7.76752137e-01
9.90085470e-01
7.92380952e-01
7.78315018e-01
7.90036630e-01
9.85396825e-01
7.83003663e-01
7.57216117e-01
7.74407814e-01
9.72893773e-01
7.97069597e-01
7.87692308e-01
8.17387057e-01
1.32141636e+00
1.11433455e+00
8.11916972e-01
8.22075702e-01
9.92429792e-01
8.05665446e-01
7.68937729e-01
8.12698413e-01
9.90866911e-01
9.68205128e-01
7.65811966e-01
7.95506716e-01
1.03931624e+00
9.79145299e-01
7.99413919e-01
7.85347985e-01
1.05338217e+00
9.71330891e-01
7.77533578e-01
1.07369963e+00
9.96336996e-01
1.01040293e+00
7.83003663e-01
7.93162393e-01
9.76019536e-01
9.72893773e-01
7.60341880e-01
7.83003663e-01
9.36166056e-01
9.47106227e-01
7.75970696e-01
8.05665446e-01
8.50989011e-01
9.70549451e-01
7.63467643e-01
7.63467643e-01
8.14261294e-01
9.90866911e-01
8.04102564e-01
1.10183150e+00
1.11511600e+00
9.75238095e-01
7.78315018e-01
7.78315018e-01
7.83785104e-01
9.70549451e-01
7.65811966e-01
7.88473748e-01
7.70500611e-01
9.59609280e-01
7.74407814e-01
7.76752137e-01
7.74407814e-01
9.68205128e-01
7.96288156e-01
7.99413919e-01
7.92380952e-01
1.01587302e+00
1.07057387e+00
1.10417582e+00
7.94725275e-01
9.60390720e-01
7.77533578e-01
7.45494505e-01
7.86129426e-01
9.94774115e-01
7.77533578e-01
7.79096459e-01
7.75189255e-01
1.00805861e+00
7.89255189e-01
7.75189255e-01
7.89255189e-01
1.02212454e+00
7.88473748e-01
7.79877900e-01
7.91599512e-01
1.00180708e+00
1.11433455e+00
1.10417582e+00
8.04884005e-01
1.03540904e+00
7.66593407e-01
7.87692308e-01
7.97069597e-01
9.92429792e-01
7.74407814e-01
7.78315018e-01
7.96288156e-01
9.77582418e-01
7.86129426e-01
7.56434676e-01
7.79096459e-01
9.90085470e-01
7.79096459e-01
7.91599512e-01
7.74407814e-01
1.31125763e+00
1.09870574e+00
7.33772894e-01
7.83785104e-01
9.86959707e-01
7.99413919e-01
8.20512821e-01
7.77533578e-01
9.79926740e-01
8.31452991e-01
7.93162393e-01
8.01758242e-01
1.00649573e+00
9.74456654e-01
7.63467643e-01
7.87692308e-01
9.42417582e-01
9.86959707e-01
7.97069597e-01
8.58021978e-01
1.32063492e+00
1.29406593e+00
7.98632479e-01
7.77533578e-01
9.79145299e-01
9.66642247e-01
7.52527473e-01
8.06446886e-01
9.61953602e-01
1.00024420e+00
7.79877900e-01
8.01758242e-01
9.58827839e-01
9.79926740e-01
7.73626374e-01
7.95506716e-01
8.22857143e-01
9.54920635e-01
7.79877900e-01
1.07995116e+00
1.12996337e+00
9.84615385e-01
7.86910867e-01
7.76752137e-01
8.05665446e-01
1.02525031e+00
8.17387057e-01
8.09572650e-01
7.65030525e-01
1.00649573e+00
7.78315018e-01
8.10354090e-01
8.08009768e-01
9.81489621e-01
7.77533578e-01
7.87692308e-01
7.68156288e-01
9.83833944e-01
7.83785104e-01
7.74407814e-01
1.12996337e+00
9.80708181e-01
7.70500611e-01
7.70500611e-01
8.43956044e-01
9.67423687e-01
7.90036630e-01
8.33015873e-01
7.74407814e-01
1.03462759e+00
7.86910867e-01
7.89255189e-01
8.04102564e-01
9.90085470e-01
7.96288156e-01
7.90036630e-01
7.59560440e-01
9.77582418e-01
1.09010989e+00
1.07604396e+00
7.65030525e-01
1.00258852e+00
7.57216117e-01
7.74407814e-01
7.39242979e-01
9.82271062e-01
7.57216117e-01
7.76752137e-01
7.73626374e-01
9.97118437e-01
8.04884005e-01
7.92380952e-01
8.02539683e-01
9.93211233e-01
7.75970696e-01
7.50964591e-01
7.72063492e-01
1.33626374e+00
7.87692308e-01
1.09948718e+00
7.98632479e-01
1.01587302e+00
8.11916972e-01
7.64249084e-01
7.74407814e-01
9.86959707e-01
8.08009768e-01
8.02539683e-01
7.70500611e-01
9.85396825e-01
9.20537241e-01
7.92380952e-01
7.99413919e-01
1.01821734e+00
9.75238095e-01
7.63467643e-01
1.07995116e+00
1.32297924e+00
9.55702076e-01
7.55653236e-01
7.41587302e-01
9.34603175e-01
9.59609280e-01
7.79096459e-01
8.03321123e-01
9.64297924e-01
1.04713065e+00
7.96288156e-01
7.54090354e-01
9.48669109e-01
9.82271062e-01
7.83003663e-01
7.86910867e-01
9.21318681e-01
9.84615385e-01
1.08542125e+00
1.08932845e+00
8.44737485e-01
1.00493284e+00
7.72844933e-01
7.86910867e-01
7.83003663e-01
1.00336996e+00
7.75970696e-01
7.86910867e-01
7.95506716e-01
1.04713065e+00
7.76752137e-01
7.83785104e-01
7.72063492e-01
1.00727717e+00
8.14261294e-01
7.93162393e-01
7.83785104e-01
9.88522589e-01
1.08932845e+00
1.11199023e+00
7.40024420e-01
9.96336996e-01
7.69719170e-01
8.13479853e-01
8.00195360e-01
1.01274725e+00
7.91599512e-01
7.85347985e-01
7.50964591e-01
9.93211233e-01
7.93943834e-01
7.75189255e-01
7.57216117e-01
9.63516484e-01
7.99413919e-01
7.89255189e-01
1.08776557e+00
1.37142857e+00
1.10886447e+00
7.93162393e-01
7.80659341e-01
9.96336996e-01
7.93943834e-01
7.94725275e-01
7.81440781e-01
9.88522589e-01
7.79877900e-01
7.72063492e-01
7.95506716e-01
9.87741148e-01
7.76752137e-01
7.75189255e-01
7.70500611e-01
1.03931624e+00
7.90036630e-01
1.13387057e+00
7.86910867e-01
1.30891331e+00
7.86910867e-01
7.72844933e-01
7.71282051e-01
9.56483516e-01
7.86129426e-01
7.97851038e-01
7.55653236e-01
9.30695971e-01
7.72063492e-01
7.63467643e-01
8.21294261e-01
9.76800977e-01
7.75189255e-01
7.66593407e-01
8.37704518e-01
9.90866911e-01
8.36141636e-01
1.09323565e+00
1.09557998e+00
1.00571429e+00
9.77582418e-01
7.71282051e-01
7.46275946e-01
9.52576313e-01
9.51794872e-01
7.55653236e-01
7.56434676e-01
9.65860806e-01
9.51794872e-01
8.10354090e-01
8.08791209e-01
9.97118437e-01
1.00024420e+00
7.86910867e-01
7.65030525e-01
9.72112332e-01
1.28781441e+00
7.83003663e-01
7.84566545e-01
9.33040293e-01
1.01274725e+00
7.86129426e-01
7.72063492e-01
8.27545788e-01
1.00884005e+00
7.81440781e-01
7.83003663e-01
7.78315018e-01
9.87741148e-01
7.64249084e-01
8.64273504e-01
7.88473748e-01
9.77582418e-01
7.97069597e-01
7.82222222e-01
1.08463980e+00
1.29797314e+00
1.09870574e+00
8.08791209e-01
7.86129426e-01
9.70549451e-01
7.88473748e-01
8.04102564e-01
7.74407814e-01
9.76019536e-01
7.79877900e-01
7.74407814e-01
7.94725275e-01
1.00180708e+00
7.68156288e-01
7.70500611e-01
7.86910867e-01
9.64297924e-01
7.86910867e-01
1.07369963e+00
1.09167277e+00
1.29641026e+00
8.16605617e-01
7.99413919e-01
8.15042735e-01
9.68986569e-01
7.79877900e-01
7.93162393e-01
7.76752137e-01
1.02368742e+00
8.69743590e-01
7.53308913e-01
7.65811966e-01
9.99462759e-01
7.87692308e-01
7.86910867e-01
7.87692308e-01
9.65079365e-01
7.75970696e-01
1.11120879e+00
1.06354090e+00
9.97118437e-01
7.86129426e-01
7.97069597e-01
7.88473748e-01
9.63516484e-01
7.95506716e-01
7.92380952e-01
8.01758242e-01
1.00258852e+00
8.24420024e-01
7.77533578e-01
7.55653236e-01
9.90866911e-01
7.60341880e-01
7.86910867e-01
8.12698413e-01
9.90085470e-01
1.11355311e+00
1.08776557e+00
7.56434676e-01
9.96336996e-01
8.37704518e-01
7.66593407e-01
7.79877900e-01
1.01509158e+00
9.43199023e-01
7.82222222e-01
7.78315018e-01
9.95555556e-01
9.78363858e-01
7.75189255e-01
7.64249084e-01
9.97899878e-01
1.01040293e+00
7.80659341e-01
7.71282051e-01
1.01196581e+00
9.95555556e-01
1.10730159e+00
8.15824176e-01
9.82271062e-01
9.76019536e-01
7.80659341e-01
7.96288156e-01
9.01001221e-01
9.80708181e-01
7.80659341e-01
7.78315018e-01
8.43956044e-01
9.74456654e-01
7.81440781e-01
8.18168498e-01
7.61123321e-01
9.54920635e-01
7.25177045e-01
1.06510379e+00
1.08542125e+00
9.92429792e-01
7.68156288e-01
7.56434676e-01
7.73626374e-01
9.61172161e-01
7.92380952e-01
7.84566545e-01
7.55653236e-01
9.76800977e-01
7.65811966e-01
7.87692308e-01
8.25982906e-01
9.67423687e-01
7.78315018e-01
8.00976801e-01
7.90036630e-01
1.00024420e+00
1.11980464e+00
1.09323565e+00
7.27521368e-01
9.94774115e-01
7.67374847e-01
7.72844933e-01
7.77533578e-01
9.89304029e-01
7.69719170e-01
7.83785104e-01
8.24420024e-01
9.83833944e-01
8.08791209e-01
7.86129426e-01
7.41587302e-01
9.93992674e-01
7.78315018e-01
7.74407814e-01
7.99413919e-01
1.29172161e+00
1.07682540e+00
1.08620269e+00
7.93943834e-01
9.84615385e-01
7.54090354e-01
7.79096459e-01
7.77533578e-01
1.02290598e+00
7.77533578e-01
7.75970696e-01
8.12698413e-01
9.82271062e-01
7.78315018e-01
7.72063492e-01
8.27545788e-01
9.77582418e-01
7.74407814e-01
7.65030525e-01
1.10573871e+00
1.34329670e+00
7.74407814e-01
7.92380952e-01
7.61904762e-01
9.90085470e-01
7.92380952e-01
7.85347985e-01
7.68937729e-01
9.81489621e-01
8.22857143e-01
8.25982906e-01
7.68937729e-01
9.97118437e-01
9.98681319e-01
8.02539683e-01
7.87692308e-01
9.98681319e-01
1.00571429e+00
7.98632479e-01
7.82222222e-01
1.33391941e+00
9.58046398e-01
7.79877900e-01
7.66593407e-01
9.83052503e-01
9.67423687e-01
7.67374847e-01
7.66593407e-01
9.74456654e-01
9.75238095e-01
7.11111111e-01
7.43150183e-01
9.33821734e-01
9.90085470e-01
7.47057387e-01
8.02539683e-01
8.77557998e-01
1.31438339e+00
1.09636142e+00
1.09245421e+00
7.96288156e-01
9.41636142e-01
7.74407814e-01
7.68156288e-01
8.11916972e-01
9.72893773e-01
7.70500611e-01
7.70500611e-01
7.75970696e-01
9.61953602e-01
7.86910867e-01
7.54090354e-01
7.86910867e-01
9.86959707e-01
7.91599512e-01
7.96288156e-01
1.08073260e+00
1.31360195e+00
7.73626374e-01
8.36141636e-01
7.68156288e-01
9.85396825e-01
7.46275946e-01
7.91599512e-01
8.05665446e-01
9.88522589e-01
7.78315018e-01
7.82222222e-01
7.53308913e-01
9.95555556e-01
7.80659341e-01
8.11916972e-01
7.83003663e-01
9.97899878e-01
8.10354090e-01
7.84566545e-01
1.09167277e+00
1.30422466e+00
7.92380952e-01
7.57997558e-01
7.74407814e-01
1.02368742e+00
7.72063492e-01
7.23614164e-01
8.04102564e-01
9.78363858e-01
8.02539683e-01
8.07228327e-01
7.65811966e-01
9.86959707e-01
7.90818071e-01
8.28327228e-01
7.74407814e-01
9.60390720e-01
7.86910867e-01
1.09245421e+00
1.06979243e+00
9.97899878e-01
7.80659341e-01
8.15042735e-01
7.80659341e-01
1.02056166e+00
7.83003663e-01
7.76752137e-01
7.91599512e-01
9.84615385e-01
8.08791209e-01
7.71282051e-01
7.87692308e-01
9.49450549e-01
7.93943834e-01
7.74407814e-01
7.95506716e-01
1.00884005e+00
9.98681319e-01
1.08698413e+00
1.08307692e+00
1.01899878e+00
1.00649573e+00
8.13479853e-01
7.73626374e-01
9.90866911e-01
9.68205128e-01
7.73626374e-01
7.99413919e-01
9.86959707e-01
9.73675214e-01
7.99413919e-01
7.70500611e-01
1.02212454e+00
9.71330891e-01
7.74407814e-01
8.04102564e-01
1.28390720e+00
1.25499389e+00
7.33772894e-01
7.96288156e-01
8.97094017e-01
1.04087912e+00
8.05665446e-01
8.04884005e-01
7.71282051e-01
9.75238095e-01
7.83785104e-01
8.02539683e-01
7.61904762e-01
9.75238095e-01
8.02539683e-01
7.89255189e-01
7.57997558e-01
9.97118437e-01
7.76752137e-01
1.08932845e+00
8.04884005e-01
1.32376068e+00
7.77533578e-01
7.93943834e-01
7.97851038e-01
9.86959707e-01
7.79877900e-01
7.74407814e-01
8.00976801e-01
9.64297924e-01
7.96288156e-01
7.97851038e-01
7.72844933e-01
9.81489621e-01
7.77533578e-01
8.00195360e-01
8.08009768e-01
9.91648352e-01
7.71282051e-01
1.11511600e+00
1.08620269e+00
9.61953602e-01
7.71282051e-01
7.83003663e-01
7.69719170e-01
9.73675214e-01
8.17387057e-01
7.73626374e-01
7.77533578e-01
1.01743590e+00
8.11135531e-01
7.99413919e-01
7.92380952e-01
9.80708181e-01
7.91599512e-01
7.84566545e-01
7.86910867e-01
1.30813187e+00
1.13465201e+00
7.86910867e-01
7.61123321e-01
1.04322344e+00
7.77533578e-01
8.30671551e-01
7.80659341e-01
1.01587302e+00
8.38485958e-01
7.74407814e-01
7.92380952e-01
1.00102564e+00
7.83003663e-01
7.93162393e-01
7.68937729e-01
1.02290598e+00
7.65030525e-01
8.08009768e-01
8.36141636e-01
1.31750916e+00
1.10886447e+00
7.82222222e-01
7.59560440e-01
9.83833944e-01
8.86153846e-01
7.74407814e-01
7.83785104e-01
9.96336996e-01
9.78363858e-01
7.85347985e-01
7.65030525e-01
9.83833944e-01
9.48669109e-01
8.22857143e-01
7.57216117e-01
9.65860806e-01
9.61172161e-01
7.41587302e-01
1.08307692e+00
1.29406593e+00
9.53357753e-01
7.82222222e-01
7.74407814e-01
9.50231990e-01
9.76800977e-01
7.52527473e-01
7.85347985e-01
8.72869353e-01
9.86959707e-01
7.79877900e-01
7.65811966e-01
7.86910867e-01
9.86178266e-01
7.52527473e-01
7.80659341e-01
7.73626374e-01
9.97899878e-01
7.79096459e-01
1.14481074e+00
1.10964591e+00
1.01274725e+00
7.78315018e-01
7.62686203e-01
7.62686203e-01
9.80708181e-01
8.29108669e-01
7.90818071e-01
7.31428571e-01
9.69768010e-01
7.86910867e-01
7.67374847e-01
8.09572650e-01
9.66642247e-01
8.08791209e-01
7.78315018e-01
7.57216117e-01
9.73675214e-01
1.09245421e+00
1.12214896e+00
7.90818071e-01
1.02993895e+00
7.99413919e-01
7.90036630e-01
7.77533578e-01
9.75238095e-01
7.71282051e-01
7.68156288e-01
7.80659341e-01
1.00493284e+00
7.81440781e-01
7.84566545e-01
7.88473748e-01
1.01431013e+00
7.77533578e-01
7.76752137e-01
8.77557998e-01
9.98681319e-01
8.26764347e-01
8.33797314e-01
7.80659341e-01
1.02134310e+00
7.75189255e-01
7.72063492e-01
8.08791209e-01
1.00180708e+00
7.75970696e-01
8.01758242e-01
7.61904762e-01
9.86959707e-01
7.89255189e-01
7.78315018e-01
7.95506716e-01
9.97118437e-01
7.96288156e-01
7.85347985e-01
1.10026862e+00
1.29953602e+00
7.91599512e-01
7.58778999e-01
7.71282051e-01
9.83052503e-01
7.81440781e-01
7.98632479e-01
7.62686203e-01
9.84615385e-01
1.00493284e+00
7.61123321e-01
7.95506716e-01
1.04478632e+00
9.74456654e-01
7.93943834e-01
8.02539683e-01
9.85396825e-01
1.24014652e+00
1.08385836e+00
1.10261294e+00
9.77582418e-01
9.75238095e-01
8.32234432e-01
7.85347985e-01
9.83833944e-01
9.67423687e-01
7.84566545e-01
8.27545788e-01
9.61172161e-01
1.01509158e+00
8.28327228e-01
7.86910867e-01
9.15067155e-01
9.68986569e-01
7.86129426e-01
7.89255189e-01
8.06446886e-01
1.29797314e+00
1.09948718e+00
7.55653236e-01
7.91599512e-01
9.79926740e-01
7.79877900e-01
7.81440781e-01
7.82222222e-01
9.76019536e-01
7.98632479e-01
7.86910867e-01
7.93943834e-01
9.75238095e-01
7.51746032e-01
7.91599512e-01
8.09572650e-01
9.97118437e-01
7.64249084e-01
1.08620269e+00
1.09167277e+00
1.03775336e+00
7.89255189e-01
7.80659341e-01
7.61904762e-01
9.76019536e-01
7.75970696e-01
7.68937729e-01
7.73626374e-01
9.90866911e-01
7.81440781e-01
7.68937729e-01
8.03321123e-01
9.79145299e-01
7.49401709e-01
7.78315018e-01
7.99413919e-01
9.96336996e-01
1.09323565e+00
7.22051282e-01
7.97851038e-01
1.00180708e+00
7.77533578e-01
7.55653236e-01
8.18168498e-01
9.76019536e-01
7.72063492e-01
7.86129426e-01
7.77533578e-01
9.92429792e-01
7.90036630e-01
7.43150183e-01
7.68937729e-01
9.99462759e-01
7.57216117e-01
7.83003663e-01
7.54090354e-01
9.86959707e-01
1.09167277e+00
1.12058608e+00
8.22075702e-01
9.41636142e-01
8.03321123e-01
7.75189255e-01
7.77533578e-01
9.86178266e-01
7.88473748e-01
7.80659341e-01
7.91599512e-01
9.97118437e-01
7.87692308e-01
7.62686203e-01
7.97069597e-01
9.97899878e-01
7.88473748e-01
7.83785104e-01
1.09323565e+00
1.31750916e+00
9.95555556e-01
8.00195360e-01
7.90036630e-01
9.97118437e-01
9.70549451e-01
7.79877900e-01
8.33797314e-01
9.94774115e-01
9.83052503e-01
7.67374847e-01
7.00170940e-01
9.70549451e-01
9.26007326e-01
7.49401709e-01
7.67374847e-01
9.28351648e-01
1.00571429e+00
7.80659341e-01
1.09010989e+00
1.27921856e+00
9.88522589e-01
8.00976801e-01
7.71282051e-01
8.68962149e-01
9.80708181e-01
7.65030525e-01
7.51746032e-01
7.71282051e-01
9.26007326e-01
7.75189255e-01
8.34578755e-01
8.33015873e-01
9.66642247e-01
7.83785104e-01
7.83785104e-01
7.59560440e-01
1.27843712e+00
1.09089133e+00
1.10417582e+00
7.85347985e-01
9.77582418e-01
7.76752137e-01
7.72844933e-01
7.75970696e-01
9.82271062e-01
8.04102564e-01
7.96288156e-01
7.85347985e-01
9.86959707e-01
7.83785104e-01
7.58778999e-01
7.73626374e-01
9.76019536e-01
7.72844933e-01
7.72063492e-01
1.09636142e+00
9.86959707e-01
7.84566545e-01
7.73626374e-01
7.70500611e-01
1.01274725e+00
8.09572650e-01
7.77533578e-01
7.76752137e-01
1.00180708e+00
7.61123321e-01
7.92380952e-01
7.75189255e-01
1.00415140e+00
7.90818071e-01
7.93162393e-01
7.82222222e-01
9.98681319e-01
7.76752137e-01
7.90036630e-01
1.10339438e+00
1.29641026e+00
7.86129426e-01
7.52527473e-01
7.60341880e-01
1.07213675e+00
7.74407814e-01
7.93162393e-01
7.75189255e-01
9.61953602e-01
7.91599512e-01
7.16581197e-01
7.73626374e-01
9.94774115e-01
7.99413919e-01
8.61929182e-01
7.76752137e-01
9.78363858e-01
1.10105006e+00
1.09714286e+00
9.93211233e-01
1.02759463e+00
7.95506716e-01
8.30671551e-01
7.76752137e-01
9.92429792e-01
1.00649573e+00
7.67374847e-01
7.93943834e-01
1.01274725e+00
9.92429792e-01
7.25177045e-01
7.74407814e-01
1.01743590e+00
9.61953602e-01
7.75970696e-01
7.79877900e-01
9.96336996e-01
1.30344322e+00
1.07682540e+00
6.95482295e-01
9.90085470e-01
9.88522589e-01
7.92380952e-01
7.54090354e-01
1.00727717e+00
9.95555556e-01
7.73626374e-01
7.60341880e-01
8.84590965e-01
9.86959707e-01
7.63467643e-01
7.79096459e-01
7.92380952e-01
9.73675214e-01
8.11916972e-01
7.75189255e-01
1.07916972e+00
1.30031746e+00
7.95506716e-01
7.61904762e-01
7.61904762e-01
9.76800977e-01
7.93162393e-01
7.91599512e-01
7.70500611e-01
9.90866911e-01
7.96288156e-01
7.87692308e-01
7.55653236e-01
9.89304029e-01
8.40830281e-01
7.76752137e-01
7.65811966e-01
9.60390720e-01
7.95506716e-01
7.90036630e-01
7.83003663e-01
1.32610501e+00
8.50989011e-01
7.67374847e-01
7.59560440e-01
9.80708181e-01
8.04884005e-01
7.61904762e-01
7.99413919e-01
9.53357753e-01
7.69719170e-01
7.77533578e-01
8.09572650e-01
9.74456654e-01
7.61123321e-01
7.90036630e-01
8.83028083e-01
9.83833944e-01
1.10417582e+00
1.09401709e+00
1.11746032e+00
9.84615385e-01
8.00976801e-01
7.93162393e-01
7.66593407e-01
9.83052503e-01
7.88473748e-01
7.51746032e-01
7.70500611e-01
9.53357753e-01
7.68156288e-01
7.78315018e-01
7.60341880e-01
1.00962149e+00
7.64249084e-01
7.75189255e-01
8.15824176e-01
1.30344322e+00
1.10652015e+00
7.89255189e-01
7.98632479e-01
1.07448107e+00
7.65811966e-01
7.86910867e-01
7.71282051e-01
9.74456654e-01
8.02539683e-01
8.55677656e-01
7.89255189e-01
9.95555556e-01
9.87741148e-01
7.72063492e-01
7.70500611e-01
9.93211233e-01
9.56483516e-01
7.80659341e-01
8.14261294e-01
1.30109890e+00
1.31125763e+00
8.00976801e-01
7.90818071e-01
1.01352869e+00
9.84615385e-01
7.93162393e-01
7.77533578e-01
9.79145299e-01
9.96336996e-01
8.52551893e-01
7.83785104e-01
9.65860806e-01
9.72893773e-01
7.51746032e-01
7.74407814e-01
8.75213675e-01
9.40073260e-01
7.55653236e-01
1.08463980e+00
1.10261294e+00
9.75238095e-01
7.85347985e-01
7.75970696e-01
7.75189255e-01
9.77582418e-01
7.80659341e-01
7.65811966e-01
7.76752137e-01
1.00258852e+00
7.65030525e-01
7.88473748e-01
7.92380952e-01
9.76019536e-01
8.30671551e-01
8.05665446e-01
7.77533578e-01
1.00258852e+00
7.71282051e-01
1.09948718e+00
1.11980464e+00
9.81489621e-01
8.04102564e-01
7.73626374e-01
7.68156288e-01
9.33821734e-01
7.76752137e-01
7.50183150e-01
