2.13880342e+00
2.13333333e+00
2.34666667e+00
2.14271062e+00
2.14661783e+00
2.14896215e+00
2.33728938e+00
2.40371184e+00
2.11223443e+00
2.13177045e+00
2.32713065e+00
2.14896215e+00
2.13880342e+00
2.15521368e+00
2.31931624e+00
2.14427350e+00
2.14036630e+00
2.13880342e+00
2.28649573e+00
2.11692308e+00
2.14036630e+00
2.12083028e+00
2.33728938e+00
2.17943834e+00
2.43028083e+00
2.40371184e+00
2.33807082e+00
2.14114774e+00
2.16537241e+00
2.13645910e+00
2.33416361e+00
2.15208791e+00
2.13802198e+00
2.13411477e+00
2.33494505e+00
2.14271062e+00
2.16380952e+00
2.14427350e+00
2.32009768e+00
2.13645910e+00
2.13724054e+00
2.14896215e+00
2.61391941e+00
2.40214896e+00
2.13567766e+00
2.14583639e+00
2.33416361e+00
2.13802198e+00
2.12551893e+00
2.12395604e+00
2.34510379e+00
2.16302808e+00
2.14036630e+00
2.18490842e+00
2.36307692e+00
2.14896215e+00
2.17865690e+00
2.15052503e+00
2.37479853e+00
2.27711844e+00
2.40683761e+00
2.19350427e+00
2.36463980e+00
2.32478632e+00
2.13333333e+00
2.14114774e+00
2.34275946e+00
2.32087912e+00
2.19975580e+00
2.14349206e+00
2.34041514e+00
2.28571429e+00
2.15365079e+00
2.14818071e+00
2.29431013e+00
2.33025641e+00
2.14349206e+00
2.14349206e+00
2.58735043e+00
2.64908425e+00
2.15443223e+00
2.11614164e+00
2.32791209e+00
2.31384615e+00
2.13411477e+00
2.15365079e+00
2.22241758e+00
2.35213675e+00
2.16537241e+00
2.19037851e+00
2.14036630e+00
2.35526252e+00
2.14505495e+00
2.12473748e+00
2.16771673e+00
2.32634921e+00
2.40293040e+00
2.40918193e+00
2.14974359e+00
2.31775336e+00
2.13958486e+00
2.16068376e+00
2.15599512e+00
2.32478632e+00
2.15365079e+00
2.14192918e+00
2.14036630e+00
2.33025641e+00
2.15521368e+00
2.13489621e+00
2.13411477e+00
2.33103785e+00
2.14192918e+00
2.07785104e+00
2.43653236e+00
2.61313797e+00
2.17943834e+00
2.14505495e+00
2.19115995e+00
2.35135531e+00
2.14192918e+00
2.13567766e+00
2.13411477e+00
2.36385836e+00
2.12161172e+00
2.14583639e+00
2.14583639e+00
2.34197802e+00
2.15130647e+00
2.11848596e+00
2.14036630e+00
2.34588523e+00
2.14271062e+00
2.15755800e+00
2.41855922e+00
2.34666667e+00
2.14271062e+00
2.14349206e+00
2.12395604e+00
2.38417582e+00
2.14739927e+00
2.22788767e+00
2.15677656e+00
2.33416361e+00
2.14427350e+00
2.14349206e+00
2.12083028e+00
2.33885226e+00
2.15130647e+00
2.13880342e+00
2.14271062e+00
2.61235653e+00
2.40683761e+00
2.18412698e+00
2.14036630e+00
2.33963370e+00
2.21147741e+00
2.14036630e+00
2.14974359e+00
2.30603175e+00
2.15052503e+00
2.14739927e+00
2.15912088e+00
2.34275946e+00
2.32244200e+00
2.15130647e+00
2.14114774e+00
2.33494505e+00
2.31775336e+00
2.40214896e+00
2.40605617e+00
2.29040293e+00
2.33650794e+00
2.14427350e+00
2.11614164e+00
2.33025641e+00
2.29978022e+00
2.15052503e+00
2.14114774e+00
2.32634921e+00
2.32087912e+00
2.13177045e+00
2.12708181e+00
2.26774115e+00
2.30915751e+00
2.13489621e+00
2.14271062e+00
2.25601954e+00
2.28805861e+00
2.24742369e+00
2.15052503e+00
2.09894994e+00
2.37245421e+00
2.13958486e+00
2.12630037e+00
2.14427350e+00
2.34041514e+00
2.13802198e+00
2.13567766e+00
2.10520147e+00
2.32791209e+00
2.14036630e+00
2.13333333e+00
2.12395604e+00
2.32087912e+00
2.39980464e+00
2.42481074e+00
2.27555556e+00
2.32244200e+00
2.13802198e+00
2.12864469e+00
2.17318681e+00
2.30759463e+00
2.13880342e+00
2.11692308e+00
2.14739927e+00
2.37948718e+00
2.09504274e+00
2.16224664e+00
2.14349206e+00
2.34041514e+00
2.18100122e+00
2.16068376e+00
2.39902320e+00
2.60923077e+00
2.14192918e+00
2.14739927e+00
2.14036630e+00
2.34119658e+00
2.14583639e+00
2.14583639e+00
2.15990232e+00
2.32713065e+00
2.15912088e+00
2.10598291e+00
2.14192918e+00
2.33728938e+00
2.13489621e+00
2.15521368e+00
2.13567766e+00
2.33650794e+00
2.39667888e+00
2.38495726e+00
2.14114774e+00
2.35213675e+00
2.13880342e+00
2.11379731e+00
2.12004884e+00
2.37792430e+00
2.18100122e+00
2.14192918e+00
2.16302808e+00
2.36151404e+00
2.15755800e+00
2.13489621e+00
2.13724054e+00
2.39980464e+00
2.17474969e+00
2.14114774e+00
2.14349206e+00
2.61157509e+00
2.41465201e+00
2.14271062e+00
2.14349206e+00
2.33963370e+00
2.32166056e+00
2.17631258e+00
2.13489621e+00
2.33728938e+00
2.32400488e+00
2.14505495e+00
2.12473748e+00
2.30759463e+00
2.36307692e+00
2.10129426e+00
2.14271062e+00
2.32400488e+00
2.33650794e+00
2.39042735e+00
2.40293040e+00
2.33572650e+00
2.36698413e+00
2.14036630e+00
2.14896215e+00
2.26227106e+00
2.32400488e+00
2.15052503e+00
2.13411477e+00
2.22710623e+00
2.32478632e+00
2.14818071e+00
2.12004884e+00
2.15365079e+00
2.32947497e+00
2.14192918e+00
2.14271062e+00
2.44043956e+00
2.59985348e+00
2.14349206e+00
2.13880342e+00
2.13802198e+00
2.35291819e+00
2.15521368e+00
2.13489621e+00
2.09191697e+00
2.33181929e+00
2.14896215e+00
2.14974359e+00
2.14583639e+00
2.33807082e+00
2.14505495e+00
2.18334554e+00
2.14036630e+00
2.33103785e+00
2.11926740e+00
2.14661783e+00
2.50139194e+00
2.39042735e+00
2.13802198e+00
2.14896215e+00
2.13645910e+00
2.32478632e+00
2.14036630e+00
2.13802198e+00
2.13567766e+00
2.33494505e+00
2.11926740e+00
2.11536020e+00
2.14271062e+00
2.33260073e+00
2.14974359e+00
2.13098901e+00
2.12551893e+00
2.60766789e+00
2.42324786e+00
2.14661783e+00
2.16224664e+00
2.35604396e+00
2.15208791e+00
2.14349206e+00
2.15052503e+00
2.33650794e+00
2.14036630e+00
2.13724054e+00
2.14114774e+00
2.34666667e+00
2.14896215e+00
2.16146520e+00
2.14505495e+00
2.32322344e+00
2.14271062e+00
2.35682540e+00
2.41777778e+00
2.34979243e+00
2.16068376e+00
2.13255189e+00
2.14036630e+00
2.33494505e+00
2.14818071e+00
2.14739927e+00
2.14271062e+00
2.34666667e+00
2.18803419e+00
2.14192918e+00
2.11926740e+00
2.35838828e+00
2.33494505e+00
2.13333333e+00
2.15286935e+00
2.34197802e+00
2.33260073e+00
2.41777778e+00
2.13724054e+00
2.35135531e+00
2.32478632e+00
2.14896215e+00
2.14036630e+00
2.32634921e+00
2.32947497e+00
2.14036630e+00
2.14036630e+00
2.32166056e+00
2.31619048e+00
2.14974359e+00
2.11770452e+00
2.28571429e+00
2.31228327e+00
2.17006105e+00
2.40449328e+00
2.50920635e+00
2.32869353e+00
2.14974359e+00
2.15990232e+00
2.14427350e+00
2.31540904e+00
2.17084249e+00
2.12161172e+00
2.12395604e+00
2.32713065e+00
2.17084249e+00
2.14427350e+00
2.13177045e+00
2.36385836e+00
2.14114774e+00
2.14036630e+00
2.14974359e+00
2.55609280e+00
2.40527473e+00
2.13724054e+00
2.16459096e+00
2.33807082e+00
2.17865690e+00
2.14661783e+00
2.13802198e+00
2.32791209e+00
2.13567766e+00
2.14036630e+00
2.14036630e+00
2.34666667e+00
2.18725275e+00
2.14583639e+00
2.16068376e+00
2.33260073e+00
2.15130647e+00
2.49279609e+00
2.14505495e+00
2.38808303e+00
2.11770452e+00
2.14271062e+00
2.13802198e+00
2.35369963e+00
2.09035409e+00
2.13020757e+00
2.14271062e+00
2.34822955e+00
2.16146520e+00
2.17474969e+00
2.15286935e+00
2.33572650e+00
2.15677656e+00
2.14036630e+00
2.15286935e+00
2.60688645e+00
2.40918193e+00
2.15130647e+00
2.14661783e+00
2.30212454e+00
2.13098901e+00
2.13958486e+00
2.13411477e+00
2.33416361e+00
2.16224664e+00
2.15677656e+00
2.15208791e+00
2.34354090e+00
2.13333333e+00
2.13724054e+00
2.10676435e+00
2.33181929e+00
2.21538462e+00
2.39277167e+00
2.38417582e+00
2.60923077e+00
2.21694750e+00
2.15599512e+00
2.15990232e+00
2.33728938e+00
2.30837607e+00
2.14192918e+00
2.13880342e+00
2.35682540e+00
2.36307692e+00
2.08722833e+00
2.13958486e+00
2.33181929e+00
2.33963370e+00
2.14974359e+00
2.16693529e+00
2.33338217e+00
2.60297924e+00
2.14114774e+00
2.18100122e+00
2.30915751e+00
2.32400488e+00
2.16224664e+00
2.14271062e+00
2.26383394e+00
2.33807082e+00
2.14974359e+00
2.13255189e+00
2.18881563e+00
2.41230769e+00
2.16224664e+00
2.14271062e+00
2.13177045e+00
2.33650794e+00
2.14896215e+00
2.13177045e+00
2.40605617e+00
2.59282051e+00
2.15677656e+00
2.15755800e+00
2.13958486e+00
2.33338217e+00
2.13802198e+00
2.14896215e+00
2.15755800e+00
2.31072039e+00
2.15599512e+00
2.13489621e+00
2.12708181e+00
2.32087912e+00
2.14505495e+00
2.14505495e+00
2.14661783e+00
2.32244200e+00
2.39589744e+00
2.37714286e+00
2.14349206e+00
2.34979243e+00
2.15833944e+00
2.14427350e+00
2.13802198e+00
2.33807082e+00
2.11614164e+00
2.15130647e+00
2.14271062e+00
2.34119658e+00
2.14818071e+00
2.14036630e+00
2.13177045e+00
2.34197802e+00
2.14192918e+00
2.14349206e+00
2.40996337e+00
2.62017094e+00
2.14739927e+00
2.09582418e+00
2.15443223e+00
2.26695971e+00
2.13489621e+00
2.18568987e+00
2.14036630e+00
2.33728938e+00
2.13724054e+00
2.12864469e+00
2.14739927e+00
2.34588523e+00
2.14427350e+00
2.14896215e+00
2.11692308e+00
2.33025641e+00
2.15677656e+00
2.40527473e+00
2.40136752e+00
2.35838828e+00
2.17162393e+00
2.09973138e+00
2.13724054e+00
2.37636142e+00
2.15443223e+00
2.14271062e+00
2.14114774e+00
2.34275946e+00
2.33181929e+00
2.17240537e+00
2.15833944e+00
2.35995116e+00
2.33181929e+00
2.21772894e+00
2.12786325e+00
2.61548230e+00
2.60532357e+00
2.15130647e+00
2.14818071e+00
2.34510379e+00
2.29509158e+00
2.14349206e+00
2.13411477e+00
2.39667888e+00
2.31931624e+00
2.14036630e+00
2.12708181e+00
2.31150183e+00
2.36542125e+00
2.10285714e+00
2.15912088e+00
2.24273504e+00
2.33025641e+00
2.38417582e+00
2.41387057e+00
2.13255189e+00
2.32947497e+00
2.13724054e+00
2.09973138e+00
2.14192918e+00
2.35291819e+00
2.09582418e+00
2.14349206e+00
2.14271062e+00
2.29821734e+00
2.13958486e+00
2.13020757e+00
2.15833944e+00
2.35526252e+00
2.19584860e+00
2.13724054e+00
2.14349206e+00
2.61470085e+00
2.46466422e+00
2.12551893e+00
2.13880342e+00
2.32166056e+00
2.14661783e+00
2.13724054e+00
2.17396825e+00
2.33103785e+00
2.12083028e+00
2.14583639e+00
2.11848596e+00
2.37479853e+00
2.16771673e+00
2.13177045e+00
2.14583639e+00
2.37167277e+00
2.10754579e+00
2.40527473e+00
2.23492063e+00
2.33963370e+00
2.13411477e+00
2.13020757e+00
2.13802198e+00
2.33728938e+00
2.13802198e+00
2.19272283e+00
2.17318681e+00
2.33572650e+00
2.18256410e+00
2.16068376e+00
2.18100122e+00
2.32009768e+00
2.14661783e+00
2.14974359e+00
2.14271062e+00
2.62095238e+00
2.39511600e+00
2.14036630e+00
2.22241758e+00
2.34901099e+00
2.14896215e+00
2.14896215e+00
2.13098901e+00
2.30915751e+00
2.14739927e+00
2.13724054e+00
2.15286935e+00
2.34354090e+00
2.18881563e+00
2.14192918e+00
2.13411477e+00
2.38417582e+00
2.15755800e+00
2.14974359e+00
2.17631258e+00
2.61548230e+00
2.32791209e+00
2.15130647e+00
2.18178266e+00
2.33650794e+00
2.31540904e+00
2.15443223e+00
2.14036630e+00
2.34119658e+00
2.33494505e+00
2.16537241e+00
2.14583639e+00
2.33963370e+00
2.37479853e+00
2.14427350e+00
2.14427350e+00
2.31384615e+00
2.59829060e+00
2.40293040e+00
2.13411477e+00
2.32791209e+00
2.37167277e+00
2.13802198e+00
2.12864469e+00
2.23492063e+00
2.37401709e+00
2.15052503e+00
2.14896215e+00
2.14427350e+00
2.33494505e+00
2.13020757e+00
2.16771673e+00
2.13567766e+00
2.31150183e+00
2.13724054e+00
2.42637363e+00
2.39433455e+00
2.32713065e+00
2.15990232e+00
2.15208791e+00
2.14036630e+00
2.32634921e+00
2.14349206e+00
2.13802198e+00
2.14114774e+00
2.33572650e+00
2.15286935e+00
2.13411477e+00
2.16302808e+00
2.33416361e+00
2.13645910e+00
2.15130647e+00
2.14661783e+00
2.60844933e+00
2.14974359e+00
2.40058608e+00
2.12864469e+00
2.32791209e+00
2.12786325e+00
2.14505495e+00
2.13333333e+00
2.35604396e+00
2.15208791e+00
2.17162393e+00
2.15521368e+00
2.31228327e+00
2.13333333e+00
2.14271062e+00
2.13958486e+00
2.34354090e+00
2.17162393e+00
2.15521368e+00
2.39902320e+00
2.58735043e+00
2.16927961e+00
2.18412698e+00
2.15052503e+00
2.33416361e+00
2.14583639e+00
2.14583639e+00
2.17474969e+00
2.33728938e+00
2.14974359e+00
2.13098901e+00
2.14114774e+00
2.32713065e+00
2.14974359e+00
2.14583639e+00
2.14349206e+00
2.36151404e+00
2.42949939e+00
2.46075702e+00
2.14661783e+00
2.33807082e+00
2.15599512e+00
2.13958486e+00
2.10910867e+00
2.34354090e+00
2.15755800e+00
2.14271062e+00
2.18803419e+00
2.31384615e+00
2.32634921e+00
2.16615385e+00
2.13020757e+00
2.33494505e+00
2.33103785e+00
2.14271062e+00
2.40214896e+00
2.33103785e+00
2.32400488e+00
2.13880342e+00
2.13411477e+00
2.34197802e+00
2.34432234e+00
2.16693529e+00
2.16146520e+00
2.33103785e+00
2.32869353e+00
2.15286935e+00
2.13645910e+00
2.27633700e+00
2.32478632e+00
2.13958486e+00
2.14114774e+00
2.21304029e+00
2.54358974e+00
2.40605617e+00
2.47638584e+00
2.15052503e+00
2.32244200e+00
2.14818071e+00
2.13098901e+00
2.18334554e+00
2.32869353e+00
2.11848596e+00
2.13333333e+00
2.14349206e+00
2.33181929e+00
2.14036630e+00
2.20913309e+00
2.16459096e+00
2.33103785e+00
2.14896215e+00
2.39589744e+00
2.41308913e+00
2.35682540e+00
2.13645910e+00
2.14271062e+00
2.14505495e+00
2.34666667e+00
2.13880342e+00
2.13958486e+00
2.12630037e+00
2.32713065e+00
2.16459096e+00
2.14974359e+00
2.14661783e+00
2.34510379e+00
2.13724054e+00
2.21225885e+00
2.14036630e+00
2.59203907e+00
2.40293040e+00
2.14505495e+00
2.14974359e+00
2.35995116e+00
2.14427350e+00
2.14661783e+00
2.13724054e+00
2.39120879e+00
2.16927961e+00
2.14818071e+00
2.14192918e+00
2.34901099e+00
2.14192918e+00
2.16380952e+00
2.14271062e+00
2.30993895e+00
2.14661783e+00
2.14583639e+00
2.14505495e+00
2.61235653e+00
2.13958486e+00
2.15521368e+00
2.16537241e+00
2.30446886e+00
2.14661783e+00
2.20131868e+00
2.14896215e+00
2.32478632e+00
2.15677656e+00
2.16068376e+00
2.13411477e+00
2.34666667e+00
2.15286935e+00
2.06534799e+00
2.14427350e+00
2.32556777e+00
2.42324786e+00
2.42402930e+00
2.14583639e+00
2.34354090e+00
2.32947497e+00
2.14583639e+00
2.15052503e+00
2.33103785e+00
2.31853480e+00
2.17474969e+00
2.13802198e+00
2.33025641e+00
2.32087912e+00
2.14583639e+00
2.14661783e+00
2.34979243e+00
2.34197802e+00
2.11848596e+00
2.40214896e+00
2.66080586e+00
2.34432234e+00
2.13177045e+00
2.13802198e+00
2.27477411e+00
2.32478632e+00
2.14114774e+00
2.15286935e+00
2.22476190e+00
2.33650794e+00
2.16771673e+00
2.14583639e+00
2.13177045e+00
2.32947497e+00
2.15365079e+00
2.14349206e+00
2.14271062e+00
2.59985348e+00
2.19584860e+00
2.40605617e+00
2.13880342e+00
2.33728938e+00
2.12708181e+00
2.14583639e+00
2.13333333e+00
2.32791209e+00
2.12004884e+00
2.17006105e+00
2.13333333e+00
2.31775336e+00
2.13020757e+00
2.14505495e+00
2.14271062e+00
2.33494505e+00
2.16459096e+00
2.12630037e+00
2.39433455e+00
2.61548230e+00
2.19975580e+00
2.13645910e+00
2.13724054e+00
2.35916972e+00
2.15130647e+00
2.17787546e+00
2.15521368e+00
2.33260073e+00
2.15130647e+00
2.14427350e+00
2.13802198e+00
2.33963370e+00
2.13724054e+00
2.14505495e+00
2.17474969e+00
2.36229548e+00
2.40449328e+00
2.40605617e+00
2.13724054e+00
2.33103785e+00
2.16693529e+00
2.13724054e+00
2.14349206e+00
2.35526252e+00
2.13411477e+00
2.20131868e+00
2.14192918e+00
2.33807082e+00
2.15990232e+00
2.14349206e+00
2.08488400e+00
2.32244200e+00
2.13802198e+00
2.14505495e+00
2.39433455e+00
2.36776557e+00
2.14192918e+00
2.13880342e+00
2.14271062e+00
2.33494505e+00
2.19663004e+00
2.14192918e+00
2.16459096e+00
2.37557998e+00
2.20757021e+00
2.12630037e+00
2.14271062e+00
2.36151404e+00
2.38964591e+00
2.14192918e+00
2.17631258e+00
2.34744811e+00
2.57562882e+00
2.42324786e+00
2.15755800e+00
2.32791209e+00
2.32947497e+00
2.12161172e+00
2.14661783e+00
2.34432234e+00
2.29665446e+00
2.14505495e+00
2.16380952e+00
2.30446886e+00
2.33728938e+00
2.14427350e+00
2.14192918e+00
2.28180708e+00
2.32947497e+00
2.16302808e+00
2.38417582e+00
2.45606838e+00
2.35448107e+00
2.14505495e+00
2.14583639e+00
2.13177045e+00
2.32244200e+00
2.14583639e+00
2.13098901e+00
2.14271062e+00
2.31150183e+00
2.14661783e+00
2.12630037e+00
2.14974359e+00
2.33728938e+00
2.13255189e+00
2.13098901e+00
2.16068376e+00
2.59282051e+00
2.39667888e+00
2.16459096e+00
2.14036630e+00
2.34432234e+00
2.14114774e+00
2.13958486e+00
2.14036630e+00
2.34979243e+00
2.12161172e+00
2.16146520e+00
2.15599512e+00
2.32087912e+00
2.14427350e+00
2.16224664e+00
2.12473748e+00
2.33025641e+00
2.14036630e+00
2.14583639e+00
2.14271062e+00
2.61470085e+00
2.15052503e+00
2.14036630e+00
2.13958486e+00
2.33025641e+00
2.12395604e+00
2.15677656e+00
2.13802198e+00
2.33807082e+00
2.12083028e+00
2.15990232e+00
2.14349206e+00
2.32791209e+00
2.14271062e+00
2.14661783e+00
2.15052503e+00
2.33572650e+00
2.39980464e+00
2.39980464e+00
2.14349206e+00
2.33572650e+00
2.14661783e+00
2.16693529e+00
2.14349206e+00
2.35291819e+00
2.16380952e+00
2.14505495e+00
2.19428571e+00
2.35135531e+00
2.15912088e+00
2.16146520e+00
2.16537241e+00
2.28649573e+00
2.15443223e+00
2.12395604e+00
2.38573871e+00
2.62095238e+00
2.22476190e+00
2.14349206e+00
2.19975580e+00
2.34041514e+00
2.32713065e+00
2.14036630e+00
2.14036630e+00
2.36542125e+00
2.32947497e+00
2.14583639e+00
2.14818071e+00
2.35213675e+00
2.34041514e+00
2.14896215e+00
2.13489621e+00
2.35369963e+00
2.59907204e+00
2.15130647e+00
2.40761905e+00
2.32869353e+00
2.32947497e+00
2.14505495e+00
2.19663004e+00
2.27477411e+00
2.33338217e+00
2.17396825e+00
2.16302808e+00
2.18803419e+00
2.32478632e+00
2.13489621e+00
2.15208791e+00
2.13489621e+00
2.36854701e+00
2.14974359e+00
2.17006105e+00
2.38652015e+00
2.60766789e+00
2.16068376e+00
2.13098901e+00
2.13724054e+00
2.31540904e+00
2.14661783e+00
2.19428571e+00
2.13724054e+00
2.33338217e+00
2.14505495e+00
2.12161172e+00
2.17787546e+00
2.31540904e+00
2.15521368e+00
2.14505495e+00
2.13724054e+00
2.34354090e+00
2.39277167e+00
2.42559219e+00
2.01533578e+00
2.33963370e+00
2.12161172e+00
2.13411477e+00
2.12239316e+00
2.32166056e+00
2.15521368e+00
2.16068376e+00
2.13489621e+00
2.33650794e+00
2.15286935e+00
2.14974359e+00
2.20053724e+00
2.36151404e+00
2.14505495e+00
2.15286935e+00
2.39277167e+00
2.34510379e+00
2.17709402e+00
2.15286935e+00
2.14114774e+00
2.30915751e+00
2.14349206e+00
2.15990232e+00
2.14036630e+00
2.32791209e+00
2.15052503e+00
2.15912088e+00
2.12239316e+00
2.33260073e+00
2.15052503e+00
2.13489621e+00
2.14661783e+00
2.32556777e+00
2.14583639e+00
2.39980464e+00
2.40761905e+00
2.34744811e+00
2.11379731e+00
2.13411477e+00
2.22163614e+00
2.34979243e+00
2.15286935e+00
2.15443223e+00
2.13802198e+00
2.33260073e+00
2.32244200e+00
2.15677656e+00
2.13802198e+00
2.37089133e+00
2.32322344e+00
2.13958486e+00
2.19819292e+00
2.63501832e+00
2.62173382e+00
2.19663004e+00
2.13958486e+00
2.31697192e+00
2.31228327e+00
2.14192918e+00
2.14661783e+00
2.33260073e+00
2.32869353e+00
2.16849817e+00
2.16537241e+00
2.33728938e+00
2.33494505e+00
2.13098901e+00
2.15990232e+00
2.26930403e+00
2.32556777e+00
2.40840049e+00
2.13958486e+00
2.21694750e+00
2.34041514e+00
2.14036630e+00
2.13724054e+00
2.19272283e+00
2.34979243e+00
2.15286935e+00
2.17553114e+00
2.14271062e+00
2.30915751e+00
2.14896215e+00
2.14271062e+00
2.14349206e+00
2.33103785e+00
2.21616606e+00
2.10989011e+00
2.14036630e+00
2.60766789e+00
2.14896215e+00
2.21147741e+00
2.17474969e+00
2.32947497e+00
2.08566545e+00
2.14583639e+00
2.16459096e+00
2.33181929e+00
2.14271062e+00
2.13020757e+00
2.15052503e+00
2.29587302e+00
2.12864469e+00
2.14349206e+00
2.15521368e+00
2.32713065e+00
2.37167277e+00
2.40136752e+00
2.40293040e+00
2.33728938e+00
2.13724054e+00
2.12864469e+00
2.13567766e+00
2.33650794e+00
2.12708181e+00
2.15912088e+00
2.13411477e+00
2.33728938e+00
2.14818071e+00
2.12786325e+00
2.14505495e+00
2.33728938e+00
2.17006105e+00
2.14896215e+00
2.41934066e+00
2.61313797e+00
2.13958486e+00
2.13020757e+00
2.13724054e+00
2.35135531e+00
2.14114774e+00
2.13645910e+00
2.12786325e+00
2.32791209e+00
2.14583639e+00
2.17631258e+00
2.13645910e+00
2.33416361e+00
2.15052503e+00
2.12161172e+00
2.13411477e+00
2.34197802e+00
2.46231990e+00
2.14739927e+00
2.40840049e+00
2.37167277e+00
2.33260073e+00
2.14192918e+00
2.14271062e+00
2.34041514e+00
2.32947497e+00
2.15833944e+00
2.12942613e+00
2.34432234e+00
2.32869353e+00
2.17474969e+00
2.13411477e+00
2.32791209e+00
2.33181929e+00
2.14505495e+00
2.12161172e+00
2.59672772e+00
2.62329670e+00
2.15365079e+00
2.13724054e+00
2.30603175e+00
2.35057387e+00
2.13645910e+00
2.13411477e+00
2.25367521e+00
2.32478632e+00
2.17787546e+00
2.16927961e+00
2.14114774e+00
2.33260073e+00
2.15208791e+00
2.16146520e+00
2.14349206e+00
2.33260073e+00
2.42090354e+00
2.40214896e+00
2.14739927e+00
2.29274725e+00
2.15052503e+00
2.13567766e+00
2.14818071e+00
2.34901099e+00
2.14661783e+00
2.13411477e+00
2.16302808e+00
2.34588523e+00
2.15130647e+00
2.14739927e+00
2.14896215e+00
2.28336996e+00
2.17084249e+00
2.13724054e+00
2.37479853e+00
2.32791209e+00
2.13880342e+00
2.02002442e+00
2.12317460e+00
2.37323565e+00
2.14739927e+00
2.13958486e+00
2.15755800e+00
2.33807082e+00
2.14505495e+00
2.14114774e+00
2.14192918e+00
2.31619048e+00
2.12786325e+00
2.16068376e+00
2.13177045e+00
2.34979243e+00
2.13489621e+00
2.39980464e+00
2.39199023e+00
2.35448107e+00
2.12786325e+00
2.14427350e+00
2.13020757e+00
2.32322344e+00
2.14739927e+00
2.14583639e+00
2.16459096e+00
2.34275946e+00
2.15130647e+00
2.14036630e+00
2.14114774e+00
2.35213675e+00
2.15833944e+00
2.15208791e+00
2.14114774e+00
2.62564103e+00
2.41777778e+00
2.15912088e+00
2.14896215e+00
2.34510379e+00
2.11614164e+00
2.12708181e+00
2.14036630e+00
2.37401709e+00
2.15833944e+00
2.13958486e+00
2.13489621e+00
2.34666667e+00
2.33260073e+00
2.14661783e+00
2.13020757e+00
2.33728938e+00
2.32869353e+00
2.47794872e+00
2.13958486e+00
2.34510379e+00
2.36776557e+00
2.14192918e+00
2.13489621e+00
2.33025641e+00
2.32713065e+00
2.14661783e+00
2.14349206e+00
2.32087912e+00
2.32478632e+00
2.22945055e+00
2.13958486e+00
2.30759463e+00
2.31931624e+00
2.14505495e+00
2.13958486e+00
2.24351648e+00
2.59985348e+00
2.39199023e+00
2.17787546e+00
2.13411477e+00
2.30681319e+00
2.13411477e+00
2.13724054e+00
2.14192918e+00
2.27477411e+00
2.15755800e+00
2.13880342e+00
2.14114774e+00
2.32556777e+00
2.12864469e+00
2.19428571e+00
2.14896215e+00
2.32322344e+00
2.13411477e+00
2.39980464e+00
2.40761905e+00
2.34588523e+00
2.13958486e+00
2.14896215e+00
2.15052503e+00
2.32087912e+00
2.14583639e+00
2.13880342e+00
2.16302808e+00
2.33416361e+00
2.10520147e+00
2.13724054e+00
2.10051282e+00
2.34197802e+00
2.15208791e+00
2.15365079e+00
2.16224664e+00
2.62876679e+00
2.42793651e+00
2.12708181e+00
2.13724054e+00
2.34041514e+00
2.10051282e+00
2.11536020e+00
2.13098901e+00
2.35838828e+00
2.13802198e+00
2.15990232e+00
2.14974359e+00
2.33494505e+00
2.13880342e+00
2.14427350e+00
2.13255189e+00
2.35135531e+00
2.15833944e+00
2.14271062e+00
2.39980464e+00
2.64986569e+00
2.13567766e+00
2.13411477e+00
2.19741148e+00
2.33728938e+00
2.16615385e+00
2.15521368e+00
2.13724054e+00
2.36229548e+00
2.15130647e+00
2.15130647e+00
2.14427350e+00
2.33181929e+00
2.14505495e+00
2.14271062e+00
2.13724054e+00
2.33807082e+00
2.43653236e+00
2.40918193e+00
2.14349206e+00
2.31540904e+00
2.32634921e+00
2.15443223e+00
2.16927961e+00
2.33103785e+00
2.31697192e+00
2.13880342e+00
2.15755800e+00
2.34119658e+00
2.32791209e+00
2.14974359e+00
2.14505495e+00
2.34744811e+00
2.30837607e+00
2.14349206e+00
2.39042735e+00
2.62876679e+00
2.33025641e+00
2.15365079e+00
2.13177045e+00
2.28727717e+00
2.31150183e+00
2.16224664e+00
2.14974359e+00
2.20757021e+00
2.36229548e+00
2.14349206e+00
2.15755800e+00
2.12395604e+00
2.32166056e+00
2.14271062e+00
2.13958486e+00
2.10989011e+00
2.33650794e+00
2.16146520e+00
2.39980464e+00
2.17006105e+00
2.32869353e+00
2.15990232e+00
2.13645910e+00
2.14661783e+00
2.36932845e+00
2.14974359e+00
2.15912088e+00
2.13958486e+00
2.31228327e+00
2.14114774e+00
2.13724054e+00
2.17865690e+00
2.33728938e+00
2.12786325e+00
2.13020757e+00
2.38417582e+00
2.62329670e+00
2.15052503e+00
2.13645910e+00
2.15833944e+00
2.32400488e+00
2.16927961e+00
2.14505495e+00
2.17709402e+00
2.32791209e+00
2.15052503e+00
2.17396825e+00
2.14818071e+00
2.38417582e+00
2.14583639e+00
2.14271062e+00
2.16849817e+00
2.33103785e+00
2.37714286e+00
2.40371184e+00
2.15755800e+00
2.32009768e+00
2.14349206e+00
2.13802198e+00
2.13802198e+00
2.32713065e+00
2.14661783e+00
2.15286935e+00
2.14896215e+00
2.33963370e+00
2.12317460e+00
2.13333333e+00
2.14114774e+00
2.31150183e+00
2.15677656e+00
2.14349206e+00
2.14974359e+00
2.33963370e+00
2.40840049e+00
2.14114774e+00
2.12551893e+00
2.33728938e+00
2.15052503e+00
2.14114774e+00
2.14427350e+00
2.33181929e+00
2.19272283e+00
2.14349206e+00
2.12786325e+00
2.32791209e+00
2.33728938e+00
2.11692308e+00
2.14896215e+00
2.36307692e+00
2.31619048e+00
2.42402930e+00
2.44434676e+00
2.34432234e+00
2.33572650e+00
2.13880342e+00
2.17787546e+00
2.36151404e+00
2.32869353e+00
2.14192918e+00
2.14818071e+00
2.33572650e+00
2.34744811e+00
2.14271062e+00
2.14896215e+00
2.27477411e+00
2.28805861e+00
2.18647131e+00
2.14349206e+00
2.46310134e+00
2.61470085e+00
2.13880342e+00
2.13411477e+00
2.14427350e+00
2.34588523e+00
2.14427350e+00
2.19115995e+00
2.13724054e+00
2.32400488e+00
2.17162393e+00
2.15286935e+00
2.13567766e+00
2.31228327e+00
2.14427350e+00
2.14271062e+00
2.14818071e+00
2.33963370e+00
2.41855922e+00
2.15052503e+00
2.42168498e+00
2.32947497e+00
2.13567766e+00
2.12864469e+00
2.13724054e+00
2.31619048e+00
2.13645910e+00
2.15599512e+00
2.14974359e+00
2.32869353e+00
2.13489621e+00
2.13333333e+00
2.09504274e+00
2.38417582e+00
2.13880342e+00
2.18178266e+00
2.13411477e+00
2.63032967e+00
2.40371184e+00
2.14661783e+00
2.14349206e+00
2.32166056e+00
2.09973138e+00
2.13098901e+00
2.16380952e+00
2.36776557e+00
2.16459096e+00
2.19037851e+00
2.14505495e+00
2.33494505e+00
2.15833944e+00
2.17006105e+00
2.17162393e+00
2.34041514e+00
2.15052503e+00
2.43418803e+00
2.38573871e+00
2.35448107e+00
2.16068376e+00
2.14661783e+00
2.14192918e+00
2.32166056e+00
2.15677656e+00
2.10989011e+00
2.14583639e+00
2.31462759e+00
2.17787546e+00
2.14036630e+00
2.14114774e+00
2.34119658e+00
2.16693529e+00
2.16224664e+00
2.14739927e+00
2.57562882e+00
2.33572650e+00
2.13645910e+00
2.14739927e+00
2.38183150e+00
2.29118437e+00
2.13724054e+00
2.14349206e+00
2.33494505e+00
2.37245421e+00
2.19350427e+00
2.14349206e+00
2.32791209e+00
2.33807082e+00
2.18256410e+00
2.13411477e+00
2.32634921e+00
2.34588523e+00
2.12473748e+00
2.40683761e+00
2.59047619e+00
2.60063492e+00
2.14192918e+00
2.14349206e+00
2.25211233e+00
2.33103785e+00
2.15599512e+00
2.16224664e+00
2.14974359e+00
2.33103785e+00
2.15677656e+00
2.13880342e+00
2.17474969e+00
2.35369963e+00
2.14896215e+00
2.13411477e+00
2.14271062e+00
2.31150183e+00
2.41777778e+00
2.39980464e+00
2.11301587e+00
2.34744811e+00
2.13411477e+00
2.12630037e+00
2.17006105e+00
2.35604396e+00
2.14192918e+00
2.18490842e+00
2.13567766e+00
2.33025641e+00
2.19663004e+00
2.13724054e+00
2.16224664e+00
2.32166056e+00
2.14036630e+00
2.12239316e+00
2.40371184e+00
2.41543346e+00
2.19115995e+00
2.18412698e+00
2.17474969e+00
2.32400488e+00
2.15208791e+00
2.19663004e+00
2.15677656e+00
2.35057387e+00
2.14661783e+00
2.14974359e+00
2.13880342e+00
2.35291819e+00
2.15677656e+00
2.13802198e+00
2.18100122e+00
2.32556777e+00
2.16615385e+00
2.40527473e+00
2.42481074e+00
2.34666667e+00
2.14739927e+00
2.13645910e+00
2.15755800e+00
2.33103785e+00
2.16224664e+00
2.15833944e+00
2.14036630e+00
2.31384615e+00
2.14974359e+00
2.16537241e+00
2.13567766e+00
2.34041514e+00
2.14974359e+00
2.13724054e+00
2.18021978e+00
2.62798535e+00
2.40840049e+00
2.14427350e+00
2.13724054e+00
2.31775336e+00
2.19037851e+00
2.14896215e+00
2.12083028e+00
2.34041514e+00
2.34354090e+00
2.19506716e+00
2.14036630e+00
2.34666667e+00
2.32947497e+00
2.14661783e+00
2.15521368e+00
2.34901099e+00
2.33885226e+00
2.40371184e+00
2.17553114e+00
2.35135531e+00
2.32713065e+00
2.12942613e+00
2.14036630e+00
2.32166056e+00
2.32009768e+00
2.13411477e+00
2.13411477e+00
2.29196581e+00
2.32791209e+00
2.12630037e+00
2.15052503e+00
2.19037851e+00
2.32478632e+00
2.14583639e+00
2.15521368e+00
2.14427350e+00
2.60766789e+00
2.40918193e+00
2.17162393e+00
2.14661783e+00
2.34041514e+00
2.14349206e+00
2.13724054e+00
2.14114774e+00
2.35526252e+00
2.14349206e+00
2.14505495e+00
2.14896215e+00
2.32478632e+00
2.18647131e+00
2.16302808e+00
2.11223443e+00
2.35057387e+00
2.12551893e+00
2.43028083e+00
2.40136752e+00
2.37167277e+00
2.15052503e+00
2.14583639e+00
2.18178266e+00
2.33338217e+00
2.16459096e+00
2.13567766e+00
2.14583639e+00
2.33103785e+00
2.14114774e+00
2.16771673e+00
2.14036630e+00
2.32322344e+00
2.14036630e+00
2.13880342e+00
2.14036630e+00
2.61001221e+00
2.14818071e+00
2.13489621e+00
2.16302808e+00
2.33338217e+00
2.14505495e+00
2.15052503e+00
2.14427350e+00
2.32713065e+00
2.14974359e+00
2.14974359e+00
2.14739927e+00
2.33181929e+00
2.13724054e+00
2.14271062e+00
2.15599512e+00
2.33885226e+00
2.10989011e+00
2.15286935e+00
2.39980464e+00
2.61704518e+00
2.18881563e+00
2.12786325e+00
2.13567766e+00
2.33807082e+00
2.15208791e+00
2.13802198e+00
2.19819292e+00
2.33338217e+00
2.20991453e+00
2.13020757e+00
2.13567766e+00
2.30212454e+00
2.20444444e+00
2.14661783e+00
2.14818071e+00
2.35135531e+00
2.60610501e+00
2.40293040e+00
2.14349206e+00
2.34041514e+00
2.32869353e+00
2.06222222e+00
2.14505495e+00
2.33025641e+00
2.32634921e+00
2.14739927e+00
2.15130647e+00
2.34901099e+00
2.31619048e+00
2.14349206e+00
2.17084249e+00
2.36698413e+00
2.32791209e+00
2.13020757e+00
2.41543346e+00
2.55921856e+00
2.30603175e+00
2.14271062e+00
2.14192918e+00
2.17943834e+00
2.29040293e+00
2.13411477e+00
2.14114774e+00
2.13645910e+00
2.33650794e+00
2.17787546e+00
2.15990232e+00
2.14114774e+00
2.38105006e+00
2.13802198e+00
2.21147741e+00
2.18490842e+00
2.33338217e+00
2.37714286e+00
2.19897436e+00
2.14036630e+00
2.30603175e+00
2.14661783e+00
2.17787546e+00
2.13724054e+00
2.32087912e+00
2.14896215e+00
2.14192918e+00
2.16537241e+00
2.33885226e+00
2.14271062e+00
2.11223443e+00
2.14349206e+00
2.35916972e+00
2.14271062e+00
2.37714286e+00
2.40996337e+00
2.35291819e+00
2.14114774e+00
2.14192918e+00
2.17162393e+00
2.32087912e+00
2.14192918e+00
2.14739927e+00
2.14661783e+00
2.35760684e+00
2.16537241e+00
2.13724054e+00
2.15521368e+00
2.35135531e+00
2.14739927e+00
2.12708181e+00
2.14271062e+00
2.59203907e+00
2.40371184e+00
2.15912088e+00
2.15912088e+00
2.33728938e+00
2.12161172e+00
2.12864469e+00
2.14974359e+00
2.30525031e+00
2.14661783e+00
2.12473748e+00
2.14505495e+00
2.32009768e+00
2.14661783e+00
2.14505495e+00
2.12004884e+00
2.34197802e+00
2.14114774e+00
2.38652015e+00
2.14818071e+00
2.35057387e+00
2.14583639e+00
2.11457875e+00
2.13724054e+00
2.33494505e+00
2.22163614e+00
2.14661783e+00
2.19272283e+00
2.38652015e+00
2.31228327e+00
2.12161172e+00
2.14427350e+00
2.32478632e+00
2.33572650e+00
2.14271062e+00
2.13255189e+00
2.34666667e+00
2.61548230e+00
2.41074481e+00
2.14349206e+00
2.31150183e+00
2.33416361e+00
2.14036630e+00
2.18568987e+00
2.32634921e+00
2.31462759e+00
2.10520147e+00
2.13724054e+00
2.27477411e+00
2.32634921e+00
2.14036630e+00
2.14661783e+00
2.18334554e+00
2.31462759e+00
2.14661783e+00
2.39980464e+00
2.44825397e+00
2.33338217e+00
2.16615385e+00
2.13645910e+00
2.14349206e+00
2.33416361e+00
2.11848596e+00
2.13255189e+00
2.14661783e+00
2.33181929e+00
2.18256410e+00
2.19975580e+00
2.12551893e+00
2.33025641e+00
2.13489621e+00
2.14427350e+00
2.13567766e+00
2.60297924e+00
2.14036630e+00
2.15052503e+00
2.13958486e+00
2.31462759e+00
2.12786325e+00
2.14974359e+00
2.12395604e+00
2.32478632e+00
2.19897436e+00
2.14505495e+00
2.16459096e+00
2.33338217e+00
2.13802198e+00
2.15521368e+00
2.12083028e+00
2.33728938e+00
2.14505495e+00
2.14349206e+00
2.44981685e+00
2.35057387e+00
2.14349206e+00
2.10832723e+00
2.13802198e+00
2.34901099e+00
2.18256410e+00
2.14583639e+00
2.13724054e+00
2.32087912e+00
2.14583639e+00
2.15677656e+00
2.15443223e+00
2.36776557e+00
2.18725275e+00
2.13333333e+00
2.16459096e+00
2.59907204e+00
2.41074481e+00
2.14974359e+00
2.14974359e+00
2.32791209e+00
2.16927961e+00
2.18490842e+00
2.13333333e+00
2.34588523e+00
2.16068376e+00
2.14974359e+00
2.15443223e+00
2.34354090e+00
2.14114774e+00
2.17553114e+00
2.14661783e+00
2.33572650e+00
2.20366300e+00
2.42168498e+00
2.40527473e+00
2.35526252e+00
2.37167277e+00
2.14974359e+00
2.13645910e+00
2.32087912e+00
2.32869353e+00
2.16380952e+00
2.14974359e+00
2.34197802e+00
2.34275946e+00
2.14427350e+00
2.14271062e+00
2.33885226e+00
2.32244200e+00
2.14036630e+00
2.14114774e+00
2.56390720e+00
2.33416361e+00
2.41855922e+00
2.19975580e+00
2.28884005e+00
2.32478632e+00
2.18803419e+00
2.14114774e+00
2.21382173e+00
2.33494505e+00
2.12864469e+00
2.12473748e+00
2.15286935e+00
2.31853480e+00
2.14427350e+00
2.14036630e+00
2.14974359e+00
2.33963370e+00
2.13567766e+00
2.39199023e+00
2.40527473e+00
2.32869353e+00
2.14114774e+00
2.21772894e+00
2.14583639e+00
2.33181929e+00
2.15443223e+00
2.14036630e+00
2.12395604e+00
2.32556777e+00
2.16380952e+00
2.11536020e+00
2.14427350e+00
2.31306471e+00
2.16537241e+00
2.11301587e+00
2.12395604e+00
2.60297924e+00
2.40683761e+00
2.13958486e+00
2.15286935e+00
2.29118437e+00
2.17709402e+00
2.14349206e+00
2.13489621e+00
2.33181929e+00
2.16771673e+00
2.14505495e+00
2.13880342e+00
2.33807082e+00
2.16849817e+00
2.13802198e+00
2.13958486e+00
2.35291819e+00
2.13958486e+00
2.38808303e+00
2.18490842e+00
2.34197802e+00
2.17240537e+00
2.13802198e+00
2.13802198e+00
2.32869353e+00
2.11379731e+00
2.15443223e+00
2.14661783e+00
2.35448107e+00
2.13098901e+00
2.14271062e+00
2.13411477e+00
2.33494505e+00
2.14739927e+00
2.11301587e+00
2.15677656e+00
2.60532357e+00
2.40918193e+00
2.39980464e+00
2.14661783e+00
2.31931624e+00
2.14427350e+00
2.14036630e+00
2.14036630e+00
2.34901099e+00
2.24507937e+00
2.14661783e+00
2.14583639e+00
2.33728938e+00
2.36229548e+00
2.14114774e+00
2.13958486e+00
2.34354090e+00
2.32713065e+00
2.13958486e+00
2.42871795e+00
2.61313797e+00
2.33728938e+00
2.12473748e+00
2.13411477e+00
2.33260073e+00
2.32556777e+00
2.14114774e+00
2.14114774e+00
2.32087912e+00
2.33807082e+00
2.14427350e+00
2.14349206e+00
2.26070818e+00
2.30056166e+00
2.13333333e+00
2.13724054e+00
2.15990232e+00
2.59594628e+00
2.13567766e+00
2.13333333e+00
2.16224664e+00
2.32947497e+00
2.12786325e+00
2.15912088e+00
2.14271062e+00
2.35291819e+00
2.15365079e+00
2.13333333e+00
2.10989011e+00
2.33416361e+00
2.16146520e+00
2.13411477e+00
2.14896215e+00
2.30212454e+00
2.14974359e+00
2.15130647e+00
2.39980464e+00
2.33494505e+00
2.14505495e+00
2.14427350e+00
2.12864469e+00
2.33963370e+00
2.14427350e+00
2.15365079e+00
2.12786325e+00
2.32400488e+00
2.13880342e+00
2.14036630e+00
2.14505495e+00
2.33416361e+00
2.13645910e+00
2.16146520e+00
2.13333333e+00
2.31150183e+00
2.39433455e+00
2.40683761e+00
2.15208791e+00
2.30603175e+00
2.15286935e+00
2.14192918e+00
2.19506716e+00
2.33963370e+00
2.14349206e+00
2.16224664e+00
2.13802198e+00
2.32400488e+00
2.17553114e+00
2.07863248e+00
2.10285714e+00
2.33416361e+00
2.13724054e+00
2.15833944e+00
2.41074481e+00
2.68346764e+00
2.16224664e+00
2.13958486e+00
2.14036630e+00
2.24664225e+00
2.15599512e+00
2.14114774e+00
2.13333333e+00
2.33572650e+00
2.13880342e+00
2.21069597e+00
2.14427350e+00
2.33494505e+00
2.17006105e+00
2.17162393e+00
2.19897436e+00
2.34666667e+00
2.32791209e+00
2.42949939e+00
2.14036630e+00
2.35213675e+00
2.33260073e+00
2.13724054e+00
2.14114774e+00
2.34744811e+00
2.33650794e+00
2.14036630e+00
2.11848596e+00
2.34041514e+00
2.30525031e+00
2.12161172e+00
2.14974359e+00
2.33728938e+00
2.33181929e+00
2.15130647e+00
2.40918193e+00
2.59203907e+00
2.23648352e+00
2.13724054e+00
2.16146520e+00
2.24507937e+00
2.32869353e+00
2.12551893e+00
2.14818071e+00
2.12708181e+00
2.33338217e+00
2.14661783e+00
2.17162393e+00
2.13489621e+00
2.32478632e+00
2.16615385e+00
2.14739927e+00
2.12786325e+00
2.57484737e+00
2.41230769e+00
2.14114774e+00
2.15208791e+00
2.33572650e+00
2.15677656e+00
2.12786325e+00
2.13567766e+00
2.32947497e+00
2.14661783e+00
2.14661783e+00
2.13098901e+00
2.32478632e+00
2.14036630e+00
2.16146520e+00
2.14427350e+00
2.33338217e+00
2.12942613e+00
2.39746032e+00
2.12864469e+00
2.34119658e+00
2.10676435e+00
2.14036630e+00
2.13333333e+00
2.29743590e+00
2.14505495e+00
2.14114774e+00
2.13724054e+00
2.37479853e+00
2.13020757e+00
2.14427350e+00
2.15912088e+00
2.36151404e+00
2.14192918e+00
2.13802198e+00
2.14818071e+00
2.32947497e+00
2.38417582e+00
2.41387057e+00
2.17709402e+00
2.33181929e+00
2.08644689e+00
2.14114774e+00
2.14427350e+00
2.34979243e+00
2.15365079e+00
2.19428571e+00
2.12786325e+00
2.33103785e+00
2.18256410e+00
2.14818071e+00
2.13098901e+00
2.33728938e+00
2.14505495e+00
2.14036630e+00
2.39589744e+00
2.65299145e+00
2.07238095e+00
2.14583639e+00
2.14114774e+00
2.35526252e+00
2.17474969e+00
2.11536020e+00
2.14036630e+00
2.31931624e+00
2.33728938e+00
2.13645910e+00
2.16146520e+00
2.35916972e+00
2.32713065e+00
2.13333333e+00
2.20522589e+00
2.34119658e+00
2.59672772e+00
2.12473748e+00
2.12864469e+00
2.36932845e+00
2.30915751e+00
2.13411477e+00
2.13411477e+00
2.31931624e+00
2.32322344e+00
2.13333333e+00
2.14583639e+00
2.35057387e+00
2.33885226e+00
2.14583639e+00
2.10910867e+00
2.25211233e+00
2.35291819e+00
2.13411477e+00
2.19741148e+00
