2.82490842e+00
2.81631258e+00
3.03199023e+00
2.84444444e+00
2.83819292e+00
2.81162393e+00
3.02730159e+00
2.83506716e+00
2.81943834e+00
2.82725275e+00
3.20000000e+00
3.00307692e+00
2.84600733e+00
2.84522589e+00
3.01792430e+00
2.83115995e+00
2.82490842e+00
2.82412698e+00
3.02573871e+00
2.83663004e+00
2.85225885e+00
2.82100122e+00
3.01557998e+00
2.81084249e+00
2.83350427e+00
2.83194139e+00
3.02105006e+00
2.82334554e+00
3.00698413e+00
2.83115995e+00
3.03120879e+00
2.84444444e+00
2.74285714e+00
2.84991453e+00
3.03042735e+00
2.82490842e+00
2.82568987e+00
2.77489621e+00
3.01089133e+00
2.83194139e+00
2.86866911e+00
2.82647131e+00
3.01714286e+00
2.83350427e+00
2.82803419e+00
2.81474969e+00
3.20000000e+00
3.19452991e+00
2.83741148e+00
2.81787546e+00
3.02730159e+00
2.98119658e+00
2.75926740e+00
2.80459096e+00
2.99995116e+00
3.04058608e+00
2.81865690e+00
2.82568987e+00
3.05543346e+00
3.00463980e+00
2.85616606e+00
2.82490842e+00
3.00463980e+00
3.00698413e+00
2.99604396e+00
3.02417582e+00
2.96478632e+00
3.01245421e+00
2.81787546e+00
2.82490842e+00
2.88273504e+00
3.01557998e+00
2.82334554e+00
2.81943834e+00
2.80615385e+00
3.03120879e+00
2.82178266e+00
2.82725275e+00
2.81318681e+00
3.00542125e+00
2.82178266e+00
2.98744811e+00
2.99135531e+00
3.03355311e+00
2.82881563e+00
2.87413919e+00
2.81709402e+00
2.99916972e+00
2.81240537e+00
2.83428571e+00
2.84288156e+00
3.00932845e+00
2.81865690e+00
2.80615385e+00
2.81865690e+00
2.99760684e+00
2.82490842e+00
2.89914530e+00
2.83897436e+00
3.20000000e+00
2.83037851e+00
2.82334554e+00
2.82647131e+00
3.01479853e+00
2.81865690e+00
2.82256410e+00
2.82568987e+00
2.99682540e+00
2.83741148e+00
2.82021978e+00
2.80224664e+00
3.01557998e+00
2.83584860e+00
2.86788767e+00
2.82959707e+00
3.00463980e+00
2.82568987e+00
2.83506716e+00
2.99369963e+00
3.04058608e+00
2.80380952e+00
2.82412698e+00
2.81865690e+00
3.01714286e+00
2.83115995e+00
2.81084249e+00
2.79365079e+00
3.01167277e+00
2.81240537e+00
2.81631258e+00
2.88351648e+00
3.01948718e+00
2.85069597e+00
2.83663004e+00
2.82725275e+00
3.18749695e+00
3.00854701e+00
2.82881563e+00
2.81787546e+00
3.02495726e+00
2.81553114e+00
2.81865690e+00
2.82568987e+00
3.00776557e+00
2.84522589e+00
2.82490842e+00
2.84444444e+00
3.02183150e+00
3.00307692e+00
2.83115995e+00
2.82490842e+00
3.01245421e+00
3.18671551e+00
3.01792430e+00
3.00932845e+00
3.07496947e+00
3.00854701e+00
2.81631258e+00
2.86945055e+00
3.02573871e+00
3.00620269e+00
2.81865690e+00
2.80615385e+00
3.01714286e+00
3.00932845e+00
2.81240537e+00
2.84678877e+00
2.99916972e+00
3.06324786e+00
2.83272283e+00
2.99291819e+00
2.90930403e+00
3.02964591e+00
2.84131868e+00
2.83663004e+00
2.85304029e+00
3.00307692e+00
2.83194139e+00
2.85225885e+00
2.81084249e+00
2.97494505e+00
2.81162393e+00
2.79052503e+00
2.81631258e+00
3.01323565e+00
2.91868132e+00
2.84913309e+00
2.88351648e+00
2.99916972e+00
3.00620269e+00
3.00932845e+00
2.82021978e+00
3.03120879e+00
2.83350427e+00
2.82568987e+00
2.81553114e+00
3.01479853e+00
2.80537241e+00
2.83741148e+00
2.82568987e+00
3.08903541e+00
2.83037851e+00
2.89445665e+00
2.82881563e+00
3.00932845e+00
2.81631258e+00
3.00542125e+00
3.00542125e+00
2.99682540e+00
2.83350427e+00
2.79990232e+00
2.82647131e+00
3.04683761e+00
2.85147741e+00
2.82647131e+00
2.82412698e+00
3.01714286e+00
2.82568987e+00
2.80927961e+00
2.82647131e+00
3.03199023e+00
2.82881563e+00
2.81240537e+00
2.81396825e+00
3.20000000e+00
3.00698413e+00
2.82881563e+00
2.82490842e+00
3.04918193e+00
2.81084249e+00
2.80146520e+00
2.82959707e+00
3.00932845e+00
2.82334554e+00
2.83350427e+00
2.82256410e+00
3.02026862e+00
2.87804640e+00
2.79365079e+00
2.82334554e+00
3.02417582e+00
2.82725275e+00
3.04683761e+00
2.81006105e+00
3.00698413e+00
2.84991453e+00
2.83663004e+00
2.81318681e+00
3.02808303e+00
3.00932845e+00
2.84600733e+00
2.80693529e+00
3.00229548e+00
3.04214896e+00
2.83194139e+00
2.79912088e+00
3.02105006e+00
3.00463980e+00
2.80771673e+00
2.81631258e+00
3.20000000e+00
3.20000000e+00
2.85225885e+00
2.83272283e+00
3.01792430e+00
3.06168498e+00
2.82256410e+00
2.80302808e+00
3.05934066e+00
3.01010989e+00
2.81553114e+00
2.82568987e+00
2.95931624e+00
2.97650794e+00
2.81865690e+00
2.81553114e+00
2.82256410e+00
3.19140415e+00
2.99838828e+00
2.80380952e+00
2.80927961e+00
3.01557998e+00
2.87648352e+00
2.80771673e+00
2.82334554e+00
3.00932845e+00
2.83897436e+00
2.82881563e+00
2.81631258e+00
3.00932845e+00
2.84210012e+00
2.83741148e+00
2.79677656e+00
3.02183150e+00
2.82725275e+00
2.99916972e+00
3.03746032e+00
2.98979243e+00
2.83194139e+00
2.82412698e+00
2.81084249e+00
3.01401709e+00
2.81631258e+00
2.80849817e+00
2.82568987e+00
2.98744811e+00
2.82647131e+00
2.81162393e+00
2.83741148e+00
3.01870574e+00
2.82725275e+00
2.83741148e+00
3.00932845e+00
3.20000000e+00
2.83037851e+00
2.88195360e+00
2.87726496e+00
3.01714286e+00
2.82881563e+00
2.83037851e+00
2.82178266e+00
3.01089133e+00
2.84131868e+00
2.75223443e+00
2.81787546e+00
3.04761905e+00
2.81943834e+00
2.83741148e+00
2.80927961e+00
3.03589744e+00
2.82021978e+00
2.99995116e+00
3.01167277e+00
3.01167277e+00
2.81553114e+00
2.79990232e+00
2.83741148e+00
3.05934066e+00
2.82178266e+00
2.82959707e+00
2.84913309e+00
3.02183150e+00
2.80615385e+00
2.86710623e+00
2.82412698e+00
3.02105006e+00
2.82490842e+00
2.83194139e+00
2.97181929e+00
3.20000000e+00
2.91789988e+00
2.82412698e+00
2.83037851e+00
3.03589744e+00
3.00620269e+00
2.81943834e+00
2.82568987e+00
3.06246642e+00
3.00307692e+00
2.82568987e+00
2.82490842e+00
3.01557998e+00
2.99291819e+00
2.83506716e+00
2.82412698e+00
3.01010989e+00
3.20000000e+00
3.01167277e+00
2.80224664e+00
3.00229548e+00
3.02964591e+00
2.82725275e+00
2.82021978e+00
2.97416361e+00
3.00698413e+00
2.76786325e+00
2.84053724e+00
2.86788767e+00
2.98822955e+00
2.83350427e+00
2.81865690e+00
2.79599512e+00
3.01323565e+00
3.00307692e+00
3.00620269e+00
2.82256410e+00
3.01401709e+00
2.79990232e+00
2.83506716e+00
2.81240537e+00
3.02183150e+00
2.84444444e+00
2.84600733e+00
2.81084249e+00
3.01245421e+00
2.84288156e+00
2.82568987e+00
2.82412698e+00
3.01167277e+00
2.83037851e+00
2.83272283e+00
2.80302808e+00
3.20000000e+00
2.80849817e+00
2.83428571e+00
2.79990232e+00
3.02183150e+00
2.83819292e+00
2.85225885e+00
2.82178266e+00
3.01323565e+00
2.80849817e+00
2.83897436e+00
2.82490842e+00
3.01792430e+00
2.83272283e+00
2.83115995e+00
2.80693529e+00
3.02105006e+00
3.01245421e+00
3.02261294e+00
2.80380952e+00
3.03902320e+00
2.82334554e+00
2.82881563e+00
2.81865690e+00
3.01714286e+00
2.83428571e+00
2.77802198e+00
2.83272283e+00
3.03902320e+00
2.82647131e+00
2.82256410e+00
2.81631258e+00
3.01948718e+00
2.82021978e+00
2.98588523e+00
3.00463980e+00
3.02183150e+00
2.86163614e+00
2.80927961e+00
2.82490842e+00
3.01948718e+00
2.82412698e+00
2.82959707e+00
2.84600733e+00
3.02573871e+00
2.85147741e+00
2.79677656e+00
2.82647131e+00
3.01401709e+00
2.91321123e+00
2.82178266e+00
2.82256410e+00
3.19296703e+00
3.19687424e+00
2.81162393e+00
2.82725275e+00
3.03433455e+00
2.99838828e+00
2.83663004e+00
2.75145299e+00
3.01401709e+00
3.04214896e+00
2.82490842e+00
2.80615385e+00
3.03589744e+00
3.00620269e+00
2.84913309e+00
2.82568987e+00
2.95306471e+00
2.99135531e+00
2.81631258e+00
2.81631258e+00
2.97260073e+00
3.01479853e+00
2.81162393e+00
2.81865690e+00
2.90305250e+00
3.00698413e+00
2.83037851e+00
2.83741148e+00
2.82256410e+00
3.03667888e+00
2.81787546e+00
2.84210012e+00
2.79990232e+00
3.00620269e+00
2.79990232e+00
2.82412698e+00
3.00463980e+00
3.20000000e+00
2.81709402e+00
2.82178266e+00
2.83819292e+00
2.99995116e+00
2.83975580e+00
2.82256410e+00
2.83115995e+00
3.01401709e+00
2.82725275e+00
2.90461538e+00
2.82490842e+00
3.01010989e+00
2.82803419e+00
2.79912088e+00
2.81943834e+00
3.02573871e+00
3.00854701e+00
3.01010989e+00
2.84210012e+00
3.08747253e+00
2.84913309e+00
2.82490842e+00
2.82568987e+00
3.01089133e+00
2.78114774e+00
2.83506716e+00
2.81709402e+00
3.01948718e+00
2.92884005e+00
2.79990232e+00
2.82568987e+00
3.02026862e+00
2.84444444e+00
2.84757021e+00
2.98822955e+00
3.00932845e+00
2.85772894e+00
2.81709402e+00
2.82178266e+00
3.00151404e+00
2.83741148e+00
2.82021978e+00
2.84131868e+00
2.99369963e+00
2.84600733e+00
2.82100122e+00
2.84131868e+00
3.02183150e+00
2.83428571e+00
2.80537241e+00
2.82490842e+00
3.01557998e+00
2.83037851e+00
3.01245421e+00
2.90539683e+00
3.01870574e+00
2.84444444e+00
2.82568987e+00
2.79677656e+00
3.00620269e+00
2.84131868e+00
2.82490842e+00
2.81631258e+00
3.01870574e+00
2.97181929e+00
2.83037851e+00
2.84444444e+00
3.02730159e+00
2.99526252e+00
2.81396825e+00
3.00229548e+00
3.20000000e+00
2.99682540e+00
2.82803419e+00
2.84522589e+00
3.02183150e+00
2.99526252e+00
2.82490842e+00
2.81240537e+00
3.03277167e+00
3.00854701e+00
2.82021978e+00
2.82881563e+00
2.99760684e+00
2.99604396e+00
2.82490842e+00
2.84678877e+00
3.09450549e+00
3.20000000e+00
2.84288156e+00
2.82256410e+00
2.83741148e+00
2.99838828e+00
2.80927961e+00
2.82881563e+00
2.80927961e+00
3.01557998e+00
2.82490842e+00
2.82803419e+00
2.79912088e+00
3.00932845e+00
2.82412698e+00
2.82490842e+00
2.82021978e+00
3.03042735e+00
3.00307692e+00
3.03667888e+00
2.82256410e+00
3.02183150e+00
2.84053724e+00
2.81631258e+00
2.79443223e+00
3.01714286e+00
2.81943834e+00
2.81943834e+00
2.82178266e+00
3.01714286e+00
2.83194139e+00
2.80615385e+00
2.80302808e+00
3.01557998e+00
2.86554335e+00
2.82100122e+00
2.79599512e+00
3.20000000e+00
2.86241758e+00
2.83115995e+00
2.82178266e+00
3.03042735e+00
2.80380952e+00
2.83037851e+00
2.88586081e+00
3.01636142e+00
2.81709402e+00
2.87101343e+00
2.82725275e+00
3.00776557e+00
2.82959707e+00
2.83741148e+00
2.79365079e+00
3.01401709e+00
3.03120879e+00
3.00620269e+00
2.81006105e+00
2.99604396e+00
2.83115995e+00
2.82334554e+00
2.82725275e+00
3.00932845e+00
2.79990232e+00
2.82178266e+00
2.84444444e+00
3.01557998e+00
2.82100122e+00
2.83350427e+00
2.82568987e+00
3.01792430e+00
2.82100122e+00
2.99995116e+00
2.95931624e+00
3.03511600e+00
2.87335775e+00
2.82178266e+00
2.83037851e+00
3.00229548e+00
3.00932845e+00
2.82881563e+00
2.82803419e+00
3.02105006e+00
3.00385836e+00
2.83506716e+00
2.81553114e+00
3.02808303e+00
3.01010989e+00
2.87726496e+00
2.82568987e+00
3.20000000e+00
3.20000000e+00
2.83428571e+00
2.78583639e+00
3.01167277e+00
3.03355311e+00
2.83194139e+00
2.83584860e+00
3.02339438e+00
3.01948718e+00
2.81474969e+00
2.81865690e+00
2.93196581e+00
3.05387057e+00
2.82803419e+00
2.81240537e+00
2.82803419e+00
2.99291819e+00
2.84835165e+00
3.00620269e+00
2.87726496e+00
3.01167277e+00
2.84522589e+00
2.80615385e+00
2.81631258e+00
3.01245421e+00
2.82725275e+00
2.79990232e+00
2.82490842e+00
3.00698413e+00
2.82490842e+00
2.82100122e+00
2.83428571e+00
2.99291819e+00
2.82647131e+00
2.82647131e+00
2.99369963e+00
3.20000000e+00
2.86866911e+00
2.83506716e+00
2.81865690e+00
3.00932845e+00
2.87257631e+00
2.79443223e+00
2.82256410e+00
3.01089133e+00
2.82256410e+00
2.81631258e+00
2.82490842e+00
3.00932845e+00
2.84288156e+00
2.82725275e+00
2.86945055e+00
3.20000000e+00
3.00463980e+00
3.03511600e+00
2.81943834e+00
3.01870574e+00
2.82803419e+00
2.82412698e+00
2.87804640e+00
3.02183150e+00
2.85304029e+00
2.79365079e+00
2.82725275e+00
2.99995116e+00
2.81943834e+00
2.80302808e+00
2.82490842e+00
3.01714286e+00
2.83037851e+00
3.00463980e+00
3.01089133e+00
3.03199023e+00
2.82725275e+00
2.83115995e+00
2.83272283e+00
2.98666667e+00
2.84131868e+00
2.82412698e+00
2.85694750e+00
3.02261294e+00
2.83741148e+00
2.83428571e+00
2.82803419e+00
3.04918193e+00
2.84444444e+00
2.81943834e+00
2.98666667e+00
3.01323565e+00
3.08669109e+00
2.83741148e+00
2.81631258e+00
3.04449328e+00
3.00542125e+00
2.77255189e+00
2.85382173e+00
3.11638584e+00
3.02886447e+00
2.82803419e+00
2.82334554e+00
3.02026862e+00
3.00229548e+00
2.93274725e+00
2.82412698e+00
3.00854701e+00
3.18202686e+00
3.01792430e+00
2.89289377e+00
2.99995116e+00
3.01870574e+00
2.82100122e+00
2.82334554e+00
2.97728938e+00
3.01323565e+00
2.79990232e+00
2.82256410e+00
2.85460317e+00
3.04996337e+00
2.82490842e+00
2.84913309e+00
2.82412698e+00
3.01167277e+00
2.86476190e+00
2.99995116e+00
3.00385836e+00
3.00776557e+00
2.81553114e+00
2.84600733e+00
2.82725275e+00
2.99682540e+00
2.82412698e+00
2.84991453e+00
2.83194139e+00
3.01479853e+00
2.82881563e+00
2.82412698e+00
2.84366300e+00
3.00854701e+00
2.82725275e+00
2.92805861e+00
3.01557998e+00
3.20000000e+00
2.81709402e+00
2.83741148e+00
2.81240537e+00
3.03042735e+00
2.83350427e+00
2.83897436e+00
2.83350427e+00
3.00932845e+00
2.82256410e+00
2.81240537e+00
2.80771673e+00
3.00307692e+00
2.79990232e+00
2.80927961e+00
2.86398046e+00
3.06012210e+00
3.03199023e+00
2.82021978e+00
2.81318681e+00
3.03824176e+00
2.85304029e+00
2.82725275e+00
2.81865690e+00
2.99682540e+00
2.81474969e+00
2.81240537e+00
2.82568987e+00
3.02808303e+00
2.83975580e+00
2.82178266e+00
2.85382173e+00
3.02026862e+00
2.82803419e+00
2.82803419e+00
3.01401709e+00
3.20000000e+00
2.84444444e+00
2.82100122e+00
2.82725275e+00
3.04840049e+00
2.85225885e+00
2.83975580e+00
2.82725275e+00
3.04605617e+00
2.81006105e+00
2.80146520e+00
2.81006105e+00
3.01636142e+00
2.84757021e+00
2.84366300e+00
2.82256410e+00
3.18905983e+00
3.18437118e+00
2.84366300e+00
2.83741148e+00
3.04449328e+00
3.01479853e+00
2.83350427e+00
2.82021978e+00
3.01479853e+00
3.00854701e+00
2.82412698e+00
2.82568987e+00
3.05387057e+00
3.07809524e+00
2.80693529e+00
2.84678877e+00
3.01479853e+00
3.02964591e+00
2.98588523e+00
2.94681319e+00
3.00698413e+00
2.98744811e+00
2.83897436e+00
2.82725275e+00
2.93274725e+00
3.01479853e+00
2.83741148e+00
2.82100122e+00
2.81631258e+00
2.98510379e+00
2.81553114e+00
2.82490842e+00
2.78583639e+00
3.00385836e+00
2.86241758e+00
2.99760684e+00
3.03589744e+00
3.00776557e+00
2.81943834e+00
2.89054945e+00
2.81240537e+00
3.11013431e+00
2.79990232e+00
2.82803419e+00
2.82647131e+00
3.01010989e+00
2.83115995e+00
2.82334554e+00
2.83975580e+00
3.03980464e+00
2.81943834e+00
2.86554335e+00
2.83194139e+00
3.00229548e+00
2.81162393e+00
2.81084249e+00
2.82334554e+00
3.00698413e+00
2.84131868e+00
2.84210012e+00
2.82178266e+00
2.98822955e+00
2.83194139e+00
2.82490842e+00
2.83115995e+00
3.01245421e+00
2.81631258e+00
2.83428571e+00
2.83350427e+00
3.04136752e+00
2.97807082e+00
3.00698413e+00
2.89523810e+00
3.03120879e+00
2.85304029e+00
2.82881563e+00
2.81474969e+00
2.99760684e+00
2.82412698e+00
2.79208791e+00
2.82725275e+00
3.04527473e+00
2.80146520e+00
2.82881563e+00
2.79755800e+00
3.00932845e+00
2.82412698e+00
2.85225885e+00
3.00620269e+00
3.17890110e+00
2.82412698e+00
2.81240537e+00
2.83897436e+00
3.01792430e+00
2.82021978e+00
2.82490842e+00
2.81709402e+00
3.04527473e+00
2.84288156e+00
2.76317460e+00
2.81787546e+00
3.03355311e+00
2.85538462e+00
2.83115995e+00
2.81865690e+00
3.19374847e+00
3.19374847e+00
2.78896215e+00
2.81787546e+00
3.02652015e+00
3.01167277e+00
2.82334554e+00
2.83037851e+00
3.03667888e+00
2.98901099e+00
2.82725275e+00
2.83115995e+00
3.00229548e+00
3.01245421e+00
2.83272283e+00
2.82803419e+00
3.01089133e+00
3.00620269e+00
2.99995116e+00
2.84444444e+00
2.96791209e+00
3.06246642e+00
2.82647131e+00
2.81943834e+00
2.88429792e+00
3.02026862e+00
2.82725275e+00
2.80302808e+00
2.81631258e+00
2.99135531e+00
2.82256410e+00
2.85460317e+00
2.79365079e+00
3.00776557e+00
2.81318681e+00
2.82256410e+00
2.81865690e+00
3.15311355e+00
2.81162393e+00
2.81318681e+00
2.83428571e+00
3.06481074e+00
2.83506716e+00
2.83428571e+00
2.84053724e+00
3.01089133e+00
2.84131868e+00
2.83741148e+00
2.83115995e+00
3.03746032e+00
2.85538462e+00
2.82178266e+00
2.86163614e+00
3.01557998e+00
3.02808303e+00
3.00932845e+00
2.89133089e+00
3.02417582e+00
2.79677656e+00
2.78974359e+00
2.80927961e+00
3.00620269e+00
2.83819292e+00
2.82881563e+00
2.80537241e+00
3.03746032e+00
2.83350427e+00
2.80146520e+00
2.81474969e+00
3.00151404e+00
2.82725275e+00
2.80380952e+00
3.00620269e+00
3.00542125e+00
2.83194139e+00
2.82178266e+00
2.81240537e+00
2.99995116e+00
2.83115995e+00
2.85460317e+00
2.82412698e+00
3.02808303e+00
2.82412698e+00
2.82178266e+00
2.82412698e+00
3.02730159e+00
2.83350427e+00
2.82334554e+00
2.82490842e+00
3.20000000e+00
2.88195360e+00
2.79677656e+00
2.82100122e+00
3.01948718e+00
2.84835165e+00
2.82959707e+00
2.79365079e+00
3.01167277e+00
2.84210012e+00
2.83115995e+00
2.82100122e+00
3.02183150e+00
3.01792430e+00
2.82568987e+00
2.82021978e+00
3.02026862e+00
2.98901099e+00
2.80459096e+00
2.99995116e+00
3.11169719e+00
3.01557998e+00
2.86319902e+00
2.79912088e+00
3.02495726e+00
3.02808303e+00
2.82490842e+00
2.86710623e+00
2.99838828e+00
3.00620269e+00
2.83037851e+00
2.81396825e+00
2.95462759e+00
3.00073260e+00
2.82568987e+00
2.85069597e+00
3.09997558e+00
3.20000000e+00
2.82568987e+00
2.80927961e+00
2.77177045e+00
3.01010989e+00
2.84678877e+00
2.81709402e+00
2.82647131e+00
3.02417582e+00
2.82412698e+00
2.82100122e+00
2.83115995e+00
3.01401709e+00
2.83115995e+00
2.81943834e+00
2.85772894e+00
3.00542125e+00
3.00698413e+00
3.08512821e+00
2.85851038e+00
3.01479853e+00
2.80459096e+00
2.83897436e+00
2.79365079e+00
3.00229548e+00
2.82021978e+00
2.83506716e+00
2.84366300e+00
3.01636142e+00
2.81943834e+00
2.81865690e+00
2.83350427e+00
3.00620269e+00
2.79990232e+00
3.00307692e+00
3.01323565e+00
3.01245421e+00
2.85382173e+00
2.85772894e+00
2.82490842e+00
3.00854701e+00
2.84366300e+00
2.83506716e+00
2.82412698e+00
3.01870574e+00
2.85382173e+00
2.77411477e+00
2.82490842e+00
3.01714286e+00
2.81865690e+00
2.83037851e+00
2.90852259e+00
3.01870574e+00
3.00620269e+00
3.01245421e+00
2.81240537e+00
3.01167277e+00
2.81006105e+00
2.81240537e+00
2.82647131e+00
3.02573871e+00
2.84366300e+00
2.82647131e+00
2.82412698e+00
3.02183150e+00
2.79443223e+00
2.81709402e+00
2.82178266e+00
3.04996337e+00
2.83272283e+00
3.02261294e+00
2.98510379e+00
3.07028083e+00
2.86241758e+00
2.81553114e+00
2.81553114e+00
3.05777778e+00
2.99995116e+00
2.81553114e+00
2.82568987e+00
3.02261294e+00
2.96634921e+00
2.82256410e+00
2.89914530e+00
3.02730159e+00
3.01557998e+00
2.83975580e+00
2.82959707e+00
3.20000000e+00
3.20000000e+00
2.86632479e+00
2.83819292e+00
3.01245421e+00
3.00620269e+00
2.86710623e+00
2.84600733e+00
2.98744811e+00
3.01089133e+00
2.85147741e+00
2.83975580e+00
2.93978022e+00
2.99369963e+00
2.81709402e+00
2.83037851e+00
2.82803419e+00
3.00307692e+00
3.01089133e+00
2.82256410e+00
2.83663004e+00
3.01948718e+00
2.80224664e+00
2.84444444e+00
2.82568987e+00
3.03042735e+00
2.82725275e+00
2.80771673e+00
2.83663004e+00
3.01245421e+00
2.82568987e+00
2.83506716e+00
2.82881563e+00
3.06481074e+00
2.82725275e+00
2.82568987e+00
2.99682540e+00
3.19296703e+00
2.87492063e+00
2.83741148e+00
2.81396825e+00
3.01870574e+00
2.81709402e+00
2.84835165e+00
2.82256410e+00
3.01167277e+00
2.82334554e+00
2.80615385e+00
2.82178266e+00
3.03746032e+00
2.82725275e+00
2.80849817e+00
2.86085470e+00
3.00385836e+00
3.01245421e+00
3.00542125e+00
2.82256410e+00
3.02495726e+00
2.81787546e+00
2.82568987e+00
2.81943834e+00
3.01167277e+00
2.84288156e+00
2.85147741e+00
2.83350427e+00
3.04605617e+00
2.83272283e+00
2.82803419e+00
2.81318681e+00
3.01792430e+00
2.87413919e+00
2.99526252e+00
2.97885226e+00
3.04371184e+00
2.82490842e+00
2.81709402e+00
2.83741148e+00
3.02808303e+00
2.80849817e+00
2.83115995e+00
2.79755800e+00
3.03511600e+00
2.82021978e+00
2.83819292e+00
2.82803419e+00
3.06949939e+00
2.84913309e+00
2.81865690e+00
2.82881563e+00
3.20000000e+00
3.00854701e+00
2.83663004e+00
2.85147741e+00
3.06246642e+00
3.01792430e+00
2.79912088e+00
2.79755800e+00
3.04371184e+00
2.99995116e+00
2.81943834e+00
2.83975580e+00
3.05543346e+00
3.01089133e+00
2.79286935e+00
2.83115995e+00
3.03980464e+00
3.05074481e+00
2.99760684e+00
2.95540904e+00
3.19062271e+00
3.02886447e+00
2.80537241e+00
2.81162393e+00
2.95228327e+00
3.00307692e+00
2.82725275e+00
2.89601954e+00
2.85616606e+00
2.99448107e+00
2.82568987e+00
2.82256410e+00
2.81553114e+00
2.99291819e+00
2.87882784e+00
2.82334554e+00
3.00307692e+00
3.20000000e+00
2.83350427e+00
2.82334554e+00
2.82959707e+00
3.01089133e+00
2.81162393e+00
2.82803419e+00
2.82803419e+00
3.02026862e+00
2.84131868e+00
2.82803419e+00
2.83428571e+00
3.00307692e+00
2.81631258e+00
2.85069597e+00
2.83741148e+00
3.01948718e+00
3.01948718e+00
3.03199023e+00
2.84210012e+00
2.99916972e+00
2.82256410e+00
2.80302808e+00
2.82178266e+00
3.04918193e+00
2.80537241e+00
2.82100122e+00
2.90617827e+00
3.01245421e+00
2.88429792e+00
2.88976801e+00
2.81787546e+00
3.01401709e+00
2.83350427e+00
3.02730159e+00
2.84522589e+00
3.02026862e+00
2.84757021e+00
2.82334554e+00
2.85304029e+00
3.01636142e+00
2.83350427e+00
2.83741148e+00
2.84600733e+00
3.02339438e+00
2.84210012e+00
2.82178266e+00
2.81787546e+00
3.02261294e+00
2.82881563e+00
2.87101343e+00
2.82803419e+00
3.02417582e+00
3.00463980e+00
3.02886447e+00
2.81162393e+00
3.03589744e+00
2.95540904e+00
2.83037851e+00
2.82490842e+00
3.01401709e+00
2.86710623e+00
2.82412698e+00
2.82178266e+00
3.04683761e+00
2.92493284e+00
2.81553114e+00
2.82100122e+00
3.02417582e+00
2.99057387e+00
2.97181929e+00
3.00932845e+00
3.03511600e+00
3.02339438e+00
2.82568987e+00
2.76551893e+00
3.02964591e+00
3.00932845e+00
2.81553114e+00
2.87570208e+00
3.09606838e+00
3.00698413e+00
2.82256410e+00
2.82881563e+00
3.01323565e+00
3.01870574e+00
2.81865690e+00
2.82725275e+00
3.14139194e+00
3.18358974e+00
2.83115995e+00
2.82256410e+00
2.85304029e+00
2.99369963e+00
2.83194139e+00
2.81474969e+00
2.83194139e+00
2.97650794e+00
2.83350427e+00
2.81006105e+00
2.81553114e+00
3.00620269e+00
2.82647131e+00
2.82178266e+00
2.85147741e+00
3.01323565e+00
2.83663004e+00
2.85147741e+00
3.01245421e+00
3.01714286e+00
2.82021978e+00
2.84522589e+00
2.82725275e+00
3.00307692e+00
2.82490842e+00
2.78974359e+00
2.81943834e+00
3.00698413e+00
2.83741148e+00
2.82178266e+00
2.79990232e+00
3.00854701e+00
2.83428571e+00
2.81553114e+00
2.99057387e+00
3.20000000e+00
2.83506716e+00
2.82256410e+00
2.83115995e+00
3.00620269e+00
2.86476190e+00
2.83272283e+00
2.82725275e+00
3.02495726e+00
2.81631258e+00
2.80224664e+00
2.82490842e+00
3.01401709e+00
2.82100122e+00
2.83350427e+00
2.87335775e+00
3.02417582e+00
3.00463980e+00
3.00542125e+00
2.81943834e+00
3.02183150e+00
2.83819292e+00
2.79990232e+00
2.82725275e+00
3.01323565e+00
2.81709402e+00
2.82412698e+00
2.82568987e+00
3.01010989e+00
2.83819292e+00
2.82725275e+00
2.82647131e+00
3.01010989e+00
2.83115995e+00
2.81006105e+00
3.00385836e+00
3.20000000e+00
2.81474969e+00
2.83819292e+00
2.79286935e+00
3.02183150e+00
2.90930403e+00
2.81787546e+00
2.82568987e+00
3.05152625e+00
3.01401709e+00
2.82178266e+00
2.84522589e+00
3.02417582e+00
3.04293040e+00
2.82021978e+00
2.84678877e+00
3.06012210e+00
3.00151404e+00
3.00151404e+00
2.81006105e+00
3.04996337e+00
3.01323565e+00
2.82100122e+00
2.84522589e+00
2.99838828e+00
3.00932845e+00
2.81709402e+00
2.82490842e+00
2.96869353e+00
3.00854701e+00
2.82412698e+00
2.82490842e+00
2.83897436e+00
2.99291819e+00
2.83506716e+00
3.01010989e+00
3.00932845e+00
2.95697192e+00
2.79052503e+00
2.82178266e+00
2.82178266e+00
2.98432234e+00
2.82881563e+00
2.84131868e+00
2.77411477e+00
3.01323565e+00
2.84288156e+00
2.81631258e+00
2.82256410e+00
2.97103785e+00
2.82725275e+00
2.91946276e+00
2.82334554e+00
3.20000000e+00
3.01089133e+00
2.80537241e+00
2.82412698e+00
3.00854701e+00
2.84053724e+00
2.80459096e+00
2.82803419e+00
3.01557998e+00
2.82490842e+00
2.82568987e+00
2.81631258e+00
3.01010989e+00
2.82412698e+00
2.82178266e+00
2.83819292e+00
3.01870574e+00
2.98744811e+00
2.99995116e+00
2.82021978e+00
3.00776557e+00
2.82178266e+00
2.82100122e+00
2.81709402e+00
3.02105006e+00
2.81162393e+00
2.84522589e+00
2.82256410e+00
3.00854701e+00
2.81865690e+00
2.81396825e+00
2.82178266e+00
3.01089133e+00
2.85304029e+00
2.83115995e+00
2.80927961e+00
3.20000000e+00
3.01010989e+00
2.82412698e+00
2.83897436e+00
3.04918193e+00
2.86163614e+00
2.83272283e+00
2.81474969e+00
3.03277167e+00
2.85069597e+00
2.88039072e+00
2.83194139e+00
2.97260073e+00
2.84053724e+00
2.85616606e+00
2.81396825e+00
3.01245421e+00
2.95462759e+00
3.01089133e+00
3.01792430e+00
3.10388278e+00
3.02183150e+00
2.82881563e+00
2.82256410e+00
3.04136752e+00
3.03980464e+00
2.83428571e+00
2.82568987e+00
3.01636142e+00
2.97338217e+00
2.81787546e+00
2.82568987e+00
3.01010989e+00
2.98275946e+00
2.83663004e+00
2.99526252e+00
3.18984127e+00
3.20000000e+00
2.81318681e+00
2.81943834e+00
2.94368742e+00
3.01323565e+00
2.85538462e+00
2.81943834e+00
2.79755800e+00
2.98354090e+00
2.82959707e+00
2.82490842e+00
2.82803419e+00
3.02183150e+00
2.85772894e+00
2.82100122e+00
2.82490842e+00
3.16170940e+00
2.84366300e+00
2.82647131e+00
2.85382173e+00
3.02183150e+00
2.81318681e+00
2.82803419e+00
2.84991453e+00
3.01089133e+00
2.83663004e+00
2.84053724e+00
2.89445665e+00
3.01870574e+00
2.83272283e+00
2.86788767e+00
2.85069597e+00
3.01401709e+00
2.81084249e+00
2.82568987e+00
3.01792430e+00
3.20000000e+00
2.81318681e+00
2.82100122e+00
2.84600733e+00
3.01557998e+00
2.80849817e+00
2.81553114e+00
2.79521368e+00
3.01245421e+00
2.81396825e+00
2.82803419e+00
2.80615385e+00
3.00854701e+00
2.83037851e+00
2.81396825e+00
2.82412698e+00
3.00463980e+00
3.06559219e+00
3.01010989e+00
2.86788767e+00
3.01401709e+00
2.80459096e+00
2.83115995e+00
2.81553114e+00
3.01323565e+00
2.83741148e+00
2.83194139e+00
2.89680098e+00
3.01245421e+00
2.81553114e+00
2.82725275e+00
2.76708181e+00
3.05074481e+00
2.82568987e+00
2.85851038e+00
2.98588523e+00
3.20000000e+00
2.86398046e+00
2.83115995e+00
2.82959707e+00
3.03980464e+00
2.84757021e+00
2.83194139e+00
2.82490842e+00
3.02183150e+00
2.98197802e+00
2.83741148e+00
2.88273504e+00
3.01245421e+00
2.97885226e+00
2.84600733e+00
2.81162393e+00
3.03667888e+00
2.99995116e+00
3.03355311e+00
2.90305250e+00
3.00932845e+00
3.07653236e+00
2.82803419e+00
2.82568987e+00
2.96009768e+00
3.00385836e+00
2.85460317e+00
2.83350427e+00
2.98119658e+00
3.01870574e+00
2.83975580e+00
2.84678877e+00
2.93118437e+00
3.00463980e+00
2.83272283e+00
2.98432234e+00
3.00932845e+00
3.00463980e+00
2.81084249e+00
2.81240537e+00
2.84131868e+00
2.97963370e+00
2.83272283e+00
2.83819292e+00
2.83350427e+00
3.01245421e+00
2.81943834e+00
2.83194139e+00
2.79755800e+00
3.03511600e+00
2.82647131e+00
2.79677656e+00
2.83037851e+00
3.20000000e+00
2.94681319e+00
2.85225885e+00
2.81240537e+00
3.00932845e+00
2.84913309e+00
2.81162393e+00
2.82334554e+00
2.98354090e+00
2.82568987e+00
2.85929182e+00
2.79990232e+00
3.01479853e+00
2.83428571e+00
2.82568987e+00
2.82568987e+00
2.97181929e+00
2.83428571e+00
3.00932845e+00
2.82178266e+00
3.01245421e+00
2.84366300e+00
2.81084249e+00
2.83350427e+00
3.02183150e+00
2.81240537e+00
2.80068376e+00
2.83428571e+00
3.04058608e+00
2.84444444e+00
2.81318681e+00
2.78271062e+00
3.01792430e+00
2.83115995e+00
2.82256410e+00
2.81240537e+00
3.20000000e+00
3.00307692e+00
2.89992674e+00
2.86007326e+00
3.01557998e+00
2.84757021e+00
2.82334554e+00
2.82178266e+00
3.01714286e+00
2.85069597e+00
2.83115995e+00
2.82803419e+00
3.03824176e+00
2.82490842e+00
2.81943834e+00
2.78505495e+00
3.01792430e+00
2.86866911e+00
2.98744811e+00
3.04527473e+00
2.99369963e+00
3.01089133e+00
2.81943834e+00
2.82568987e+00
3.03667888e+00
3.03277167e+00
2.83037851e+00
2.82725275e+00
3.02105006e+00
2.97885226e+00
2.82647131e+00
2.81865690e+00
3.02261294e+00
3.01714286e+00
2.80849817e+00
2.83897436e+00
3.20000000e+00
3.20000000e+00
2.85460317e+00
2.86788767e+00
2.99604396e+00
3.00932845e+00
2.90305250e+00
2.83584860e+00
2.91555556e+00
3.01948718e+00
2.83272283e+00
2.78349206e+00
2.83194139e+00
3.03042735e+00
2.83115995e+00
2.81943834e+00
2.80380952e+00
3.01557998e+00
2.83115995e+00
2.83663004e+00
2.99291819e+00
3.00463980e+00
2.82178266e+00
2.84913309e+00
2.85694750e+00
3.01323565e+00
2.80459096e+00
2.81240537e+00
2.82178266e+00
2.98901099e+00
2.83584860e+00
2.84210012e+00
2.82490842e+00
2.96322344e+00
2.84131868e+00
2.82256410e+00
2.98822955e+00
3.20000000e+00
2.88742369e+00
2.89914530e+00
2.82959707e+00
3.02652015e+00
2.82334554e+00
2.82178266e+00
2.86007326e+00
3.01167277e+00
2.84366300e+00
2.82725275e+00
2.88429792e+00
3.02495726e+00
2.83115995e+00
2.83037851e+00
2.82100122e+00
3.06871795e+00
3.03746032e+00
3.00307692e+00
2.85225885e+00
3.02105006e+00
2.82178266e+00
2.83115995e+00
2.82725275e+00
3.02183150e+00
2.82881563e+00
2.80380952e+00
2.78114774e+00
3.01636142e+00
2.81240537e+00
2.81865690e+00
2.80380952e+00
3.03746032e+00
2.83115995e+00
2.83584860e+00
2.99213675e+00
3.06871795e+00
2.84131868e+00
2.83741148e+00
2.82100122e+00
3.02105006e+00
2.83194139e+00
2.80693529e+00
2.82412698e+00
3.03589744e+00
2.84522589e+00
2.84835165e+00
2.86632479e+00
3.02105006e+00
2.98432234e+00
2.83350427e+00
2.81318681e+00
3.03746032e+00
3.00307692e+00
3.00542125e+00
2.81084249e+00
3.01636142e+00
3.01323565e+00
2.82490842e+00
2.84288156e+00
3.03042735e+00
3.01089133e+00
2.84053724e+00
2.84053724e+00
2.98510379e+00
3.01167277e+00
2.84757021e+00
2.81631258e+00
2.99135531e+00
3.02417582e+00
2.82100122e+00
2.98979243e+00
3.10622711e+00
3.00776557e+00
2.78271062e+00
2.81865690e+00
2.90852259e+00
3.04136752e+00
2.82725275e+00
2.82178266e+00
2.81240537e+00
3.01792430e+00
2.84522589e+00
2.82725275e+00
2.87726496e+00
3.00854701e+00
2.83897436e+00
2.81240537e+00
3.00229548e+00
3.20000000e+00
2.80927961e+00
2.78661783e+00
2.76630037e+00
3.02730159e+00
2.83975580e+00
2.82725275e+00
2.74989011e+00
3.04214896e+00
2.83741148e+00
2.85851038e+00
2.82803419e+00
3.06168498e+00
2.82647131e+00
2.81709402e+00
2.82256410e+00
3.03277167e+00
3.01636142e+00
3.00932845e+00
2.82803419e+00
3.04996337e+00
2.81865690e+00
2.84913309e+00
2.85851038e+00
3.02261294e+00
2.83194139e+00
2.82178266e+00
2.86632479e+00
2.95697192e+00
2.82881563e+00
2.88976801e+00
2.80459096e+00
2.99838828e+00
2.83975580e+00
2.82803419e+00
2.83428571e+00
3.20000000e+00
2.81865690e+00
2.80849817e+00
2.83350427e+00
3.07496947e+00
2.83506716e+00
2.80380952e+00
2.81787546e+00
3.01714286e+00
2.83194139e+00
2.81474969e+00
2.77020757e+00
3.02730159e+00
2.85694750e+00
2.82178266e+00
2.83037851e+00
3.04683761e+00
3.00854701e+00
3.03120879e+00
2.83975580e+00
3.02495726e+00
2.84288156e+00
2.82725275e+00
2.81474969e+00
3.02495726e+00
3.01167277e+00
2.81631258e+00
2.83428571e+00
3.02183150e+00
3.00854701e+00
2.81240537e+00
2.81162393e+00
3.02183150e+00
3.00385836e+00
3.09216117e+00
2.98666667e+00
3.01870574e+00
2.99448107e+00
2.83350427e+00
2.82178266e+00
2.99838828e+00
3.00620269e+00
2.82334554e+00
2.82100122e+00
2.99995116e+00
3.00463980e+00
2.79677656e+00
2.82100122e+00
2.95384615e+00
3.03824176e+00
2.83663004e+00
2.80927961e+00
3.00151404e+00
3.20000000e+00
2.81865690e+00
2.83506716e+00
2.80380952e+00
2.99682540e+00
2.81787546e+00
2.79912088e+00
2.81474969e+00
3.00932845e+00
2.81084249e+00
2.82568987e+00
2.82490842e+00
3.01401709e+00
2.82412698e+00
2.83194139e+00
2.81943834e+00
3.17733822e+00
2.84991453e+00
3.00385836e+00
2.80615385e+00
3.00307692e+00
2.81318681e+00
2.82803419e+00
2.82412698e+00
3.01245421e+00
2.82412698e+00
2.77724054e+00
2.81474969e+00
3.01401709e+00
2.84053724e+00
2.81865690e+00
2.78505495e+00
3.02652015e+00
2.82803419e+00
2.93978022e+00
2.99995116e+00
3.20000000e+00
2.82490842e+00
2.82100122e+00
2.84366300e+00
3.01792430e+00
2.84757021e+00
2.81865690e+00
2.82412698e+00
3.01401709e+00
2.83272283e+00
2.81162393e+00
2.84522589e+00
3.01870574e+00
2.83741148e+00
2.81943834e+00
2.84210012e+00
3.20000000e+00
3.02026862e+00
2.86788767e+00
2.81787546e+00
2.99916972e+00
2.82178266e+00
2.83350427e+00
2.84913309e+00
3.01948718e+00
2.83115995e+00
2.83741148e+00
2.82647131e+00
3.01636142e+00
2.83037851e+00
2.82256410e+00
2.79208791e+00
3.00698413e+00
2.82803419e+00
3.01167277e+00
3.02417582e+00
3.03277167e+00
2.85851038e+00
2.87179487e+00
2.82412698e+00
3.03042735e+00
2.94915751e+00
2.82178266e+00
2.80224664e+00
3.01557998e+00
3.01323565e+00
2.82412698e+00
2.81396825e+00
3.05387057e+00
3.00698413e+00
2.79990232e+00
2.99369963e+00
3.02964591e+00
3.20000000e+00
2.81631258e+00
2.80927961e+00
3.00307692e+00
3.00698413e+00
2.82725275e+00
2.82412698e+00
2.97807082e+00
3.01323565e+00
2.81865690e+00
2.85382173e+00
2.89680098e+00
3.00385836e+00
2.81709402e+00
2.82881563e+00
2.83350427e+00
3.17968254e+00
3.03824176e+00
3.01557998e+00
2.86007326e+00
2.99995116e+00
2.81709402e+00
2.80224664e+00
2.81240537e+00
3.01948718e+00
2.82490842e+00
2.82881563e+00
2.83037851e+00
2.99995116e+00
2.83506716e+00
2.81553114e+00
2.81943834e+00
2.99682540e+00
2.87101343e+00
3.00385836e+00
2.99369963e+00
3.05074481e+00
2.86710623e+00
2.83897436e+00
2.81787546e+00
3.01636142e+00
2.82803419e+00
2.88507937e+00
2.81865690e+00
3.01557998e+00
2.90852259e+00
2.82490842e+00
2.81943834e+00
3.00385836e+00
2.82490842e+00
2.90617827e+00
3.00151404e+00
3.20000000e+00
2.83115995e+00
2.81865690e+00
2.80380952e+00
3.01948718e+00
2.82959707e+00
2.81709402e+00
2.82647131e+00
2.99526252e+00
2.86866911e+00
2.82803419e+00
2.81865690e+00
3.01010989e+00
2.83663004e+00
2.84991453e+00
2.87492063e+00
3.03433455e+00
3.00229548e+00
2.82256410e+00
2.82490842e+00
3.01792430e+00
2.80068376e+00
2.82490842e+00
2.84600733e+00
3.01948718e+00
2.82256410e+00
2.84600733e+00
2.81865690e+00
3.02183150e+00
2.83272283e+00
2.77958486e+00
2.86085470e+00
3.02105006e+00
2.82803419e+00
2.83194139e+00
3.00307692e+00
3.20000000e+00
2.99995116e+00
2.86476190e+00
2.83350427e+00
3.02964591e+00
3.00463980e+00
2.83272283e+00
2.83194139e+00
3.01557998e+00
3.00307692e+00
2.79912088e+00
2.82412698e+00
3.03355311e+00
3.01401709e+00
2.80302808e+00
2.81709402e+00
3.01323565e+00
3.19687424e+00
2.99291819e+00
2.83741148e+00
2.99995116e+00
3.01323565e+00
2.82412698e+00
2.83897436e+00
2.94056166e+00
3.00307692e+00
2.82725275e+00
2.82725275e+00
2.80771673e+00
3.02495726e+00
2.79286935e+00
2.81865690e+00
2.79677656e+00
3.01401709e+00
2.79833944e+00
2.98354090e+00
3.03589744e+00
3.08747253e+00
2.81943834e+00
2.81865690e+00
2.84444444e+00
3.01245421e+00
2.80380952e+00
2.84444444e+00
2.83506716e+00
3.01167277e+00
2.82490842e+00
2.81787546e+00
2.81865690e+00
3.02183150e+00
2.81553114e+00
2.82959707e+00
2.92180708e+00
3.01167277e+00
2.87335775e+00
2.87413919e+00
2.82100122e+00
2.97260073e+00
2.83741148e+00
2.83819292e+00
2.82725275e+00
3.02026862e+00
2.82178266e+00
2.85304029e+00
2.83663004e+00
2.99369963e+00
2.83115995e+00
2.81396825e+00
2.83584860e+00
3.01401709e+00
2.83897436e+00
2.98744811e+00
3.06402930e+00
3.04683761e+00
2.83115995e+00
2.82647131e+00
2.81943834e+00
3.01323565e+00
2.83897436e+00
2.82490842e+00
2.92649573e+00
3.01557998e+00
2.83975580e+00
2.81709402e+00
2.82647131e+00
3.02026862e+00
2.82881563e+00
2.84522589e+00
2.82178266e+00
3.20000000e+00
3.00229548e+00
2.80771673e+00
2.82490842e+00
3.01245421e+00
2.84678877e+00
2.82021978e+00
2.83584860e+00
3.01557998e+00
2.83350427e+00
2.81787546e+00
2.84757021e+00
3.02105006e+00
2.98275946e+00
2.82490842e+00
2.81240537e+00
3.03902320e+00
3.19218559e+00
3.01948718e+00
2.84366300e+00
3.03355311e+00
2.98744811e+00
2.82490842e+00
2.81865690e+00
3.03746032e+00
3.00620269e+00
2.84053724e+00
2.83037851e+00
3.01167277e+00
2.95697192e+00
2.83975580e+00
2.79443223e+00
2.98901099e+00
3.02808303e+00
2.83194139e+00
2.81553114e+00
2.92102564e+00
3.19765568e+00
2.84835165e+00
2.85538462e+00
2.84366300e+00
3.02964591e+00
2.82803419e+00
2.86319902e+00
2.89289377e+00
3.00776557e+00
2.82725275e+00
2.84288156e+00
2.85929182e+00
3.04371184e+00
2.81943834e+00
2.82178266e+00
2.82568987e+00
2.98979243e+00
3.00620269e+00
3.01089133e+00
2.83741148e+00
3.00932845e+00
2.81865690e+00
2.80615385e+00
2.82881563e+00
2.97885226e+00
2.81865690e+00
2.88039072e+00
2.82021978e+00
3.02417582e+00
2.82568987e+00
2.82647131e+00
2.80380952e+00
3.00307692e+00
2.83741148e+00
3.03355311e+00
3.01714286e+00
3.01714286e+00
2.83428571e+00
2.83272283e+00
2.81553114e+00
3.02026862e+00
2.82490842e+00
2.82568987e+00
2.82178266e+00
3.02573871e+00
2.83584860e+00
2.84913309e+00
2.80224664e+00
3.01870574e+00
2.83428571e+00
2.82178266e+00
2.80849817e+00
3.19921856e+00
3.00776557e+00
2.82021978e+00
2.81943834e+00
3.04371184e+00
2.85304029e+00
2.81240537e+00
2.83272283e+00
3.03120879e+00
2.77489621e+00
2.87257631e+00
2.82568987e+00
3.02105006e+00
2.83350427e+00
2.82803419e+00
2.81553114e+00
3.01636142e+00
2.83663004e+00
2.82568987e+00
3.01167277e+00
3.18905983e+00
2.85929182e+00
2.85929182e+00
2.82490842e+00
3.07106227e+00
3.00151404e+00
2.82647131e+00
2.82647131e+00
3.02652015e+00
3.03824176e+00
2.82178266e+00
2.82803419e+00
3.02261294e+00
3.01792430e+00
2.85929182e+00
2.81318681e+00
