1.77308913e+00
1.91687424e+00
1.73479853e+00
1.73557998e+00
1.74808303e+00
1.91843712e+00
1.72932845e+00
1.74105006e+00
2.01768010e+00
2.23179487e+00
1.73010989e+00
1.74339438e+00
1.72151404e+00
1.92625153e+00
1.75355311e+00
1.73010989e+00
1.72151404e+00
1.92234432e+00
1.71760684e+00
1.72698413e+00
1.76214896e+00
1.92156288e+00
1.73323565e+00
1.72463980e+00
1.73479853e+00
1.92468864e+00
2.02783883e+00
2.02393162e+00
1.63164835e+00
1.92078144e+00
1.71760684e+00
1.73636142e+00
1.73245421e+00
1.90358974e+00
1.73714286e+00
1.73089133e+00
1.74417582e+00
1.92234432e+00
1.75589744e+00
1.74183150e+00
1.73245421e+00
1.92234432e+00
1.73714286e+00
1.72463980e+00
2.02940171e+00
2.22710623e+00
1.73557998e+00
1.72698413e+00
1.72932845e+00
1.92156288e+00
1.73323565e+00
1.74886447e+00
1.73714286e+00
1.92156288e+00
1.73792430e+00
1.70744811e+00
1.74886447e+00
1.92703297e+00
1.73557998e+00
1.73636142e+00
1.70197802e+00
1.89264957e+00
1.74573871e+00
2.02236874e+00
1.73870574e+00
1.97860806e+00
1.73323565e+00
1.71995116e+00
1.72151404e+00
1.91531136e+00
1.82466422e+00
1.73323565e+00
1.73089133e+00
1.92781441e+00
1.90671551e+00
1.74495726e+00
1.75746032e+00
1.93094017e+00
1.90984127e+00
1.74026862e+00
2.02315018e+00
2.22866911e+00
1.92156288e+00
1.71526252e+00
1.73792430e+00
1.94891331e+00
1.93719170e+00
1.73792430e+00
1.72307692e+00
1.91609280e+00
1.94031746e+00
1.71291819e+00
1.74573871e+00
1.88952381e+00
1.92390720e+00
1.74183150e+00
1.70666667e+00
1.82622711e+00
2.22007326e+00
2.02471306e+00
1.73557998e+00
1.80122100e+00
1.92078144e+00
1.71057387e+00
1.73948718e+00
1.74339438e+00
1.89343101e+00
1.73167277e+00
1.69650794e+00
1.73401709e+00
1.90280830e+00
1.72932845e+00
1.73636142e+00
1.73870574e+00
1.92625153e+00
1.73479853e+00
2.02393162e+00
1.71291819e+00
1.90984127e+00
1.73401709e+00
1.68634921e+00
1.74886447e+00
1.92312576e+00
1.74573871e+00
1.73010989e+00
1.70354090e+00
1.92156288e+00
1.73557998e+00
1.72463980e+00
1.72698413e+00
1.94969475e+00
1.70510379e+00
1.72776557e+00
1.79809524e+00
1.94500611e+00
2.02158730e+00
2.02471306e+00
1.72776557e+00
1.97079365e+00
1.73714286e+00
1.75511600e+00
1.75042735e+00
1.93172161e+00
1.71213675e+00
1.72620269e+00
1.74652015e+00
1.93641026e+00
1.73089133e+00
1.82466422e+00
1.75746032e+00
1.89577534e+00
1.74573871e+00
2.01768010e+00
2.02393162e+00
1.93719170e+00
1.73245421e+00
1.71995116e+00
1.74495726e+00
1.91062271e+00
1.71369963e+00
1.73167277e+00
1.75355311e+00
1.92312576e+00
1.76371184e+00
1.76293040e+00
1.73792430e+00
1.92781441e+00
1.73323565e+00
1.74339438e+00
1.73870574e+00
2.23804640e+00
2.05753358e+00
1.72932845e+00
1.71916972e+00
1.93797314e+00
1.91140415e+00
1.71135531e+00
1.73245421e+00
1.91374847e+00
1.95203907e+00
1.74026862e+00
1.75589744e+00
1.93641026e+00
1.90905983e+00
1.75042735e+00
1.73010989e+00
1.93562882e+00
1.92547009e+00
1.75042735e+00
1.70666667e+00
2.24664225e+00
1.98329670e+00
1.73479853e+00
1.74652015e+00
1.87155067e+00
1.92078144e+00
1.71838828e+00
1.74105006e+00
1.79809524e+00
1.91687424e+00
1.76605617e+00
1.76371184e+00
1.73245421e+00
1.93172161e+00
1.72542125e+00
1.72542125e+00
1.75199023e+00
2.22163614e+00
2.02080586e+00
1.73167277e+00
1.71682540e+00
1.91062271e+00
1.73714286e+00
1.78012210e+00
1.73089133e+00
1.95516484e+00
1.73401709e+00
1.75902320e+00
1.69963370e+00
1.91452991e+00
1.76527473e+00
1.71916972e+00
1.73479853e+00
1.93015873e+00
1.74183150e+00
2.02783883e+00
2.00752137e+00
1.92468864e+00
1.71682540e+00
1.72854701e+00
1.74964591e+00
1.91062271e+00
1.73323565e+00
1.72463980e+00
1.73010989e+00
1.89655678e+00
1.77777778e+00
1.74105006e+00
1.74261294e+00
1.93015873e+00
1.73557998e+00
1.73010989e+00
1.73167277e+00
2.22241758e+00
1.74026862e+00
1.72776557e+00
1.77387057e+00
1.92312576e+00
1.73010989e+00
1.73792430e+00
1.66681319e+00
1.91452991e+00
1.74261294e+00
1.71916972e+00
1.73010989e+00
1.93484737e+00
1.72542125e+00
1.74573871e+00
1.72463980e+00
1.92312576e+00
1.70510379e+00
2.01533578e+00
2.04112332e+00
1.93484737e+00
1.74026862e+00
1.71135531e+00
1.70588523e+00
1.93328449e+00
1.77152625e+00
1.73010989e+00
1.69181929e+00
1.82700855e+00
1.92078144e+00
1.72463980e+00
1.73167277e+00
1.93172161e+00
1.95672772e+00
1.73010989e+00
1.73948718e+00
2.23335775e+00
2.26930403e+00
1.73401709e+00
1.73245421e+00
1.93250305e+00
1.89577534e+00
1.73089133e+00
1.72229548e+00
1.91843712e+00
1.89343101e+00
1.72229548e+00
1.74495726e+00
1.90827839e+00
1.91843712e+00
1.73636142e+00
1.75199023e+00
1.87467643e+00
1.93953602e+00
2.03252747e+00
2.01846154e+00
1.74339438e+00
1.98564103e+00
1.73479853e+00
1.72151404e+00
1.73714286e+00
1.91374847e+00
1.73636142e+00
1.73245421e+00
1.73323565e+00
1.92078144e+00
1.74183150e+00
1.72542125e+00
1.74730159e+00
1.91687424e+00
1.73636142e+00
1.76449328e+00
1.72698413e+00
1.93406593e+00
1.73636142e+00
1.73479853e+00
1.73089133e+00
1.90280830e+00
1.74495726e+00
1.73714286e+00
1.71213675e+00
1.87467643e+00
1.72776557e+00
1.76371184e+00
1.74964591e+00
1.89343101e+00
1.72073260e+00
1.73089133e+00
1.73714286e+00
1.95125763e+00
2.03799756e+00
2.03721612e+00
1.75980464e+00
1.94109890e+00
1.73401709e+00
1.74573871e+00
1.74886447e+00
1.91452991e+00
1.71213675e+00
1.72932845e+00
1.74183150e+00
1.93719170e+00
1.75589744e+00
1.73557998e+00
1.73948718e+00
1.93328449e+00
1.77152625e+00
1.73557998e+00
2.02471306e+00
2.23413919e+00
1.73245421e+00
1.73792430e+00
1.76527473e+00
1.93406593e+00
1.74026862e+00
1.73010989e+00
1.74964591e+00
1.94422466e+00
1.74026862e+00
1.73636142e+00
1.79887668e+00
1.89968254e+00
1.74964591e+00
1.78168498e+00
1.73636142e+00
2.19037851e+00
2.03799756e+00
1.72463980e+00
1.73167277e+00
1.92781441e+00
1.89890110e+00
1.75355311e+00
1.73010989e+00
1.93094017e+00
1.91765568e+00
1.75824176e+00
1.76293040e+00
1.93797314e+00
1.90671551e+00
1.73167277e+00
1.72698413e+00
1.89733822e+00
1.90671551e+00
1.71604396e+00
1.73557998e+00
2.21616606e+00
1.93719170e+00
1.74105006e+00
1.71760684e+00
1.89264957e+00
1.92859585e+00
1.73479853e+00
1.72698413e+00
1.82231990e+00
1.91765568e+00
1.74417582e+00
1.75277167e+00
1.73792430e+00
1.92703297e+00
1.73792430e+00
1.74495726e+00
1.71995116e+00
2.22085470e+00
2.02471306e+00
1.72385836e+00
1.70432234e+00
1.90437118e+00
1.73401709e+00
1.74964591e+00
1.73714286e+00
1.89811966e+00
1.75277167e+00
1.73323565e+00
1.77465201e+00
1.91531136e+00
1.83169719e+00
1.72385836e+00
1.75277167e+00
1.91062271e+00
2.00830281e+00
2.05753358e+00
2.01924298e+00
1.92468864e+00
1.70432234e+00
1.72932845e+00
1.73714286e+00
1.91687424e+00
1.72932845e+00
1.72854701e+00
1.74105006e+00
1.89030525e+00
1.71838828e+00
1.73167277e+00
1.68947497e+00
1.91843712e+00
1.78168498e+00
1.73636142e+00
2.01299145e+00
2.20757021e+00
1.76214896e+00
1.72698413e+00
1.75042735e+00
1.91687424e+00
1.74964591e+00
1.74261294e+00
1.75667888e+00
1.90280830e+00
1.73714286e+00
1.73167277e+00
1.73245421e+00
1.94266178e+00
1.74417582e+00
1.74105006e+00
1.71213675e+00
1.92078144e+00
1.72776557e+00
2.00986569e+00
1.74730159e+00
1.93250305e+00
1.74183150e+00
1.72542125e+00
1.75980464e+00
1.92234432e+00
1.74652015e+00
1.73557998e+00
1.72776557e+00
1.93719170e+00
1.77230769e+00
1.73167277e+00
1.76214896e+00
1.92781441e+00
1.90593407e+00
1.73323565e+00
2.02158730e+00
2.23257631e+00
1.92234432e+00
1.79028083e+00
1.73089133e+00
1.92547009e+00
1.92234432e+00
1.71291819e+00
1.76449328e+00
1.91843712e+00
1.93719170e+00
1.73636142e+00
1.73479853e+00
1.89968254e+00
1.90827839e+00
1.73557998e+00
1.74261294e+00
1.88639805e+00
2.21694750e+00
2.02315018e+00
1.74261294e+00
1.82310134e+00
1.90671551e+00
1.73714286e+00
1.74026862e+00
1.73401709e+00
1.91374847e+00
1.72854701e+00
1.73714286e+00
1.73245421e+00
1.89733822e+00
1.73870574e+00
1.73245421e+00
1.73714286e+00
1.91452991e+00
2.01846154e+00
2.02627595e+00
1.70901099e+00
1.91921856e+00
1.73714286e+00
1.73245421e+00
1.75355311e+00
1.97548230e+00
1.76840049e+00
1.73167277e+00
1.74730159e+00
1.91531136e+00
1.74886447e+00
1.73948718e+00
1.73792430e+00
1.94500611e+00
1.75589744e+00
1.74261294e+00
1.72776557e+00
2.22632479e+00
2.02471306e+00
1.75355311e+00
1.74652015e+00
1.90905983e+00
1.73245421e+00
1.75824176e+00
1.74495726e+00
1.95203907e+00
1.79965812e+00
1.73010989e+00
1.73323565e+00
1.92234432e+00
1.74183150e+00
1.71526252e+00
1.73167277e+00
1.95829060e+00
2.02002442e+00
2.03096459e+00
1.73167277e+00
1.92390720e+00
1.73089133e+00
1.74652015e+00
1.73636142e+00
1.93406593e+00
1.72698413e+00
1.76527473e+00
1.71057387e+00
1.94969475e+00
1.82466422e+00
1.74573871e+00
1.74964591e+00
1.92234432e+00
1.72463980e+00
1.74339438e+00
2.01299145e+00
2.23257631e+00
1.76683761e+00
1.72854701e+00
1.77074481e+00
1.92468864e+00
1.74495726e+00
1.73089133e+00
1.71291819e+00
1.92781441e+00
1.91296703e+00
1.73010989e+00
1.73167277e+00
1.94266178e+00
1.91687424e+00
1.74730159e+00
1.79418803e+00
1.93719170e+00
2.23179487e+00
1.73401709e+00
1.73792430e+00
1.92781441e+00
1.95829060e+00
1.73089133e+00
1.77074481e+00
1.91374847e+00
1.92390720e+00
1.73948718e+00
1.71682540e+00
1.88092796e+00
1.91218559e+00
1.73557998e+00
1.74261294e+00
1.77699634e+00
1.88874237e+00
1.73636142e+00
2.01611722e+00
2.03330891e+00
1.92859585e+00
1.72542125e+00
1.73948718e+00
1.74495726e+00
1.91843712e+00
1.69728938e+00
1.74105006e+00
1.72776557e+00
1.94813187e+00
1.74417582e+00
1.71291819e+00
1.72776557e+00
1.92781441e+00
1.73948718e+00
1.74105006e+00
1.75277167e+00
2.22476190e+00
2.03409035e+00
1.75433455e+00
1.74886447e+00
1.90827839e+00
1.70119658e+00
1.71838828e+00
1.73792430e+00
1.94500611e+00
1.74495726e+00
1.73557998e+00
1.73636142e+00
1.92000000e+00
1.74026862e+00
1.73948718e+00
1.72698413e+00
1.92078144e+00
2.01221001e+00
2.02549451e+00
1.75902320e+00
1.89030525e+00
1.73714286e+00
1.65743590e+00
1.73792430e+00
1.91296703e+00
1.76214896e+00
1.73401709e+00
1.68322344e+00
1.93719170e+00
1.76996337e+00
1.68869353e+00
1.73557998e+00
1.92468864e+00
1.73636142e+00
1.76214896e+00
2.05909646e+00
1.92468864e+00
1.71369963e+00
1.72776557e+00
1.76918193e+00
1.93719170e+00
1.73870574e+00
1.71838828e+00
1.72151404e+00
1.92000000e+00
1.71916972e+00
1.73401709e+00
1.73792430e+00
1.93328449e+00
1.71995116e+00
1.72073260e+00
1.73479853e+00
1.92625153e+00
1.75589744e+00
2.05831502e+00
1.72542125e+00
1.92156288e+00
1.91452991e+00
1.72151404e+00
1.75824176e+00
1.93406593e+00
1.92078144e+00
1.73636142e+00
1.74339438e+00
1.99032967e+00
1.91374847e+00
1.73010989e+00
1.73089133e+00
1.93953602e+00
1.92156288e+00
2.00673993e+00
2.01689866e+00
2.22085470e+00
1.94735043e+00
1.73167277e+00
1.76449328e+00
1.89733822e+00
1.91687424e+00
1.75277167e+00
1.71526252e+00
1.81841270e+00
1.92078144e+00
1.77855922e+00
1.75199023e+00
1.73714286e+00
1.94188034e+00
1.73557998e+00
1.79106227e+00
2.02236874e+00
2.21538462e+00
1.71448107e+00
1.73167277e+00
1.73557998e+00
1.97860806e+00
1.72854701e+00
1.73557998e+00
1.73089133e+00
1.89264957e+00
1.73089133e+00
1.75980464e+00
1.70901099e+00
1.90437118e+00
1.74026862e+00
1.74417582e+00
1.72463980e+00
2.20913309e+00
2.02236874e+00
1.80278388e+00
1.71135531e+00
1.90358974e+00
1.74730159e+00
1.72620269e+00
1.75667888e+00
1.92078144e+00
1.72463980e+00
1.74417582e+00
1.73714286e+00
1.90593407e+00
1.75824176e+00
1.75433455e+00
1.73245421e+00
1.91609280e+00
1.74026862e+00
1.73636142e+00
1.75667888e+00
2.25680098e+00
1.73245421e+00
1.73089133e+00
1.73714286e+00
1.92156288e+00
1.74261294e+00
1.73870574e+00
1.76293040e+00
1.93953602e+00
1.79184371e+00
1.72307692e+00
1.72776557e+00
1.90749695e+00
1.73714286e+00
1.75433455e+00
1.71995116e+00
2.22241758e+00
2.04268620e+00
1.74730159e+00
1.73167277e+00
1.93406593e+00
1.75824176e+00
1.81137973e+00
1.72151404e+00
1.93250305e+00
1.77777778e+00
1.72385836e+00
1.73714286e+00
1.92859585e+00
1.76605617e+00
1.76293040e+00
1.73636142e+00
1.90280830e+00
1.91843712e+00
2.02002442e+00
2.02236874e+00
1.92781441e+00
1.91140415e+00
1.72151404e+00
1.72542125e+00
1.92390720e+00
1.91140415e+00
1.73870574e+00
1.73401709e+00
1.92078144e+00
1.94344322e+00
1.76996337e+00
1.76371184e+00
1.95516484e+00
1.91531136e+00
1.73167277e+00
2.01768010e+00
2.20053724e+00
1.92312576e+00
1.73401709e+00
1.72463980e+00
1.83326007e+00
1.97157509e+00
1.72385836e+00
1.73089133e+00
1.72854701e+00
1.92234432e+00
1.74026862e+00
1.74339438e+00
1.73557998e+00
1.95672772e+00
1.74964591e+00
1.72229548e+00
1.75511600e+00
1.92000000e+00
1.72776557e+00
2.02783883e+00
1.74261294e+00
1.88170940e+00
1.74495726e+00
1.78402930e+00
1.73479853e+00
1.91218559e+00
1.76605617e+00
1.74183150e+00
1.70666667e+00
1.91452991e+00
1.77230769e+00
1.74026862e+00
1.73948718e+00
1.92156288e+00
1.73714286e+00
2.00908425e+00
1.99736264e+00
1.89655678e+00
1.73010989e+00
1.71604396e+00
1.70197802e+00
1.92859585e+00
1.74183150e+00
1.73636142e+00
1.73010989e+00
1.91843712e+00
1.73636142e+00
1.73245421e+00
1.71213675e+00
1.92156288e+00
1.74026862e+00
1.69181929e+00
1.73245421e+00
2.22085470e+00
2.02862027e+00
1.73089133e+00
1.73636142e+00
1.93484737e+00
1.77230769e+00
1.72776557e+00
1.73167277e+00
1.95125763e+00
1.73401709e+00
1.73167277e+00
1.73323565e+00
1.89968254e+00
1.73714286e+00
1.73401709e+00
1.74495726e+00
1.93015873e+00
1.75902320e+00
2.02627595e+00
2.02627595e+00
1.93015873e+00
1.73089133e+00
1.72776557e+00
1.71291819e+00
1.94422466e+00
1.74495726e+00
1.73089133e+00
1.74026862e+00
1.95594628e+00
1.90984127e+00
1.72307692e+00
1.72776557e+00
1.93953602e+00
1.90905983e+00
1.73792430e+00
2.02940171e+00
1.94266178e+00
2.22476190e+00
1.73401709e+00
1.72776557e+00
1.92937729e+00
1.91140415e+00
1.73010989e+00
1.70901099e+00
1.92234432e+00
1.92703297e+00
1.70588523e+00
1.76214896e+00
1.90984127e+00
1.91843712e+00
1.74026862e+00
1.74261294e+00
1.86529915e+00
2.18178266e+00
2.03487179e+00
1.72854701e+00
1.71838828e+00
1.93172161e+00
1.72229548e+00
1.75746032e+00
1.73245421e+00
1.92937729e+00
1.70041514e+00
1.74652015e+00
1.74026862e+00
1.91843712e+00
1.75042735e+00
1.71135531e+00
1.72463980e+00
1.91140415e+00
1.72932845e+00
2.03018315e+00
2.01689866e+00
1.90046398e+00
1.73245421e+00
1.74417582e+00
1.74573871e+00
1.99032967e+00
1.73870574e+00
1.71838828e+00
1.76371184e+00
1.93328449e+00
1.74652015e+00
1.73479853e+00
1.74026862e+00
1.90046398e+00
1.73401709e+00
1.80043956e+00
2.03096459e+00
2.22085470e+00
1.94969475e+00
1.73010989e+00
1.73948718e+00
1.90358974e+00
1.73245421e+00
1.72463980e+00
1.72307692e+00
1.95047619e+00
1.75277167e+00
1.73714286e+00
1.73714286e+00
1.89108669e+00
1.70275946e+00
1.78246642e+00
1.73792430e+00
1.92703297e+00
2.01689866e+00
1.80590965e+00
1.73089133e+00
1.93406593e+00
1.76840049e+00
1.73401709e+00
1.73636142e+00
1.91609280e+00
1.73792430e+00
1.73714286e+00
1.73714286e+00
1.94891331e+00
1.73401709e+00
1.73245421e+00
1.72698413e+00
1.91765568e+00
1.78324786e+00
1.73245421e+00
2.01924298e+00
2.23257631e+00
1.74652015e+00
1.71995116e+00
1.69572650e+00
1.93015873e+00
1.86764347e+00
1.72151404e+00
1.73948718e+00
1.93953602e+00
1.90984127e+00
1.71291819e+00
1.72620269e+00
1.91140415e+00
1.94891331e+00
1.74573871e+00
1.71916972e+00
1.93719170e+00
2.22241758e+00
2.03643468e+00
1.72776557e+00
1.90358974e+00
1.91531136e+00
1.72463980e+00
1.75667888e+00
1.90671551e+00
1.90984127e+00
1.73636142e+00
1.73636142e+00
1.85592186e+00
1.90905983e+00
1.72620269e+00
1.72463980e+00
1.74808303e+00
1.91687424e+00
1.72854701e+00
2.05518926e+00
1.74261294e+00
1.90437118e+00
1.74573871e+00
1.74183150e+00
1.70979243e+00
1.93328449e+00
1.76058608e+00
1.75433455e+00
1.71995116e+00
1.92312576e+00
1.72932845e+00
1.77543346e+00
1.71448107e+00
1.91765568e+00
1.74808303e+00
1.74417582e+00
1.99892552e+00
1.92937729e+00
1.74026862e+00
1.73557998e+00
1.73010989e+00
1.94344322e+00
1.72932845e+00
1.73636142e+00
1.74026862e+00
1.92703297e+00
1.73479853e+00
1.76449328e+00
1.72542125e+00
1.94969475e+00
1.71135531e+00
1.73714286e+00
1.72542125e+00
1.92468864e+00
2.02236874e+00
2.00908425e+00
1.72151404e+00
1.90671551e+00
1.73557998e+00
1.75667888e+00
1.75120879e+00
1.93328449e+00
1.75667888e+00
1.73479853e+00
1.72463980e+00
1.92547009e+00
1.77465201e+00
1.73010989e+00
1.73636142e+00
1.93015873e+00
1.73557998e+00
1.76527473e+00
2.03799756e+00
2.23570208e+00
1.73323565e+00
1.76605617e+00
1.73792430e+00
1.91921856e+00
1.73870574e+00
1.73323565e+00
1.74808303e+00
1.92781441e+00
1.69494505e+00
1.73792430e+00
1.72542125e+00
1.93172161e+00
1.73714286e+00
1.74652015e+00
1.73636142e+00
2.24507937e+00
2.08488400e+00
1.74495726e+00
1.72073260e+00
1.93641026e+00
1.90905983e+00
1.72776557e+00
1.72932845e+00
1.92937729e+00
1.91531136e+00
1.73714286e+00
1.73714286e+00
1.93015873e+00
1.94969475e+00
1.73167277e+00
1.81137973e+00
1.92547009e+00
1.92703297e+00
2.02080586e+00
1.73636142e+00
1.99189255e+00
1.90358974e+00
1.74339438e+00
1.78715507e+00
1.87389499e+00
1.91765568e+00
1.69103785e+00
1.73870574e+00
1.75746032e+00
1.91296703e+00
1.72620269e+00
1.71916972e+00
1.75042735e+00
1.98017094e+00
1.76214896e+00
1.78637363e+00
1.73010989e+00
2.22241758e+00
1.76996337e+00
1.72776557e+00
1.73089133e+00
1.90827839e+00
1.72463980e+00
1.76840049e+00
1.73323565e+00
1.91609280e+00
1.73245421e+00
1.73089133e+00
1.74183150e+00
1.92312576e+00
1.74105006e+00
1.72620269e+00
1.73792430e+00
2.27477411e+00
2.01924298e+00
1.76214896e+00
1.69728938e+00
1.89108669e+00
1.73245421e+00
1.73636142e+00
1.78637363e+00
1.94188034e+00
1.73401709e+00
1.75199023e+00
1.73714286e+00
1.95047619e+00
1.73089133e+00
1.72932845e+00
1.75277167e+00
1.92000000e+00
1.77387057e+00
2.07472527e+00
2.01142857e+00
1.92156288e+00
1.72854701e+00
1.73870574e+00
1.72073260e+00
1.92390720e+00
1.71057387e+00
1.73010989e+00
1.72229548e+00
1.90280830e+00
1.73636142e+00
1.74886447e+00
1.73948718e+00
1.94813187e+00
1.71916972e+00
1.73636142e+00
2.00517705e+00
2.22788767e+00
1.74261294e+00
1.75667888e+00
1.73479853e+00
1.91218559e+00
1.73323565e+00
1.71526252e+00
1.80122100e+00
1.92859585e+00
1.75980464e+00
1.73636142e+00
1.71526252e+00
1.95203907e+00
1.79731380e+00
1.73167277e+00
1.72151404e+00
1.93875458e+00
1.91765568e+00
1.74652015e+00
2.02002442e+00
1.93172161e+00
1.93172161e+00
1.74964591e+00
1.72776557e+00
1.92156288e+00
1.91687424e+00
1.73948718e+00
1.75355311e+00
1.92078144e+00
1.91296703e+00
1.73714286e+00
1.73714286e+00
1.91296703e+00
1.91374847e+00
1.81841270e+00
2.02393162e+00
2.18412698e+00
1.93172161e+00
1.72854701e+00
1.73948718e+00
1.81919414e+00
1.91843712e+00
1.72932845e+00
1.75589744e+00
1.74261294e+00
1.91843712e+00
1.71916972e+00
1.75589744e+00
1.73557998e+00
1.94656899e+00
1.73714286e+00
1.73636142e+00
1.99267399e+00
2.22085470e+00
1.73714286e+00
1.74026862e+00
1.72620269e+00
1.93172161e+00
1.73479853e+00
1.72854701e+00
1.73010989e+00
1.93875458e+00
1.72229548e+00
1.73089133e+00
1.74026862e+00
1.92312576e+00
1.74964591e+00
1.75199023e+00
1.73245421e+00
1.90827839e+00
2.02549451e+00
2.09113553e+00
1.73870574e+00
1.92781441e+00
1.73870574e+00
1.72151404e+00
1.75667888e+00
1.93172161e+00
1.73323565e+00
1.71916972e+00
1.72698413e+00
1.91921856e+00
1.72776557e+00
1.73636142e+00
1.78090354e+00
1.92468864e+00
1.72073260e+00
2.02862027e+00
1.74026862e+00
1.91765568e+00
1.73557998e+00
1.73323565e+00
1.71213675e+00
1.92312576e+00
1.73167277e+00
1.73479853e+00
1.75824176e+00
1.93875458e+00
1.74261294e+00
1.73479853e+00
1.72776557e+00
1.90593407e+00
1.72229548e+00
1.73714286e+00
1.71604396e+00
1.92390720e+00
2.05675214e+00
1.80356532e+00
1.72854701e+00
1.94969475e+00
1.73792430e+00
1.64649573e+00
1.73870574e+00
1.92859585e+00
1.75824176e+00
1.74026862e+00
1.69181929e+00
1.91374847e+00
1.91140415e+00
1.75277167e+00
1.74495726e+00
1.92625153e+00
1.91687424e+00
2.02158730e+00
1.98173382e+00
1.92468864e+00
1.91609280e+00
1.77934066e+00
1.72229548e+00
1.90437118e+00
1.92390720e+00
1.72620269e+00
1.71760684e+00
1.91531136e+00
1.91296703e+00
1.73323565e+00
1.73010989e+00
1.94969475e+00
1.91218559e+00
1.75277167e+00
2.00908425e+00
2.11848596e+00
1.92547009e+00
1.73479853e+00
1.73792430e+00
1.73636142e+00
1.90749695e+00
1.71682540e+00
1.74339438e+00
1.72385836e+00
1.91765568e+00
1.76214896e+00
1.71526252e+00
1.72698413e+00
1.93641026e+00
1.73323565e+00
1.72776557e+00
1.74573871e+00
2.22319902e+00
2.05831502e+00
1.75120879e+00
1.74183150e+00
1.94266178e+00
1.73010989e+00
1.72776557e+00
1.72854701e+00
1.91687424e+00
1.72307692e+00
1.73714286e+00
1.76214896e+00
1.92234432e+00
1.72698413e+00
1.71526252e+00
1.72776557e+00
1.92078144e+00
1.74339438e+00
1.71213675e+00
2.00908425e+00
1.93406593e+00
1.71213675e+00
1.75980464e+00
1.74026862e+00
1.92859585e+00
1.73948718e+00
1.74339438e+00
1.75980464e+00
1.94969475e+00
1.73323565e+00
1.73245421e+00
1.74730159e+00
1.91452991e+00
1.72932845e+00
1.75277167e+00
1.73636142e+00
2.27321123e+00
2.02471306e+00
1.77152625e+00
1.71682540e+00
1.92156288e+00
1.71526252e+00
1.73479853e+00
1.73870574e+00
1.91687424e+00
1.73557998e+00
1.69728938e+00
1.72542125e+00
1.96454212e+00
1.73010989e+00
1.74105006e+00
1.72073260e+00
1.93562882e+00
2.01221001e+00
2.00283272e+00
1.70979243e+00
1.92547009e+00
1.73557998e+00
1.75980464e+00
1.77074481e+00
1.92547009e+00
1.91218559e+00
1.71995116e+00
1.72854701e+00
1.93484737e+00
1.91218559e+00
1.74026862e+00
1.73557998e+00
1.96688645e+00
1.92703297e+00
1.72776557e+00
1.98251526e+00
2.23726496e+00
1.90515263e+00
1.73792430e+00
1.72385836e+00
1.92078144e+00
1.92781441e+00
1.73401709e+00
1.73167277e+00
1.90124542e+00
1.94656899e+00
1.73089133e+00
1.72698413e+00
1.84029304e+00
1.91609280e+00
1.74026862e+00
1.74652015e+00
1.75355311e+00
1.91765568e+00
2.02158730e+00
1.75120879e+00
1.72932845e+00
1.91296703e+00
1.74261294e+00
1.73401709e+00
1.74339438e+00
1.93406593e+00
1.75277167e+00
1.73870574e+00
1.73792430e+00
1.91296703e+00
1.73636142e+00
1.72542125e+00
1.74417582e+00
1.92312576e+00
1.72776557e+00
2.01611722e+00
2.03409035e+00
1.93172161e+00
1.71448107e+00
1.73089133e+00
1.72854701e+00
1.95438339e+00
1.72463980e+00
1.73010989e+00
1.75980464e+00
1.94422466e+00
1.74964591e+00
1.73870574e+00
1.74183150e+00
1.94031746e+00
1.73948718e+00
1.74105006e+00
2.01221001e+00
2.22788767e+00
1.73010989e+00
1.73948718e+00
1.74652015e+00
1.95672772e+00
1.73479853e+00
1.74261294e+00
1.72463980e+00
1.91843712e+00
1.76761905e+00
1.72620269e+00
1.71604396e+00
1.92625153e+00
1.75746032e+00
1.71526252e+00
1.74105006e+00
1.94344322e+00
2.02158730e+00
2.05284493e+00
1.74339438e+00
1.92468864e+00
1.78481074e+00
1.73089133e+00
1.76058608e+00
1.95594628e+00
1.73792430e+00
1.73401709e+00
1.73557998e+00
1.93172161e+00
1.75277167e+00
1.73245421e+00
1.76996337e+00
1.96219780e+00
1.76761905e+00
2.03096459e+00
1.73089133e+00
2.25601954e+00
1.82778999e+00
1.76605617e+00
1.73479853e+00
1.92625153e+00
1.92312576e+00
1.72932845e+00
1.73948718e+00
1.91843712e+00
1.91296703e+00
1.71526252e+00
1.71916972e+00
1.90671551e+00
1.92000000e+00
1.73089133e+00
1.72932845e+00
1.92781441e+00
2.21772894e+00
2.03409035e+00
1.73401709e+00
1.93094017e+00
1.91921856e+00
1.72151404e+00
1.73010989e+00
1.86139194e+00
1.89030525e+00
1.72151404e+00
1.74026862e+00
1.76058608e+00
1.91531136e+00
1.73714286e+00
1.73948718e+00
1.76605617e+00
1.94344322e+00
2.01846154e+00
2.02393162e+00
1.70666667e+00
1.91843712e+00
1.73167277e+00
1.72776557e+00
1.73323565e+00
1.89968254e+00
1.72776557e+00
1.71838828e+00
1.73167277e+00
1.91296703e+00
1.79809524e+00
1.74261294e+00
1.72151404e+00
1.91843712e+00
1.73245421e+00
1.77855922e+00
2.01299145e+00
2.23023199e+00
1.73089133e+00
1.77777778e+00
1.68713065e+00
1.91140415e+00
1.75277167e+00
1.71448107e+00
1.73010989e+00
1.93015873e+00
1.73636142e+00
1.74417582e+00
1.73323565e+00
1.95047619e+00
1.73714286e+00
1.74964591e+00
1.72776557e+00
1.91609280e+00
1.74026862e+00
1.73948718e+00
2.02549451e+00
1.95594628e+00
1.73401709e+00
1.71291819e+00
1.74261294e+00
1.93953602e+00
1.74261294e+00
1.74105006e+00
1.75120879e+00
1.90280830e+00
1.74105006e+00
1.74261294e+00
1.73089133e+00
1.92468864e+00
1.74026862e+00
1.73479853e+00
1.90671551e+00
2.23101343e+00
2.03721612e+00
1.75902320e+00
1.72620269e+00
1.92781441e+00
1.74183150e+00
1.73167277e+00
1.69963370e+00
1.91374847e+00
1.72776557e+00
1.73323565e+00
1.72698413e+00
1.90984127e+00
1.92625153e+00
1.75667888e+00
1.73089133e+00
1.92156288e+00
2.21460317e+00
2.03096459e+00
1.81763126e+00
1.94969475e+00
1.91296703e+00
1.76058608e+00
1.73557998e+00
1.92078144e+00
1.91452991e+00
1.73323565e+00
1.73792430e+00
1.91609280e+00
1.93953602e+00
1.73089133e+00
1.76058608e+00
1.88561661e+00
1.91374847e+00
1.72620269e+00
2.01299145e+00
1.82544567e+00
1.92156288e+00
1.74339438e+00
1.71604396e+00
1.72698413e+00
1.91218559e+00
1.76527473e+00
1.72620269e+00
1.73401709e+00
1.92312576e+00
1.73323565e+00
1.80278388e+00
1.73401709e+00
1.92859585e+00
1.73714286e+00
1.73323565e+00
1.77465201e+00
1.92234432e+00
2.02549451e+00
2.02080586e+00
1.68634921e+00
1.92703297e+00
1.73323565e+00
1.75511600e+00
1.72932845e+00
1.92859585e+00
1.71213675e+00
1.72854701e+00
1.72698413e+00
1.91687424e+00
1.74026862e+00
1.74495726e+00
1.75902320e+00
1.92390720e+00
1.73479853e+00
1.76605617e+00
2.01064713e+00
2.22866911e+00
1.74808303e+00
1.73870574e+00
1.70275946e+00
1.89655678e+00
1.73714286e+00
1.73401709e+00
1.73636142e+00
1.94188034e+00
1.73010989e+00
1.73479853e+00
1.73714286e+00
1.92703297e+00
1.74183150e+00
1.73792430e+00
1.73167277e+00
2.22163614e+00
2.02471306e+00
2.07316239e+00
1.74652015e+00
1.92156288e+00
1.73245421e+00
1.72463980e+00
1.71682540e+00
1.92156288e+00
1.73323565e+00
1.73167277e+00
1.74339438e+00
1.93406593e+00
1.75667888e+00
1.73636142e+00
1.72932845e+00
1.96923077e+00
1.76293040e+00
2.00048840e+00
1.73948718e+00
2.23101343e+00
1.77699634e+00
1.69963370e+00
1.72776557e+00
1.92390720e+00
1.91531136e+00
1.71682540e+00
1.73323565e+00
1.91609280e+00
1.91609280e+00
1.72932845e+00
1.74730159e+00
1.91452991e+00
1.92625153e+00
1.74964591e+00
1.72463980e+00
1.92547009e+00
2.20913309e+00
1.99501832e+00
1.75199023e+00
1.91921856e+00
1.91687424e+00
1.71838828e+00
1.71057387e+00
1.88014652e+00
1.92234432e+00
1.73636142e+00
1.73948718e+00
1.80200244e+00
1.91921856e+00
1.72776557e+00
1.73557998e+00
1.73323565e+00
1.95985348e+00
1.72854701e+00
2.02940171e+00
2.04424908e+00
1.98720391e+00
1.72463980e+00
1.73479853e+00
1.75667888e+00
1.92156288e+00
1.71760684e+00
1.79965812e+00
1.74652015e+00
1.92547009e+00
1.72620269e+00
1.71526252e+00
1.74886447e+00
1.94969475e+00
1.70901099e+00
1.73870574e+00
1.72698413e+00
2.24742369e+00
1.73792430e+00
1.72698413e+00
1.73010989e+00
1.92234432e+00
1.75902320e+00
1.72854701e+00
1.74730159e+00
1.91843712e+00
1.71916972e+00
1.77308913e+00
1.73636142e+00
1.89499389e+00
1.73948718e+00
1.72385836e+00
1.76683761e+00
1.92859585e+00
1.74417582e+00
2.02627595e+00
1.99032967e+00
2.23335775e+00
1.73167277e+00
1.73870574e+00
1.73479853e+00
1.91140415e+00
1.77308913e+00
1.74339438e+00
1.72854701e+00
1.90046398e+00
1.72229548e+00
1.78715507e+00
1.75355311e+00
1.92781441e+00
1.73479853e+00
1.75589744e+00
1.77152625e+00
2.21225885e+00
2.01064713e+00
2.06769231e+00
1.71760684e+00
1.94422466e+00
1.73792430e+00
1.72776557e+00
1.76293040e+00
1.98329670e+00
1.73167277e+00
1.72932845e+00
1.74105006e+00
1.93562882e+00
1.86764347e+00
1.75589744e+00
1.76214896e+00
1.91765568e+00
1.93641026e+00
2.08722833e+00
2.01768010e+00
1.92547009e+00
1.92234432e+00
1.74339438e+00
1.73636142e+00
1.93641026e+00
1.89968254e+00
1.73167277e+00
1.73948718e+00
1.93484737e+00
1.91452991e+00
1.72151404e+00
1.71291819e+00
1.92703297e+00
1.91374847e+00
1.74808303e+00
1.73714286e+00
1.85357753e+00
1.91843712e+00
2.16771673e+00
1.73948718e+00
1.73245421e+00
1.92547009e+00
1.74183150e+00
1.72463980e+00
1.80434676e+00
1.92156288e+00
1.74026862e+00
1.77152625e+00
1.69885226e+00
1.92625153e+00
1.73245421e+00
1.72542125e+00
1.73401709e+00
1.86217338e+00
2.02315018e+00
2.02158730e+00
1.73401709e+00
1.93015873e+00
1.78012210e+00
1.73089133e+00
1.73323565e+00
1.91140415e+00
1.73167277e+00
1.72698413e+00
1.75277167e+00
1.94266178e+00
1.73167277e+00
1.73557998e+00
1.71916972e+00
1.92859585e+00
1.73714286e+00
1.72463980e+00
2.01924298e+00
2.20444444e+00
1.75120879e+00
1.73089133e+00
1.81137973e+00
1.93875458e+00
1.74339438e+00
1.77777778e+00
1.72854701e+00
1.94031746e+00
1.73557998e+00
1.70822955e+00
1.78402930e+00
1.92937729e+00
1.73636142e+00
1.73323565e+00
1.75589744e+00
1.90827839e+00
2.02471306e+00
2.02158730e+00
1.73557998e+00
1.91765568e+00
1.74573871e+00
1.76214896e+00
1.73010989e+00
1.92234432e+00
1.71213675e+00
1.74652015e+00
1.73714286e+00
1.89108669e+00
1.74964591e+00
1.73636142e+00
1.73714286e+00
1.93875458e+00
1.73479853e+00
1.72620269e+00
1.72932845e+00
2.23726496e+00
2.02627595e+00
1.73714286e+00
1.71995116e+00
1.93641026e+00
1.94735043e+00
1.73557998e+00
1.73714286e+00
1.89733822e+00
1.96923077e+00
1.66368742e+00
1.73714286e+00
1.95360195e+00
1.89968254e+00
1.72542125e+00
1.76449328e+00
1.94344322e+00
2.24976801e+00
2.03330891e+00
1.73636142e+00
1.90984127e+00
1.92234432e+00
1.72073260e+00
1.75433455e+00
1.89264957e+00
1.88483516e+00
1.73948718e+00
1.73401709e+00
1.84888889e+00
1.91062271e+00
1.74652015e+00
1.73479853e+00
1.76371184e+00
1.91609280e+00
1.71291819e+00
1.99111111e+00
2.03409035e+00
1.92859585e+00
1.73245421e+00
1.73636142e+00
1.72463980e+00
1.91296703e+00
1.73401709e+00
1.72932845e+00
1.75199023e+00
1.91452991e+00
1.76214896e+00
1.73792430e+00
1.73401709e+00
1.92781441e+00
1.73636142e+00
1.77621490e+00
1.75980464e+00
2.21460317e+00
1.74183150e+00
1.86061050e+00
1.73714286e+00
1.94266178e+00
1.72932845e+00
1.74417582e+00
1.75511600e+00
1.92468864e+00
1.74652015e+00
1.73636142e+00
1.73948718e+00
1.88717949e+00
1.73479853e+00
1.71213675e+00
1.74105006e+00
1.91374847e+00
1.74886447e+00
2.01064713e+00
2.05284493e+00
1.93797314e+00
1.76527473e+00
1.75589744e+00
1.73948718e+00
1.86686203e+00
1.72854701e+00
1.73948718e+00
1.73792430e+00
1.92312576e+00
1.72385836e+00
1.76214896e+00
1.71995116e+00
1.93094017e+00
1.74026862e+00
1.74730159e+00
1.72385836e+00
2.25445665e+00
2.03409035e+00
1.74652015e+00
1.70432234e+00
1.92390720e+00
1.76918193e+00
1.75199023e+00
1.72932845e+00
1.96063492e+00
1.72229548e+00
1.74105006e+00
1.74886447e+00
1.92547009e+00
1.76840049e+00
1.72776557e+00
1.74261294e+00
1.95438339e+00
1.90280830e+00
2.01221001e+00
2.03409035e+00
1.96141636e+00
1.92390720e+00
1.74808303e+00
1.73636142e+00
1.92468864e+00
1.90905983e+00
1.75511600e+00
1.73245421e+00
1.92312576e+00
1.91843712e+00
1.72463980e+00
1.71760684e+00
1.91218559e+00
1.92468864e+00
1.69963370e+00
2.02627595e+00
1.91531136e+00
1.92234432e+00
1.74261294e+00
1.77855922e+00
1.81528694e+00
1.92312576e+00
1.73636142e+00
1.74105006e+00
1.71526252e+00
1.92781441e+00
1.71604396e+00
1.73323565e+00
1.70822955e+00
1.89655678e+00
1.73401709e+00
1.73401709e+00
1.73792430e+00
1.90358974e+00
2.02393162e+00
2.02315018e+00
1.73323565e+00
1.92000000e+00
1.73010989e+00
1.69650794e+00
1.74652015e+00
1.93015873e+00
1.73245421e+00
1.74105006e+00
1.73089133e+00
1.92156288e+00
1.75199023e+00
1.73636142e+00
1.74105006e+00
1.91687424e+00
1.73948718e+00
2.01377289e+00
2.02705739e+00
1.94735043e+00
1.71916972e+00
1.73401709e+00
1.73948718e+00
1.92703297e+00
1.74730159e+00
1.74652015e+00
1.72385836e+00
1.93406593e+00
1.75902320e+00
1.73245421e+00
1.71838828e+00
1.92781441e+00
1.73479853e+00
1.73089133e+00
1.74964591e+00
2.20210012e+00
2.03018315e+00
1.70119658e+00
1.73636142e+00
1.91531136e+00
1.75120879e+00
1.72542125e+00
1.74339438e+00
1.92234432e+00
1.71916972e+00
1.75199023e+00
1.72698413e+00
1.91843712e+00
1.73323565e+00
1.73245421e+00
1.77308913e+00
1.93953602e+00
1.73245421e+00
1.73245421e+00
1.74417582e+00
1.94188034e+00
1.74105006e+00
1.79028083e+00
1.73323565e+00
1.86373626e+00
1.75746032e+00
1.75042735e+00
1.71838828e+00
1.93406593e+00
1.94188034e+00
1.71682540e+00
1.73401709e+00
1.92703297e+00
1.91765568e+00
1.72151404e+00
1.72463980e+00
2.23570208e+00
2.23726496e+00
1.73245421e+00
1.75120879e+00
1.90671551e+00
1.90905983e+00
1.71916972e+00
1.73479853e+00
1.95203907e+00
1.91765568e+00
1.73636142e+00
1.75355311e+00
1.89577534e+00
1.95672772e+00
1.73010989e+00
1.75433455e+00
1.80200244e+00
1.92859585e+00
1.99345543e+00
2.02315018e+00
1.73010989e+00
1.94969475e+00
1.74808303e+00
1.73089133e+00
1.74573871e+00
1.91374847e+00
1.74105006e+00
1.73479853e+00
1.73167277e+00
1.91843712e+00
1.72307692e+00
1.74339438e+00
1.72151404e+00
1.91374847e+00
1.71213675e+00
2.01689866e+00
2.02158730e+00
1.92234432e+00
1.73089133e+00
1.74261294e+00
1.73323565e+00
1.94031746e+00
1.73010989e+00
1.73479853e+00
1.72151404e+00
1.92156288e+00
1.73323565e+00
1.73401709e+00
1.73479853e+00
1.88717949e+00
1.74105006e+00
1.71213675e+00
1.72776557e+00
1.92390720e+00
1.75433455e+00
1.73870574e+00
1.63555556e+00
1.91609280e+00
1.74730159e+00
1.71526252e+00
1.73089133e+00
1.93250305e+00
1.75120879e+00
1.73245421e+00
1.73948718e+00
1.91843712e+00
1.73870574e+00
1.73792430e+00
1.73010989e+00
1.91609280e+00
1.73636142e+00
2.08097680e+00
2.01455433e+00
1.93875458e+00
1.71682540e+00
1.73792430e+00
1.74183150e+00
1.95282051e+00
1.71135531e+00
1.76840049e+00
1.73401709e+00
1.92859585e+00
1.74026862e+00
1.72151404e+00
1.69416361e+00
1.94109890e+00
1.72620269e+00
1.72776557e+00
2.00986569e+00
2.24351648e+00
2.04112332e+00
1.71369963e+00
1.73479853e+00
1.90671551e+00
1.91531136e+00
1.74417582e+00
1.74339438e+00
1.92468864e+00
1.88405372e+00
1.72854701e+00
1.73714286e+00
1.93562882e+00
1.92156288e+00
1.73636142e+00
1.74026862e+00
1.92390720e+00
2.22085470e+00
2.00361416e+00
1.73948718e+00
1.93094017e+00
1.91531136e+00
1.76293040e+00
1.72854701e+00
1.91531136e+00
1.90827839e+00
1.73323565e+00
1.82544567e+00
1.83247863e+00
1.89499389e+00
1.73323565e+00
1.73010989e+00
1.75277167e+00
1.91843712e+00
2.04034188e+00
2.02471306e+00
1.74026862e+00
1.96766789e+00
1.73792430e+00
1.70275946e+00
1.74808303e+00
1.91531136e+00
1.73323565e+00
1.73089133e+00
1.75199023e+00
1.91452991e+00
1.73557998e+00
1.75589744e+00
1.73948718e+00
1.95125763e+00
1.72854701e+00
1.73401709e+00
1.76605617e+00
2.23492063e+00
2.02080586e+00
1.75902320e+00
1.73636142e+00
1.92468864e+00
1.72776557e+00
1.75746032e+00
1.75511600e+00
1.92312576e+00
1.74730159e+00
1.74417582e+00
1.73792430e+00
1.98720391e+00
1.73714286e+00
1.77387057e+00
1.73870574e+00
1.93094017e+00
2.01221001e+00
2.01533578e+00
1.75277167e+00
1.91921856e+00
1.78637363e+00
1.69885226e+00
1.72698413e+00
1.90202686e+00
1.73714286e+00
1.71760684e+00
1.72776557e+00
1.92312576e+00
1.73714286e+00
1.74495726e+00
1.75589744e+00
1.91296703e+00
1.73010989e+00
1.75042735e+00
2.02080586e+00
2.22085470e+00
1.71838828e+00
1.73089133e+00
1.72698413e+00
1.94656899e+00
1.77934066e+00
1.74652015e+00
1.72620269e+00
1.92937729e+00
1.74417582e+00
1.74105006e+00
1.71291819e+00
1.92234432e+00
1.76605617e+00
1.73010989e+00
1.71369963e+00
2.28649573e+00
2.22319902e+00
1.72307692e+00
1.73636142e+00
1.93953602e+00
1.93719170e+00
1.73636142e+00
1.72542125e+00
1.92468864e+00
1.96532357e+00
1.74573871e+00
1.73323565e+00
1.90046398e+00
1.92390720e+00
1.73948718e+00
1.74339438e+00
1.92156288e+00
1.93406593e+00
1.74652015e+00
2.03096459e+00
2.19897436e+00
1.92234432e+00
1.74808303e+00
1.74808303e+00
1.81216117e+00
1.90280830e+00
1.73245421e+00
1.72932845e+00
1.74261294e+00
1.91140415e+00
1.73010989e+00
1.74026862e+00
1.71135531e+00
1.92312576e+00
1.76136752e+00
1.73792430e+00
1.73479853e+00
2.23413919e+00
2.01455433e+00
1.71291819e+00
1.73792430e+00
1.90984127e+00
1.77152625e+00
1.72932845e+00
1.72776557e+00
1.91531136e+00
1.74964591e+00
1.73401709e+00
1.77699634e+00
1.92234432e+00
1.72854701e+00
1.73479853e+00
1.75902320e+00
1.94344322e+00
1.74026862e+00
2.01689866e+00
2.02315018e+00
1.92078144e+00
1.74808303e+00
1.72932845e+00
1.74183150e+00
1.92937729e+00
1.73167277e+00
1.70510379e+00
1.73245421e+00
1.90984127e+00
1.74026862e+00
1.71760684e+00
1.73010989e+00
1.93484737e+00
1.74026862e+00
1.72463980e+00
1.98720391e+00
1.92703297e+00
1.74808303e+00
1.76058608e+00
1.73792430e+00
1.94969475e+00
1.72151404e+00
1.72698413e+00
1.75355311e+00
1.92468864e+00
1.74495726e+00
1.73479853e+00
1.73089133e+00
1.92703297e+00
1.73714286e+00
1.73010989e+00
1.72854701e+00
1.93015873e+00
1.74183150e+00
2.02080586e+00
2.01533578e+00
1.93719170e+00
1.73557998e+00
1.75199023e+00
1.73479853e+00
2.00048840e+00
1.73401709e+00
1.73401709e+00
1.75980464e+00
1.91921856e+00
1.93406593e+00
1.72854701e+00
1.73245421e+00
1.97157509e+00
