1.03740449e+01 2.99260667e+01 3.65206775e+00
1.38368023e+01 4.21182467e+01 5.92395645e+00
1.29631106e+01 4.17380427e+01 5.81123675e+00
1.21105305e+01 4.13578553e+01 5.70172219e+00
1.13146767e+01 4.11096184e+01 5.61984654e+00
1.06440380e+01 4.12883408e+01 5.61984654e+00
9.03516530e+00 3.75668181e+01 4.90197491e+00
7.78063219e+00 3.48351817e+01 4.37355356e+00
6.67725781e+00 3.23626189e+01 3.89812449e+00
5.84365537e+00 3.08517318e+01 3.60309394e+00
5.11412344e+00 2.96299819e+01 3.36402119e+00
4.52027872e+00 2.89979870e+01 3.23482868e+00
4.01511527e+00 2.88338588e+01 3.19245505e+00
3.49978250e+00 2.85247663e+01 3.12544426e+00
3.03907437e+00 2.86161079e+01 3.13232995e+00
2.56467607e+00 2.85702988e+01 3.11584618e+00
2.09093383e+00 2.84942679e+01 3.09533452e+00
1.63903335e+00 2.87380271e+01 3.13371116e+00
1.17935637e+00 2.89649416e+01 3.17035876e+00
7.10337030e-01 2.90866909e+01 3.18945708e+00
2.44240216e-01 3.00085505e+01 3.35351455e+00
-2.51744640e-01 3.09305808e+01 3.51898611e+00
-7.81167323e-01 3.19870308e+01 3.71010261e+00
-1.37496877e+00 3.37691739e+01 4.03323294e+00
-2.06634077e+00 3.62302310e+01 4.48043506e+00
-2.87988095e+00 3.92456701e+01 5.02995167e+00
-3.80908419e+00 4.24329119e+01 5.61361174e+00
-4.51765647e+00 4.25385262e+01 5.64487525e+00
-5.18824074e+00 4.22864434e+01 5.61361174e+00
-5.82830716e+00 4.18549840e+01 5.55175196e+00
-6.63752090e+00 4.25802825e+01 5.70172219e+00
-7.42732951e+00 4.30321327e+01 5.80471189e+00
-7.92860325e+00 4.18592688e+01 5.61361174e+00
-8.79480642e+00 4.26257270e+01 5.77872003e+00
-9.47959774e+00 4.24417325e+01 5.77224841e+00
-1.03231613e+01 4.29221061e+01 5.89043142e+00
-1.08112377e+01 4.19369103e+01 5.74004323e+00
-1.16461736e+01 4.23140461e+01 5.84402853e+00
-1.25759799e+01 4.29473802e+01 5.99895387e+00
-1.29415601e+01 4.16686556e+01 5.79819790e+00
-1.36635153e+01 4.15907731e+01 5.82431957e+00
-1.45947806e+01 4.21016473e+01 5.96464088e+00
-1.61317235e+01 4.41971461e+01 6.41141043e+00
-1.63223905e+01 4.47195293e+01 5.84639960e+00
-1.60318564e+01 4.62471882e+01 6.06834473e+00
-1.52769688e+01 4.65020113e+01 6.06834473e+00
-1.39388569e+01 4.48797069e+01 5.74538556e+00
-1.29361881e+01 4.41775029e+01 5.58629332e+00
-1.23403476e+01 4.48361887e+01 5.66416987e+00
-1.12783727e+01 4.37489322e+01 5.44517276e+00
-1.07156259e+01 4.45539128e+01 5.55186511e+00
-9.92667560e+00 4.44433742e+01 5.50457430e+00
-9.39694426e+00 4.55441043e+01 5.66416987e+00
-8.73728608e+00 4.61287310e+01 5.73785065e+00
-7.65100416e+00 4.43280491e+01 5.41278316e+00
-6.91054554e+00 4.43317597e+01 5.39354131e+00
-6.24200046e+00 4.48258512e+01 5.45824644e+00
-5.36279932e+00 4.37091725e+01 5.25623015e+00
-4.62350876e+00 4.35352379e+01 5.21374554e+00
-3.99771317e+00 4.45342245e+01 5.36809607e+00
-3.30640698e+00 4.50581672e+01 5.44517276e+00
-2.40256589e+00 4.21254416e+01 4.95140545e+00
-1.50798371e+00 3.70360151e+01 4.10340295e+00
-8.24629991e-01 3.37667286e+01 3.55927550e+00
-2.56058291e-01 3.14605772e+01 3.17636139e+00
2.45261226e-01 3.01339968e+01 2.95694701e+00
7.29022398e-01 2.98518144e+01 2.91158304e+00
1.19127238e+00 2.92575983e+01 2.81584127e+00
1.65952327e+00 2.90972875e+01 2.79313822e+00
2.11178457e+00 2.87784120e+01 2.74537552e+00
2.58131851e+00 2.87556944e+01 2.74794416e+00
3.05481067e+00 2.87642818e+01 2.75699430e+00
3.51499120e+00 2.86487239e+01 2.74665899e+00
3.98083977e+00 2.85877151e+01 2.74665899e+00
4.45890069e+00 2.86042415e+01 2.76090553e+00
4.93611030e+00 2.85986172e+01 2.77277885e+00
5.42698894e+00 2.86519304e+01 2.79591578e+00
5.93691210e+00 2.87743905e+01 2.83215517e+00
6.63667301e+00 2.97134866e+01 3.00832478e+00
7.33596536e+00 3.05018079e+01 3.16147123e+00
8.40283462e+00 3.25946883e+01 3.54002142e+00
1.00143798e+01 3.63852493e+01 4.21446928e+00
1.17812128e+01 4.02332245e+01 4.90654417e+00
1.28994610e+01 4.15331068e+01 5.16579985e+00
1.37907012e+01 4.19779179e+01 5.28074727e+00
1.43874116e+01 4.15034488e+01 5.23795883e+00
1.50736592e+01 4.12982976e+01 5.24403846e+00
1.62987217e+01 4.46546823e+01 5.17376245e+00
1.50733503e+01 4.34821800e+01 4.94433318e+00
1.40494707e+01 4.27655942e+01 4.79196562e+00
1.32600474e+01 4.26941065e+01 4.74527933e+00
1.25206053e+01 4.27582739e+01 4.72224655e+00
1.15775662e+01 4.20647750e+01 4.58224210e+00
1.00692723e+01 3.90588183e+01 4.08369759e+00
8.17101392e+00 3.39738104e+01 3.26720651e+00
7.01798921e+00 3.14207025e+01 2.85123212e+00
6.20544899e+00 3.00759064e+01 2.62633931e+00
5.63779042e+00 2.97648624e+01 2.56346345e+00
5.09265415e+00 2.95055940e+01 2.51014000e+00
4.58997610e+00 2.94451019e+01 2.48876955e+00
4.06090149e+00 2.91626646e+01 2.43477508e+00
3.57679098e+00 2.91524192e+01 2.42371980e+00
3.10951623e+00 2.92793927e+01 2.43477508e+00
2.65149534e+00 2.95374590e+01 2.46689744e+00
2.16528401e+00 2.95074773e+01 2.45638894e+00
1.68359481e+00 2.95193464e+01 2.45343715e+00
1.20528418e+00 2.96017277e+01 2.46235968e+00
7.24275831e-01 2.96574533e+01 2.46842149e+00
2.43780081e-01 2.99520160e+01 2.51182714e+00
-2.46057402e-01 3.02318189e+01 2.55418819e+00
-7.42979716e-01 3.04233349e+01 2.58440367e+00
-1.25268938e+00 3.07659974e+01 2.63876571e+00
-1.80763764e+00 3.16942540e+01 2.78323373e+00
-2.48161078e+00 3.38182306e+01 3.11075299e+00
-3.41287967e+00 3.80192232e+01 3.75612361e+00
-4.35345304e+00 4.09923768e+01 4.21798767e+00
-5.24344911e+00 4.27364158e+01 4.49563587e+00
-6.08798461e+00 4.37198129e+01 4.65986074e+00
-6.77038340e+00 4.34326072e+01 4.63192581e+00
-7.48269208e+00 4.33528900e+01 4.63749303e+00
-8.06588158e+00 4.25840334e+01 4.53867700e+00
-8.98769723e+00 4.35606095e+01 4.71080253e+00
-9.58998437e+00 4.29359517e+01 4.63749303e+00
-1.02703973e+01 4.27027214e+01 4.62636824e+00
-1.11222055e+01 4.31431581e+01 4.72224655e+00
-1.19451781e+01 4.34004193e+01 4.79196562e+00
-1.28059068e+01 4.37325878e+01 4.87594271e+00
-1.30162062e+01 4.19089977e+01 4.62082021e+00
-1.38003028e+01 4.20071447e+01 4.67110567e+00
-1.49386347e+01 4.30935653e+01 4.88206568e+00
-1.55966061e+01 4.27310499e+01 4.86374971e+00
-1.62724848e+01 4.45827991e+01 4.50437748e+00
-1.58522733e+01 4.57291437e+01 4.63346624e+00
-1.53752494e+01 4.68011706e+01 4.75210729e+00
-1.40628504e+01 4.52789358e+01 4.49789581e+00
-1.32328236e+01 4.51905226e+01 4.45330975e+00
-1.25691285e+01 4.56674186e+01 4.49144290e+00
-1.16322793e+01 4.51217397e+01 4.38580832e+00
-1.08256912e+01 4.50115475e+01 4.34430989e+00
-1.01290082e+01 4.53492507e+01 4.36789344e+00
-9.20441082e+00 4.46109538e+01 4.24198446e+00
-8.63951431e+00 4.56125424e+01 4.36196570e+00
-7.62061952e+00 4.41520079e+01 4.13948020e+00
-6.99730194e+00 4.48883096e+01 4.22546353e+00
-6.21141126e+00 4.46061801e+01 4.17133127e+00
-5.46567845e+00 4.45476826e+01 4.15004853e+00
-4.58706579e+00 4.31920887e+01 3.95119768e+00
-3.96191679e+00 4.41354555e+01 4.07186794e+00
-3.03277599e+00 4.13292521e+01 3.67704542e+00
-2.09924345e+00 3.68071309e+01 3.04844185e+00
-1.35218160e+00 3.32095220e+01 2.54952258e+00
-7.91843148e-01 3.24241817e+01 2.43912672e+00
-2.56668883e-01 3.15355974e+01 2.31580842e+00
2.53646492e-01 3.11642517e+01 2.26476643e+00
7.61227783e-01 3.11705519e+01 2.26676790e+00
1.24577166e+00 3.05960984e+01 2.19001816e+00
1.72124569e+00 3.01794990e+01 2.13601443e+00
2.22396718e+00 3.03071841e+01 2.15802370e+00
2.69207236e+00 2.99894839e+01 2.11973082e+00
3.18232087e+00 2.99649256e+01 2.12294213e+00
3.66256183e+00 2.98514893e+01 2.11495640e+00
4.14480285e+00 2.97651878e+01 2.11180189e+00
4.63762575e+00 2.97507786e+01 2.11973082e+00
5.14346750e+00 2.97999942e+01 2.13767389e+00
5.64378059e+00 2.97964877e+01 2.14944727e+00
6.17966117e+00 2.99509207e+01 2.18456701e+00
6.78721465e+00 3.03874865e+01 2.26077483e+00
7.37102650e+00 3.06475866e+01 2.31373078e+00
7.99929519e+00 3.10293544e+01 2.38552521e+00
9.20854878e+00 3.34574232e+01 2.75081298e+00
1.09735079e+01 3.74748863e+01 3.34828889e+00
1.26733811e+01 4.08051846e+01 3.85401826e+00
1.37379949e+01 4.18174837e+01 4.03109760e+00
1.45017694e+01 4.18333373e+01 4.06673895e+00
1.55494287e+01 4.26017947e+01 4.21452466e+00
1.54731498e+01 4.23928085e+01 3.56062215e+00
1.50034501e+01 4.32805384e+01 3.64450863e+00
1.45200518e+01 4.41980095e+01 3.73281291e+00
1.36110708e+01 4.38243159e+01 3.65464588e+00
1.24568935e+01 4.25406962e+01 3.46161351e+00
1.14352886e+01 4.15478378e+01 3.30911803e+00
9.83471027e+00 3.81489497e+01 2.85239122e+00
8.11277889e+00 3.37316782e+01 2.27135209e+00
7.20205075e+00 3.22447766e+01 2.06695945e+00
6.50630369e+00 3.15340567e+01 1.96304667e+00
5.85472164e+00 3.09101565e+01 1.87179799e+00
5.29317125e+00 3.06673412e+01 1.82991828e+00
4.75191139e+00 3.04839311e+01 1.79671778e+00
4.21972377e+00 3.03032195e+01 1.76502955e+00
3.70704346e+00 3.02140342e+01 1.74587747e+00
3.20418038e+00 3.01707560e+01 1.73350034e+00
2.71711705e+00 3.02684799e+01 1.73964916e+00
2.22962935e+00 3.03843455e+01 1.74902111e+00
1.73116418e+00 3.03534049e+01 1.74119889e+00
1.24850238e+00 3.06631648e+01 1.77651577e+00
7.48580758e-01 3.06526849e+01 1.77321100e+00
2.52236897e-01 3.09910619e+01 1.81401675e+00
-2.55920945e-01 3.14437021e+01 1.86994453e+00
-7.76987264e-01 3.18158669e+01 1.91697070e+00
-1.31246473e+00 3.22340773e+01 1.97077056e+00
-1.88479277e+00 3.30470552e+01 2.07455348e+00
-2.50375790e+00 3.41200411e+01 2.21182568e+00
-3.25997880e+00 3.63159190e+01 2.48984441e+00
-4.26996535e+00 4.02062518e+01 2.98040799e+00
-5.22209705e+00 4.25623872e+01 3.28301780e+00
-6.04735943e+00 4.34280702e+01 3.40231610e+00
-6.78734418e+00 4.35414121e+01 3.42951732e+00
-7.53935034e+00 4.36811541e+01 3.46161351e+00
-8.38397554e+00 4.42634188e+01 3.55099398e+00
-9.06429275e+00 4.39318445e+01 3.52711936e+00
-9.78655491e+00 4.38160306e+01 3.53187258e+00
-1.05074665e+01 4.36884186e+01 3.53663649e+00
-1.12268364e+01 4.35490225e+01 3.54141124e+00
-1.19754551e+01 4.35104247e+01 3.56062215e+00
-1.26601871e+01 4.32349506e+01 3.55099398e+00
-1.35867352e+01 4.37459615e+01 3.64450863e+00
-1.38817802e+01 4.22551562e+01 3.48014176e+00
-1.50573625e+01 4.34360598e+01 3.66484588e+00
-1.61959353e+01 4.43730714e+01 3.82108164e+00
-1.63248950e+01 4.47263910e+01 3.21156007e+00
-1.61714880e+01 4.66499842e+01 3.40475166e+00
-1.53060038e+01 4.65903919e+01 3.36818715e+00
-1.40940441e+01 4.53793718e+01 3.20115445e+00
-1.30868382e+01 4.46919778e+01 3.09703595e+00
-1.23006482e+01 4.46919488e+01 3.07346765e+00
-1.17580839e+01 4.56097373e+01 3.15543698e+00
-1.09824658e+01 4.56633918e+01 3.14057741e+00
-1.01230393e+01 4.53225271e+01 3.08284470e+00
-9.30718204e+00 4.51090543e+01 3.04114603e+00
-8.54859218e+00 4.51325166e+01 3.02751738e+00
-7.73696779e+00 4.48261014e+01 2.97857793e+00
-6.90986802e+00 4.43274133e+01 2.90988253e+00
-6.20337995e+00 4.45485046e+01 2.92256463e+00
-5.42626699e+00 4.42264619e+01 2.87646007e+00
-4.55527653e+00 4.28927591e+01 2.72021896e+00
-3.86285130e+00 4.30318734e+01 2.72800119e+00
-3.00560372e+00 4.09589611e+01 2.49368143e+00
-2.18189914e+00 3.82563762e+01 2.19191986e+00
-1.43164025e+00 3.51610229e+01 1.84870484e+00
-8.07614783e-01 3.30699944e+01 1.61718400e+00
-2.64159749e-01 3.24559620e+01 1.54885482e+00
2.57459177e-01 3.16326969e+01 1.45853158e+00
7.70086241e-01 3.15332857e+01 1.44854173e+00
1.25323437e+00 3.07793823e+01 1.36759761e+00
1.76677756e+00 3.09778329e+01 1.39209464e+00
2.24066693e+00 3.05347604e+01 1.34696949e+00
2.75053801e+00 3.06407868e+01 1.36311133e+00
3.22921987e+00 3.04065294e+01 1.34265368e+00
3.68842644e+00 3.00622973e+01 1.31085990e+00
4.19083038e+00 3.00957265e+01 1.32165408e+00
4.70761590e+00 3.01997716e+01 1.34122351e+00
5.21420999e+00 3.02098589e+01 1.35132286e+00
5.73030768e+00 3.02533097e+01 1.36609827e+00
6.32849751e+00 3.06722848e+01 1.42392950e+00
6.89898446e+00 3.08878985e+01 1.46020362e+00
7.50926221e+00 3.12223493e+01 1.51107532e+00
8.23093273e+00 3.19278789e+01 1.60532623e+00
9.38433004e+00 3.40960893e+01 1.86777167e+00
1.09493967e+01 3.73925458e+01 2.26258950e+00
1.24352901e+01 4.00385900e+01 2.58760868e+00
1.34405345e+01 4.09120355e+01 2.71245921e+00
1.43872854e+01 4.15030845e+01 2.80712063e+00
1.52131904e+01 4.16805806e+01 2.85584224e+00
1.57624261e+01 4.31853577e+01 2.39982404e+00
1.53515277e+01 4.42846399e+01 2.48594502e+00
1.41716953e+01 4.31376372e+01 2.34552376e+00
1.34441967e+01 4.32870224e+01 2.33793440e+00
1.29307989e+01 4.41590985e+01 2.40378846e+00
1.16460647e+01 4.23136505e+01 2.19986290e+00
1.03656775e+01 4.02085775e+01 1.97315324e+00
8.71299150e+00 3.62272693e+01 1.56431574e+00
7.46802116e+00 3.34355703e+01 1.27651246e+00
6.54005988e+00 3.16976627e+01 1.09485588e+00
5.93317649e+00 3.13243609e+01 1.04843633e+00
5.34730795e+00 3.09809960e+01 1.00602350e+00
4.82399531e+00 3.09463558e+01 9.94611273e-01
4.27378738e+00 3.06914680e+01 9.62723880e-01
3.73848941e+00 3.04703325e+01 9.35027805e-01
3.22536550e+00 3.03702365e+01 9.19894487e-01
2.76550779e+00 3.08075491e+01 9.57336273e-01
2.26164707e+00 3.08206680e+01 9.54661590e-01
1.74499393e+00 3.05958892e+01 9.29924811e-01
1.25895177e+00 3.09198013e+01 9.58678471e-01
7.53130169e-01 3.08389730e+01 9.49351309e-01
2.54666299e-01 3.12895501e+01 9.91781963e-01
-2.58970979e-01 3.18184442e+01 1.04250782e+00
-7.78731566e-01 3.18872921e+01 1.04992151e+00
-1.31352712e+00 3.22601694e+01 1.08733450e+00
-1.90210555e+00 3.33506092e+01 1.19454868e+00
-2.62047265e+00 3.57105752e+01 1.42489459e+00
-3.50548544e+00 3.90508445e+01 1.75109773e+00
-4.44522131e+00 4.18564724e+01 2.02768980e+00
-5.26552212e+00 4.29163206e+01 2.13762502e+00
-5.95846987e+00 4.27897251e+01 2.13421623e+00
-6.65416728e+00 4.26870705e+01 2.13421623e+00
-7.48947721e+00 4.33922014e+01 2.21393405e+00
-8.13359104e+00 4.29415072e+01 2.18240171e+00
-9.04936061e+00 4.38594730e+01 2.28581620e+00
-9.78712920e+00 4.38186019e+01 2.29684549e+00
-1.04454522e+01 4.34305724e+01 2.27485648e+00
-1.15597505e+01 4.48403997e+01 2.43189728e+00
-1.22103098e+01 4.43637225e+01 2.40378846e+00
-1.27378344e+01 4.35001185e+01 2.33793440e+00
-1.32603923e+01 4.26952170e+01 2.27850218e+00
-1.42971923e+01 4.35196411e+01 2.38408666e+00
-1.49505482e+01 4.31279320e+01 2.36853314e+00
-1.60703134e+01 4.40288969e+01 2.48594502e+00
-1.64653765e+01 4.51112774e+01 1.93774306e+00
-1.64256032e+01 4.73830318e+01 2.11245624e+00
-1.51138879e+01 4.60056048e+01 1.97079485e+00
-1.38844458e+01 4.47045165e+01 1.83825485e+00
-1.30692819e+01 4.46320226e+01 1.81321463e+00
-1.24102881e+01 4.50903036e+01 1.83463770e+00
-1.17525668e+01 4.55883362e+01 1.86025495e+00
-1.08351108e+01 4.50507126e+01 1.79918544e+00
-1.03630110e+01 4.63969204e+01 1.89814482e+00
-9.32893764e+00 4.52144970e+01 1.78534520e+00
-8.36072355e+00 4.41406593e+01 1.68337994e+00
-7.71409783e+00 4.46935984e+01 1.71861325e+00
-7.04102577e+00 4.51688019e+01 1.74817134e+00
-6.15919192e+00 4.42311759e+01 1.66140479e+00
-5.35217226e+00 4.36225573e+01 1.60322739e+00
-4.56142376e+00 4.29506417e+01 1.54100828e+00
-3.91962882e+00 4.36643707e+01 1.59421495e+00
-3.11733673e+00 4.24816063e+01 1.49202507e+00
-2.32153531e+00 4.07046900e+01 1.34212299e+00
-1.47781061e+00 3.62949651e+01 9.76951285e-01
-8.14385237e-01 3.33472291e+01 7.33174974e-01
-2.64405510e-01 3.24861573e+01 6.61719465e-01
2.58811515e-01 3.17988517e+01 6.05263298e-01
7.72993798e-01 3.16523436e+01 5.93917989e-01
1.26223721e+00 3.10004916e+01 5.41710476e-01
1.77154407e+00 3.10614067e+01 5.48750278e-01
2.24543512e+00 3.05997391e+01 5.13441372e-01
2.75284066e+00 3.06664382e+01 5.22290425e-01
3.29944194e+00 3.10677446e+01 5.59475259e-01
3.80647736e+00 3.10244642e+01 5.60678533e-01
4.25594825e+00 3.05633593e+01 5.27917689e-01
4.75712177e+00 3.05173561e+01 5.30188788e-01
5.24851866e+00 3.04086350e+01 5.27917689e-01
5.78731145e+00 3.05542626e+01 5.47570646e-01
6.33399561e+00 3.06989324e+01 5.67943815e-01
6.91846566e+00 3.09751191e+01 6.00207660e-01
7.58215302e+00 3.15254180e+01 6.56557554e-01
8.51270784e+00 3.30208877e+01 7.94232231e-01
9.91988447e+00 3.60419194e+01 1.06377974e+00
1.18068900e+01 4.03209132e+01 1.44423689e+00
1.26136661e+01 4.06129171e+01 1.48634052e+00
1.35475651e+01 4.12378291e+01 1.55858481e+00
1.43590750e+01 4.14217060e+01 1.59421495e+00
1.51068187e+01 4.13891469e+01 1.61228424e+00
1.52276720e+01 4.17202567e+01 1.03321844e+00
1.54268144e+01 4.45018198e+01 1.21704660e+00
1.44681245e+01 4.40399466e+01 1.16613793e+00
1.33651738e+01 4.30325879e+01 1.07753625e+00
1.26087425e+01 4.30592656e+01 1.06433872e+00
1.15996038e+01 4.21448441e+01 9.85309160e-01
1.06288836e+01 4.12295569e+01 9.07712268e-01
8.73427127e+00 3.63157473e+01 5.50226824e-01
7.49783241e+00 3.35690402e+01 3.48090558e-01
6.61351611e+00 3.20536824e+01 2.34040824e-01
5.91901261e+00 3.12495823e+01 1.70862309e-01
5.37051919e+00 3.11154762e+01 1.55153413e-01
4.82410076e+00 3.09470323e+01 1.37726137e-01
4.28760054e+00 3.07906648e+01 1.21787394e-01
3.79462577e+00 3.09278686e+01 1.26714371e-01
3.30304137e+00 3.11016371e+01 1.34700542e-01
2.80296644e+00 3.12248356e+01 1.39752097e-01
2.30971792e+00 3.14757550e+01 1.54116173e-01
1.78175773e+00 3.12404881e+01 1.35707251e-01
1.26767277e+00 3.11339886e+01 1.26714371e-01
7.68307817e-01 3.14604632e+01 1.47922904e-01
2.54193930e-01 3.12315126e+01 1.31691387e-01
-2.55637576e-01 3.14088860e+01 1.43824464e-01
-7.77627330e-01 3.18420762e+01 1.74033727e-01
-1.32639841e+00 3.25762880e+01 2.25452096e-01
-1.92293058e+00 3.37157453e+01 3.05294632e-01
-2.69033679e+00 3.66626510e+01 5.09863530e-01
-3.61306662e+00 4.02492908e+01 7.59523859e-01
-4.46380881e+00 4.20314934e+01 8.86527507e-01
-5.18930028e+00 4.22950791e+01 9.10083353e-01
-5.92038638e+00 4.25162351e+01 9.31577148e-01
-6.77197497e+00 4.34428172e+01 1.00278367e+00
-7.42857534e+00 4.30393508e+01 9.82828467e-01
-8.25827032e+00 4.35997548e+01 1.03065750e+00
-9.02777422e+00 4.37548504e+01 1.05128142e+00
-9.57622704e+00 4.28743579e+01 1.00027530e+00
-1.04828673e+01 4.35861389e+01 1.06171637e+00
-1.12583618e+01 4.36713096e+01 1.08019352e+00
-1.20616017e+01 4.38234213e+01 1.10439648e+00
-1.29561048e+01 4.42455190e+01 1.14888791e+00
-1.32965751e+01 4.28117169e+01 1.06171637e+00
-1.39203820e+01 4.23726572e+01 1.04609555e+00
-1.49661600e+01 4.31729675e+01 1.12084402e+00
-1.59673479e+01 4.37467954e+01 1.18078238e+00
-1.61070438e+01 4.41295295e+01 5.66229992e-01
-1.61529946e+01 4.65966361e+01 6.94198125e-01
-1.49838341e+01 4.56097302e+01 6.22605242e-01
-1.39603534e+01 4.49489206e+01 5.71140959e-01
-1.31890948e+01 4.50411876e+01 5.63788999e-01
-1.23840949e+01 4.49951360e+01 5.49337696e-01
-1.14500849e+01 4.44150058e+01 5.05524440e-01
-1.08425600e+01 4.50816852e+01 5.32872855e-01
-1.02208635e+01 4.57605022e+01 5.61357488e-01
-9.10745976e+00 4.41410617e+01 4.61971667e-01
-8.57432087e+00 4.52683519e+01 5.16794173e-01
-7.38721244e+00 4.27997042e+01 3.72372614e-01
-6.88274843e+00 4.41534388e+01 4.40961925e-01
-6.06528405e+00 4.35567927e+01 4.02152859e-01
-5.27611425e+00 4.30026511e+01 3.66497284e-01
-4.43594093e+00 4.17690878e+01 2.94243410e-01
-3.75850342e+00 4.18694458e+01 2.96093234e-01
-3.08643771e+00 4.20605288e+01 3.03521177e-01
-2.30318493e+00 4.03829433e+01 2.09176768e-01
-1.49721643e+00 3.67715712e+01 9.74503104e-03
-8.21587291e-01 3.36421369e+01 -1.62524057e-01
-2.63941533e-01 3.24291509e+01 -2.29353106e-01
2.58975279e-01 3.18189726e+01 -2.62725365e-01
7.71239377e-01 3.15805040e+01 -2.75310080e-01
1.28331966e+00 3.15182755e+01 -2.77800098e-01
1.77420466e+00 3.11080561e+01 -2.98898796e-01
2.28350571e+00 3.11185473e+01 -2.96513840e-01
2.80420421e+00 3.12386243e+01 -2.87653001e-01
3.29519243e+00 3.10277310e+01 -2.96513840e-01
3.78745187e+00 3.08693981e+01 -3.02056260e-01
4.28151497e+00 3.07469623e+01 -3.05187043e-01
4.80359746e+00 3.08155018e+01 -2.97310393e-01
5.30950317e+00 3.07619643e+01 -2.95715730e-01
5.88177922e+00 3.10530076e+01 -2.74477912e-01
6.34379004e+00 3.07464030e+01 -2.86023595e-01
6.93290007e+00 3.10397443e+01 -2.63570558e-01
7.66804458e+00 3.18825418e+01 -2.09583911e-01
8.59761077e+00 3.33502271e+01 -1.19402743e-01
1.01459451e+01 3.68632656e+01 8.80614206e-02
1.18326252e+01 4.04087998e+01 2.99801502e-01
1.27348477e+01 4.10030921e+01 3.45171694e-01
1.33567849e+01 4.06571077e+01 3.37499932e-01
1.43321471e+01 4.13440269e+01 3.90157525e-01
1.49040200e+01 4.08335259e+01 3.74336842e-01
1.51167833e+01 4.14164476e+01 -1.94020753e-01
1.46121443e+01 4.21517366e+01 -1.72552914e-01
1.38185773e+01 4.20627709e+01 -1.86415635e-01
1.29576280e+01 4.17203902e+01 -2.10532061e-01
1.22260285e+01 4.17522846e+01 -2.17943854e-01
1.13286082e+01 4.11602358e+01 -2.51347968e-01
1.05195945e+01 4.08056233e+01 -2.73939096e-01
8.84670584e+00 3.67832328e+01 -4.50553467e-01
7.48147712e+00 3.34958148e+01 -5.94504245e-01
6.64399930e+00 3.22014251e+01 -6.53604615e-01
5.92055057e+00 3.12577020e+01 -6.97320218e-01
5.35892526e+00 3.10483038e+01 -7.09869804e-01
4.80927130e+00 3.08518999e+01 -7.21468501e-01
4.28645956e+00 3.07824710e+01 -7.27413855e-01
3.77442865e+00 3.07632532e+01 -7.30921309e-01
3.27769848e+00 3.08630069e+01 -7.29173410e-01
2.78519487e+00 3.10268617e+01 -7.24456198e-01
2.26208758e+00 3.08266711e+01 -7.34380878e-01
1.77133698e+00 3.10577757e+01 -7.26234500e-01
1.27631742e+00 3.13463010e+01 -7.15409352e-01
7.55999043e-01 3.09564469e+01 -7.32079937e-01
2.55695979e-01 3.14160617e+01 -7.13571382e-01
-2.58670323e-01 3.17815041e+01 -6.98587655e-01
-7.80871012e-01 3.19748976e+01 -6.90310755e-01
-1.32231134e+00 3.24759096e+01 -6.69056748e-01
-1.93445987e+00 3.39178944e+01 -6.08778360e-01
-2.69171453e+00 3.66814261e+01 -4.93689052e-01
-3.70478953e+00 4.12710771e+01 -3.02751963e-01
-4.34507021e+00 4.09134436e+01 -3.14785723e-01
-5.09472829e+00 4.15242758e+01 -2.86408294e-01
-5.78385806e+00 4.15357805e+01 -2.82271506e-01
-6.42302453e+00 4.12042694e+01 -2.91892830e-01
-7.23741401e+00 4.19318088e+01 -2.57045516e-01
-7.97737575e+00 4.21167645e+01 -2.44179810e-01
-8.69029708e+00 4.21192023e+01 -2.38408258e-01
-9.52292679e+00 4.26357238e+01 -2.10532061e-01
-1.02753788e+01 4.27234339e+01 -2.00058752e-01
-1.10339234e+01 4.28007107e+01 -1.89465573e-01
-1.18285458e+01 4.29766591e+01 -1.74104862e-01
-1.23074985e+01 4.20305075e+01 -2.06057645e-01
-1.32099463e+01 4.25327932e+01 -1.75653807e-01
-1.37953598e+01 4.19920986e+01 -1.89465573e-01
-1.48917287e+01 4.29582550e+01 -1.37554949e-01
-1.54674851e+01 4.23772885e+01 -1.52083953e-01
-1.58969787e+01 4.35540004e+01 -7.33837381e-01
-1.55509075e+01 4.48597919e+01 -7.03389938e-01
-1.43790281e+01 4.37687435e+01 -7.41879723e-01
-1.35312594e+01 4.35673428e+01 -7.54173086e-01
-1.26976301e+01 4.33628196e+01 -7.66103002e-01
-1.20846793e+01 4.39072693e+01 -7.56367404e-01
-1.12502407e+01 4.36398079e+01 -7.69301207e-01
-1.06397595e+01 4.42384723e+01 -7.57460182e-01
-9.69050294e+00 4.33859900e+01 -7.86012967e-01
-8.91516874e+00 4.32090862e+01 -7.95189127e-01
-8.22447726e+00 4.34213434e+01 -7.93162562e-01
-7.20092877e+00 4.17204222e+01 -8.43880007e-01
-6.60654600e+00 4.23815758e+01 -8.28684379e-01
-5.75500995e+00 4.13286127e+01 -8.60546037e-01
-5.10196534e+00 4.15832609e+01 -8.55963705e-01
-4.37869848e+00 4.12300894e+01 -8.67798958e-01
-3.67204586e+00 4.09063151e+01 -8.78487147e-01
-3.03435480e+00 4.13507674e+01 -8.67798958e-01
-2.29739030e+00 4.02813430e+01 -8.98270307e-01
-1.49819842e+00 3.67956888e+01 -9.94471424e-01
-8.30570047e-01 3.40099604e+01 -1.07114744e+00
-2.65074273e-01 3.25683248e+01 -1.11078774e+00
2.59578063e-01 3.18930336e+01 -1.12924068e+00
7.64888743e-01 3.13204599e+01 -1.14465994e+00
1.26859589e+00 3.11566605e+01 -1.14868552e+00
1.77390476e+00 3.11027978e+01 -1.14948159e+00
2.25005127e+00 3.06626458e+01 -1.16063709e+00
2.77503568e+00 3.09136891e+01 -1.15263353e+00
3.29156773e+00 3.09936006e+01 -1.14908394e+00
3.79384117e+00 3.09214737e+01 -1.14948159e+00
4.27093341e+00 3.06709727e+01 -1.15457590e+00
4.76959790e+00 3.05973916e+01 -1.15457590e+00
5.30366340e+00 3.07281301e+01 -1.14868552e+00
5.81676754e+00 3.07097768e+01 -1.14668188e+00
6.31288434e+00 3.05966125e+01 -1.14708411e+00
7.00353225e+00 3.13559763e+01 -1.12283279e+00
7.61238101e+00 3.16511013e+01 -1.11121802e+00
8.53978354e+00 3.31259146e+01 -1.06598639e+00
9.77235290e+00 3.55058929e+01 -9.94471424e-01
1.12196527e+01 3.83154787e+01 -9.09812909e-01
1.20685064e+01 3.88576362e+01 -8.88929874e-01
1.29099815e+01 3.92970696e+01 -8.70493004e-01
1.37331037e+01 3.96159629e+01 -8.55042805e-01
1.43761119e+01 3.93871814e+01 -8.55042805e-01
1.47257512e+01 4.03451113e+01 -1.41351197e+00
1.45187917e+01 4.18824415e+01 -1.39467417e+00
1.36621970e+01 4.15867602e+01 -1.40224364e+00
1.25835664e+01 4.05160033e+01 -1.42066135e+00
1.20004709e+01 4.09819981e+01 -1.41686754e+00
1.07930813e+01 3.92145057e+01 -1.44459969e+00
1.00910717e+01 3.91433784e+01 -1.44800799e+00
8.73315994e+00 3.63111265e+01 -1.49003443e+00
7.50638204e+00 3.36073183e+01 -1.52980065e+00
6.50757745e+00 3.15402302e+01 -1.56027376e+00
5.86342860e+00 3.09561251e+01 -1.56980901e+00
5.29801941e+00 3.06954302e+01 -1.57468886e+00
4.77988063e+00 3.06633562e+01 -1.57626827e+00
4.23775842e+00 3.04327322e+01 -1.58046597e+00
3.77752407e+00 3.07884822e+01 -1.57646382e+00
3.26390727e+00 3.07331481e+01 -1.57801253e+00
2.75823536e+00 3.07265347e+01 -1.57877602e+00
2.25167572e+00 3.06847831e+01 -1.57990704e+00
1.76546192e+00 3.09547652e+01 -1.57665895e+00
1.25677660e+00 3.08663791e+01 -1.57820409e+00
7.59064604e-01 3.10819746e+01 -1.57548184e+00
2.52926372e-01 3.10757742e+01 -1.57567906e+00
-2.56300456e-01 3.14903307e+01 -1.57001606e+00
-7.80119310e-01 3.19441171e+01 -1.56370150e+00
-1.31722698e+00 3.23510380e+01 -1.55790693e+00
-1.95671584e+00 3.43081200e+01 -1.53077785e+00
-2.65834677e+00 3.62267058e+01 -1.50400112e+00
-3.53423390e+00 3.93711002e+01 -1.46021688e+00
-4.23354897e+00 3.98633529e+01 -1.45259305e+00
-4.93026432e+00 4.01838221e+01 -1.44716159e+00
-5.67564939e+00 4.07586985e+01 -1.43805284e+00
-6.36341314e+00 4.08218570e+01 -1.43582785e+00
-7.07752335e+00 4.10054413e+01 -1.43177227e+00
-7.69487297e+00 4.06252837e+01 -1.43538040e+00
-8.44899354e+00 4.09496781e+01 -1.42903385e+00
-9.25554762e+00 4.14386229e+01 -1.42018953e+00
-1.04361366e+01 4.33918396e+01 -1.39055416e+00
-1.07214869e+01 4.15887662e+01 -1.41351197e+00
-1.14251430e+01 4.15109756e+01 -1.41206356e+00
-1.23631467e+01 4.22205479e+01 -1.39923859e+00
-1.33626837e+01 4.30245702e+01 -1.38477978e+00
-1.35267785e+01 4.11745561e+01 -1.40817039e+00
-1.43972896e+01 4.15319439e+01 -1.39974146e+00
-1.53938403e+01 4.21755188e+01 -1.38689528e+00
-1.54926042e+01 4.24461088e+01 -2.00000000e+00
-1.51321147e+01 4.36516981e+01 -2.00000000e+00
-1.44725366e+01 4.40533767e+01 -2.00000000e+00
-1.36289960e+01 4.38820308e+01 -2.00000000e+00
-1.29951354e+01 4.43788097e+01 -2.00000000e+00
-1.21934311e+01 4.43023972e+01 -2.00000000e+00
-1.12994637e+01 4.38307442e+01 -2.00000000e+00
-1.05478128e+01 4.38561721e+01 -2.00000000e+00
-9.70688647e+00 4.34593418e+01 -2.00000000e+00
-8.85537419e+00 4.29192804e+01 -2.00000000e+00
-8.12167455e+00 4.28785938e+01 -2.00000000e+00
-7.27699495e+00 4.21611311e+01 -2.00000000e+00
-6.56823063e+00 4.21357793e+01 -2.00000000e+00
-5.83377173e+00 4.18942269e+01 -2.00000000e+00
-5.08902268e+00 4.14777725e+01 -2.00000000e+00
-4.39204309e+00 4.13557431e+01 -2.00000000e+00
-3.71534517e+00 4.13886662e+01 -2.00000000e+00
-2.98877631e+00 4.07296451e+01 -2.00000000e+00
-2.26938761e+00 3.97903572e+01 -2.00000000e+00
-1.50596808e+00 3.69865114e+01 -2.00000000e+00
-8.31681502e-01 3.40554720e+01 -2.00000000e+00
-2.65753017e-01 3.26517187e+01 -2.00000000e+00
2.61523103e-01 3.21320107e+01 -2.00000000e+00
7.68608273e-01 3.14727663e+01 -2.00000000e+00
1.28512703e+00 3.15626647e+01 -2.00000000e+00
1.79783017e+00 3.15222946e+01 -2.00000000e+00
2.27998283e+00 3.10705391e+01 -2.00000000e+00
2.80395945e+00 3.12358977e+01 -2.00000000e+00
3.29320455e+00 3.10090130e+01 -2.00000000e+00
3.81009870e+00 3.10539797e+01 -2.00000000e+00
4.31300947e+00 3.09731346e+01 -2.00000000e+00
4.81887486e+00 3.09135077e+01 -2.00000000e+00
5.29634791e+00 3.06857459e+01 -2.00000000e+00
5.83086658e+00 3.07842130e+01 -2.00000000e+00
6.42050810e+00 3.11182319e+01 -2.00000000e+00
6.92279105e+00 3.09944846e+01 -2.00000000e+00
7.59507418e+00 3.15791422e+01 -2.00000000e+00
8.53653885e+00 3.31133284e+01 -2.00000000e+00
9.97252481e+00 3.62331776e+01 -2.00000000e+00
1.12419906e+01 3.83917634e+01 -2.00000000e+00
1.21415904e+01 3.90929487e+01 -2.00000000e+00
1.30114020e+01 3.96057865e+01 -2.00000000e+00
1.37203299e+01 3.95791144e+01 -2.00000000e+00
1.46575048e+01 4.01581321e+01 -2.00000000e+00
1.50905933e+01 4.13446931e+01 -2.60139652e+00
1.44520447e+01 4.16898961e+01 -2.60291529e+00
1.36679585e+01 4.16042979e+01 -2.59838169e+00
1.30216071e+01 4.19263871e+01 -2.59988540e+00
1.21338978e+01 4.14376554e+01 -2.58999125e+00
1.11798375e+01 4.06197071e+01 -2.57568222e+00
1.03991013e+01 4.03382288e+01 -2.56922041e+00
8.96149114e+00 3.72604923e+01 -2.52367682e+00
7.63731571e+00 3.41935300e+01 -2.47877746e+00
6.67720067e+00 3.23623419e+01 -2.45156596e+00
5.93066031e+00 3.13110766e+01 -2.43549899e+00
5.36502699e+00 3.10836558e+01 -2.43106586e+00
4.86308288e+00 3.11971060e+01 -2.43148395e+00
4.30067998e+00 3.08845925e+01 -2.42613914e+00
3.79740285e+00 3.09505030e+01 -2.42613914e+00
3.29001243e+00 3.09789558e+01 -2.42573724e+00
3.29001243e+00 3.09789558e+01 -2.42573724e+00
2.75087041e+00 3.06444898e+01 -2.42047192e+00
2.26195696e+00 3.08248910e+01 -2.42238514e+00
1.75273526e+00 3.07316219e+01 -2.42066115e+00
1.26680675e+00 3.11127194e+01 -2.42553686e+00
7.59860866e-01 3.11145798e+01 -2.42533685e+00
2.54510854e-01 3.12704514e+01 -2.42735347e+00
-2.57471770e-01 3.16342441e+01 -2.43232303e+00
-7.77262425e-01 3.18271341e+01 -2.43507321e+00
-1.32269734e+00 3.24853899e+01 -2.44430300e+00
-1.99091364e+00 3.49077278e+01 -2.47779924e+00
-2.71560134e+00 3.70069443e+01 -2.50705872e+00
-3.55266975e+00 3.95764742e+01 -2.54297296e+00
-4.39578220e+00 4.13909508e+01 -2.56876438e+00
-5.03263745e+00 4.10182081e+01 -2.56469471e+00
-5.73611570e+00 4.11929269e+01 -2.56830910e+00
-6.32991036e+00 4.06069337e+01 -2.56157403e+00
-7.17150940e+00 4.15499735e+01 -2.57614916e+00
-7.85961865e+00 4.14950628e+01 -2.57708516e+00
-8.65333361e+00 4.19400517e+01 -2.58515273e+00
-9.29665015e+00 4.16226457e+01 -2.58275932e+00
-1.00468701e+01 4.17733300e+01 -2.58707981e+00
-1.09503295e+01 4.24764491e+01 -2.59938335e+00
-1.15917356e+01 4.21162567e+01 -2.59688517e+00
-1.23789329e+01 4.22744582e+01 -2.60190191e+00
-1.29998222e+01 4.18562452e+01 -2.59888212e+00
-1.35209185e+01 4.11567188e+01 -2.59194631e+00
-1.43074562e+01 4.12728010e+01 -2.59688517e+00
-1.50905933e+01 4.13446931e+01 -2.60139652e+00
-1.51406313e+01 4.14817855e+01 -3.20737857e+00
-1.50948054e+01 4.35440718e+01 -3.26005213e+00
-1.39235700e+01 4.23823613e+01 -3.21973849e+00
-1.31532381e+01 4.23502066e+01 -3.21249456e+00
-1.22237961e+01 4.17446610e+01 -3.18931717e+00
-1.18584150e+01 4.30851829e+01 -3.22182682e+00
-1.11459990e+01 4.32354531e+01 -3.22078158e+00
-1.01293503e+01 4.21162697e+01 -3.18439007e+00
-9.50551585e+00 4.25577722e+01 -3.19229138e+00
-8.72415939e+00 4.22833225e+01 -3.18047459e+00
-8.16972565e+00 4.31322808e+01 -3.20029140e+00
-7.32504481e+00 4.24395202e+01 -3.17755291e+00
-6.70517900e+00 4.30143152e+01 -3.19030706e+00
-5.91533671e+00 4.24799717e+01 -3.17271143e+00
-5.12167369e+00 4.17438926e+01 -3.14995150e+00
-4.43793326e+00 4.17878478e+01 -3.14902052e+00
-3.78474699e+00 4.21617973e+01 -3.15744987e+00
-2.96517027e+00 4.04079530e+01 -3.10786241e+00
-2.30527733e+00 4.04196305e+01 -3.10700757e+00
-1.51818529e+00 3.72865655e+01 -3.02044593e+00
-8.37077306e-01 3.42764179e+01 -2.93762871e+00
-2.65081343e-01 3.25691935e+01 -2.89072903e+00
2.60980907e-01 3.20653938e+01 -2.87696225e+00
7.70338884e-01 3.15436308e+01 -2.86293305e+00
1.27135584e+00 3.12244447e+01 -2.85466125e+00
1.77519848e+00 3.11254814e+01 -2.85263228e+00
2.27086994e+00 3.09463529e+01 -2.84862909e+00
2.77558025e+00 3.09197555e+01 -2.84902594e+00
3.28775820e+00 3.09577299e+01 -2.85142341e+00
3.77524039e+00 3.07698692e+01 -2.84783779e+00
4.27558028e+00 3.07043434e+01 -2.84783779e+00
4.80181239e+00 3.08040504e+01 -2.85263228e+00
5.31520202e+00 3.07949820e+01 -2.85466125e+00
5.82409318e+00 3.07484527e+01 -2.85588676e+00
6.38523275e+00 3.09472631e+01 -2.86419226e+00
6.97287517e+00 3.12187195e+01 -2.87481729e+00
7.55735872e+00 3.14223271e+01 -2.88384550e+00
8.54843929e+00 3.31594904e+01 -2.93645409e+00
9.89150415e+00 3.59388052e+01 -3.01929081e+00
1.12990436e+01 3.85866013e+01 -3.09939964e+00
1.22168189e+01 3.93351662e+01 -3.12622652e+00
1.30734430e+01 3.97946348e+01 -3.14531089e+00
1.37194468e+01 3.95765669e+01 -3.14531089e+00
1.46573456e+01 4.01576958e+01 -3.16886313e+00
1.46051197e+01 4.00146092e+01 -3.74815533e+00
1.44721811e+01 4.17479838e+01 -3.81328731e+00
1.36750389e+01 4.16258504e+01 -3.79808921e+00
1.26137523e+01 4.06131946e+01 -3.74529422e+00
1.19706323e+01 4.08800982e+01 -3.74815533e+00
1.10671156e+01 4.02101548e+01 -3.71161062e+00
1.01028514e+01 3.91890720e+01 -3.66097552e+00
9.06253714e+00 3.76806259e+01 -3.59064969e+00
7.66059717e+00 3.42977650e+01 -3.44254671e+00
6.64238090e+00 3.21935812e+01 -3.34942764e+00
5.99782637e+00 3.16656817e+01 -3.32306509e+00
5.42814761e+00 3.14493612e+01 -3.31017741e+00
4.89387705e+00 3.13946533e+01 -3.30441389e+00
4.32914191e+00 3.10889870e+01 -3.28863526e+00
3.81884280e+00 3.11252480e+01 -3.28739249e+00
3.30058066e+00 3.10784670e+01 -3.28307081e+00
2.78894070e+00 3.10685899e+01 -3.28062218e+00
2.28833672e+00 3.11843820e+01 -3.28368542e+00
1.77788985e+00 3.11726704e+01 -3.28184450e+00
1.27025790e+00 3.11974794e+01 -3.28184450e+00
7.65962776e-01 3.13644391e+01 -3.28801346e+00
2.56960208e-01 3.15713910e+01 -3.29615800e+00
-2.58092822e-01 3.17105496e+01 -3.30186373e+00
-7.82224726e-01 3.20303291e+01 -3.31532326e+00
-1.32012767e+00 3.24222787e+01 -3.33210318e+00
-1.97254052e+00 3.45855822e+01 -3.42200212e+00
-2.75010875e+00 3.74771953e+01 -3.54238604e+00
-3.59068564e+00 3.99999684e+01 -3.64828334e+00
-4.36920533e+00 4.11407013e+01 -3.69794493e+00
-4.97870488e+00 4.05786340e+01 -3.67789005e+00
-5.80339901e+00 4.16761104e+01 -3.72689820e+00
-6.33680857e+00 4.06511864e+01 -3.68851740e+00
-7.09916680e+00 4.11308382e+01 -3.71298955e+00
-7.80547374e+00 4.12092033e+01 -3.72130898e+00
-8.59341179e+00 4.16496290e+01 -3.74529422e+00
-9.12051375e+00 4.08340538e+01 -3.71713950e+00
-9.91204224e+00 4.12127366e+01 -3.73959668e+00
-1.06075463e+01 4.11467891e+01 -3.74386675e+00
-1.12115862e+01 4.07350597e+01 -3.73393212e+00
-1.20199049e+01 4.10483658e+01 -3.75534403e+00
-1.27073615e+01 4.09145933e+01 -3.75823393e+00
-1.34158312e+01 4.08368404e+01 -3.76403863e+00
-1.38834970e+01 4.00498033e+01 -3.73959668e+00
-1.49849827e+01 4.10553447e+01 -3.79357920e+00
-1.50794548e+01 4.13141761e+01 -4.40829798e+00
-1.43807233e+01 4.14841548e+01 -4.40424636e+00
-1.36690458e+01 4.16076075e+01 -4.39819462e+00
-1.27119031e+01 4.09292161e+01 -4.34691868e+00
-1.19355310e+01 4.07602264e+01 -4.32580608e+00
-1.14105901e+01 4.14581008e+01 -4.35467885e+00
-1.05764575e+01 4.10261953e+01 -4.32010566e+00
-9.93979552e+00 4.13281304e+01 -4.32771170e+00
-9.31925523e+00 4.17238524e+01 -4.34112771e+00
-8.49857562e+00 4.11899872e+01 -4.30315310e+00
-7.75129384e+00 4.09231591e+01 -4.28090438e+00
-7.19429955e+00 4.16820141e+01 -4.31631909e+00
-6.53089724e+00 4.18962823e+01 -4.32200306e+00
-5.68034757e+00 4.07924377e+01 -4.25548697e+00
-4.96041813e+00 4.04295889e+01 -4.23069687e+00
-4.33575432e+00 4.08257246e+01 -4.24833766e+00
-3.67357504e+00 4.09233501e+01 -4.25012013e+00
-2.94194897e+00 4.00915039e+01 -4.20152174e+00
-2.28549218e+00 4.00727271e+01 -4.19816092e+00
-1.52127048e+00 3.73623375e+01 -4.04805900e+00
-8.36897176e-01 3.42690420e+01 -3.87774983e+00
-2.63060400e-01 3.23208906e+01 -3.77070356e+00
2.58841996e-01 3.18025967e+01 -3.74235670e+00
7.75695425e-01 3.17629690e+01 -3.74064976e+00
1.29006296e+00 3.16838909e+01 -3.73724275e+00
1.79241323e+00 3.14273165e+01 -3.72456790e+00
2.28264991e+00 3.11068849e+01 -3.70882432e+00
2.79403469e+00 3.11253366e+01 -3.71210399e+00
3.29711914e+00 3.10458731e+01 -3.71046165e+00
3.79836907e+00 3.09583781e+01 -3.70882432e+00
4.27527306e+00 3.07021371e+01 -3.69831548e+00
4.75880392e+00 3.05281473e+01 -3.69276186e+00
5.24289526e+00 3.03760543e+01 -3.68884417e+00
5.78801334e+00 3.05579682e+01 -3.70394430e+00
6.27272069e+00 3.04019516e+01 -3.70071898e+00
6.87184219e+00 3.07663780e+01 -3.72708813e+00
7.42970036e+00 3.08915435e+01 -3.74064976e+00
8.51806927e+00 3.30416847e+01 -3.86914881e+00
9.64972696e+00 3.50603560e+01 -3.99176999e+00
1.10387395e+01 3.76976543e+01 -4.15127822e+00
1.16762734e+01 3.75947422e+01 -4.15596039e+00
1.26242597e+01 3.84273526e+01 -4.21511837e+00
1.33518376e+01 3.85161225e+01 -4.23244558e+00
1.40989953e+01 3.86279467e+01 -4.25190585e+00
1.39013200e+01 3.80863628e+01 -4.77796045e+00
1.37771832e+01 3.97431195e+01 -4.88188606e+00
1.29176954e+01 3.93205502e+01 -4.83569505e+00
1.22661179e+01 3.94938969e+01 -4.83342418e+00
1.15109509e+01 3.93102716e+01 -4.80647911e+00
1.07171523e+01 3.89386329e+01 -4.76718996e+00
1.00819298e+01 3.91079171e+01 -4.76718996e+00
8.95706601e+00 3.72420933e+01 -4.62474421e+00
7.60265926e+00 3.40383674e+01 -4.39033115e+00
6.45041284e+00 3.12631710e+01 -4.18817612e+00
5.81140150e+00 3.06814466e+01 -4.14065651e+00
5.29338345e+00 3.06685706e+01 -4.13347894e+00
4.80965291e+00 3.08543480e+01 -4.14065651e+00
4.24208131e+00 3.04637763e+01 -4.10855858e+00
3.74739342e+00 3.05429041e+01 -4.10953134e+00
3.20765976e+00 3.02035181e+01 -4.08226876e+00
2.74491933e+00 3.05781952e+01 -4.10468954e+00
2.24786684e+00 3.06328775e+01 -4.10565347e+00
1.75137718e+00 3.07078101e+01 -4.10855858e+00
1.25893335e+00 3.09193490e+01 -4.12136717e+00
7.60180688e-01 3.11276757e+01 -4.13449954e+00
2.52450123e-01 3.10172599e+01 -4.12638233e+00
-2.54887489e-01 3.13167266e+01 -4.14686709e+00
-7.69831075e-01 3.15228372e+01 -4.16153739e+00
-1.29675575e+00 3.18482653e+01 -4.18495943e+00
-1.94219852e+00 3.40535802e+01 -4.33778744e+00
-2.66230443e+00 3.62806391e+01 -4.49300965e+00
-3.45971791e+00 3.85409978e+01 -4.65155027e+00
-4.11532887e+00 3.87501853e+01 -4.67016440e+00
-4.80774303e+00 3.91852197e+01 -4.70511474e+00
-5.50219237e+00 3.95130468e+01 -4.73351808e+00
-6.20600879e+00 3.98120943e+01 -4.76078289e+00
-6.80605158e+00 3.94326002e+01 -4.74181885e+00
-7.44699291e+00 3.93165944e+01 -4.74181885e+00
-8.15458847e+00 3.95227871e+01 -4.76504961e+00
-8.59947912e+00 3.85012953e+01 -4.70312579e+00
-9.31483908e+00 3.87296583e+01 -4.72939799e+00
-9.86266204e+00 3.82573749e+01 -4.70710911e+00
-1.05467122e+01 3.83193729e+01 -4.72325631e+00
-1.12111975e+01 3.82866039e+01 -4.73351808e+00
-1.19511284e+01 3.84797080e+01 -4.76078289e+00
-1.23953536e+01 3.77305787e+01 -4.72121945e+00
-1.34374184e+01 3.87629978e+01 -4.81092991e+00
-1.41114460e+01 3.86620587e+01 -4.81988017e+00
-1.43512132e+01 3.93189647e+01 -5.44474068e+00
-1.40863145e+01 4.06348721e+01 -5.53928322e+00
-1.34902183e+01 4.10632694e+01 -5.55696362e+00
-1.25783014e+01 4.04990515e+01 -5.49001786e+00
-1.16393891e+01 3.97488921e+01 -5.40874976e+00
-1.10621299e+01 4.01920400e+01 -5.43081130e+00
-1.01357098e+01 3.93165304e+01 -5.34172537e+00
-9.52435394e+00 3.96007887e+01 -5.35224224e+00
-8.69461014e+00 3.89272127e+01 -5.28294645e+00
-7.91729765e+00 3.83727114e+01 -5.22500441e+00
-7.22414936e+00 3.81400860e+01 -5.19520877e+00
-6.46945707e+00 3.74824538e+01 -5.13101302e+00
-5.84337425e+00 3.74857617e+01 -5.12294689e+00
-5.22574741e+00 3.75278049e+01 -5.11895765e+00
-4.55199878e+00 3.71007916e+01 -5.07699276e+00
-3.97637983e+00 3.74418328e+01 -5.09944881e+00
-3.36850163e+00 3.75248552e+01 -5.10136698e+00
-2.75555563e+00 3.75514227e+01 -5.09944881e+00
-2.10052062e+00 3.68295241e+01 -5.03677595e+00
-1.43905619e+00 3.53431582e+01 -4.91217726e+00
-8.08616565e-01 3.31110151e+01 -4.72723771e+00
-2.58548607e-01 3.17665495e+01 -4.61608076e+00
2.57027567e-01 3.15796672e+01 -4.60073000e+00
7.72531580e-01 3.16334168e+01 -4.60583371e+00
1.27477373e+00 3.13083879e+01 -4.58049240e+00
1.77471085e+00 3.11169315e+01 -4.56678923e+00
2.28871433e+00 3.11895280e+01 -4.57548685e+00
2.76929299e+00 3.08497160e+01 -4.55087594e+00
3.27106582e+00 3.08005534e+01 -4.55087594e+00
3.77376882e+00 3.07578752e+01 -4.55208790e+00
4.28825619e+00 3.07953732e+01 -4.56062966e+00
4.80513727e+00 3.08253798e+01 -4.56926576e+00
5.30111609e+00 3.07133716e+01 -4.56678923e+00
5.80313775e+00 3.06378180e+01 -4.56802660e+00
6.25886708e+00 3.03348074e+01 -4.55087594e+00
6.78420534e+00 3.03740133e+01 -4.56308791e+00
7.36676863e+00 3.06298831e+01 -4.59437284e+00
8.21102822e+00 3.18506691e+01 -4.70844028e+00
9.43156446e+00 3.42677062e+01 -4.92610020e+00
1.03956095e+01 3.55013444e+01 -5.04521212e+00
1.11473147e+01 3.58916246e+01 -5.09373773e+00
1.18334410e+01 3.60201565e+01 -5.12094861e+00
1.26087966e+01 3.63726680e+01 -5.16875320e+00
1.31722255e+01 3.60888145e+01 -5.16230004e+00
1.33503136e+01 3.65767341e+01 -5.74347173e+00
1.26809272e+01 3.65807433e+01 -5.72231319e+00
1.19919343e+01 3.65025990e+01 -5.69407724e+00
1.11600993e+01 3.59327878e+01 -5.61773720e+00
1.02632800e+01 3.50494348e+01 -5.51178337e+00
9.57943652e+00 3.48049698e+01 -5.47131036e+00
8.73832205e+00 3.38960477e+01 -5.36630275e+00
8.02834726e+00 3.33806246e+01 -5.30187383e+00
7.14857006e+00 3.20053346e+01 -5.15431810e+00
6.28786403e+00 3.04753467e+01 -4.99351295e+00
5.76593447e+00 3.04414023e+01 -4.98060341e+00
5.31317057e+00 3.07832123e+01 -5.00512823e+00
4.83498030e+00 3.10168254e+01 -5.01980523e+00
4.32948004e+00 3.10914152e+01 -5.01980523e+00
3.83410454e+00 3.12496379e+01 -5.02868228e+00
3.32658154e+00 3.13232928e+01 -5.03016630e+00
2.80800981e+00 3.12810184e+01 -5.02128133e+00
2.29960532e+00 3.13379453e+01 -5.02275890e+00
1.79537623e+00 3.14792683e+01 -5.03313782e+00
1.27834879e+00 3.13961913e+01 -5.02275890e+00
7.73965669e-01 3.16921395e+01 -5.04955346e+00
2.52523614e-01 3.10262894e+01 -4.98488667e+00
-2.53255654e-01 3.11162314e+01 -4.99351295e+00
-7.57868547e-01 3.10329988e+01 -4.98631898e+00
-1.26471941e+00 3.10614544e+01 -4.99062899e+00
-1.80512247e+00 3.16501542e+01 -5.04955346e+00
-2.41341972e+00 3.28889546e+01 -5.17191015e+00
-3.04678346e+00 3.39409389e+01 -5.27740977e+00
-3.59583090e+00 3.38585610e+01 -5.27468141e+00
-4.14473550e+00 3.37814168e+01 -5.27331615e+00
-4.70581035e+00 3.37939665e+01 -5.28149732e+00
-5.24868560e+00 3.36707815e+01 -5.27740977e+00
-5.81535916e+00 3.36927704e+01 -5.28829861e+00
-6.37618192e+00 3.36632197e+01 -5.29508937e+00
-7.05566225e+00 3.41966290e+01 -5.35792412e+00
-7.75970626e+00 3.47414928e+01 -5.42319839e+00
-8.59519039e+00 3.57374705e+01 -5.53435538e+00
-9.51432366e+00 3.69061665e+01 -5.66443035e+00
-1.04383189e+01 3.79255473e+01 -5.78172166e+00
-1.12824433e+01 3.85299107e+01 -5.85959889e+00
-1.20295007e+01 3.87320474e+01 -5.89885362e+00
-1.27487613e+01 3.88063268e+01 -5.92663622e+00
-1.35403395e+01 3.90598948e+01 -5.97396000e+00
-1.46212613e+01 4.00588333e+01 -6.09897599e+00
-1.49870892e+01 4.10611160e+01 -6.80749594e+00
-1.53443044e+01 4.42638027e+01 -7.15168124e+00
-1.42264955e+01 4.33044452e+01 -7.01273151e+00
-1.31318207e+01 4.22812479e+01 -6.86924433e+00
-1.19297111e+01 4.07403511e+01 -6.66929979e+00
-1.11726227e+01 4.05934935e+01 -6.63110756e+00
-1.04417790e+01 4.05037760e+01 -6.60094839e+00
-9.53184027e+00 3.96319156e+01 -6.48399662e+00
-8.45764518e+00 3.78662812e+01 -6.26866560e+00
-7.39136853e+00 3.58236943e+01 -6.02499431e+00
-6.43850620e+00 3.39922623e+01 -5.80759193e+00
-5.63995568e+00 3.26765254e+01 -5.64994219e+00
-4.98009589e+00 3.19477548e+01 -5.55931085e+00
-4.41844833e+00 3.17303256e+01 -5.52671642e+00
-3.87658694e+00 3.15958881e+01 -5.50437196e+00
-3.35517734e+00 3.15925525e+01 -5.49750425e+00
-2.81958684e+00 3.14099857e+01 -5.47183978e+00
-2.31250738e+00 3.15137685e+01 -5.47866555e+00
-1.79394185e+00 3.14541186e+01 -5.46843324e+00
-1.26550355e+00 3.10807128e+01 -5.42468440e+00
-7.52520802e-01 3.08140208e+01 -5.39360827e+00
-2.49913849e-01 3.07056408e+01 -5.38082155e+00
2.50623943e-01 3.07928864e+01 -5.39039357e+00
7.51092673e-01 3.07555421e+01 -5.38719068e+00
1.26488889e+00 3.10656167e+01 -5.42302683e+00
1.75846140e+00 3.08320214e+01 -5.40007217e+00
2.28093533e+00 3.10835193e+01 -5.43133607e+00
2.79066151e+00 3.10877597e+01 -5.43634628e+00
3.31575310e+00 3.12213315e+01 -5.45654863e+00
3.83669440e+00 3.12707464e+01 -5.46843324e+00
4.31327291e+00 3.09750265e+01 -5.44305317e+00
4.76110027e+00 3.05428786e+01 -5.40332079e+00
5.26773691e+00 3.05199808e+01 -5.40984982e+00
5.72537468e+00 3.02272658e+01 -5.38719068e+00
6.21368296e+00 3.01158139e+01 -5.38559374e+00
6.62887734e+00 2.96785841e+01 -5.34826133e+00
7.13384147e+00 2.96614080e+01 -5.35894189e+00
7.67997186e+00 2.97906956e+01 -5.38719068e+00
8.29897579e+00 3.01526714e+01 -5.44305317e+00
8.94573886e+00 3.05499890e+01 -5.50437196e+00
9.45574998e+00 3.04452002e+01 -5.50952636e+00
1.00819491e+01 3.06887394e+01 -5.55588905e+00
1.09577524e+01 3.16098911e+01 -5.68237529e+00
1.20109133e+01 3.29070908e+01 -5.85519369e+00
1.22165812e+01 3.34705729e+01 -6.41751668e+00
1.17818766e+01 3.39872471e+01 -6.45965796e+00
1.11729714e+01 3.40097338e+01 -6.43822755e+00
1.01573972e+01 3.27043326e+01 -6.24639297e+00
9.35430113e+00 3.19452424e+01 -6.12793783e+00
8.62093375e+00 3.13224413e+01 -6.02915669e+00
8.10224742e+00 3.14287072e+01 -6.02534069e+00
7.53517474e+00 3.13300896e+01 -5.99657859e+00
6.98339068e+00 3.12657991e+01 -5.97343754e+00
6.42298210e+00 3.11302226e+01 -5.94251599e+00
5.84874020e+00 3.08785773e+01 -5.89824285e+00
5.34272208e+00 3.09544266e+01 -5.89632956e+00
4.84055530e+00 3.10525896e+01 -5.89824285e+00
4.28791051e+00 3.07928908e+01 -5.85653061e+00
3.74968399e+00 3.05615733e+01 -5.81955561e+00
3.27376505e+00 3.08259695e+01 -5.84532643e+00
2.74767960e+00 3.06089444e+01 -5.81230035e+00
2.27196874e+00 3.09613268e+01 -5.85091765e+00
1.76685131e+00 3.09791260e+01 -5.84905143e+00
1.26979432e+00 3.11860939e+01 -5.87159577e+00
7.57925258e-01 3.10353210e+01 -5.85091765e+00
2.57045962e-01 3.15819272e+01 -5.91743947e+00
-2.56033761e-01 3.14575632e+01 -5.90207318e+00
-7.70689552e-01 3.15579899e+01 -5.91551521e+00
-1.28109244e+00 3.14635753e+01 -5.90590836e+00
-1.80014310e+00 3.15628484e+01 -5.92129041e+00
-2.29660301e+00 3.12970312e+01 -5.89250710e+00
-2.81819544e+00 3.13944856e+01 -5.90974810e+00
-3.32718754e+00 3.13289989e+01 -5.90782770e+00
-3.88611745e+00 3.16735659e+01 -5.95797802e+00
-4.39036370e+00 3.15286407e+01 -5.94831325e+00
-4.91502062e+00 3.15302912e+01 -5.95797802e+00
-5.47807429e+00 3.17386242e+01 -5.99465367e+00
-6.08023930e+00 3.21007829e+01 -6.05193733e+00
-6.73512941e+00 3.26431048e+01 -6.13337728e+00
-7.47418311e+00 3.34631583e+01 -6.25162176e+00
-8.40337556e+00 3.49399342e+01 -6.45531105e+00
-9.73350858e+00 3.77563872e+01 -6.83271837e+00
-1.09670848e+01 3.98467128e+01 -7.12153605e+00
-1.20020831e+01 4.09875038e+01 -7.29206668e+00
-1.28490245e+01 4.13707136e+01 -7.36762244e+00
-1.34979959e+01 4.10869438e+01 -7.35862989e+00
-1.49513086e+01 4.31301256e+01 -7.65525541e+00
-1.61238873e+01 4.41756768e+01 -7.82553476e+00
-1.69633391e+01 4.64755784e+01 -8.81892802e+00
-1.73784412e+01 5.01316889e+01 -9.31151588e+00
-1.72816913e+01 5.26042447e+01 -9.62926748e+00
-1.55572510e+01 5.00905397e+01 -9.22800476e+00
-1.38865722e+01 4.74230953e+01 -8.81066166e+00
-1.31448337e+01 4.77591284e+01 -8.82723890e+00
-1.19590686e+01 4.63893590e+01 -8.60334160e+00
-1.07689279e+01 4.47755346e+01 -8.34855211e+00
-9.43618251e+00 4.22473553e+01 -7.96864892e+00
-7.49485505e+00 3.63252617e+01 -7.11676086e+00
-6.46528180e+00 3.41336248e+01 -6.79377877e+00
-5.66667044e+00 3.28313043e+01 -6.59808484e+00
-5.09992154e+00 3.27164469e+01 -6.56988177e+00
-4.52351009e+00 3.24848085e+01 -6.52681837e+00
-3.98126352e+00 3.24490483e+01 -6.51226636e+00
-3.40064205e+00 3.20206510e+01 -6.44469053e+00
-2.87899258e+00 3.20717611e+01 -6.44469053e+00
-2.34747733e+00 3.19903226e+01 -6.42759428e+00
-1.84059933e+00 3.22721885e+01 -6.46172191e+00
-1.31128343e+00 3.22050646e+01 -6.44895519e+00
-7.84634411e-01 3.21290003e+01 -6.43614936e+00
-2.61947307e-01 3.21841305e+01 -6.44255667e+00
2.62830447e-01 3.22926374e+01 -6.45747110e+00
7.85013944e-01 3.21445413e+01 -6.43828605e+00
1.29417026e+00 3.17847660e+01 -6.39113861e+00
1.83883831e+00 3.22413117e+01 -6.45747110e+00
2.35771593e+00 3.21298495e+01 -6.44682337e+00
2.86926366e+00 3.19633817e+01 -6.42973423e+00
3.38421602e+00 3.18659825e+01 -6.42331228e+00
3.91571606e+00 3.19148076e+01 -6.43828605e+00
4.43467346e+00 3.18468437e+01 -6.43828605e+00
4.97157078e+00 3.18930655e+01 -6.45534386e+00
5.46099075e+00 3.16396463e+01 -6.43187344e+00
6.01855444e+00 3.17751160e+01 -6.46384540e+00
6.50052291e+00 3.15060391e+01 -6.44042182e+00
7.02601791e+00 3.14566483e+01 -6.44895519e+00
7.59843466e+00 3.15931145e+01 -6.48500298e+00
8.11549560e+00 3.14800970e+01 -6.48711043e+00
8.60644686e+00 3.12698061e+01 -6.47655761e+00
9.19155618e+00 3.13894631e+01 -6.51435099e+00
9.66063473e+00 3.11048789e+01 -6.49552363e+00
1.02742067e+01 3.12739578e+01 -6.54333046e+00
1.10534832e+01 3.18860464e+01 -6.65730194e+00
1.21629538e+01 3.33236463e+01 -6.89458877e+00
1.25429199e+01 3.43646645e+01 -7.56100124e+00
1.25429199e+01 3.43646645e+01 -7.56100124e+00
1.21596424e+01 3.50769900e+01 -7.64315364e+00
1.14241783e+01 3.47743900e+01 -7.56413528e+00
1.01196757e+01 3.25828784e+01 -7.18797913e+00
9.41744402e+00 3.21608774e+01 -7.09610633e+00
8.74632297e+00 3.17780180e+01 -7.01258930e+00
8.21311340e+00 3.18587575e+01 -7.00361312e+00
7.65504395e+00 3.18284872e+01 -6.97874121e+00
7.18791870e+00 3.21815050e+01 -7.01482764e+00
6.66314928e+00 3.22942392e+01 -7.01482764e+00
6.09504732e+00 3.21789622e+01 -6.98101347e+00
5.54997282e+00 3.21551867e+01 -6.96277438e+00
5.07652954e+00 3.25663852e+01 -7.01258930e+00
4.48365504e+00 3.21985964e+01 -6.94440138e+00
3.96267020e+00 3.22975045e+01 -6.94900667e+00
3.45876729e+00 3.25679618e+01 -6.98101347e+00
2.92282598e+00 3.25600619e+01 -6.97191118e+00
2.38804301e+00 3.25431327e+01 -6.96277438e+00
1.84763990e+00 3.23956345e+01 -6.93516780e+00
1.32689598e+00 3.25885082e+01 -6.96048490e+00
7.88828205e-01 3.23007266e+01 -6.91428747e+00
2.62213729e-01 3.22168645e+01 -6.90029503e+00
-2.62213729e-01 3.22168645e+01 -6.90029503e+00
-7.88452731e-01 3.22853518e+01 -6.91195916e+00
-1.31260316e+00 3.22374772e+01 -6.90729793e+00
-1.83978640e+00 3.22579351e+01 -6.91428747e+00
-2.36009735e+00 3.21623023e+01 -6.90496507e+00
-2.88191072e+00 3.21042690e+01 -6.90263077e+00
-3.40734467e+00 3.20837633e+01 -6.90729793e+00
-3.94967751e+00 3.21916084e+01 -6.93285473e+00
-4.46680441e+00 3.20775865e+01 -6.92590481e+00
-5.02817592e+00 3.22561924e+01 -6.96506177e+00
-5.53191920e+00 3.20505884e+01 -6.94670500e+00
-6.14210899e+00 3.24274255e+01 -7.01929739e+00
-6.78027585e+00 3.28619157e+01 -7.10257899e+00
-7.58062039e+00 3.39396957e+01 -7.28756053e+00
-9.05079148e+00 3.76317893e+01 -7.88236209e+00
-1.13915502e+01 4.41879490e+01 -8.93116881e+00
-1.36519792e+01 4.96017404e+01 -9.81127889e+00
-1.56353068e+01 5.33950809e+01 -1.04457613e+01
-1.70947552e+01 5.50409271e+01 -1.07481337e+01
-1.78294840e+01 5.42716869e+01 -1.06710558e+01
-1.94663211e+01 5.61546081e+01 -1.10204072e+01
-1.83696764e+01 5.03286132e+01 -1.01337524e+01
-1.08799093e+01 2.98084045e+01 -7.27540434e+00
-0.00000000e+00 0.00000000e+00 -0.00000000e+00
-0.00000000e+00 0.00000000e+00 -0.00000000e+00
-6.07576814e+00 1.95624861e+01 -5.41512725e+00
-3.51334593e+00 1.19981906e+01 -4.09491475e+00
-0.00000000e+00 0.00000000e+00 -0.00000000e+00
-7.06428187e+00 2.74024274e+01 -6.70752082e+00
-1.19072530e+01 4.95085141e+01 -1.04490295e+01
-1.22520093e+01 5.48542790e+01 -1.13232336e+01
-8.57680835e+00 4.15691572e+01 -9.04723432e+00
-6.57639325e+00 3.47202406e+01 -7.87175760e+00
-5.68032925e+00 3.29104400e+01 -7.55080932e+00
-5.02924807e+00 3.22630704e+01 -7.42769898e+00
-4.46386221e+00 3.20564576e+01 -7.38024084e+00
-3.92660792e+00 3.20035811e+01 -7.36003027e+00
-3.39218878e+00 3.19410545e+01 -7.33970556e+00
-2.87183601e+00 3.19920375e+01 -7.33970556e+00
-2.33034630e+00 3.17568689e+01 -7.29365656e+00
-1.80782531e+00 3.16975445e+01 -7.27824202e+00
-1.30864250e+00 3.21402035e+01 -7.34733962e+00
-7.84573195e-01 3.21264936e+01 -7.34225181e+00
-2.62796002e-01 3.22884053e+01 -7.36762349e+00
2.61422201e-01 3.21196134e+01 -7.33970556e+00
7.89436735e-01 3.23256445e+01 -7.37519980e+00
1.30989240e+00 3.21709009e+01 -7.35242096e+00
1.83511051e+00 3.21759501e+01 -7.35749555e+00
2.34507938e+00 3.19576445e+01 -7.32695272e+00
2.89374846e+00 3.22361406e+01 -7.38024084e+00
3.42769645e+00 3.22753968e+01 -7.39531442e+00
3.90788986e+00 3.18510207e+01 -7.33460863e+00
4.43430559e+00 3.18442018e+01 -7.34479650e+00
4.95914533e+00 3.18133551e+01 -7.35242096e+00
5.51009790e+00 3.19241612e+01 -7.38527376e+00
6.04311258e+00 3.19047714e+01 -7.39781918e+00
6.47504324e+00 3.13825469e+01 -7.32695272e+00
7.04193219e+00 3.15278992e+01 -7.37015084e+00
7.53269889e+00 3.13197954e+01 -7.35495910e+00
8.04149213e+00 3.11930367e+01 -7.35495910e+00
8.53184936e+00 3.09987710e+01 -7.34479650e+00
9.02663482e+00 3.08262513e+01 -7.33970556e+00
9.57726316e+00 3.08364429e+01 -7.36762349e+00
1.00156160e+01 3.04868260e+01 -7.33460863e+00
1.06357003e+01 3.06808658e+01 -7.39781918e+00
1.17599688e+01 3.22195617e+01 -7.69992614e+00
1.20614485e+01 3.30455456e+01 -8.34492461e+00
1.16373275e+01 3.35702654e+01 -8.40813012e+00
1.08386727e+01 3.29921523e+01 -8.26398734e+00
9.85313998e+00 3.17246987e+01 -7.99348363e+00
9.18854168e+00 3.13791685e+01 -7.89966749e+00
8.55713397e+00 3.10906376e+01 -7.81889843e+00
7.99652921e+00 3.10186251e+01 -7.78050302e+00
7.49417017e+00 3.11595990e+01 -7.78325763e+00
6.96253131e+00 3.11724083e+01 -7.76394191e+00
6.47286457e+00 3.13719876e+01 -7.78050302e+00
5.93845519e+00 3.13522299e+01 -7.75840976e+00
5.46912702e+00 3.16867859e+01 -7.80248983e+00
4.95968726e+00 3.18168316e+01 -7.81070344e+00
4.41370103e+00 3.16962338e+01 -7.77498883e+00
3.90654403e+00 3.18400516e+01 -7.78876162e+00
3.39423242e+00 3.19602975e+01 -7.79974802e+00
2.86260493e+00 3.18892040e+01 -7.77774673e+00
2.35213854e+00 3.20538434e+01 -7.79974802e+00
1.82048013e+00 3.19194281e+01 -7.76946831e+00
1.30318915e+00 3.20062694e+01 -7.78050302e+00
7.79422387e-01 3.19155797e+01 -7.76117650e+00
2.57312046e-01 3.16146196e+01 -7.70564689e+00
-2.57942979e-01 3.16921391e+01 -7.71955889e+00
-7.75273231e-01 3.17456812e+01 -7.73067769e+00
-1.29880785e+00 3.18986649e+01 -7.76117650e+00
-1.81169584e+00 3.17654086e+01 -7.74178331e+00
-2.33189255e+00 3.17779406e+01 -7.75010181e+00
-2.83915474e+00 3.16279706e+01 -7.73067769e+00
-3.36175376e+00 3.16544765e+01 -7.74455724e+00
-3.87278167e+00 3.15648735e+01 -7.73900830e+00
-4.36682586e+00 3.13596078e+01 -7.71399559e+00
-4.88861945e+00 3.13609254e+01 -7.72789916e+00
-5.42997161e+00 3.14599290e+01 -7.76117650e+00
-5.98132382e+00 3.15785560e+01 -7.79974802e+00
-6.62194479e+00 3.20945337e+01 -7.91290121e+00
-7.61981725e+00 3.41151865e+01 -8.30506086e+00
-9.50485950e+00 3.95197338e+01 -9.32633610e+00
-1.28422306e+01 4.98151543e+01 -1.12639857e+01
-1.56449361e+01 5.68427512e+01 -1.26121790e+01
-1.62023913e+01 5.53316928e+01 -1.23786467e+01
-1.46177663e+01 4.70656290e+01 -1.08762681e+01
-1.65413779e+01 5.03507832e+01 -1.15429378e+01
-1.55973774e+01 4.49938439e+01 -1.05778715e+01
-1.85394869e+01 5.07938542e+01 -1.17355365e+01
-1.18803857e+01 3.25494758e+01 -8.74509847e+00
-0.00000000e+00 0.00000000e+00 -0.00000000e+00
-0.00000000e+00 0.00000000e+00 -0.00000000e+00
-3.67361506e+00 1.18281412e+01 -4.43487667e+00
-0.00000000e+00 0.00000000e+00 -0.00000000e+00
-0.00000000e+00 0.00000000e+00 -0.00000000e+00
-1.12675243e+01 4.37068510e+01 -1.07751163e+01
-1.13956119e+01 4.73811896e+01 -1.14713616e+01
-1.15896790e+01 5.18889164e+01 -1.23299798e+01
-8.60264093e+00 4.16943598e+01 -1.02788845e+01
-6.56165172e+00 3.46424123e+01 -8.86290232e+00
-5.62377357e+00 3.25827702e+01 -8.43819399e+00
-5.00070683e+00 3.20799758e+01 -8.32259165e+00
-4.44065552e+00 3.18898027e+01 -8.27034116e+00
-3.93018224e+00 3.20327134e+01 -8.28494121e+00
-3.35514976e+00 3.15922929e+01 -8.18757156e+00
-2.86104518e+00 3.18718284e+01 -8.23210382e+00
-2.32392804e+00 3.16694039e+01 -8.18459042e+00
-1.82211346e+00 3.19480661e+01 -8.23210382e+00
-1.29499932e+00 3.18051275e+01 -8.19948260e+00
-7.81995647e-01 3.20209489e+01 -8.23801059e+00
-2.58442426e-01 3.17535036e+01 -8.18459042e+00
2.60066805e-01 3.19530828e+01 -8.22322881e+00
7.79010137e-01 3.18986990e+01 -8.21433683e+00
1.29624896e+00 3.18358186e+01 -8.20542910e+00
1.82558570e+00 3.20089468e+01 -8.24390903e+00
2.33405127e+00 3.18073586e+01 -8.21136928e+00
2.86104518e+00 3.18718284e+01 -8.23210382e+00
3.36975059e+00 3.17297752e+01 -8.21433683e+00
3.91915653e+00 3.19428490e+01 -8.26741365e+00
4.42392354e+00 3.17696449e+01 -8.24685501e+00
4.94747175e+00 3.17384680e+01 -8.25567973e+00
5.43491182e+00 3.14885514e+01 -8.22322881e+00
5.98920495e+00 3.16201646e+01 -8.26741365e+00
6.44459333e+00 3.12349656e+01 -8.21136928e+00
6.98878950e+00 3.12899706e+01 -8.24390903e+00
7.47933880e+00 3.10979324e+01 -8.22914744e+00
8.04895243e+00 3.12219753e+01 -8.27910879e+00
8.42243741e+00 3.06012445e+01 -8.18160797e+00
8.97553449e+00 3.06517420e+01 -8.22026664e+00
9.39573774e+00 3.02519755e+01 -8.16966663e+00
9.94455976e+00 3.02705358e+01 -8.20542910e+00
1.05999756e+01 3.05778104e+01 -8.30237561e+00
1.14435685e+01 3.13526989e+01 -8.49846048e+00
1.17051051e+01 3.20692480e+01 -9.13681464e+00
1.13554998e+01 3.27572753e+01 -9.24716706e+00
1.07044938e+01 3.25837213e+01 -9.16972666e+00
9.87658673e+00 3.18001915e+01 -8.96226156e+00
9.31034927e+00 3.17951454e+01 -8.92727187e+00
8.73896623e+00 3.17512888e+01 -8.88606508e+00
8.16365075e+00 3.16668914e+01 -8.83833131e+00
7.69751010e+00 3.20050549e+01 -8.88310290e+00
7.15684083e+00 3.20423642e+01 -8.86527217e+00
6.61690122e+00 3.20700890e+01 -8.84733836e+00
6.09402096e+00 3.21735435e+01 -8.84733836e+00
5.58176428e+00 3.23393787e+01 -8.86229052e+00
5.05021147e+00 3.23975524e+01 -8.85631847e+00
4.51226520e+00 3.24040553e+01 -8.84133670e+00
4.00000049e+00 3.26017628e+01 -8.86825092e+00
3.46881288e+00 3.26625516e+01 -8.86825092e+00
2.91213627e+00 3.24409794e+01 -8.81114527e+00
2.38797601e+00 3.25422197e+01 -8.82325882e+00
1.85048354e+00 3.24454935e+01 -8.79593336e+00
1.32152682e+00 3.24566418e+01 -8.79288161e+00
7.98042485e-01 3.26780305e+01 -8.83532295e+00
2.65328181e-01 3.25995213e+01 -8.81720826e+00
-2.64733613e-01 3.25264697e+01 -8.80202747e+00
-7.94845214e-01 3.25471095e+01 -8.80810914e+00
-1.31973080e+00 3.24125317e+01 -8.78370782e+00
-1.84713355e+00 3.23867565e+01 -8.78370782e+00
-2.37727773e+00 3.23964285e+01 -8.79288161e+00
-2.90690296e+00 3.23826807e+01 -8.79898195e+00
-3.43360957e+00 3.23310751e+01 -8.79898195e+00
-3.97893874e+00 3.24301003e+01 -8.83231154e+00
-4.50227164e+00 3.23322883e+01 -8.82627945e+00
-5.07006400e+00 3.25249082e+01 -8.88310290e+00
-5.61090009e+00 3.25081844e+01 -8.89788743e+00
-6.17869202e+00 3.26205666e+01 -8.94188247e+00
-6.88401004e+00 3.33646835e+01 -9.12202466e+00
-7.92257047e+00 3.54706630e+01 -9.59523479e+00
-1.01964228e+01 4.23951469e+01 -1.11037568e+01
-1.43042435e+01 5.54863184e+01 -1.39498983e+01
-1.04419395e+01 3.79387020e+01 -1.02196352e+01
-0.00000000e+00 0.00000000e+00 -0.00000000e+00
-0.00000000e+00 0.00000000e+00 -0.00000000e+00
-0.00000000e+00 0.00000000e+00 -0.00000000e+00
-0.00000000e+00 0.00000000e+00 -0.00000000e+00
-0.00000000e+00 0.00000000e+00 -0.00000000e+00
-0.00000000e+00 0.00000000e+00 -0.00000000e+00
-0.00000000e+00 0.00000000e+00 -0.00000000e+00
-0.00000000e+00 0.00000000e+00 -0.00000000e+00
-0.00000000e+00 0.00000000e+00 -0.00000000e+00
-0.00000000e+00 0.00000000e+00 -0.00000000e+00
-0.00000000e+00 0.00000000e+00 -0.00000000e+00
-3.65259638e+00 1.41684617e+01 -5.29832712e+00
-1.22721960e+01 5.10258905e+01 -1.37043669e+01
-1.12789055e+01 5.04975318e+01 -1.35402121e+01
-8.15578289e+00 3.95285761e+01 -1.10126583e+01
-6.48356640e+00 3.42301589e+01 -9.78617185e+00
-5.68950772e+00 3.29636179e+01 -9.47796052e+00
-5.08138116e+00 3.25975087e+01 -9.37583402e+00
-4.60397354e+00 3.30626430e+01 -9.46255566e+00
-4.04998203e+00 3.30091344e+01 -9.43479461e+00
-3.48114969e+00 3.27787158e+01 -9.36958620e+00
-2.94589155e+00 3.28170106e+01 -9.36645877e+00
-2.40617488e+00 3.27902253e+01 -9.35078409e+00
-1.85093562e+00 3.24534202e+01 -9.26811443e+00
-1.32538948e+00 3.25515087e+01 -9.28417621e+00
-7.93962397e-01 3.25109601e+01 -9.27133331e+00
-2.63134582e-01 3.23300049e+01 -9.22922945e+00
2.62415554e-01 3.22416616e+01 -9.20960841e+00
7.90764696e-01 3.23800215e+01 -9.24224412e+00
1.30387024e+00 3.20229970e+01 -9.16670033e+00
1.83509425e+00 3.21756651e+01 -9.20632679e+00
2.37361375e+00 3.23464975e+01 -9.25197038e+00
2.87347380e+00 3.20102823e+01 -9.18656981e+00
3.38151428e+00 3.18405428e+01 -9.16005302e+00
3.88652686e+00 3.16769028e+01 -9.13669693e+00
4.43463655e+00 3.18465785e+01 -9.18987062e+00
4.97291676e+00 3.19017000e+01 -9.21943367e+00
5.47644945e+00 3.17292103e+01 -9.19975391e+00
5.97559198e+00 3.15482946e+01 -9.17995892e+00
6.46717150e+00 3.13443950e+01 -9.15672499e+00
6.99280977e+00 3.13079700e+01 -9.17333572e+00
7.55001849e+00 3.13918076e+01 -9.21943367e+00
8.04524924e+00 3.12076106e+01 -9.20632679e+00
8.49288256e+00 3.08571929e+01 -9.15672499e+00
8.97713808e+00 3.06572183e+01 -9.14338409e+00
9.64153340e+00 3.10433773e+01 -9.26811443e+00
1.01228605e+01 3.08132705e+01 -9.25197038e+00
1.06087220e+01 3.06030410e+01 -9.24224412e+00
1.13883905e+01 3.12015241e+01 -9.42552365e+00
1.16790626e+01 3.19978975e+01 -1.01099624e+01
1.12735356e+01 3.25208328e+01 -1.01943239e+01
1.08009475e+01 3.28773196e+01 -1.02384536e+01
1.00395234e+01 3.23248078e+01 -1.00591912e+01
9.40600544e+00 3.21218143e+01 -9.96996393e+00
8.88926903e+00 3.22973840e+01 -9.97651833e+00
8.32437785e+00 3.22903536e+01 -9.94051276e+00
7.81385934e+00 3.24888170e+01 -9.95686778e+00
7.22368626e+00 3.23416423e+01 -9.89143396e+00
6.74942444e+00 3.27123884e+01 -9.95359574e+00
6.18518632e+00 3.26548534e+01 -9.91435100e+00
5.63871829e+00 3.26693563e+01 -9.89471043e+00
5.06549581e+00 3.24956028e+01 -9.83219691e+00
4.53975163e+00 3.26014444e+01 -9.83880931e+00
4.03391089e+00 3.28781475e+01 -9.88815633e+00
3.49089255e+00 3.28704552e+01 -9.87174896e+00
2.95912253e+00 3.29644028e+01 -9.88159746e+00
2.42115460e+00 3.29943619e+01 -9.87831608e+00
1.87982965e+00 3.29600342e+01 -9.86188649e+00
1.34817477e+00 3.31111144e+01 -9.89143396e+00
8.05657407e-01 3.29898443e+01 -9.85859555e+00
2.69593603e-01 3.31235919e+01 -9.88815633e+00
-2.69141937e-01 3.30680980e+01 -9.87503325e+00
-8.05997176e-01 3.30037571e+01 -9.86188649e+00
-1.34535315e+00 3.30418155e+01 -9.87503325e+00
-1.88062167e+00 3.29739211e+01 -9.86517567e+00
-2.44445257e+00 3.33118558e+01 -9.95359574e+00
-2.98387099e+00 3.32400988e+01 -9.94705346e+00
-3.57012743e+00 3.36165356e+01 -1.00491668e+01
-4.10485136e+00 3.34563435e+01 -1.00259077e+01
-4.65661484e+00 3.34406774e+01 -1.00391776e+01
-5.25088775e+00 3.36849084e+01 -1.01168285e+01
-5.76426158e+00 3.33967234e+01 -1.00692542e+01
-6.38577924e+00 3.37138890e+01 -1.01692340e+01
-6.97069054e+00 3.37847973e+01 -1.02125299e+01
-7.66764102e+00 3.43293015e+01 -1.03730374e+01
-8.92192189e+00 3.70959695e+01 -1.10773882e+01
-1.23471634e+01 4.78947832e+01 -1.37511391e+01
-1.54075235e+01 5.59801599e+01 -1.57850325e+01
-8.75706565e+00 2.99056638e+01 -9.42390506e+00
-6.56002982e+00 2.11216901e+01 -7.28515674e+00
-5.25256934e+00 1.59884492e+01 -6.03474637e+00
-0.00000000e+00 0.00000000e+00 -0.00000000e+00
-0.00000000e+00 0.00000000e+00 -0.00000000e+00
-0.00000000e+00 0.00000000e+00 -0.00000000e+00
-1.82429696e+01 5.26255991e+01 -1.60388844e+01
-1.53570906e+01 4.67458964e+01 -1.44092559e+01
-1.43904333e+01 4.63336726e+01 -1.42368826e+01
-1.37382595e+01 4.69166028e+01 -1.43296643e+01
-1.32860896e+01 4.82723535e+01 -1.46259445e+01
-1.24815253e+01 4.84159745e+01 -1.46087784e+01
-1.21311680e+01 5.04395178e+01 -1.50802679e+01
-1.06702159e+01 4.77723276e+01 -1.43454164e+01
-8.56304896e+00 4.15024697e+01 -1.26960345e+01
-7.31581311e+00 3.86240272e+01 -1.19266794e+01
-6.48234859e+00 3.75571442e+01 -1.16259759e+01
-5.86140637e+00 3.76014393e+01 -1.16116920e+01
-5.25644319e+00 3.77482414e+01 -1.16259759e+01
-4.47392698e+00 3.64644721e+01 -1.12810435e+01
-3.83760725e+00 3.61351417e+01 -1.11807787e+01
-3.23486557e+00 3.60361596e+01 -1.11413083e+01
-2.61069702e+00 3.55773574e+01 -1.10138194e+01
-1.99769924e+00 3.50267032e+01 -1.08659171e+01
-1.42950341e+00 3.51085421e+01 -1.08794698e+01
-8.48513599e-01 3.47447082e+01 -1.07834687e+01
-2.79345491e-01 3.43217567e+01 -1.06750187e+01
2.79975232e-01 3.43991297e+01 -1.06944353e+01
8.37587789e-01 3.42973210e+01 -1.06711676e+01
1.40334345e+00 3.44660547e+01 -1.07181100e+01
1.95790205e+00 3.43289184e+01 -1.06905300e+01
2.48356532e+00 3.38448661e+01 -1.05778979e+01
3.04062767e+00 3.38723639e+01 -1.05961407e+01
3.57779636e+00 3.36887467e+01 -1.05634264e+01
4.13093532e+00 3.36689392e+01 -1.05742703e+01
4.68641398e+00 3.36546748e+01 -1.05888221e+01
5.24485375e+00 3.36461998e+01 -1.06071752e+01
5.80439071e+00 3.36292218e+01 -1.06257264e+01
6.37618137e+00 3.36632168e+01 -1.06596765e+01
6.92327161e+00 3.35549723e+01 -1.06596765e+01
7.44879423e+00 3.33494881e+01 -1.06369599e+01
8.04419478e+00 3.34465161e+01 -1.06944353e+01
8.59926001e+00 3.33566245e+01 -1.07062198e+01
9.23165605e+00 3.35413789e+01 -1.07918865e+01
9.72988393e+00 3.32278699e+01 -1.07503633e+01
1.02986921e+01 3.31592675e+01 -1.07751085e+01
1.09005514e+01 3.31805067e+01 -1.08261563e+01
1.15878119e+01 3.34274275e+01 -1.09400268e+01
1.25307823e+01 3.43314103e+01 -1.12330791e+01
1.29828144e+01 3.55698725e+01 -1.21228974e+01
1.29763172e+01 3.74328565e+01 -1.25883580e+01
1.25479108e+01 3.81949521e+01 -1.27436994e+01
1.17131510e+01 3.77134790e+01 -1.25544625e+01
1.09655093e+01 3.74475706e+01 -1.24295321e+01
1.06423331e+01 3.86667924e+01 -1.27175002e+01
9.77957854e+00 3.79350931e+01 -1.24707821e+01
9.14624027e+00 3.80286506e+01 -1.24542337e+01
8.41931005e+00 3.76946485e+01 -1.23242366e+01
7.72090503e+00 3.74208566e+01 -1.22142124e+01
7.03630934e+00 3.71483797e+01 -1.21079594e+01
6.40232450e+00 3.70935041e+01 -1.20636414e+01
5.91214771e+00 3.79269495e+01 -1.22609199e+01
5.12849104e+00 3.68293751e+01 -1.19422402e+01
4.50004290e+00 3.66773283e+01 -1.18805425e+01
3.89709609e+00 3.66952923e+01 -1.18670791e+01
3.29478870e+00 3.67036987e+01 -1.18537061e+01
2.71182104e+00 3.69554282e+01 -1.19077398e+01
2.14969249e+00 3.76916803e+01 -1.20931036e+01
1.53026670e+00 3.75832843e+01 -1.20563283e+01
9.05922098e-01 3.70954561e+01 -1.19214731e+01
3.08404893e-01 3.78921373e+01 -1.21303971e+01
-3.10501543e-01 3.81497420e+01 -1.21987961e+01
-9.25824433e-01 3.79104116e+01 -1.21379170e+01
-1.58243976e+00 3.88646523e+01 -1.23968271e+01
-2.25772924e+00 3.95859450e+01 -1.25968685e+01
-2.88775505e+00 3.93529745e+01 -1.25460257e+01
-3.62119081e+00 4.03397936e+01 -1.28230103e+01
-4.38181399e+00 4.12594253e+01 -1.30857201e+01
-5.06131044e+00 4.12519055e+01 -1.31042496e+01
-5.97874666e+00 4.29353394e+01 -1.35790816e+01
-6.74897514e+00 4.32952713e+01 -1.37034804e+01
-7.56365576e+00 4.38219737e+01 -1.38765371e+01
-8.47186378e+00 4.47274270e+01 -1.41560570e+01
-9.34351386e+00 4.52851435e+01 -1.43462463e+01
-9.71205948e+00 4.34825023e+01 -1.38988395e+01
-1.02095514e+01 4.24497335e+01 -1.36615516e+01
-1.06250878e+01 4.12148329e+01 -1.33700594e+01
-1.05645125e+01 3.83840466e+01 -1.26396366e+01
-1.05860049e+01 3.61515508e+01 -1.20709756e+01
-1.09228931e+01 3.51690420e+01 -1.18470537e+01
-1.12302397e+01 3.41840545e+01 -1.16227674e+01
-1.16941297e+01 3.37341230e+01 -1.15489714e+01
-1.20780085e+01 3.30909160e+01 -1.14222359e+01
-1.21166283e+01 3.31967251e+01 -1.19785067e+01
-1.08919345e+01 3.14200260e+01 -1.13944555e+01
-1.03877175e+01 3.16194766e+01 -1.14022194e+01
-9.80219552e+00 3.15606700e+01 -1.13365887e+01
-9.36472026e+00 3.19808241e+01 -1.14138933e+01
-8.89129689e+00 3.23047518e+01 -1.14649630e+01
-8.45464662e+00 3.27956676e+01 -1.15663713e+01
-8.18254896e+00 3.40217714e+01 -1.18813001e+01
-8.57014313e+00 3.83699532e+01 -1.30926800e+01
-8.92175847e+00 4.32410246e+01 -1.44477839e+01
-1.00230751e+01 5.29170880e+01 -1.71673153e+01
-9.67177628e+00 5.60359091e+01 -1.80096950e+01
-8.82248532e+00 5.65970222e+01 -1.81262736e+01
-7.85687505e+00 5.64227949e+01 -1.80384835e+01
-6.83790681e+00 5.57319472e+01 -1.78094749e+01
-5.81006992e+00 5.47079694e+01 -1.74916764e+01
-4.72386489e+00 5.26235001e+01 -1.68807220e+01
-3.76506995e+00 5.13086115e+01 -1.64916740e+01
-2.87899272e+00 5.04788817e+01 -1.62435255e+01
-2.00619439e+00 4.92720480e+01 -1.58938409e+01
-1.13634036e+00 4.65305616e+01 -1.51181607e+01
-3.76729661e-01 4.62868533e+01 -1.50464192e+01
3.66675771e-01 4.50515831e+01 -1.47003013e+01
1.09775445e+00 4.49505561e+01 -1.46753319e+01
1.84771416e+00 4.53797803e+01 -1.48023750e+01
2.54041147e+00 4.45423600e+01 -1.45774871e+01
3.27457659e+00 4.46243975e+01 -1.46138094e+01
3.92199782e+00 4.36907612e+01 -1.43678221e+01
4.53396377e+00 4.26920768e+01 -1.41060483e+01
5.16050464e+00 4.20603819e+01 -1.39501577e+01
5.92117193e+00 4.25218764e+01 -1.41060483e+01
6.58938736e+00 4.22715016e+01 -1.40639770e+01
7.32788688e+00 4.24559865e+01 -1.41485196e+01
8.20144199e+00 4.32997281e+01 -1.44247459e+01
8.69824439e+00 4.21577205e+01 -1.41378629e+01
9.57982643e+00 4.28904729e+01 -1.43904794e+01
1.02861851e+01 4.27683647e+01 -1.44018636e+01
1.12805874e+01 4.37575230e+01 -1.47381585e+01
1.21018105e+01 4.39695121e+01 -1.48548075e+01
1.28425616e+01 4.38577654e+01 -1.48813924e+01
1.37900295e+01 4.44005191e+01 -1.51036648e+01
1.47448550e+01 4.48822948e+01 -1.53136821e+01
1.55284734e+01 4.47950761e+01 -1.53607522e+01
1.59409414e+01 4.36744479e+01 -1.51036648e+01
1.70882098e+01 4.68176949e+01 -1.67864276e+01
1.78406344e+01 5.14649802e+01 -1.81523956e+01
1.75457353e+01 5.34079759e+01 -1.86676229e+01
1.66919791e+01 5.37440866e+01 -1.86854125e+01
1.17618923e+01 4.01672444e+01 -1.44310853e+01
0.00000000e+00 0.00000000e+00 -0.00000000e+00
0.00000000e+00 0.00000000e+00 -0.00000000e+00
0.00000000e+00 0.00000000e+00 -0.00000000e+00
7.64796053e+00 3.42411887e+01 -1.24343922e+01
7.22904090e+00 3.50369421e+01 -1.26379370e+01
6.90591213e+00 3.64599442e+01 -1.30312189e+01
7.62820981e+00 4.41959842e+01 -1.53147023e+01
6.27667500e+00 4.02654242e+01 -1.41059606e+01
7.49852842e+00 5.38493903e+01 -1.81227251e+01
6.19241435e+00 5.04708998e+01 -1.70845266e+01
5.66032513e+00 5.32979634e+01 -1.78952160e+01
4.73355815e+00 5.27314823e+01 -1.77022508e+01
2.76284196e+00 3.76507175e+01 -1.32211074e+01
1.69644069e+00 2.97445799e+01 -1.08733852e+01
1.10911182e+00 2.72397387e+01 -1.01269170e+01
3.47559666e-01 1.42317804e+01 -6.28447830e+00
1.25064759e-01 1.53660695e+01 -6.61796458e+00
-0.00000000e+00 0.00000000e+00 -0.00000000e+00
-0.00000000e+00 0.00000000e+00 -0.00000000e+00
-0.00000000e+00 0.00000000e+00 -0.00000000e+00
-0.00000000e+00 0.00000000e+00 -0.00000000e+00
-0.00000000e+00 0.00000000e+00 -0.00000000e+00
-0.00000000e+00 0.00000000e+00 -0.00000000e+00
-0.00000000e+00 0.00000000e+00 -0.00000000e+00
-0.00000000e+00 0.00000000e+00 -0.00000000e+00
-0.00000000e+00 0.00000000e+00 -0.00000000e+00
-0.00000000e+00 0.00000000e+00 -0.00000000e+00
-0.00000000e+00 0.00000000e+00 -0.00000000e+00
-0.00000000e+00 0.00000000e+00 -0.00000000e+00
-4.18009598e+00 2.02596420e+01 -8.18717705e+00
-1.12801494e+01 5.05031011e+01 -1.73494588e+01
-8.92878888e+00 3.71245214e+01 -1.33483022e+01
-8.15943175e+00 3.16505259e+01 -1.17265828e+01
-7.95671719e+00 2.89091431e+01 -1.09297875e+01
-8.06260628e+00 2.75340625e+01 -1.05481238e+01
-8.32668644e+00 2.68098920e+01 -1.03661073e+01
-8.77171907e+00 2.67004918e+01 -1.03753240e+01
-9.17812457e+00 2.64761886e+01 -1.03509761e+01
-9.48448636e+00 2.59852724e+01 -1.02448355e+01
-9.38018424e+00 2.56995091e+01 -1.05716011e+01
-8.95524264e+00 2.58332398e+01 -1.05665025e+01
-8.46689131e+00 2.57726177e+01 -1.05003001e+01
-8.06924942e+00 2.59810078e+01 -1.05243085e+01
-7.66984413e+00 2.61927670e+01 -1.05513861e+01
-7.31446961e+00 2.65756648e+01 -1.06354425e+01
-6.95428617e+00 2.69757528e+01 -1.07265035e+01
-6.61556180e+00 2.75064814e+01 -1.08607193e+01
-6.71548117e+00 3.00663238e+01 -1.16404866e+01
-6.89016081e+00 3.33944944e+01 -1.26602324e+01
-8.41715056e+00 4.44385671e+01 -1.61094921e+01
-9.39009861e+00 5.44039375e+01 -1.92020330e+01
-0.00000000e+00 0.00000000e+00 -0.00000000e+00
-0.00000000e+00 0.00000000e+00 -0.00000000e+00
-0.00000000e+00 0.00000000e+00 -0.00000000e+00
-0.00000000e+00 0.00000000e+00 -0.00000000e+00
-0.00000000e+00 0.00000000e+00 -0.00000000e+00
-0.00000000e+00 0.00000000e+00 -0.00000000e+00
-0.00000000e+00 0.00000000e+00 -0.00000000e+00
-0.00000000e+00 0.00000000e+00 -0.00000000e+00
-0.00000000e+00 0.00000000e+00 -0.00000000e+00
-0.00000000e+00 0.00000000e+00 -0.00000000e+00
0.00000000e+00 0.00000000e+00 -0.00000000e+00
0.00000000e+00 0.00000000e+00 -0.00000000e+00
0.00000000e+00 0.00000000e+00 -0.00000000e+00
0.00000000e+00 0.00000000e+00 -0.00000000e+00
0.00000000e+00 0.00000000e+00 -0.00000000e+00
0.00000000e+00 0.00000000e+00 -0.00000000e+00
0.00000000e+00 0.00000000e+00 -0.00000000e+00
0.00000000e+00 0.00000000e+00 -0.00000000e+00
0.00000000e+00 0.00000000e+00 -0.00000000e+00
0.00000000e+00 0.00000000e+00 -0.00000000e+00
0.00000000e+00 0.00000000e+00 -0.00000000e+00
0.00000000e+00 0.00000000e+00 -0.00000000e+00
0.00000000e+00 0.00000000e+00 -0.00000000e+00
0.00000000e+00 0.00000000e+00 -0.00000000e+00
0.00000000e+00 0.00000000e+00 -0.00000000e+00
0.00000000e+00 0.00000000e+00 -0.00000000e+00
0.00000000e+00 0.00000000e+00 -0.00000000e+00
0.00000000e+00 0.00000000e+00 -0.00000000e+00
0.00000000e+00 0.00000000e+00 -0.00000000e+00
0.00000000e+00 0.00000000e+00 -0.00000000e+00
0.00000000e+00 0.00000000e+00 -0.00000000e+00
1.92984245e+01 5.28731658e+01 -1.95356677e+01
1.93649103e+01 5.30553212e+01 -2.04540335e+01
1.65904741e+01 4.78586356e+01 -1.85609741e+01
1.14664846e+01 3.49031672e+01 -1.40399600e+01
0.00000000e+00 0.00000000e+00 -0.00000000e+00
0.00000000e+00 0.00000000e+00 -0.00000000e+00
0.00000000e+00 0.00000000e+00 -0.00000000e+00
0.00000000e+00 0.00000000e+00 -0.00000000e+00
0.00000000e+00 0.00000000e+00 -0.00000000e+00
0.00000000e+00 0.00000000e+00 -0.00000000e+00
0.00000000e+00 0.00000000e+00 -0.00000000e+00
0.00000000e+00 0.00000000e+00 -0.00000000e+00
0.00000000e+00 0.00000000e+00 -0.00000000e+00
0.00000000e+00 0.00000000e+00 -0.00000000e+00
0.00000000e+00 0.00000000e+00 -0.00000000e+00
2.49100507e+00 2.03027866e+01 -8.74916656e+00
4.31981036e+00 4.06755953e+01 -1.53935493e+01
4.47627857e+00 4.98654071e+01 -1.83703265e+01
3.28353281e+00 4.47464487e+01 -1.66810189e+01
2.47545427e+00 4.34034316e+01 -1.62284724e+01
1.74877579e+00 4.29498581e+01 -1.60697423e+01
1.35854885e+00 5.56294954e+01 -2.01834324e+01
4.39719646e-01 5.40261117e+01 -1.96576537e+01
-4.49241306e-01 5.51959896e+01 -2.00377826e+01
-1.38799577e+00 5.68352801e+01 -2.05753324e+01
-2.30512339e+00 5.66137312e+01 -2.05130825e+01
-3.13012641e+00 5.48821398e+01 -1.99641918e+01
-4.00244760e+00 5.45434831e+01 -1.98728273e+01
-4.76915631e+00 5.31280431e+01 -1.94346838e+01
-5.42087578e+00 5.10432939e+01 -1.87811627e+01
-5.92096895e+00 4.82585005e+01 -1.79006415e+01
-6.60031598e+00 4.73990324e+01 -1.76524026e+01
-6.84742614e+00 4.39268432e+01 -1.65479888e+01
-7.17246472e+00 4.15555084e+01 -1.58047712e+01
-7.22238529e+00 3.81307725e+01 -1.47126500e+01
-7.27498547e+00 3.52596214e+01 -1.38007840e+01
-6.94264801e+00 3.10833874e+01 -1.24513864e+01
-6.66845830e+00 2.77264169e+01 -1.13686779e+01
-6.64841754e+00 2.57892850e+01 -1.07563399e+01
-6.85736461e+00 2.49148650e+01 -1.04992791e+01
-7.08096898e+00 2.41817392e+01 -1.02899765e+01
-7.39448397e+00 2.38084282e+01 -1.02032686e+01
-7.65751723e+00 2.33089403e+01 -1.00746838e+01
-8.02217272e+00 2.31416076e+01 -1.00610646e+01
-8.42299546e+00 2.30770359e+01 -1.00849551e+01
-8.33214781e+00 2.28281346e+01 -1.03770704e+01
-7.98323607e+00 2.30292869e+01 -1.04017461e+01
-7.56237050e+00 2.30193204e+01 -1.03527547e+01
-7.20789074e+00 2.32076437e+01 -1.03770704e+01
-6.89103180e+00 2.35330976e+01 -1.04519153e+01
-6.54105180e+00 2.37656056e+01 -1.04954642e+01
-6.18009977e+00 2.39726752e+01 -1.05319020e+01
-5.88067269e+00 2.44509263e+01 -1.06651126e+01
-5.66727576e+00 2.53733342e+01 -1.09543167e+01
-5.56992158e+00 2.69957001e+01 -1.14868219e+01
-5.47295665e+00 2.88946181e+01 -1.21139625e+01
-5.40160028e+00 3.12955525e+01 -1.29131442e+01
-5.26761266e+00 3.37922002e+01 -1.37436458e+01
-5.03644207e+00 3.61683413e+01 -1.45316389e+01
-4.56524235e+00 3.72087325e+01 -1.48616707e+01
-4.15428790e+00 3.91170258e+01 -1.54905824e+01
-3.61811694e+00 4.03055510e+01 -1.58750926e+01
-3.04611789e+00 4.15110693e+01 -1.62679170e+01
-2.41199897e+00 4.22908367e+01 -1.65185221e+01
-1.77145606e+00 4.35068845e+01 -1.69209734e+01
-1.09306283e+00 4.47584448e+01 -1.73388940e+01
-3.74919879e-01 4.60644947e+01 -1.77790477e+01
3.84539570e-01 4.72464171e+01 -1.81810199e+01
1.22141346e+00 5.00141121e+01 -1.91268221e+01
2.05022738e+00 5.03534962e+01 -1.92513606e+01
2.92961876e+00 5.13665345e+01 -1.96100838e+01
3.92853644e+00 5.35362564e+01 -2.03685480e+01
4.67588037e+00 5.20889562e+01 -1.98986139e+01
5.70829964e+00 5.37496943e+01 -2.04949785e+01
6.23766426e+00 5.08397065e+01 -1.95321780e+01
7.17026507e+00 5.14920236e+01 -1.97933396e+01
7.60670244e+00 4.87976677e+01 -1.89084716e+01
8.58404120e+00 4.97338378e+01 -1.92765218e+01
9.24359083e+00 4.88017802e+01 -1.90045467e+01
9.85476638e+00 4.77630275e+01 -1.86983290e+01
1.05441965e+01 4.72081177e+01 -1.85630615e+01
1.10208330e+01 4.58229168e+01 -1.81407569e+01
1.18246564e+01 4.58679728e+01 -1.82217147e+01
1.21962010e+01 4.43124609e+01 -1.77430650e+01
1.29011082e+01 4.40577037e+01 -1.77252155e+01
1.32795970e+01 4.27570516e+01 -1.73388940e+01
1.32921271e+01 4.04602939e+01 -1.65961242e+01
1.27787639e+01 3.68629736e+01 -1.53810962e+01
1.20510373e+01 3.30170212e+01 -1.40657995e+01
1.17947619e+01 3.23148867e+01 -1.43483602e+01
1.14764598e+01 3.31062093e+01 -1.45754113e+01
1.12143335e+01 3.41356372e+01 -1.48922678e+01
1.23319698e+01 3.97059238e+01 -1.68989849e+01
1.26205494e+01 4.30995864e+01 -1.80833526e+01
1.27332128e+01 4.62635861e+01 -1.91760344e+01
1.25136331e+01 4.85405208e+01 -1.99378966e+01
1.20030735e+01 4.99069206e+01 -2.03652601e+01
1.10240731e+01 4.93566050e+01 -2.00961196e+01
1.03722623e+01 5.02711714e+01 -2.03652601e+01
9.49589550e+00 5.01338293e+01 -2.02569212e+01
8.90054056e+00 5.15675577e+01 -2.07206535e+01
8.03625988e+00 5.15533165e+01 -2.06658783e+01
7.17480009e+00 5.15245911e+01 -2.06110845e+01
6.45671960e+00 5.26251038e+01 -2.09657676e+01
5.46948402e+00 5.15009920e+01 -2.05289420e+01
4.74037150e+00 5.28073826e+01 -2.09657676e+01
3.76214356e+00 5.12687321e+01 -2.03924578e+01
2.96656300e+00 5.20142972e+01 -2.06384813e+01
2.15390386e+00 5.28997863e+01 -2.09387207e+01
1.24203528e+00 5.08585287e+01 -2.02030690e+01
3.86421988e-01 4.74777001e+01 -1.89966919e+01
-3.69121689e-01 4.53521006e+01 -1.82412286e+01
-9.85916607e-01 4.03710498e+01 -1.64747068e+01
-1.55687108e+00 3.82366867e+01 -1.57231359e+01
-1.95767832e+00 3.43249955e+01 -1.43414854e+01
-2.35337429e+00 3.20706836e+01 -1.35511243e+01
-2.77396711e+00 3.09017853e+01 -1.31492120e+01
-3.21741712e+00 3.02953940e+01 -1.29500888e+01
-3.65626015e+00 2.98001279e+01 -1.27929402e+01
-4.03882171e+00 2.90041024e+01 -1.25300745e+01
-4.42246620e+00 2.83705111e+01 -1.23272049e+01
-4.76211602e+00 2.75905369e+01 -1.20732203e+01
-5.07661974e+00 2.68021471e+01 -1.18174046e+01
-5.34530827e+00 2.59070683e+01 -1.15238675e+01
-5.58976449e+00 2.50263034e+01 -1.12360640e+01
-5.76985302e+00 2.39901553e+01 -1.08917859e+01
-5.96149483e+00 2.31247042e+01 -1.06097835e+01
-6.20056381e+00 2.25285105e+01 -1.04269150e+01
-6.51515544e+00 2.22494676e+01 -1.03620595e+01
-6.85105610e+00 2.20587235e+01 -1.03316367e+01
-7.21172648e+00 2.19519848e+01 -1.03345164e+01
-7.56457562e+00 2.18215746e+01 -1.03307109e+01
-7.90454728e+00 2.16566092e+01 -1.03159762e+01
-7.88588430e+00 2.16054770e+01 -1.06627682e+01
-7.51519464e+00 2.16791251e+01 -1.06424173e+01
-7.13153324e+00 2.17078823e+01 -1.06070134e+01
-6.77649162e+00 2.18186441e+01 -1.06060651e+01
-6.42008604e+00 2.19248025e+01 -1.06055814e+01
-6.05981984e+00 2.20171453e+01 -1.06020225e+01
-5.70100233e+00 2.21142510e+01 -1.06025537e+01
-5.34250828e+00 2.22133220e+01 -1.06060651e+01
-4.98902840e+00 2.23367082e+01 -1.06210253e+01
-4.63956707e+00 2.24865574e+01 -1.06481390e+01
-4.31075879e+00 2.27587641e+01 -1.07235045e+01
-3.99341189e+00 2.31368529e+01 -1.08405241e+01
-3.69006774e+00 2.36721103e+01 -1.10181804e+01
-3.36466172e+00 2.41627386e+01 -1.11805749e+01
-2.98125886e+00 2.42985706e+01 -1.12120604e+01
-2.61316190e+00 2.46056903e+01 -1.13097025e+01
-2.26514404e+00 2.52335345e+01 -1.15288573e+01
-1.86588794e+00 2.54274478e+01 -1.15884983e+01
-1.46782981e+00 2.57362260e+01 -1.16931676e+01
-1.05625368e+00 2.59415450e+01 -1.17617731e+01
-6.38904109e-01 2.61616748e+01 -1.18383318e+01
-2.14168806e-01 2.63138296e+01 -1.18921904e+01
2.14882620e-01 2.64015323e+01 -1.19247170e+01
6.48235778e-01 2.65437855e+01 -1.19800838e+01
1.08207064e+00 2.65756083e+01 -1.19971169e+01
1.52727450e+00 2.67785008e+01 -1.20803343e+01
1.96479017e+00 2.67752411e+01 -1.20896855e+01
2.41198113e+00 2.68692886e+01 -1.21379332e+01
2.86352352e+00 2.69631105e+01 -1.21888930e+01
3.26535756e+00 2.66140999e+01 -1.20772381e+01
3.72689357e+00 2.67640442e+01 -1.21546047e+01
4.15237925e+00 2.66378794e+01 -1.21313499e+01
4.57501531e+00 2.65065211e+01 -1.21086785e+01
4.99007772e+00 2.63452462e+01 -1.20772381e+01
5.40658004e+00 2.62040338e+01 -1.20558435e+01
5.80973320e+00 2.60111398e+01 -1.20173041e+01
6.23602586e+00 2.59284298e+01 -1.20231403e+01
6.61881220e+00 2.56744456e+01 -1.19660580e+01
7.03983946e+00 2.55778510e+01 -1.19716511e+01
7.41967184e+00 2.53384205e+01 -1.19247170e+01
7.75987480e+00 2.49848973e+01 -1.18356340e+01
8.06279049e+00 2.45425634e+01 -1.17135617e+01
8.34502826e+00 2.40729508e+01 -1.15820218e+01
8.55779294e+00 2.34463494e+01 -1.13895291e+01
8.50886242e+00 2.33122912e+01 -1.13366041e+01
