9.36282612e-01 9.44547075e-01 9.40528277e-01 1.00000000e+00
7.64414195e-01 7.48047318e-01 8.02495544e-01 1.00000000e+00
6.59893048e-01 2.77070167e-01 3.16188624e-01 1.00000000e+00
6.36363636e-01 2.76746070e-01 3.08637174e-01 1.00000000e+00
5.58061902e-01 2.20256036e-01 2.35974720e-01 1.00000000e+00
5.00567169e-01 2.13514827e-01 2.06384703e-01 1.00000000e+00
5.63441906e-01 3.25425377e-01 2.87992222e-01 1.00000000e+00
5.61984044e-01 4.61153619e-01 3.77103099e-01 1.00000000e+00
5.91610047e-01 5.34377997e-01 4.18244884e-01 1.00000000e+00
6.12287038e-01 5.98110628e-01 4.61076085e-01 1.00000000e+00
6.00991614e-01 5.45302075e-01 4.30303401e-01 1.00000000e+00
6.05051927e-01 5.68815164e-01 4.45626492e-01 1.00000000e+00
6.38036359e-01 6.51563935e-01 5.06653608e-01 1.00000000e+00
5.59090816e-01 6.54183755e-01 5.18606027e-01 1.00000000e+00
4.73134602e-01 6.23611026e-01 5.06873967e-01 1.00000000e+00
3.95482647e-01 5.85864398e-01 4.90922446e-01 1.00000000e+00
3.90663320e-01 5.87288568e-01 4.90049173e-01 1.00000000e+00
4.31552101e-01 6.20909592e-01 5.05910918e-01 1.00000000e+00
5.49921446e-01 7.03691008e-01 5.58388933e-01 1.00000000e+00
5.54928485e-01 7.00761054e-01 5.73752831e-01 1.00000000e+00
4.28352819e-01 6.34796270e-01 5.46105976e-01 1.00000000e+00
4.41084654e-01 6.66164739e-01 5.69819020e-01 1.00000000e+00
4.72069535e-01 7.11999347e-01 6.17420579e-01 1.00000000e+00
3.50064271e-01 6.16722777e-01 5.76176777e-01 1.00000000e+00
3.52378038e-01 6.11450491e-01 5.76417539e-01 1.00000000e+00
4.96325315e-01 7.23719165e-01 6.99569484e-01 1.00000000e+00
6.44116627e-01 8.32964028e-01 8.10348697e-01 1.00000000e+00
6.66478954e-01 8.55975189e-01 8.23921161e-01 1.00000000e+00
5.66913550e-01 7.79722919e-01 7.32843647e-01 1.00000000e+00
4.22015466e-01 6.56526086e-01 6.15082328e-01 1.00000000e+00
3.31737773e-01 5.57095346e-01 5.08314460e-01 1.00000000e+00
3.31876518e-01 5.03654282e-01 4.59704964e-01 1.00000000e+00
4.26043133e-01 4.87792536e-01 4.76468548e-01 1.00000000e+00
5.01642488e-01 4.21676766e-01 4.30099365e-01 1.00000000e+00
4.51115056e-01 3.33998490e-01 3.46256963e-01 1.00000000e+00
4.11666769e-01 3.08514415e-01 3.28558895e-01 1.00000000e+00
5.93960539e-01 4.22003224e-01 4.55040705e-01 1.00000000e+00
5.91691661e-01 5.63746914e-01 6.02791210e-01 1.00000000e+00
6.29932056e-01 6.95121503e-01 7.51443553e-01 1.00000000e+00
7.59454000e-01 8.19987350e-01 8.52041378e-01 1.00000000e+00
7.66534043e-01 7.91879374e-01 7.95299015e-01 1.00000000e+00
7.40678623e-01 7.44734855e-01 7.29228132e-01 1.00000000e+00
7.78629287e-01 7.79204668e-01 7.60008978e-01 1.00000000e+00
7.81656134e-01 7.84573003e-01 7.65613353e-01 1.00000000e+00
7.83082158e-01 7.85674931e-01 7.56311781e-01 1.00000000e+00
7.70409982e-01 7.72808297e-01 7.42343218e-01 1.00000000e+00
7.48954789e-01 7.55566359e-01 7.30027548e-01 1.00000000e+00
7.82375385e-01 7.91716145e-01 7.67917406e-01 1.00000000e+00
8.17975557e-01 8.22782641e-01 8.00763094e-01 1.00000000e+00
7.67464447e-01 7.71120769e-01 7.60592520e-01 1.00000000e+00
8.11727979e-01 8.45242905e-01 8.51465997e-01 1.00000000e+00
7.79767807e-01 8.33955643e-01 8.68780478e-01 1.00000000e+00
6.24337394e-01 6.61753484e-01 7.13766297e-01 1.00000000e+00
5.50325437e-01 4.14861970e-01 4.41717166e-01 1.00000000e+00
4.19930220e-01 3.64048887e-01 3.75474893e-01 1.00000000e+00
3.01773071e-01 3.99510314e-01 3.92079329e-01 1.00000000e+00
3.03115627e-01 4.64063169e-01 4.38823937e-01 1.00000000e+00
3.20548448e-01 5.58654180e-01 5.20952439e-01 1.00000000e+00
3.38723960e-01 5.89867581e-01 5.46473241e-01 1.00000000e+00
3.40858175e-01 5.78457897e-01 5.43176022e-01 1.00000000e+00
3.72961172e-01 6.28740487e-01 5.99649058e-01 1.00000000e+00
6.05664035e-01 8.31470486e-01 7.94213544e-01 1.00000000e+00
7.36638714e-01 9.13782620e-01 8.79231193e-01 1.00000000e+00
7.30558446e-01 9.29950419e-01 9.17985758e-01 1.00000000e+00
5.71145253e-01 7.97678072e-01 8.04280672e-01 1.00000000e+00
4.67482810e-01 7.25739120e-01 7.21372753e-01 1.00000000e+00
4.17559323e-01 7.07763563e-01 6.65568954e-01 1.00000000e+00
5.04817286e-01 7.80543143e-01 6.94619575e-01 1.00000000e+00
6.26749097e-01 8.29470935e-01 6.89983881e-01 1.00000000e+00
5.21287058e-01 7.30550285e-01 6.37873131e-01 1.00000000e+00
4.81589847e-01 6.88359756e-01 6.00481525e-01 1.00000000e+00
6.27573402e-01 7.78788435e-01 6.38073086e-01 1.00000000e+00
6.06741344e-01 7.69819020e-01 6.27181653e-01 1.00000000e+00
4.63422497e-01 6.86796842e-01 5.79906552e-01 1.00000000e+00
4.86821326e-01 6.38656628e-01 5.52439248e-01 1.00000000e+00
6.04460223e-01 6.14107037e-01 5.20209749e-01 1.00000000e+00
5.45448981e-01 4.31898961e-01 3.83297627e-01 1.00000000e+00
4.69694558e-01 3.15659750e-01 3.06392443e-01 1.00000000e+00
4.98137153e-01 3.03499214e-01 3.19422171e-01 1.00000000e+00
5.21168717e-01 3.12546163e-01 3.28762931e-01 1.00000000e+00
5.12468629e-01 3.14068270e-01 3.31680643e-01 1.00000000e+00
6.18665198e-01 4.90763298e-01 5.05511008e-01 1.00000000e+00
8.81842852e-01 8.56052723e-01 8.69343617e-01 1.00000000e+00
9.98444336e-01 1.00000000e+00 1.00000000e+00 1.00000000e+00
1.00000000e+00 1.00000000e+00 1.00000000e+00 1.00000000e+00
1.00000000e+00 1.00000000e+00 1.00000000e+00 1.00000000e+00
8.77394263e-01 8.62291363e-01 8.54772322e-01 1.00000000e+00
5.23318749e-01 4.99918976e-01 4.57786420e-01 1.00000000e+00
5.21212121e-01 4.92594393e-01 4.60055096e-01 1.00000000e+00
5.46297197e-01 5.21374170e-01 4.82158483e-01 1.00000000e+00
1.00000000e+00 1.00000000e+00 1.00000000e+00 1.00000000e+00
1.00000000e+00 1.00000000e+00 1.00000000e+00 1.00000000e+00
1.00000000e+00 1.00000000e+00 1.00000000e+00 1.00000000e+00
8.32429455e-01 8.21762461e-01 8.33237436e-01 1.00000000e+00
6.48642142e-01 6.15547530e-01 6.27238783e-01 1.00000000e+00
5.56356736e-01 5.13741813e-01 5.25008672e-01 1.00000000e+00
3.61282161e-01 2.89028993e-01 2.91991594e-01 1.00000000e+00
3.38132256e-01 2.44781784e-01 2.35277795e-01 1.00000000e+00
3.54353104e-01 2.56338373e-01 2.42361919e-01 1.00000000e+00
3.30995083e-01 2.53677746e-01 2.41178511e-01 1.00000000e+00
3.81322560e-01 2.93468813e-01 2.70065904e-01 1.00000000e+00
4.51621065e-01 3.97686234e-01 3.42061986e-01 1.00000000e+00
3.97294485e-01 4.84323927e-01 4.13152150e-01 1.00000000e+00
3.57870682e-01 5.29832079e-01 4.45271470e-01 1.00000000e+00
4.65401645e-01 6.02774887e-01 4.84834017e-01 1.00000000e+00
5.11228092e-01 6.52531064e-01 5.30236069e-01 1.00000000e+00
3.87292649e-01 5.71283997e-01 4.94782804e-01 1.00000000e+00
3.89785966e-01 5.94205382e-01 5.22931587e-01 1.00000000e+00
5.35683826e-01 7.22621452e-01 6.04603048e-01 1.00000000e+00
4.63965232e-01 6.89465630e-01 5.97404664e-01 1.00000000e+00
3.69484401e-01 6.22162372e-01 5.65428169e-01 1.00000000e+00
3.77074534e-01 6.29201608e-01 6.13270490e-01 1.00000000e+00
4.44651201e-01 7.11685132e-01 7.04862174e-01 1.00000000e+00
6.12348248e-01 8.37767032e-01 8.25018873e-01 1.00000000e+00
7.00830426e-01 8.67613393e-01 8.54926445e-01 1.00000000e+00
5.06608720e-01 7.23608986e-01 7.20544368e-01 1.00000000e+00
2.60104874e-01 4.72571464e-01 4.72918324e-01 1.00000000e+00
2.98863520e-01 5.07428945e-01 5.11170962e-01 1.00000000e+00
2.86805003e-01 5.09269348e-01 4.94382894e-01 1.00000000e+00
2.41215237e-01 4.51412948e-01 4.23549815e-01 1.00000000e+00
2.16539144e-01 3.75683010e-01 3.62718573e-01 1.00000000e+00
2.17167575e-01 3.36626472e-01 3.40735753e-01 1.00000000e+00
3.61641264e-01 3.69202832e-01 3.81265430e-01 1.00000000e+00
3.75964579e-01 3.62265614e-01 3.85958254e-01 1.00000000e+00
5.05715044e-01 5.47791312e-01 5.84530003e-01 1.00000000e+00
6.92473118e-01 7.46718084e-01 7.61694314e-01 1.00000000e+00
7.30289119e-01 7.70116913e-01 7.68513191e-01 1.00000000e+00
7.05870111e-01 7.08102263e-01 6.78243660e-01 1.00000000e+00
7.38813736e-01 7.43808533e-01 7.25706474e-01 1.00000000e+00
6.53540755e-01 6.65532329e-01 6.60411603e-01 1.00000000e+00
8.12672176e-01 8.34937611e-01 8.28714957e-01 1.00000000e+00
9.39750446e-01 9.44579485e-01 9.38875385e-01 1.00000000e+00
9.66585643e-01 9.71382272e-01 9.70572030e-01 1.00000000e+00
7.97249597e-01 8.14396768e-01 8.10307890e-01 1.00000000e+00
7.78057987e-01 7.86321438e-01 7.65011936e-01 1.00000000e+00
7.19642529e-01 7.16859481e-01 6.50874294e-01 1.00000000e+00
7.18153068e-01 7.18202036e-01 6.52257656e-01 1.00000000e+00
6.66866622e-01 6.79802493e-01 6.54249046e-01 1.00000000e+00
4.62508416e-01 4.61055681e-01 4.58215503e-01 1.00000000e+00
2.69086532e-01 3.59715166e-01 3.67223684e-01 1.00000000e+00
2.51714921e-01 3.64656914e-01 3.67790904e-01 1.00000000e+00
2.41623309e-01 3.73789557e-01 3.72671441e-01 1.00000000e+00
2.72245006e-01 4.53526759e-01 4.41896717e-01 1.00000000e+00
2.89347289e-01 4.87062088e-01 4.92065047e-01 1.00000000e+00
2.94284956e-01 4.85735855e-01 5.03674685e-01 1.00000000e+00
2.88841281e-01 4.93946257e-01 5.21001408e-01 1.00000000e+00
3.75923772e-01 6.20685152e-01 6.47568913e-01 1.00000000e+00
6.18889637e-01 8.02570851e-01 8.11572912e-01 1.00000000e+00
6.95403073e-01 8.73930342e-01 8.55550795e-01 1.00000000e+00
6.01289506e-01 8.22035869e-01 8.04737712e-01 1.00000000e+00
5.58588888e-01 7.74817898e-01 7.64758932e-01 1.00000000e+00
4.69139581e-01 7.03809349e-01 6.96325315e-01 1.00000000e+00
4.43263757e-01 6.73040746e-01 6.45051111e-01 1.00000000e+00
4.31915284e-01 6.34947257e-01 5.99257310e-01 1.00000000e+00
3.71969558e-01 5.81053233e-01 5.48378935e-01 1.00000000e+00
2.95190876e-01 4.74970925e-01 4.39652323e-01 1.00000000e+00
3.60151803e-01 5.12974638e-01 4.57770705e-01 1.00000000e+00
3.76772561e-01 5.38417906e-01 4.68278550e-01 1.00000000e+00
3.43510640e-01 5.26053335e-01 4.61104650e-01 1.00000000e+00
3.00569260e-01 4.52731020e-01 4.24443492e-01 1.00000000e+00
3.04654057e-01 4.17379772e-01 3.98987982e-01 1.00000000e+00
2.91926302e-01 3.96029463e-01 3.88512783e-01 1.00000000e+00
3.13794862e-01 4.28332415e-01 3.98069821e-01 1.00000000e+00
3.43416784e-01 4.38974924e-01 3.88655608e-01 1.00000000e+00
3.70120993e-01 4.31898961e-01 3.75434086e-01 1.00000000e+00
3.69659872e-01 4.22684703e-01 3.56034360e-01 1.00000000e+00
3.72108302e-01 4.04970313e-01 3.53247230e-01 1.00000000e+00
4.05480402e-01 4.10544572e-01 3.79302606e-01 1.00000000e+00
7.22707147e-01 7.07747240e-01 6.86066393e-01 1.00000000e+00
7.05331389e-01 6.97066926e-01 6.63134014e-01 1.00000000e+00
1.00000000e+00 1.00000000e+00 1.00000000e+00 1.00000000e+00
1.00000000e+00 1.00000000e+00 1.00000000e+00 1.00000000e+00
6.54061333e-01 6.33886270e-01 6.11679011e-01 1.00000000e+00
5.30513693e-01 5.01960784e-01 4.60897748e-01 1.00000000e+00
5.08086210e-01 4.83843785e-01 4.47415330e-01 1.00000000e+00
4.89871982e-01 4.66958354e-01 4.32247610e-01 1.00000000e+00
1.00000000e+00 1.00000000e+00 9.99967590e-01 1.00000000e+00
1.00000000e+00 1.00000000e+00 1.00000000e+00 1.00000000e+00
9.83060946e-01 9.87047806e-01 9.87851707e-01 1.00000000e+00
7.66668707e-01 7.61396421e-01 7.30954276e-01 1.00000000e+00
4.99512354e-01 4.83687335e-01 4.34204566e-01 1.00000000e+00
3.83069107e-01 3.77739691e-01 3.25298402e-01 1.00000000e+00
3.46926200e-01 3.59564179e-01 3.07988003e-01 1.00000000e+00
3.24110914e-01 3.44024811e-01 2.94488992e-01 1.00000000e+00
3.23894636e-01 3.61845300e-01 3.19185489e-01 1.00000000e+00
2.70510702e-01 3.44902165e-01 3.22801004e-01 1.00000000e+00
2.83960744e-01 3.26024770e-01 3.19744547e-01 1.00000000e+00
2.78933301e-01 3.08881680e-01 3.07331007e-01 1.00000000e+00
3.09175491e-01 3.51370101e-01 3.53798127e-01 1.00000000e+00
2.98271817e-01 4.26577707e-01 4.19856767e-01 1.00000000e+00
2.61116892e-01 4.12984840e-01 4.05525290e-01 1.00000000e+00
2.42798555e-01 4.02717757e-01 3.91475383e-01 1.00000000e+00
2.46022322e-01 4.00338699e-01 3.86700945e-01 1.00000000e+00
2.51727163e-01 4.15078248e-01 4.03048295e-01 1.00000000e+00
2.88914733e-01 4.67135949e-01 4.62443125e-01 1.00000000e+00
3.48056559e-01 5.28093693e-01 5.40747995e-01 1.00000000e+00
3.36899880e-01 5.35149252e-01 5.40360327e-01 1.00000000e+00
3.44808308e-01 5.49639877e-01 5.52916692e-01 1.00000000e+00
3.99057354e-01 6.23166228e-01 6.15445512e-01 1.00000000e+00
4.56240436e-01 7.01299708e-01 6.88910653e-01 1.00000000e+00
5.47607680e-01 7.70169962e-01 7.57140234e-01 1.00000000e+00
4.74411867e-01 6.84931954e-01 6.80708412e-01 1.00000000e+00
3.83354757e-01 6.04419416e-01 5.95311257e-01 1.00000000e+00
2.87098815e-01 4.73126441e-01 4.69678235e-01 1.00000000e+00
2.97349575e-01 4.49111424e-01 4.71910387e-01 1.00000000e+00
3.13292934e-01 3.92067087e-01 4.18008202e-01 1.00000000e+00
2.64042766e-01 3.38736202e-01 3.57250413e-01 1.00000000e+00
1.79053682e-01 2.80332986e-01 2.98696211e-01 1.00000000e+00
2.89061639e-01 3.47338353e-01 3.46575259e-01 1.00000000e+00
3.54589786e-01 3.74422069e-01 3.57744180e-01 1.00000000e+00
4.16326947e-01 4.04097039e-01 3.68460142e-01 1.00000000e+00
5.44632838e-01 5.37626247e-01 4.67033931e-01 1.00000000e+00
5.99061435e-01 5.86696864e-01 5.00708004e-01 1.00000000e+00
5.76801126e-01 5.66546286e-01 4.84197425e-01 1.00000000e+00
6.67225725e-01 6.78333435e-01 6.40419498e-01 1.00000000e+00
7.67897003e-01 7.96094754e-01 7.94956234e-01 1.00000000e+00
8.50234970e-01 8.69389078e-01 8.51336898e-01 1.00000000e+00
8.48355210e-01 8.53832442e-01 8.29557608e-01 1.00000000e+00
8.68894738e-01 8.82728367e-01 8.75346351e-01 1.00000000e+00
8.27450980e-01 8.51972006e-01 8.45120483e-01 1.00000000e+00
7.08106343e-01 7.09493787e-01 6.65160882e-01 1.00000000e+00
6.44316582e-01 6.28140621e-01 5.35108445e-01 1.00000000e+00
6.76431821e-01 6.71037114e-01 5.75536104e-01 1.00000000e+00
6.45957030e-01 6.26496093e-01 5.41327457e-01 1.00000000e+00
5.29073065e-01 5.08334864e-01 4.47870886e-01 1.00000000e+00
4.46658913e-01 4.90791863e-01 4.77243884e-01 1.00000000e+00
2.63720389e-01 3.64554896e-01 3.87937402e-01 1.00000000e+00
2.31103222e-01 3.08861276e-01 3.44351268e-01 1.00000000e+00
3.94013589e-01 3.34014813e-01 3.85309420e-01 1.00000000e+00
4.35771561e-01 4.22460264e-01 4.76737875e-01 1.00000000e+00
3.92662872e-01 5.13541858e-01 5.24763829e-01 1.00000000e+00
3.94323723e-01 5.76237987e-01 5.67970456e-01 1.00000000e+00
4.40476628e-01 6.54963172e-01 6.47728061e-01 1.00000000e+00
5.26596070e-01 7.29305666e-01 7.22951990e-01 1.00000000e+00
5.52100549e-01 7.90079778e-01 7.77082696e-01 1.00000000e+00
4.90457244e-01 7.33145620e-01 7.16190243e-01 1.00000000e+00
4.13723450e-01 6.32237661e-01 6.28744568e-01 1.00000000e+00
3.80310543e-01 5.87464039e-01 5.90740854e-01 1.00000000e+00
3.68019424e-01 5.43375977e-01 5.67652160e-01 1.00000000e+00
3.71096285e-01 5.43420865e-01 5.73095836e-01 1.00000000e+00
3.24980107e-01 5.01079350e-01 5.17622575e-01 1.00000000e+00
3.42004856e-01 4.92811818e-01 4.92632266e-01 1.00000000e+00
3.86590765e-01 4.07949236e-01 4.25577931e-01 1.00000000e+00
4.11405603e-01 3.66464671e-01 4.00987533e-01 1.00000000e+00
4.19314032e-01 3.84293322e-01 4.31711248e-01 1.00000000e+00
4.08039012e-01 3.72671441e-01 4.22023627e-01 1.00000000e+00
4.15649548e-01 2.92856706e-01 3.44645080e-01 1.00000000e+00
4.40619453e-01 2.17959234e-01 2.85727694e-01 1.00000000e+00
3.29219971e-01 2.04403093e-01 2.57207566e-01 1.00000000e+00
3.64257004e-01 2.09544796e-01 2.57566669e-01 1.00000000e+00
2.46034564e-01 2.52665728e-01 2.84319847e-01 1.00000000e+00
2.74656710e-01 3.33308849e-01 3.39846157e-01 1.00000000e+00
3.99767399e-01 4.18669278e-01 3.88223052e-01 1.00000000e+00
5.85109465e-01 5.65497541e-01 4.91461101e-01 1.00000000e+00
7.18744772e-01 7.09477464e-01 6.57085144e-01 1.00000000e+00
7.16156215e-01 7.08248258e-01 6.53962081e-01 1.00000000e+00
9.95300600e-01 9.97666505e-01 9.99027710e-01 1.00000000e+00
1.00000000e+00 1.00000000e+00 1.00000000e+00 1.00000000e+00
8.42489062e-01 8.28714957e-01 8.16917842e-01 1.00000000e+00
4.80667639e-01 4.75417274e-01 4.52341598e-01 1.00000000e+00
4.46929185e-01 4.29784476e-01 4.13417598e-01 1.00000000e+00
5.16707179e-01 4.94279695e-01 4.57883649e-01 1.00000000e+00
1.00000000e+00 1.00000000e+00 1.00000000e+00 1.00000000e+00
1.00000000e+00 1.00000000e+00 1.00000000e+00 1.00000000e+00
9.28044725e-01 9.30815531e-01 9.26057416e-01 1.00000000e+00
7.03878721e-01 6.93028096e-01 6.44341066e-01 1.00000000e+00
5.36422436e-01 5.13970333e-01 4.37885373e-01 1.00000000e+00
3.49717410e-01 3.50496827e-01 3.11203607e-01 1.00000000e+00
1.69035523e-01 2.20117933e-01 2.39109588e-01 1.00000000e+00
1.48109608e-01 1.39923691e-01 1.88194487e-01 1.00000000e+00
3.19597641e-01 1.19511946e-01 1.88594397e-01 1.00000000e+00
3.39246292e-01 1.14668136e-01 1.81147089e-01 1.00000000e+00
4.26585868e-01 9.03144192e-02 1.74242517e-01 1.00000000e+00
4.41007121e-01 7.98473812e-02 1.64742609e-01 1.00000000e+00
3.98057579e-01 1.00104058e-01 1.66472833e-01 1.00000000e+00
4.51368060e-01 1.65162923e-01 2.45740752e-01 1.00000000e+00
5.24539389e-01 1.79343413e-01 2.75721777e-01 1.00000000e+00
5.07253474e-01 1.35855216e-01 2.21346228e-01 1.00000000e+00
4.76713391e-01 1.71349289e-01 2.42994430e-01 1.00000000e+00
4.69543572e-01 3.63032789e-01 4.12083002e-01 1.00000000e+00
4.52710616e-01 4.06063945e-01 4.53102365e-01 1.00000000e+00
4.18028606e-01 3.19715982e-01 3.75674849e-01 1.00000000e+00
4.19081431e-01 3.47101671e-01 3.85937851e-01 1.00000000e+00
3.95976413e-01 3.90279733e-01 4.17139010e-01 1.00000000e+00
4.02664708e-01 4.41802861e-01 4.54024607e-01 1.00000000e+00
4.50184652e-01 4.74207831e-01 4.82732448e-01 1.00000000e+00
4.79325049e-01 4.40590888e-01 4.67474649e-01 1.00000000e+00
5.47395483e-01 3.74111934e-01 4.30964477e-01 1.00000000e+00
5.86639734e-01 4.10063047e-01 4.74318010e-01 1.00000000e+00
6.61773887e-01 3.71133011e-01 4.56468956e-01 1.00000000e+00
5.65828079e-01 1.58780682e-01 2.68931464e-01 1.00000000e+00
4.66585052e-01 1.15512844e-01 2.11532105e-01 1.00000000e+00
3.15965804e-01 1.25212707e-01 2.12246230e-01 1.00000000e+00
1.16561588e-01 2.07553406e-01 2.81030789e-01 1.00000000e+00
2.96912938e-01 3.80890004e-01 4.12731836e-01 1.00000000e+00
5.29991226e-01 5.59311175e-01 5.31725531e-01 1.00000000e+00
5.82481484e-01 5.85488972e-01 5.22841811e-01 1.00000000e+00
5.24657730e-01 5.09522352e-01 4.26932729e-01 1.00000000e+00
5.58148171e-01 5.44808308e-01 4.59884516e-01 1.00000000e+00
5.64644672e-01 5.48709473e-01 4.61353574e-01 1.00000000e+00
6.53122768e-01 6.53865459e-01 6.17187978e-01 1.00000000e+00
7.69651711e-01 7.82081574e-01 7.70345433e-01 1.00000000e+00
8.08880246e-01 8.17954951e-01 8.01069519e-01 1.00000000e+00
8.13936153e-01 8.16788203e-01 7.97018311e-01 1.00000000e+00
7.93136235e-01 7.99995919e-01 7.76637898e-01 1.00000000e+00
7.25498358e-01 7.29632123e-01 6.84597335e-01 1.00000000e+00
6.09499908e-01 6.05970088e-01 5.18487686e-01 1.00000000e+00
5.98180000e-01 5.89663545e-01 4.98643162e-01 1.00000000e+00
5.94474710e-01 5.79849422e-01 4.95884597e-01 1.00000000e+00
6.10683316e-01 5.96237579e-01 5.04698945e-01 1.00000000e+00
6.56864785e-01 6.51898553e-01 5.74728122e-01 1.00000000e+00
5.83464936e-01 6.26430801e-01 5.95082737e-01 1.00000000e+00
3.49301177e-01 4.46756851e-01 4.90848993e-01 1.00000000e+00
2.00652915e-01 2.52865683e-01 3.43090327e-01 1.00000000e+00
4.58472588e-01 1.58576646e-01 2.74493481e-01 1.00000000e+00
5.84166820e-01 1.57968619e-01 2.77354063e-01 1.00000000e+00
6.98871682e-01 1.85007447e-01 3.26702169e-01 1.00000000e+00
7.55336557e-01 2.89477872e-01 4.22745914e-01 1.00000000e+00
7.57838036e-01 3.43751403e-01 4.64879313e-01 1.00000000e+00
7.24784232e-01 3.33525127e-01 4.46401828e-01 1.00000000e+00
6.72722450e-01 3.60151803e-01 4.44802187e-01 1.00000000e+00
5.86411214e-01 4.15686275e-01 4.43227031e-01 1.00000000e+00
5.12676746e-01 3.83758748e-01 4.22880578e-01 1.00000000e+00
5.45412254e-01 3.59980413e-01 4.09091837e-01 1.00000000e+00
5.47823958e-01 2.93187244e-01 3.52920773e-01 1.00000000e+00
5.11093428e-01 2.13719369e-01 2.93281100e-01 1.00000000e+00
5.75246373e-01 2.93105629e-01 3.79298525e-01 1.00000000e+00
5.75160678e-01 2.69131419e-01 3.65003775e-01 1.00000000e+00
5.19671094e-01 1.78784355e-01 2.71326845e-01 1.00000000e+00
5.61306645e-01 1.51655751e-01 2.56938238e-01 1.00000000e+00
5.97890270e-01 1.74858705e-01 2.94758320e-01 1.00000000e+00
5.18757014e-01 1.48880863e-01 2.48013711e-01 1.00000000e+00
4.82614107e-01 1.01866928e-01 1.94793006e-01 1.00000000e+00
5.14182530e-01 1.04927465e-01 2.06924976e-01 1.00000000e+00
5.43800371e-01 1.18369346e-01 2.29446451e-01 1.00000000e+00
5.42433331e-01 1.21768583e-01 2.22076677e-01 1.00000000e+00
3.67554223e-01 1.65203730e-01 2.55146804e-01 1.00000000e+00
2.35624656e-01 2.07365693e-01 2.81018547e-01 1.00000000e+00
2.36355104e-01 2.99634776e-01 3.35826651e-01 1.00000000e+00
3.98461570e-01 4.31596988e-01 4.23149905e-01 1.00000000e+00
6.14662015e-01 6.02064843e-01 5.40539879e-01 1.00000000e+00
6.38664722e-01 6.12736996e-01 5.43088640e-01 1.00000000e+00
8.77621131e-01 8.83130773e-01 8.79500891e-01 1.00000000e+00
1.00000000e+00 1.00000000e+00 1.00000000e+00 1.00000000e+00
9.03548858e-01 8.92918490e-01 8.88186680e-01 1.00000000e+00
4.74671852e-01 4.56425215e-01 4.32312429e-01 1.00000000e+00
4.73699562e-01 4.59439313e-01 4.14260250e-01 1.00000000e+00
5.12072598e-01 4.93469454e-01 4.70004861e-01 1.00000000e+00
1.00000000e+00 1.00000000e+00 1.00000000e+00 1.00000000e+00
1.00000000e+00 1.00000000e+00 1.00000000e+00 1.00000000e+00
9.09995715e-01 9.00969170e-01 8.91293791e-01 1.00000000e+00
6.70437249e-01 6.50335639e-01 6.05317174e-01 1.00000000e+00
4.08638877e-01 4.14135602e-01 3.67060456e-01 1.00000000e+00
1.82746730e-01 2.36106180e-01 2.56575055e-01 1.00000000e+00
1.47970864e-01 2.03848116e-01 2.39823713e-01 1.00000000e+00
2.03990941e-01 1.61098529e-01 2.24884210e-01 1.00000000e+00
3.44612434e-01 1.18075534e-01 1.87974128e-01 1.00000000e+00
5.01495583e-01 9.89043276e-02 1.88973904e-01 1.00000000e+00
5.04511232e-01 9.48929832e-02 1.86252066e-01 1.00000000e+00
4.74407786e-01 9.06245537e-02 1.80926731e-01 1.00000000e+00
4.28826182e-01 7.56728081e-02 1.49994899e-01 1.00000000e+00
4.23529412e-01 7.70520903e-02 1.52500459e-01 1.00000000e+00
4.49519496e-01 1.07702353e-01 1.85517537e-01 1.00000000e+00
4.34555508e-01 1.38083287e-01 2.12474751e-01 1.00000000e+00
3.90912244e-01 1.38927996e-01 2.02419865e-01 1.00000000e+00
3.85897044e-01 1.57911489e-01 2.12246230e-01 1.00000000e+00
4.19163045e-01 2.07920671e-01 2.59545816e-01 1.00000000e+00
3.89006550e-01 2.43867703e-01 2.74762808e-01 1.00000000e+00
3.71940993e-01 2.19489502e-01 2.54012365e-01 1.00000000e+00
3.50615168e-01 1.79229153e-01 2.19399727e-01 1.00000000e+00
3.88190406e-01 1.48007590e-01 2.10218114e-01 1.00000000e+00
4.95872355e-01 1.12554325e-01 2.09961029e-01 1.00000000e+00
5.84146416e-01 1.17185938e-01 2.35783804e-01 1.00000000e+00
5.95421436e-01 1.17018628e-01 2.41737569e-01 1.00000000e+00
5.94817490e-01 1.32198894e-01 2.52808553e-01 1.00000000e+00
6.67213483e-01 1.95596907e-01 3.27200016e-01 1.00000000e+00
6.70665769e-01 2.31592908e-01 3.63159291e-01 1.00000000e+00
5.80024892e-01 1.31256249e-01 2.56852543e-01 1.00000000e+00
5.29713738e-01 1.31407235e-01 2.57203485e-01 1.00000000e+00
3.22405174e-01 2.03668564e-01 3.09289751e-01 1.00000000e+00
1.98473812e-01 2.83128277e-01 3.67619514e-01 1.00000000e+00
3.28567056e-01 4.11470894e-01 4.44977658e-01 1.00000000e+00
4.94297199e-01 5.25265757e-01 4.92375181e-01 1.00000000e+00
5.61000592e-01 5.47774989e-01 4.68111240e-01 1.00000000e+00
5.28738446e-01 5.15219032e-01 4.36942727e-01 1.00000000e+00
5.63832609e-01 5.52782029e-01 4.84017874e-01 1.00000000e+00
7.33867907e-01 7.39156516e-01 7.19491543e-01 1.00000000e+00
7.47550550e-01 7.52667768e-01 7.28664994e-01 1.00000000e+00
8.08426511e-01 8.11019284e-01 7.90795657e-01 1.00000000e+00
8.15848323e-01 8.18279047e-01 7.85448064e-01 1.00000000e+00
8.22121565e-01 8.26406317e-01 7.99628655e-01 1.00000000e+00
8.37571157e-01 8.44524699e-01 8.20709637e-01 1.00000000e+00
7.76372651e-01 7.89981841e-01 7.41955887e-01 1.00000000e+00
6.93811593e-01 7.03846075e-01 6.38020036e-01 1.00000000e+00
6.11985065e-01 6.31556181e-01 5.80094265e-01 1.00000000e+00
5.10987329e-01 5.57299382e-01 5.30962437e-01 1.00000000e+00
4.14270266e-01 4.99500112e-01 5.25841138e-01 1.00000000e+00
2.68829446e-01 3.85366550e-01 4.75056620e-01 1.00000000e+00
3.07396299e-01 2.91669217e-01 4.08128787e-01 1.00000000e+00
5.20042439e-01 1.92695517e-01 3.20634143e-01 1.00000000e+00
6.21346228e-01 1.52018935e-01 2.84336169e-01 1.00000000e+00
6.83234376e-01 2.48397299e-01 3.74809737e-01 1.00000000e+00
7.99085919e-01 4.33388423e-01 5.43412703e-01 1.00000000e+00
7.46775214e-01 3.47448532e-01 4.64259044e-01 1.00000000e+00
6.70775948e-01 1.73295791e-01 3.14623248e-01 1.00000000e+00
5.89471751e-01 1.25310645e-01 2.51767970e-01 1.00000000e+00
4.86311236e-01 1.28860868e-01 2.25475914e-01 1.00000000e+00
4.35028871e-01 2.15698517e-01 2.65797474e-01 1.00000000e+00
4.13062374e-01 2.80455408e-01 2.99957152e-01 1.00000000e+00
4.20195466e-01 3.26710330e-01 3.30676787e-01 1.00000000e+00
4.58395054e-01 3.98241211e-01 3.89504397e-01 1.00000000e+00
4.69910836e-01 4.24737304e-01 4.10516007e-01 1.00000000e+00
4.50984473e-01 3.65281263e-01 3.63624492e-01 1.00000000e+00
3.98939014e-01 2.63471466e-01 2.79671910e-01 1.00000000e+00
4.44957254e-01 3.30782885e-01 3.55597723e-01 1.00000000e+00
4.36759095e-01 2.73024423e-01 3.15390423e-01 1.00000000e+00
3.93128073e-01 1.40148130e-01 1.97739283e-01 1.00000000e+00
3.93013813e-01 9.05959887e-02 1.68366285e-01 1.00000000e+00
4.55967028e-01 9.96429373e-02 1.84872784e-01 1.00000000e+00
5.35124768e-01 1.24935219e-01 2.31274612e-01 1.00000000e+00
5.84199465e-01 1.28187550e-01 2.47389362e-01 1.00000000e+00
5.92609822e-01 1.26596070e-01 2.49694966e-01 1.00000000e+00
4.97284283e-01 1.72422517e-01 2.83324152e-01 1.00000000e+00
2.64242721e-01 2.19093673e-01 3.02854461e-01 1.00000000e+00
2.10495603e-01 2.81092000e-01 3.35859297e-01 1.00000000e+00
2.27965151e-01 3.00903879e-01 3.50215258e-01 1.00000000e+00
4.76823570e-01 4.82463121e-01 4.80377874e-01 1.00000000e+00
5.60784314e-01 5.33236104e-01 5.29346945e-01 1.00000000e+00
8.91589694e-01 8.81801977e-01 8.82514989e-01 1.00000000e+00
1.00000000e+00 1.00000000e+00 1.00000000e+00 1.00000000e+00
8.35261708e-01 8.27353751e-01 8.12250851e-01 1.00000000e+00
5.28795981e-01 5.13952358e-01 4.66245341e-01 1.00000000e+00
5.35148274e-01 5.15767299e-01 4.65273051e-01 1.00000000e+00
5.36120564e-01 5.09965970e-01 4.66666667e-01 1.00000000e+00
1.00000000e+00 1.00000000e+00 1.00000000e+00 1.00000000e+00
1.00000000e+00 1.00000000e+00 1.00000000e+00 1.00000000e+00
8.46687478e-01 8.44851156e-01 8.38048601e-01 1.00000000e+00
5.17238987e-01 5.30048356e-01 5.29672931e-01 1.00000000e+00
4.28809859e-01 4.53326804e-01 4.56815817e-01 1.00000000e+00
2.29515823e-01 2.88527065e-01 3.20805533e-01 1.00000000e+00
2.08120626e-01 1.85905205e-01 2.40427659e-01 1.00000000e+00
4.05623227e-01 1.44922568e-01 2.27512191e-01 1.00000000e+00
5.12754280e-01 1.04498990e-01 1.99681704e-01 1.00000000e+00
5.52475975e-01 1.05188631e-01 2.06341434e-01 1.00000000e+00
5.23409031e-01 1.05494685e-01 2.00559058e-01 1.00000000e+00
4.81899982e-01 1.00471323e-01 1.93891167e-01 1.00000000e+00
3.75891126e-01 8.98818633e-02 1.56944359e-01 1.00000000e+00
3.16773785e-01 1.27840689e-01 1.67599110e-01 1.00000000e+00
3.07902308e-01 1.52565751e-01 1.76658301e-01 1.00000000e+00
4.24912775e-01 3.41690641e-01 3.34671808e-01 1.00000000e+00
5.32182571e-01 5.14737508e-01 4.75893167e-01 1.00000000e+00
5.25033156e-01 5.16765624e-01 4.72310298e-01 1.00000000e+00
5.10301769e-01 5.09146926e-01 4.63716309e-01 1.00000000e+00
5.34843198e-01 5.33198670e-01 4.88400563e-01 1.00000000e+00
5.58372610e-01 5.59490727e-01 5.05715044e-01 1.00000000e+00
5.40964273e-01 5.36026606e-01 4.98810471e-01 1.00000000e+00
4.78912897e-01 4.64446757e-01 4.39876762e-01 1.00000000e+00
3.57066781e-01 3.01401726e-01 3.02691233e-01 1.00000000e+00
3.16684010e-01 1.73165208e-01 2.03599192e-01 1.00000000e+00
4.13107262e-01 1.13668360e-01 1.98522781e-01 1.00000000e+00
5.60155883e-01 1.51280325e-01 2.72881598e-01 1.00000000e+00
6.85344106e-01 3.23123380e-01 4.28401787e-01 1.00000000e+00
7.46514048e-01 3.76633817e-01 4.91877334e-01 1.00000000e+00
6.25386138e-01 1.56556691e-01 2.95305136e-01 1.00000000e+00
6.18563180e-01 1.49639877e-01 2.89800249e-01 1.00000000e+00
6.01656771e-01 1.72520455e-01 3.07620738e-01 1.00000000e+00
4.67699088e-01 2.30503356e-01 3.47505662e-01 1.00000000e+00
3.15447553e-01 2.86531595e-01 3.85382873e-01 1.00000000e+00
2.69784334e-01 3.42906694e-01 4.31535778e-01 1.00000000e+00
3.08571545e-01 4.13425558e-01 4.75334109e-01 1.00000000e+00
4.56028239e-01 5.33198670e-01 5.61877946e-01 1.00000000e+00
7.30856338e-01 7.48354451e-01 7.36059252e-01 1.00000000e+00
7.74944400e-01 7.85852156e-01 7.70941217e-01 1.00000000e+00
7.84443364e-01 7.90115054e-01 7.70701669e-01 1.00000000e+00
8.68708475e-01 8.79338843e-01 8.54901961e-01 1.00000000e+00
8.77977637e-01 8.83130773e-01 8.61837628e-01 1.00000000e+00
8.48344249e-01 8.56407745e-01 8.36591786e-01 1.00000000e+00
8.56791333e-01 8.72848952e-01 8.47479137e-01 1.00000000e+00
8.41704923e-01 8.56921915e-01 8.39970619e-01 1.00000000e+00
7.69900635e-01 7.81620453e-01 7.74952562e-01 1.00000000e+00
5.92834262e-01 6.17261431e-01 6.84960519e-01 1.00000000e+00
4.73216217e-01 4.58582767e-01 5.61110771e-01 1.00000000e+00
4.83181327e-01 3.26649120e-01 4.49858195e-01 1.00000000e+00
6.03754259e-01 2.78410969e-01 4.18461162e-01 1.00000000e+00
6.55318194e-01 2.50600886e-01 3.94417580e-01 1.00000000e+00
7.02152578e-01 2.15416947e-01 3.66656465e-01 1.00000000e+00
6.82777336e-01 1.87745608e-01 3.33472078e-01 1.00000000e+00
6.54555100e-01 1.94817490e-01 3.28489523e-01 1.00000000e+00
7.08767420e-01 2.59860031e-01 4.01909775e-01 1.00000000e+00
6.66515680e-01 2.53057477e-01 3.80314623e-01 1.00000000e+00
4.90506213e-01 1.78029422e-01 2.89792087e-01 1.00000000e+00
3.95858073e-01 2.66801330e-01 3.08310379e-01 1.00000000e+00
5.00459081e-01 4.67903124e-01 4.65654649e-01 1.00000000e+00
6.38375059e-01 6.43892187e-01 6.16869682e-01 1.00000000e+00
7.23776295e-01 7.37344678e-01 7.02878946e-01 1.00000000e+00
7.35826651e-01 7.50370325e-01 7.12521679e-01 1.00000000e+00
7.04576524e-01 7.15965804e-01 6.68356083e-01 1.00000000e+00
6.20734121e-01 6.33772010e-01 5.94952154e-01 1.00000000e+00
6.06924976e-01 6.17763359e-01 5.81685744e-01 1.00000000e+00
6.43667748e-01 6.47519945e-01 5.89920630e-01 1.00000000e+00
6.28981249e-01 6.24973985e-01 5.67852115e-01 1.00000000e+00
5.67517496e-01 5.27236743e-01 4.83466977e-01 1.00000000e+00
5.07710514e-01 4.46071290e-01 4.15718920e-01 1.00000000e+00
4.71947114e-01 3.07322846e-01 3.36328579e-01 1.00000000e+00
4.47005774e-01 1.60808798e-01 2.28924119e-01 1.00000000e+00
5.21997103e-01 1.24135398e-01 2.28818020e-01 1.00000000e+00
5.79490318e-01 1.34406562e-01 2.49739854e-01 1.00000000e+00
6.02542286e-01 1.46758891e-01 2.63855053e-01 1.00000000e+00
6.02481076e-01 1.79539287e-01 2.94460427e-01 1.00000000e+00
5.20568852e-01 2.64046847e-01 3.61041399e-01 1.00000000e+00
4.77749893e-01 3.80347269e-01 4.47981065e-01 1.00000000e+00
4.82932403e-01 4.52045459e-01 5.03915448e-01 1.00000000e+00
5.35190059e-01 5.78249781e-01 6.08083900e-01 1.00000000e+00
6.57595234e-01 6.95133745e-01 7.01193610e-01 1.00000000e+00
5.22508508e-01 6.15913142e-01 5.97407227e-01 1.00000000e+00
1.00000000e+00 1.00000000e+00 1.00000000e+00 1.00000000e+00
9.06206450e-01 9.00016205e-01 8.89871982e-01 1.00000000e+00
5.67622752e-01 5.35666829e-01 4.80473181e-01 1.00000000e+00
5.64932750e-01 5.38454059e-01 4.81575109e-01 1.00000000e+00
5.66229136e-01 5.26948631e-01 4.82093664e-01 1.00000000e+00
1.00000000e+00 1.00000000e+00 1.00000000e+00 1.00000000e+00
9.52406603e-01 9.47685214e-01 9.49517455e-01 1.00000000e+00
6.37934341e-01 6.65715860e-01 6.68637653e-01 1.00000000e+00
6.24292506e-01 6.66372855e-01 6.76329804e-01 1.00000000e+00
7.25065802e-01 7.37699700e-01 7.54418396e-01 1.00000000e+00
6.39676807e-01 4.89306482e-01 5.41719206e-01 1.00000000e+00
6.71604334e-01 5.41915080e-01 5.87533411e-01 1.00000000e+00
5.95625472e-01 2.70649446e-01 3.60221175e-01 1.00000000e+00
5.50268307e-01 1.54202118e-01 2.52196446e-01 1.00000000e+00
5.22099121e-01 1.28669074e-01 2.24884210e-01 1.00000000e+00
5.33133378e-01 1.32337638e-01 2.28063088e-01 1.00000000e+00
5.03274775e-01 1.17912305e-01 2.10817980e-01 1.00000000e+00
4.59402991e-01 1.74581216e-01 2.26842954e-01 1.00000000e+00
5.37895574e-01 4.44222726e-01 4.24953582e-01 1.00000000e+00
6.08989819e-01 5.92687356e-01 5.21397237e-01 1.00000000e+00
5.82012201e-01 5.55716064e-01 4.66903348e-01 1.00000000e+00
5.94519598e-01 5.80653323e-01 4.94182939e-01 1.00000000e+00
5.99522556e-01 5.96951705e-01 5.26269613e-01 1.00000000e+00
5.75793189e-01 5.76870498e-01 5.21854278e-01 1.00000000e+00
6.03007488e-01 6.03790986e-01 5.49766379e-01 1.00000000e+00
6.37089633e-01 6.37530350e-01 5.80033054e-01 1.00000000e+00
6.47789272e-01 6.52082186e-01 5.96910898e-01 1.00000000e+00
6.76150252e-01 6.87421191e-01 6.47275102e-01 1.00000000e+00
6.56379180e-01 6.66474873e-01 6.38240395e-01 1.00000000e+00
6.16045378e-01 6.21921609e-01 6.03484932e-01 1.00000000e+00
4.21819592e-01 4.28173267e-01 4.40166493e-01 1.00000000e+00
2.70212809e-01 1.89386056e-01 2.67058415e-01 1.00000000e+00
3.85060497e-01 1.75813593e-01 2.76493032e-01 1.00000000e+00
5.32884455e-01 1.46652792e-01 2.65821958e-01 1.00000000e+00
6.07214707e-01 1.58776601e-01 2.96047826e-01 1.00000000e+00
6.34616719e-01 1.63559201e-01 3.07996164e-01 1.00000000e+00
6.69845545e-01 1.93340271e-01 3.41731448e-01 1.00000000e+00
6.91338679e-01 2.32217257e-01 3.81228704e-01 1.00000000e+00
6.94525719e-01 2.94036033e-01 4.30352370e-01 1.00000000e+00
7.71822652e-01 6.99255269e-01 7.64461039e-01 1.00000000e+00
7.98624799e-01 6.90734733e-01 7.51247679e-01 1.00000000e+00
7.39699251e-01 6.15453674e-01 6.57346310e-01 1.00000000e+00
7.09510110e-01 7.03491053e-01 6.99997960e-01 1.00000000e+00
8.69227030e-01 8.86242100e-01 8.70815103e-01 1.00000000e+00
8.32571706e-01 8.54253768e-01 8.44206774e-01 1.00000000e+00
9.27564414e-01 9.44060930e-01 9.08118619e-01 1.00000000e+00
9.46329606e-01 9.55793226e-01 9.16123805e-01 1.00000000e+00
9.53881057e-01 9.62210339e-01 9.20952844e-01 1.00000000e+00
9.02425986e-01 9.22572484e-01 9.03703250e-01 1.00000000e+00
8.70780029e-01 8.86148008e-01 8.69588460e-01 1.00000000e+00
7.98857399e-01 7.65795434e-01 7.70125074e-01 1.00000000e+00
8.79059803e-01 7.15900512e-01 7.73340679e-01 1.00000000e+00
9.40784722e-01 8.55330436e-01 8.88559711e-01 1.00000000e+00
8.93134194e-01 6.90138948e-01 7.63359246e-01 1.00000000e+00
7.91777356e-01 3.94997041e-01 5.35830732e-01 1.00000000e+00
7.25934994e-01 2.75811553e-01 4.24574075e-01 1.00000000e+00
7.16875803e-01 2.41606986e-01 3.95274530e-01 1.00000000e+00
6.80512538e-01 2.05925200e-01 3.56401624e-01 1.00000000e+00
5.39723735e-01 1.84734039e-01 3.02107690e-01 1.00000000e+00
4.04558160e-01 2.21770623e-01 3.28534411e-01 1.00000000e+00
2.65813797e-01 2.37199812e-01 3.28799657e-01 1.00000000e+00
3.86186774e-01 3.90663320e-01 4.31531697e-01 1.00000000e+00
7.21833874e-01 7.48856379e-01 7.32921181e-01 1.00000000e+00
7.78237539e-01 8.07149415e-01 7.77494848e-01 1.00000000e+00
7.32455979e-01 7.46877232e-01 7.08424639e-01 1.00000000e+00
7.30085083e-01 7.50162208e-01 6.94480831e-01 1.00000000e+00
7.53989921e-01 7.62812430e-01 7.00087735e-01 1.00000000e+00
7.14402889e-01 7.21409480e-01 6.66593214e-01 1.00000000e+00
7.02670829e-01 7.06637286e-01 6.50890616e-01 1.00000000e+00
6.81708188e-01 6.80985901e-01 6.15984167e-01 1.00000000e+00
7.04605089e-01 6.99965314e-01 6.25018873e-01 1.00000000e+00
7.07049438e-01 6.86192895e-01 6.04839730e-01 1.00000000e+00
6.80630879e-01 6.70253617e-01 5.76935790e-01 1.00000000e+00
7.20332170e-01 7.17989839e-01 6.43267838e-01 1.00000000e+00
6.52828957e-01 5.93474934e-01 5.51141580e-01 1.00000000e+00
5.80204444e-01 3.61049560e-01 3.88259778e-01 1.00000000e+00
5.27008223e-01 1.58507274e-01 2.48470751e-01 1.00000000e+00
5.72344984e-01 1.73316194e-01 2.79859623e-01 1.00000000e+00
6.30083043e-01 2.02938116e-01 3.23555936e-01 1.00000000e+00
7.08983698e-01 3.41584542e-01 4.48617657e-01 1.00000000e+00
7.20336251e-01 3.60894493e-01 4.65128237e-01 1.00000000e+00
7.88378119e-01 5.61208708e-01 6.29303626e-01 1.00000000e+00
9.25722797e-01 8.61777968e-01 8.84303524e-01 1.00000000e+00
8.07851299e-01 8.22374569e-01 8.26512416e-01 1.00000000e+00
7.30431944e-01 7.01936300e-01 7.13162351e-01 1.00000000e+00
7.80456976e-01 5.06238859e-01 5.53783828e-01 1.00000000e+00
1.00000000e+00 1.00000000e+00 1.00000000e+00 1.00000000e+00
8.02657592e-01 7.84573003e-01 7.70150705e-01 1.00000000e+00
5.66002269e-01 5.29184897e-01 4.79760169e-01 1.00000000e+00
5.52519851e-01 5.31259115e-01 4.66083293e-01 1.00000000e+00
5.32393453e-01 5.11229947e-01 4.70231729e-01 1.00000000e+00
1.00000000e+00 1.00000000e+00 1.00000000e+00 1.00000000e+00
9.04315358e-01 8.55057028e-01 8.49274653e-01 1.00000000e+00
8.02121973e-01 6.69347697e-01 6.78341597e-01 1.00000000e+00
7.92924037e-01 6.72930567e-01 6.85180878e-01 1.00000000e+00
9.41209116e-01 9.48044317e-01 9.50794720e-01 1.00000000e+00
9.65811757e-01 9.41425394e-01 9.51312971e-01 1.00000000e+00
8.64299851e-01 7.62583910e-01 7.96037624e-01 1.00000000e+00
8.36624431e-01 7.13284773e-01 7.53014629e-01 1.00000000e+00
7.56597499e-01 5.46701761e-01 6.08487890e-01 1.00000000e+00
5.91985473e-01 2.64369223e-01 3.50676379e-01 1.00000000e+00
5.08069617e-01 1.52500459e-01 2.39611516e-01 1.00000000e+00
5.24943380e-01 1.52398441e-01 2.33547571e-01 1.00000000e+00
5.56413866e-01 3.07118810e-01 3.39295260e-01 1.00000000e+00
6.39293220e-01 5.99902063e-01 5.37499745e-01 1.00000000e+00
6.33494522e-01 6.28544612e-01 5.39331987e-01 1.00000000e+00
6.42872008e-01 6.33723042e-01 5.45836649e-01 1.00000000e+00
6.62904246e-01 6.52204607e-01 5.67154312e-01 1.00000000e+00
6.54497970e-01 6.43002591e-01 5.71561486e-01 1.00000000e+00
6.27312236e-01 6.23088694e-01 5.53430862e-01 1.00000000e+00
6.59435637e-01 6.59611108e-01 5.92213993e-01 1.00000000e+00
6.70726980e-01 6.67364469e-01 5.91761033e-01 1.00000000e+00
6.40909184e-01 6.36077615e-01 5.57972700e-01 1.00000000e+00
6.01713901e-01 6.03758340e-01 5.42204811e-01 1.00000000e+00
6.33931158e-01 6.39240171e-01 5.88651527e-01 1.00000000e+00
6.73538593e-01 6.85952133e-01 6.53987880e-01 1.00000000e+00
6.88649487e-01 7.07983922e-01 6.96007019e-01 1.00000000e+00
3.95311257e-01 4.57358552e-01 4.86070474e-01 1.00000000e+00
1.64897676e-01 2.60361960e-01 3.38719879e-01 1.00000000e+00
2.77721328e-01 2.08418518e-01 2.93077064e-01 1.00000000e+00
4.79480117e-01 1.80200363e-01 2.86511191e-01 1.00000000e+00
6.12470670e-01 1.95221481e-01 3.28477281e-01 1.00000000e+00
6.32490665e-01 2.50886536e-01 3.79355655e-01 1.00000000e+00
8.73526351e-01 7.37132480e-01 7.89728836e-01 1.00000000e+00
9.66411622e-01 9.26665442e-01 9.44053376e-01 1.00000000e+00
9.88553590e-01 9.97139418e-01 9.99265471e-01 1.00000000e+00
8.93289262e-01 8.17057395e-01 8.65895411e-01 1.00000000e+00
7.66884985e-01 6.20497439e-01 6.70004693e-01 1.00000000e+00
7.25955398e-01 6.73114199e-01 6.82699802e-01 1.00000000e+00
8.07096366e-01 8.22133807e-01 8.15739324e-01 1.00000000e+00
8.57494733e-01 8.82514989e-01 8.63976665e-01 1.00000000e+00
9.18586939e-01 9.26073570e-01 8.82644628e-01 1.00000000e+00
9.21147302e-01 9.20401880e-01 8.64495220e-01 1.00000000e+00
9.36801167e-01 9.41954302e-01 8.82871496e-01 1.00000000e+00
8.83528188e-01 8.98667646e-01 8.85025811e-01 1.00000000e+00
8.32898737e-01 8.60921018e-01 8.47164922e-01 1.00000000e+00
7.76931709e-01 7.24123156e-01 7.45024586e-01 1.00000000e+00
8.14286589e-01 7.69908796e-01 8.09357083e-01 1.00000000e+00
9.24506743e-01 9.33676114e-01 9.42604721e-01 1.00000000e+00
9.99551121e-01 1.00000000e+00 1.00000000e+00 1.00000000e+00
9.98730897e-01 9.95621391e-01 9.96959866e-01 1.00000000e+00
9.75785028e-01 9.35667503e-01 9.50647814e-01 1.00000000e+00
7.25881945e-01 3.40903063e-01 4.75864602e-01 1.00000000e+00
6.31356226e-01 2.60606803e-01 3.92540450e-01 1.00000000e+00
4.82177470e-01 2.63365367e-01 3.78433413e-01 1.00000000e+00
2.24166004e-01 2.85862357e-01 3.86456102e-01 1.00000000e+00
2.69674155e-01 3.84350452e-01 4.56713799e-01 1.00000000e+00
6.68221420e-01 7.15321050e-01 7.13186836e-01 1.00000000e+00
8.15188427e-01 8.42084430e-01 8.17718471e-01 1.00000000e+00
7.26673604e-01 7.44004407e-01 6.99851054e-01 1.00000000e+00
6.96398768e-01 7.02226031e-01 6.44014609e-01 1.00000000e+00
7.22686744e-01 7.29252617e-01 6.67454245e-01 1.00000000e+00
7.78298749e-01 7.77658077e-01 6.98341189e-01 1.00000000e+00
7.53194181e-01 7.51892432e-01 6.71885903e-01 1.00000000e+00
7.27314276e-01 7.29734141e-01 6.53534921e-01 1.00000000e+00
7.13562262e-01 7.15949481e-01 6.41317255e-01 1.00000000e+00
7.42735304e-01 7.36389790e-01 6.55632409e-01 1.00000000e+00
7.40139969e-01 7.36740732e-01 6.44312501e-01 1.00000000e+00
6.99932668e-01 6.89739038e-01 6.02566771e-01 1.00000000e+00
6.69433393e-01 6.63834649e-01 5.91499867e-01 1.00000000e+00
6.73836486e-01 5.92222154e-01 5.56519965e-01 1.00000000e+00
6.47307747e-01 4.21134031e-01 4.48670707e-01 1.00000000e+00
6.13474526e-01 2.80353390e-01 3.69643549e-01 1.00000000e+00
6.99300157e-01 4.36249005e-01 5.19960825e-01 1.00000000e+00
6.78827202e-01 3.93515741e-01 4.75354512e-01 1.00000000e+00
8.46438555e-01 6.80806350e-01 7.33761809e-01 1.00000000e+00
9.54410234e-01 9.06959662e-01 9.23098896e-01 1.00000000e+00
9.99942870e-01 9.99840852e-01 9.99922466e-01 1.00000000e+00
1.00000000e+00 1.00000000e+00 1.00000000e+00 1.00000000e+00
9.05845626e-01 8.44104385e-01 8.56375099e-01 1.00000000e+00
8.43573892e-01 6.76321642e-01 6.93750383e-01 1.00000000e+00
7.69761789e-01 4.09560849e-01 4.66050883e-01 1.00000000e+00
9.97634095e-01 9.98606385e-01 9.98055421e-01 1.00000000e+00
7.21147302e-01 7.11618862e-01 7.05428618e-01 1.00000000e+00
5.05396208e-01 4.89742343e-01 4.47415330e-01 1.00000000e+00
5.09415006e-01 4.88251499e-01 4.53605574e-01 1.00000000e+00
5.16480311e-01 4.97682709e-01 4.52665694e-01 1.00000000e+00
9.63766002e-01 9.51191055e-01 9.47269486e-01 1.00000000e+00
7.88263859e-01 7.66876824e-01 7.50035706e-01 1.00000000e+00
7.88231213e-01 6.56264920e-01 6.72718369e-01 1.00000000e+00
8.66458550e-01 7.66158617e-01 7.83615923e-01 1.00000000e+00
9.91153006e-01 9.96355920e-01 9.97935157e-01 1.00000000e+00
9.99804126e-01 1.00000000e+00 1.00000000e+00 1.00000000e+00
9.81628614e-01 9.91344800e-01 9.96519149e-01 1.00000000e+00
8.94019710e-01 8.93497378e-01 9.16961498e-01 1.00000000e+00
7.92165024e-01 7.28432393e-01 7.72189917e-01 1.00000000e+00
8.22635735e-01 7.75572831e-01 8.19966946e-01 1.00000000e+00
6.83944421e-01 5.59482565e-01 6.24957663e-01 1.00000000e+00
6.01236457e-01 3.75780947e-01 4.53873620e-01 1.00000000e+00
5.99816368e-01 3.36259207e-01 4.01114036e-01 1.00000000e+00
6.40582726e-01 5.52239293e-01 5.19528269e-01 1.00000000e+00
6.21060578e-01 6.18024525e-01 5.25579972e-01 1.00000000e+00
6.21342148e-01 6.17547081e-01 5.32211136e-01 1.00000000e+00
6.52029136e-01 6.45173532e-01 5.60400726e-01 1.00000000e+00
6.75179041e-01 6.64765053e-01 5.86798882e-01 1.00000000e+00
6.65434290e-01 6.64536533e-01 5.88427088e-01 1.00000000e+00
6.70465814e-01 6.69408908e-01 5.90263410e-01 1.00000000e+00
6.89535002e-01 6.84572851e-01 6.02097488e-01 1.00000000e+00
6.72077697e-01 6.69335455e-01 5.85623636e-01 1.00000000e+00
5.96315113e-01 5.95654037e-01 5.23233560e-01 1.00000000e+00
5.94948073e-01 5.90765338e-01 5.19813919e-01 1.00000000e+00
6.01832242e-01 6.05974169e-01 5.43265797e-01 1.00000000e+00
6.90918365e-01 7.08363429e-01 6.63055232e-01 1.00000000e+00
5.04703026e-01 5.63351084e-01 5.63832609e-01 1.00000000e+00
2.62194201e-01 3.63648977e-01 4.22068515e-01 1.00000000e+00
2.91073432e-01 2.90983657e-01 3.76348167e-01 1.00000000e+00
5.42690416e-01 3.25939075e-01 4.29842280e-01 1.00000000e+00
8.19575197e-01 6.29568872e-01 7.02993206e-01 1.00000000e+00
9.44249250e-01 8.84344331e-01 9.10538451e-01 1.00000000e+00
1.00000000e+00 1.00000000e+00 1.00000000e+00 1.00000000e+00
1.00000000e+00 1.00000000e+00 1.00000000e+00 1.00000000e+00
1.00000000e+00 1.00000000e+00 1.00000000e+00 1.00000000e+00
8.86176573e-01 9.30223827e-01 9.46350819e-01 1.00000000e+00
6.50013262e-01 7.13194997e-01 7.46946604e-01 1.00000000e+00
6.52433127e-01 6.75554467e-01 6.96288588e-01 1.00000000e+00
7.92230316e-01 8.11213809e-01 8.05268205e-01 1.00000000e+00
8.21060578e-01 8.38954520e-01 8.25002550e-01 1.00000000e+00
8.77977637e-01 8.86436558e-01 8.59731000e-01 1.00000000e+00
8.65842362e-01 8.80153435e-01 8.54253127e-01 1.00000000e+00
8.69278325e-01 8.82275408e-01 8.58403216e-01 1.00000000e+00
8.71987921e-01 8.90134868e-01 8.75774826e-01 1.00000000e+00
8.56460795e-01 8.77337741e-01 8.69053886e-01 1.00000000e+00
6.52065863e-01 7.76915386e-01 7.96396727e-01 1.00000000e+00
7.10966926e-01 8.41060170e-01 8.75448369e-01 1.00000000e+00
9.36748893e-01 9.64387586e-01 9.68174491e-01 1.00000000e+00
1.00000000e+00 1.00000000e+00 1.00000000e+00 1.00000000e+00
1.00000000e+00 1.00000000e+00 1.00000000e+00 1.00000000e+00
1.00000000e+00 1.00000000e+00 1.00000000e+00 1.00000000e+00
9.99934709e-01 9.99094081e-01 9.99718431e-01 1.00000000e+00
9.59123462e-01 8.93191324e-01 9.20638224e-01 1.00000000e+00
7.55063149e-01 7.13978495e-01 7.66281039e-01 1.00000000e+00
5.09644774e-01 5.92111975e-01 6.44916447e-01 1.00000000e+00
5.43571851e-01 6.12062598e-01 6.29483177e-01 1.00000000e+00
7.37764992e-01 7.60188529e-01 7.26893963e-01 1.00000000e+00
6.90848993e-01 6.97431189e-01 6.40313399e-01 1.00000000e+00
6.47883128e-01 6.47932097e-01 5.85933770e-01 1.00000000e+00
6.72065455e-01 6.79606619e-01 6.05019281e-01 1.00000000e+00
7.66566689e-01 7.69806778e-01 6.93995226e-01 1.00000000e+00
8.05708922e-01 8.05129461e-01 7.25575891e-01 1.00000000e+00
7.81404175e-01 7.82954847e-01 7.01001816e-01 1.00000000e+00
7.97967803e-01 8.00840628e-01 7.26212483e-01 1.00000000e+00
7.86709106e-01 7.85497133e-01 6.92065047e-01 1.00000000e+00
7.48787007e-01 7.32986472e-01 6.34249454e-01 1.00000000e+00
7.24017057e-01 7.11081186e-01 6.20362776e-01 1.00000000e+00
7.10187509e-01 6.92934239e-01 5.92397625e-01 1.00000000e+00
6.83940340e-01 6.73591643e-01 5.91834486e-01 1.00000000e+00
6.77656036e-01 6.57301422e-01 6.03211524e-01 1.00000000e+00
6.46316133e-01 6.07847218e-01 5.89736998e-01 1.00000000e+00
6.26696048e-01 5.97567893e-01 6.05876232e-01 1.00000000e+00
6.34253535e-01 6.16616678e-01 6.27385689e-01 1.00000000e+00
7.55716064e-01 7.67986778e-01 7.92450674e-01 1.00000000e+00
8.54840750e-01 9.05784416e-01 9.37756830e-01 1.00000000e+00
9.34496338e-01 9.70239334e-01 9.87370182e-01 1.00000000e+00
9.66252474e-01 9.89251393e-01 9.96829283e-01 1.00000000e+00
9.98902287e-01 1.00000000e+00 1.00000000e+00 1.00000000e+00
9.79012875e-01 9.84436147e-01 9.88072065e-01 1.00000000e+00
7.69060007e-01 7.55573239e-01 7.60453776e-01 1.00000000e+00
6.98231009e-01 6.84499398e-01 6.81965273e-01 1.00000000e+00
7.31161886e-01 7.44385027e-01 7.27758872e-01 1.00000000e+00
6.09091837e-01 5.95649956e-01 5.60596601e-01 1.00000000e+00
5.64316966e-01 5.38648517e-01 5.00178253e-01 1.00000000e+00
5.71641549e-01 5.43218279e-01 5.06303678e-01 1.00000000e+00
5.81623724e-01 5.68238535e-01 5.15832118e-01 1.00000000e+00
7.26636877e-01 7.14806880e-01 6.86233703e-01 1.00000000e+00
6.71049356e-01 6.92632266e-01 6.69502765e-01 1.00000000e+00
6.17302238e-01 6.47715819e-01 6.33449634e-01 1.00000000e+00
8.30421742e-01 8.33886270e-01 8.42308869e-01 1.00000000e+00
9.99522556e-01 1.00000000e+00 1.00000000e+00 1.00000000e+00
9.62526780e-01 9.84256595e-01 9.96237579e-01 1.00000000e+00
8.54563261e-01 9.08024729e-01 9.40813287e-01 1.00000000e+00
7.05453878e-01 7.72026688e-01 8.10246679e-01 1.00000000e+00
6.61826937e-01 7.04935627e-01 7.14382486e-01 1.00000000e+00
6.41757973e-01 6.82985452e-01 6.89832895e-01 1.00000000e+00
5.80179960e-01 6.01513946e-01 5.84660586e-01 1.00000000e+00
5.37679296e-01 5.34545306e-01 5.09652935e-01 1.00000000e+00
5.54373508e-01 5.52263778e-01 5.32741629e-01 1.00000000e+00
6.08793944e-01 6.04097039e-01 5.65542429e-01 1.00000000e+00
6.64075412e-01 6.57321826e-01 5.64048887e-01 1.00000000e+00
6.43027076e-01 6.33086450e-01 5.27648895e-01 1.00000000e+00
6.55856848e-01 6.36142907e-01 5.34851360e-01 1.00000000e+00
6.80541103e-01 6.63071555e-01 5.64828304e-01 1.00000000e+00
7.13945849e-01 7.04094999e-01 6.12719594e-01 1.00000000e+00
7.08534819e-01 7.02683071e-01 6.15306768e-01 1.00000000e+00
6.99969395e-01 6.92207872e-01 6.03542062e-01 1.00000000e+00
7.17275714e-01 7.07122891e-01 6.21497215e-01 1.00000000e+00
6.45397972e-01 6.42333354e-01 5.62796107e-01 1.00000000e+00
5.48452388e-01 5.40723511e-01 4.60708820e-01 1.00000000e+00
5.24017057e-01 5.20809614e-01 4.53359450e-01 1.00000000e+00
6.22713268e-01 6.30401338e-01 5.83493501e-01 1.00000000e+00
6.47699496e-01 6.63173573e-01 6.42353757e-01 1.00000000e+00
6.68560119e-01 7.14374324e-01 7.21552305e-01 1.00000000e+00
9.76601171e-01 9.74417988e-01 9.82930363e-01 1.00000000e+00
9.92271123e-01 9.83579197e-01 9.87402828e-01 1.00000000e+00
9.99502153e-01 9.98734978e-01 9.99559283e-01 1.00000000e+00
1.00000000e+00 1.00000000e+00 1.00000000e+00 1.00000000e+00
1.00000000e+00 1.00000000e+00 1.00000000e+00 1.00000000e+00
1.00000000e+00 1.00000000e+00 1.00000000e+00 1.00000000e+00
1.00000000e+00 1.00000000e+00 1.00000000e+00 1.00000000e+00
8.83475138e-01 9.28685397e-01 9.44261492e-01 1.00000000e+00
6.83564914e-01 7.65991308e-01 8.01758789e-01 1.00000000e+00
6.01436412e-01 6.76431821e-01 7.01267062e-01 1.00000000e+00
7.78910857e-01 8.15114974e-01 8.10054886e-01 1.00000000e+00
7.99187937e-01 8.18934525e-01 8.12556365e-01 1.00000000e+00
7.98930481e-01 8.24210015e-01 8.21066278e-01 1.00000000e+00
8.15233315e-01 8.37444655e-01 8.32841607e-01 1.00000000e+00
8.22252147e-01 8.48646222e-01 8.48217747e-01 1.00000000e+00
8.49188958e-01 8.74783212e-01 8.69417070e-01 1.00000000e+00
8.22423538e-01 8.24745465e-01 8.24010936e-01 1.00000000e+00
7.85958254e-01 7.47934137e-01 7.84281080e-01 1.00000000e+00
8.96978229e-01 8.76994960e-01 9.09771276e-01 1.00000000e+00
9.74062965e-01 9.89745159e-01 9.91956908e-01 1.00000000e+00
1.00000000e+00 1.00000000e+00 1.00000000e+00 1.00000000e+00
1.00000000e+00 1.00000000e+00 1.00000000e+00 1.00000000e+00
1.00000000e+00 1.00000000e+00 1.00000000e+00 1.00000000e+00
1.00000000e+00 1.00000000e+00 1.00000000e+00 1.00000000e+00
1.00000000e+00 1.00000000e+00 1.00000000e+00 1.00000000e+00
1.00000000e+00 1.00000000e+00 1.00000000e+00 1.00000000e+00
8.53771602e-01 8.77705005e-01 8.70653527e-01 1.00000000e+00
7.24335353e-01 7.50427455e-01 7.30460509e-01 1.00000000e+00
6.92873029e-01 7.12113607e-01 6.81214421e-01 1.00000000e+00
6.69278325e-01 6.84866663e-01 6.37114117e-01 1.00000000e+00
6.35102324e-01 6.31144029e-01 5.65509784e-01 1.00000000e+00
6.48740079e-01 6.43524923e-01 5.58756198e-01 1.00000000e+00
7.26465487e-01 7.28032483e-01 6.38313848e-01 1.00000000e+00
8.01901614e-01 7.98645202e-01 7.11995266e-01 1.00000000e+00
8.36901920e-01 8.32564118e-01 7.46930281e-01 1.00000000e+00
8.11360715e-01 8.05888474e-01 7.09816164e-01 1.00000000e+00
7.98649283e-01 7.77527494e-01 6.76280835e-01 1.00000000e+00
7.61661668e-01 7.32611046e-01 6.23553896e-01 1.00000000e+00
7.60066108e-01 7.36128624e-01 6.22599008e-01 1.00000000e+00
7.94384934e-01 7.86590765e-01 6.82883434e-01 1.00000000e+00
8.14694660e-01 8.11026096e-01 7.20691273e-01 1.00000000e+00
6.66654425e-01 6.61724919e-01 5.97355696e-01 1.00000000e+00
5.58425660e-01 5.40609251e-01 4.78349758e-01 1.00000000e+00
5.58364449e-01 5.33574096e-01 4.75166799e-01 1.00000000e+00
5.23033605e-01 4.87988411e-01 4.22790802e-01 1.00000000e+00
6.15588337e-01 6.04113362e-01 5.53051356e-01 1.00000000e+00
7.75217808e-01 8.15457754e-01 8.24700577e-01 1.00000000e+00
8.74722001e-01 9.38050642e-01 9.65726061e-01 1.00000000e+00
9.58776601e-01 9.88471976e-01 9.98502377e-01 1.00000000e+00
9.99685785e-01 1.00000000e+00 1.00000000e+00 1.00000000e+00
9.84791169e-01 9.92022199e-01 9.93413723e-01 1.00000000e+00
6.92469038e-01 7.37781314e-01 7.32753872e-01 1.00000000e+00
6.42337434e-01 6.68543796e-01 6.53265593e-01 1.00000000e+00
7.10138540e-01 6.97643386e-01 6.75627920e-01 1.00000000e+00
6.04003183e-01 5.93258656e-01 5.54614270e-01 1.00000000e+00
5.29833090e-01 5.08539945e-01 4.61286663e-01 1.00000000e+00
5.21989953e-01 5.01053314e-01 4.52147140e-01 1.00000000e+00
5.43033197e-01 5.19630287e-01 4.68894738e-01 1.00000000e+00
6.87637469e-01 6.57538104e-01 6.21048336e-01 1.00000000e+00
6.52543307e-01 5.59078574e-01 5.49762298e-01 1.00000000e+00
6.91285630e-01 6.37689498e-01 6.32747751e-01 1.00000000e+00
8.36371427e-01 8.47324070e-01 8.44104385e-01 1.00000000e+00
9.63881578e-01 9.63147049e-01 9.61763686e-01 1.00000000e+00
9.60384404e-01 9.69455836e-01 9.71610455e-01 1.00000000e+00
9.25253515e-01 9.50178531e-01 9.64897676e-01 1.00000000e+00
8.30001428e-01 8.69804738e-01 8.77574422e-01 1.00000000e+00
7.27359164e-01 7.48570729e-01 7.34480015e-01 1.00000000e+00
5.52920773e-01 5.35757279e-01 4.72673481e-01 1.00000000e+00
4.68074514e-01 4.32278468e-01 3.54614270e-01 1.00000000e+00
4.77639714e-01 4.48344249e-01 3.70476016e-01 1.00000000e+00
4.76215543e-01 4.44924609e-01 3.72234804e-01 1.00000000e+00
5.26567505e-01 5.07481994e-01 4.38660709e-01 1.00000000e+00
5.98433005e-01 5.94344127e-01 5.27959030e-01 1.00000000e+00
7.39842076e-01 7.37238579e-01 6.48315684e-01 1.00000000e+00
7.29073065e-01 7.19866969e-01 6.10389504e-01 1.00000000e+00
7.08159393e-01 6.94431862e-01 5.87406909e-01 1.00000000e+00
7.27261227e-01 7.26844994e-01 6.28675195e-01 1.00000000e+00
7.95731570e-01 7.97539328e-01 6.99210381e-01 1.00000000e+00
7.65064985e-01 7.60286466e-01 6.67772541e-01 1.00000000e+00
7.44081941e-01 7.35953153e-01 6.43614699e-01 1.00000000e+00
6.50784518e-01 6.38158781e-01 5.36940687e-01 1.00000000e+00
5.60143641e-01 5.53043194e-01 4.72840791e-01 1.00000000e+00
5.91736549e-01 6.00734529e-01 5.54585705e-01 1.00000000e+00
5.85036012e-01 5.90389912e-01 5.45049071e-01 1.00000000e+00
6.11528024e-01 6.25222909e-01 5.81975475e-01 1.00000000e+00
7.97637265e-01 8.18310175e-01 8.06316949e-01 1.00000000e+00
9.81604130e-01 9.84762604e-01 9.83456775e-01 1.00000000e+00
1.00000000e+00 1.00000000e+00 1.00000000e+00 1.00000000e+00
1.00000000e+00 1.00000000e+00 1.00000000e+00 1.00000000e+00
1.00000000e+00 1.00000000e+00 1.00000000e+00 1.00000000e+00
1.00000000e+00 1.00000000e+00 1.00000000e+00 1.00000000e+00
1.00000000e+00 1.00000000e+00 1.00000000e+00 1.00000000e+00
1.00000000e+00 1.00000000e+00 1.00000000e+00 1.00000000e+00
9.53116647e-01 9.85554263e-01 9.90932648e-01 1.00000000e+00
9.06465895e-01 8.29079186e-01 8.73081553e-01 1.00000000e+00
8.30699231e-01 7.07657465e-01 7.50566199e-01 1.00000000e+00
8.13805064e-01 8.03403318e-01 8.08683765e-01 1.00000000e+00
8.17779682e-01 8.56040481e-01 8.59496848e-01 1.00000000e+00
8.63101604e-01 9.06822233e-01 9.02317291e-01 1.00000000e+00
8.51776132e-01 8.85397156e-01 8.84683030e-01 1.00000000e+00
8.41733488e-01 8.75627920e-01 8.75827875e-01 1.00000000e+00
8.43569811e-01 8.79284242e-01 8.73554916e-01 1.00000000e+00
8.73199894e-01 8.48519720e-01 8.57884965e-01 1.00000000e+00
8.79190386e-01 7.88108792e-01 8.27010263e-01 1.00000000e+00
9.22711228e-01 8.80075901e-01 9.07849258e-01 1.00000000e+00
9.84309645e-01 9.94833813e-01 9.95596907e-01 1.00000000e+00
9.92116056e-01 9.96066189e-01 9.98090225e-01 1.00000000e+00
9.77776418e-01 9.85656281e-01 9.87892514e-01 1.00000000e+00
9.81306237e-01 9.88002693e-01 9.91495787e-01 1.00000000e+00
9.91614127e-01 9.95498970e-01 9.96837445e-01 1.00000000e+00
9.81755116e-01 9.86811124e-01 9.88553590e-01 1.00000000e+00
9.75352472e-01 9.80779825e-01 9.82195834e-01 1.00000000e+00
9.05049887e-01 9.16655445e-01 9.08775581e-01 1.00000000e+00
7.23686519e-01 7.32627369e-01 6.88172043e-01 1.00000000e+00
6.77562180e-01 6.87943523e-01 6.35910306e-01 1.00000000e+00
6.66829895e-01 6.77949848e-01 6.22835690e-01 1.00000000e+00
6.62039134e-01 6.70392361e-01 6.04680582e-01 1.00000000e+00
7.10685356e-01 7.04609169e-01 6.00693722e-01 1.00000000e+00
7.89761482e-01 7.84831976e-01 6.82765094e-01 1.00000000e+00
8.23929322e-01 8.24908694e-01 7.24339434e-01 1.00000000e+00
8.51008957e-01 8.58003305e-01 7.70210769e-01 1.00000000e+00
8.45573443e-01 8.57019853e-01 7.82187672e-01 1.00000000e+00
8.32547795e-01 8.40411336e-01 7.52039338e-01 1.00000000e+00
8.35069678e-01 8.26136990e-01 7.31390912e-01 1.00000000e+00
8.47099631e-01 8.42223174e-01 7.49052254e-01 1.00000000e+00
8.30221787e-01 8.33433311e-01 7.52333150e-01 1.00000000e+00
7.47705617e-01 7.49235886e-01 6.78647651e-01 1.00000000e+00
7.34239252e-01 7.28636429e-01 6.56011916e-01 1.00000000e+00
6.28789455e-01 6.16159638e-01 5.49480729e-01 1.00000000e+00
5.51667993e-01 5.25310645e-01 4.53322723e-01 1.00000000e+00
5.45734631e-01 5.08763339e-01 4.44785864e-01 1.00000000e+00
6.05443676e-01 5.78400767e-01 5.40099161e-01 1.00000000e+00
7.17642978e-01 6.98488095e-01 6.71485993e-01 1.00000000e+00
8.26218604e-01 8.12756320e-01 8.00134664e-01 1.00000000e+00
8.55734427e-01 8.46381425e-01 8.35987839e-01 1.00000000e+00
8.50980392e-01 8.46409990e-01 8.34967660e-01 1.00000000e+00
8.07941074e-01 8.06051703e-01 7.96384485e-01 1.00000000e+00
7.36030687e-01 6.71922630e-01 6.74566934e-01 1.00000000e+00
7.33749566e-01 5.73769154e-01 5.84958479e-01 1.00000000e+00
7.86513232e-01 6.63651017e-01 6.60537430e-01 1.00000000e+00
6.80035094e-01 6.62455367e-01 6.38248556e-01 1.00000000e+00
6.83328232e-01 6.67242048e-01 6.32404970e-01 1.00000000e+00
7.11358675e-01 6.95052131e-01 6.57285099e-01 1.00000000e+00
7.27975352e-01 7.14594683e-01 6.82352941e-01 1.00000000e+00
6.78541552e-01 6.54734651e-01 6.25447349e-01 1.00000000e+00
6.10393585e-01 4.77321418e-01 4.79059803e-01 1.00000000e+00
5.74997450e-01 4.46320214e-01 4.47662770e-01 1.00000000e+00
5.86484667e-01 5.79992247e-01 5.57385077e-01 1.00000000e+00
6.15017037e-01 6.10548652e-01 5.80947134e-01 1.00000000e+00
5.81024668e-01 5.28444635e-01 4.96549754e-01 1.00000000e+00
5.08151231e-01 4.62692049e-01 4.26153313e-01 1.00000000e+00
4.32853849e-01 3.86137806e-01 3.44183959e-01 1.00000000e+00
4.28087572e-01 3.70863684e-01 3.24572035e-01 1.00000000e+00
4.42268062e-01 4.00979372e-01 3.44196201e-01 1.00000000e+00
4.84972761e-01 4.50625370e-01 3.94282916e-01 1.00000000e+00
4.86633613e-01 4.51229316e-01 3.95919283e-01 1.00000000e+00
5.54059293e-01 5.32517190e-01 4.72138908e-01 1.00000000e+00
7.05653833e-01 6.95900920e-01 6.18334660e-01 1.00000000e+00
8.15474077e-01 8.00477444e-01 7.10252800e-01 1.00000000e+00
8.15776050e-01 8.17494032e-01 7.33733244e-01 1.00000000e+00
8.06896411e-01 8.15865826e-01 7.44543062e-01 1.00000000e+00
7.92760809e-01 8.00432556e-01 7.17487911e-01 1.00000000e+00
7.70912652e-01 7.72561262e-01 6.78533390e-01 1.00000000e+00
7.26351227e-01 7.25526923e-01 6.31197078e-01 1.00000000e+00
6.51861827e-01 6.51551692e-01 5.73320275e-01 1.00000000e+00
5.65689335e-01 5.65811757e-01 5.08844953e-01 1.00000000e+00
5.19932260e-01 5.21797148e-01 4.61680031e-01 1.00000000e+00
5.06114954e-01 5.06090469e-01 4.48980841e-01 1.00000000e+00
5.15863786e-01 5.17700108e-01 4.61831018e-01 1.00000000e+00
5.89524801e-01 5.90887760e-01 5.37156965e-01 1.00000000e+00
6.66887025e-01 6.68156128e-01 6.27328559e-01 1.00000000e+00
8.63981555e-01 8.82663076e-01 8.83879129e-01 1.00000000e+00
8.79855543e-01 8.95248006e-01 9.01552713e-01 1.00000000e+00
8.72563302e-01 8.94717512e-01 8.98802310e-01 1.00000000e+00
8.62377834e-01 8.87890474e-01 8.90999980e-01 1.00000000e+00
8.61912632e-01 8.91097917e-01 8.94386974e-01 1.00000000e+00
8.76611373e-01 8.93627961e-01 8.96015180e-01 1.00000000e+00
8.29915733e-01 8.57656444e-01 8.60978148e-01 1.00000000e+00
6.96080472e-01 7.51651670e-01 7.71512518e-01 1.00000000e+00
6.66274918e-01 6.93313746e-01 7.29709657e-01 1.00000000e+00
7.38842301e-01 7.45110281e-01 7.60466018e-01 1.00000000e+00
8.07361613e-01 8.43508600e-01 8.44871559e-01 1.00000000e+00
8.38064924e-01 8.78970027e-01 8.70453572e-01 1.00000000e+00
8.51013038e-01 8.76664422e-01 8.67772541e-01 1.00000000e+00
8.59770256e-01 8.77137785e-01 8.65915815e-01 1.00000000e+00
8.47691335e-01 8.77986574e-01 8.67531779e-01 1.00000000e+00
7.48631940e-01 8.24973985e-01 8.30597213e-01 1.00000000e+00
6.30413581e-01 7.39193242e-01 7.49517455e-01 1.00000000e+00
6.92746526e-01 7.44392075e-01 7.48827814e-01 1.00000000e+00
8.00085695e-01 8.24398604e-01 8.21827753e-01 1.00000000e+00
8.46720124e-01 8.93281100e-01 8.96578319e-01 1.00000000e+00
8.76611373e-01 9.08049213e-01 9.16443247e-01 1.00000000e+00
8.77962090e-01 9.12431903e-01 9.13150109e-01 1.00000000e+00
8.46711963e-01 8.85299219e-01 8.86425496e-01 1.00000000e+00
8.19007978e-01 8.41268287e-01 8.20872865e-01 1.00000000e+00
7.31729612e-01 7.28142662e-01 6.80924690e-01 1.00000000e+00
6.44353308e-01 6.38424027e-01 5.74213952e-01 1.00000000e+00
6.07863541e-01 6.01265022e-01 5.39291180e-01 1.00000000e+00
5.73099916e-01 5.64477362e-01 5.07522801e-01 1.00000000e+00
5.80722695e-01 5.77205117e-01 5.22747955e-01 1.00000000e+00
5.78461978e-01 5.74087450e-01 5.15435310e-01 1.00000000e+00
7.15341454e-01 7.16937014e-01 6.56517925e-01 1.00000000e+00
8.08455245e-01 8.12180939e-01 7.40401134e-01 1.00000000e+00
8.32992593e-01 8.33886270e-01 7.47040460e-01 1.00000000e+00
8.46512008e-01 8.48307523e-01 7.57887005e-01 1.00000000e+00
8.64336578e-01 8.66980882e-01 7.84301483e-01 1.00000000e+00
8.81867336e-01 8.89518679e-01 8.20819816e-01 1.00000000e+00
8.77860072e-01 8.76268593e-01 8.09369325e-01 1.00000000e+00
8.06194528e-01 7.95874396e-01 7.26865398e-01 1.00000000e+00
7.15316970e-01 6.89086124e-01 6.24063986e-01 1.00000000e+00
6.69678235e-01 6.51710840e-01 5.82983412e-01 1.00000000e+00
5.44767501e-01 4.87139622e-01 4.31262370e-01 1.00000000e+00
4.92673073e-01 4.26030891e-01 3.77494848e-01 1.00000000e+00
4.67233886e-01 3.89904307e-01 3.38324050e-01 1.00000000e+00
4.69653751e-01 3.72091979e-01 3.15667911e-01 1.00000000e+00
4.85580788e-01 3.86762155e-01 3.32509029e-01 1.00000000e+00
5.55740548e-01 5.52051580e-01 5.15019077e-01 1.00000000e+00
5.47966783e-01 5.46738487e-01 5.11832038e-01 1.00000000e+00
4.81859174e-01 4.57644202e-01 4.43757524e-01 1.00000000e+00
4.44088062e-01 4.46320214e-01 4.30042235e-01 1.00000000e+00
5.61882026e-01 5.92409867e-01 5.63567362e-01 1.00000000e+00
7.04813205e-01 7.04809124e-01 6.76615454e-01 1.00000000e+00
6.89681908e-01 6.94256391e-01 6.67274693e-01 1.00000000e+00
6.23051968e-01 6.30629859e-01 5.97078207e-01 1.00000000e+00
6.37856808e-01 6.43541246e-01 6.09589684e-01 1.00000000e+00
5.27779478e-01 5.32733468e-01 4.99145090e-01 1.00000000e+00
3.75381037e-01 4.03701210e-01 3.81110363e-01 1.00000000e+00
4.33653670e-01 3.43820775e-01 2.92146661e-01 1.00000000e+00
4.04962151e-01 3.12048316e-01 2.60064067e-01 1.00000000e+00
4.07875783e-01 3.12766522e-01 2.62467609e-01 1.00000000e+00
4.35404297e-01 3.39829834e-01 2.83503703e-01 1.00000000e+00
4.15221073e-01 3.19813919e-01 2.68331599e-01 1.00000000e+00
4.02207668e-01 3.03809349e-01 2.52004652e-01 1.00000000e+00
4.03550223e-01 3.08192039e-01 2.56366938e-01 1.00000000e+00
4.67184918e-01 3.76866418e-01 3.17226745e-01 1.00000000e+00
4.47728061e-01 3.59939605e-01 3.09779437e-01 1.00000000e+00
5.05698721e-01 4.48152456e-01 3.95490808e-01 1.00000000e+00
5.98020852e-01 5.65583236e-01 5.04956030e-01 1.00000000e+00
6.96525270e-01 6.95680562e-01 6.20876946e-01 1.00000000e+00
7.35683826e-01 7.33153782e-01 6.58990839e-01 1.00000000e+00
7.12713472e-01 7.14851768e-01 6.33886270e-01 1.00000000e+00
6.95815225e-01 7.00540695e-01 6.22431699e-01 1.00000000e+00
6.33633266e-01 6.38542368e-01 5.68994715e-01 1.00000000e+00
5.65420008e-01 5.57499337e-01 4.79267919e-01 1.00000000e+00
5.09571321e-01 5.00499888e-01 4.26459366e-01 1.00000000e+00
4.99120606e-01 4.90094061e-01 4.22990757e-01 1.00000000e+00
5.33908714e-01 5.25784008e-01 4.53441064e-01 1.00000000e+00
5.37373243e-01 5.21491094e-01 4.61402542e-01 1.00000000e+00
5.65473057e-01 5.52284181e-01 4.89714554e-01 1.00000000e+00
6.13266410e-01 6.07994124e-01 5.44245169e-01 1.00000000e+00
6.65054784e-01 6.70131195e-01 6.23864031e-01 1.00000000e+00
7.13178674e-01 7.35092122e-01 7.20568852e-01 1.00000000e+00
7.17173696e-01 7.61180143e-01 7.58690906e-01 1.00000000e+00
7.33219073e-01 7.74768929e-01 7.74928077e-01 1.00000000e+00
7.20805533e-01 7.63293954e-01 7.66558528e-01 1.00000000e+00
7.34235172e-01 7.82240721e-01 7.84831976e-01 1.00000000e+00
7.16165759e-01 7.53328845e-01 7.54532656e-01 1.00000000e+00
6.29238334e-01 6.77876395e-01 6.79149579e-01 1.00000000e+00
6.34331069e-01 7.39058579e-01 7.49856155e-01 1.00000000e+00
7.38695395e-01 8.21170758e-01 8.24912775e-01 1.00000000e+00
7.78478301e-01 8.33510845e-01 8.30899186e-01 1.00000000e+00
9.34512660e-01 9.43649385e-01 9.34227010e-01 1.00000000e+00
9.15700557e-01 9.22939748e-01 9.07143294e-01 1.00000000e+00
9.12599212e-01 9.20311767e-01 9.02356614e-01 1.00000000e+00
9.13268450e-01 9.21013650e-01 9.06922936e-01 1.00000000e+00
8.43728959e-01 8.53865459e-01 8.50156087e-01 1.00000000e+00
8.03591031e-01 8.14939503e-01 8.05231479e-01 1.00000000e+00
7.04437779e-01 7.46346738e-01 7.42070148e-01 1.00000000e+00
6.81748995e-01 7.12570647e-01 7.20446430e-01 1.00000000e+00
6.66964559e-01 7.00683520e-01 7.02462712e-01 1.00000000e+00
7.05286568e-01 7.36614229e-01 7.37099835e-01 1.00000000e+00
6.94358409e-01 7.25212707e-01 7.23764053e-01 1.00000000e+00
6.70743303e-01 6.94750158e-01 7.03972578e-01 1.00000000e+00
6.28756810e-01 6.54779539e-01 6.41284610e-01 1.00000000e+00
6.75778907e-01 6.87788456e-01 6.44055416e-01 1.00000000e+00
6.92150742e-01 6.98606435e-01 6.41545775e-01 1.00000000e+00
6.77194915e-01 6.82801820e-01 6.26018649e-01 1.00000000e+00
6.58231826e-01 6.58158373e-01 6.03093183e-01 1.00000000e+00
6.16371835e-01 6.00571300e-01 5.55969068e-01 1.00000000e+00
6.12242150e-01 5.72279692e-01 5.16598315e-01 1.00000000e+00
6.39003489e-01 6.12042195e-01 5.40515395e-01 1.00000000e+00
6.51392545e-01 6.38640305e-01 5.65848483e-01 1.00000000e+00
7.11064863e-01 7.02829977e-01 6.30911428e-01 1.00000000e+00
7.43433107e-01 7.38430148e-01 6.59962049e-01 1.00000000e+00
6.97704597e-01 6.95403073e-01 6.23447797e-01 1.00000000e+00
6.67735814e-01 6.67703169e-01 5.90932648e-01 1.00000000e+00
6.39093265e-01 6.24635286e-01 5.49925527e-01 1.00000000e+00
6.11895289e-01 5.65726061e-01 4.94664463e-01 1.00000000e+00
5.80914489e-01 5.06461815e-01 4.33017078e-01 1.00000000e+00
5.60208933e-01 4.53122768e-01 3.87994532e-01 1.00000000e+00
5.23751811e-01 4.18314256e-01 3.59184673e-01 1.00000000e+00
5.23188672e-01 4.14033584e-01 3.50802881e-01 1.00000000e+00
5.11464773e-01 4.04150089e-01 3.45330640e-01 1.00000000e+00
5.23743649e-01 4.25500398e-01 3.68827406e-01 1.00000000e+00
5.24498582e-01 4.20317888e-01 3.65693416e-01 1.00000000e+00
4.84882985e-01 3.80783906e-01 3.31550060e-01 1.00000000e+00
4.81096080e-01 3.72255208e-01 3.06784191e-01 1.00000000e+00
5.68823325e-01 5.17202261e-01 4.58672543e-01 1.00000000e+00
4.86931505e-01 4.73824244e-01 4.61786130e-01 1.00000000e+00
4.81814287e-01 5.03433923e-01 4.78676216e-01 1.00000000e+00
5.17096162e-01 4.33502683e-01 4.27920263e-01 1.00000000e+00
5.72418437e-01 5.92258881e-01 5.76597090e-01 1.00000000e+00
6.03019730e-01 6.18424435e-01 6.03162555e-01 1.00000000e+00
5.61478036e-01 5.77645835e-01 5.60131399e-01 1.00000000e+00
5.62253372e-01 5.80771664e-01 5.60943462e-01 1.00000000e+00
5.51088531e-01 5.69749648e-01 5.43086246e-01 1.00000000e+00
5.34724858e-01 3.78131440e-01 3.81163412e-01 1.00000000e+00
4.50351962e-01 4.64295770e-01 4.42370080e-01 1.00000000e+00
5.04662219e-01 4.68653976e-01 4.14319234e-01 1.00000000e+00
4.79374018e-01 3.83766909e-01 3.15798494e-01 1.00000000e+00
4.39011650e-01 3.35014589e-01 2.76554243e-01 1.00000000e+00
4.18306095e-01 3.13696925e-01 2.57195323e-01 1.00000000e+00
4.57321826e-01 3.74471037e-01 3.20173022e-01 1.00000000e+00
4.42733264e-01 3.64330456e-01 3.18438718e-01 1.00000000e+00
4.10385424e-01 3.27722348e-01 2.76093122e-01 1.00000000e+00
4.28711922e-01 3.37463019e-01 2.77631552e-01 1.00000000e+00
4.59692722e-01 3.65823999e-01 3.08094101e-01 1.00000000e+00
4.56187387e-01 3.62714493e-01 3.03393116e-01 1.00000000e+00
4.86780519e-01 3.88402603e-01 3.28236518e-01 1.00000000e+00
5.23690600e-01 4.57497297e-01 4.00057130e-01 1.00000000e+00
5.56013956e-01 5.39372794e-01 4.75264736e-01 1.00000000e+00
6.01211973e-01 5.96139642e-01 5.21034054e-01 1.00000000e+00
6.19917978e-01 6.15270041e-01 5.36761135e-01 1.00000000e+00
6.11034258e-01 6.00285650e-01 5.17206341e-01 1.00000000e+00
6.36991696e-01 6.20701475e-01 5.41584542e-01 1.00000000e+00
5.48982881e-01 4.85862357e-01 4.30552325e-01 1.00000000e+00
5.24135398e-01 4.53404338e-01 4.05586501e-01 1.00000000e+00
5.36630552e-01 4.70029177e-01 4.21101385e-01 1.00000000e+00
5.90704128e-01 5.37344678e-01 4.94423701e-01 1.00000000e+00
5.89606415e-01 5.63420457e-01 5.22947910e-01 1.00000000e+00
5.85488972e-01 5.44339026e-01 5.06951501e-01 1.00000000e+00
5.83330273e-01 5.65844402e-01 5.29085307e-01 1.00000000e+00
5.93919732e-01 5.96939463e-01 5.58176736e-01 1.00000000e+00
6.33502683e-01 6.41892636e-01 6.00693722e-01 1.00000000e+00
5.93843534e-01 6.05792537e-01 5.80721093e-01 1.00000000e+00
5.64071339e-01 5.83480888e-01 5.73582485e-01 1.00000000e+00
5.38279036e-01 5.64582240e-01 5.71116632e-01 1.00000000e+00
4.49874518e-01 4.77374467e-01 4.83348636e-01 1.00000000e+00
3.85211483e-01 4.30944074e-01 4.29136316e-01 1.00000000e+00
8.36555059e-01 8.21550264e-01 8.12727755e-01 1.00000000e+00
8.67515456e-01 7.57152476e-01 7.68415254e-01 1.00000000e+00
8.73746710e-01 7.68766195e-01 7.68076554e-01 1.00000000e+00
8.80565587e-01 8.25467752e-01 8.29038379e-01 1.00000000e+00
8.67903124e-01 8.21431923e-01 8.06598519e-01 1.00000000e+00
8.31356226e-01 7.88782110e-01 7.65468976e-01 1.00000000e+00
7.88949420e-01 7.68194895e-01 7.36777458e-01 1.00000000e+00
7.37230418e-01 7.58344045e-01 7.22625533e-01 1.00000000e+00
8.23056049e-01 7.33002795e-01 7.25857461e-01 1.00000000e+00
7.40262390e-01 7.76695028e-01 7.51969966e-01 1.00000000e+00
4.35457346e-01 4.79492359e-01 4.76411418e-01 1.00000000e+00
5.33718258e-01 5.64113331e-01 5.68249525e-01 1.00000000e+00
5.61477179e-01 5.90169250e-01 5.90395540e-01 1.00000000e+00
5.75952689e-01 6.06791009e-01 6.08277053e-01 1.00000000e+00
4.78484422e-01 5.09824325e-01 5.08620514e-01 1.00000000e+00
3.68733550e-01 4.00554977e-01 4.00428475e-01 1.00000000e+00
3.25502438e-01 3.58086960e-01 3.49280774e-01 1.00000000e+00
4.36085777e-01 4.50947746e-01 4.35167615e-01 1.00000000e+00
4.68303034e-01 4.78672135e-01 4.59953888e-01 1.00000000e+00
6.06288384e-01 5.85937851e-01 5.52953419e-01 1.00000000e+00
6.54179674e-01 6.01917937e-01 5.58433821e-01 1.00000000e+00
6.25398380e-01 5.46089653e-01 4.95439799e-01 1.00000000e+00
6.06994348e-01 5.13235804e-01 4.67388954e-01 1.00000000e+00
6.44357389e-01 5.68276509e-01 5.15096611e-01 1.00000000e+00
7.13798943e-01 6.85535900e-01 6.15902552e-01 1.00000000e+00
7.33598580e-01 7.20593336e-01 6.52278060e-01 1.00000000e+00
6.99944910e-01 7.02013834e-01 6.32241742e-01 1.00000000e+00
6.89869621e-01 6.91559038e-01 6.19456857e-01 1.00000000e+00
6.37354880e-01 6.30299321e-01 5.68692742e-01 1.00000000e+00
5.92507804e-01 5.55046826e-01 4.97243476e-01 1.00000000e+00
5.22066475e-01 4.52367836e-01 4.04039909e-01 1.00000000e+00
4.78353839e-01 4.01322152e-01 3.45542837e-01 1.00000000e+00
5.05584461e-01 4.14139683e-01 3.55691579e-01 1.00000000e+00
5.11558630e-01 4.21733896e-01 3.68235702e-01 1.00000000e+00
4.68413213e-01 3.76584848e-01 3.29513783e-01 1.00000000e+00
4.62806309e-01 3.69325254e-01 3.20091408e-01 1.00000000e+00
5.19360960e-01 4.41982412e-01 3.83481259e-01 1.00000000e+00
5.46024362e-01 4.55020302e-01 3.89647222e-01 1.00000000e+00
5.22433739e-01 4.09348922e-01 3.39458489e-01 1.00000000e+00
5.81493950e-01 4.76982718e-01 4.03350268e-01 1.00000000e+00
6.00697803e-01 5.46913958e-01 4.97321010e-01 1.00000000e+00
5.37581359e-01 5.50664137e-01 5.36047010e-01 1.00000000e+00
5.67321622e-01 5.92764890e-01 5.71532921e-01 1.00000000e+00
5.86672380e-01 6.13964212e-01 5.90900002e-01 1.00000000e+00
5.55760952e-01 5.79261798e-01 5.55430414e-01 1.00000000e+00
5.58176736e-01 5.80318704e-01 5.61212789e-01 1.00000000e+00
5.04392891e-01 4.12389056e-01 3.98804350e-01 1.00000000e+00
5.47746424e-01 4.01248699e-01 3.92801616e-01 1.00000000e+00
5.19520108e-01 3.94103365e-01 3.88529106e-01 1.00000000e+00
5.03401277e-01 5.16541185e-01 4.80488054e-01 1.00000000e+00
5.04262308e-01 4.83075228e-01 4.37150844e-01 1.00000000e+00
5.10171186e-01 4.32449858e-01 3.68725388e-01 1.00000000e+00
5.37218176e-01 4.41827345e-01 3.67125747e-01 1.00000000e+00
5.03225806e-01 4.28258962e-01 3.71634939e-01 1.00000000e+00
4.66629940e-01 4.06684214e-01 3.57291220e-01 1.00000000e+00
4.20554569e-01 3.55834405e-01 3.11085267e-01 1.00000000e+00
4.23815062e-01 3.35112526e-01 2.80790027e-01 1.00000000e+00
4.26704209e-01 3.49395034e-01 3.04115403e-01 1.00000000e+00
4.52184157e-01 3.71233276e-01 3.20231888e-01 1.00000000e+00
4.58664894e-01 3.72301734e-01 3.15258191e-01 1.00000000e+00
4.56889573e-01 3.77501720e-01 3.28156676e-01 1.00000000e+00
3.97641460e-01 3.34712064e-01 2.91248207e-01 1.00000000e+00
3.57595269e-01 3.36359077e-01 2.94262286e-01 1.00000000e+00
4.33682235e-01 4.43912591e-01 3.89818612e-01 1.00000000e+00
4.64161107e-01 4.90955092e-01 4.65985187e-01 1.00000000e+00
4.75403481e-01 5.01728183e-01 4.72232764e-01 1.00000000e+00
5.45852972e-01 4.79467875e-01 4.29870845e-01 1.00000000e+00
5.55144763e-01 4.59207117e-01 3.99636816e-01 1.00000000e+00
5.73610006e-01 4.73603885e-01 4.16563629e-01 1.00000000e+00
5.48183061e-01 4.45797882e-01 3.98661525e-01 1.00000000e+00
5.32929342e-01 4.32972190e-01 3.84762604e-01 1.00000000e+00
5.45171492e-01 4.52106670e-01 3.98049417e-01 1.00000000e+00
4.37289588e-01 4.21252372e-01 3.93597356e-01 1.00000000e+00
4.88833119e-01 4.46936402e-01 4.13809145e-01 1.00000000e+00
4.34694252e-01 4.03464528e-01 3.81416417e-01 1.00000000e+00
3.93801542e-01 3.95376235e-01 3.80998705e-01 1.00000000e+00
3.27533798e-01 3.55453687e-01 3.49777793e-01 1.00000000e+00
2.47289778e-01 2.90413036e-01 2.93749052e-01 1.00000000e+00
2.74448593e-01 3.22874457e-01 3.17826610e-01 1.00000000e+00
4.75999265e-01 5.43922793e-01 5.22556161e-01 1.00000000e+00
5.47648487e-01 6.36710126e-01 6.13331701e-01 1.00000000e+00
5.79592336e-01 6.42296627e-01 6.41027524e-01 1.00000000e+00
5.95131705e-01 6.62084022e-01 6.58072678e-01 1.00000000e+00
6.65364918e-01 6.65511824e-01 6.66368774e-01 1.00000000e+00
6.02244394e-01 6.39382996e-01 6.13694885e-01 1.00000000e+00
5.99865336e-01 6.39823713e-01 6.18338740e-01 1.00000000e+00
5.99359327e-01 6.68780478e-01 6.47185326e-01 1.00000000e+00
6.22745914e-01 6.95015405e-01 6.73848728e-01 1.00000000e+00
6.02126053e-01 7.22772439e-01 7.14419212e-01 1.00000000e+00
5.88916774e-01 7.01911816e-01 6.97116974e-01 1.00000000e+00
5.31329701e-01 5.97420987e-01 5.77282651e-01 1.00000000e+00
4.16397802e-01 4.68129381e-01 4.54556695e-01 1.00000000e+00
3.79692293e-01 4.21751758e-01 4.13577352e-01 1.00000000e+00
3.94709032e-01 4.42880638e-01 4.33098879e-01 1.00000000e+00
4.82434556e-01 5.33986248e-01 5.17018628e-01 1.00000000e+00
5.55560997e-01 6.15755647e-01 5.95331660e-01 1.00000000e+00
5.17398135e-01 5.80049377e-01 5.59947767e-01 1.00000000e+00
5.58005346e-01 5.76503234e-01 5.51402746e-01 1.00000000e+00
6.29409724e-01 5.69566016e-01 5.16271857e-01 1.00000000e+00
6.40978556e-01 5.35822570e-01 4.72277652e-01 1.00000000e+00
6.49397074e-01 5.36047010e-01 4.75093346e-01 1.00000000e+00
6.50694742e-01 5.51410908e-01 4.84119891e-01 1.00000000e+00
6.58672543e-01 5.67839873e-01 4.92791414e-01 1.00000000e+00
6.45728510e-01 5.81489870e-01 5.12464549e-01 1.00000000e+00
5.33545531e-01 5.29354635e-01 4.93232132e-01 1.00000000e+00
4.48054518e-01 4.69947563e-01 4.38946359e-01 1.00000000e+00
4.78065111e-01 4.77754838e-01 4.30229439e-01 1.00000000e+00
3.75824381e-01 3.60684000e-01 3.21400660e-01 1.00000000e+00
3.80077218e-01 3.38820263e-01 3.03271862e-01 1.00000000e+00
4.76576734e-01 4.07889795e-01 3.62235364e-01 1.00000000e+00
5.34691069e-01 4.58086340e-01 4.08209399e-01 1.00000000e+00
5.29502747e-01 4.62824416e-01 4.16908703e-01 1.00000000e+00
5.27911724e-01 4.64077172e-01 4.20862932e-01 1.00000000e+00
5.46364792e-01 4.89293254e-01 4.41767855e-01 1.00000000e+00
5.36038848e-01 4.86384689e-01 4.37473220e-01 1.00000000e+00
5.63444941e-01 5.34712616e-01 4.84911550e-01 1.00000000e+00
6.15604660e-01 5.57687050e-01 5.00034686e-01 1.00000000e+00
6.36000082e-01 5.77009243e-01 5.26502214e-01 1.00000000e+00
6.28695599e-01 6.17783763e-01 5.85860317e-01 1.00000000e+00
5.85125788e-01 6.05039685e-01 5.84297403e-01 1.00000000e+00
5.83030642e-01 5.37182583e-01 5.25686158e-01 1.00000000e+00
5.34708535e-01 5.21638000e-01 5.08473608e-01 1.00000000e+00
5.31917325e-01 5.55071311e-01 5.23021363e-01 1.00000000e+00
4.18661117e-01 4.23586542e-01 3.98359552e-01 1.00000000e+00
3.78698659e-01 3.87884352e-01 3.64946645e-01 1.00000000e+00
4.42459856e-01 4.80304421e-01 4.53490033e-01 1.00000000e+00
5.17108164e-01 5.11439269e-01 4.89405233e-01 1.00000000e+00
4.90846952e-01 4.74768753e-01 4.58599573e-01 1.00000000e+00
4.71409408e-01 4.62054566e-01 4.42411730e-01 1.00000000e+00
4.93140171e-01 5.09614958e-01 4.80549626e-01 1.00000000e+00
5.48751327e-01 5.56046238e-01 5.20105913e-01 1.00000000e+00
5.41295447e-01 5.30158286e-01 4.88336774e-01 1.00000000e+00
5.36937630e-01 5.02247728e-01 4.50117227e-01 1.00000000e+00
5.21120715e-01 4.86507798e-01 4.38212549e-01 1.00000000e+00
5.26885257e-01 5.02429693e-01 4.56950228e-01 1.00000000e+00
4.99912517e-01 4.66176762e-01 4.23200476e-01 1.00000000e+00
4.82639885e-01 4.43286559e-01 4.04504788e-01 1.00000000e+00
4.66896417e-01 4.31157553e-01 3.94319469e-01 1.00000000e+00
4.50486112e-01 4.05179927e-01 3.66456413e-01 1.00000000e+00
4.25401141e-01 3.84948174e-01 3.50539334e-01 1.00000000e+00
2.16458457e-01 1.95567531e-01 1.73988406e-01 1.00000000e+00
2.15653614e-01 2.10931868e-01 1.76006345e-01 1.00000000e+00
2.93995226e-01 3.08326702e-01 2.76970476e-01 1.00000000e+00
3.97123095e-01 4.41109139e-01 4.18293852e-01 1.00000000e+00
4.88914733e-01 5.07898227e-01 4.77452001e-01 1.00000000e+00
5.75021934e-01 5.25718716e-01 4.67568505e-01 1.00000000e+00
6.02570851e-01 5.02658587e-01 4.32919141e-01 1.00000000e+00
5.84872784e-01 4.98357512e-01 4.42582277e-01 1.00000000e+00
6.69135500e-01 5.52924854e-01 4.74926037e-01 1.00000000e+00
6.65923976e-01 5.49945931e-01 4.79161821e-01 1.00000000e+00
5.67060456e-01 5.30321765e-01 4.84642223e-01 1.00000000e+00
6.09752913e-01 5.47636245e-01 4.95166391e-01 1.00000000e+00
5.93111750e-01 5.42694497e-01 4.97924956e-01 1.00000000e+00
5.43037277e-01 5.31468446e-01 4.92734284e-01 1.00000000e+00
4.78037116e-01 4.98076542e-01 4.73940582e-01 1.00000000e+00
4.70350282e-01 5.25991765e-01 5.10501452e-01 1.00000000e+00
5.38899431e-01 6.12421701e-01 5.87884352e-01 1.00000000e+00
5.55299831e-01 6.17898023e-01 5.94629777e-01 1.00000000e+00
6.64157026e-01 6.53237028e-01 6.44055416e-01 1.00000000e+00
6.93958499e-01 6.51245639e-01 6.55375324e-01 1.00000000e+00
6.83348636e-01 6.51657791e-01 6.55375324e-01 1.00000000e+00
6.49278733e-01 6.61398462e-01 6.65952541e-01 1.00000000e+00
5.97653588e-01 6.62855277e-01 6.43692232e-01 1.00000000e+00
6.24676093e-01 6.89343209e-01 6.70808594e-01 1.00000000e+00
6.22860174e-01 6.87421191e-01 6.64569178e-01 1.00000000e+00
6.22109322e-01 6.85837873e-01 6.56974965e-01 1.00000000e+00
7.32129522e-01 6.97451592e-01 6.93521862e-01 1.00000000e+00
8.12752239e-01 6.99879619e-01 7.03870560e-01 1.00000000e+00
6.25712595e-01 6.91987513e-01 6.68421375e-01 1.00000000e+00
6.11923854e-01 6.80581910e-01 6.58133888e-01 1.00000000e+00
5.76078665e-01 6.39192357e-01 6.18093805e-01 1.00000000e+00
6.05056008e-01 6.70367877e-01 6.48405460e-01 1.00000000e+00
5.81220542e-01 6.45173532e-01 6.24292506e-01 1.00000000e+00
5.95539777e-01 6.46973128e-01 6.25965600e-01 1.00000000e+00
5.94323723e-01 6.50523352e-01 6.29776989e-01 1.00000000e+00
6.16408561e-01 5.99857175e-01 5.57870682e-01 1.00000000e+00
6.93464732e-01 6.02672869e-01 5.33129298e-01 1.00000000e+00
7.91002020e-01 6.52702455e-01 5.79371978e-01 1.00000000e+00
6.90200159e-01 5.95286772e-01 5.27159209e-01 1.00000000e+00
6.64524290e-01 5.73475342e-01 5.02797331e-01 1.00000000e+00
6.97525045e-01 6.05133541e-01 5.35088041e-01 1.00000000e+00
5.51843464e-01 5.62743058e-01 5.30199343e-01 1.00000000e+00
4.70037339e-01 5.02683071e-01 4.77272449e-01 1.00000000e+00
3.26171397e-01 3.28490278e-01 2.85073077e-01 1.00000000e+00
2.25990598e-01 2.12137966e-01 1.81259988e-01 1.00000000e+00
2.90203077e-01 2.74444483e-01 2.50149887e-01 1.00000000e+00
2.29342945e-01 2.15490313e-01 1.99300136e-01 1.00000000e+00
4.20256383e-01 4.15315347e-01 3.86119373e-01 1.00000000e+00
5.49936429e-01 5.25352556e-01 4.84580840e-01 1.00000000e+00
5.52407902e-01 5.27571652e-01 4.90080149e-01 1.00000000e+00
5.83058637e-01 5.63124191e-01 5.21811247e-01 1.00000000e+00
5.98448636e-01 5.77639360e-01 5.42865475e-01 1.00000000e+00
6.08724965e-01 5.99902019e-01 5.66940780e-01 1.00000000e+00
6.33437146e-01 6.22561267e-01 5.89457722e-01 1.00000000e+00
6.11466097e-01 6.16855047e-01 5.88419592e-01 1.00000000e+00
6.17501254e-01 6.29270626e-01 6.02297885e-01 1.00000000e+00
6.01315743e-01 6.17244637e-01 6.01210764e-01 1.00000000e+00
5.65198120e-01 5.70682717e-01 5.57492622e-01 1.00000000e+00
5.15185872e-01 5.38365352e-01 5.21032065e-01 1.00000000e+00
5.44098264e-01 5.31394993e-01 5.12697150e-01 1.00000000e+00
5.68023505e-01 5.82444757e-01 5.55458979e-01 1.00000000e+00
5.35092122e-01 4.59443798e-01 4.39750260e-01 1.00000000e+00
5.34377997e-01 4.59374426e-01 4.38411785e-01 1.00000000e+00
5.02091367e-01 3.72932607e-01 3.58556242e-01 1.00000000e+00
5.06841321e-01 3.84130093e-01 3.68623370e-01 1.00000000e+00
4.94066324e-01 4.81356802e-01 4.61037431e-01 1.00000000e+00
4.68789586e-01 4.90347716e-01 4.72636503e-01 1.00000000e+00
4.44560311e-01 4.67123911e-01 4.47625713e-01 1.00000000e+00
4.78762641e-01 5.00584386e-01 4.82404265e-01 1.00000000e+00
4.85565315e-01 5.07265750e-01 4.89211604e-01 1.00000000e+00
5.20261789e-01 5.15160904e-01 4.95738548e-01 1.00000000e+00
5.32880156e-01 5.40362858e-01 5.13811910e-01 1.00000000e+00
5.67892594e-01 5.82720370e-01 5.50706279e-01 1.00000000e+00
5.08985081e-01 5.32129568e-01 5.06201957e-01 1.00000000e+00
4.64940337e-01 4.97591303e-01 4.72890786e-01 1.00000000e+00
4.64177485e-01 4.90231072e-01 4.59912984e-01 1.00000000e+00
7.36565650e-01 7.38852617e-01 7.11251983e-01 1.00000000e+00
7.35769954e-01 7.40727508e-01 7.19046640e-01 1.00000000e+00
2.19992768e-01 2.20750954e-01 2.08529004e-01 1.00000000e+00
2.19941445e-01 2.16780394e-01 2.05612905e-01 1.00000000e+00
1.56246865e-01 1.44323524e-01 1.22009541e-01 1.00000000e+00
3.05070511e-01 3.03124891e-01 2.67060923e-01 1.00000000e+00
4.37526270e-01 4.60606803e-01 4.34763624e-01 1.00000000e+00
4.43096448e-01 4.65883169e-01 4.41594744e-01 1.00000000e+00
5.30513558e-01 5.05164147e-01 4.59007162e-01 1.00000000e+00
6.14494705e-01 5.39948175e-01 4.73395768e-01 1.00000000e+00
5.95931526e-01 5.18703964e-01 4.54028687e-01 1.00000000e+00
6.42231336e-01 5.36793781e-01 4.69698639e-01 1.00000000e+00
6.97374059e-01 5.66330008e-01 4.89747200e-01 1.00000000e+00
6.59113260e-01 5.34043378e-01 4.67225725e-01 1.00000000e+00
6.36102100e-01 5.44485932e-01 4.82965049e-01 1.00000000e+00
6.57713575e-01 5.54377589e-01 4.88600518e-01 1.00000000e+00
5.93691212e-01 5.51557814e-01 5.07579931e-01 1.00000000e+00
5.57527902e-01 5.94882781e-01 5.69590500e-01 1.00000000e+00
5.37687458e-01 6.01130358e-01 5.79755565e-01 1.00000000e+00
5.17316521e-01 5.67578707e-01 5.48472792e-01 1.00000000e+00
5.51247679e-01 5.90593948e-01 5.72006284e-01 1.00000000e+00
7.35096203e-01 6.30246271e-01 6.35065598e-01 1.00000000e+00
7.77233682e-01 6.41390708e-01 6.46899676e-01 1.00000000e+00
7.77005162e-01 6.43055641e-01 6.47148599e-01 1.00000000e+00
7.80355430e-01 6.50278509e-01 6.56387342e-01 1.00000000e+00
5.66411622e-01 6.14853808e-01 5.93030136e-01 1.00000000e+00
5.33227235e-01 5.84611618e-01 5.56752566e-01 1.00000000e+00
5.38495440e-01 5.89173859e-01 5.53145212e-01 1.00000000e+00
5.35753198e-01 5.88802514e-01 5.45053151e-01 1.00000000e+00
6.40741874e-01 5.91536594e-01 5.68802922e-01 1.00000000e+00
7.10999572e-01 6.63442901e-01 6.52669809e-01 1.00000000e+00
6.63769358e-01 6.73856889e-01 6.61276040e-01 1.00000000e+00
5.35524678e-01 5.84007672e-01 5.62020771e-01 1.00000000e+00
5.72948930e-01 6.28838424e-01 6.07655424e-01 1.00000000e+00
5.86917223e-01 6.49319541e-01 6.24125196e-01 1.00000000e+00
6.13951970e-01 6.47507702e-01 6.18942686e-01 1.00000000e+00
5.92442513e-01 5.89312603e-01 5.52671849e-01 1.00000000e+00
6.11389280e-01 5.80975699e-01 5.39030014e-01 1.00000000e+00
7.06416927e-01 6.07067801e-01 5.38891269e-01 1.00000000e+00
7.18022485e-01 5.88590316e-01 5.12129930e-01 1.00000000e+00
7.35879700e-01 6.04819326e-01 5.17749077e-01 1.00000000e+00
7.01691457e-01 6.05647712e-01 5.35736875e-01 1.00000000e+00
6.52286221e-01 5.87904756e-01 5.34353512e-01 1.00000000e+00
5.97824978e-01 5.69406868e-01 5.24229255e-01 1.00000000e+00
5.02732040e-01 5.40409296e-01 5.06355716e-01 1.00000000e+00
4.05783206e-01 4.16068867e-01 3.76979156e-01 1.00000000e+00
2.77995124e-01 2.63358645e-01 2.31468197e-01 1.00000000e+00
2.97419521e-01 2.87814260e-01 2.58674929e-01 1.00000000e+00
2.40186164e-01 2.23380108e-01 1.82064831e-01 1.00000000e+00
7.61449326e-01 7.40104652e-01 7.38407871e-01 1.00000000e+00
8.14173925e-01 8.09884545e-01 7.99347635e-01 1.00000000e+00
8.43734817e-01 8.51444109e-01 8.32610884e-01 1.00000000e+00
8.05098777e-01 8.14459533e-01 7.91282124e-01 1.00000000e+00
8.07587039e-01 8.18689895e-01 7.90671915e-01 1.00000000e+00
8.19619436e-01 8.39126105e-01 8.13480458e-01 1.00000000e+00
8.26972509e-01 8.48557472e-01 8.30113136e-01 1.00000000e+00
6.64554647e-01 6.57032950e-01 6.47771261e-01 1.00000000e+00
6.12415579e-01 6.43951429e-01 6.22859876e-01 1.00000000e+00
6.06656444e-01 5.85078858e-01 5.70191441e-01 1.00000000e+00
6.11585074e-01 5.69863877e-01 5.57700248e-01 1.00000000e+00
6.34911526e-01 5.57303659e-01 5.47862500e-01 1.00000000e+00
6.03782824e-01 5.07779886e-01 4.96366122e-01 1.00000000e+00
5.71328885e-01 5.88700496e-01 5.62726735e-01 1.00000000e+00
5.46767052e-01 5.16292261e-01 4.99879619e-01 1.00000000e+00
5.35785844e-01 4.68592765e-01 4.49731693e-01 1.00000000e+00
4.93354553e-01 5.14431454e-01 4.87437514e-01 1.00000000e+00
4.17192059e-01 4.10018159e-01 3.90153231e-01 1.00000000e+00
4.33041562e-01 4.30091204e-01 4.08671523e-01 1.00000000e+00
4.82369264e-01 4.38726000e-01 4.24994389e-01 1.00000000e+00
5.45779240e-01 4.65663529e-01 4.55667145e-01 1.00000000e+00
5.50237370e-01 4.65637867e-01 4.55753461e-01 1.00000000e+00
5.51578481e-01 5.38436326e-01 5.25432231e-01 1.00000000e+00
5.40758885e-01 5.30428900e-01 5.11114999e-01 1.00000000e+00
7.55025794e-01 7.85169494e-01 7.76831023e-01 1.00000000e+00
7.40010855e-01 7.67845456e-01 7.58861997e-01 1.00000000e+00
7.62844692e-01 7.94822180e-01 7.80523895e-01 1.00000000e+00
7.35487509e-01 7.71189486e-01 7.53167765e-01 1.00000000e+00
7.22837525e-01 7.49142914e-01 7.28479062e-01 1.00000000e+00
7.56777379e-01 7.77269446e-01 7.54603180e-01 1.00000000e+00
7.54131032e-01 7.72144321e-01 7.53797999e-01 1.00000000e+00
7.44769222e-01 7.59149712e-01 7.41905771e-01 1.00000000e+00
5.67858103e-01 5.69128054e-01 5.38821000e-01 1.00000000e+00
2.11783369e-01 2.01626016e-01 1.87675403e-01 1.00000000e+00
2.00424584e-01 1.91932906e-01 1.76069333e-01 1.00000000e+00
2.05897517e-01 1.89672347e-01 1.58838693e-01 1.00000000e+00
3.25924111e-01 3.28788886e-01 2.86937047e-01 1.00000000e+00
3.61848106e-01 3.78010288e-01 3.51098203e-01 1.00000000e+00
4.06700537e-01 4.34559589e-01 4.07259595e-01 1.00000000e+00
4.05892555e-01 4.19489502e-01 3.92964845e-01 1.00000000e+00
4.89710473e-01 4.69090612e-01 4.30707392e-01 1.00000000e+00
6.26532819e-01 5.37356920e-01 4.75672808e-01 1.00000000e+00
6.85960295e-01 5.65505703e-01 4.93077064e-01 1.00000000e+00
6.54016445e-01 5.46342658e-01 4.77456081e-01 1.00000000e+00
6.89592132e-01 5.72218482e-01 4.97549530e-01 1.00000000e+00
6.78478030e-01 5.70479756e-01 4.99998834e-01 1.00000000e+00
5.63991757e-01 5.40723511e-01 4.97108812e-01 1.00000000e+00
4.68543796e-01 5.06241456e-01 4.84944196e-01 1.00000000e+00
4.30042235e-01 4.66789088e-01 4.46369182e-01 1.00000000e+00
4.46332456e-01 4.77247965e-01 4.58648059e-01 1.00000000e+00
5.14725266e-01 5.64130501e-01 5.42506784e-01 1.00000000e+00
5.82567179e-01 6.14625288e-01 6.02248475e-01 1.00000000e+00
5.67435882e-01 5.99816368e-01 5.86815205e-01 1.00000000e+00
6.08773541e-01 6.24561833e-01 6.18355063e-01 1.00000000e+00
5.60380323e-01 5.49431760e-01 5.30007549e-01 1.00000000e+00
5.09171410e-01 5.45465304e-01 5.07196344e-01 1.00000000e+00
5.19193650e-01 5.59400951e-01 5.19299749e-01 1.00000000e+00
5.20168942e-01 5.58095122e-01 5.15598539e-01 1.00000000e+00
5.29085307e-01 5.61339291e-01 5.22299076e-01 1.00000000e+00
5.20413785e-01 5.63526555e-01 5.23796699e-01 1.00000000e+00
5.81461305e-01 6.62116668e-01 6.39897166e-01 1.00000000e+00
6.41913040e-01 6.67319581e-01 6.58342005e-01 1.00000000e+00
6.16131073e-01 5.92940360e-01 5.73785477e-01 1.00000000e+00
4.93281100e-01 5.24241497e-01 5.02989125e-01 1.00000000e+00
4.95709127e-01 5.20642305e-01 5.02209708e-01 1.00000000e+00
5.45098039e-01 5.68211218e-01 5.40327682e-01 1.00000000e+00
6.48381566e-01 5.96339714e-01 5.46731054e-01 1.00000000e+00
6.78006978e-01 6.07320806e-01 5.55050907e-01 1.00000000e+00
6.87355900e-01 6.11295423e-01 5.57629920e-01 1.00000000e+00
6.86845810e-01 6.02836098e-01 5.47077187e-01 1.00000000e+00
6.53212544e-01 5.87231438e-01 5.26424680e-01 1.00000000e+00
5.17394054e-01 5.09306074e-01 4.78859848e-01 1.00000000e+00
5.17059173e-01 5.21111383e-01 4.91518820e-01 1.00000000e+00
4.80092382e-01 5.00605382e-01 4.60255917e-01 1.00000000e+00
4.32219384e-01 4.30549043e-01 3.84815294e-01 1.00000000e+00
2.72725152e-01 2.53686531e-01 2.22577597e-01 1.00000000e+00
2.82714429e-01 2.67891301e-01 2.40170521e-01 1.00000000e+00
2.75295984e-01 2.60689832e-01 2.20200394e-01 1.00000000e+00
7.05634686e-01 6.78539924e-01 6.36389122e-01 1.00000000e+00
8.07036902e-01 7.49422198e-01 7.45212915e-01 1.00000000e+00
8.49204568e-01 8.47183184e-01 8.36965606e-01 1.00000000e+00
8.20787159e-01 8.50975123e-01 8.39447545e-01 1.00000000e+00
8.41316113e-01 8.68786063e-01 8.59494865e-01 1.00000000e+00
8.30698052e-01 8.50049797e-01 8.44164809e-01 1.00000000e+00
8.41751374e-01 8.73417962e-01 8.63267833e-01 1.00000000e+00
8.60207302e-01 8.84497631e-01 8.76112789e-01 1.00000000e+00
8.76480600e-01 8.97209795e-01 8.92639023e-01 1.00000000e+00
6.28797051e-01 6.48824812e-01 6.30761335e-01 1.00000000e+00
6.12021323e-01 5.59923482e-01 5.54172936e-01 1.00000000e+00
5.97338186e-01 5.58551749e-01 5.45804901e-01 1.00000000e+00
5.20968762e-01 5.40286874e-01 5.25718716e-01 1.00000000e+00
5.87035563e-01 6.06178205e-01 5.80865520e-01 1.00000000e+00
5.24898492e-01 5.24812797e-01 4.94901145e-01 1.00000000e+00
5.16859481e-01 5.04996837e-01 4.82577381e-01 1.00000000e+00
5.17092081e-01 4.80353390e-01 4.56550570e-01 1.00000000e+00
4.85809308e-01 3.88455653e-01 3.74915835e-01 1.00000000e+00
5.05498766e-01 4.24247618e-01 4.12083002e-01 1.00000000e+00
4.87796617e-01 4.37767032e-01 4.20868785e-01 1.00000000e+00
5.02609325e-01 5.07860634e-01 4.90751303e-01 1.00000000e+00
4.99620907e-01 5.01946787e-01 4.81690404e-01 1.00000000e+00
4.82560567e-01 4.98083540e-01 4.76383105e-01 1.00000000e+00
8.11156605e-01 8.41437311e-01 8.32994504e-01 1.00000000e+00
7.94718898e-01 8.24579098e-01 8.15889678e-01 1.00000000e+00
7.76645536e-01 8.04749935e-01 7.97817369e-01 1.00000000e+00
7.58149559e-01 7.81882374e-01 7.74760106e-01 1.00000000e+00
7.76786759e-01 8.07145454e-01 7.97479067e-01 1.00000000e+00
4.83848316e-01 5.08007605e-01 4.77670854e-01 1.00000000e+00
3.81474612e-01 3.91762606e-01 3.68417492e-01 1.00000000e+00
3.71888815e-01 3.79794940e-01 3.53988639e-01 1.00000000e+00
2.21630449e-01 2.13593683e-01 2.00739522e-01 1.00000000e+00
1.84031447e-01 1.73085582e-01 1.50766934e-01 1.00000000e+00
2.05904515e-01 1.92049550e-01 1.62673945e-01 1.00000000e+00
2.00676535e-01 1.90234571e-01 1.68419825e-01 1.00000000e+00
2.37585300e-01 2.22278430e-01 2.00972751e-01 1.00000000e+00
3.10361480e-01 3.08840443e-01 2.67714129e-01 1.00000000e+00
3.67962581e-01 3.75560766e-01 3.48408394e-01 1.00000000e+00
3.77616032e-01 3.89835649e-01 3.66044955e-01 1.00000000e+00
3.76050670e-01 3.96421365e-01 3.73603481e-01 1.00000000e+00
3.84957600e-01 4.00611214e-01 3.78920111e-01 1.00000000e+00
4.58424607e-01 4.57085535e-01 4.22652249e-01 1.00000000e+00
5.48961286e-01 5.07750989e-01 4.61189068e-01 1.00000000e+00
6.22421295e-01 5.54137943e-01 4.94987811e-01 1.00000000e+00
5.37362214e-01 4.97952899e-01 4.64051510e-01 1.00000000e+00
3.91577401e-01 4.13882598e-01 3.92071168e-01 1.00000000e+00
4.22692865e-01 4.49939809e-01 4.32278468e-01 1.00000000e+00
4.31307730e-01 4.57365095e-01 4.40350024e-01 1.00000000e+00
4.66576891e-01 4.73726306e-01 4.63006264e-01 1.00000000e+00
6.53632858e-01 5.51272163e-01 5.55238620e-01 1.00000000e+00
6.60182408e-01 5.73740589e-01 5.70524984e-01 1.00000000e+00
6.65193528e-01 5.74752607e-01 5.79922874e-01 1.00000000e+00
5.77021485e-01 5.77641754e-01 5.66615658e-01 1.00000000e+00
4.92689396e-01 5.20303605e-01 4.86152088e-01 1.00000000e+00
